*** Error in `/home/sebastian/raytracing/build/mctPlenoscopePropagation': munmap_chunk(): invalid pointer: 0x0000000000c87ad0 ***
======= Backtrace: =========
/lib/x86_64-linux-gnu/libc.so.6(+0x77725)[0x7f01c8c87725]
/lib/x86_64-linux-gnu/libc.so.6(cfree+0x1a8)[0x7f01c8c93c18]
/home/sebastian/raytracing/build/mctPlenoscopePropagation(main+0x39d8)[0x410e38]
/lib/x86_64-linux-gnu/libc.so.6(__libc_start_main+0xf0)[0x7f01c8c30830]
/home/sebastian/raytracing/build/mctPlenoscopePropagation(_start+0x29)[0x412369]
======= Memory map: ========
00400000-00432000 r-xp 00000000 00:2a 54001989                           /home/sebastian/raytracing/build/mctPlenoscopePropagation
00632000-00633000 r--p 00032000 00:2a 54001989                           /home/sebastian/raytracing/build/mctPlenoscopePropagation
00633000-00634000 rw-p 00033000 00:2a 54001989                           /home/sebastian/raytracing/build/mctPlenoscopePropagation
00634000-00635000 rw-p 00000000 00:00 0 
008da000-016b4000 rw-p 00000000 00:00 0                                  [heap]
7f01b032d000-7f01b032e000 ---p 00000000 00:00 0 
7f01b032e000-7f01b0b2e000 rw-p 00000000 00:00 0 
7f01b0b2e000-7f01b23e4000 r-xp 00000000 08:01 5772156                    /usr/lib/x86_64-linux-gnu/libicudata.so.55.1
7f01b23e4000-7f01b25e3000 ---p 018b6000 08:01 5772156                    /usr/lib/x86_64-linux-gnu/libicudata.so.55.1
7f01b25e3000-7f01b25e4000 r--p 018b5000 08:01 5772156                    /usr/lib/x86_64-linux-gnu/libicudata.so.55.1
7f01b25e4000-7f01b25e5000 rw-p 018b6000 08:01 5772156                    /usr/lib/x86_64-linux-gnu/libicudata.so.55.1
7f01b25e5000-7f01b25e8000 r-xp 00000000 08:01 57937886                   /lib/x86_64-linux-gnu/libkeyutils.so.1.5
7f01b25e8000-7f01b27e7000 ---p 00003000 08:01 57937886                   /lib/x86_64-linux-gnu/libkeyutils.so.1.5
7f01b27e7000-7f01b27e8000 r--p 00002000 08:01 57937886                   /lib/x86_64-linux-gnu/libkeyutils.so.1.5
7f01b27e8000-7f01b27e9000 rw-p 00003000 08:01 57937886                   /lib/x86_64-linux-gnu/libkeyutils.so.1.5
7f01b27e9000-7f01b27ed000 r-xp 00000000 08:01 57934447                   /lib/x86_64-linux-gnu/libuuid.so.1.3.0
7f01b27ed000-7f01b29ec000 ---p 00004000 08:01 57934447                   /lib/x86_64-linux-gnu/libuuid.so.1.3.0
7f01b29ec000-7f01b29ed000 r--p 00003000 08:01 57934447                   /lib/x86_64-linux-gnu/libuuid.so.1.3.0
7f01b29ed000-7f01b29ee000 rw-p 00004000 08:01 57934447                   /lib/x86_64-linux-gnu/libuuid.so.1.3.0
7f01b29ee000-7f01b2b6d000 r-xp 00000000 08:01 5772152                    /usr/lib/x86_64-linux-gnu/libicuuc.so.55.1
7f01b2b6d000-7f01b2d6d000 ---p 0017f000 08:01 5772152                    /usr/lib/x86_64-linux-gnu/libicuuc.so.55.1
7f01b2d6d000-7f01b2d7d000 r--p 0017f000 08:01 5772152                    /usr/lib/x86_64-linux-gnu/libicuuc.so.55.1
7f01b2d7d000-7f01b2d7e000 rw-p 0018f000 08:01 5772152                    /usr/lib/x86_64-linux-gnu/libicuuc.so.55.1
7f01b2d7e000-7f01b2d82000 rw-p 00000000 00:00 0 
7f01b2d82000-7f01b2d8c000 r-xp 00000000 08:01 5772817                    /usr/lib/x86_64-linux-gnu/libkrb5support.so.0.1
7f01b2d8c000-7f01b2f8b000 ---p 0000a000 08:01 5772817                    /usr/lib/x86_64-linux-gnu/libkrb5support.so.0.1
7f01b2f8b000-7f01b2f8c000 r--p 00009000 08:01 5772817                    /usr/lib/x86_64-linux-gnu/libkrb5support.so.0.1
7f01b2f8c000-7f01b2f8d000 rw-p 0000a000 08:01 5772817                    /usr/lib/x86_64-linux-gnu/libkrb5support.so.0.1
7f01b2f8d000-7f01b2f90000 r-xp 00000000 08:01 57934335                   /lib/x86_64-linux-gnu/libcom_err.so.2.1
7f01b2f90000-7f01b318f000 ---p 00003000 08:01 57934335                   /lib/x86_64-linux-gnu/libcom_err.so.2.1
7f01b318f000-7f01b3190000 r--p 00002000 08:01 57934335                   /lib/x86_64-linux-gnu/libcom_err.so.2.1
7f01b3190000-7f01b3191000 rw-p 00003000 08:01 57934335                   /lib/x86_64-linux-gnu/libcom_err.so.2.1
7f01b3191000-7f01b31bd000 r-xp 00000000 08:01 5772819                    /usr/lib/x86_64-linux-gnu/libk5crypto.so.3.1
7f01b31bd000-7f01b33bc000 ---p 0002c000 08:01 5772819                    /usr/lib/x86_64-linux-gnu/libk5crypto.so.3.1
7f01b33bc000-7f01b33be000 r--p 0002b000 08:01 5772819                    /usr/lib/x86_64-linux-gnu/libk5crypto.so.3.1
7f01b33be000-7f01b33bf000 rw-p 0002d000 08:01 5772819                    /usr/lib/x86_64-linux-gnu/libk5crypto.so.3.1
7f01b33bf000-7f01b33c0000 rw-p 00000000 00:00 0 
7f01b33c0000-7f01b3483000 r-xp 00000000 08:01 5772821                    /usr/lib/x86_64-linux-gnu/libkrb5.so.3.3
7f01b3483000-7f01b3683000 ---p 000c3000 08:01 5772821                    /usr/lib/x86_64-linux-gnu/libkrb5.so.3.3
7f01b3683000-7f01b3690000 r--p 000c3000 08:01 5772821                    /usr/lib/x86_64-linux-gnu/libkrb5.so.3.3
7f01b3690000-7f01b3692000 rw-p 000d0000 08:01 5772821                    /usr/lib/x86_64-linux-gnu/libkrb5.so.3.3
7f01b3692000-7f01b36a4000 r-xp 00000000 08:01 57934358                   /lib/x86_64-linux-gnu/libgpg-error.so.0.17.0
7f01b36a4000-7f01b38a4000 ---p 00012000 08:01 57934358                   /lib/x86_64-linux-gnu/libgpg-error.so.0.17.0
7f01b38a4000-7f01b38a5000 r--p 00012000 08:01 57934358                   /lib/x86_64-linux-gnu/libgpg-error.so.0.17.0
7f01b38a5000-7f01b38a6000 rw-p 00013000 08:01 57934358                   /lib/x86_64-linux-gnu/libgpg-error.so.0.17.0
7f01b38a6000-7f01b38bc000 r-xp 00000000 08:01 5773734                    /usr/lib/x86_64-linux-gnu/libICE.so.6.3.0
7f01b38bc000-7f01b3abb000 ---p 00016000 08:01 5773734                    /usr/lib/x86_64-linux-gnu/libICE.so.6.3.0
7f01b3abb000-7f01b3abc000 r--p 00015000 08:01 5773734                    /usr/lib/x86_64-linux-gnu/libICE.so.6.3.0
7f01b3abc000-7f01b3abd000 rw-p 00016000 08:01 5773734                    /usr/lib/x86_64-linux-gnu/libICE.so.6.3.0
7f01b3abd000-7f01b3ac0000 rw-p 00000000 00:00 0 
7f01b3ac0000-7f01b3ac7000 r-xp 00000000 08:01 5773771                    /usr/lib/x86_64-linux-gnu/libSM.so.6.0.1
7f01b3ac7000-7f01b3cc6000 ---p 00007000 08:01 5773771                    /usr/lib/x86_64-linux-gnu/libSM.so.6.0.1
7f01b3cc6000-7f01b3cc7000 r--p 00006000 08:01 5773771                    /usr/lib/x86_64-linux-gnu/libSM.so.6.0.1
7f01b3cc7000-7f01b3cc8000 rw-p 00007000 08:01 5773771                    /usr/lib/x86_64-linux-gnu/libSM.so.6.0.1
7f01b3cc8000-7f01b3cce000 r-xp 00000000 08:01 5773873                    /usr/lib/x86_64-linux-gnu/libdatrie.so.1.3.3
7f01b3cce000-7f01b3ece000 ---p 00006000 08:01 5773873                    /usr/lib/x86_64-linux-gnu/libdatrie.so.1.3.3
7f01b3ece000-7f01b3ecf000 r--p 00006000 08:01 5773873                    /usr/lib/x86_64-linux-gnu/libdatrie.so.1.3.3
7f01b3ecf000-7f01b3ed0000 rw-p 00007000 08:01 5773873                    /usr/lib/x86_64-linux-gnu/libdatrie.so.1.3.3
7f01b3ed0000-7f01b3ef3000 r-xp 00000000 08:01 5774239                    /usr/lib/x86_64-linux-gnu/libgraphite2.so.3.0.1
7f01b3ef3000-7f01b40f2000 ---p 00023000 08:01 5774239                    /usr/lib/x86_64-linux-gnu/libgraphite2.so.3.0.1
7f01b40f2000-7f01b40f4000 r--p 00022000 08:01 5774239                    /usr/lib/x86_64-linux-gnu/libgraphite2.so.3.0.1
7f01b40f4000-7f01b40f5000 rw-p 00024000 08:01 5774239                    /usr/lib/x86_64-linux-gnu/libgraphite2.so.3.0.1
7f01b40f5000-7f01b4106000 r-xp 00000000 08:01 5769552                    /usr/lib/x86_64-linux-gnu/libtasn1.so.6.5.1
7f01b4106000-7f01b4306000 ---p 00011000 08:01 5769552                    /usr/lib/x86_64-linux-gnu/libtasn1.so.6.5.1
7f01b4306000-7f01b4307000 r--p 00011000 08:01 5769552                    /usr/lib/x86_64-linux-gnu/libtasn1.so.6.5.1
7f01b4307000-7f01b4308000 rw-p 00012000 08:01 5769552                    /usr/lib/x86_64-linux-gnu/libtasn1.so.6.5.1
7f01b4308000-7f01b4339000 r-xp 00000000 08:01 5769524                    /usr/lib/x86_64-linux-gnu/libidn.so.11.6.15
7f01b4339000-7f01b4539000 ---p 00031000 08:01 5769524                    /usr/lib/x86_64-linux-gnu/libidn.so.11.6.15
7f01b4539000-7f01b453a000 r--p 00031000 08:01 5769524                    /usr/lib/x86_64-linux-gnu/libidn.so.11.6.15
7f01b453a000-7f01b453b000 rw-p 00032000 08:01 5769524                    /usr/lib/x86_64-linux-gnu/libidn.so.11.6.15
7f01b453b000-7f01b4595000 r-xp 00000000 08:01 5769538                    /usr/lib/x86_64-linux-gnu/libp11-kit.so.0.1.0
7f01b4595000-7f01b4794000 ---p 0005a000 08:01 5769538                    /usr/lib/x86_64-linux-gnu/libp11-kit.so.0.1.0
7f01b4794000-7f01b479e000 r--p 00059000 08:01 5769538                    /usr/lib/x86_64-linux-gnu/libp11-kit.so.0.1.0
7f01b479e000-7f01b47a0000 rw-p 00063000 08:01 5769538                    /usr/lib/x86_64-linux-gnu/libp11-kit.so.0.1.0
7f01b47a0000-7f01b4950000 r-xp 00000000 08:01 5772165                    /usr/lib/x86_64-linux-gnu/libxml2.so.2.9.3
7f01b4950000-7f01b4b4f000 ---p 001b0000 08:01 5772165                    /usr/lib/x86_64-linux-gnu/libxml2.so.2.9.3
7f01b4b4f000-7f01b4b57000 r--p 001af000 08:01 5772165                    /usr/lib/x86_64-linux-gnu/libxml2.so.2.9.3
7f01b4b57000-7f01b4b59000 rw-p 001b7000 08:01 5772165                    /usr/lib/x86_64-linux-gnu/libxml2.so.2.9.3
7f01b4b59000-7f01b4b5a000 rw-p 00000000 00:00 0 
7f01b4b5a000-7f01b4bd9000 r-xp 00000000 08:01 5769516                    /usr/lib/x86_64-linux-gnu/libgmp.so.10.3.0
7f01b4bd9000-7f01b4dd8000 ---p 0007f000 08:01 5769516                    /usr/lib/x86_64-linux-gnu/libgmp.so.10.3.0
7f01b4dd8000-7f01b4dd9000 r--p 0007e000 08:01 5769516                    /usr/lib/x86_64-linux-gnu/libgmp.so.10.3.0
7f01b4dd9000-7f01b4dda000 rw-p 0007f000 08:01 5769516                    /usr/lib/x86_64-linux-gnu/libgmp.so.10.3.0
7f01b4dda000-7f01b4e0e000 r-xp 00000000 08:01 5769536                    /usr/lib/x86_64-linux-gnu/libnettle.so.6.2
7f01b4e0e000-7f01b500d000 ---p 00034000 08:01 5769536                    /usr/lib/x86_64-linux-gnu/libnettle.so.6.2
7f01b500d000-7f01b500f000 r--p 00033000 08:01 5769536                    /usr/lib/x86_64-linux-gnu/libnettle.so.6.2
7f01b500f000-7f01b5010000 rw-p 00035000 08:01 5769536                    /usr/lib/x86_64-linux-gnu/libnettle.so.6.2
7f01b5010000-7f01b5042000 r-xp 00000000 08:01 5769522                    /usr/lib/x86_64-linux-gnu/libhogweed.so.4.2
7f01b5042000-7f01b5241000 ---p 00032000 08:01 5769522                    /usr/lib/x86_64-linux-gnu/libhogweed.so.4.2
7f01b5241000-7f01b5242000 r--p 00031000 08:01 5769522                    /usr/lib/x86_64-linux-gnu/libhogweed.so.4.2
7f01b5242000-7f01b5243000 rw-p 00032000 08:01 5769522                    /usr/lib/x86_64-linux-gnu/libhogweed.so.4.2
7f01b5243000-7f01b528a000 r-xp 00000000 08:01 5772823                    /usr/lib/x86_64-linux-gnu/libgssapi_krb5.so.2.2
7f01b528a000-7f01b5489000 ---p 00047000 08:01 5772823                    /usr/lib/x86_64-linux-gnu/libgssapi_krb5.so.2.2
7f01b5489000-7f01b548b000 r--p 00046000 08:01 5772823                    /usr/lib/x86_64-linux-gnu/libgssapi_krb5.so.2.2
7f01b548b000-7f01b548d000 rw-p 00048000 08:01 5772823                    /usr/lib/x86_64-linux-gnu/libgssapi_krb5.so.2.2
7f01b548d000-7f01b5565000 r-xp 00000000 08:01 57934356                   /lib/x86_64-linux-gnu/libgcrypt.so.20.0.5
7f01b5565000-7f01b5764000 ---p 000d8000 08:01 57934356                   /lib/x86_64-linux-gnu/libgcrypt.so.20.0.5
7f01b5764000-7f01b5765000 r--p 000d7000 08:01 57934356                   /lib/x86_64-linux-gnu/libgcrypt.so.20.0.5
7f01b5765000-7f01b576d000 rw-p 000d8000 08:01 57934356                   /lib/x86_64-linux-gnu/libgcrypt.so.20.0.5
7f01b576d000-7f01b576e000 rw-p 00000000 00:00 0 
7f01b576e000-7f01b57e9000 r-xp 00000000 08:01 5773765                    /usr/lib/x86_64-linux-gnu/liborc-0.4.so.0.25.0
7f01b57e9000-7f01b59e8000 ---p 0007b000 08:01 5773765                    /usr/lib/x86_64-linux-gnu/liborc-0.4.so.0.25.0
7f01b59e8000-7f01b59ea000 r--p 0007a000 08:01 5773765                    /usr/lib/x86_64-linux-gnu/liborc-0.4.so.0.25.0
7f01b59ea000-7f01b59ee000 rw-p 0007c000 08:01 5773765                    /usr/lib/x86_64-linux-gnu/liborc-0.4.so.0.25.0
7f01b59ee000-7f01b59f5000 r-xp 00000000 08:01 5773738                    /usr/lib/x86_64-linux-gnu/libogg.so.0.8.2
7f01b59f5000-7f01b5bf5000 ---p 00007000 08:01 5773738                    /usr/lib/x86_64-linux-gnu/libogg.so.0.8.2
7f01b5bf5000-7f01b5bf6000 r--p 00007000 08:01 5773738                    /usr/lib/x86_64-linux-gnu/libogg.so.0.8.2
7f01b5bf6000-7f01b5bf7000 rw-p 00008000 08:01 5773738                    /usr/lib/x86_64-linux-gnu/libogg.so.0.8.2
7f01b5bf7000-7f01b5c01000 r-xp 00000000 08:01 5772899                    /usr/lib/x86_64-linux-gnu/libnuma.so.1.0.0
7f01b5c01000-7f01b5e00000 ---p 0000a000 08:01 5772899                    /usr/lib/x86_64-linux-gnu/libnuma.so.1.0.0
7f01b5e00000-7f01b5e01000 r--p 00009000 08:01 5772899                    /usr/lib/x86_64-linux-gnu/libnuma.so.1.0.0
7f01b5e01000-7f01b5e02000 rw-p 0000a000 08:01 5772899                    /usr/lib/x86_64-linux-gnu/libnuma.so.1.0.0
7f01b5e02000-7f01b5e30000 r-xp 00000000 08:01 5774339                    /usr/lib/x86_64-linux-gnu/libsoxr.so.0.1.1
7f01b5e30000-7f01b602f000 ---p 0002e000 08:01 5774339                    /usr/lib/x86_64-linux-gnu/libsoxr.so.0.1.1
7f01b602f000-7f01b6031000 r--p 0002d000 08:01 5774339                    /usr/lib/x86_64-linux-gnu/libsoxr.so.0.1.1
7f01b6031000-7f01b6032000 rw-p 0002f000 08:01 5774339                    /usr/lib/x86_64-linux-gnu/libsoxr.so.0.1.1
7f01b6032000-7f01b6067000 rw-p 00000000 00:00 0 
7f01b6067000-7f01b608c000 r-xp 00000000 08:01 5774494                    /usr/lib/x86_64-linux-gnu/libv4lconvert.so.0.0.0
7f01b608c000-7f01b628c000 ---p 00025000 08:01 5774494                    /usr/lib/x86_64-linux-gnu/libv4lconvert.so.0.0.0
7f01b628c000-7f01b628e000 r--p 00025000 08:01 5774494                    /usr/lib/x86_64-linux-gnu/libv4lconvert.so.0.0.0
7f01b628e000-7f01b628f000 rw-p 00027000 08:01 5774494                    /usr/lib/x86_64-linux-gnu/libv4lconvert.so.0.0.0
7f01b628f000-7f01b62e1000 rw-p 00000000 00:00 0 
7f01b62e1000-7f01b6343000 r-xp 00000000 08:01 5774482                    /usr/lib/x86_64-linux-gnu/libXt.so.6.0.0
7f01b6343000-7f01b6543000 ---p 00062000 08:01 5774482                    /usr/lib/x86_64-linux-gnu/libXt.so.6.0.0
7f01b6543000-7f01b6544000 r--p 00062000 08:01 5774482                    /usr/lib/x86_64-linux-gnu/libXt.so.6.0.0
7f01b6544000-7f01b6549000 rw-p 00063000 08:01 5774482                    /usr/lib/x86_64-linux-gnu/libXt.so.6.0.0
7f01b6549000-7f01b654a000 rw-p 00000000 00:00 0 
7f01b654a000-7f01b6552000 r-xp 00000000 08:01 5773875                    /usr/lib/x86_64-linux-gnu/libthai.so.0.2.4
7f01b6552000-7f01b6751000 ---p 00008000 08:01 5773875                    /usr/lib/x86_64-linux-gnu/libthai.so.0.2.4
7f01b6751000-7f01b6752000 r--p 00007000 08:01 5773875                    /usr/lib/x86_64-linux-gnu/libthai.so.0.2.4
7f01b6752000-7f01b6753000 rw-p 00008000 08:01 5773875                    /usr/lib/x86_64-linux-gnu/libthai.so.0.2.4
7f01b6753000-7f01b67af000 r-xp 00000000 08:01 5774242                    /usr/lib/x86_64-linux-gnu/libharfbuzz.so.0.10000.1
7f01b67af000-7f01b69af000 ---p 0005c000 08:01 5774242                    /usr/lib/x86_64-linux-gnu/libharfbuzz.so.0.10000.1
7f01b69af000-7f01b69b0000 r--p 0005c000 08:01 5774242                    /usr/lib/x86_64-linux-gnu/libharfbuzz.so.0.10000.1
7f01b69b0000-7f01b69b1000 rw-p 0005d000 08:01 5774242                    /usr/lib/x86_64-linux-gnu/libharfbuzz.so.0.10000.1
7f01b69b1000-7f01b69c8000 r-xp 00000000 08:01 57934419                   /lib/x86_64-linux-gnu/libresolv-2.23.so
7f01b69c8000-7f01b6bc8000 ---p 00017000 08:01 57934419                   /lib/x86_64-linux-gnu/libresolv-2.23.so
7f01b6bc8000-7f01b6bc9000 r--p 00017000 08:01 57934419                   /lib/x86_64-linux-gnu/libresolv-2.23.so
7f01b6bc9000-7f01b6bca000 rw-p 00018000 08:01 57934419                   /lib/x86_64-linux-gnu/libresolv-2.23.so
7f01b6bca000-7f01b6bcc000 rw-p 00000000 00:00 0 
7f01b6bcc000-7f01b6beb000 r-xp 00000000 08:01 57934425                   /lib/x86_64-linux-gnu/libselinux.so.1
7f01b6beb000-7f01b6dea000 ---p 0001f000 08:01 57934425                   /lib/x86_64-linux-gnu/libselinux.so.1
7f01b6dea000-7f01b6deb000 r--p 0001e000 08:01 57934425                   /lib/x86_64-linux-gnu/libselinux.so.1
7f01b6deb000-7f01b6dec000 rw-p 0001f000 08:01 57934425                   /lib/x86_64-linux-gnu/libselinux.so.1
7f01b6dec000-7f01b6dee000 rw-p 00000000 00:00 0 
7f01b6dee000-7f01b6df6000 r-xp 00000000 08:01 5774233                    /usr/lib/x86_64-linux-gnu/libxcb-render.so.0.0.0
7f01b6df6000-7f01b6ff6000 ---p 00008000 08:01 5774233                    /usr/lib/x86_64-linux-gnu/libxcb-render.so.0.0.0
7f01b6ff6000-7f01b6ff7000 r--p 00008000 08:01 5774233                    /usr/lib/x86_64-linux-gnu/libxcb-render.so.0.0.0
7f01b6ff7000-7f01b6ff8000 rw-p 00009000 08:01 5774233                    /usr/lib/x86_64-linux-gnu/libxcb-render.so.0.0.0
7f01b6ff8000-7f01b6ffa000 r-xp 00000000 08:01 5774235                    /usr/lib/x86_64-linux-gnu/libxcb-shm.so.0.0.0
7f01b6ffa000-7f01b71fa000 ---p 00002000 08:01 5774235                    /usr/lib/x86_64-linux-gnu/libxcb-shm.so.0.0.0
7f01b71fa000-7f01b71fb000 r--p 00002000 08:01 5774235                    /usr/lib/x86_64-linux-gnu/libxcb-shm.so.0.0.0
7f01b71fb000-7f01b71fc000 rw-p 00003000 08:01 5774235                    /usr/lib/x86_64-linux-gnu/libxcb-shm.so.0.0.0
7f01b71fc000-7f01b729b000 r-xp 00000000 08:01 5774231                    /usr/lib/x86_64-linux-gnu/libpixman-1.so.0.33.6
7f01b729b000-7f01b749b000 ---p 0009f000 08:01 5774231                    /usr/lib/x86_64-linux-gnu/libpixman-1.so.0.33.6
7f01b749b000-7f01b74a3000 r--p 0009f000 08:01 5774231                    /usr/lib/x86_64-linux-gnu/libpixman-1.so.0.33.6
7f01b74a3000-7f01b74a4000 rw-p 000a7000 08:01 5774231                    /usr/lib/x86_64-linux-gnu/libpixman-1.so.0.33.6
7f01b74a4000-7f01b7548000 r-xp 00000000 08:01 5772064                    /usr/lib/x86_64-linux-gnu/libfreetype.so.6.12.1
7f01b7548000-7f01b7747000 ---p 000a4000 08:01 5772064                    /usr/lib/x86_64-linux-gnu/libfreetype.so.6.12.1
7f01b7747000-7f01b774d000 r--p 000a3000 08:01 5772064                    /usr/lib/x86_64-linux-gnu/libfreetype.so.6.12.1
7f01b774d000-7f01b774e000 rw-p 000a9000 08:01 5772064                    /usr/lib/x86_64-linux-gnu/libfreetype.so.6.12.1
7f01b774e000-7f01b7753000 r-xp 00000000 08:01 5772750                    /usr/lib/x86_64-linux-gnu/libXdmcp.so.6.0.0
7f01b7753000-7f01b7952000 ---p 00005000 08:01 5772750                    /usr/lib/x86_64-linux-gnu/libXdmcp.so.6.0.0
7f01b7952000-7f01b7953000 r--p 00004000 08:01 5772750                    /usr/lib/x86_64-linux-gnu/libXdmcp.so.6.0.0
7f01b7953000-7f01b7954000 rw-p 00005000 08:01 5772750                    /usr/lib/x86_64-linux-gnu/libXdmcp.so.6.0.0
7f01b7954000-7f01b7956000 r-xp 00000000 08:01 5772748                    /usr/lib/x86_64-linux-gnu/libXau.so.6.0.0
7f01b7956000-7f01b7b56000 ---p 00002000 08:01 5772748                    /usr/lib/x86_64-linux-gnu/libXau.so.6.0.0
7f01b7b56000-7f01b7b57000 r--p 00002000 08:01 5772748                    /usr/lib/x86_64-linux-gnu/libXau.so.6.0.0
7f01b7b57000-7f01b7b58000 rw-p 00003000 08:01 5772748                    /usr/lib/x86_64-linux-gnu/libXau.so.6.0.0
7f01b7b58000-7f01b7b67000 r-xp 00000000 08:01 57934327                   /lib/x86_64-linux-gnu/libbz2.so.1.0.4
7f01b7b67000-7f01b7d66000 ---p 0000f000 08:01 57934327                   /lib/x86_64-linux-gnu/libbz2.so.1.0.4
7f01b7d66000-7f01b7d67000 r--p 0000e000 08:01 57934327                   /lib/x86_64-linux-gnu/libbz2.so.1.0.4
7f01b7d67000-7f01b7d68000 rw-p 0000f000 08:01 57934327                   /lib/x86_64-linux-gnu/libbz2.so.1.0.4
7f01b7d68000-7f01b7e8c000 r-xp 00000000 08:01 5769520                    /usr/lib/x86_64-linux-gnu/libgnutls.so.30.6.2
7f01b7e8c000-7f01b808b000 ---p 00124000 08:01 5769520                    /usr/lib/x86_64-linux-gnu/libgnutls.so.30.6.2
7f01b808b000-7f01b8096000 r--p 00123000 08:01 5769520                    /usr/lib/x86_64-linux-gnu/libgnutls.so.30.6.2
7f01b8096000-7f01b8098000 rw-p 0012e000 08:01 5769520                    /usr/lib/x86_64-linux-gnu/libgnutls.so.30.6.2
7f01b8098000-7f01b8099000 rw-p 00000000 00:00 0 
7f01b8099000-7f01b80e0000 r-xp 00000000 08:01 5774386                    /usr/lib/x86_64-linux-gnu/libbluray.so.1.9.2
7f01b80e0000-7f01b82df000 ---p 00047000 08:01 5774386                    /usr/lib/x86_64-linux-gnu/libbluray.so.1.9.2
7f01b82df000-7f01b82e1000 r--p 00046000 08:01 5774386                    /usr/lib/x86_64-linux-gnu/libbluray.so.1.9.2
7f01b82e1000-7f01b82e2000 rw-p 00048000 08:01 5774386                    /usr/lib/x86_64-linux-gnu/libbluray.so.1.9.2
7f01b82e2000-7f01b832c000 r-xp 00000000 08:01 5774388                    /usr/lib/x86_64-linux-gnu/libgme.so.0.6.0
7f01b832c000-7f01b852c000 ---p 0004a000 08:01 5774388                    /usr/lib/x86_64-linux-gnu/libgme.so.0.6.0
7f01b852c000-7f01b852f000 r--p 0004a000 08:01 5774388                    /usr/lib/x86_64-linux-gnu/libgme.so.0.6.0
7f01b852f000-7f01b8530000 rw-p 0004d000 08:01 5774388                    /usr/lib/x86_64-linux-gnu/libgme.so.0.6.0
7f01b8530000-7f01b857a000 r-xp 00000000 08:01 5774390                    /usr/lib/x86_64-linux-gnu/libmodplug.so.1.0.0
7f01b857a000-7f01b877a000 ---p 0004a000 08:01 5774390                    /usr/lib/x86_64-linux-gnu/libmodplug.so.1.0.0
7f01b877a000-7f01b877b000 r--p 0004a000 08:01 5774390                    /usr/lib/x86_64-linux-gnu/libmodplug.so.1.0.0
7f01b877b000-7f01b877c000 rw-p 0004b000 08:01 5774390                    /usr/lib/x86_64-linux-gnu/libmodplug.so.1.0.0
7f01b877c000-7f01b88bb000 rw-p 00000000 00:00 0 
7f01b88bb000-7f01b88d6000 r-xp 00000000 08:01 5772850                    /usr/lib/x86_64-linux-gnu/librtmp.so.1
7f01b88d6000-7f01b8ad5000 ---p 0001b000 08:01 5772850                    /usr/lib/x86_64-linux-gnu/librtmp.so.1
7f01b8ad5000-7f01b8ad6000 r--p 0001a000 08:01 5772850                    /usr/lib/x86_64-linux-gnu/librtmp.so.1
7f01b8ad6000-7f01b8ad7000 rw-p 0001b000 08:01 5772850                    /usr/lib/x86_64-linux-gnu/librtmp.so.1
7f01b8ad7000-7f01b8b1f000 r-xp 00000000 08:01 5774392                    /usr/lib/x86_64-linux-gnu/libssh-gcrypt.so.4.4.1
7f01b8b1f000-7f01b8d1e000 ---p 00048000 08:01 5774392                    /usr/lib/x86_64-linux-gnu/libssh-gcrypt.so.4.4.1
7f01b8d1e000-7f01b8d1f000 r--p 00047000 08:01 5774392                    /usr/lib/x86_64-linux-gnu/libssh-gcrypt.so.4.4.1
7f01b8d1f000-7f01b8d20000 rw-p 00048000 08:01 5774392                    /usr/lib/x86_64-linux-gnu/libssh-gcrypt.so.4.4.1
7f01b8d20000-7f01b8d3a000 r-xp 00000000 08:01 5769549                    /usr/lib/x86_64-linux-gnu/libcrystalhd.so.3.6
7f01b8d3a000-7f01b8f39000 ---p 0001a000 08:01 5769549                    /usr/lib/x86_64-linux-gnu/libcrystalhd.so.3.6
7f01b8f39000-7f01b8f3a000 r--p 00019000 08:01 5769549                    /usr/lib/x86_64-linux-gnu/libcrystalhd.so.3.6
7f01b8f3a000-7f01b8f3b000 rw-p 0001a000 08:01 5769549                    /usr/lib/x86_64-linux-gnu/libcrystalhd.so.3.6
7f01b8f3b000-7f01b8f48000 r-xp 00000000 08:01 5771305                    /usr/lib/x86_64-linux-gnu/libgsm.so.1.0.12
7f01b8f48000-7f01b9147000 ---p 0000d000 08:01 5771305                    /usr/lib/x86_64-linux-gnu/libgsm.so.1.0.12
7f01b9147000-7f01b9148000 r--p 0000c000 08:01 5771305                    /usr/lib/x86_64-linux-gnu/libgsm.so.1.0.12
7f01b9148000-7f01b9149000 rw-p 0000d000 08:01 5771305                    /usr/lib/x86_64-linux-gnu/libgsm.so.1.0.12
7f01b9149000-7f01b918e000 r-xp 00000000 08:01 5774325                    /usr/lib/x86_64-linux-gnu/libmp3lame.so.0.0.0
7f01b918e000-7f01b938e000 ---p 00045000 08:01 5774325                    /usr/lib/x86_64-linux-gnu/libmp3lame.so.0.0.0
7f01b938e000-7f01b938f000 r--p 00045000 08:01 5774325                    /usr/lib/x86_64-linux-gnu/libmp3lame.so.0.0.0
7f01b938f000-7f01b9390000 rw-p 00046000 08:01 5774325                    /usr/lib/x86_64-linux-gnu/libmp3lame.so.0.0.0
7f01b9390000-7f01b93be000 rw-p 00000000 00:00 0 
7f01b93be000-7f01b93e0000 r-xp 00000000 08:01 5774328                    /usr/lib/x86_64-linux-gnu/libopenjpeg.so.1.5.2
7f01b93e0000-7f01b95df000 ---p 00022000 08:01 5774328                    /usr/lib/x86_64-linux-gnu/libopenjpeg.so.1.5.2
7f01b95df000-7f01b95e0000 r--p 00021000 08:01 5774328                    /usr/lib/x86_64-linux-gnu/libopenjpeg.so.1.5.2
7f01b95e0000-7f01b95e1000 rw-p 00022000 08:01 5774328                    /usr/lib/x86_64-linux-gnu/libopenjpeg.so.1.5.2
7f01b95e1000-7f01b962a000 r-xp 00000000 08:01 5774331                    /usr/lib/x86_64-linux-gnu/libopus.so.0.5.2
7f01b962a000-7f01b9829000 ---p 00049000 08:01 5774331                    /usr/lib/x86_64-linux-gnu/libopus.so.0.5.2
7f01b9829000-7f01b982a000 r--p 00048000 08:01 5774331                    /usr/lib/x86_64-linux-gnu/libopus.so.0.5.2
7f01b982a000-7f01b982b000 rw-p 00049000 08:01 5774331                    /usr/lib/x86_64-linux-gnu/libopus.so.0.5.2
7f01b982b000-7f01b98fc000 r-xp 00000000 08:01 5773769                    /usr/lib/x86_64-linux-gnu/libschroedinger-1.0.so.0.11.0
7f01b98fc000-7f01b9afc000 ---p 000d1000 08:01 5773769                    /usr/lib/x86_64-linux-gnu/libschroedinger-1.0.so.0.11.0
7f01b9afc000-7f01b9afe000 r--p 000d1000 08:01 5773769                    /usr/lib/x86_64-linux-gnu/libschroedinger-1.0.so.0.11.0
7f01b9afe000-7f01b9aff000 rw-p 000d3000 08:01 5773769                    /usr/lib/x86_64-linux-gnu/libschroedinger-1.0.so.0.11.0
7f01b9aff000-7f01b9b00000 rw-p 00000000 00:00 0 
7f01b9b00000-7f01b9b0c000 r-xp 00000000 08:01 5774333                    /usr/lib/x86_64-linux-gnu/libshine.so.3.0.1
7f01b9b0c000-7f01b9d0b000 ---p 0000c000 08:01 5774333                    /usr/lib/x86_64-linux-gnu/libshine.so.3.0.1
7f01b9d0b000-7f01b9d0c000 r--p 0000b000 08:01 5774333                    /usr/lib/x86_64-linux-gnu/libshine.so.3.0.1
7f01b9d0c000-7f01b9d0d000 rw-p 0000c000 08:01 5774333                    /usr/lib/x86_64-linux-gnu/libshine.so.3.0.1
7f01b9d0d000-7f01b9d14000 r-xp 00000000 08:01 5774335                    /usr/lib/x86_64-linux-gnu/libsnappy.so.1.3.0
7f01b9d14000-7f01b9f13000 ---p 00007000 08:01 5774335                    /usr/lib/x86_64-linux-gnu/libsnappy.so.1.3.0
7f01b9f13000-7f01b9f14000 r--p 00006000 08:01 5774335                    /usr/lib/x86_64-linux-gnu/libsnappy.so.1.3.0
7f01b9f14000-7f01b9f15000 rw-p 00007000 08:01 5774335                    /usr/lib/x86_64-linux-gnu/libsnappy.so.1.3.0
7f01b9f15000-7f01b9f2c000 r-xp 00000000 08:01 5774337                    /usr/lib/x86_64-linux-gnu/libspeex.so.1.5.0
7f01b9f2c000-7f01ba12c000 ---p 00017000 08:01 5774337                    /usr/lib/x86_64-linux-gnu/libspeex.so.1.5.0
7f01ba12c000-7f01ba12d000 r--p 00017000 08:01 5774337                    /usr/lib/x86_64-linux-gnu/libspeex.so.1.5.0
7f01ba12d000-7f01ba12e000 rw-p 00018000 08:01 5774337                    /usr/lib/x86_64-linux-gnu/libspeex.so.1.5.0
7f01ba12e000-7f01ba147000 r-xp 00000000 08:01 5774345                    /usr/lib/x86_64-linux-gnu/libtheoradec.so.1.1.4
7f01ba147000-7f01ba346000 ---p 00019000 08:01 5774345                    /usr/lib/x86_64-linux-gnu/libtheoradec.so.1.1.4
7f01ba346000-7f01ba347000 r--p 00018000 08:01 5774345                    /usr/lib/x86_64-linux-gnu/libtheoradec.so.1.1.4
7f01ba347000-7f01ba348000 rw-p 00019000 08:01 5774345                    /usr/lib/x86_64-linux-gnu/libtheoradec.so.1.1.4
7f01ba348000-7f01ba386000 r-xp 00000000 08:01 5774343                    /usr/lib/x86_64-linux-gnu/libtheoraenc.so.1.1.2
7f01ba386000-7f01ba585000 ---p 0003e000 08:01 5774343                    /usr/lib/x86_64-linux-gnu/libtheoraenc.so.1.1.2
7f01ba585000-7f01ba586000 r--p 0003d000 08:01 5774343                    /usr/lib/x86_64-linux-gnu/libtheoraenc.so.1.1.2
7f01ba586000-7f01ba587000 rw-p 0003e000 08:01 5774343                    /usr/lib/x86_64-linux-gnu/libtheoraenc.so.1.1.2
7f01ba587000-7f01ba5a5000 r-xp 00000000 08:01 5774349                    /usr/lib/x86_64-linux-gnu/libtwolame.so.0.0.0
7f01ba5a5000-7f01ba7a4000 ---p 0001e000 08:01 5774349                    /usr/lib/x86_64-linux-gnu/libtwolame.so.0.0.0
7f01ba7a4000-7f01ba7a5000 r--p 0001d000 08:01 5774349                    /usr/lib/x86_64-linux-gnu/libtwolame.so.0.0.0
7f01ba7a5000-7f01ba7a6000 rw-p 0001e000 08:01 5774349                    /usr/lib/x86_64-linux-gnu/libtwolame.so.0.0.0
7f01ba7a6000-7f01ba7aa000 rw-p 00000000 00:00 0 
7f01ba7aa000-7f01ba7d4000 r-xp 00000000 08:01 5774353                    /usr/lib/x86_64-linux-gnu/libvorbis.so.0.4.8
7f01ba7d4000-7f01ba9d4000 ---p 0002a000 08:01 5774353                    /usr/lib/x86_64-linux-gnu/libvorbis.so.0.4.8
7f01ba9d4000-7f01ba9d5000 r--p 0002a000 08:01 5774353                    /usr/lib/x86_64-linux-gnu/libvorbis.so.0.4.8
7f01ba9d5000-7f01ba9d6000 rw-p 0002b000 08:01 5774353                    /usr/lib/x86_64-linux-gnu/libvorbis.so.0.4.8
7f01ba9d6000-7f01baa63000 r-xp 00000000 08:01 5774355                    /usr/lib/x86_64-linux-gnu/libvorbisenc.so.2.0.11
7f01baa63000-7f01bac62000 ---p 0008d000 08:01 5774355                    /usr/lib/x86_64-linux-gnu/libvorbisenc.so.2.0.11
7f01bac62000-7f01bac7e000 r--p 0008c000 08:01 5774355                    /usr/lib/x86_64-linux-gnu/libvorbisenc.so.2.0.11
7f01bac7e000-7f01bac7f000 rw-p 000a8000 08:01 5774355                    /usr/lib/x86_64-linux-gnu/libvorbisenc.so.2.0.11
7f01bac7f000-7f01bae9e000 r-xp 00000000 08:01 5774357                    /usr/lib/x86_64-linux-gnu/libvpx.so.3.0.0
7f01bae9e000-7f01bb09d000 ---p 0021f000 08:01 5774357                    /usr/lib/x86_64-linux-gnu/libvpx.so.3.0.0
7f01bb09d000-7f01bb09f000 r--p 0021e000 08:01 5774357                    /usr/lib/x86_64-linux-gnu/libvpx.so.3.0.0
7f01bb09f000-7f01bb0a0000 rw-p 00220000 08:01 5774357                    /usr/lib/x86_64-linux-gnu/libvpx.so.3.0.0
7f01bb0a0000-7f01bb0a3000 rw-p 00000000 00:00 0 
7f01bb0a3000-7f01bb0cb000 r-xp 00000000 08:01 5774360                    /usr/lib/x86_64-linux-gnu/libwavpack.so.1.1.7
7f01bb0cb000-7f01bb2ca000 ---p 00028000 08:01 5774360                    /usr/lib/x86_64-linux-gnu/libwavpack.so.1.1.7
7f01bb2ca000-7f01bb2cb000 r--p 00027000 08:01 5774360                    /usr/lib/x86_64-linux-gnu/libwavpack.so.1.1.7
7f01bb2cb000-7f01bb2cc000 rw-p 00028000 08:01 5774360                    /usr/lib/x86_64-linux-gnu/libwavpack.so.1.1.7
7f01bb2cc000-7f01bb325000 r-xp 00000000 08:01 5774362                    /usr/lib/x86_64-linux-gnu/libwebp.so.5.0.4
7f01bb325000-7f01bb525000 ---p 00059000 08:01 5774362                    /usr/lib/x86_64-linux-gnu/libwebp.so.5.0.4
7f01bb525000-7f01bb526000 r--p 00059000 08:01 5774362                    /usr/lib/x86_64-linux-gnu/libwebp.so.5.0.4
7f01bb526000-7f01bb528000 rw-p 0005a000 08:01 5774362                    /usr/lib/x86_64-linux-gnu/libwebp.so.5.0.4
7f01bb528000-7f01bb650000 r-xp 00000000 08:01 5774364                    /usr/lib/x86_64-linux-gnu/libx264.so.148
7f01bb650000-7f01bb84f000 ---p 00128000 08:01 5774364                    /usr/lib/x86_64-linux-gnu/libx264.so.148
7f01bb84f000-7f01bb850000 r--p 00127000 08:01 5774364                    /usr/lib/x86_64-linux-gnu/libx264.so.148
7f01bb850000-7f01bb851000 rw-p 00128000 08:01 5774364                    /usr/lib/x86_64-linux-gnu/libx264.so.148
7f01bb851000-7f01bb8cc000 rw-p 00000000 00:00 0 
7f01bb8cc000-7f01bc2d9000 r-xp 00000000 08:01 5774365                    /usr/lib/x86_64-linux-gnu/libx265.so.79
7f01bc2d9000-7f01bc4d8000 ---p 00a0d000 08:01 5774365                    /usr/lib/x86_64-linux-gnu/libx265.so.79
7f01bc4d8000-7f01bc4db000 r--p 00a0c000 08:01 5774365                    /usr/lib/x86_64-linux-gnu/libx265.so.79
7f01bc4db000-7f01bc4de000 rw-p 00a0f000 08:01 5774365                    /usr/lib/x86_64-linux-gnu/libx265.so.79
7f01bc4de000-7f01bc4eb000 rw-p 00000000 00:00 0 
7f01bc4eb000-7f01bc58c000 r-xp 00000000 08:01 5774366                    /usr/lib/x86_64-linux-gnu/libxvidcore.so.4.3
7f01bc58c000-7f01bc78b000 ---p 000a1000 08:01 5774366                    /usr/lib/x86_64-linux-gnu/libxvidcore.so.4.3
7f01bc78b000-7f01bc78c000 r--p 000a0000 08:01 5774366                    /usr/lib/x86_64-linux-gnu/libxvidcore.so.4.3
7f01bc78c000-7f01bc796000 rw-p 000a1000 08:01 5774366                    /usr/lib/x86_64-linux-gnu/libxvidcore.so.4.3
7f01bc796000-7f01bc7ff000 rw-p 00000000 00:00 0 
7f01bc7ff000-7f01bc876000 r-xp 00000000 08:01 5774368                    /usr/lib/x86_64-linux-gnu/libzvbi.so.0.13.2
7f01bc876000-7f01bca75000 ---p 00077000 08:01 5774368                    /usr/lib/x86_64-linux-gnu/libzvbi.so.0.13.2
7f01bca75000-7f01bca7e000 r--p 00076000 08:01 5774368                    /usr/lib/x86_64-linux-gnu/libzvbi.so.0.13.2
7f01bca7e000-7f01bca8a000 rw-p 0007f000 08:01 5774368                    /usr/lib/x86_64-linux-gnu/libzvbi.so.0.13.2
7f01bca8a000-7f01bcaa5000 r-xp 00000000 08:01 5774351                    /usr/lib/x86_64-linux-gnu/libva.so.1.3900.0
7f01bcaa5000-7f01bcca4000 ---p 0001b000 08:01 5774351                    /usr/lib/x86_64-linux-gnu/libva.so.1.3900.0
7f01bcca4000-7f01bcca5000 r--p 0001a000 08:01 5774351                    /usr/lib/x86_64-linux-gnu/libva.so.1.3900.0
7f01bcca5000-7f01bcca6000 rw-p 0001b000 08:01 5774351                    /usr/lib/x86_64-linux-gnu/libva.so.1.3900.0
7f01bcca6000-7f01bccc0000 r-xp 00000000 08:01 5774341                    /usr/lib/x86_64-linux-gnu/libswresample-ffmpeg.so.1.2.101
7f01bccc0000-7f01bcebf000 ---p 0001a000 08:01 5774341                    /usr/lib/x86_64-linux-gnu/libswresample-ffmpeg.so.1.2.101
7f01bcebf000-7f01bcec1000 r--p 00019000 08:01 5774341                    /usr/lib/x86_64-linux-gnu/libswresample-ffmpeg.so.1.2.101
7f01bcec1000-7f01bcec2000 rw-p 0001b000 08:01 5774341                    /usr/lib/x86_64-linux-gnu/libswresample-ffmpeg.so.1.2.101
7f01bcec2000-7f01bcecb000 r-xp 00000000 08:01 5774496                    /usr/lib/x86_64-linux-gnu/libv4l2.so.0.0.0
7f01bcecb000-7f01bd0ca000 ---p 00009000 08:01 5774496                    /usr/lib/x86_64-linux-gnu/libv4l2.so.0.0.0
7f01bd0ca000-7f01bd0cb000 r--p 00008000 08:01 5774496                    /usr/lib/x86_64-linux-gnu/libv4l2.so.0.0.0
7f01bd0cb000-7f01bd0d0000 rw-p 00009000 08:01 5774496                    /usr/lib/x86_64-linux-gnu/libv4l2.so.0.0.0
7f01bd0d0000-7f01bd0e7000 r-xp 00000000 08:01 57937863                   /lib/x86_64-linux-gnu/libusb-1.0.so.0.1.0
7f01bd0e7000-7f01bd2e6000 ---p 00017000 08:01 57937863                   /lib/x86_64-linux-gnu/libusb-1.0.so.0.1.0
7f01bd2e6000-7f01bd2e7000 r--p 00016000 08:01 57937863                   /lib/x86_64-linux-gnu/libusb-1.0.so.0.1.0
7f01bd2e7000-7f01bd2e8000 rw-p 00017000 08:01 57937863                   /lib/x86_64-linux-gnu/libusb-1.0.so.0.1.0
7f01bd2e8000-7f01bd2f5000 r-xp 00000000 08:01 5774476                    /usr/lib/x86_64-linux-gnu/libraw1394.so.11.1.0
7f01bd2f5000-7f01bd4f5000 ---p 0000d000 08:01 5774476                    /usr/lib/x86_64-linux-gnu/libraw1394.so.11.1.0
7f01bd4f5000-7f01bd4f6000 r--p 0000d000 08:01 5774476                    /usr/lib/x86_64-linux-gnu/libraw1394.so.11.1.0
7f01bd4f6000-7f01bd4f7000 rw-p 0000e000 08:01 5774476                    /usr/lib/x86_64-linux-gnu/libraw1394.so.11.1.0
7f01bd4f7000-7f01bd515000 r-xp 00000000 08:01 5773879                    /usr/lib/x86_64-linux-gnu/libpangox-1.0.so.0.0.0
7f01bd515000-7f01bd715000 ---p 0001e000 08:01 5773879                    /usr/lib/x86_64-linux-gnu/libpangox-1.0.so.0.0.0
7f01bd715000-7f01bd716000 r--p 0001e000 08:01 5773879                    /usr/lib/x86_64-linux-gnu/libpangox-1.0.so.0.0.0
7f01bd716000-7f01bd717000 rw-p 0001f000 08:01 5773879                    /usr/lib/x86_64-linux-gnu/libpangox-1.0.so.0.0.0
7f01bd717000-7f01bd72f000 r-xp 00000000 08:01 5774484                    /usr/lib/x86_64-linux-gnu/libXmu.so.6.2.0
7f01bd72f000-7f01bd92e000 ---p 00018000 08:01 5774484                    /usr/lib/x86_64-linux-gnu/libXmu.so.6.2.0
7f01bd92e000-7f01bd92f000 r--p 00017000 08:01 5774484                    /usr/lib/x86_64-linux-gnu/libXmu.so.6.2.0
7f01bd92f000-7f01bd930000 rw-p 00018000 08:01 5774484                    /usr/lib/x86_64-linux-gnu/libXmu.so.6.2.0
7f01bd930000-7f01bd99d000 r-xp 00000000 08:01 5774480                    /usr/lib/x86_64-linux-gnu/libGLU.so.1.3.1
7f01bd99d000-7f01bdb9d000 ---p 0006d000 08:01 5774480                    /usr/lib/x86_64-linux-gnu/libGLU.so.1.3.1
7f01bdb9d000-7f01bdb9e000 r--p 0006d000 08:01 5774480                    /usr/lib/x86_64-linux-gnu/libGLU.so.1.3.1
7f01bdb9e000-7f01bdb9f000 rw-p 0006e000 08:01 5774480                    /usr/lib/x86_64-linux-gnu/libGLU.so.1.3.1
7f01bdb9f000-7f01bdc0d000 r-xp 00000000 08:01 57934408                   /lib/x86_64-linux-gnu/libpcre.so.3.13.2
7f01bdc0d000-7f01bde0d000 ---p 0006e000 08:01 57934408                   /lib/x86_64-linux-gnu/libpcre.so.3.13.2
7f01bde0d000-7f01bde0e000 r--p 0006e000 08:01 57934408                   /lib/x86_64-linux-gnu/libpcre.so.3.13.2
7f01bde0e000-7f01bde0f000 rw-p 0006f000 08:01 57934408                   /lib/x86_64-linux-gnu/libpcre.so.3.13.2
7f01bde0f000-7f01bde16000 r-xp 00000000 08:01 5769508                    /usr/lib/x86_64-linux-gnu/libffi.so.6.0.4
7f01bde16000-7f01be015000 ---p 00007000 08:01 5769508                    /usr/lib/x86_64-linux-gnu/libffi.so.6.0.4
7f01be015000-7f01be016000 r--p 00006000 08:01 5769508                    /usr/lib/x86_64-linux-gnu/libffi.so.6.0.4
7f01be016000-7f01be017000 rw-p 00007000 08:01 5769508                    /usr/lib/x86_64-linux-gnu/libffi.so.6.0.4
7f01be017000-7f01be019000 r-xp 00000000 08:01 5773775                    /usr/lib/x86_64-linux-gnu/libXcomposite.so.1.0.0
7f01be019000-7f01be218000 ---p 00002000 08:01 5773775                    /usr/lib/x86_64-linux-gnu/libXcomposite.so.1.0.0
7f01be218000-7f01be219000 r--p 00001000 08:01 5773775                    /usr/lib/x86_64-linux-gnu/libXcomposite.so.1.0.0
7f01be219000-7f01be21a000 rw-p 00002000 08:01 5773775                    /usr/lib/x86_64-linux-gnu/libXcomposite.so.1.0.0
7f01be21a000-7f01be223000 r-xp 00000000 08:01 5773779                    /usr/lib/x86_64-linux-gnu/libXcursor.so.1.0.2
7f01be223000-7f01be422000 ---p 00009000 08:01 5773779                    /usr/lib/x86_64-linux-gnu/libXcursor.so.1.0.2
7f01be422000-7f01be423000 r--p 00008000 08:01 5773779                    /usr/lib/x86_64-linux-gnu/libXcursor.so.1.0.2
7f01be423000-7f01be424000 rw-p 00009000 08:01 5773779                    /usr/lib/x86_64-linux-gnu/libXcursor.so.1.0.2
7f01be424000-7f01be42e000 r-xp 00000000 08:01 5774257                    /usr/lib/x86_64-linux-gnu/libXrandr.so.2.2.0
7f01be42e000-7f01be62d000 ---p 0000a000 08:01 5774257                    /usr/lib/x86_64-linux-gnu/libXrandr.so.2.2.0
7f01be62d000-7f01be62e000 r--p 00009000 08:01 5774257                    /usr/lib/x86_64-linux-gnu/libXrandr.so.2.2.0
7f01be62e000-7f01be62f000 rw-p 0000a000 08:01 5774257                    /usr/lib/x86_64-linux-gnu/libXrandr.so.2.2.0
7f01be62f000-7f01be63e000 r-xp 00000000 08:01 5774255                    /usr/lib/x86_64-linux-gnu/libXi.so.6.1.0
7f01be63e000-7f01be83d000 ---p 0000f000 08:01 5774255                    /usr/lib/x86_64-linux-gnu/libXi.so.6.1.0
7f01be83d000-7f01be83e000 r--p 0000e000 08:01 5774255                    /usr/lib/x86_64-linux-gnu/libXi.so.6.1.0
7f01be83e000-7f01be83f000 rw-p 0000f000 08:01 5774255                    /usr/lib/x86_64-linux-gnu/libXi.so.6.1.0
7f01be83f000-7f01be841000 r-xp 00000000 08:01 5773783                    /usr/lib/x86_64-linux-gnu/libXinerama.so.1.0.0
7f01be841000-7f01bea40000 ---p 00002000 08:01 5773783                    /usr/lib/x86_64-linux-gnu/libXinerama.so.1.0.0
7f01bea40000-7f01bea41000 r--p 00001000 08:01 5773783                    /usr/lib/x86_64-linux-gnu/libXinerama.so.1.0.0
7f01bea41000-7f01bea42000 rw-p 00002000 08:01 5773783                    /usr/lib/x86_64-linux-gnu/libXinerama.so.1.0.0
7f01bea42000-7f01bea4b000 r-xp 00000000 08:01 5773777                    /usr/lib/x86_64-linux-gnu/libXrender.so.1.3.0
7f01bea4b000-7f01bec4a000 ---p 00009000 08:01 5773777                    /usr/lib/x86_64-linux-gnu/libXrender.so.1.3.0
7f01bec4a000-7f01bec4b000 r--p 00008000 08:01 5773777                    /usr/lib/x86_64-linux-gnu/libXrender.so.1.3.0
7f01bec4b000-7f01bec4c000 rw-p 00009000 08:01 5773777                    /usr/lib/x86_64-linux-gnu/libXrender.so.1.3.0
7f01bec4c000-7f01bec89000 r-xp 00000000 08:01 5769505                    /usr/lib/x86_64-linux-gnu/libfontconfig.so.1.9.0
7f01bec89000-7f01bee88000 ---p 0003d000 08:01 5769505                    /usr/lib/x86_64-linux-gnu/libfontconfig.so.1.9.0
7f01bee88000-7f01bee8a000 r--p 0003c000 08:01 5769505                    /usr/lib/x86_64-linux-gnu/libfontconfig.so.1.9.0
7f01bee8a000-7f01bee8f000 rw-p 0003e000 08:01 5769505                    /usr/lib/x86_64-linux-gnu/libfontconfig.so.1.9.0
7f01bee8f000-7f01beed8000 r-xp 00000000 08:01 5773877                    /usr/lib/x86_64-linux-gnu/libpango-1.0.so.0.3800.1
7f01beed8000-7f01bf0d8000 ---p 00049000 08:01 5773877                    /usr/lib/x86_64-linux-gnu/libpango-1.0.so.0.3800.1
7f01bf0d8000-7f01bf0da000 r--p 00049000 08:01 5773877                    /usr/lib/x86_64-linux-gnu/libpango-1.0.so.0.3800.1
7f01bf0da000-7f01bf0db000 rw-p 0004b000 08:01 5773877                    /usr/lib/x86_64-linux-gnu/libpango-1.0.so.0.3800.1
7f01bf0db000-7f01bf0ef000 r-xp 00000000 08:01 5774244                    /usr/lib/x86_64-linux-gnu/libpangoft2-1.0.so.0.3800.1
7f01bf0ef000-7f01bf2ef000 ---p 00014000 08:01 5774244                    /usr/lib/x86_64-linux-gnu/libpangoft2-1.0.so.0.3800.1
7f01bf2ef000-7f01bf2f0000 r--p 00014000 08:01 5774244                    /usr/lib/x86_64-linux-gnu/libpangoft2-1.0.so.0.3800.1
7f01bf2f0000-7f01bf2f1000 rw-p 00015000 08:01 5774244                    /usr/lib/x86_64-linux-gnu/libpangoft2-1.0.so.0.3800.1
7f01bf2f1000-7f01bf471000 r-xp 00000000 08:01 5772114                    /usr/lib/x86_64-linux-gnu/libgio-2.0.so.0.4800.0
7f01bf471000-7f01bf671000 ---p 00180000 08:01 5772114                    /usr/lib/x86_64-linux-gnu/libgio-2.0.so.0.4800.0
7f01bf671000-7f01bf675000 r--p 00180000 08:01 5772114                    /usr/lib/x86_64-linux-gnu/libgio-2.0.so.0.4800.0
7f01bf675000-7f01bf677000 rw-p 00184000 08:01 5772114                    /usr/lib/x86_64-linux-gnu/libgio-2.0.so.0.4800.0
7f01bf677000-7f01bf679000 rw-p 00000000 00:00 0 
7f01bf679000-7f01bf69a000 r-xp 00000000 08:01 5774228                    /usr/lib/x86_64-linux-gnu/libgdk_pixbuf-2.0.so.0.3200.2
7f01bf69a000-7f01bf899000 ---p 00021000 08:01 5774228                    /usr/lib/x86_64-linux-gnu/libgdk_pixbuf-2.0.so.0.3200.2
7f01bf899000-7f01bf89a000 r--p 00020000 08:01 5774228                    /usr/lib/x86_64-linux-gnu/libgdk_pixbuf-2.0.so.0.3200.2
7f01bf89a000-7f01bf89b000 rw-p 00021000 08:01 5774228                    /usr/lib/x86_64-linux-gnu/libgdk_pixbuf-2.0.so.0.3200.2
7f01bf89b000-7f01bf9a9000 r-xp 00000000 08:01 5774237                    /usr/lib/x86_64-linux-gnu/libcairo.so.2.11400.6
7f01bf9a9000-7f01bfba9000 ---p 0010e000 08:01 5774237                    /usr/lib/x86_64-linux-gnu/libcairo.so.2.11400.6
7f01bfba9000-7f01bfbac000 r--p 0010e000 08:01 5774237                    /usr/lib/x86_64-linux-gnu/libcairo.so.2.11400.6
7f01bfbac000-7f01bfbad000 rw-p 00111000 08:01 5774237                    /usr/lib/x86_64-linux-gnu/libcairo.so.2.11400.6
7f01bfbad000-7f01bfbaf000 rw-p 00000000 00:00 0 
7f01bfbaf000-7f01bfbd1000 r-xp 00000000 08:01 5774223                    /usr/lib/x86_64-linux-gnu/libatk-1.0.so.0.21809.1
7f01bfbd1000-7f01bfdd0000 ---p 00022000 08:01 5774223                    /usr/lib/x86_64-linux-gnu/libatk-1.0.so.0.21809.1
7f01bfdd0000-7f01bfdd3000 r--p 00021000 08:01 5774223                    /usr/lib/x86_64-linux-gnu/libatk-1.0.so.0.21809.1
7f01bfdd3000-7f01bfdd4000 rw-p 00024000 08:01 5774223                    /usr/lib/x86_64-linux-gnu/libatk-1.0.so.0.21809.1
7f01bfdd4000-7f01bfde0000 r-xp 00000000 08:01 5774246                    /usr/lib/x86_64-linux-gnu/libpangocairo-1.0.so.0.3800.1
7f01bfde0000-7f01bffdf000 ---p 0000c000 08:01 5774246                    /usr/lib/x86_64-linux-gnu/libpangocairo-1.0.so.0.3800.1
7f01bffdf000-7f01bffe0000 r--p 0000b000 08:01 5774246                    /usr/lib/x86_64-linux-gnu/libpangocairo-1.0.so.0.3800.1
7f01bffe0000-7f01bffe1000 rw-p 0000c000 08:01 5774246                    /usr/lib/x86_64-linux-gnu/libpangocairo-1.0.so.0.3800.1
7f01bffe1000-7f01bffe4000 r-xp 00000000 08:01 5772116                    /usr/lib/x86_64-linux-gnu/libgmodule-2.0.so.0.4800.0
7f01bffe4000-7f01c01e3000 ---p 00003000 08:01 5772116                    /usr/lib/x86_64-linux-gnu/libgmodule-2.0.so.0.4800.0
7f01c01e3000-7f01c01e4000 r--p 00002000 08:01 5772116                    /usr/lib/x86_64-linux-gnu/libgmodule-2.0.so.0.4800.0
7f01c01e4000-7f01c01e5000 rw-p 00003000 08:01 5772116                    /usr/lib/x86_64-linux-gnu/libgmodule-2.0.so.0.4800.0
7f01c01e5000-7f01c01ea000 r-xp 00000000 08:01 5773744                    /usr/lib/x86_64-linux-gnu/libIlmThread-2_2.so.12.0.0
7f01c01ea000-7f01c03ea000 ---p 00005000 08:01 5773744                    /usr/lib/x86_64-linux-gnu/libIlmThread-2_2.so.12.0.0
7f01c03ea000-7f01c03eb000 r--p 00005000 08:01 5773744                    /usr/lib/x86_64-linux-gnu/libIlmThread-2_2.so.12.0.0
7f01c03eb000-7f01c03ec000 rw-p 00006000 08:01 5773744                    /usr/lib/x86_64-linux-gnu/libIlmThread-2_2.so.12.0.0
7f01c03ec000-7f01c0407000 r-xp 00000000 08:01 5773743                    /usr/lib/x86_64-linux-gnu/libIex-2_2.so.12.0.0
7f01c0407000-7f01c0606000 ---p 0001b000 08:01 5773743                    /usr/lib/x86_64-linux-gnu/libIex-2_2.so.12.0.0
7f01c0606000-7f01c0609000 r--p 0001a000 08:01 5773743                    /usr/lib/x86_64-linux-gnu/libIex-2_2.so.12.0.0
7f01c0609000-7f01c060a000 rw-p 0001d000 08:01 5773743                    /usr/lib/x86_64-linux-gnu/libIex-2_2.so.12.0.0
7f01c060a000-7f01c0615000 r-xp 00000000 08:01 5773868                    /usr/lib/x86_64-linux-gnu/libjbig.so.0
7f01c0615000-7f01c0814000 ---p 0000b000 08:01 5773868                    /usr/lib/x86_64-linux-gnu/libjbig.so.0
7f01c0814000-7f01c0815000 r--p 0000a000 08:01 5773868                    /usr/lib/x86_64-linux-gnu/libjbig.so.0
7f01c0815000-7f01c0818000 rw-p 0000b000 08:01 5773868                    /usr/lib/x86_64-linux-gnu/libjbig.so.0
7f01c0818000-7f01c0839000 r-xp 00000000 08:01 57934368                   /lib/x86_64-linux-gnu/liblzma.so.5.0.0
7f01c0839000-7f01c0a38000 ---p 00021000 08:01 57934368                   /lib/x86_64-linux-gnu/liblzma.so.5.0.0
7f01c0a38000-7f01c0a39000 r--p 00020000 08:01 57934368                   /lib/x86_64-linux-gnu/liblzma.so.5.0.0
7f01c0a39000-7f01c0a3a000 rw-p 00021000 08:01 57934368                   /lib/x86_64-linux-gnu/liblzma.so.5.0.0
7f01c0a3a000-7f01c0a48000 r-xp 00000000 08:01 5772902                    /usr/lib/x86_64-linux-gnu/libdrm.so.2.4.0
7f01c0a48000-7f01c0c47000 ---p 0000e000 08:01 5772902                    /usr/lib/x86_64-linux-gnu/libdrm.so.2.4.0
7f01c0c47000-7f01c0c48000 r--p 0000d000 08:01 5772902                    /usr/lib/x86_64-linux-gnu/libdrm.so.2.4.0
7f01c0c48000-7f01c0c49000 rw-p 0000e000 08:01 5772902                    /usr/lib/x86_64-linux-gnu/libdrm.so.2.4.0
7f01c0c49000-7f01c0c4e000 r-xp 00000000 08:01 5773515                    /usr/lib/x86_64-linux-gnu/libXxf86vm.so.1.0.0
7f01c0c4e000-7f01c0e4d000 ---p 00005000 08:01 5773515                    /usr/lib/x86_64-linux-gnu/libXxf86vm.so.1.0.0
7f01c0e4d000-7f01c0e4e000 r--p 00004000 08:01 5773515                    /usr/lib/x86_64-linux-gnu/libXxf86vm.so.1.0.0
7f01c0e4e000-7f01c0e4f000 rw-p 00005000 08:01 5773515                    /usr/lib/x86_64-linux-gnu/libXxf86vm.so.1.0.0
7f01c0e4f000-7f01c0e70000 r-xp 00000000 08:01 5772752                    /usr/lib/x86_64-linux-gnu/libxcb.so.1.1.0
7f01c0e70000-7f01c106f000 ---p 00021000 08:01 5772752                    /usr/lib/x86_64-linux-gnu/libxcb.so.1.1.0
7f01c106f000-7f01c1070000 r--p 00020000 08:01 5772752                    /usr/lib/x86_64-linux-gnu/libxcb.so.1.1.0
7f01c1070000-7f01c1071000 rw-p 00021000 08:01 5772752                    /usr/lib/x86_64-linux-gnu/libxcb.so.1.1.0
7f01c1071000-7f01c1075000 r-xp 00000000 08:01 5773694                    /usr/lib/x86_64-linux-gnu/libxcb-dri2.so.0.0.0
7f01c1075000-7f01c1274000 ---p 00004000 08:01 5773694                    /usr/lib/x86_64-linux-gnu/libxcb-dri2.so.0.0.0
7f01c1274000-7f01c1275000 r--p 00003000 08:01 5773694                    /usr/lib/x86_64-linux-gnu/libxcb-dri2.so.0.0.0
7f01c1275000-7f01c1276000 rw-p 00004000 08:01 5773694                    /usr/lib/x86_64-linux-gnu/libxcb-dri2.so.0.0.0
7f01c1276000-7f01c128d000 r-xp 00000000 08:01 5773698                    /usr/lib/x86_64-linux-gnu/libxcb-glx.so.0.0.0
7f01c128d000-7f01c148c000 ---p 00017000 08:01 5773698                    /usr/lib/x86_64-linux-gnu/libxcb-glx.so.0.0.0
7f01c148c000-7f01c148e000 r--p 00016000 08:01 5773698                    /usr/lib/x86_64-linux-gnu/libxcb-glx.so.0.0.0
7f01c148e000-7f01c148f000 rw-p 00018000 08:01 5773698                    /usr/lib/x86_64-linux-gnu/libxcb-glx.so.0.0.0
7f01c148f000-7f01c15c4000 r-xp 00000000 08:01 5772755                    /usr/lib/x86_64-linux-gnu/libX11.so.6.3.0
7f01c15c4000-7f01c17c4000 ---p 00135000 08:01 5772755                    /usr/lib/x86_64-linux-gnu/libX11.so.6.3.0
7f01c17c4000-7f01c17c5000 r--p 00135000 08:01 5772755                    /usr/lib/x86_64-linux-gnu/libX11.so.6.3.0
7f01c17c5000-7f01c17c9000 rw-p 00136000 08:01 5772755                    /usr/lib/x86_64-linux-gnu/libX11.so.6.3.0
7f01c17c9000-7f01c17ca000 r-xp 00000000 08:01 5773692                    /usr/lib/x86_64-linux-gnu/libX11-xcb.so.1.0.0
7f01c17ca000-7f01c19c9000 ---p 00001000 08:01 5773692                    /usr/lib/x86_64-linux-gnu/libX11-xcb.so.1.0.0
7f01c19c9000-7f01c19ca000 r--p 00000000 08:01 5773692                    /usr/lib/x86_64-linux-gnu/libX11-xcb.so.1.0.0
7f01c19ca000-7f01c19cb000 rw-p 00001000 08:01 5773692                    /usr/lib/x86_64-linux-gnu/libX11-xcb.so.1.0.0
7f01c19cb000-7f01c19d0000 r-xp 00000000 08:01 5773511                    /usr/lib/x86_64-linux-gnu/libXfixes.so.3.1.0
7f01c19d0000-7f01c1bcf000 ---p 00005000 08:01 5773511                    /usr/lib/x86_64-linux-gnu/libXfixes.so.3.1.0
7f01c1bcf000-7f01c1bd0000 r--p 00004000 08:01 5773511                    /usr/lib/x86_64-linux-gnu/libXfixes.so.3.1.0
7f01c1bd0000-7f01c1bd1000 rw-p 00005000 08:01 5773511                    /usr/lib/x86_64-linux-gnu/libXfixes.so.3.1.0
7f01c1bd1000-7f01c1bd3000 r-xp 00000000 08:01 5773509                    /usr/lib/x86_64-linux-gnu/libXdamage.so.1.1.0
7f01c1bd3000-7f01c1dd2000 ---p 00002000 08:01 5773509                    /usr/lib/x86_64-linux-gnu/libXdamage.so.1.1.0
7f01c1dd2000-7f01c1dd3000 r--p 00001000 08:01 5773509                    /usr/lib/x86_64-linux-gnu/libXdamage.so.1.1.0
7f01c1dd3000-7f01c1dd4000 rw-p 00002000 08:01 5773509                    /usr/lib/x86_64-linux-gnu/libXdamage.so.1.1.0
7f01c1dd4000-7f01c1de5000 r-xp 00000000 08:01 5772757                    /usr/lib/x86_64-linux-gnu/libXext.so.6.4.0
7f01c1de5000-7f01c1fe4000 ---p 00011000 08:01 5772757                    /usr/lib/x86_64-linux-gnu/libXext.so.6.4.0
7f01c1fe4000-7f01c1fe5000 r--p 00010000 08:01 5772757                    /usr/lib/x86_64-linux-gnu/libXext.so.6.4.0
7f01c1fe5000-7f01c1fe6000 rw-p 00011000 08:01 5772757                    /usr/lib/x86_64-linux-gnu/libXext.so.6.4.0
7f01c1fe6000-7f01c200f000 r-xp 00000000 08:01 5773690                    /usr/lib/x86_64-linux-gnu/libglapi.so.0.0.0
7f01c200f000-7f01c220e000 ---p 00029000 08:01 5773690                    /usr/lib/x86_64-linux-gnu/libglapi.so.0.0.0
7f01c220e000-7f01c2212000 r--p 00028000 08:01 5773690                    /usr/lib/x86_64-linux-gnu/libglapi.so.0.0.0
7f01c2212000-7f01c2213000 rw-p 0002c000 08:01 5773690                    /usr/lib/x86_64-linux-gnu/libglapi.so.0.0.0
7f01c2213000-7f01c2214000 rw-p 00000000 00:00 0 
7f01c2214000-7f01c2215000 r-xp 00000000 08:01 5773513                    /usr/lib/x86_64-linux-gnu/libxshmfence.so.1.0.0
7f01c2215000-7f01c2415000 ---p 00001000 08:01 5773513                    /usr/lib/x86_64-linux-gnu/libxshmfence.so.1.0.0
7f01c2415000-7f01c2416000 r--p 00001000 08:01 5773513                    /usr/lib/x86_64-linux-gnu/libxshmfence.so.1.0.0
7f01c2416000-7f01c2417000 rw-p 00002000 08:01 5773513                    /usr/lib/x86_64-linux-gnu/libxshmfence.so.1.0.0
7f01c2417000-7f01c241c000 r-xp 00000000 08:01 5773702                    /usr/lib/x86_64-linux-gnu/libxcb-sync.so.1.0.0
7f01c241c000-7f01c261c000 ---p 00005000 08:01 5773702                    /usr/lib/x86_64-linux-gnu/libxcb-sync.so.1.0.0
7f01c261c000-7f01c261d000 r--p 00005000 08:01 5773702                    /usr/lib/x86_64-linux-gnu/libxcb-sync.so.1.0.0
7f01c261d000-7f01c261e000 rw-p 00006000 08:01 5773702                    /usr/lib/x86_64-linux-gnu/libxcb-sync.so.1.0.0
7f01c261e000-7f01c2620000 r-xp 00000000 08:01 5773700                    /usr/lib/x86_64-linux-gnu/libxcb-present.so.0.0.0
7f01c2620000-7f01c281f000 ---p 00002000 08:01 5773700                    /usr/lib/x86_64-linux-gnu/libxcb-present.so.0.0.0
7f01c281f000-7f01c2820000 r--p 00001000 08:01 5773700                    /usr/lib/x86_64-linux-gnu/libxcb-present.so.0.0.0
7f01c2820000-7f01c2821000 rw-p 00002000 08:01 5773700                    /usr/lib/x86_64-linux-gnu/libxcb-present.so.0.0.0
7f01c2821000-7f01c2823000 r-xp 00000000 08:01 5773696                    /usr/lib/x86_64-linux-gnu/libxcb-dri3.so.0.0.0
7f01c2823000-7f01c2a22000 ---p 00002000 08:01 5773696                    /usr/lib/x86_64-linux-gnu/libxcb-dri3.so.0.0.0
7f01c2a22000-7f01c2a23000 r--p 00001000 08:01 5773696                    /usr/lib/x86_64-linux-gnu/libxcb-dri3.so.0.0.0
7f01c2a23000-7f01c2a24000 rw-p 00002000 08:01 5773696                    /usr/lib/x86_64-linux-gnu/libxcb-dri3.so.0.0.0
7f01c2a24000-7f01c2a4a000 r-xp 00000000 08:01 57938095                   /lib/x86_64-linux-gnu/libexpat.so.1.6.0
7f01c2a4a000-7f01c2c4a000 ---p 00026000 08:01 57938095                   /lib/x86_64-linux-gnu/libexpat.so.1.6.0
7f01c2c4a000-7f01c2c4c000 r--p 00026000 08:01 57938095                   /lib/x86_64-linux-gnu/libexpat.so.1.6.0
7f01c2c4c000-7f01c2c4d000 rw-p 00028000 08:01 57938095                   /lib/x86_64-linux-gnu/libexpat.so.1.6.0
7f01c2c4d000-7f01c2c50000 r-xp 00000000 08:01 57934342                   /lib/x86_64-linux-gnu/libdl-2.23.so
7f01c2c50000-7f01c2e4f000 ---p 00003000 08:01 57934342                   /lib/x86_64-linux-gnu/libdl-2.23.so
7f01c2e4f000-7f01c2e50000 r--p 00002000 08:01 57934342                   /lib/x86_64-linux-gnu/libdl-2.23.so
7f01c2e50000-7f01c2e51000 rw-p 00003000 08:01 57934342                   /lib/x86_64-linux-gnu/libdl-2.23.so
7f01c2e51000-7f01c2e58000 r-xp 00000000 08:01 57934421                   /lib/x86_64-linux-gnu/librt-2.23.so
7f01c2e58000-7f01c3057000 ---p 00007000 08:01 57934421                   /lib/x86_64-linux-gnu/librt-2.23.so
7f01c3057000-7f01c3058000 r--p 00006000 08:01 57934421                   /lib/x86_64-linux-gnu/librt-2.23.so
7f01c3058000-7f01c3059000 rw-p 00007000 08:01 57934421                   /lib/x86_64-linux-gnu/librt-2.23.so
7f01c3059000-7f01c3072000 r-xp 00000000 08:01 57934451                   /lib/x86_64-linux-gnu/libz.so.1.2.8
7f01c3072000-7f01c3271000 ---p 00019000 08:01 57934451                   /lib/x86_64-linux-gnu/libz.so.1.2.8
7f01c3271000-7f01c3272000 r--p 00018000 08:01 57934451                   /lib/x86_64-linux-gnu/libz.so.1.2.8
7f01c3272000-7f01c3273000 rw-p 00019000 08:01 57934451                   /lib/x86_64-linux-gnu/libz.so.1.2.8
7f01c3273000-7f01c32aa000 r-xp 00000000 08:01 5773706                    /usr/lib/x86_64-linux-gnu/libtbb.so.2
7f01c32aa000-7f01c34aa000 ---p 00037000 08:01 5773706                    /usr/lib/x86_64-linux-gnu/libtbb.so.2
7f01c34aa000-7f01c34ab000 r--p 00037000 08:01 5773706                    /usr/lib/x86_64-linux-gnu/libtbb.so.2
7f01c34ab000-7f01c34ad000 rw-p 00038000 08:01 5773706                    /usr/lib/x86_64-linux-gnu/libtbb.so.2
7f01c34ad000-7f01c34b0000 rw-p 00000000 00:00 0 
7f01c34b0000-7f01c3535000 r-xp 00000000 08:01 5774492                    /usr/lib/x86_64-linux-gnu/libswscale-ffmpeg.so.3.1.101
7f01c3535000-7f01c3734000 ---p 00085000 08:01 5774492                    /usr/lib/x86_64-linux-gnu/libswscale-ffmpeg.so.3.1.101
7f01c3734000-7f01c3736000 r--p 00084000 08:01 5774492                    /usr/lib/x86_64-linux-gnu/libswscale-ffmpeg.so.3.1.101
7f01c3736000-7f01c3737000 rw-p 00086000 08:01 5774492                    /usr/lib/x86_64-linux-gnu/libswscale-ffmpeg.so.3.1.101
7f01c3737000-7f01c373f000 rw-p 00000000 00:00 0 
7f01c373f000-7f01c3794000 r-xp 00000000 08:01 5774323                    /usr/lib/x86_64-linux-gnu/libavutil-ffmpeg.so.54.31.100
7f01c3794000-7f01c3994000 ---p 00055000 08:01 5774323                    /usr/lib/x86_64-linux-gnu/libavutil-ffmpeg.so.54.31.100
7f01c3994000-7f01c399a000 r--p 00055000 08:01 5774323                    /usr/lib/x86_64-linux-gnu/libavutil-ffmpeg.so.54.31.100
7f01c399a000-7f01c399b000 rw-p 0005b000 08:01 5774323                    /usr/lib/x86_64-linux-gnu/libavutil-ffmpeg.so.54.31.100
7f01c399b000-7f01c39ae000 rw-p 00000000 00:00 0 
7f01c39ae000-7f01c3b82000 r-xp 00000000 08:01 5774396                    /usr/lib/x86_64-linux-gnu/libavformat-ffmpeg.so.56.40.101
7f01c3b82000-7f01c3d82000 ---p 001d4000 08:01 5774396                    /usr/lib/x86_64-linux-gnu/libavformat-ffmpeg.so.56.40.101
7f01c3d82000-7f01c3d96000 r--p 001d4000 08:01 5774396                    /usr/lib/x86_64-linux-gnu/libavformat-ffmpeg.so.56.40.101
7f01c3d96000-7f01c3dab000 rw-p 001e8000 08:01 5774396                    /usr/lib/x86_64-linux-gnu/libavformat-ffmpeg.so.56.40.101
7f01c3dab000-7f01c48d5000 r-xp 00000000 08:01 5774372                    /usr/lib/x86_64-linux-gnu/libavcodec-ffmpeg.so.56.60.100
7f01c48d5000-7f01c4ad4000 ---p 00b2a000 08:01 5774372                    /usr/lib/x86_64-linux-gnu/libavcodec-ffmpeg.so.56.60.100
7f01c4ad4000-7f01c4aff000 r--p 00b29000 08:01 5774372                    /usr/lib/x86_64-linux-gnu/libavcodec-ffmpeg.so.56.60.100
7f01c4aff000-7f01c4b22000 rw-p 00b54000 08:01 5774372                    /usr/lib/x86_64-linux-gnu/libavcodec-ffmpeg.so.56.60.100
7f01c4b22000-7f01c51d5000 rw-p 00000000 00:00 0 
7f01c51d5000-7f01c51da000 r-xp 00000000 08:01 5774497                    /usr/lib/x86_64-linux-gnu/libv4l1.so.0.0.0
7f01c51da000-7f01c53d9000 ---p 00005000 08:01 5774497                    /usr/lib/x86_64-linux-gnu/libv4l1.so.0.0.0
7f01c53d9000-7f01c53da000 r--p 00004000 08:01 5774497                    /usr/lib/x86_64-linux-gnu/libv4l1.so.0.0.0
7f01c53da000-7f01c53db000 rw-p 00005000 08:01 5774497                    /usr/lib/x86_64-linux-gnu/libv4l1.so.0.0.0
7f01c53db000-7f01c5410000 r-xp 00000000 08:01 5774478                    /usr/lib/x86_64-linux-gnu/libdc1394.so.22.1.11
7f01c5410000-7f01c560f000 ---p 00035000 08:01 5774478                    /usr/lib/x86_64-linux-gnu/libdc1394.so.22.1.11
7f01c560f000-7f01c5610000 r--p 00034000 08:01 5774478                    /usr/lib/x86_64-linux-gnu/libdc1394.so.22.1.11
7f01c5610000-7f01c5611000 rw-p 00035000 08:01 5774478                    /usr/lib/x86_64-linux-gnu/libdc1394.so.22.1.11
7f01c5611000-7f01c5651000 rw-p 00000000 00:00 0 
7f01c5651000-7f01c56ae000 r-xp 00000000 08:01 5774486                    /usr/lib/x86_64-linux-gnu/libgdkglext-x11-1.0.so.0.0.0
7f01c56ae000-7f01c58ad000 ---p 0005d000 08:01 5774486                    /usr/lib/x86_64-linux-gnu/libgdkglext-x11-1.0.so.0.0.0
7f01c58ad000-7f01c58af000 r--p 0005c000 08:01 5774486                    /usr/lib/x86_64-linux-gnu/libgdkglext-x11-1.0.so.0.0.0
7f01c58af000-7f01c58b5000 rw-p 0005e000 08:01 5774486                    /usr/lib/x86_64-linux-gnu/libgdkglext-x11-1.0.so.0.0.0
7f01c58b5000-7f01c58b8000 r-xp 00000000 08:01 5774487                    /usr/lib/x86_64-linux-gnu/libgtkglext-x11-1.0.so.0.0.0
7f01c58b8000-7f01c5ab7000 ---p 00003000 08:01 5774487                    /usr/lib/x86_64-linux-gnu/libgtkglext-x11-1.0.so.0.0.0
7f01c5ab7000-7f01c5ab8000 r--p 00002000 08:01 5774487                    /usr/lib/x86_64-linux-gnu/libgtkglext-x11-1.0.so.0.0.0
7f01c5ab8000-7f01c5ab9000 rw-p 00003000 08:01 5774487                    /usr/lib/x86_64-linux-gnu/libgtkglext-x11-1.0.so.0.0.0
7f01c5ab9000-7f01c5bc7000 r-xp 00000000 08:01 57937867                   /lib/x86_64-linux-gnu/libglib-2.0.so.0.4800.0
7f01c5bc7000-7f01c5dc7000 ---p 0010e000 08:01 57937867                   /lib/x86_64-linux-gnu/libglib-2.0.so.0.4800.0
7f01c5dc7000-7f01c5dc8000 r--p 0010e000 08:01 57937867                   /lib/x86_64-linux-gnu/libglib-2.0.so.0.4800.0
7f01c5dc8000-7f01c5dc9000 rw-p 0010f000 08:01 57937867                   /lib/x86_64-linux-gnu/libglib-2.0.so.0.4800.0
7f01c5dc9000-7f01c5dca000 rw-p 00000000 00:00 0 
7f01c5dca000-7f01c5e1c000 r-xp 00000000 08:01 5772113                    /usr/lib/x86_64-linux-gnu/libgobject-2.0.so.0.4800.0
7f01c5e1c000-7f01c601b000 ---p 00052000 08:01 5772113                    /usr/lib/x86_64-linux-gnu/libgobject-2.0.so.0.4800.0
7f01c601b000-7f01c601c000 r--p 00051000 08:01 5772113                    /usr/lib/x86_64-linux-gnu/libgobject-2.0.so.0.4800.0
7f01c601c000-7f01c601d000 rw-p 00052000 08:01 5772113                    /usr/lib/x86_64-linux-gnu/libgobject-2.0.so.0.4800.0
7f01c601d000-7f01c60cd000 r-xp 00000000 08:01 5774259                    /usr/lib/x86_64-linux-gnu/libgdk-x11-2.0.so.0.2400.30
7f01c60cd000-7f01c62cc000 ---p 000b0000 08:01 5774259                    /usr/lib/x86_64-linux-gnu/libgdk-x11-2.0.so.0.2400.30
7f01c62cc000-7f01c62d0000 r--p 000af000 08:01 5774259                    /usr/lib/x86_64-linux-gnu/libgdk-x11-2.0.so.0.2400.30
7f01c62d0000-7f01c62d2000 rw-p 000b3000 08:01 5774259                    /usr/lib/x86_64-linux-gnu/libgdk-x11-2.0.so.0.2400.30
7f01c62d2000-7f01c6710000 r-xp 00000000 08:01 5774260                    /usr/lib/x86_64-linux-gnu/libgtk-x11-2.0.so.0.2400.30
7f01c6710000-7f01c690f000 ---p 0043e000 08:01 5774260                    /usr/lib/x86_64-linux-gnu/libgtk-x11-2.0.so.0.2400.30
7f01c690f000-7f01c6916000 r--p 0043d000 08:01 5774260                    /usr/lib/x86_64-linux-gnu/libgtk-x11-2.0.so.0.2400.30
7f01c6916000-7f01c691a000 rw-p 00444000 08:01 5774260                    /usr/lib/x86_64-linux-gnu/libgtk-x11-2.0.so.0.2400.30
7f01c691a000-7f01c691d000 rw-p 00000000 00:00 0 
7f01c691d000-7f01c695f000 r-xp 00000000 08:01 5773742                    /usr/lib/x86_64-linux-gnu/libHalf.so.12.0.0
7f01c695f000-7f01c6b5e000 ---p 00042000 08:01 5773742                    /usr/lib/x86_64-linux-gnu/libHalf.so.12.0.0
7f01c6b5e000-7f01c6b5f000 r--p 00041000 08:01 5773742                    /usr/lib/x86_64-linux-gnu/libHalf.so.12.0.0
7f01c6b5f000-7f01c6b60000 rw-p 00042000 08:01 5773742                    /usr/lib/x86_64-linux-gnu/libHalf.so.12.0.0
7f01c6b60000-7f01c6d2a000 r-xp 00000000 08:01 5773755                    /usr/lib/x86_64-linux-gnu/libIlmImf-2_2.so.22.0.0
7f01c6d2a000-7f01c6f29000 ---p 001ca000 08:01 5773755                    /usr/lib/x86_64-linux-gnu/libIlmImf-2_2.so.22.0.0
7f01c6f29000-7f01c6f2c000 r--p 001c9000 08:01 5773755                    /usr/lib/x86_64-linux-gnu/libIlmImf-2_2.so.22.0.0
7f01c6f2c000-7f01c702d000 rw-p 001cc000 08:01 5773755                    /usr/lib/x86_64-linux-gnu/libIlmImf-2_2.so.22.0.0
7f01c702d000-7f01c702e000 rw-p 00000000 00:00 0 
7f01c702e000-7f01c707a000 r-xp 00000000 08:01 5774490                    /usr/lib/x86_64-linux-gnu/libjasper.so.1.0.0
7f01c707a000-7f01c7279000 ---p 0004c000 08:01 5774490                    /usr/lib/x86_64-linux-gnu/libjasper.so.1.0.0
7f01c7279000-7f01c727a000 r--p 0004b000 08:01 5774490                    /usr/lib/x86_64-linux-gnu/libjasper.so.1.0.0
7f01c727a000-7f01c727e000 rw-p 0004c000 08:01 5774490                    /usr/lib/x86_64-linux-gnu/libjasper.so.1.0.0
7f01c727e000-7f01c7285000 rw-p 00000000 00:00 0 
7f01c7285000-7f01c72f4000 r-xp 00000000 08:01 5774225                    /usr/lib/x86_64-linux-gnu/libtiff.so.5.2.4
7f01c72f4000-7f01c74f4000 ---p 0006f000 08:01 5774225                    /usr/lib/x86_64-linux-gnu/libtiff.so.5.2.4
7f01c74f4000-7f01c74f5000 r--p 0006f000 08:01 5774225                    /usr/lib/x86_64-linux-gnu/libtiff.so.5.2.4
7f01c74f5000-7f01c74f8000 rw-p 00070000 08:01 5774225                    /usr/lib/x86_64-linux-gnu/libtiff.so.5.2.4
7f01c74f8000-7f01c751c000 r-xp 00000000 08:01 57934410                   /lib/x86_64-linux-gnu/libpng12.so.0.54.0
7f01c751c000-7f01c771b000 ---p 00024000 08:01 57934410                   /lib/x86_64-linux-gnu/libpng12.so.0.54.0
7f01c771b000-7f01c771c000 r--p 00023000 08:01 57934410                   /lib/x86_64-linux-gnu/libpng12.so.0.54.0
7f01c771c000-7f01c771d000 rw-p 00024000 08:01 57934410                   /lib/x86_64-linux-gnu/libpng12.so.0.54.0
7f01c771d000-7f01c7774000 r-xp 00000000 08:01 5773736                    /usr/lib/x86_64-linux-gnu/libjpeg.so.8.0.2
7f01c7774000-7f01c7974000 ---p 00057000 08:01 5773736                    /usr/lib/x86_64-linux-gnu/libjpeg.so.8.0.2
7f01c7974000-7f01c7975000 r--p 00057000 08:01 5773736                    /usr/lib/x86_64-linux-gnu/libjpeg.so.8.0.2
7f01c7975000-7f01c7976000 rw-p 00058000 08:01 5773736                    /usr/lib/x86_64-linux-gnu/libjpeg.so.8.0.2
7f01c7976000-7f01c79e3000 r-xp 00000000 08:01 7604527                    /usr/lib/x86_64-linux-gnu/mesa/libGL.so.1.2.0
7f01c79e3000-7f01c7be2000 ---p 0006d000 08:01 7604527                    /usr/lib/x86_64-linux-gnu/mesa/libGL.so.1.2.0
7f01c7be2000-7f01c7be5000 r--p 0006c000 08:01 7604527                    /usr/lib/x86_64-linux-gnu/mesa/libGL.so.1.2.0
7f01c7be5000-7f01c7be6000 rw-p 0006f000 08:01 7604527                    /usr/lib/x86_64-linux-gnu/mesa/libGL.so.1.2.0
7f01c7be6000-7f01c7be7000 rw-p 00000000 00:00 0 
7f01c7be7000-7f01c7c08000 r-xp 00000000 08:01 5773936                    /usr/lib/x86_64-linux-gnu/libgomp.so.1.0.0
7f01c7c08000-7f01c7e07000 ---p 00021000 08:01 5773936                    /usr/lib/x86_64-linux-gnu/libgomp.so.1.0.0
7f01c7e07000-7f01c7e08000 r--p 00020000 08:01 5773936                    /usr/lib/x86_64-linux-gnu/libgomp.so.1.0.0
7f01c7e08000-7f01c7e09000 rw-p 00021000 08:01 5773936                    /usr/lib/x86_64-linux-gnu/libgomp.so.1.0.0
7f01c7e09000-7f01c7f11000 r-xp 00000000 08:01 57934369                   /lib/x86_64-linux-gnu/libm-2.23.so
7f01c7f11000-7f01c8110000 ---p 00108000 08:01 57934369                   /lib/x86_64-linux-gnu/libm-2.23.so
7f01c8110000-7f01c8111000 r--p 00107000 08:01 57934369                   /lib/x86_64-linux-gnu/libm-2.23.so
7f01c8111000-7f01c8112000 rw-p 00108000 08:01 57934369                   /lib/x86_64-linux-gnu/libm-2.23.so
7f01c8112000-7f01c832f000 r-xp 00000000 08:01 5773707                    /usr/lib/x86_64-linux-gnu/libopencv_core.so.2.4.9
7f01c832f000-7f01c852f000 ---p 0021d000 08:01 5773707                    /usr/lib/x86_64-linux-gnu/libopencv_core.so.2.4.9
7f01c852f000-7f01c8533000 r--p 0021d000 08:01 5773707                    /usr/lib/x86_64-linux-gnu/libopencv_core.so.2.4.9
7f01c8533000-7f01c853a000 rw-p 00221000 08:01 5773707                    /usr/lib/x86_64-linux-gnu/libopencv_core.so.2.4.9
7f01c853a000-7f01c853c000 rw-p 00000000 00:00 0 
7f01c853c000-7f01c872c000 r-xp 00000000 08:01 5774460                    /usr/lib/x86_64-linux-gnu/libopencv_imgproc.so.2.4.9
7f01c872c000-7f01c892b000 ---p 001f0000 08:01 5774460                    /usr/lib/x86_64-linux-gnu/libopencv_imgproc.so.2.4.9
7f01c892b000-7f01c8931000 r--p 001ef000 08:01 5774460                    /usr/lib/x86_64-linux-gnu/libopencv_imgproc.so.2.4.9
7f01c8931000-7f01c8932000 rw-p 001f5000 08:01 5774460                    /usr/lib/x86_64-linux-gnu/libopencv_imgproc.so.2.4.9
7f01c8932000-7f01c89c7000 rw-p 00000000 00:00 0 
7f01c89c7000-7f01c8a0d000 r-xp 00000000 08:01 5774500                    /usr/lib/x86_64-linux-gnu/libopencv_highgui.so.2.4.9
7f01c8a0d000-7f01c8c0c000 ---p 00046000 08:01 5774500                    /usr/lib/x86_64-linux-gnu/libopencv_highgui.so.2.4.9
7f01c8c0c000-7f01c8c0f000 r--p 00045000 08:01 5774500                    /usr/lib/x86_64-linux-gnu/libopencv_highgui.so.2.4.9
7f01c8c0f000-7f01c8c10000 rw-p 00048000 08:01 5774500                    /usr/lib/x86_64-linux-gnu/libopencv_highgui.so.2.4.9
7f01c8c10000-7f01c8dd0000 r-xp 00000000 08:01 57934328                   /lib/x86_64-linux-gnu/libc-2.23.so
7f01c8dd0000-7f01c8fcf000 ---p 001c0000 08:01 57934328                   /lib/x86_64-linux-gnu/libc-2.23.so
7f01c8fcf000-7f01c8fd3000 r--p 001bf000 08:01 57934328                   /lib/x86_64-linux-gnu/libc-2.23.so
7f01c8fd3000-7f01c8fd5000 rw-p 001c3000 08:01 57934328                   /lib/x86_64-linux-gnu/libc-2.23.so
7f01c8fd5000-7f01c8fd9000 rw-p 00000000 00:00 0 
7f01c8fd9000-7f01c8ff1000 r-xp 00000000 08:01 57934415                   /lib/x86_64-linux-gnu/libpthread-2.23.so
7f01c8ff1000-7f01c91f0000 ---p 00018000 08:01 57934415                   /lib/x86_64-linux-gnu/libpthread-2.23.so
7f01c91f0000-7f01c91f1000 r--p 00017000 08:01 57934415                   /lib/x86_64-linux-gnu/libpthread-2.23.so
7f01c91f1000-7f01c91f2000 rw-p 00018000 08:01 57934415                   /lib/x86_64-linux-gnu/libpthread-2.23.so
7f01c91f2000-7f01c91f6000 rw-p 00000000 00:00 0 
7f01c91f6000-7f01c920c000 r-xp 00000000 08:01 57934354                   /lib/x86_64-linux-gnu/libgcc_s.so.1
7f01c920c000-7f01c940b000 ---p 00016000 08:01 57934354                   /lib/x86_64-linux-gnu/libgcc_s.so.1
7f01c940b000-7f01c940c000 rw-p 00015000 08:01 57934354                   /lib/x86_64-linux-gnu/libgcc_s.so.1
7f01c940c000-7f01c957e000 r-xp 00000000 08:01 5771302                    /usr/lib/x86_64-linux-gnu/libstdc++.so.6.0.21
7f01c957e000-7f01c977e000 ---p 00172000 08:01 5771302                    /usr/lib/x86_64-linux-gnu/libstdc++.so.6.0.21
7f01c977e000-7f01c9788000 r--p 00172000 08:01 5771302                    /usr/lib/x86_64-linux-gnu/libstdc++.so.6.0.21
7f01c9788000-7f01c978a000 rw-p 0017c000 08:01 5771302                    /usr/lib/x86_64-linux-gnu/libstdc++.so.6.0.21
7f01c978a000-7f01c978e000 rw-p 00000000 00:00 0 
7f01c978e000-7f01c97d6000 r-xp 00000000 00:2a 657865                     /home/sebastian/raytracing/build/DocOpt/libdocopt.so
7f01c97d6000-7f01c99d5000 ---p 00048000 00:2a 657865                     /home/sebastian/raytracing/build/DocOpt/libdocopt.so
7f01c99d5000-7f01c99d7000 r--p 00047000 00:2a 657865                     /home/sebastian/raytracing/build/DocOpt/libdocopt.so
7f01c99d7000-7f01c99d8000 rw-p 00049000 00:2a 657865                     /home/sebastian/raytracing/build/DocOpt/libdocopt.so
7f01c99d8000-7f01c9b18000 r-xp 00000000 00:2a 54001821                   /home/sebastian/raytracing/build/libmct.so
7f01c9b18000-7f01c9d17000 ---p 00140000 00:2a 54001821                   /home/sebastian/raytracing/build/libmct.so
7f01c9d17000-7f01c9d1a000 r--p 0013f000 00:2a 54001821                   /home/sebastian/raytracing/build/libmct.so
7f01c9d1a000-7f01c9d1d000 rw-p 00142000 00:2a 54001821                   /home/sebastian/raytracing/build/libmct.so
7f01c9d1d000-7f01c9d2d000 rw-p 00000000 00:00 0 
7f01c9d2d000-7f01c9d53000 r-xp 00000000 08:01 57934304                   /lib/x86_64-linux-gnu/ld-2.23.so
7f01c9ee1000-7f01c9efb000 rw-p 00000000 00:00 0 
7f01c9efb000-7f01c9f19000 r-xp 00000000 08:01 57934441                   /lib/x86_64-linux-gnu/libudev.so.1.6.4
7f01c9f19000-7f01c9f1a000 r--p 0001d000 08:01 57934441                   /lib/x86_64-linux-gnu/libudev.so.1.6.4
7f01c9f1a000-7f01c9f1b000 rw-p 0001e000 08:01 57934441                   /lib/x86_64-linux-gnu/libudev.so.1.6.4
7f01c9f1b000-7f01c9f44000 rw-p 00000000 00:00 0 
7f01c9f4e000-7f01c9f52000 rw-p 00000000 00:00 0 
7f01c9f52000-7f01c9f53000 r--p 00025000 08:01 57934304                   /lib/x86_64-linux-gnu/ld-2.23.so
7f01c9f53000-7f01c9f54000 rw-p 00026000 08:01 57934304                   /lib/x86_64-linux-gnu/ld-2.23.so
7f01c9f54000-7f01c9f55000 rw-p 00000000 00:00 0 
7ffd619a9000-7ffd619ec000 rw-p 00000000 00:00 0                          [stack]
7ffd619fb000-7ffd619fd000 r--p 00000000 00:00 0                          [vvar]
7ffd619fd000-7ffd619ff000 r-xp 00000000 00:00 0                          [vdso]
ffffffffff600000-ffffffffff601000 r-xp 00000000 00:00 0                  [vsyscall]
