*** Error in `/home/sebastian/raytracing/build/mctPlenoscopePropagation': munmap_chunk(): invalid pointer: 0x00000000017a1d00 ***
======= Backtrace: =========
/lib/x86_64-linux-gnu/libc.so.6(+0x77725)[0x7fc70cda4725]
/lib/x86_64-linux-gnu/libc.so.6(cfree+0x1a8)[0x7fc70cdb0c18]
/home/sebastian/raytracing/build/libmct.so(_ZN17RayForPropagationD1Ev+0x20)[0x7fc70db69060]
/home/sebastian/raytracing/build/mctPlenoscopePropagation(main+0x39d8)[0x410e38]
/lib/x86_64-linux-gnu/libc.so.6(__libc_start_main+0xf0)[0x7fc70cd4d830]
/home/sebastian/raytracing/build/mctPlenoscopePropagation(_start+0x29)[0x412369]
======= Memory map: ========
00400000-00432000 r-xp 00000000 08:01 54001989                           /home/sebastian/raytracing/build/mctPlenoscopePropagation
00632000-00633000 r--p 00032000 08:01 54001989                           /home/sebastian/raytracing/build/mctPlenoscopePropagation
00633000-00634000 rw-p 00033000 08:01 54001989                           /home/sebastian/raytracing/build/mctPlenoscopePropagation
00634000-00635000 rw-p 00000000 00:00 0 
01437000-03408000 rw-p 00000000 00:00 0                                  [heap]
7fc6f444a000-7fc6f444b000 ---p 00000000 00:00 0 
7fc6f444b000-7fc6f4c4b000 rw-p 00000000 00:00 0 
7fc6f4c4b000-7fc6f6501000 r-xp 00000000 08:01 41161944                   /usr/lib/x86_64-linux-gnu/libicudata.so.55.1
7fc6f6501000-7fc6f6700000 ---p 018b6000 08:01 41161944                   /usr/lib/x86_64-linux-gnu/libicudata.so.55.1
7fc6f6700000-7fc6f6701000 r--p 018b5000 08:01 41161944                   /usr/lib/x86_64-linux-gnu/libicudata.so.55.1
7fc6f6701000-7fc6f6702000 rw-p 018b6000 08:01 41161944                   /usr/lib/x86_64-linux-gnu/libicudata.so.55.1
7fc6f6702000-7fc6f6705000 r-xp 00000000 08:01 25956330                   /lib/x86_64-linux-gnu/libkeyutils.so.1.5
7fc6f6705000-7fc6f6904000 ---p 00003000 08:01 25956330                   /lib/x86_64-linux-gnu/libkeyutils.so.1.5
7fc6f6904000-7fc6f6905000 r--p 00002000 08:01 25956330                   /lib/x86_64-linux-gnu/libkeyutils.so.1.5
7fc6f6905000-7fc6f6906000 rw-p 00003000 08:01 25956330                   /lib/x86_64-linux-gnu/libkeyutils.so.1.5
7fc6f6906000-7fc6f690a000 r-xp 00000000 08:01 25952372                   /lib/x86_64-linux-gnu/libuuid.so.1.3.0
7fc6f690a000-7fc6f6b09000 ---p 00004000 08:01 25952372                   /lib/x86_64-linux-gnu/libuuid.so.1.3.0
7fc6f6b09000-7fc6f6b0a000 r--p 00003000 08:01 25952372                   /lib/x86_64-linux-gnu/libuuid.so.1.3.0
7fc6f6b0a000-7fc6f6b0b000 rw-p 00004000 08:01 25952372                   /lib/x86_64-linux-gnu/libuuid.so.1.3.0
7fc6f6b0b000-7fc6f6c8a000 r-xp 00000000 08:01 41161940                   /usr/lib/x86_64-linux-gnu/libicuuc.so.55.1
7fc6f6c8a000-7fc6f6e8a000 ---p 0017f000 08:01 41161940                   /usr/lib/x86_64-linux-gnu/libicuuc.so.55.1
7fc6f6e8a000-7fc6f6e9a000 r--p 0017f000 08:01 41161940                   /usr/lib/x86_64-linux-gnu/libicuuc.so.55.1
7fc6f6e9a000-7fc6f6e9b000 rw-p 0018f000 08:01 41161940                   /usr/lib/x86_64-linux-gnu/libicuuc.so.55.1
7fc6f6e9b000-7fc6f6e9f000 rw-p 00000000 00:00 0 
7fc6f6e9f000-7fc6f6ea9000 r-xp 00000000 08:01 41164127                   /usr/lib/x86_64-linux-gnu/libkrb5support.so.0.1
7fc6f6ea9000-7fc6f70a8000 ---p 0000a000 08:01 41164127                   /usr/lib/x86_64-linux-gnu/libkrb5support.so.0.1
7fc6f70a8000-7fc6f70a9000 r--p 00009000 08:01 41164127                   /usr/lib/x86_64-linux-gnu/libkrb5support.so.0.1
7fc6f70a9000-7fc6f70aa000 rw-p 0000a000 08:01 41164127                   /usr/lib/x86_64-linux-gnu/libkrb5support.so.0.1
7fc6f70aa000-7fc6f70ad000 r-xp 00000000 08:01 25952307                   /lib/x86_64-linux-gnu/libcom_err.so.2.1
7fc6f70ad000-7fc6f72ac000 ---p 00003000 08:01 25952307                   /lib/x86_64-linux-gnu/libcom_err.so.2.1
7fc6f72ac000-7fc6f72ad000 r--p 00002000 08:01 25952307                   /lib/x86_64-linux-gnu/libcom_err.so.2.1
7fc6f72ad000-7fc6f72ae000 rw-p 00003000 08:01 25952307                   /lib/x86_64-linux-gnu/libcom_err.so.2.1
7fc6f72ae000-7fc6f72da000 r-xp 00000000 08:01 41164131                   /usr/lib/x86_64-linux-gnu/libk5crypto.so.3.1
7fc6f72da000-7fc6f74d9000 ---p 0002c000 08:01 41164131                   /usr/lib/x86_64-linux-gnu/libk5crypto.so.3.1
7fc6f74d9000-7fc6f74db000 r--p 0002b000 08:01 41164131                   /usr/lib/x86_64-linux-gnu/libk5crypto.so.3.1
7fc6f74db000-7fc6f74dc000 rw-p 0002d000 08:01 41164131                   /usr/lib/x86_64-linux-gnu/libk5crypto.so.3.1
7fc6f74dc000-7fc6f74dd000 rw-p 00000000 00:00 0 
7fc6f74dd000-7fc6f75a0000 r-xp 00000000 08:01 41164135                   /usr/lib/x86_64-linux-gnu/libkrb5.so.3.3
7fc6f75a0000-7fc6f77a0000 ---p 000c3000 08:01 41164135                   /usr/lib/x86_64-linux-gnu/libkrb5.so.3.3
7fc6f77a0000-7fc6f77ad000 r--p 000c3000 08:01 41164135                   /usr/lib/x86_64-linux-gnu/libkrb5.so.3.3
7fc6f77ad000-7fc6f77af000 rw-p 000d0000 08:01 41164135                   /usr/lib/x86_64-linux-gnu/libkrb5.so.3.3
7fc6f77af000-7fc6f77c1000 r-xp 00000000 08:01 25952325                   /lib/x86_64-linux-gnu/libgpg-error.so.0.17.0
7fc6f77c1000-7fc6f79c1000 ---p 00012000 08:01 25952325                   /lib/x86_64-linux-gnu/libgpg-error.so.0.17.0
7fc6f79c1000-7fc6f79c2000 r--p 00012000 08:01 25952325                   /lib/x86_64-linux-gnu/libgpg-error.so.0.17.0
7fc6f79c2000-7fc6f79c3000 rw-p 00013000 08:01 25952325                   /lib/x86_64-linux-gnu/libgpg-error.so.0.17.0
7fc6f79c3000-7fc6f79d9000 r-xp 00000000 08:01 41165418                   /usr/lib/x86_64-linux-gnu/libICE.so.6.3.0
7fc6f79d9000-7fc6f7bd8000 ---p 00016000 08:01 41165418                   /usr/lib/x86_64-linux-gnu/libICE.so.6.3.0
7fc6f7bd8000-7fc6f7bd9000 r--p 00015000 08:01 41165418                   /usr/lib/x86_64-linux-gnu/libICE.so.6.3.0
7fc6f7bd9000-7fc6f7bda000 rw-p 00016000 08:01 41165418                   /usr/lib/x86_64-linux-gnu/libICE.so.6.3.0
7fc6f7bda000-7fc6f7bdd000 rw-p 00000000 00:00 0 
7fc6f7bdd000-7fc6f7be4000 r-xp 00000000 08:01 41165458                   /usr/lib/x86_64-linux-gnu/libSM.so.6.0.1
7fc6f7be4000-7fc6f7de3000 ---p 00007000 08:01 41165458                   /usr/lib/x86_64-linux-gnu/libSM.so.6.0.1
7fc6f7de3000-7fc6f7de4000 r--p 00006000 08:01 41165458                   /usr/lib/x86_64-linux-gnu/libSM.so.6.0.1
7fc6f7de4000-7fc6f7de5000 rw-p 00007000 08:01 41165458                   /usr/lib/x86_64-linux-gnu/libSM.so.6.0.1
7fc6f7de5000-7fc6f7deb000 r-xp 00000000 08:01 41165804                   /usr/lib/x86_64-linux-gnu/libdatrie.so.1.3.3
7fc6f7deb000-7fc6f7feb000 ---p 00006000 08:01 41165804                   /usr/lib/x86_64-linux-gnu/libdatrie.so.1.3.3
7fc6f7feb000-7fc6f7fec000 r--p 00006000 08:01 41165804                   /usr/lib/x86_64-linux-gnu/libdatrie.so.1.3.3
7fc6f7fec000-7fc6f7fed000 rw-p 00007000 08:01 41165804                   /usr/lib/x86_64-linux-gnu/libdatrie.so.1.3.3
7fc6f7fed000-7fc6f8010000 r-xp 00000000 08:01 41166863                   /usr/lib/x86_64-linux-gnu/libgraphite2.so.3.0.1
7fc6f8010000-7fc6f820f000 ---p 00023000 08:01 41166863                   /usr/lib/x86_64-linux-gnu/libgraphite2.so.3.0.1
7fc6f820f000-7fc6f8211000 r--p 00022000 08:01 41166863                   /usr/lib/x86_64-linux-gnu/libgraphite2.so.3.0.1
7fc6f8211000-7fc6f8212000 rw-p 00024000 08:01 41166863                   /usr/lib/x86_64-linux-gnu/libgraphite2.so.3.0.1
7fc6f8212000-7fc6f8223000 r-xp 00000000 08:01 41161294                   /usr/lib/x86_64-linux-gnu/libtasn1.so.6.5.1
7fc6f8223000-7fc6f8423000 ---p 00011000 08:01 41161294                   /usr/lib/x86_64-linux-gnu/libtasn1.so.6.5.1
7fc6f8423000-7fc6f8424000 r--p 00011000 08:01 41161294                   /usr/lib/x86_64-linux-gnu/libtasn1.so.6.5.1
7fc6f8424000-7fc6f8425000 rw-p 00012000 08:01 41161294                   /usr/lib/x86_64-linux-gnu/libtasn1.so.6.5.1
7fc6f8425000-7fc6f8456000 r-xp 00000000 08:01 41161269                   /usr/lib/x86_64-linux-gnu/libidn.so.11.6.15
7fc6f8456000-7fc6f8656000 ---p 00031000 08:01 41161269                   /usr/lib/x86_64-linux-gnu/libidn.so.11.6.15
7fc6f8656000-7fc6f8657000 r--p 00031000 08:01 41161269                   /usr/lib/x86_64-linux-gnu/libidn.so.11.6.15
7fc6f8657000-7fc6f8658000 rw-p 00032000 08:01 41161269                   /usr/lib/x86_64-linux-gnu/libidn.so.11.6.15
7fc6f8658000-7fc6f86b2000 r-xp 00000000 08:01 41161284                   /usr/lib/x86_64-linux-gnu/libp11-kit.so.0.1.0
7fc6f86b2000-7fc6f88b1000 ---p 0005a000 08:01 41161284                   /usr/lib/x86_64-linux-gnu/libp11-kit.so.0.1.0
7fc6f88b1000-7fc6f88bb000 r--p 00059000 08:01 41161284                   /usr/lib/x86_64-linux-gnu/libp11-kit.so.0.1.0
7fc6f88bb000-7fc6f88bd000 rw-p 00063000 08:01 41161284                   /usr/lib/x86_64-linux-gnu/libp11-kit.so.0.1.0
7fc6f88bd000-7fc6f8a6d000 r-xp 00000000 08:01 41161954                   /usr/lib/x86_64-linux-gnu/libxml2.so.2.9.3
7fc6f8a6d000-7fc6f8c6c000 ---p 001b0000 08:01 41161954                   /usr/lib/x86_64-linux-gnu/libxml2.so.2.9.3
7fc6f8c6c000-7fc6f8c74000 r--p 001af000 08:01 41161954                   /usr/lib/x86_64-linux-gnu/libxml2.so.2.9.3
7fc6f8c74000-7fc6f8c76000 rw-p 001b7000 08:01 41161954                   /usr/lib/x86_64-linux-gnu/libxml2.so.2.9.3
7fc6f8c76000-7fc6f8c77000 rw-p 00000000 00:00 0 
7fc6f8c77000-7fc6f8cf6000 r-xp 00000000 08:01 41161260                   /usr/lib/x86_64-linux-gnu/libgmp.so.10.3.0
7fc6f8cf6000-7fc6f8ef5000 ---p 0007f000 08:01 41161260                   /usr/lib/x86_64-linux-gnu/libgmp.so.10.3.0
7fc6f8ef5000-7fc6f8ef6000 r--p 0007e000 08:01 41161260                   /usr/lib/x86_64-linux-gnu/libgmp.so.10.3.0
7fc6f8ef6000-7fc6f8ef7000 rw-p 0007f000 08:01 41161260                   /usr/lib/x86_64-linux-gnu/libgmp.so.10.3.0
7fc6f8ef7000-7fc6f8f2b000 r-xp 00000000 08:01 41161282                   /usr/lib/x86_64-linux-gnu/libnettle.so.6.2
7fc6f8f2b000-7fc6f912a000 ---p 00034000 08:01 41161282                   /usr/lib/x86_64-linux-gnu/libnettle.so.6.2
7fc6f912a000-7fc6f912c000 r--p 00033000 08:01 41161282                   /usr/lib/x86_64-linux-gnu/libnettle.so.6.2
7fc6f912c000-7fc6f912d000 rw-p 00035000 08:01 41161282                   /usr/lib/x86_64-linux-gnu/libnettle.so.6.2
7fc6f912d000-7fc6f915f000 r-xp 00000000 08:01 41161266                   /usr/lib/x86_64-linux-gnu/libhogweed.so.4.2
7fc6f915f000-7fc6f935e000 ---p 00032000 08:01 41161266                   /usr/lib/x86_64-linux-gnu/libhogweed.so.4.2
7fc6f935e000-7fc6f935f000 r--p 00031000 08:01 41161266                   /usr/lib/x86_64-linux-gnu/libhogweed.so.4.2
7fc6f935f000-7fc6f9360000 rw-p 00032000 08:01 41161266                   /usr/lib/x86_64-linux-gnu/libhogweed.so.4.2
7fc6f9360000-7fc6f93a7000 r-xp 00000000 08:01 41164141                   /usr/lib/x86_64-linux-gnu/libgssapi_krb5.so.2.2
7fc6f93a7000-7fc6f95a6000 ---p 00047000 08:01 41164141                   /usr/lib/x86_64-linux-gnu/libgssapi_krb5.so.2.2
7fc6f95a6000-7fc6f95a8000 r--p 00046000 08:01 41164141                   /usr/lib/x86_64-linux-gnu/libgssapi_krb5.so.2.2
7fc6f95a8000-7fc6f95aa000 rw-p 00048000 08:01 41164141                   /usr/lib/x86_64-linux-gnu/libgssapi_krb5.so.2.2
7fc6f95aa000-7fc6f9682000 r-xp 00000000 08:01 25952323                   /lib/x86_64-linux-gnu/libgcrypt.so.20.0.5
7fc6f9682000-7fc6f9881000 ---p 000d8000 08:01 25952323                   /lib/x86_64-linux-gnu/libgcrypt.so.20.0.5
7fc6f9881000-7fc6f9882000 r--p 000d7000 08:01 25952323                   /lib/x86_64-linux-gnu/libgcrypt.so.20.0.5
7fc6f9882000-7fc6f988a000 rw-p 000d8000 08:01 25952323                   /lib/x86_64-linux-gnu/libgcrypt.so.20.0.5
7fc6f988a000-7fc6f988b000 rw-p 00000000 00:00 0 
7fc6f988b000-7fc6f9906000 r-xp 00000000 08:01 41165452                   /usr/lib/x86_64-linux-gnu/liborc-0.4.so.0.25.0
7fc6f9906000-7fc6f9b05000 ---p 0007b000 08:01 41165452                   /usr/lib/x86_64-linux-gnu/liborc-0.4.so.0.25.0
7fc6f9b05000-7fc6f9b07000 r--p 0007a000 08:01 41165452                   /usr/lib/x86_64-linux-gnu/liborc-0.4.so.0.25.0
7fc6f9b07000-7fc6f9b0b000 rw-p 0007c000 08:01 41165452                   /usr/lib/x86_64-linux-gnu/liborc-0.4.so.0.25.0
7fc6f9b0b000-7fc6f9b12000 r-xp 00000000 08:01 41165423                   /usr/lib/x86_64-linux-gnu/libogg.so.0.8.2
7fc6f9b12000-7fc6f9d12000 ---p 00007000 08:01 41165423                   /usr/lib/x86_64-linux-gnu/libogg.so.0.8.2
7fc6f9d12000-7fc6f9d13000 r--p 00007000 08:01 41165423                   /usr/lib/x86_64-linux-gnu/libogg.so.0.8.2
7fc6f9d13000-7fc6f9d14000 rw-p 00008000 08:01 41165423                   /usr/lib/x86_64-linux-gnu/libogg.so.0.8.2
7fc6f9d14000-7fc6f9d1e000 r-xp 00000000 08:01 41164557                   /usr/lib/x86_64-linux-gnu/libnuma.so.1.0.0
7fc6f9d1e000-7fc6f9f1d000 ---p 0000a000 08:01 41164557                   /usr/lib/x86_64-linux-gnu/libnuma.so.1.0.0
7fc6f9f1d000-7fc6f9f1e000 r--p 00009000 08:01 41164557                   /usr/lib/x86_64-linux-gnu/libnuma.so.1.0.0
7fc6f9f1e000-7fc6f9f1f000 rw-p 0000a000 08:01 41164557                   /usr/lib/x86_64-linux-gnu/libnuma.so.1.0.0
7fc6f9f1f000-7fc6f9f4d000 r-xp 00000000 08:01 41167087                   /usr/lib/x86_64-linux-gnu/libsoxr.so.0.1.1
7fc6f9f4d000-7fc6fa14c000 ---p 0002e000 08:01 41167087                   /usr/lib/x86_64-linux-gnu/libsoxr.so.0.1.1
7fc6fa14c000-7fc6fa14e000 r--p 0002d000 08:01 41167087                   /usr/lib/x86_64-linux-gnu/libsoxr.so.0.1.1
7fc6fa14e000-7fc6fa14f000 rw-p 0002f000 08:01 41167087                   /usr/lib/x86_64-linux-gnu/libsoxr.so.0.1.1
7fc6fa14f000-7fc6fa184000 rw-p 00000000 00:00 0 
7fc6fa184000-7fc6fa1a9000 r-xp 00000000 08:01 41167577                   /usr/lib/x86_64-linux-gnu/libv4lconvert.so.0.0.0
7fc6fa1a9000-7fc6fa3a9000 ---p 00025000 08:01 41167577                   /usr/lib/x86_64-linux-gnu/libv4lconvert.so.0.0.0
7fc6fa3a9000-7fc6fa3ab000 r--p 00025000 08:01 41167577                   /usr/lib/x86_64-linux-gnu/libv4lconvert.so.0.0.0
7fc6fa3ab000-7fc6fa3ac000 rw-p 00027000 08:01 41167577                   /usr/lib/x86_64-linux-gnu/libv4lconvert.so.0.0.0
7fc6fa3ac000-7fc6fa3fe000 rw-p 00000000 00:00 0 
7fc6fa3fe000-7fc6fa460000 r-xp 00000000 08:01 41167563                   /usr/lib/x86_64-linux-gnu/libXt.so.6.0.0
7fc6fa460000-7fc6fa660000 ---p 00062000 08:01 41167563                   /usr/lib/x86_64-linux-gnu/libXt.so.6.0.0
7fc6fa660000-7fc6fa661000 r--p 00062000 08:01 41167563                   /usr/lib/x86_64-linux-gnu/libXt.so.6.0.0
7fc6fa661000-7fc6fa666000 rw-p 00063000 08:01 41167563                   /usr/lib/x86_64-linux-gnu/libXt.so.6.0.0
7fc6fa666000-7fc6fa667000 rw-p 00000000 00:00 0 
7fc6fa667000-7fc6fa66f000 r-xp 00000000 08:01 41165806                   /usr/lib/x86_64-linux-gnu/libthai.so.0.2.4
7fc6fa66f000-7fc6fa86e000 ---p 00008000 08:01 41165806                   /usr/lib/x86_64-linux-gnu/libthai.so.0.2.4
7fc6fa86e000-7fc6fa86f000 r--p 00007000 08:01 41165806                   /usr/lib/x86_64-linux-gnu/libthai.so.0.2.4
7fc6fa86f000-7fc6fa870000 rw-p 00008000 08:01 41165806                   /usr/lib/x86_64-linux-gnu/libthai.so.0.2.4
7fc6fa870000-7fc6fa8cc000 r-xp 00000000 08:01 41166866                   /usr/lib/x86_64-linux-gnu/libharfbuzz.so.0.10000.1
7fc6fa8cc000-7fc6faacc000 ---p 0005c000 08:01 41166866                   /usr/lib/x86_64-linux-gnu/libharfbuzz.so.0.10000.1
7fc6faacc000-7fc6faacd000 r--p 0005c000 08:01 41166866                   /usr/lib/x86_64-linux-gnu/libharfbuzz.so.0.10000.1
7fc6faacd000-7fc6faace000 rw-p 0005d000 08:01 41166866                   /usr/lib/x86_64-linux-gnu/libharfbuzz.so.0.10000.1
7fc6faace000-7fc6faae5000 r-xp 00000000 08:01 25952291                   /lib/x86_64-linux-gnu/libresolv-2.23.so
7fc6faae5000-7fc6face5000 ---p 00017000 08:01 25952291                   /lib/x86_64-linux-gnu/libresolv-2.23.so
7fc6face5000-7fc6face6000 r--p 00017000 08:01 25952291                   /lib/x86_64-linux-gnu/libresolv-2.23.so
7fc6face6000-7fc6face7000 rw-p 00018000 08:01 25952291                   /lib/x86_64-linux-gnu/libresolv-2.23.so
7fc6face7000-7fc6face9000 rw-p 00000000 00:00 0 
7fc6face9000-7fc6fad08000 r-xp 00000000 08:01 25952360                   /lib/x86_64-linux-gnu/libselinux.so.1
7fc6fad08000-7fc6faf07000 ---p 0001f000 08:01 25952360                   /lib/x86_64-linux-gnu/libselinux.so.1
7fc6faf07000-7fc6faf08000 r--p 0001e000 08:01 25952360                   /lib/x86_64-linux-gnu/libselinux.so.1
7fc6faf08000-7fc6faf09000 rw-p 0001f000 08:01 25952360                   /lib/x86_64-linux-gnu/libselinux.so.1
7fc6faf09000-7fc6faf0b000 rw-p 00000000 00:00 0 
7fc6faf0b000-7fc6faf13000 r-xp 00000000 08:01 41166856                   /usr/lib/x86_64-linux-gnu/libxcb-render.so.0.0.0
7fc6faf13000-7fc6fb113000 ---p 00008000 08:01 41166856                   /usr/lib/x86_64-linux-gnu/libxcb-render.so.0.0.0
7fc6fb113000-7fc6fb114000 r--p 00008000 08:01 41166856                   /usr/lib/x86_64-linux-gnu/libxcb-render.so.0.0.0
7fc6fb114000-7fc6fb115000 rw-p 00009000 08:01 41166856                   /usr/lib/x86_64-linux-gnu/libxcb-render.so.0.0.0
7fc6fb115000-7fc6fb117000 r-xp 00000000 08:01 41166858                   /usr/lib/x86_64-linux-gnu/libxcb-shm.so.0.0.0
7fc6fb117000-7fc6fb317000 ---p 00002000 08:01 41166858                   /usr/lib/x86_64-linux-gnu/libxcb-shm.so.0.0.0
7fc6fb317000-7fc6fb318000 r--p 00002000 08:01 41166858                   /usr/lib/x86_64-linux-gnu/libxcb-shm.so.0.0.0
7fc6fb318000-7fc6fb319000 rw-p 00003000 08:01 41166858                   /usr/lib/x86_64-linux-gnu/libxcb-shm.so.0.0.0
7fc6fb319000-7fc6fb3b8000 r-xp 00000000 08:01 41166854                   /usr/lib/x86_64-linux-gnu/libpixman-1.so.0.33.6
7fc6fb3b8000-7fc6fb5b8000 ---p 0009f000 08:01 41166854                   /usr/lib/x86_64-linux-gnu/libpixman-1.so.0.33.6
7fc6fb5b8000-7fc6fb5c0000 r--p 0009f000 08:01 41166854                   /usr/lib/x86_64-linux-gnu/libpixman-1.so.0.33.6
7fc6fb5c0000-7fc6fb5c1000 rw-p 000a7000 08:01 41166854                   /usr/lib/x86_64-linux-gnu/libpixman-1.so.0.33.6
7fc6fb5c1000-7fc6fb665000 r-xp 00000000 08:01 41161571                   /usr/lib/x86_64-linux-gnu/libfreetype.so.6.12.1
7fc6fb665000-7fc6fb864000 ---p 000a4000 08:01 41161571                   /usr/lib/x86_64-linux-gnu/libfreetype.so.6.12.1
7fc6fb864000-7fc6fb86a000 r--p 000a3000 08:01 41161571                   /usr/lib/x86_64-linux-gnu/libfreetype.so.6.12.1
7fc6fb86a000-7fc6fb86b000 rw-p 000a9000 08:01 41161571                   /usr/lib/x86_64-linux-gnu/libfreetype.so.6.12.1
7fc6fb86b000-7fc6fb870000 r-xp 00000000 08:01 41163605                   /usr/lib/x86_64-linux-gnu/libXdmcp.so.6.0.0
7fc6fb870000-7fc6fba6f000 ---p 00005000 08:01 41163605                   /usr/lib/x86_64-linux-gnu/libXdmcp.so.6.0.0
7fc6fba6f000-7fc6fba70000 r--p 00004000 08:01 41163605                   /usr/lib/x86_64-linux-gnu/libXdmcp.so.6.0.0
7fc6fba70000-7fc6fba71000 rw-p 00005000 08:01 41163605                   /usr/lib/x86_64-linux-gnu/libXdmcp.so.6.0.0
7fc6fba71000-7fc6fba73000 r-xp 00000000 08:01 41163601                   /usr/lib/x86_64-linux-gnu/libXau.so.6.0.0
7fc6fba73000-7fc6fbc73000 ---p 00002000 08:01 41163601                   /usr/lib/x86_64-linux-gnu/libXau.so.6.0.0
7fc6fbc73000-7fc6fbc74000 r--p 00002000 08:01 41163601                   /usr/lib/x86_64-linux-gnu/libXau.so.6.0.0
7fc6fbc74000-7fc6fbc75000 rw-p 00003000 08:01 41163601                   /usr/lib/x86_64-linux-gnu/libXau.so.6.0.0
7fc6fbc75000-7fc6fbc84000 r-xp 00000000 08:01 25952271                   /lib/x86_64-linux-gnu/libbz2.so.1.0.4
7fc6fbc84000-7fc6fbe83000 ---p 0000f000 08:01 25952271                   /lib/x86_64-linux-gnu/libbz2.so.1.0.4
7fc6fbe83000-7fc6fbe84000 r--p 0000e000 08:01 25952271                   /lib/x86_64-linux-gnu/libbz2.so.1.0.4
7fc6fbe84000-7fc6fbe85000 rw-p 0000f000 08:01 25952271                   /lib/x86_64-linux-gnu/libbz2.so.1.0.4
7fc6fbe85000-7fc6fbfa9000 r-xp 00000000 08:01 41161264                   /usr/lib/x86_64-linux-gnu/libgnutls.so.30.6.2
7fc6fbfa9000-7fc6fc1a8000 ---p 00124000 08:01 41161264                   /usr/lib/x86_64-linux-gnu/libgnutls.so.30.6.2
7fc6fc1a8000-7fc6fc1b3000 r--p 00123000 08:01 41161264                   /usr/lib/x86_64-linux-gnu/libgnutls.so.30.6.2
7fc6fc1b3000-7fc6fc1b5000 rw-p 0012e000 08:01 41161264                   /usr/lib/x86_64-linux-gnu/libgnutls.so.30.6.2
7fc6fc1b5000-7fc6fc1b6000 rw-p 00000000 00:00 0 
7fc6fc1b6000-7fc6fc1fd000 r-xp 00000000 08:01 41167143                   /usr/lib/x86_64-linux-gnu/libbluray.so.1.9.2
7fc6fc1fd000-7fc6fc3fc000 ---p 00047000 08:01 41167143                   /usr/lib/x86_64-linux-gnu/libbluray.so.1.9.2
7fc6fc3fc000-7fc6fc3fe000 r--p 00046000 08:01 41167143                   /usr/lib/x86_64-linux-gnu/libbluray.so.1.9.2
7fc6fc3fe000-7fc6fc3ff000 rw-p 00048000 08:01 41167143                   /usr/lib/x86_64-linux-gnu/libbluray.so.1.9.2
7fc6fc3ff000-7fc6fc449000 r-xp 00000000 08:01 41167145                   /usr/lib/x86_64-linux-gnu/libgme.so.0.6.0
7fc6fc449000-7fc6fc649000 ---p 0004a000 08:01 41167145                   /usr/lib/x86_64-linux-gnu/libgme.so.0.6.0
7fc6fc649000-7fc6fc64c000 r--p 0004a000 08:01 41167145                   /usr/lib/x86_64-linux-gnu/libgme.so.0.6.0
7fc6fc64c000-7fc6fc64d000 rw-p 0004d000 08:01 41167145                   /usr/lib/x86_64-linux-gnu/libgme.so.0.6.0
7fc6fc64d000-7fc6fc697000 r-xp 00000000 08:01 41167147                   /usr/lib/x86_64-linux-gnu/libmodplug.so.1.0.0
7fc6fc697000-7fc6fc897000 ---p 0004a000 08:01 41167147                   /usr/lib/x86_64-linux-gnu/libmodplug.so.1.0.0
7fc6fc897000-7fc6fc898000 r--p 0004a000 08:01 41167147                   /usr/lib/x86_64-linux-gnu/libmodplug.so.1.0.0
7fc6fc898000-7fc6fc899000 rw-p 0004b000 08:01 41167147                   /usr/lib/x86_64-linux-gnu/libmodplug.so.1.0.0
7fc6fc899000-7fc6fc9d8000 rw-p 00000000 00:00 0 
7fc6fc9d8000-7fc6fc9f3000 r-xp 00000000 08:01 41164217                   /usr/lib/x86_64-linux-gnu/librtmp.so.1
7fc6fc9f3000-7fc6fcbf2000 ---p 0001b000 08:01 41164217                   /usr/lib/x86_64-linux-gnu/librtmp.so.1
7fc6fcbf2000-7fc6fcbf3000 r--p 0001a000 08:01 41164217                   /usr/lib/x86_64-linux-gnu/librtmp.so.1
7fc6fcbf3000-7fc6fcbf4000 rw-p 0001b000 08:01 41164217                   /usr/lib/x86_64-linux-gnu/librtmp.so.1
7fc6fcbf4000-7fc6fcc3c000 r-xp 00000000 08:01 41167149                   /usr/lib/x86_64-linux-gnu/libssh-gcrypt.so.4.4.1
7fc6fcc3c000-7fc6fce3b000 ---p 00048000 08:01 41167149                   /usr/lib/x86_64-linux-gnu/libssh-gcrypt.so.4.4.1
7fc6fce3b000-7fc6fce3c000 r--p 00047000 08:01 41167149                   /usr/lib/x86_64-linux-gnu/libssh-gcrypt.so.4.4.1
7fc6fce3c000-7fc6fce3d000 rw-p 00048000 08:01 41167149                   /usr/lib/x86_64-linux-gnu/libssh-gcrypt.so.4.4.1
7fc6fce3d000-7fc6fce57000 r-xp 00000000 08:01 41165410                   /usr/lib/x86_64-linux-gnu/libcrystalhd.so.3.6
7fc6fce57000-7fc6fd056000 ---p 0001a000 08:01 41165410                   /usr/lib/x86_64-linux-gnu/libcrystalhd.so.3.6
7fc6fd056000-7fc6fd057000 r--p 00019000 08:01 41165410                   /usr/lib/x86_64-linux-gnu/libcrystalhd.so.3.6
7fc6fd057000-7fc6fd058000 rw-p 0001a000 08:01 41165410                   /usr/lib/x86_64-linux-gnu/libcrystalhd.so.3.6
7fc6fd058000-7fc6fd065000 r-xp 00000000 08:01 41165412                   /usr/lib/x86_64-linux-gnu/libgsm.so.1.0.12
7fc6fd065000-7fc6fd264000 ---p 0000d000 08:01 41165412                   /usr/lib/x86_64-linux-gnu/libgsm.so.1.0.12
7fc6fd264000-7fc6fd265000 r--p 0000c000 08:01 41165412                   /usr/lib/x86_64-linux-gnu/libgsm.so.1.0.12
7fc6fd265000-7fc6fd266000 rw-p 0000d000 08:01 41165412                   /usr/lib/x86_64-linux-gnu/libgsm.so.1.0.12
7fc6fd266000-7fc6fd2ab000 r-xp 00000000 08:01 41167073                   /usr/lib/x86_64-linux-gnu/libmp3lame.so.0.0.0
7fc6fd2ab000-7fc6fd4ab000 ---p 00045000 08:01 41167073                   /usr/lib/x86_64-linux-gnu/libmp3lame.so.0.0.0
7fc6fd4ab000-7fc6fd4ac000 r--p 00045000 08:01 41167073                   /usr/lib/x86_64-linux-gnu/libmp3lame.so.0.0.0
7fc6fd4ac000-7fc6fd4ad000 rw-p 00046000 08:01 41167073                   /usr/lib/x86_64-linux-gnu/libmp3lame.so.0.0.0
7fc6fd4ad000-7fc6fd4db000 rw-p 00000000 00:00 0 
7fc6fd4db000-7fc6fd4fd000 r-xp 00000000 08:01 41167076                   /usr/lib/x86_64-linux-gnu/libopenjpeg.so.1.5.2
7fc6fd4fd000-7fc6fd6fc000 ---p 00022000 08:01 41167076                   /usr/lib/x86_64-linux-gnu/libopenjpeg.so.1.5.2
7fc6fd6fc000-7fc6fd6fd000 r--p 00021000 08:01 41167076                   /usr/lib/x86_64-linux-gnu/libopenjpeg.so.1.5.2
7fc6fd6fd000-7fc6fd6fe000 rw-p 00022000 08:01 41167076                   /usr/lib/x86_64-linux-gnu/libopenjpeg.so.1.5.2
7fc6fd6fe000-7fc6fd747000 r-xp 00000000 08:01 41167079                   /usr/lib/x86_64-linux-gnu/libopus.so.0.5.2
7fc6fd747000-7fc6fd946000 ---p 00049000 08:01 41167079                   /usr/lib/x86_64-linux-gnu/libopus.so.0.5.2
7fc6fd946000-7fc6fd947000 r--p 00048000 08:01 41167079                   /usr/lib/x86_64-linux-gnu/libopus.so.0.5.2
7fc6fd947000-7fc6fd948000 rw-p 00049000 08:01 41167079                   /usr/lib/x86_64-linux-gnu/libopus.so.0.5.2
7fc6fd948000-7fc6fda19000 r-xp 00000000 08:01 41165456                   /usr/lib/x86_64-linux-gnu/libschroedinger-1.0.so.0.11.0
7fc6fda19000-7fc6fdc19000 ---p 000d1000 08:01 41165456                   /usr/lib/x86_64-linux-gnu/libschroedinger-1.0.so.0.11.0
7fc6fdc19000-7fc6fdc1b000 r--p 000d1000 08:01 41165456                   /usr/lib/x86_64-linux-gnu/libschroedinger-1.0.so.0.11.0
7fc6fdc1b000-7fc6fdc1c000 rw-p 000d3000 08:01 41165456                   /usr/lib/x86_64-linux-gnu/libschroedinger-1.0.so.0.11.0
7fc6fdc1c000-7fc6fdc1d000 rw-p 00000000 00:00 0 
7fc6fdc1d000-7fc6fdc29000 r-xp 00000000 08:01 41167081                   /usr/lib/x86_64-linux-gnu/libshine.so.3.0.1
7fc6fdc29000-7fc6fde28000 ---p 0000c000 08:01 41167081                   /usr/lib/x86_64-linux-gnu/libshine.so.3.0.1
7fc6fde28000-7fc6fde29000 r--p 0000b000 08:01 41167081                   /usr/lib/x86_64-linux-gnu/libshine.so.3.0.1
7fc6fde29000-7fc6fde2a000 rw-p 0000c000 08:01 41167081                   /usr/lib/x86_64-linux-gnu/libshine.so.3.0.1
7fc6fde2a000-7fc6fde31000 r-xp 00000000 08:01 41167083                   /usr/lib/x86_64-linux-gnu/libsnappy.so.1.3.0
7fc6fde31000-7fc6fe030000 ---p 00007000 08:01 41167083                   /usr/lib/x86_64-linux-gnu/libsnappy.so.1.3.0
7fc6fe030000-7fc6fe031000 r--p 00006000 08:01 41167083                   /usr/lib/x86_64-linux-gnu/libsnappy.so.1.3.0
7fc6fe031000-7fc6fe032000 rw-p 00007000 08:01 41167083                   /usr/lib/x86_64-linux-gnu/libsnappy.so.1.3.0
7fc6fe032000-7fc6fe049000 r-xp 00000000 08:01 41167085                   /usr/lib/x86_64-linux-gnu/libspeex.so.1.5.0
7fc6fe049000-7fc6fe249000 ---p 00017000 08:01 41167085                   /usr/lib/x86_64-linux-gnu/libspeex.so.1.5.0
7fc6fe249000-7fc6fe24a000 r--p 00017000 08:01 41167085                   /usr/lib/x86_64-linux-gnu/libspeex.so.1.5.0
7fc6fe24a000-7fc6fe24b000 rw-p 00018000 08:01 41167085                   /usr/lib/x86_64-linux-gnu/libspeex.so.1.5.0
7fc6fe24b000-7fc6fe264000 r-xp 00000000 08:01 41167094                   /usr/lib/x86_64-linux-gnu/libtheoradec.so.1.1.4
7fc6fe264000-7fc6fe463000 ---p 00019000 08:01 41167094                   /usr/lib/x86_64-linux-gnu/libtheoradec.so.1.1.4
7fc6fe463000-7fc6fe464000 r--p 00018000 08:01 41167094                   /usr/lib/x86_64-linux-gnu/libtheoradec.so.1.1.4
7fc6fe464000-7fc6fe465000 rw-p 00019000 08:01 41167094                   /usr/lib/x86_64-linux-gnu/libtheoradec.so.1.1.4
7fc6fe465000-7fc6fe4a3000 r-xp 00000000 08:01 41167092                   /usr/lib/x86_64-linux-gnu/libtheoraenc.so.1.1.2
7fc6fe4a3000-7fc6fe6a2000 ---p 0003e000 08:01 41167092                   /usr/lib/x86_64-linux-gnu/libtheoraenc.so.1.1.2
7fc6fe6a2000-7fc6fe6a3000 r--p 0003d000 08:01 41167092                   /usr/lib/x86_64-linux-gnu/libtheoraenc.so.1.1.2
7fc6fe6a3000-7fc6fe6a4000 rw-p 0003e000 08:01 41167092                   /usr/lib/x86_64-linux-gnu/libtheoraenc.so.1.1.2
7fc6fe6a4000-7fc6fe6c2000 r-xp 00000000 08:01 41167098                   /usr/lib/x86_64-linux-gnu/libtwolame.so.0.0.0
7fc6fe6c2000-7fc6fe8c1000 ---p 0001e000 08:01 41167098                   /usr/lib/x86_64-linux-gnu/libtwolame.so.0.0.0
7fc6fe8c1000-7fc6fe8c2000 r--p 0001d000 08:01 41167098                   /usr/lib/x86_64-linux-gnu/libtwolame.so.0.0.0
7fc6fe8c2000-7fc6fe8c3000 rw-p 0001e000 08:01 41167098                   /usr/lib/x86_64-linux-gnu/libtwolame.so.0.0.0
7fc6fe8c3000-7fc6fe8c7000 rw-p 00000000 00:00 0 
7fc6fe8c7000-7fc6fe8f1000 r-xp 00000000 08:01 41167102                   /usr/lib/x86_64-linux-gnu/libvorbis.so.0.4.8
7fc6fe8f1000-7fc6feaf1000 ---p 0002a000 08:01 41167102                   /usr/lib/x86_64-linux-gnu/libvorbis.so.0.4.8
7fc6feaf1000-7fc6feaf2000 r--p 0002a000 08:01 41167102                   /usr/lib/x86_64-linux-gnu/libvorbis.so.0.4.8
7fc6feaf2000-7fc6feaf3000 rw-p 0002b000 08:01 41167102                   /usr/lib/x86_64-linux-gnu/libvorbis.so.0.4.8
7fc6feaf3000-7fc6feb80000 r-xp 00000000 08:01 41167105                   /usr/lib/x86_64-linux-gnu/libvorbisenc.so.2.0.11
7fc6feb80000-7fc6fed7f000 ---p 0008d000 08:01 41167105                   /usr/lib/x86_64-linux-gnu/libvorbisenc.so.2.0.11
7fc6fed7f000-7fc6fed9b000 r--p 0008c000 08:01 41167105                   /usr/lib/x86_64-linux-gnu/libvorbisenc.so.2.0.11
7fc6fed9b000-7fc6fed9c000 rw-p 000a8000 08:01 41167105                   /usr/lib/x86_64-linux-gnu/libvorbisenc.so.2.0.11
7fc6fed9c000-7fc6fefbb000 r-xp 00000000 08:01 41167107                   /usr/lib/x86_64-linux-gnu/libvpx.so.3.0.0
7fc6fefbb000-7fc6ff1ba000 ---p 0021f000 08:01 41167107                   /usr/lib/x86_64-linux-gnu/libvpx.so.3.0.0
7fc6ff1ba000-7fc6ff1bc000 r--p 0021e000 08:01 41167107                   /usr/lib/x86_64-linux-gnu/libvpx.so.3.0.0
7fc6ff1bc000-7fc6ff1bd000 rw-p 00220000 08:01 41167107                   /usr/lib/x86_64-linux-gnu/libvpx.so.3.0.0
7fc6ff1bd000-7fc6ff1c0000 rw-p 00000000 00:00 0 
7fc6ff1c0000-7fc6ff1e8000 r-xp 00000000 08:01 41167110                   /usr/lib/x86_64-linux-gnu/libwavpack.so.1.1.7
7fc6ff1e8000-7fc6ff3e7000 ---p 00028000 08:01 41167110                   /usr/lib/x86_64-linux-gnu/libwavpack.so.1.1.7
7fc6ff3e7000-7fc6ff3e8000 r--p 00027000 08:01 41167110                   /usr/lib/x86_64-linux-gnu/libwavpack.so.1.1.7
7fc6ff3e8000-7fc6ff3e9000 rw-p 00028000 08:01 41167110                   /usr/lib/x86_64-linux-gnu/libwavpack.so.1.1.7
7fc6ff3e9000-7fc6ff442000 r-xp 00000000 08:01 41167112                   /usr/lib/x86_64-linux-gnu/libwebp.so.5.0.4
7fc6ff442000-7fc6ff642000 ---p 00059000 08:01 41167112                   /usr/lib/x86_64-linux-gnu/libwebp.so.5.0.4
7fc6ff642000-7fc6ff643000 r--p 00059000 08:01 41167112                   /usr/lib/x86_64-linux-gnu/libwebp.so.5.0.4
7fc6ff643000-7fc6ff645000 rw-p 0005a000 08:01 41167112                   /usr/lib/x86_64-linux-gnu/libwebp.so.5.0.4
7fc6ff645000-7fc6ff76d000 r-xp 00000000 08:01 41167114                   /usr/lib/x86_64-linux-gnu/libx264.so.148
7fc6ff76d000-7fc6ff96c000 ---p 00128000 08:01 41167114                   /usr/lib/x86_64-linux-gnu/libx264.so.148
7fc6ff96c000-7fc6ff96d000 r--p 00127000 08:01 41167114                   /usr/lib/x86_64-linux-gnu/libx264.so.148
7fc6ff96d000-7fc6ff96e000 rw-p 00128000 08:01 41167114                   /usr/lib/x86_64-linux-gnu/libx264.so.148
7fc6ff96e000-7fc6ff9e9000 rw-p 00000000 00:00 0 
7fc6ff9e9000-7fc7003f6000 r-xp 00000000 08:01 41167115                   /usr/lib/x86_64-linux-gnu/libx265.so.79
7fc7003f6000-7fc7005f5000 ---p 00a0d000 08:01 41167115                   /usr/lib/x86_64-linux-gnu/libx265.so.79
7fc7005f5000-7fc7005f8000 r--p 00a0c000 08:01 41167115                   /usr/lib/x86_64-linux-gnu/libx265.so.79
7fc7005f8000-7fc7005fb000 rw-p 00a0f000 08:01 41167115                   /usr/lib/x86_64-linux-gnu/libx265.so.79
7fc7005fb000-7fc700608000 rw-p 00000000 00:00 0 
7fc700608000-7fc7006a9000 r-xp 00000000 08:01 41167116                   /usr/lib/x86_64-linux-gnu/libxvidcore.so.4.3
7fc7006a9000-7fc7008a8000 ---p 000a1000 08:01 41167116                   /usr/lib/x86_64-linux-gnu/libxvidcore.so.4.3
7fc7008a8000-7fc7008a9000 r--p 000a0000 08:01 41167116                   /usr/lib/x86_64-linux-gnu/libxvidcore.so.4.3
7fc7008a9000-7fc7008b3000 rw-p 000a1000 08:01 41167116                   /usr/lib/x86_64-linux-gnu/libxvidcore.so.4.3
7fc7008b3000-7fc70091c000 rw-p 00000000 00:00 0 
7fc70091c000-7fc700993000 r-xp 00000000 08:01 41167124                   /usr/lib/x86_64-linux-gnu/libzvbi.so.0.13.2
7fc700993000-7fc700b92000 ---p 00077000 08:01 41167124                   /usr/lib/x86_64-linux-gnu/libzvbi.so.0.13.2
7fc700b92000-7fc700b9b000 r--p 00076000 08:01 41167124                   /usr/lib/x86_64-linux-gnu/libzvbi.so.0.13.2
7fc700b9b000-7fc700ba7000 rw-p 0007f000 08:01 41167124                   /usr/lib/x86_64-linux-gnu/libzvbi.so.0.13.2
7fc700ba7000-7fc700bc2000 r-xp 00000000 08:01 41167100                   /usr/lib/x86_64-linux-gnu/libva.so.1.3900.0
7fc700bc2000-7fc700dc1000 ---p 0001b000 08:01 41167100                   /usr/lib/x86_64-linux-gnu/libva.so.1.3900.0
7fc700dc1000-7fc700dc2000 r--p 0001a000 08:01 41167100                   /usr/lib/x86_64-linux-gnu/libva.so.1.3900.0
7fc700dc2000-7fc700dc3000 rw-p 0001b000 08:01 41167100                   /usr/lib/x86_64-linux-gnu/libva.so.1.3900.0
7fc700dc3000-7fc700ddd000 r-xp 00000000 08:01 41167089                   /usr/lib/x86_64-linux-gnu/libswresample-ffmpeg.so.1.2.101
7fc700ddd000-7fc700fdc000 ---p 0001a000 08:01 41167089                   /usr/lib/x86_64-linux-gnu/libswresample-ffmpeg.so.1.2.101
7fc700fdc000-7fc700fde000 r--p 00019000 08:01 41167089                   /usr/lib/x86_64-linux-gnu/libswresample-ffmpeg.so.1.2.101
7fc700fde000-7fc700fdf000 rw-p 0001b000 08:01 41167089                   /usr/lib/x86_64-linux-gnu/libswresample-ffmpeg.so.1.2.101
7fc700fdf000-7fc700fe8000 r-xp 00000000 08:01 41167580                   /usr/lib/x86_64-linux-gnu/libv4l2.so.0.0.0
7fc700fe8000-7fc7011e7000 ---p 00009000 08:01 41167580                   /usr/lib/x86_64-linux-gnu/libv4l2.so.0.0.0
7fc7011e7000-7fc7011e8000 r--p 00008000 08:01 41167580                   /usr/lib/x86_64-linux-gnu/libv4l2.so.0.0.0
7fc7011e8000-7fc7011ed000 rw-p 00009000 08:01 41167580                   /usr/lib/x86_64-linux-gnu/libv4l2.so.0.0.0
7fc7011ed000-7fc701204000 r-xp 00000000 08:01 25956289                   /lib/x86_64-linux-gnu/libusb-1.0.so.0.1.0
7fc701204000-7fc701403000 ---p 00017000 08:01 25956289                   /lib/x86_64-linux-gnu/libusb-1.0.so.0.1.0
7fc701403000-7fc701404000 r--p 00016000 08:01 25956289                   /lib/x86_64-linux-gnu/libusb-1.0.so.0.1.0
7fc701404000-7fc701405000 rw-p 00017000 08:01 25956289                   /lib/x86_64-linux-gnu/libusb-1.0.so.0.1.0
7fc701405000-7fc701412000 r-xp 00000000 08:01 41167556                   /usr/lib/x86_64-linux-gnu/libraw1394.so.11.1.0
7fc701412000-7fc701612000 ---p 0000d000 08:01 41167556                   /usr/lib/x86_64-linux-gnu/libraw1394.so.11.1.0
7fc701612000-7fc701613000 r--p 0000d000 08:01 41167556                   /usr/lib/x86_64-linux-gnu/libraw1394.so.11.1.0
7fc701613000-7fc701614000 rw-p 0000e000 08:01 41167556                   /usr/lib/x86_64-linux-gnu/libraw1394.so.11.1.0
7fc701614000-7fc701632000 r-xp 00000000 08:01 41165810                   /usr/lib/x86_64-linux-gnu/libpangox-1.0.so.0.0.0
7fc701632000-7fc701832000 ---p 0001e000 08:01 41165810                   /usr/lib/x86_64-linux-gnu/libpangox-1.0.so.0.0.0
7fc701832000-7fc701833000 r--p 0001e000 08:01 41165810                   /usr/lib/x86_64-linux-gnu/libpangox-1.0.so.0.0.0
7fc701833000-7fc701834000 rw-p 0001f000 08:01 41165810                   /usr/lib/x86_64-linux-gnu/libpangox-1.0.so.0.0.0
7fc701834000-7fc70184c000 r-xp 00000000 08:01 41167565                   /usr/lib/x86_64-linux-gnu/libXmu.so.6.2.0
7fc70184c000-7fc701a4b000 ---p 00018000 08:01 41167565                   /usr/lib/x86_64-linux-gnu/libXmu.so.6.2.0
7fc701a4b000-7fc701a4c000 r--p 00017000 08:01 41167565                   /usr/lib/x86_64-linux-gnu/libXmu.so.6.2.0
7fc701a4c000-7fc701a4d000 rw-p 00018000 08:01 41167565                   /usr/lib/x86_64-linux-gnu/libXmu.so.6.2.0
7fc701a4d000-7fc701aba000 r-xp 00000000 08:01 41167561                   /usr/lib/x86_64-linux-gnu/libGLU.so.1.3.1
7fc701aba000-7fc701cba000 ---p 0006d000 08:01 41167561                   /usr/lib/x86_64-linux-gnu/libGLU.so.1.3.1
7fc701cba000-7fc701cbb000 r--p 0006d000 08:01 41167561                   /usr/lib/x86_64-linux-gnu/libGLU.so.1.3.1
7fc701cbb000-7fc701cbc000 rw-p 0006e000 08:01 41167561                   /usr/lib/x86_64-linux-gnu/libGLU.so.1.3.1
7fc701cbc000-7fc701d2a000 r-xp 00000000 08:01 25952352                   /lib/x86_64-linux-gnu/libpcre.so.3.13.2
7fc701d2a000-7fc701f2a000 ---p 0006e000 08:01 25952352                   /lib/x86_64-linux-gnu/libpcre.so.3.13.2
7fc701f2a000-7fc701f2b000 r--p 0006e000 08:01 25952352                   /lib/x86_64-linux-gnu/libpcre.so.3.13.2
7fc701f2b000-7fc701f2c000 rw-p 0006f000 08:01 25952352                   /lib/x86_64-linux-gnu/libpcre.so.3.13.2
7fc701f2c000-7fc701f33000 r-xp 00000000 08:01 41161256                   /usr/lib/x86_64-linux-gnu/libffi.so.6.0.4
7fc701f33000-7fc702132000 ---p 00007000 08:01 41161256                   /usr/lib/x86_64-linux-gnu/libffi.so.6.0.4
7fc702132000-7fc702133000 r--p 00006000 08:01 41161256                   /usr/lib/x86_64-linux-gnu/libffi.so.6.0.4
7fc702133000-7fc702134000 rw-p 00007000 08:01 41161256                   /usr/lib/x86_64-linux-gnu/libffi.so.6.0.4
7fc702134000-7fc702136000 r-xp 00000000 08:01 41165462                   /usr/lib/x86_64-linux-gnu/libXcomposite.so.1.0.0
7fc702136000-7fc702335000 ---p 00002000 08:01 41165462                   /usr/lib/x86_64-linux-gnu/libXcomposite.so.1.0.0
7fc702335000-7fc702336000 r--p 00001000 08:01 41165462                   /usr/lib/x86_64-linux-gnu/libXcomposite.so.1.0.0
7fc702336000-7fc702337000 rw-p 00002000 08:01 41165462                   /usr/lib/x86_64-linux-gnu/libXcomposite.so.1.0.0
7fc702337000-7fc702340000 r-xp 00000000 08:01 41165468                   /usr/lib/x86_64-linux-gnu/libXcursor.so.1.0.2
7fc702340000-7fc70253f000 ---p 00009000 08:01 41165468                   /usr/lib/x86_64-linux-gnu/libXcursor.so.1.0.2
7fc70253f000-7fc702540000 r--p 00008000 08:01 41165468                   /usr/lib/x86_64-linux-gnu/libXcursor.so.1.0.2
7fc702540000-7fc702541000 rw-p 00009000 08:01 41165468                   /usr/lib/x86_64-linux-gnu/libXcursor.so.1.0.2
7fc702541000-7fc70254b000 r-xp 00000000 08:01 41166881                   /usr/lib/x86_64-linux-gnu/libXrandr.so.2.2.0
7fc70254b000-7fc70274a000 ---p 0000a000 08:01 41166881                   /usr/lib/x86_64-linux-gnu/libXrandr.so.2.2.0
7fc70274a000-7fc70274b000 r--p 00009000 08:01 41166881                   /usr/lib/x86_64-linux-gnu/libXrandr.so.2.2.0
7fc70274b000-7fc70274c000 rw-p 0000a000 08:01 41166881                   /usr/lib/x86_64-linux-gnu/libXrandr.so.2.2.0
7fc70274c000-7fc70275b000 r-xp 00000000 08:01 41166879                   /usr/lib/x86_64-linux-gnu/libXi.so.6.1.0
7fc70275b000-7fc70295a000 ---p 0000f000 08:01 41166879                   /usr/lib/x86_64-linux-gnu/libXi.so.6.1.0
7fc70295a000-7fc70295b000 r--p 0000e000 08:01 41166879                   /usr/lib/x86_64-linux-gnu/libXi.so.6.1.0
7fc70295b000-7fc70295c000 rw-p 0000f000 08:01 41166879                   /usr/lib/x86_64-linux-gnu/libXi.so.6.1.0
7fc70295c000-7fc70295e000 r-xp 00000000 08:01 41165474                   /usr/lib/x86_64-linux-gnu/libXinerama.so.1.0.0
7fc70295e000-7fc702b5d000 ---p 00002000 08:01 41165474                   /usr/lib/x86_64-linux-gnu/libXinerama.so.1.0.0
7fc702b5d000-7fc702b5e000 r--p 00001000 08:01 41165474                   /usr/lib/x86_64-linux-gnu/libXinerama.so.1.0.0
7fc702b5e000-7fc702b5f000 rw-p 00002000 08:01 41165474                   /usr/lib/x86_64-linux-gnu/libXinerama.so.1.0.0
7fc702b5f000-7fc702b68000 r-xp 00000000 08:01 41165466                   /usr/lib/x86_64-linux-gnu/libXrender.so.1.3.0
7fc702b68000-7fc702d67000 ---p 00009000 08:01 41165466                   /usr/lib/x86_64-linux-gnu/libXrender.so.1.3.0
7fc702d67000-7fc702d68000 r--p 00008000 08:01 41165466                   /usr/lib/x86_64-linux-gnu/libXrender.so.1.3.0
7fc702d68000-7fc702d69000 rw-p 00009000 08:01 41165466                   /usr/lib/x86_64-linux-gnu/libXrender.so.1.3.0
7fc702d69000-7fc702da6000 r-xp 00000000 08:01 41165389                   /usr/lib/x86_64-linux-gnu/libfontconfig.so.1.9.0
7fc702da6000-7fc702fa5000 ---p 0003d000 08:01 41165389                   /usr/lib/x86_64-linux-gnu/libfontconfig.so.1.9.0
7fc702fa5000-7fc702fa7000 r--p 0003c000 08:01 41165389                   /usr/lib/x86_64-linux-gnu/libfontconfig.so.1.9.0
7fc702fa7000-7fc702fac000 rw-p 0003e000 08:01 41165389                   /usr/lib/x86_64-linux-gnu/libfontconfig.so.1.9.0
7fc702fac000-7fc702ff5000 r-xp 00000000 08:01 41165808                   /usr/lib/x86_64-linux-gnu/libpango-1.0.so.0.3800.1
7fc702ff5000-7fc7031f5000 ---p 00049000 08:01 41165808                   /usr/lib/x86_64-linux-gnu/libpango-1.0.so.0.3800.1
7fc7031f5000-7fc7031f7000 r--p 00049000 08:01 41165808                   /usr/lib/x86_64-linux-gnu/libpango-1.0.so.0.3800.1
7fc7031f7000-7fc7031f8000 rw-p 0004b000 08:01 41165808                   /usr/lib/x86_64-linux-gnu/libpango-1.0.so.0.3800.1
7fc7031f8000-7fc70320c000 r-xp 00000000 08:01 41166868                   /usr/lib/x86_64-linux-gnu/libpangoft2-1.0.so.0.3800.1
7fc70320c000-7fc70340c000 ---p 00014000 08:01 41166868                   /usr/lib/x86_64-linux-gnu/libpangoft2-1.0.so.0.3800.1
7fc70340c000-7fc70340d000 r--p 00014000 08:01 41166868                   /usr/lib/x86_64-linux-gnu/libpangoft2-1.0.so.0.3800.1
7fc70340d000-7fc70340e000 rw-p 00015000 08:01 41166868                   /usr/lib/x86_64-linux-gnu/libpangoft2-1.0.so.0.3800.1
7fc70340e000-7fc70358e000 r-xp 00000000 08:01 41161844                   /usr/lib/x86_64-linux-gnu/libgio-2.0.so.0.4800.0
7fc70358e000-7fc70378e000 ---p 00180000 08:01 41161844                   /usr/lib/x86_64-linux-gnu/libgio-2.0.so.0.4800.0
7fc70378e000-7fc703792000 r--p 00180000 08:01 41161844                   /usr/lib/x86_64-linux-gnu/libgio-2.0.so.0.4800.0
7fc703792000-7fc703794000 rw-p 00184000 08:01 41161844                   /usr/lib/x86_64-linux-gnu/libgio-2.0.so.0.4800.0
7fc703794000-7fc703796000 rw-p 00000000 00:00 0 
7fc703796000-7fc7037b7000 r-xp 00000000 08:01 41166850                   /usr/lib/x86_64-linux-gnu/libgdk_pixbuf-2.0.so.0.3200.2
7fc7037b7000-7fc7039b6000 ---p 00021000 08:01 41166850                   /usr/lib/x86_64-linux-gnu/libgdk_pixbuf-2.0.so.0.3200.2
7fc7039b6000-7fc7039b7000 r--p 00020000 08:01 41166850                   /usr/lib/x86_64-linux-gnu/libgdk_pixbuf-2.0.so.0.3200.2
7fc7039b7000-7fc7039b8000 rw-p 00021000 08:01 41166850                   /usr/lib/x86_64-linux-gnu/libgdk_pixbuf-2.0.so.0.3200.2
7fc7039b8000-7fc703ac6000 r-xp 00000000 08:01 41166860                   /usr/lib/x86_64-linux-gnu/libcairo.so.2.11400.6
7fc703ac6000-7fc703cc6000 ---p 0010e000 08:01 41166860                   /usr/lib/x86_64-linux-gnu/libcairo.so.2.11400.6
7fc703cc6000-7fc703cc9000 r--p 0010e000 08:01 41166860                   /usr/lib/x86_64-linux-gnu/libcairo.so.2.11400.6
7fc703cc9000-7fc703cca000 rw-p 00111000 08:01 41166860                   /usr/lib/x86_64-linux-gnu/libcairo.so.2.11400.6
7fc703cca000-7fc703ccc000 rw-p 00000000 00:00 0 
7fc703ccc000-7fc703cee000 r-xp 00000000 08:01 41166844                   /usr/lib/x86_64-linux-gnu/libatk-1.0.so.0.21809.1
7fc703cee000-7fc703eed000 ---p 00022000 08:01 41166844                   /usr/lib/x86_64-linux-gnu/libatk-1.0.so.0.21809.1
7fc703eed000-7fc703ef0000 r--p 00021000 08:01 41166844                   /usr/lib/x86_64-linux-gnu/libatk-1.0.so.0.21809.1
7fc703ef0000-7fc703ef1000 rw-p 00024000 08:01 41166844                   /usr/lib/x86_64-linux-gnu/libatk-1.0.so.0.21809.1
7fc703ef1000-7fc703efd000 r-xp 00000000 08:01 41166870                   /usr/lib/x86_64-linux-gnu/libpangocairo-1.0.so.0.3800.1
7fc703efd000-7fc7040fc000 ---p 0000c000 08:01 41166870                   /usr/lib/x86_64-linux-gnu/libpangocairo-1.0.so.0.3800.1
7fc7040fc000-7fc7040fd000 r--p 0000b000 08:01 41166870                   /usr/lib/x86_64-linux-gnu/libpangocairo-1.0.so.0.3800.1
7fc7040fd000-7fc7040fe000 rw-p 0000c000 08:01 41166870                   /usr/lib/x86_64-linux-gnu/libpangocairo-1.0.so.0.3800.1
7fc7040fe000-7fc704101000 r-xp 00000000 08:01 41161846                   /usr/lib/x86_64-linux-gnu/libgmodule-2.0.so.0.4800.0
7fc704101000-7fc704300000 ---p 00003000 08:01 41161846                   /usr/lib/x86_64-linux-gnu/libgmodule-2.0.so.0.4800.0
7fc704300000-7fc704301000 r--p 00002000 08:01 41161846                   /usr/lib/x86_64-linux-gnu/libgmodule-2.0.so.0.4800.0
7fc704301000-7fc704302000 rw-p 00003000 08:01 41161846                   /usr/lib/x86_64-linux-gnu/libgmodule-2.0.so.0.4800.0
7fc704302000-7fc704307000 r-xp 00000000 08:01 41165429                   /usr/lib/x86_64-linux-gnu/libIlmThread-2_2.so.12.0.0
7fc704307000-7fc704507000 ---p 00005000 08:01 41165429                   /usr/lib/x86_64-linux-gnu/libIlmThread-2_2.so.12.0.0
7fc704507000-7fc704508000 r--p 00005000 08:01 41165429                   /usr/lib/x86_64-linux-gnu/libIlmThread-2_2.so.12.0.0
7fc704508000-7fc704509000 rw-p 00006000 08:01 41165429                   /usr/lib/x86_64-linux-gnu/libIlmThread-2_2.so.12.0.0
7fc704509000-7fc704524000 r-xp 00000000 08:01 41165428                   /usr/lib/x86_64-linux-gnu/libIex-2_2.so.12.0.0
7fc704524000-7fc704723000 ---p 0001b000 08:01 41165428                   /usr/lib/x86_64-linux-gnu/libIex-2_2.so.12.0.0
7fc704723000-7fc704726000 r--p 0001a000 08:01 41165428                   /usr/lib/x86_64-linux-gnu/libIex-2_2.so.12.0.0
7fc704726000-7fc704727000 rw-p 0001d000 08:01 41165428                   /usr/lib/x86_64-linux-gnu/libIex-2_2.so.12.0.0
7fc704727000-7fc704732000 r-xp 00000000 08:01 41165799                   /usr/lib/x86_64-linux-gnu/libjbig.so.0
7fc704732000-7fc704931000 ---p 0000b000 08:01 41165799                   /usr/lib/x86_64-linux-gnu/libjbig.so.0
7fc704931000-7fc704932000 r--p 0000a000 08:01 41165799                   /usr/lib/x86_64-linux-gnu/libjbig.so.0
7fc704932000-7fc704935000 rw-p 0000b000 08:01 41165799                   /usr/lib/x86_64-linux-gnu/libjbig.so.0
7fc704935000-7fc704956000 r-xp 00000000 08:01 25952329                   /lib/x86_64-linux-gnu/liblzma.so.5.0.0
7fc704956000-7fc704b55000 ---p 00021000 08:01 25952329                   /lib/x86_64-linux-gnu/liblzma.so.5.0.0
7fc704b55000-7fc704b56000 r--p 00020000 08:01 25952329                   /lib/x86_64-linux-gnu/liblzma.so.5.0.0
7fc704b56000-7fc704b57000 rw-p 00021000 08:01 25952329                   /lib/x86_64-linux-gnu/liblzma.so.5.0.0
7fc704b57000-7fc704b65000 r-xp 00000000 08:01 41164565                   /usr/lib/x86_64-linux-gnu/libdrm.so.2.4.0
7fc704b65000-7fc704d64000 ---p 0000e000 08:01 41164565                   /usr/lib/x86_64-linux-gnu/libdrm.so.2.4.0
7fc704d64000-7fc704d65000 r--p 0000d000 08:01 41164565                   /usr/lib/x86_64-linux-gnu/libdrm.so.2.4.0
7fc704d65000-7fc704d66000 rw-p 0000e000 08:01 41164565                   /usr/lib/x86_64-linux-gnu/libdrm.so.2.4.0
7fc704d66000-7fc704d6b000 r-xp 00000000 08:01 41165478                   /usr/lib/x86_64-linux-gnu/libXxf86vm.so.1.0.0
7fc704d6b000-7fc704f6a000 ---p 00005000 08:01 41165478                   /usr/lib/x86_64-linux-gnu/libXxf86vm.so.1.0.0
7fc704f6a000-7fc704f6b000 r--p 00004000 08:01 41165478                   /usr/lib/x86_64-linux-gnu/libXxf86vm.so.1.0.0
7fc704f6b000-7fc704f6c000 rw-p 00005000 08:01 41165478                   /usr/lib/x86_64-linux-gnu/libXxf86vm.so.1.0.0
7fc704f6c000-7fc704f8d000 r-xp 00000000 08:01 41163609                   /usr/lib/x86_64-linux-gnu/libxcb.so.1.1.0
7fc704f8d000-7fc70518c000 ---p 00021000 08:01 41163609                   /usr/lib/x86_64-linux-gnu/libxcb.so.1.1.0
7fc70518c000-7fc70518d000 r--p 00020000 08:01 41163609                   /usr/lib/x86_64-linux-gnu/libxcb.so.1.1.0
7fc70518d000-7fc70518e000 rw-p 00021000 08:01 41163609                   /usr/lib/x86_64-linux-gnu/libxcb.so.1.1.0
7fc70518e000-7fc705192000 r-xp 00000000 08:01 41167507                   /usr/lib/x86_64-linux-gnu/libxcb-dri2.so.0.0.0
7fc705192000-7fc705391000 ---p 00004000 08:01 41167507                   /usr/lib/x86_64-linux-gnu/libxcb-dri2.so.0.0.0
7fc705391000-7fc705392000 r--p 00003000 08:01 41167507                   /usr/lib/x86_64-linux-gnu/libxcb-dri2.so.0.0.0
7fc705392000-7fc705393000 rw-p 00004000 08:01 41167507                   /usr/lib/x86_64-linux-gnu/libxcb-dri2.so.0.0.0
7fc705393000-7fc7053aa000 r-xp 00000000 08:01 41167511                   /usr/lib/x86_64-linux-gnu/libxcb-glx.so.0.0.0
7fc7053aa000-7fc7055a9000 ---p 00017000 08:01 41167511                   /usr/lib/x86_64-linux-gnu/libxcb-glx.so.0.0.0
7fc7055a9000-7fc7055ab000 r--p 00016000 08:01 41167511                   /usr/lib/x86_64-linux-gnu/libxcb-glx.so.0.0.0
7fc7055ab000-7fc7055ac000 rw-p 00018000 08:01 41167511                   /usr/lib/x86_64-linux-gnu/libxcb-glx.so.0.0.0
7fc7055ac000-7fc7056e1000 r-xp 00000000 08:01 41163619                   /usr/lib/x86_64-linux-gnu/libX11.so.6.3.0
7fc7056e1000-7fc7058e1000 ---p 00135000 08:01 41163619                   /usr/lib/x86_64-linux-gnu/libX11.so.6.3.0
7fc7058e1000-7fc7058e2000 r--p 00135000 08:01 41163619                   /usr/lib/x86_64-linux-gnu/libX11.so.6.3.0
7fc7058e2000-7fc7058e6000 rw-p 00136000 08:01 41163619                   /usr/lib/x86_64-linux-gnu/libX11.so.6.3.0
7fc7058e6000-7fc7058e7000 r-xp 00000000 08:01 41167505                   /usr/lib/x86_64-linux-gnu/libX11-xcb.so.1.0.0
7fc7058e7000-7fc705ae6000 ---p 00001000 08:01 41167505                   /usr/lib/x86_64-linux-gnu/libX11-xcb.so.1.0.0
7fc705ae6000-7fc705ae7000 r--p 00000000 08:01 41167505                   /usr/lib/x86_64-linux-gnu/libX11-xcb.so.1.0.0
7fc705ae7000-7fc705ae8000 rw-p 00001000 08:01 41167505                   /usr/lib/x86_64-linux-gnu/libX11-xcb.so.1.0.0
7fc705ae8000-7fc705aed000 r-xp 00000000 08:01 41165464                   /usr/lib/x86_64-linux-gnu/libXfixes.so.3.1.0
7fc705aed000-7fc705cec000 ---p 00005000 08:01 41165464                   /usr/lib/x86_64-linux-gnu/libXfixes.so.3.1.0
7fc705cec000-7fc705ced000 r--p 00004000 08:01 41165464                   /usr/lib/x86_64-linux-gnu/libXfixes.so.3.1.0
7fc705ced000-7fc705cee000 rw-p 00005000 08:01 41165464                   /usr/lib/x86_64-linux-gnu/libXfixes.so.3.1.0
7fc705cee000-7fc705cf0000 r-xp 00000000 08:01 41165470                   /usr/lib/x86_64-linux-gnu/libXdamage.so.1.1.0
7fc705cf0000-7fc705eef000 ---p 00002000 08:01 41165470                   /usr/lib/x86_64-linux-gnu/libXdamage.so.1.1.0
7fc705eef000-7fc705ef0000 r--p 00001000 08:01 41165470                   /usr/lib/x86_64-linux-gnu/libXdamage.so.1.1.0
7fc705ef0000-7fc705ef1000 rw-p 00002000 08:01 41165470                   /usr/lib/x86_64-linux-gnu/libXdamage.so.1.1.0
7fc705ef1000-7fc705f02000 r-xp 00000000 08:01 41163623                   /usr/lib/x86_64-linux-gnu/libXext.so.6.4.0
7fc705f02000-7fc706101000 ---p 00011000 08:01 41163623                   /usr/lib/x86_64-linux-gnu/libXext.so.6.4.0
7fc706101000-7fc706102000 r--p 00010000 08:01 41163623                   /usr/lib/x86_64-linux-gnu/libXext.so.6.4.0
7fc706102000-7fc706103000 rw-p 00011000 08:01 41163623                   /usr/lib/x86_64-linux-gnu/libXext.so.6.4.0
7fc706103000-7fc70612c000 r-xp 00000000 08:01 41167502                   /usr/lib/x86_64-linux-gnu/libglapi.so.0.0.0
7fc70612c000-7fc70632b000 ---p 00029000 08:01 41167502                   /usr/lib/x86_64-linux-gnu/libglapi.so.0.0.0
7fc70632b000-7fc70632f000 r--p 00028000 08:01 41167502                   /usr/lib/x86_64-linux-gnu/libglapi.so.0.0.0
7fc70632f000-7fc706330000 rw-p 0002c000 08:01 41167502                   /usr/lib/x86_64-linux-gnu/libglapi.so.0.0.0
7fc706330000-7fc706331000 rw-p 00000000 00:00 0 
7fc706331000-7fc706332000 r-xp 00000000 08:01 41165476                   /usr/lib/x86_64-linux-gnu/libxshmfence.so.1.0.0
7fc706332000-7fc706532000 ---p 00001000 08:01 41165476                   /usr/lib/x86_64-linux-gnu/libxshmfence.so.1.0.0
7fc706532000-7fc706533000 r--p 00001000 08:01 41165476                   /usr/lib/x86_64-linux-gnu/libxshmfence.so.1.0.0
7fc706533000-7fc706534000 rw-p 00002000 08:01 41165476                   /usr/lib/x86_64-linux-gnu/libxshmfence.so.1.0.0
7fc706534000-7fc706539000 r-xp 00000000 08:01 41167515                   /usr/lib/x86_64-linux-gnu/libxcb-sync.so.1.0.0
7fc706539000-7fc706739000 ---p 00005000 08:01 41167515                   /usr/lib/x86_64-linux-gnu/libxcb-sync.so.1.0.0
7fc706739000-7fc70673a000 r--p 00005000 08:01 41167515                   /usr/lib/x86_64-linux-gnu/libxcb-sync.so.1.0.0
7fc70673a000-7fc70673b000 rw-p 00006000 08:01 41167515                   /usr/lib/x86_64-linux-gnu/libxcb-sync.so.1.0.0
7fc70673b000-7fc70673d000 r-xp 00000000 08:01 41167513                   /usr/lib/x86_64-linux-gnu/libxcb-present.so.0.0.0
7fc70673d000-7fc70693c000 ---p 00002000 08:01 41167513                   /usr/lib/x86_64-linux-gnu/libxcb-present.so.0.0.0
7fc70693c000-7fc70693d000 r--p 00001000 08:01 41167513                   /usr/lib/x86_64-linux-gnu/libxcb-present.so.0.0.0
7fc70693d000-7fc70693e000 rw-p 00002000 08:01 41167513                   /usr/lib/x86_64-linux-gnu/libxcb-present.so.0.0.0
7fc70693e000-7fc706940000 r-xp 00000000 08:01 41167509                   /usr/lib/x86_64-linux-gnu/libxcb-dri3.so.0.0.0
7fc706940000-7fc706b3f000 ---p 00002000 08:01 41167509                   /usr/lib/x86_64-linux-gnu/libxcb-dri3.so.0.0.0
7fc706b3f000-7fc706b40000 r--p 00001000 08:01 41167509                   /usr/lib/x86_64-linux-gnu/libxcb-dri3.so.0.0.0
7fc706b40000-7fc706b41000 rw-p 00002000 08:01 41167509                   /usr/lib/x86_64-linux-gnu/libxcb-dri3.so.0.0.0
7fc706b41000-7fc706b67000 r-xp 00000000 08:01 25952398                   /lib/x86_64-linux-gnu/libexpat.so.1.6.0
7fc706b67000-7fc706d67000 ---p 00026000 08:01 25952398                   /lib/x86_64-linux-gnu/libexpat.so.1.6.0
7fc706d67000-7fc706d69000 r--p 00026000 08:01 25952398                   /lib/x86_64-linux-gnu/libexpat.so.1.6.0
7fc706d69000-7fc706d6a000 rw-p 00028000 08:01 25952398                   /lib/x86_64-linux-gnu/libexpat.so.1.6.0
7fc706d6a000-7fc706d6d000 r-xp 00000000 08:01 25952301                   /lib/x86_64-linux-gnu/libdl-2.23.so
7fc706d6d000-7fc706f6c000 ---p 00003000 08:01 25952301                   /lib/x86_64-linux-gnu/libdl-2.23.so
7fc706f6c000-7fc706f6d000 r--p 00002000 08:01 25952301                   /lib/x86_64-linux-gnu/libdl-2.23.so
7fc706f6d000-7fc706f6e000 rw-p 00003000 08:01 25952301                   /lib/x86_64-linux-gnu/libdl-2.23.so
7fc706f6e000-7fc706f75000 r-xp 00000000 08:01 25952295                   /lib/x86_64-linux-gnu/librt-2.23.so
7fc706f75000-7fc707174000 ---p 00007000 08:01 25952295                   /lib/x86_64-linux-gnu/librt-2.23.so
7fc707174000-7fc707175000 r--p 00006000 08:01 25952295                   /lib/x86_64-linux-gnu/librt-2.23.so
7fc707175000-7fc707176000 rw-p 00007000 08:01 25952295                   /lib/x86_64-linux-gnu/librt-2.23.so
7fc707176000-7fc70718f000 r-xp 00000000 08:01 25952483                   /lib/x86_64-linux-gnu/libz.so.1.2.8
7fc70718f000-7fc70738e000 ---p 00019000 08:01 25952483                   /lib/x86_64-linux-gnu/libz.so.1.2.8
7fc70738e000-7fc70738f000 r--p 00018000 08:01 25952483                   /lib/x86_64-linux-gnu/libz.so.1.2.8
7fc70738f000-7fc707390000 rw-p 00019000 08:01 25952483                   /lib/x86_64-linux-gnu/libz.so.1.2.8
7fc707390000-7fc7073c7000 r-xp 00000000 08:01 41167534                   /usr/lib/x86_64-linux-gnu/libtbb.so.2
7fc7073c7000-7fc7075c7000 ---p 00037000 08:01 41167534                   /usr/lib/x86_64-linux-gnu/libtbb.so.2
7fc7075c7000-7fc7075c8000 r--p 00037000 08:01 41167534                   /usr/lib/x86_64-linux-gnu/libtbb.so.2
7fc7075c8000-7fc7075ca000 rw-p 00038000 08:01 41167534                   /usr/lib/x86_64-linux-gnu/libtbb.so.2
7fc7075ca000-7fc7075cd000 rw-p 00000000 00:00 0 
7fc7075cd000-7fc707652000 r-xp 00000000 08:01 41167574                   /usr/lib/x86_64-linux-gnu/libswscale-ffmpeg.so.3.1.101
7fc707652000-7fc707851000 ---p 00085000 08:01 41167574                   /usr/lib/x86_64-linux-gnu/libswscale-ffmpeg.so.3.1.101
7fc707851000-7fc707853000 r--p 00084000 08:01 41167574                   /usr/lib/x86_64-linux-gnu/libswscale-ffmpeg.so.3.1.101
7fc707853000-7fc707854000 rw-p 00086000 08:01 41167574                   /usr/lib/x86_64-linux-gnu/libswscale-ffmpeg.so.3.1.101
7fc707854000-7fc70785c000 rw-p 00000000 00:00 0 
7fc70785c000-7fc7078b1000 r-xp 00000000 08:01 41167070                   /usr/lib/x86_64-linux-gnu/libavutil-ffmpeg.so.54.31.100
7fc7078b1000-7fc707ab1000 ---p 00055000 08:01 41167070                   /usr/lib/x86_64-linux-gnu/libavutil-ffmpeg.so.54.31.100
7fc707ab1000-7fc707ab7000 r--p 00055000 08:01 41167070                   /usr/lib/x86_64-linux-gnu/libavutil-ffmpeg.so.54.31.100
7fc707ab7000-7fc707ab8000 rw-p 0005b000 08:01 41167070                   /usr/lib/x86_64-linux-gnu/libavutil-ffmpeg.so.54.31.100
7fc707ab8000-7fc707acb000 rw-p 00000000 00:00 0 
7fc707acb000-7fc707c9f000 r-xp 00000000 08:01 41167154                   /usr/lib/x86_64-linux-gnu/libavformat-ffmpeg.so.56.40.101
7fc707c9f000-7fc707e9f000 ---p 001d4000 08:01 41167154                   /usr/lib/x86_64-linux-gnu/libavformat-ffmpeg.so.56.40.101
7fc707e9f000-7fc707eb3000 r--p 001d4000 08:01 41167154                   /usr/lib/x86_64-linux-gnu/libavformat-ffmpeg.so.56.40.101
7fc707eb3000-7fc707ec8000 rw-p 001e8000 08:01 41167154                   /usr/lib/x86_64-linux-gnu/libavformat-ffmpeg.so.56.40.101
7fc707ec8000-7fc7089f2000 r-xp 00000000 08:01 41167128                   /usr/lib/x86_64-linux-gnu/libavcodec-ffmpeg.so.56.60.100
7fc7089f2000-7fc708bf1000 ---p 00b2a000 08:01 41167128                   /usr/lib/x86_64-linux-gnu/libavcodec-ffmpeg.so.56.60.100
7fc708bf1000-7fc708c1c000 r--p 00b29000 08:01 41167128                   /usr/lib/x86_64-linux-gnu/libavcodec-ffmpeg.so.56.60.100
7fc708c1c000-7fc708c3f000 rw-p 00b54000 08:01 41167128                   /usr/lib/x86_64-linux-gnu/libavcodec-ffmpeg.so.56.60.100
7fc708c3f000-7fc7092f2000 rw-p 00000000 00:00 0 
7fc7092f2000-7fc7092f7000 r-xp 00000000 08:01 41167581                   /usr/lib/x86_64-linux-gnu/libv4l1.so.0.0.0
7fc7092f7000-7fc7094f6000 ---p 00005000 08:01 41167581                   /usr/lib/x86_64-linux-gnu/libv4l1.so.0.0.0
7fc7094f6000-7fc7094f7000 r--p 00004000 08:01 41167581                   /usr/lib/x86_64-linux-gnu/libv4l1.so.0.0.0
7fc7094f7000-7fc7094f8000 rw-p 00005000 08:01 41167581                   /usr/lib/x86_64-linux-gnu/libv4l1.so.0.0.0
7fc7094f8000-7fc70952d000 r-xp 00000000 08:01 41167558                   /usr/lib/x86_64-linux-gnu/libdc1394.so.22.1.11
7fc70952d000-7fc70972c000 ---p 00035000 08:01 41167558                   /usr/lib/x86_64-linux-gnu/libdc1394.so.22.1.11
7fc70972c000-7fc70972d000 r--p 00034000 08:01 41167558                   /usr/lib/x86_64-linux-gnu/libdc1394.so.22.1.11
7fc70972d000-7fc70972e000 rw-p 00035000 08:01 41167558                   /usr/lib/x86_64-linux-gnu/libdc1394.so.22.1.11
7fc70972e000-7fc70976e000 rw-p 00000000 00:00 0 
7fc70976e000-7fc7097cb000 r-xp 00000000 08:01 41167568                   /usr/lib/x86_64-linux-gnu/libgdkglext-x11-1.0.so.0.0.0
7fc7097cb000-7fc7099ca000 ---p 0005d000 08:01 41167568                   /usr/lib/x86_64-linux-gnu/libgdkglext-x11-1.0.so.0.0.0
7fc7099ca000-7fc7099cc000 r--p 0005c000 08:01 41167568                   /usr/lib/x86_64-linux-gnu/libgdkglext-x11-1.0.so.0.0.0
7fc7099cc000-7fc7099d2000 rw-p 0005e000 08:01 41167568                   /usr/lib/x86_64-linux-gnu/libgdkglext-x11-1.0.so.0.0.0
7fc7099d2000-7fc7099d5000 r-xp 00000000 08:01 41167569                   /usr/lib/x86_64-linux-gnu/libgtkglext-x11-1.0.so.0.0.0
7fc7099d5000-7fc709bd4000 ---p 00003000 08:01 41167569                   /usr/lib/x86_64-linux-gnu/libgtkglext-x11-1.0.so.0.0.0
7fc709bd4000-7fc709bd5000 r--p 00002000 08:01 41167569                   /usr/lib/x86_64-linux-gnu/libgtkglext-x11-1.0.so.0.0.0
7fc709bd5000-7fc709bd6000 rw-p 00003000 08:01 41167569                   /usr/lib/x86_64-linux-gnu/libgtkglext-x11-1.0.so.0.0.0
7fc709bd6000-7fc709ce4000 r-xp 00000000 08:01 25956311                   /lib/x86_64-linux-gnu/libglib-2.0.so.0.4800.0
7fc709ce4000-7fc709ee4000 ---p 0010e000 08:01 25956311                   /lib/x86_64-linux-gnu/libglib-2.0.so.0.4800.0
7fc709ee4000-7fc709ee5000 r--p 0010e000 08:01 25956311                   /lib/x86_64-linux-gnu/libglib-2.0.so.0.4800.0
7fc709ee5000-7fc709ee6000 rw-p 0010f000 08:01 25956311                   /lib/x86_64-linux-gnu/libglib-2.0.so.0.4800.0
7fc709ee6000-7fc709ee7000 rw-p 00000000 00:00 0 
7fc709ee7000-7fc709f39000 r-xp 00000000 08:01 41161843                   /usr/lib/x86_64-linux-gnu/libgobject-2.0.so.0.4800.0
7fc709f39000-7fc70a138000 ---p 00052000 08:01 41161843                   /usr/lib/x86_64-linux-gnu/libgobject-2.0.so.0.4800.0
7fc70a138000-7fc70a139000 r--p 00051000 08:01 41161843                   /usr/lib/x86_64-linux-gnu/libgobject-2.0.so.0.4800.0
7fc70a139000-7fc70a13a000 rw-p 00052000 08:01 41161843                   /usr/lib/x86_64-linux-gnu/libgobject-2.0.so.0.4800.0
7fc70a13a000-7fc70a1ea000 r-xp 00000000 08:01 41166883                   /usr/lib/x86_64-linux-gnu/libgdk-x11-2.0.so.0.2400.30
7fc70a1ea000-7fc70a3e9000 ---p 000b0000 08:01 41166883                   /usr/lib/x86_64-linux-gnu/libgdk-x11-2.0.so.0.2400.30
7fc70a3e9000-7fc70a3ed000 r--p 000af000 08:01 41166883                   /usr/lib/x86_64-linux-gnu/libgdk-x11-2.0.so.0.2400.30
7fc70a3ed000-7fc70a3ef000 rw-p 000b3000 08:01 41166883                   /usr/lib/x86_64-linux-gnu/libgdk-x11-2.0.so.0.2400.30
7fc70a3ef000-7fc70a82d000 r-xp 00000000 08:01 41166884                   /usr/lib/x86_64-linux-gnu/libgtk-x11-2.0.so.0.2400.30
7fc70a82d000-7fc70aa2c000 ---p 0043e000 08:01 41166884                   /usr/lib/x86_64-linux-gnu/libgtk-x11-2.0.so.0.2400.30
7fc70aa2c000-7fc70aa33000 r--p 0043d000 08:01 41166884                   /usr/lib/x86_64-linux-gnu/libgtk-x11-2.0.so.0.2400.30
7fc70aa33000-7fc70aa37000 rw-p 00444000 08:01 41166884                   /usr/lib/x86_64-linux-gnu/libgtk-x11-2.0.so.0.2400.30
7fc70aa37000-7fc70aa3a000 rw-p 00000000 00:00 0 
7fc70aa3a000-7fc70aa7c000 r-xp 00000000 08:01 41165427                   /usr/lib/x86_64-linux-gnu/libHalf.so.12.0.0
7fc70aa7c000-7fc70ac7b000 ---p 00042000 08:01 41165427                   /usr/lib/x86_64-linux-gnu/libHalf.so.12.0.0
7fc70ac7b000-7fc70ac7c000 r--p 00041000 08:01 41165427                   /usr/lib/x86_64-linux-gnu/libHalf.so.12.0.0
7fc70ac7c000-7fc70ac7d000 rw-p 00042000 08:01 41165427                   /usr/lib/x86_64-linux-gnu/libHalf.so.12.0.0
7fc70ac7d000-7fc70ae47000 r-xp 00000000 08:01 41165441                   /usr/lib/x86_64-linux-gnu/libIlmImf-2_2.so.22.0.0
7fc70ae47000-7fc70b046000 ---p 001ca000 08:01 41165441                   /usr/lib/x86_64-linux-gnu/libIlmImf-2_2.so.22.0.0
7fc70b046000-7fc70b049000 r--p 001c9000 08:01 41165441                   /usr/lib/x86_64-linux-gnu/libIlmImf-2_2.so.22.0.0
7fc70b049000-7fc70b14a000 rw-p 001cc000 08:01 41165441                   /usr/lib/x86_64-linux-gnu/libIlmImf-2_2.so.22.0.0
7fc70b14a000-7fc70b14b000 rw-p 00000000 00:00 0 
7fc70b14b000-7fc70b197000 r-xp 00000000 08:01 41167572                   /usr/lib/x86_64-linux-gnu/libjasper.so.1.0.0
7fc70b197000-7fc70b396000 ---p 0004c000 08:01 41167572                   /usr/lib/x86_64-linux-gnu/libjasper.so.1.0.0
7fc70b396000-7fc70b397000 r--p 0004b000 08:01 41167572                   /usr/lib/x86_64-linux-gnu/libjasper.so.1.0.0
7fc70b397000-7fc70b39b000 rw-p 0004c000 08:01 41167572                   /usr/lib/x86_64-linux-gnu/libjasper.so.1.0.0
7fc70b39b000-7fc70b3a2000 rw-p 00000000 00:00 0 
7fc70b3a2000-7fc70b411000 r-xp 00000000 08:01 41166847                   /usr/lib/x86_64-linux-gnu/libtiff.so.5.2.4
7fc70b411000-7fc70b611000 ---p 0006f000 08:01 41166847                   /usr/lib/x86_64-linux-gnu/libtiff.so.5.2.4
7fc70b611000-7fc70b612000 r--p 0006f000 08:01 41166847                   /usr/lib/x86_64-linux-gnu/libtiff.so.5.2.4
7fc70b612000-7fc70b615000 rw-p 00070000 08:01 41166847                   /usr/lib/x86_64-linux-gnu/libtiff.so.5.2.4
7fc70b615000-7fc70b639000 r-xp 00000000 08:01 25952527                   /lib/x86_64-linux-gnu/libpng12.so.0.54.0
7fc70b639000-7fc70b838000 ---p 00024000 08:01 25952527                   /lib/x86_64-linux-gnu/libpng12.so.0.54.0
7fc70b838000-7fc70b839000 r--p 00023000 08:01 25952527                   /lib/x86_64-linux-gnu/libpng12.so.0.54.0
7fc70b839000-7fc70b83a000 rw-p 00024000 08:01 25952527                   /lib/x86_64-linux-gnu/libpng12.so.0.54.0
7fc70b83a000-7fc70b891000 r-xp 00000000 08:01 41165421                   /usr/lib/x86_64-linux-gnu/libjpeg.so.8.0.2
7fc70b891000-7fc70ba91000 ---p 00057000 08:01 41165421                   /usr/lib/x86_64-linux-gnu/libjpeg.so.8.0.2
7fc70ba91000-7fc70ba92000 r--p 00057000 08:01 41165421                   /usr/lib/x86_64-linux-gnu/libjpeg.so.8.0.2
7fc70ba92000-7fc70ba93000 rw-p 00058000 08:01 41165421                   /usr/lib/x86_64-linux-gnu/libjpeg.so.8.0.2
7fc70ba93000-7fc70bb00000 r-xp 00000000 08:01 43253838                   /usr/lib/x86_64-linux-gnu/mesa/libGL.so.1.2.0
7fc70bb00000-7fc70bcff000 ---p 0006d000 08:01 43253838                   /usr/lib/x86_64-linux-gnu/mesa/libGL.so.1.2.0
7fc70bcff000-7fc70bd02000 r--p 0006c000 08:01 43253838                   /usr/lib/x86_64-linux-gnu/mesa/libGL.so.1.2.0
7fc70bd02000-7fc70bd03000 rw-p 0006f000 08:01 43253838                   /usr/lib/x86_64-linux-gnu/mesa/libGL.so.1.2.0
7fc70bd03000-7fc70bd04000 rw-p 00000000 00:00 0 
7fc70bd04000-7fc70bd25000 r-xp 00000000 08:01 41166078                   /usr/lib/x86_64-linux-gnu/libgomp.so.1.0.0
7fc70bd25000-7fc70bf24000 ---p 00021000 08:01 41166078                   /usr/lib/x86_64-linux-gnu/libgomp.so.1.0.0
7fc70bf24000-7fc70bf25000 r--p 00020000 08:01 41166078                   /usr/lib/x86_64-linux-gnu/libgomp.so.1.0.0
7fc70bf25000-7fc70bf26000 rw-p 00021000 08:01 41166078                   /usr/lib/x86_64-linux-gnu/libgomp.so.1.0.0
7fc70bf26000-7fc70c02e000 r-xp 00000000 08:01 25952292                   /lib/x86_64-linux-gnu/libm-2.23.so
7fc70c02e000-7fc70c22d000 ---p 00108000 08:01 25952292                   /lib/x86_64-linux-gnu/libm-2.23.so
7fc70c22d000-7fc70c22e000 r--p 00107000 08:01 25952292                   /lib/x86_64-linux-gnu/libm-2.23.so
7fc70c22e000-7fc70c22f000 rw-p 00108000 08:01 25952292                   /lib/x86_64-linux-gnu/libm-2.23.so
7fc70c22f000-7fc70c44c000 r-xp 00000000 08:01 41167535                   /usr/lib/x86_64-linux-gnu/libopencv_core.so.2.4.9
7fc70c44c000-7fc70c64c000 ---p 0021d000 08:01 41167535                   /usr/lib/x86_64-linux-gnu/libopencv_core.so.2.4.9
7fc70c64c000-7fc70c650000 r--p 0021d000 08:01 41167535                   /usr/lib/x86_64-linux-gnu/libopencv_core.so.2.4.9
7fc70c650000-7fc70c657000 rw-p 00221000 08:01 41167535                   /usr/lib/x86_64-linux-gnu/libopencv_core.so.2.4.9
7fc70c657000-7fc70c659000 rw-p 00000000 00:00 0 
7fc70c659000-7fc70c849000 r-xp 00000000 08:01 41167540                   /usr/lib/x86_64-linux-gnu/libopencv_imgproc.so.2.4.9
7fc70c849000-7fc70ca48000 ---p 001f0000 08:01 41167540                   /usr/lib/x86_64-linux-gnu/libopencv_imgproc.so.2.4.9
7fc70ca48000-7fc70ca4e000 r--p 001ef000 08:01 41167540                   /usr/lib/x86_64-linux-gnu/libopencv_imgproc.so.2.4.9
7fc70ca4e000-7fc70ca4f000 rw-p 001f5000 08:01 41167540                   /usr/lib/x86_64-linux-gnu/libopencv_imgproc.so.2.4.9
7fc70ca4f000-7fc70cae4000 rw-p 00000000 00:00 0 
7fc70cae4000-7fc70cb2a000 r-xp 00000000 08:01 41167584                   /usr/lib/x86_64-linux-gnu/libopencv_highgui.so.2.4.9
7fc70cb2a000-7fc70cd29000 ---p 00046000 08:01 41167584                   /usr/lib/x86_64-linux-gnu/libopencv_highgui.so.2.4.9
7fc70cd29000-7fc70cd2c000 r--p 00045000 08:01 41167584                   /usr/lib/x86_64-linux-gnu/libopencv_highgui.so.2.4.9
7fc70cd2c000-7fc70cd2d000 rw-p 00048000 08:01 41167584                   /usr/lib/x86_64-linux-gnu/libopencv_highgui.so.2.4.9
7fc70cd2d000-7fc70ceed000 r-xp 00000000 08:01 25952300                   /lib/x86_64-linux-gnu/libc-2.23.so
7fc70ceed000-7fc70d0ec000 ---p 001c0000 08:01 25952300                   /lib/x86_64-linux-gnu/libc-2.23.so
7fc70d0ec000-7fc70d0f0000 r--p 001bf000 08:01 25952300                   /lib/x86_64-linux-gnu/libc-2.23.so
7fc70d0f0000-7fc70d0f2000 rw-p 001c3000 08:01 25952300                   /lib/x86_64-linux-gnu/libc-2.23.so
7fc70d0f2000-7fc70d0f6000 rw-p 00000000 00:00 0 
7fc70d0f6000-7fc70d10e000 r-xp 00000000 08:01 25952299                   /lib/x86_64-linux-gnu/libpthread-2.23.so
7fc70d10e000-7fc70d30d000 ---p 00018000 08:01 25952299                   /lib/x86_64-linux-gnu/libpthread-2.23.so
7fc70d30d000-7fc70d30e000 r--p 00017000 08:01 25952299                   /lib/x86_64-linux-gnu/libpthread-2.23.so
7fc70d30e000-7fc70d30f000 rw-p 00018000 08:01 25952299                   /lib/x86_64-linux-gnu/libpthread-2.23.so
7fc70d30f000-7fc70d313000 rw-p 00000000 00:00 0 
7fc70d313000-7fc70d329000 r-xp 00000000 08:01 25952321                   /lib/x86_64-linux-gnu/libgcc_s.so.1
7fc70d329000-7fc70d528000 ---p 00016000 08:01 25952321                   /lib/x86_64-linux-gnu/libgcc_s.so.1
7fc70d528000-7fc70d529000 rw-p 00015000 08:01 25952321                   /lib/x86_64-linux-gnu/libgcc_s.so.1
7fc70d529000-7fc70d69b000 r-xp 00000000 08:01 41161291                   /usr/lib/x86_64-linux-gnu/libstdc++.so.6.0.21
7fc70d69b000-7fc70d89b000 ---p 00172000 08:01 41161291                   /usr/lib/x86_64-linux-gnu/libstdc++.so.6.0.21
7fc70d89b000-7fc70d8a5000 r--p 00172000 08:01 41161291                   /usr/lib/x86_64-linux-gnu/libstdc++.so.6.0.21
7fc70d8a5000-7fc70d8a7000 rw-p 0017c000 08:01 41161291                   /usr/lib/x86_64-linux-gnu/libstdc++.so.6.0.21
7fc70d8a7000-7fc70d8ab000 rw-p 00000000 00:00 0 
7fc70d8ab000-7fc70d8f3000 r-xp 00000000 08:01 657865                     /home/sebastian/raytracing/build/DocOpt/libdocopt.so
7fc70d8f3000-7fc70daf2000 ---p 00048000 08:01 657865                     /home/sebastian/raytracing/build/DocOpt/libdocopt.so
7fc70daf2000-7fc70daf4000 r--p 00047000 08:01 657865                     /home/sebastian/raytracing/build/DocOpt/libdocopt.so
7fc70daf4000-7fc70daf5000 rw-p 00049000 08:01 657865                     /home/sebastian/raytracing/build/DocOpt/libdocopt.so
7fc70daf5000-7fc70dc35000 r-xp 00000000 08:01 54001821                   /home/sebastian/raytracing/build/libmct.so
7fc70dc35000-7fc70de34000 ---p 00140000 08:01 54001821                   /home/sebastian/raytracing/build/libmct.so
7fc70de34000-7fc70de37000 r--p 0013f000 08:01 54001821                   /home/sebastian/raytracing/build/libmct.so
7fc70de37000-7fc70de3a000 rw-p 00142000 08:01 54001821                   /home/sebastian/raytracing/build/libmct.so
7fc70de3a000-7fc70de4a000 rw-p 00000000 00:00 0 
7fc70de4a000-7fc70de70000 r-xp 00000000 08:01 25952296                   /lib/x86_64-linux-gnu/ld-2.23.so
7fc70dffa000-7fc70e014000 rw-p 00000000 00:00 0 
7fc70e014000-7fc70e032000 r-xp 00000000 08:01 25952370                   /lib/x86_64-linux-gnu/libudev.so.1.6.4
7fc70e032000-7fc70e033000 r--p 0001d000 08:01 25952370                   /lib/x86_64-linux-gnu/libudev.so.1.6.4
7fc70e033000-7fc70e034000 rw-p 0001e000 08:01 25952370                   /lib/x86_64-linux-gnu/libudev.so.1.6.4
7fc70e034000-7fc70e05d000 rw-p 00000000 00:00 0 
7fc70e06b000-7fc70e06f000 rw-p 00000000 00:00 0 
7fc70e06f000-7fc70e070000 r--p 00025000 08:01 25952296                   /lib/x86_64-linux-gnu/ld-2.23.so
7fc70e070000-7fc70e071000 rw-p 00026000 08:01 25952296                   /lib/x86_64-linux-gnu/ld-2.23.so
7fc70e071000-7fc70e072000 rw-p 00000000 00:00 0 
7fff580f6000-7fff58138000 rw-p 00000000 00:00 0                          [stack]
7fff581c5000-7fff581c7000 r--p 00000000 00:00 0                          [vvar]
7fff581c7000-7fff581c9000 r-xp 00000000 00:00 0                          [vdso]
ffffffffff600000-ffffffffff601000 r-xp 00000000 00:00 0                  [vsyscall]
