*** Error in `/home/sebastian/raytracing/build/mctPlenoscopePropagation': munmap_chunk(): invalid pointer: 0x00000000016ab250 ***
======= Backtrace: =========
/lib/x86_64-linux-gnu/libc.so.6(+0x77725)[0x7f50bc7d7725]
/lib/x86_64-linux-gnu/libc.so.6(cfree+0x1a8)[0x7f50bc7e3c18]
/home/sebastian/raytracing/build/libmct.so(_ZN5FrameD1Ev+0x94)[0x7f50bd593f04]
/home/sebastian/raytracing/build/libmct.so(_ZN5FrameD1Ev+0x3d)[0x7f50bd593ead]
/home/sebastian/raytracing/build/libmct.so(_ZN5FrameD1Ev+0x3d)[0x7f50bd593ead]
/home/sebastian/raytracing/build/libmct.so(_ZN5FrameD1Ev+0x3d)[0x7f50bd593ead]
/home/sebastian/raytracing/build/libmct.so(_ZN5FrameD1Ev+0x3d)[0x7f50bd593ead]
/home/sebastian/raytracing/build/libmct.so(_ZN5FrameD1Ev+0x3d)[0x7f50bd593ead]
/home/sebastian/raytracing/build/mctPlenoscopePropagation(main+0x4636)[0x411a96]
/lib/x86_64-linux-gnu/libc.so.6(__libc_start_main+0xf0)[0x7f50bc780830]
/home/sebastian/raytracing/build/mctPlenoscopePropagation(_start+0x29)[0x412369]
======= Memory map: ========
00400000-00432000 r-xp 00000000 00:2a 54001989                           /home/sebastian/raytracing/build/mctPlenoscopePropagation
00632000-00633000 r--p 00032000 00:2a 54001989                           /home/sebastian/raytracing/build/mctPlenoscopePropagation
00633000-00634000 rw-p 00033000 00:2a 54001989                           /home/sebastian/raytracing/build/mctPlenoscopePropagation
00634000-00635000 rw-p 00000000 00:00 0 
0139d000-028bc000 rw-p 00000000 00:00 0                                  [heap]
7f50a3e7d000-7f50a3e7e000 ---p 00000000 00:00 0 
7f50a3e7e000-7f50a467e000 rw-p 00000000 00:00 0 
7f50a467e000-7f50a5f34000 r-xp 00000000 08:01 15471497                   /usr/lib/x86_64-linux-gnu/libicudata.so.55.1
7f50a5f34000-7f50a6133000 ---p 018b6000 08:01 15471497                   /usr/lib/x86_64-linux-gnu/libicudata.so.55.1
7f50a6133000-7f50a6134000 r--p 018b5000 08:01 15471497                   /usr/lib/x86_64-linux-gnu/libicudata.so.55.1
7f50a6134000-7f50a6135000 rw-p 018b6000 08:01 15471497                   /usr/lib/x86_64-linux-gnu/libicudata.so.55.1
7f50a6135000-7f50a6138000 r-xp 00000000 08:01 49287129                   /lib/x86_64-linux-gnu/libkeyutils.so.1.5
7f50a6138000-7f50a6337000 ---p 00003000 08:01 49287129                   /lib/x86_64-linux-gnu/libkeyutils.so.1.5
7f50a6337000-7f50a6338000 r--p 00002000 08:01 49287129                   /lib/x86_64-linux-gnu/libkeyutils.so.1.5
7f50a6338000-7f50a6339000 rw-p 00003000 08:01 49287129                   /lib/x86_64-linux-gnu/libkeyutils.so.1.5
7f50a6339000-7f50a633d000 r-xp 00000000 08:01 49283695                   /lib/x86_64-linux-gnu/libuuid.so.1.3.0
7f50a633d000-7f50a653c000 ---p 00004000 08:01 49283695                   /lib/x86_64-linux-gnu/libuuid.so.1.3.0
7f50a653c000-7f50a653d000 r--p 00003000 08:01 49283695                   /lib/x86_64-linux-gnu/libuuid.so.1.3.0
7f50a653d000-7f50a653e000 rw-p 00004000 08:01 49283695                   /lib/x86_64-linux-gnu/libuuid.so.1.3.0
7f50a653e000-7f50a66bd000 r-xp 00000000 08:01 15471493                   /usr/lib/x86_64-linux-gnu/libicuuc.so.55.1
7f50a66bd000-7f50a68bd000 ---p 0017f000 08:01 15471493                   /usr/lib/x86_64-linux-gnu/libicuuc.so.55.1
7f50a68bd000-7f50a68cd000 r--p 0017f000 08:01 15471493                   /usr/lib/x86_64-linux-gnu/libicuuc.so.55.1
7f50a68cd000-7f50a68ce000 rw-p 0018f000 08:01 15471493                   /usr/lib/x86_64-linux-gnu/libicuuc.so.55.1
7f50a68ce000-7f50a68d2000 rw-p 00000000 00:00 0 
7f50a68d2000-7f50a68dc000 r-xp 00000000 08:01 15472158                   /usr/lib/x86_64-linux-gnu/libkrb5support.so.0.1
7f50a68dc000-7f50a6adb000 ---p 0000a000 08:01 15472158                   /usr/lib/x86_64-linux-gnu/libkrb5support.so.0.1
7f50a6adb000-7f50a6adc000 r--p 00009000 08:01 15472158                   /usr/lib/x86_64-linux-gnu/libkrb5support.so.0.1
7f50a6adc000-7f50a6add000 rw-p 0000a000 08:01 15472158                   /usr/lib/x86_64-linux-gnu/libkrb5support.so.0.1
7f50a6add000-7f50a6ae0000 r-xp 00000000 08:01 49283583                   /lib/x86_64-linux-gnu/libcom_err.so.2.1
7f50a6ae0000-7f50a6cdf000 ---p 00003000 08:01 49283583                   /lib/x86_64-linux-gnu/libcom_err.so.2.1
7f50a6cdf000-7f50a6ce0000 r--p 00002000 08:01 49283583                   /lib/x86_64-linux-gnu/libcom_err.so.2.1
7f50a6ce0000-7f50a6ce1000 rw-p 00003000 08:01 49283583                   /lib/x86_64-linux-gnu/libcom_err.so.2.1
7f50a6ce1000-7f50a6d0d000 r-xp 00000000 08:01 15472160                   /usr/lib/x86_64-linux-gnu/libk5crypto.so.3.1
7f50a6d0d000-7f50a6f0c000 ---p 0002c000 08:01 15472160                   /usr/lib/x86_64-linux-gnu/libk5crypto.so.3.1
7f50a6f0c000-7f50a6f0e000 r--p 0002b000 08:01 15472160                   /usr/lib/x86_64-linux-gnu/libk5crypto.so.3.1
7f50a6f0e000-7f50a6f0f000 rw-p 0002d000 08:01 15472160                   /usr/lib/x86_64-linux-gnu/libk5crypto.so.3.1
7f50a6f0f000-7f50a6f10000 rw-p 00000000 00:00 0 
7f50a6f10000-7f50a6fd3000 r-xp 00000000 08:01 15472162                   /usr/lib/x86_64-linux-gnu/libkrb5.so.3.3
7f50a6fd3000-7f50a71d3000 ---p 000c3000 08:01 15472162                   /usr/lib/x86_64-linux-gnu/libkrb5.so.3.3
7f50a71d3000-7f50a71e0000 r--p 000c3000 08:01 15472162                   /usr/lib/x86_64-linux-gnu/libkrb5.so.3.3
7f50a71e0000-7f50a71e2000 rw-p 000d0000 08:01 15472162                   /usr/lib/x86_64-linux-gnu/libkrb5.so.3.3
7f50a71e2000-7f50a71f4000 r-xp 00000000 08:01 49283606                   /lib/x86_64-linux-gnu/libgpg-error.so.0.17.0
7f50a71f4000-7f50a73f4000 ---p 00012000 08:01 49283606                   /lib/x86_64-linux-gnu/libgpg-error.so.0.17.0
7f50a73f4000-7f50a73f5000 r--p 00012000 08:01 49283606                   /lib/x86_64-linux-gnu/libgpg-error.so.0.17.0
7f50a73f5000-7f50a73f6000 rw-p 00013000 08:01 49283606                   /lib/x86_64-linux-gnu/libgpg-error.so.0.17.0
7f50a73f6000-7f50a740c000 r-xp 00000000 08:01 15472868                   /usr/lib/x86_64-linux-gnu/libICE.so.6.3.0
7f50a740c000-7f50a760b000 ---p 00016000 08:01 15472868                   /usr/lib/x86_64-linux-gnu/libICE.so.6.3.0
7f50a760b000-7f50a760c000 r--p 00015000 08:01 15472868                   /usr/lib/x86_64-linux-gnu/libICE.so.6.3.0
7f50a760c000-7f50a760d000 rw-p 00016000 08:01 15472868                   /usr/lib/x86_64-linux-gnu/libICE.so.6.3.0
7f50a760d000-7f50a7610000 rw-p 00000000 00:00 0 
7f50a7610000-7f50a7617000 r-xp 00000000 08:01 15472905                   /usr/lib/x86_64-linux-gnu/libSM.so.6.0.1
7f50a7617000-7f50a7816000 ---p 00007000 08:01 15472905                   /usr/lib/x86_64-linux-gnu/libSM.so.6.0.1
7f50a7816000-7f50a7817000 r--p 00006000 08:01 15472905                   /usr/lib/x86_64-linux-gnu/libSM.so.6.0.1
7f50a7817000-7f50a7818000 rw-p 00007000 08:01 15472905                   /usr/lib/x86_64-linux-gnu/libSM.so.6.0.1
7f50a7818000-7f50a781e000 r-xp 00000000 08:01 15472969                   /usr/lib/x86_64-linux-gnu/libdatrie.so.1.3.3
7f50a781e000-7f50a7a1e000 ---p 00006000 08:01 15472969                   /usr/lib/x86_64-linux-gnu/libdatrie.so.1.3.3
7f50a7a1e000-7f50a7a1f000 r--p 00006000 08:01 15472969                   /usr/lib/x86_64-linux-gnu/libdatrie.so.1.3.3
7f50a7a1f000-7f50a7a20000 rw-p 00007000 08:01 15472969                   /usr/lib/x86_64-linux-gnu/libdatrie.so.1.3.3
7f50a7a20000-7f50a7a43000 r-xp 00000000 08:01 15473498                   /usr/lib/x86_64-linux-gnu/libgraphite2.so.3.0.1
7f50a7a43000-7f50a7c42000 ---p 00023000 08:01 15473498                   /usr/lib/x86_64-linux-gnu/libgraphite2.so.3.0.1
7f50a7c42000-7f50a7c44000 r--p 00022000 08:01 15473498                   /usr/lib/x86_64-linux-gnu/libgraphite2.so.3.0.1
7f50a7c44000-7f50a7c45000 rw-p 00024000 08:01 15473498                   /usr/lib/x86_64-linux-gnu/libgraphite2.so.3.0.1
7f50a7c45000-7f50a7c56000 r-xp 00000000 08:01 15468880                   /usr/lib/x86_64-linux-gnu/libtasn1.so.6.5.1
7f50a7c56000-7f50a7e56000 ---p 00011000 08:01 15468880                   /usr/lib/x86_64-linux-gnu/libtasn1.so.6.5.1
7f50a7e56000-7f50a7e57000 r--p 00011000 08:01 15468880                   /usr/lib/x86_64-linux-gnu/libtasn1.so.6.5.1
7f50a7e57000-7f50a7e58000 rw-p 00012000 08:01 15468880                   /usr/lib/x86_64-linux-gnu/libtasn1.so.6.5.1
7f50a7e58000-7f50a7e89000 r-xp 00000000 08:01 15468852                   /usr/lib/x86_64-linux-gnu/libidn.so.11.6.15
7f50a7e89000-7f50a8089000 ---p 00031000 08:01 15468852                   /usr/lib/x86_64-linux-gnu/libidn.so.11.6.15
7f50a8089000-7f50a808a000 r--p 00031000 08:01 15468852                   /usr/lib/x86_64-linux-gnu/libidn.so.11.6.15
7f50a808a000-7f50a808b000 rw-p 00032000 08:01 15468852                   /usr/lib/x86_64-linux-gnu/libidn.so.11.6.15
7f50a808b000-7f50a80e5000 r-xp 00000000 08:01 15468866                   /usr/lib/x86_64-linux-gnu/libp11-kit.so.0.1.0
7f50a80e5000-7f50a82e4000 ---p 0005a000 08:01 15468866                   /usr/lib/x86_64-linux-gnu/libp11-kit.so.0.1.0
7f50a82e4000-7f50a82ee000 r--p 00059000 08:01 15468866                   /usr/lib/x86_64-linux-gnu/libp11-kit.so.0.1.0
7f50a82ee000-7f50a82f0000 rw-p 00063000 08:01 15468866                   /usr/lib/x86_64-linux-gnu/libp11-kit.so.0.1.0
7f50a82f0000-7f50a84a0000 r-xp 00000000 08:01 15471506                   /usr/lib/x86_64-linux-gnu/libxml2.so.2.9.3
7f50a84a0000-7f50a869f000 ---p 001b0000 08:01 15471506                   /usr/lib/x86_64-linux-gnu/libxml2.so.2.9.3
7f50a869f000-7f50a86a7000 r--p 001af000 08:01 15471506                   /usr/lib/x86_64-linux-gnu/libxml2.so.2.9.3
7f50a86a7000-7f50a86a9000 rw-p 001b7000 08:01 15471506                   /usr/lib/x86_64-linux-gnu/libxml2.so.2.9.3
7f50a86a9000-7f50a86aa000 rw-p 00000000 00:00 0 
7f50a86aa000-7f50a8729000 r-xp 00000000 08:01 15468844                   /usr/lib/x86_64-linux-gnu/libgmp.so.10.3.0
7f50a8729000-7f50a8928000 ---p 0007f000 08:01 15468844                   /usr/lib/x86_64-linux-gnu/libgmp.so.10.3.0
7f50a8928000-7f50a8929000 r--p 0007e000 08:01 15468844                   /usr/lib/x86_64-linux-gnu/libgmp.so.10.3.0
7f50a8929000-7f50a892a000 rw-p 0007f000 08:01 15468844                   /usr/lib/x86_64-linux-gnu/libgmp.so.10.3.0
7f50a892a000-7f50a895e000 r-xp 00000000 08:01 15468864                   /usr/lib/x86_64-linux-gnu/libnettle.so.6.2
7f50a895e000-7f50a8b5d000 ---p 00034000 08:01 15468864                   /usr/lib/x86_64-linux-gnu/libnettle.so.6.2
7f50a8b5d000-7f50a8b5f000 r--p 00033000 08:01 15468864                   /usr/lib/x86_64-linux-gnu/libnettle.so.6.2
7f50a8b5f000-7f50a8b60000 rw-p 00035000 08:01 15468864                   /usr/lib/x86_64-linux-gnu/libnettle.so.6.2
7f50a8b60000-7f50a8b92000 r-xp 00000000 08:01 15468850                   /usr/lib/x86_64-linux-gnu/libhogweed.so.4.2
7f50a8b92000-7f50a8d91000 ---p 00032000 08:01 15468850                   /usr/lib/x86_64-linux-gnu/libhogweed.so.4.2
7f50a8d91000-7f50a8d92000 r--p 00031000 08:01 15468850                   /usr/lib/x86_64-linux-gnu/libhogweed.so.4.2
7f50a8d92000-7f50a8d93000 rw-p 00032000 08:01 15468850                   /usr/lib/x86_64-linux-gnu/libhogweed.so.4.2
7f50a8d93000-7f50a8dda000 r-xp 00000000 08:01 15472164                   /usr/lib/x86_64-linux-gnu/libgssapi_krb5.so.2.2
7f50a8dda000-7f50a8fd9000 ---p 00047000 08:01 15472164                   /usr/lib/x86_64-linux-gnu/libgssapi_krb5.so.2.2
7f50a8fd9000-7f50a8fdb000 r--p 00046000 08:01 15472164                   /usr/lib/x86_64-linux-gnu/libgssapi_krb5.so.2.2
7f50a8fdb000-7f50a8fdd000 rw-p 00048000 08:01 15472164                   /usr/lib/x86_64-linux-gnu/libgssapi_krb5.so.2.2
7f50a8fdd000-7f50a90b5000 r-xp 00000000 08:01 49283604                   /lib/x86_64-linux-gnu/libgcrypt.so.20.0.5
7f50a90b5000-7f50a92b4000 ---p 000d8000 08:01 49283604                   /lib/x86_64-linux-gnu/libgcrypt.so.20.0.5
7f50a92b4000-7f50a92b5000 r--p 000d7000 08:01 49283604                   /lib/x86_64-linux-gnu/libgcrypt.so.20.0.5
7f50a92b5000-7f50a92bd000 rw-p 000d8000 08:01 49283604                   /lib/x86_64-linux-gnu/libgcrypt.so.20.0.5
7f50a92bd000-7f50a92be000 rw-p 00000000 00:00 0 
7f50a92be000-7f50a9339000 r-xp 00000000 08:01 15472899                   /usr/lib/x86_64-linux-gnu/liborc-0.4.so.0.25.0
7f50a9339000-7f50a9538000 ---p 0007b000 08:01 15472899                   /usr/lib/x86_64-linux-gnu/liborc-0.4.so.0.25.0
7f50a9538000-7f50a953a000 r--p 0007a000 08:01 15472899                   /usr/lib/x86_64-linux-gnu/liborc-0.4.so.0.25.0
7f50a953a000-7f50a953e000 rw-p 0007c000 08:01 15472899                   /usr/lib/x86_64-linux-gnu/liborc-0.4.so.0.25.0
7f50a953e000-7f50a9545000 r-xp 00000000 08:01 15472872                   /usr/lib/x86_64-linux-gnu/libogg.so.0.8.2
7f50a9545000-7f50a9745000 ---p 00007000 08:01 15472872                   /usr/lib/x86_64-linux-gnu/libogg.so.0.8.2
7f50a9745000-7f50a9746000 r--p 00007000 08:01 15472872                   /usr/lib/x86_64-linux-gnu/libogg.so.0.8.2
7f50a9746000-7f50a9747000 rw-p 00008000 08:01 15472872                   /usr/lib/x86_64-linux-gnu/libogg.so.0.8.2
7f50a9747000-7f50a9751000 r-xp 00000000 08:01 15472240                   /usr/lib/x86_64-linux-gnu/libnuma.so.1.0.0
7f50a9751000-7f50a9950000 ---p 0000a000 08:01 15472240                   /usr/lib/x86_64-linux-gnu/libnuma.so.1.0.0
7f50a9950000-7f50a9951000 r--p 00009000 08:01 15472240                   /usr/lib/x86_64-linux-gnu/libnuma.so.1.0.0
7f50a9951000-7f50a9952000 rw-p 0000a000 08:01 15472240                   /usr/lib/x86_64-linux-gnu/libnuma.so.1.0.0
7f50a9952000-7f50a9980000 r-xp 00000000 08:01 15473601                   /usr/lib/x86_64-linux-gnu/libsoxr.so.0.1.1
7f50a9980000-7f50a9b7f000 ---p 0002e000 08:01 15473601                   /usr/lib/x86_64-linux-gnu/libsoxr.so.0.1.1
7f50a9b7f000-7f50a9b81000 r--p 0002d000 08:01 15473601                   /usr/lib/x86_64-linux-gnu/libsoxr.so.0.1.1
7f50a9b81000-7f50a9b82000 rw-p 0002f000 08:01 15473601                   /usr/lib/x86_64-linux-gnu/libsoxr.so.0.1.1
7f50a9b82000-7f50a9bb7000 rw-p 00000000 00:00 0 
7f50a9bb7000-7f50a9bdc000 r-xp 00000000 08:01 15473789                   /usr/lib/x86_64-linux-gnu/libv4lconvert.so.0.0.0
7f50a9bdc000-7f50a9ddc000 ---p 00025000 08:01 15473789                   /usr/lib/x86_64-linux-gnu/libv4lconvert.so.0.0.0
7f50a9ddc000-7f50a9dde000 r--p 00025000 08:01 15473789                   /usr/lib/x86_64-linux-gnu/libv4lconvert.so.0.0.0
7f50a9dde000-7f50a9ddf000 rw-p 00027000 08:01 15473789                   /usr/lib/x86_64-linux-gnu/libv4lconvert.so.0.0.0
7f50a9ddf000-7f50a9e31000 rw-p 00000000 00:00 0 
7f50a9e31000-7f50a9e93000 r-xp 00000000 08:01 15473777                   /usr/lib/x86_64-linux-gnu/libXt.so.6.0.0
7f50a9e93000-7f50aa093000 ---p 00062000 08:01 15473777                   /usr/lib/x86_64-linux-gnu/libXt.so.6.0.0
7f50aa093000-7f50aa094000 r--p 00062000 08:01 15473777                   /usr/lib/x86_64-linux-gnu/libXt.so.6.0.0
7f50aa094000-7f50aa099000 rw-p 00063000 08:01 15473777                   /usr/lib/x86_64-linux-gnu/libXt.so.6.0.0
7f50aa099000-7f50aa09a000 rw-p 00000000 00:00 0 
7f50aa09a000-7f50aa0a2000 r-xp 00000000 08:01 15472971                   /usr/lib/x86_64-linux-gnu/libthai.so.0.2.4
7f50aa0a2000-7f50aa2a1000 ---p 00008000 08:01 15472971                   /usr/lib/x86_64-linux-gnu/libthai.so.0.2.4
7f50aa2a1000-7f50aa2a2000 r--p 00007000 08:01 15472971                   /usr/lib/x86_64-linux-gnu/libthai.so.0.2.4
7f50aa2a2000-7f50aa2a3000 rw-p 00008000 08:01 15472971                   /usr/lib/x86_64-linux-gnu/libthai.so.0.2.4
7f50aa2a3000-7f50aa2ff000 r-xp 00000000 08:01 15473501                   /usr/lib/x86_64-linux-gnu/libharfbuzz.so.0.10000.1
7f50aa2ff000-7f50aa4ff000 ---p 0005c000 08:01 15473501                   /usr/lib/x86_64-linux-gnu/libharfbuzz.so.0.10000.1
7f50aa4ff000-7f50aa500000 r--p 0005c000 08:01 15473501                   /usr/lib/x86_64-linux-gnu/libharfbuzz.so.0.10000.1
7f50aa500000-7f50aa501000 rw-p 0005d000 08:01 15473501                   /usr/lib/x86_64-linux-gnu/libharfbuzz.so.0.10000.1
7f50aa501000-7f50aa518000 r-xp 00000000 08:01 49283667                   /lib/x86_64-linux-gnu/libresolv-2.23.so
7f50aa518000-7f50aa718000 ---p 00017000 08:01 49283667                   /lib/x86_64-linux-gnu/libresolv-2.23.so
7f50aa718000-7f50aa719000 r--p 00017000 08:01 49283667                   /lib/x86_64-linux-gnu/libresolv-2.23.so
7f50aa719000-7f50aa71a000 rw-p 00018000 08:01 49283667                   /lib/x86_64-linux-gnu/libresolv-2.23.so
7f50aa71a000-7f50aa71c000 rw-p 00000000 00:00 0 
7f50aa71c000-7f50aa73b000 r-xp 00000000 08:01 49283673                   /lib/x86_64-linux-gnu/libselinux.so.1
7f50aa73b000-7f50aa93a000 ---p 0001f000 08:01 49283673                   /lib/x86_64-linux-gnu/libselinux.so.1
7f50aa93a000-7f50aa93b000 r--p 0001e000 08:01 49283673                   /lib/x86_64-linux-gnu/libselinux.so.1
7f50aa93b000-7f50aa93c000 rw-p 0001f000 08:01 49283673                   /lib/x86_64-linux-gnu/libselinux.so.1
7f50aa93c000-7f50aa93e000 rw-p 00000000 00:00 0 
7f50aa93e000-7f50aa946000 r-xp 00000000 08:01 15473492                   /usr/lib/x86_64-linux-gnu/libxcb-render.so.0.0.0
7f50aa946000-7f50aab46000 ---p 00008000 08:01 15473492                   /usr/lib/x86_64-linux-gnu/libxcb-render.so.0.0.0
7f50aab46000-7f50aab47000 r--p 00008000 08:01 15473492                   /usr/lib/x86_64-linux-gnu/libxcb-render.so.0.0.0
7f50aab47000-7f50aab48000 rw-p 00009000 08:01 15473492                   /usr/lib/x86_64-linux-gnu/libxcb-render.so.0.0.0
7f50aab48000-7f50aab4a000 r-xp 00000000 08:01 15473494                   /usr/lib/x86_64-linux-gnu/libxcb-shm.so.0.0.0
7f50aab4a000-7f50aad4a000 ---p 00002000 08:01 15473494                   /usr/lib/x86_64-linux-gnu/libxcb-shm.so.0.0.0
7f50aad4a000-7f50aad4b000 r--p 00002000 08:01 15473494                   /usr/lib/x86_64-linux-gnu/libxcb-shm.so.0.0.0
7f50aad4b000-7f50aad4c000 rw-p 00003000 08:01 15473494                   /usr/lib/x86_64-linux-gnu/libxcb-shm.so.0.0.0
7f50aad4c000-7f50aadeb000 r-xp 00000000 08:01 15473490                   /usr/lib/x86_64-linux-gnu/libpixman-1.so.0.33.6
7f50aadeb000-7f50aafeb000 ---p 0009f000 08:01 15473490                   /usr/lib/x86_64-linux-gnu/libpixman-1.so.0.33.6
7f50aafeb000-7f50aaff3000 r--p 0009f000 08:01 15473490                   /usr/lib/x86_64-linux-gnu/libpixman-1.so.0.33.6
7f50aaff3000-7f50aaff4000 rw-p 000a7000 08:01 15473490                   /usr/lib/x86_64-linux-gnu/libpixman-1.so.0.33.6
7f50aaff4000-7f50ab098000 r-xp 00000000 08:01 15471370                   /usr/lib/x86_64-linux-gnu/libfreetype.so.6.12.1
7f50ab098000-7f50ab297000 ---p 000a4000 08:01 15471370                   /usr/lib/x86_64-linux-gnu/libfreetype.so.6.12.1
7f50ab297000-7f50ab29d000 r--p 000a3000 08:01 15471370                   /usr/lib/x86_64-linux-gnu/libfreetype.so.6.12.1
7f50ab29d000-7f50ab29e000 rw-p 000a9000 08:01 15471370                   /usr/lib/x86_64-linux-gnu/libfreetype.so.6.12.1
7f50ab29e000-7f50ab2a3000 r-xp 00000000 08:01 15472091                   /usr/lib/x86_64-linux-gnu/libXdmcp.so.6.0.0
7f50ab2a3000-7f50ab4a2000 ---p 00005000 08:01 15472091                   /usr/lib/x86_64-linux-gnu/libXdmcp.so.6.0.0
7f50ab4a2000-7f50ab4a3000 r--p 00004000 08:01 15472091                   /usr/lib/x86_64-linux-gnu/libXdmcp.so.6.0.0
7f50ab4a3000-7f50ab4a4000 rw-p 00005000 08:01 15472091                   /usr/lib/x86_64-linux-gnu/libXdmcp.so.6.0.0
7f50ab4a4000-7f50ab4a6000 r-xp 00000000 08:01 15472089                   /usr/lib/x86_64-linux-gnu/libXau.so.6.0.0
7f50ab4a6000-7f50ab6a6000 ---p 00002000 08:01 15472089                   /usr/lib/x86_64-linux-gnu/libXau.so.6.0.0
7f50ab6a6000-7f50ab6a7000 r--p 00002000 08:01 15472089                   /usr/lib/x86_64-linux-gnu/libXau.so.6.0.0
7f50ab6a7000-7f50ab6a8000 rw-p 00003000 08:01 15472089                   /usr/lib/x86_64-linux-gnu/libXau.so.6.0.0
7f50ab6a8000-7f50ab6b7000 r-xp 00000000 08:01 49283575                   /lib/x86_64-linux-gnu/libbz2.so.1.0.4
7f50ab6b7000-7f50ab8b6000 ---p 0000f000 08:01 49283575                   /lib/x86_64-linux-gnu/libbz2.so.1.0.4
7f50ab8b6000-7f50ab8b7000 r--p 0000e000 08:01 49283575                   /lib/x86_64-linux-gnu/libbz2.so.1.0.4
7f50ab8b7000-7f50ab8b8000 rw-p 0000f000 08:01 49283575                   /lib/x86_64-linux-gnu/libbz2.so.1.0.4
7f50ab8b8000-7f50ab9dc000 r-xp 00000000 08:01 15468848                   /usr/lib/x86_64-linux-gnu/libgnutls.so.30.6.2
7f50ab9dc000-7f50abbdb000 ---p 00124000 08:01 15468848                   /usr/lib/x86_64-linux-gnu/libgnutls.so.30.6.2
7f50abbdb000-7f50abbe6000 r--p 00123000 08:01 15468848                   /usr/lib/x86_64-linux-gnu/libgnutls.so.30.6.2
7f50abbe6000-7f50abbe8000 rw-p 0012e000 08:01 15468848                   /usr/lib/x86_64-linux-gnu/libgnutls.so.30.6.2
7f50abbe8000-7f50abbe9000 rw-p 00000000 00:00 0 
7f50abbe9000-7f50abc30000 r-xp 00000000 08:01 15473648                   /usr/lib/x86_64-linux-gnu/libbluray.so.1.9.2
7f50abc30000-7f50abe2f000 ---p 00047000 08:01 15473648                   /usr/lib/x86_64-linux-gnu/libbluray.so.1.9.2
7f50abe2f000-7f50abe31000 r--p 00046000 08:01 15473648                   /usr/lib/x86_64-linux-gnu/libbluray.so.1.9.2
7f50abe31000-7f50abe32000 rw-p 00048000 08:01 15473648                   /usr/lib/x86_64-linux-gnu/libbluray.so.1.9.2
7f50abe32000-7f50abe7c000 r-xp 00000000 08:01 15473650                   /usr/lib/x86_64-linux-gnu/libgme.so.0.6.0
7f50abe7c000-7f50ac07c000 ---p 0004a000 08:01 15473650                   /usr/lib/x86_64-linux-gnu/libgme.so.0.6.0
7f50ac07c000-7f50ac07f000 r--p 0004a000 08:01 15473650                   /usr/lib/x86_64-linux-gnu/libgme.so.0.6.0
7f50ac07f000-7f50ac080000 rw-p 0004d000 08:01 15473650                   /usr/lib/x86_64-linux-gnu/libgme.so.0.6.0
7f50ac080000-7f50ac0ca000 r-xp 00000000 08:01 15473652                   /usr/lib/x86_64-linux-gnu/libmodplug.so.1.0.0
7f50ac0ca000-7f50ac2ca000 ---p 0004a000 08:01 15473652                   /usr/lib/x86_64-linux-gnu/libmodplug.so.1.0.0
7f50ac2ca000-7f50ac2cb000 r--p 0004a000 08:01 15473652                   /usr/lib/x86_64-linux-gnu/libmodplug.so.1.0.0
7f50ac2cb000-7f50ac2cc000 rw-p 0004b000 08:01 15473652                   /usr/lib/x86_64-linux-gnu/libmodplug.so.1.0.0
7f50ac2cc000-7f50ac40b000 rw-p 00000000 00:00 0 
7f50ac40b000-7f50ac426000 r-xp 00000000 08:01 15472191                   /usr/lib/x86_64-linux-gnu/librtmp.so.1
7f50ac426000-7f50ac625000 ---p 0001b000 08:01 15472191                   /usr/lib/x86_64-linux-gnu/librtmp.so.1
7f50ac625000-7f50ac626000 r--p 0001a000 08:01 15472191                   /usr/lib/x86_64-linux-gnu/librtmp.so.1
7f50ac626000-7f50ac627000 rw-p 0001b000 08:01 15472191                   /usr/lib/x86_64-linux-gnu/librtmp.so.1
7f50ac627000-7f50ac66f000 r-xp 00000000 08:01 15473654                   /usr/lib/x86_64-linux-gnu/libssh-gcrypt.so.4.4.1
7f50ac66f000-7f50ac86e000 ---p 00048000 08:01 15473654                   /usr/lib/x86_64-linux-gnu/libssh-gcrypt.so.4.4.1
7f50ac86e000-7f50ac86f000 r--p 00047000 08:01 15473654                   /usr/lib/x86_64-linux-gnu/libssh-gcrypt.so.4.4.1
7f50ac86f000-7f50ac870000 rw-p 00048000 08:01 15473654                   /usr/lib/x86_64-linux-gnu/libssh-gcrypt.so.4.4.1
7f50ac870000-7f50ac88a000 r-xp 00000000 08:01 15468877                   /usr/lib/x86_64-linux-gnu/libcrystalhd.so.3.6
7f50ac88a000-7f50aca89000 ---p 0001a000 08:01 15468877                   /usr/lib/x86_64-linux-gnu/libcrystalhd.so.3.6
7f50aca89000-7f50aca8a000 r--p 00019000 08:01 15468877                   /usr/lib/x86_64-linux-gnu/libcrystalhd.so.3.6
7f50aca8a000-7f50aca8b000 rw-p 0001a000 08:01 15468877                   /usr/lib/x86_64-linux-gnu/libcrystalhd.so.3.6
7f50aca8b000-7f50aca98000 r-xp 00000000 08:01 15470633                   /usr/lib/x86_64-linux-gnu/libgsm.so.1.0.12
7f50aca98000-7f50acc97000 ---p 0000d000 08:01 15470633                   /usr/lib/x86_64-linux-gnu/libgsm.so.1.0.12
7f50acc97000-7f50acc98000 r--p 0000c000 08:01 15470633                   /usr/lib/x86_64-linux-gnu/libgsm.so.1.0.12
7f50acc98000-7f50acc99000 rw-p 0000d000 08:01 15470633                   /usr/lib/x86_64-linux-gnu/libgsm.so.1.0.12
7f50acc99000-7f50accde000 r-xp 00000000 08:01 15473587                   /usr/lib/x86_64-linux-gnu/libmp3lame.so.0.0.0
7f50accde000-7f50acede000 ---p 00045000 08:01 15473587                   /usr/lib/x86_64-linux-gnu/libmp3lame.so.0.0.0
7f50acede000-7f50acedf000 r--p 00045000 08:01 15473587                   /usr/lib/x86_64-linux-gnu/libmp3lame.so.0.0.0
7f50acedf000-7f50acee0000 rw-p 00046000 08:01 15473587                   /usr/lib/x86_64-linux-gnu/libmp3lame.so.0.0.0
7f50acee0000-7f50acf0e000 rw-p 00000000 00:00 0 
7f50acf0e000-7f50acf30000 r-xp 00000000 08:01 15473590                   /usr/lib/x86_64-linux-gnu/libopenjpeg.so.1.5.2
7f50acf30000-7f50ad12f000 ---p 00022000 08:01 15473590                   /usr/lib/x86_64-linux-gnu/libopenjpeg.so.1.5.2
7f50ad12f000-7f50ad130000 r--p 00021000 08:01 15473590                   /usr/lib/x86_64-linux-gnu/libopenjpeg.so.1.5.2
7f50ad130000-7f50ad131000 rw-p 00022000 08:01 15473590                   /usr/lib/x86_64-linux-gnu/libopenjpeg.so.1.5.2
7f50ad131000-7f50ad17a000 r-xp 00000000 08:01 15473593                   /usr/lib/x86_64-linux-gnu/libopus.so.0.5.2
7f50ad17a000-7f50ad379000 ---p 00049000 08:01 15473593                   /usr/lib/x86_64-linux-gnu/libopus.so.0.5.2
7f50ad379000-7f50ad37a000 r--p 00048000 08:01 15473593                   /usr/lib/x86_64-linux-gnu/libopus.so.0.5.2
7f50ad37a000-7f50ad37b000 rw-p 00049000 08:01 15473593                   /usr/lib/x86_64-linux-gnu/libopus.so.0.5.2
7f50ad37b000-7f50ad44c000 r-xp 00000000 08:01 15472903                   /usr/lib/x86_64-linux-gnu/libschroedinger-1.0.so.0.11.0
7f50ad44c000-7f50ad64c000 ---p 000d1000 08:01 15472903                   /usr/lib/x86_64-linux-gnu/libschroedinger-1.0.so.0.11.0
7f50ad64c000-7f50ad64e000 r--p 000d1000 08:01 15472903                   /usr/lib/x86_64-linux-gnu/libschroedinger-1.0.so.0.11.0
7f50ad64e000-7f50ad64f000 rw-p 000d3000 08:01 15472903                   /usr/lib/x86_64-linux-gnu/libschroedinger-1.0.so.0.11.0
7f50ad64f000-7f50ad650000 rw-p 00000000 00:00 0 
7f50ad650000-7f50ad65c000 r-xp 00000000 08:01 15473595                   /usr/lib/x86_64-linux-gnu/libshine.so.3.0.1
7f50ad65c000-7f50ad85b000 ---p 0000c000 08:01 15473595                   /usr/lib/x86_64-linux-gnu/libshine.so.3.0.1
7f50ad85b000-7f50ad85c000 r--p 0000b000 08:01 15473595                   /usr/lib/x86_64-linux-gnu/libshine.so.3.0.1
7f50ad85c000-7f50ad85d000 rw-p 0000c000 08:01 15473595                   /usr/lib/x86_64-linux-gnu/libshine.so.3.0.1
7f50ad85d000-7f50ad864000 r-xp 00000000 08:01 15473597                   /usr/lib/x86_64-linux-gnu/libsnappy.so.1.3.0
7f50ad864000-7f50ada63000 ---p 00007000 08:01 15473597                   /usr/lib/x86_64-linux-gnu/libsnappy.so.1.3.0
7f50ada63000-7f50ada64000 r--p 00006000 08:01 15473597                   /usr/lib/x86_64-linux-gnu/libsnappy.so.1.3.0
7f50ada64000-7f50ada65000 rw-p 00007000 08:01 15473597                   /usr/lib/x86_64-linux-gnu/libsnappy.so.1.3.0
7f50ada65000-7f50ada7c000 r-xp 00000000 08:01 15473599                   /usr/lib/x86_64-linux-gnu/libspeex.so.1.5.0
7f50ada7c000-7f50adc7c000 ---p 00017000 08:01 15473599                   /usr/lib/x86_64-linux-gnu/libspeex.so.1.5.0
7f50adc7c000-7f50adc7d000 r--p 00017000 08:01 15473599                   /usr/lib/x86_64-linux-gnu/libspeex.so.1.5.0
7f50adc7d000-7f50adc7e000 rw-p 00018000 08:01 15473599                   /usr/lib/x86_64-linux-gnu/libspeex.so.1.5.0
7f50adc7e000-7f50adc97000 r-xp 00000000 08:01 15473607                   /usr/lib/x86_64-linux-gnu/libtheoradec.so.1.1.4
7f50adc97000-7f50ade96000 ---p 00019000 08:01 15473607                   /usr/lib/x86_64-linux-gnu/libtheoradec.so.1.1.4
7f50ade96000-7f50ade97000 r--p 00018000 08:01 15473607                   /usr/lib/x86_64-linux-gnu/libtheoradec.so.1.1.4
7f50ade97000-7f50ade98000 rw-p 00019000 08:01 15473607                   /usr/lib/x86_64-linux-gnu/libtheoradec.so.1.1.4
7f50ade98000-7f50aded6000 r-xp 00000000 08:01 15473605                   /usr/lib/x86_64-linux-gnu/libtheoraenc.so.1.1.2
7f50aded6000-7f50ae0d5000 ---p 0003e000 08:01 15473605                   /usr/lib/x86_64-linux-gnu/libtheoraenc.so.1.1.2
7f50ae0d5000-7f50ae0d6000 r--p 0003d000 08:01 15473605                   /usr/lib/x86_64-linux-gnu/libtheoraenc.so.1.1.2
7f50ae0d6000-7f50ae0d7000 rw-p 0003e000 08:01 15473605                   /usr/lib/x86_64-linux-gnu/libtheoraenc.so.1.1.2
7f50ae0d7000-7f50ae0f5000 r-xp 00000000 08:01 15473611                   /usr/lib/x86_64-linux-gnu/libtwolame.so.0.0.0
7f50ae0f5000-7f50ae2f4000 ---p 0001e000 08:01 15473611                   /usr/lib/x86_64-linux-gnu/libtwolame.so.0.0.0
7f50ae2f4000-7f50ae2f5000 r--p 0001d000 08:01 15473611                   /usr/lib/x86_64-linux-gnu/libtwolame.so.0.0.0
7f50ae2f5000-7f50ae2f6000 rw-p 0001e000 08:01 15473611                   /usr/lib/x86_64-linux-gnu/libtwolame.so.0.0.0
7f50ae2f6000-7f50ae2fa000 rw-p 00000000 00:00 0 
7f50ae2fa000-7f50ae324000 r-xp 00000000 08:01 15473615                   /usr/lib/x86_64-linux-gnu/libvorbis.so.0.4.8
7f50ae324000-7f50ae524000 ---p 0002a000 08:01 15473615                   /usr/lib/x86_64-linux-gnu/libvorbis.so.0.4.8
7f50ae524000-7f50ae525000 r--p 0002a000 08:01 15473615                   /usr/lib/x86_64-linux-gnu/libvorbis.so.0.4.8
7f50ae525000-7f50ae526000 rw-p 0002b000 08:01 15473615                   /usr/lib/x86_64-linux-gnu/libvorbis.so.0.4.8
7f50ae526000-7f50ae5b3000 r-xp 00000000 08:01 15473617                   /usr/lib/x86_64-linux-gnu/libvorbisenc.so.2.0.11
7f50ae5b3000-7f50ae7b2000 ---p 0008d000 08:01 15473617                   /usr/lib/x86_64-linux-gnu/libvorbisenc.so.2.0.11
7f50ae7b2000-7f50ae7ce000 r--p 0008c000 08:01 15473617                   /usr/lib/x86_64-linux-gnu/libvorbisenc.so.2.0.11
7f50ae7ce000-7f50ae7cf000 rw-p 000a8000 08:01 15473617                   /usr/lib/x86_64-linux-gnu/libvorbisenc.so.2.0.11
7f50ae7cf000-7f50ae9ee000 r-xp 00000000 08:01 15473619                   /usr/lib/x86_64-linux-gnu/libvpx.so.3.0.0
7f50ae9ee000-7f50aebed000 ---p 0021f000 08:01 15473619                   /usr/lib/x86_64-linux-gnu/libvpx.so.3.0.0
7f50aebed000-7f50aebef000 r--p 0021e000 08:01 15473619                   /usr/lib/x86_64-linux-gnu/libvpx.so.3.0.0
7f50aebef000-7f50aebf0000 rw-p 00220000 08:01 15473619                   /usr/lib/x86_64-linux-gnu/libvpx.so.3.0.0
7f50aebf0000-7f50aebf3000 rw-p 00000000 00:00 0 
7f50aebf3000-7f50aec1b000 r-xp 00000000 08:01 15473622                   /usr/lib/x86_64-linux-gnu/libwavpack.so.1.1.7
7f50aec1b000-7f50aee1a000 ---p 00028000 08:01 15473622                   /usr/lib/x86_64-linux-gnu/libwavpack.so.1.1.7
7f50aee1a000-7f50aee1b000 r--p 00027000 08:01 15473622                   /usr/lib/x86_64-linux-gnu/libwavpack.so.1.1.7
7f50aee1b000-7f50aee1c000 rw-p 00028000 08:01 15473622                   /usr/lib/x86_64-linux-gnu/libwavpack.so.1.1.7
7f50aee1c000-7f50aee75000 r-xp 00000000 08:01 15473624                   /usr/lib/x86_64-linux-gnu/libwebp.so.5.0.4
7f50aee75000-7f50af075000 ---p 00059000 08:01 15473624                   /usr/lib/x86_64-linux-gnu/libwebp.so.5.0.4
7f50af075000-7f50af076000 r--p 00059000 08:01 15473624                   /usr/lib/x86_64-linux-gnu/libwebp.so.5.0.4
7f50af076000-7f50af078000 rw-p 0005a000 08:01 15473624                   /usr/lib/x86_64-linux-gnu/libwebp.so.5.0.4
7f50af078000-7f50af1a0000 r-xp 00000000 08:01 15473626                   /usr/lib/x86_64-linux-gnu/libx264.so.148
7f50af1a0000-7f50af39f000 ---p 00128000 08:01 15473626                   /usr/lib/x86_64-linux-gnu/libx264.so.148
7f50af39f000-7f50af3a0000 r--p 00127000 08:01 15473626                   /usr/lib/x86_64-linux-gnu/libx264.so.148
7f50af3a0000-7f50af3a1000 rw-p 00128000 08:01 15473626                   /usr/lib/x86_64-linux-gnu/libx264.so.148
7f50af3a1000-7f50af41c000 rw-p 00000000 00:00 0 
7f50af41c000-7f50afe29000 r-xp 00000000 08:01 15473627                   /usr/lib/x86_64-linux-gnu/libx265.so.79
7f50afe29000-7f50b0028000 ---p 00a0d000 08:01 15473627                   /usr/lib/x86_64-linux-gnu/libx265.so.79
7f50b0028000-7f50b002b000 r--p 00a0c000 08:01 15473627                   /usr/lib/x86_64-linux-gnu/libx265.so.79
7f50b002b000-7f50b002e000 rw-p 00a0f000 08:01 15473627                   /usr/lib/x86_64-linux-gnu/libx265.so.79
7f50b002e000-7f50b003b000 rw-p 00000000 00:00 0 
7f50b003b000-7f50b00dc000 r-xp 00000000 08:01 15473628                   /usr/lib/x86_64-linux-gnu/libxvidcore.so.4.3
7f50b00dc000-7f50b02db000 ---p 000a1000 08:01 15473628                   /usr/lib/x86_64-linux-gnu/libxvidcore.so.4.3
7f50b02db000-7f50b02dc000 r--p 000a0000 08:01 15473628                   /usr/lib/x86_64-linux-gnu/libxvidcore.so.4.3
7f50b02dc000-7f50b02e6000 rw-p 000a1000 08:01 15473628                   /usr/lib/x86_64-linux-gnu/libxvidcore.so.4.3
7f50b02e6000-7f50b034f000 rw-p 00000000 00:00 0 
7f50b034f000-7f50b03c6000 r-xp 00000000 08:01 15473630                   /usr/lib/x86_64-linux-gnu/libzvbi.so.0.13.2
7f50b03c6000-7f50b05c5000 ---p 00077000 08:01 15473630                   /usr/lib/x86_64-linux-gnu/libzvbi.so.0.13.2
7f50b05c5000-7f50b05ce000 r--p 00076000 08:01 15473630                   /usr/lib/x86_64-linux-gnu/libzvbi.so.0.13.2
7f50b05ce000-7f50b05da000 rw-p 0007f000 08:01 15473630                   /usr/lib/x86_64-linux-gnu/libzvbi.so.0.13.2
7f50b05da000-7f50b05f5000 r-xp 00000000 08:01 15473613                   /usr/lib/x86_64-linux-gnu/libva.so.1.3900.0
7f50b05f5000-7f50b07f4000 ---p 0001b000 08:01 15473613                   /usr/lib/x86_64-linux-gnu/libva.so.1.3900.0
7f50b07f4000-7f50b07f5000 r--p 0001a000 08:01 15473613                   /usr/lib/x86_64-linux-gnu/libva.so.1.3900.0
7f50b07f5000-7f50b07f6000 rw-p 0001b000 08:01 15473613                   /usr/lib/x86_64-linux-gnu/libva.so.1.3900.0
7f50b07f6000-7f50b0810000 r-xp 00000000 08:01 15473603                   /usr/lib/x86_64-linux-gnu/libswresample-ffmpeg.so.1.2.101
7f50b0810000-7f50b0a0f000 ---p 0001a000 08:01 15473603                   /usr/lib/x86_64-linux-gnu/libswresample-ffmpeg.so.1.2.101
7f50b0a0f000-7f50b0a11000 r--p 00019000 08:01 15473603                   /usr/lib/x86_64-linux-gnu/libswresample-ffmpeg.so.1.2.101
7f50b0a11000-7f50b0a12000 rw-p 0001b000 08:01 15473603                   /usr/lib/x86_64-linux-gnu/libswresample-ffmpeg.so.1.2.101
7f50b0a12000-7f50b0a1b000 r-xp 00000000 08:01 15473791                   /usr/lib/x86_64-linux-gnu/libv4l2.so.0.0.0
7f50b0a1b000-7f50b0c1a000 ---p 00009000 08:01 15473791                   /usr/lib/x86_64-linux-gnu/libv4l2.so.0.0.0
7f50b0c1a000-7f50b0c1b000 r--p 00008000 08:01 15473791                   /usr/lib/x86_64-linux-gnu/libv4l2.so.0.0.0
7f50b0c1b000-7f50b0c20000 rw-p 00009000 08:01 15473791                   /usr/lib/x86_64-linux-gnu/libv4l2.so.0.0.0
7f50b0c20000-7f50b0c37000 r-xp 00000000 08:01 49287106                   /lib/x86_64-linux-gnu/libusb-1.0.so.0.1.0
7f50b0c37000-7f50b0e36000 ---p 00017000 08:01 49287106                   /lib/x86_64-linux-gnu/libusb-1.0.so.0.1.0
7f50b0e36000-7f50b0e37000 r--p 00016000 08:01 49287106                   /lib/x86_64-linux-gnu/libusb-1.0.so.0.1.0
7f50b0e37000-7f50b0e38000 rw-p 00017000 08:01 49287106                   /lib/x86_64-linux-gnu/libusb-1.0.so.0.1.0
7f50b0e38000-7f50b0e45000 r-xp 00000000 08:01 15473771                   /usr/lib/x86_64-linux-gnu/libraw1394.so.11.1.0
7f50b0e45000-7f50b1045000 ---p 0000d000 08:01 15473771                   /usr/lib/x86_64-linux-gnu/libraw1394.so.11.1.0
7f50b1045000-7f50b1046000 r--p 0000d000 08:01 15473771                   /usr/lib/x86_64-linux-gnu/libraw1394.so.11.1.0
7f50b1046000-7f50b1047000 rw-p 0000e000 08:01 15473771                   /usr/lib/x86_64-linux-gnu/libraw1394.so.11.1.0
7f50b1047000-7f50b1065000 r-xp 00000000 08:01 15472975                   /usr/lib/x86_64-linux-gnu/libpangox-1.0.so.0.0.0
7f50b1065000-7f50b1265000 ---p 0001e000 08:01 15472975                   /usr/lib/x86_64-linux-gnu/libpangox-1.0.so.0.0.0
7f50b1265000-7f50b1266000 r--p 0001e000 08:01 15472975                   /usr/lib/x86_64-linux-gnu/libpangox-1.0.so.0.0.0
7f50b1266000-7f50b1267000 rw-p 0001f000 08:01 15472975                   /usr/lib/x86_64-linux-gnu/libpangox-1.0.so.0.0.0
7f50b1267000-7f50b127f000 r-xp 00000000 08:01 15473779                   /usr/lib/x86_64-linux-gnu/libXmu.so.6.2.0
7f50b127f000-7f50b147e000 ---p 00018000 08:01 15473779                   /usr/lib/x86_64-linux-gnu/libXmu.so.6.2.0
7f50b147e000-7f50b147f000 r--p 00017000 08:01 15473779                   /usr/lib/x86_64-linux-gnu/libXmu.so.6.2.0
7f50b147f000-7f50b1480000 rw-p 00018000 08:01 15473779                   /usr/lib/x86_64-linux-gnu/libXmu.so.6.2.0
7f50b1480000-7f50b14ed000 r-xp 00000000 08:01 15473775                   /usr/lib/x86_64-linux-gnu/libGLU.so.1.3.1
7f50b14ed000-7f50b16ed000 ---p 0006d000 08:01 15473775                   /usr/lib/x86_64-linux-gnu/libGLU.so.1.3.1
7f50b16ed000-7f50b16ee000 r--p 0006d000 08:01 15473775                   /usr/lib/x86_64-linux-gnu/libGLU.so.1.3.1
7f50b16ee000-7f50b16ef000 rw-p 0006e000 08:01 15473775                   /usr/lib/x86_64-linux-gnu/libGLU.so.1.3.1
7f50b16ef000-7f50b175d000 r-xp 00000000 08:01 49283656                   /lib/x86_64-linux-gnu/libpcre.so.3.13.2
7f50b175d000-7f50b195d000 ---p 0006e000 08:01 49283656                   /lib/x86_64-linux-gnu/libpcre.so.3.13.2
7f50b195d000-7f50b195e000 r--p 0006e000 08:01 49283656                   /lib/x86_64-linux-gnu/libpcre.so.3.13.2
7f50b195e000-7f50b195f000 rw-p 0006f000 08:01 49283656                   /lib/x86_64-linux-gnu/libpcre.so.3.13.2
7f50b195f000-7f50b1966000 r-xp 00000000 08:01 15468836                   /usr/lib/x86_64-linux-gnu/libffi.so.6.0.4
7f50b1966000-7f50b1b65000 ---p 00007000 08:01 15468836                   /usr/lib/x86_64-linux-gnu/libffi.so.6.0.4
7f50b1b65000-7f50b1b66000 r--p 00006000 08:01 15468836                   /usr/lib/x86_64-linux-gnu/libffi.so.6.0.4
7f50b1b66000-7f50b1b67000 rw-p 00007000 08:01 15468836                   /usr/lib/x86_64-linux-gnu/libffi.so.6.0.4
7f50b1b67000-7f50b1b69000 r-xp 00000000 08:01 15472909                   /usr/lib/x86_64-linux-gnu/libXcomposite.so.1.0.0
7f50b1b69000-7f50b1d68000 ---p 00002000 08:01 15472909                   /usr/lib/x86_64-linux-gnu/libXcomposite.so.1.0.0
7f50b1d68000-7f50b1d69000 r--p 00001000 08:01 15472909                   /usr/lib/x86_64-linux-gnu/libXcomposite.so.1.0.0
7f50b1d69000-7f50b1d6a000 rw-p 00002000 08:01 15472909                   /usr/lib/x86_64-linux-gnu/libXcomposite.so.1.0.0
7f50b1d6a000-7f50b1d73000 r-xp 00000000 08:01 15472915                   /usr/lib/x86_64-linux-gnu/libXcursor.so.1.0.2
7f50b1d73000-7f50b1f72000 ---p 00009000 08:01 15472915                   /usr/lib/x86_64-linux-gnu/libXcursor.so.1.0.2
7f50b1f72000-7f50b1f73000 r--p 00008000 08:01 15472915                   /usr/lib/x86_64-linux-gnu/libXcursor.so.1.0.2
7f50b1f73000-7f50b1f74000 rw-p 00009000 08:01 15472915                   /usr/lib/x86_64-linux-gnu/libXcursor.so.1.0.2
7f50b1f74000-7f50b1f7e000 r-xp 00000000 08:01 15473516                   /usr/lib/x86_64-linux-gnu/libXrandr.so.2.2.0
7f50b1f7e000-7f50b217d000 ---p 0000a000 08:01 15473516                   /usr/lib/x86_64-linux-gnu/libXrandr.so.2.2.0
7f50b217d000-7f50b217e000 r--p 00009000 08:01 15473516                   /usr/lib/x86_64-linux-gnu/libXrandr.so.2.2.0
7f50b217e000-7f50b217f000 rw-p 0000a000 08:01 15473516                   /usr/lib/x86_64-linux-gnu/libXrandr.so.2.2.0
7f50b217f000-7f50b218e000 r-xp 00000000 08:01 15473514                   /usr/lib/x86_64-linux-gnu/libXi.so.6.1.0
7f50b218e000-7f50b238d000 ---p 0000f000 08:01 15473514                   /usr/lib/x86_64-linux-gnu/libXi.so.6.1.0
7f50b238d000-7f50b238e000 r--p 0000e000 08:01 15473514                   /usr/lib/x86_64-linux-gnu/libXi.so.6.1.0
7f50b238e000-7f50b238f000 rw-p 0000f000 08:01 15473514                   /usr/lib/x86_64-linux-gnu/libXi.so.6.1.0
7f50b238f000-7f50b2391000 r-xp 00000000 08:01 15472921                   /usr/lib/x86_64-linux-gnu/libXinerama.so.1.0.0
7f50b2391000-7f50b2590000 ---p 00002000 08:01 15472921                   /usr/lib/x86_64-linux-gnu/libXinerama.so.1.0.0
7f50b2590000-7f50b2591000 r--p 00001000 08:01 15472921                   /usr/lib/x86_64-linux-gnu/libXinerama.so.1.0.0
7f50b2591000-7f50b2592000 rw-p 00002000 08:01 15472921                   /usr/lib/x86_64-linux-gnu/libXinerama.so.1.0.0
7f50b2592000-7f50b259b000 r-xp 00000000 08:01 15472913                   /usr/lib/x86_64-linux-gnu/libXrender.so.1.3.0
7f50b259b000-7f50b279a000 ---p 00009000 08:01 15472913                   /usr/lib/x86_64-linux-gnu/libXrender.so.1.3.0
7f50b279a000-7f50b279b000 r--p 00008000 08:01 15472913                   /usr/lib/x86_64-linux-gnu/libXrender.so.1.3.0
7f50b279b000-7f50b279c000 rw-p 00009000 08:01 15472913                   /usr/lib/x86_64-linux-gnu/libXrender.so.1.3.0
7f50b279c000-7f50b27d9000 r-xp 00000000 08:01 15468833                   /usr/lib/x86_64-linux-gnu/libfontconfig.so.1.9.0
7f50b27d9000-7f50b29d8000 ---p 0003d000 08:01 15468833                   /usr/lib/x86_64-linux-gnu/libfontconfig.so.1.9.0
7f50b29d8000-7f50b29da000 r--p 0003c000 08:01 15468833                   /usr/lib/x86_64-linux-gnu/libfontconfig.so.1.9.0
7f50b29da000-7f50b29df000 rw-p 0003e000 08:01 15468833                   /usr/lib/x86_64-linux-gnu/libfontconfig.so.1.9.0
7f50b29df000-7f50b2a28000 r-xp 00000000 08:01 15472973                   /usr/lib/x86_64-linux-gnu/libpango-1.0.so.0.3800.1
7f50b2a28000-7f50b2c28000 ---p 00049000 08:01 15472973                   /usr/lib/x86_64-linux-gnu/libpango-1.0.so.0.3800.1
7f50b2c28000-7f50b2c2a000 r--p 00049000 08:01 15472973                   /usr/lib/x86_64-linux-gnu/libpango-1.0.so.0.3800.1
7f50b2c2a000-7f50b2c2b000 rw-p 0004b000 08:01 15472973                   /usr/lib/x86_64-linux-gnu/libpango-1.0.so.0.3800.1
7f50b2c2b000-7f50b2c3f000 r-xp 00000000 08:01 15473503                   /usr/lib/x86_64-linux-gnu/libpangoft2-1.0.so.0.3800.1
7f50b2c3f000-7f50b2e3f000 ---p 00014000 08:01 15473503                   /usr/lib/x86_64-linux-gnu/libpangoft2-1.0.so.0.3800.1
7f50b2e3f000-7f50b2e40000 r--p 00014000 08:01 15473503                   /usr/lib/x86_64-linux-gnu/libpangoft2-1.0.so.0.3800.1
7f50b2e40000-7f50b2e41000 rw-p 00015000 08:01 15473503                   /usr/lib/x86_64-linux-gnu/libpangoft2-1.0.so.0.3800.1
7f50b2e41000-7f50b2fc1000 r-xp 00000000 08:01 15471455                   /usr/lib/x86_64-linux-gnu/libgio-2.0.so.0.4800.0
7f50b2fc1000-7f50b31c1000 ---p 00180000 08:01 15471455                   /usr/lib/x86_64-linux-gnu/libgio-2.0.so.0.4800.0
7f50b31c1000-7f50b31c5000 r--p 00180000 08:01 15471455                   /usr/lib/x86_64-linux-gnu/libgio-2.0.so.0.4800.0
7f50b31c5000-7f50b31c7000 rw-p 00184000 08:01 15471455                   /usr/lib/x86_64-linux-gnu/libgio-2.0.so.0.4800.0
7f50b31c7000-7f50b31c9000 rw-p 00000000 00:00 0 
7f50b31c9000-7f50b31ea000 r-xp 00000000 08:01 15473487                   /usr/lib/x86_64-linux-gnu/libgdk_pixbuf-2.0.so.0.3200.2
7f50b31ea000-7f50b33e9000 ---p 00021000 08:01 15473487                   /usr/lib/x86_64-linux-gnu/libgdk_pixbuf-2.0.so.0.3200.2
7f50b33e9000-7f50b33ea000 r--p 00020000 08:01 15473487                   /usr/lib/x86_64-linux-gnu/libgdk_pixbuf-2.0.so.0.3200.2
7f50b33ea000-7f50b33eb000 rw-p 00021000 08:01 15473487                   /usr/lib/x86_64-linux-gnu/libgdk_pixbuf-2.0.so.0.3200.2
7f50b33eb000-7f50b34f9000 r-xp 00000000 08:01 15473496                   /usr/lib/x86_64-linux-gnu/libcairo.so.2.11400.6
7f50b34f9000-7f50b36f9000 ---p 0010e000 08:01 15473496                   /usr/lib/x86_64-linux-gnu/libcairo.so.2.11400.6
7f50b36f9000-7f50b36fc000 r--p 0010e000 08:01 15473496                   /usr/lib/x86_64-linux-gnu/libcairo.so.2.11400.6
7f50b36fc000-7f50b36fd000 rw-p 00111000 08:01 15473496                   /usr/lib/x86_64-linux-gnu/libcairo.so.2.11400.6
7f50b36fd000-7f50b36ff000 rw-p 00000000 00:00 0 
7f50b36ff000-7f50b3721000 r-xp 00000000 08:01 15473482                   /usr/lib/x86_64-linux-gnu/libatk-1.0.so.0.21809.1
7f50b3721000-7f50b3920000 ---p 00022000 08:01 15473482                   /usr/lib/x86_64-linux-gnu/libatk-1.0.so.0.21809.1
7f50b3920000-7f50b3923000 r--p 00021000 08:01 15473482                   /usr/lib/x86_64-linux-gnu/libatk-1.0.so.0.21809.1
7f50b3923000-7f50b3924000 rw-p 00024000 08:01 15473482                   /usr/lib/x86_64-linux-gnu/libatk-1.0.so.0.21809.1
7f50b3924000-7f50b3930000 r-xp 00000000 08:01 15473505                   /usr/lib/x86_64-linux-gnu/libpangocairo-1.0.so.0.3800.1
7f50b3930000-7f50b3b2f000 ---p 0000c000 08:01 15473505                   /usr/lib/x86_64-linux-gnu/libpangocairo-1.0.so.0.3800.1
7f50b3b2f000-7f50b3b30000 r--p 0000b000 08:01 15473505                   /usr/lib/x86_64-linux-gnu/libpangocairo-1.0.so.0.3800.1
7f50b3b30000-7f50b3b31000 rw-p 0000c000 08:01 15473505                   /usr/lib/x86_64-linux-gnu/libpangocairo-1.0.so.0.3800.1
7f50b3b31000-7f50b3b34000 r-xp 00000000 08:01 15471457                   /usr/lib/x86_64-linux-gnu/libgmodule-2.0.so.0.4800.0
7f50b3b34000-7f50b3d33000 ---p 00003000 08:01 15471457                   /usr/lib/x86_64-linux-gnu/libgmodule-2.0.so.0.4800.0
7f50b3d33000-7f50b3d34000 r--p 00002000 08:01 15471457                   /usr/lib/x86_64-linux-gnu/libgmodule-2.0.so.0.4800.0
7f50b3d34000-7f50b3d35000 rw-p 00003000 08:01 15471457                   /usr/lib/x86_64-linux-gnu/libgmodule-2.0.so.0.4800.0
7f50b3d35000-7f50b3d3a000 r-xp 00000000 08:01 15472878                   /usr/lib/x86_64-linux-gnu/libIlmThread-2_2.so.12.0.0
7f50b3d3a000-7f50b3f3a000 ---p 00005000 08:01 15472878                   /usr/lib/x86_64-linux-gnu/libIlmThread-2_2.so.12.0.0
7f50b3f3a000-7f50b3f3b000 r--p 00005000 08:01 15472878                   /usr/lib/x86_64-linux-gnu/libIlmThread-2_2.so.12.0.0
7f50b3f3b000-7f50b3f3c000 rw-p 00006000 08:01 15472878                   /usr/lib/x86_64-linux-gnu/libIlmThread-2_2.so.12.0.0
7f50b3f3c000-7f50b3f57000 r-xp 00000000 08:01 15472877                   /usr/lib/x86_64-linux-gnu/libIex-2_2.so.12.0.0
7f50b3f57000-7f50b4156000 ---p 0001b000 08:01 15472877                   /usr/lib/x86_64-linux-gnu/libIex-2_2.so.12.0.0
7f50b4156000-7f50b4159000 r--p 0001a000 08:01 15472877                   /usr/lib/x86_64-linux-gnu/libIex-2_2.so.12.0.0
7f50b4159000-7f50b415a000 rw-p 0001d000 08:01 15472877                   /usr/lib/x86_64-linux-gnu/libIex-2_2.so.12.0.0
7f50b415a000-7f50b4165000 r-xp 00000000 08:01 15472964                   /usr/lib/x86_64-linux-gnu/libjbig.so.0
7f50b4165000-7f50b4364000 ---p 0000b000 08:01 15472964                   /usr/lib/x86_64-linux-gnu/libjbig.so.0
7f50b4364000-7f50b4365000 r--p 0000a000 08:01 15472964                   /usr/lib/x86_64-linux-gnu/libjbig.so.0
7f50b4365000-7f50b4368000 rw-p 0000b000 08:01 15472964                   /usr/lib/x86_64-linux-gnu/libjbig.so.0
7f50b4368000-7f50b4389000 r-xp 00000000 08:01 49283616                   /lib/x86_64-linux-gnu/liblzma.so.5.0.0
7f50b4389000-7f50b4588000 ---p 00021000 08:01 49283616                   /lib/x86_64-linux-gnu/liblzma.so.5.0.0
7f50b4588000-7f50b4589000 r--p 00020000 08:01 49283616                   /lib/x86_64-linux-gnu/liblzma.so.5.0.0
7f50b4589000-7f50b458a000 rw-p 00021000 08:01 49283616                   /lib/x86_64-linux-gnu/liblzma.so.5.0.0
7f50b458a000-7f50b4598000 r-xp 00000000 08:01 15472243                   /usr/lib/x86_64-linux-gnu/libdrm.so.2.4.0
7f50b4598000-7f50b4797000 ---p 0000e000 08:01 15472243                   /usr/lib/x86_64-linux-gnu/libdrm.so.2.4.0
7f50b4797000-7f50b4798000 r--p 0000d000 08:01 15472243                   /usr/lib/x86_64-linux-gnu/libdrm.so.2.4.0
7f50b4798000-7f50b4799000 rw-p 0000e000 08:01 15472243                   /usr/lib/x86_64-linux-gnu/libdrm.so.2.4.0
7f50b4799000-7f50b479e000 r-xp 00000000 08:01 15472925                   /usr/lib/x86_64-linux-gnu/libXxf86vm.so.1.0.0
7f50b479e000-7f50b499d000 ---p 00005000 08:01 15472925                   /usr/lib/x86_64-linux-gnu/libXxf86vm.so.1.0.0
7f50b499d000-7f50b499e000 r--p 00004000 08:01 15472925                   /usr/lib/x86_64-linux-gnu/libXxf86vm.so.1.0.0
7f50b499e000-7f50b499f000 rw-p 00005000 08:01 15472925                   /usr/lib/x86_64-linux-gnu/libXxf86vm.so.1.0.0
7f50b499f000-7f50b49c0000 r-xp 00000000 08:01 15472093                   /usr/lib/x86_64-linux-gnu/libxcb.so.1.1.0
7f50b49c0000-7f50b4bbf000 ---p 00021000 08:01 15472093                   /usr/lib/x86_64-linux-gnu/libxcb.so.1.1.0
7f50b4bbf000-7f50b4bc0000 r--p 00020000 08:01 15472093                   /usr/lib/x86_64-linux-gnu/libxcb.so.1.1.0
7f50b4bc0000-7f50b4bc1000 rw-p 00021000 08:01 15472093                   /usr/lib/x86_64-linux-gnu/libxcb.so.1.1.0
7f50b4bc1000-7f50b4bc5000 r-xp 00000000 08:01 15473726                   /usr/lib/x86_64-linux-gnu/libxcb-dri2.so.0.0.0
7f50b4bc5000-7f50b4dc4000 ---p 00004000 08:01 15473726                   /usr/lib/x86_64-linux-gnu/libxcb-dri2.so.0.0.0
7f50b4dc4000-7f50b4dc5000 r--p 00003000 08:01 15473726                   /usr/lib/x86_64-linux-gnu/libxcb-dri2.so.0.0.0
7f50b4dc5000-7f50b4dc6000 rw-p 00004000 08:01 15473726                   /usr/lib/x86_64-linux-gnu/libxcb-dri2.so.0.0.0
7f50b4dc6000-7f50b4ddd000 r-xp 00000000 08:01 15473730                   /usr/lib/x86_64-linux-gnu/libxcb-glx.so.0.0.0
7f50b4ddd000-7f50b4fdc000 ---p 00017000 08:01 15473730                   /usr/lib/x86_64-linux-gnu/libxcb-glx.so.0.0.0
7f50b4fdc000-7f50b4fde000 r--p 00016000 08:01 15473730                   /usr/lib/x86_64-linux-gnu/libxcb-glx.so.0.0.0
7f50b4fde000-7f50b4fdf000 rw-p 00018000 08:01 15473730                   /usr/lib/x86_64-linux-gnu/libxcb-glx.so.0.0.0
7f50b4fdf000-7f50b5114000 r-xp 00000000 08:01 15472096                   /usr/lib/x86_64-linux-gnu/libX11.so.6.3.0
7f50b5114000-7f50b5314000 ---p 00135000 08:01 15472096                   /usr/lib/x86_64-linux-gnu/libX11.so.6.3.0
7f50b5314000-7f50b5315000 r--p 00135000 08:01 15472096                   /usr/lib/x86_64-linux-gnu/libX11.so.6.3.0
7f50b5315000-7f50b5319000 rw-p 00136000 08:01 15472096                   /usr/lib/x86_64-linux-gnu/libX11.so.6.3.0
7f50b5319000-7f50b531a000 r-xp 00000000 08:01 15473724                   /usr/lib/x86_64-linux-gnu/libX11-xcb.so.1.0.0
7f50b531a000-7f50b5519000 ---p 00001000 08:01 15473724                   /usr/lib/x86_64-linux-gnu/libX11-xcb.so.1.0.0
7f50b5519000-7f50b551a000 r--p 00000000 08:01 15473724                   /usr/lib/x86_64-linux-gnu/libX11-xcb.so.1.0.0
7f50b551a000-7f50b551b000 rw-p 00001000 08:01 15473724                   /usr/lib/x86_64-linux-gnu/libX11-xcb.so.1.0.0
7f50b551b000-7f50b5520000 r-xp 00000000 08:01 15472911                   /usr/lib/x86_64-linux-gnu/libXfixes.so.3.1.0
7f50b5520000-7f50b571f000 ---p 00005000 08:01 15472911                   /usr/lib/x86_64-linux-gnu/libXfixes.so.3.1.0
7f50b571f000-7f50b5720000 r--p 00004000 08:01 15472911                   /usr/lib/x86_64-linux-gnu/libXfixes.so.3.1.0
7f50b5720000-7f50b5721000 rw-p 00005000 08:01 15472911                   /usr/lib/x86_64-linux-gnu/libXfixes.so.3.1.0
7f50b5721000-7f50b5723000 r-xp 00000000 08:01 15472917                   /usr/lib/x86_64-linux-gnu/libXdamage.so.1.1.0
7f50b5723000-7f50b5922000 ---p 00002000 08:01 15472917                   /usr/lib/x86_64-linux-gnu/libXdamage.so.1.1.0
7f50b5922000-7f50b5923000 r--p 00001000 08:01 15472917                   /usr/lib/x86_64-linux-gnu/libXdamage.so.1.1.0
7f50b5923000-7f50b5924000 rw-p 00002000 08:01 15472917                   /usr/lib/x86_64-linux-gnu/libXdamage.so.1.1.0
7f50b5924000-7f50b5935000 r-xp 00000000 08:01 15472098                   /usr/lib/x86_64-linux-gnu/libXext.so.6.4.0
7f50b5935000-7f50b5b34000 ---p 00011000 08:01 15472098                   /usr/lib/x86_64-linux-gnu/libXext.so.6.4.0
7f50b5b34000-7f50b5b35000 r--p 00010000 08:01 15472098                   /usr/lib/x86_64-linux-gnu/libXext.so.6.4.0
7f50b5b35000-7f50b5b36000 rw-p 00011000 08:01 15472098                   /usr/lib/x86_64-linux-gnu/libXext.so.6.4.0
7f50b5b36000-7f50b5b5f000 r-xp 00000000 08:01 15473722                   /usr/lib/x86_64-linux-gnu/libglapi.so.0.0.0
7f50b5b5f000-7f50b5d5e000 ---p 00029000 08:01 15473722                   /usr/lib/x86_64-linux-gnu/libglapi.so.0.0.0
7f50b5d5e000-7f50b5d62000 r--p 00028000 08:01 15473722                   /usr/lib/x86_64-linux-gnu/libglapi.so.0.0.0
7f50b5d62000-7f50b5d63000 rw-p 0002c000 08:01 15473722                   /usr/lib/x86_64-linux-gnu/libglapi.so.0.0.0
7f50b5d63000-7f50b5d64000 rw-p 00000000 00:00 0 
7f50b5d64000-7f50b5d65000 r-xp 00000000 08:01 15472923                   /usr/lib/x86_64-linux-gnu/libxshmfence.so.1.0.0
7f50b5d65000-7f50b5f65000 ---p 00001000 08:01 15472923                   /usr/lib/x86_64-linux-gnu/libxshmfence.so.1.0.0
7f50b5f65000-7f50b5f66000 r--p 00001000 08:01 15472923                   /usr/lib/x86_64-linux-gnu/libxshmfence.so.1.0.0
7f50b5f66000-7f50b5f67000 rw-p 00002000 08:01 15472923                   /usr/lib/x86_64-linux-gnu/libxshmfence.so.1.0.0
7f50b5f67000-7f50b5f6c000 r-xp 00000000 08:01 15473734                   /usr/lib/x86_64-linux-gnu/libxcb-sync.so.1.0.0
7f50b5f6c000-7f50b616c000 ---p 00005000 08:01 15473734                   /usr/lib/x86_64-linux-gnu/libxcb-sync.so.1.0.0
7f50b616c000-7f50b616d000 r--p 00005000 08:01 15473734                   /usr/lib/x86_64-linux-gnu/libxcb-sync.so.1.0.0
7f50b616d000-7f50b616e000 rw-p 00006000 08:01 15473734                   /usr/lib/x86_64-linux-gnu/libxcb-sync.so.1.0.0
7f50b616e000-7f50b6170000 r-xp 00000000 08:01 15473732                   /usr/lib/x86_64-linux-gnu/libxcb-present.so.0.0.0
7f50b6170000-7f50b636f000 ---p 00002000 08:01 15473732                   /usr/lib/x86_64-linux-gnu/libxcb-present.so.0.0.0
7f50b636f000-7f50b6370000 r--p 00001000 08:01 15473732                   /usr/lib/x86_64-linux-gnu/libxcb-present.so.0.0.0
7f50b6370000-7f50b6371000 rw-p 00002000 08:01 15473732                   /usr/lib/x86_64-linux-gnu/libxcb-present.so.0.0.0
7f50b6371000-7f50b6373000 r-xp 00000000 08:01 15473728                   /usr/lib/x86_64-linux-gnu/libxcb-dri3.so.0.0.0
7f50b6373000-7f50b6572000 ---p 00002000 08:01 15473728                   /usr/lib/x86_64-linux-gnu/libxcb-dri3.so.0.0.0
7f50b6572000-7f50b6573000 r--p 00001000 08:01 15473728                   /usr/lib/x86_64-linux-gnu/libxcb-dri3.so.0.0.0
7f50b6573000-7f50b6574000 rw-p 00002000 08:01 15473728                   /usr/lib/x86_64-linux-gnu/libxcb-dri3.so.0.0.0
7f50b6574000-7f50b659a000 r-xp 00000000 08:01 49287337                   /lib/x86_64-linux-gnu/libexpat.so.1.6.0
7f50b659a000-7f50b679a000 ---p 00026000 08:01 49287337                   /lib/x86_64-linux-gnu/libexpat.so.1.6.0
7f50b679a000-7f50b679c000 r--p 00026000 08:01 49287337                   /lib/x86_64-linux-gnu/libexpat.so.1.6.0
7f50b679c000-7f50b679d000 rw-p 00028000 08:01 49287337                   /lib/x86_64-linux-gnu/libexpat.so.1.6.0
7f50b679d000-7f50b67a0000 r-xp 00000000 08:01 49283590                   /lib/x86_64-linux-gnu/libdl-2.23.so
7f50b67a0000-7f50b699f000 ---p 00003000 08:01 49283590                   /lib/x86_64-linux-gnu/libdl-2.23.so
7f50b699f000-7f50b69a0000 r--p 00002000 08:01 49283590                   /lib/x86_64-linux-gnu/libdl-2.23.so
7f50b69a0000-7f50b69a1000 rw-p 00003000 08:01 49283590                   /lib/x86_64-linux-gnu/libdl-2.23.so
7f50b69a1000-7f50b69a8000 r-xp 00000000 08:01 49283669                   /lib/x86_64-linux-gnu/librt-2.23.so
7f50b69a8000-7f50b6ba7000 ---p 00007000 08:01 49283669                   /lib/x86_64-linux-gnu/librt-2.23.so
7f50b6ba7000-7f50b6ba8000 r--p 00006000 08:01 49283669                   /lib/x86_64-linux-gnu/librt-2.23.so
7f50b6ba8000-7f50b6ba9000 rw-p 00007000 08:01 49283669                   /lib/x86_64-linux-gnu/librt-2.23.so
7f50b6ba9000-7f50b6bc2000 r-xp 00000000 08:01 49283699                   /lib/x86_64-linux-gnu/libz.so.1.2.8
7f50b6bc2000-7f50b6dc1000 ---p 00019000 08:01 49283699                   /lib/x86_64-linux-gnu/libz.so.1.2.8
7f50b6dc1000-7f50b6dc2000 r--p 00018000 08:01 49283699                   /lib/x86_64-linux-gnu/libz.so.1.2.8
7f50b6dc2000-7f50b6dc3000 rw-p 00019000 08:01 49283699                   /lib/x86_64-linux-gnu/libz.so.1.2.8
7f50b6dc3000-7f50b6dfa000 r-xp 00000000 08:01 15473750                   /usr/lib/x86_64-linux-gnu/libtbb.so.2
7f50b6dfa000-7f50b6ffa000 ---p 00037000 08:01 15473750                   /usr/lib/x86_64-linux-gnu/libtbb.so.2
7f50b6ffa000-7f50b6ffb000 r--p 00037000 08:01 15473750                   /usr/lib/x86_64-linux-gnu/libtbb.so.2
7f50b6ffb000-7f50b6ffd000 rw-p 00038000 08:01 15473750                   /usr/lib/x86_64-linux-gnu/libtbb.so.2
7f50b6ffd000-7f50b7000000 rw-p 00000000 00:00 0 
7f50b7000000-7f50b7085000 r-xp 00000000 08:01 15473787                   /usr/lib/x86_64-linux-gnu/libswscale-ffmpeg.so.3.1.101
7f50b7085000-7f50b7284000 ---p 00085000 08:01 15473787                   /usr/lib/x86_64-linux-gnu/libswscale-ffmpeg.so.3.1.101
7f50b7284000-7f50b7286000 r--p 00084000 08:01 15473787                   /usr/lib/x86_64-linux-gnu/libswscale-ffmpeg.so.3.1.101
7f50b7286000-7f50b7287000 rw-p 00086000 08:01 15473787                   /usr/lib/x86_64-linux-gnu/libswscale-ffmpeg.so.3.1.101
7f50b7287000-7f50b728f000 rw-p 00000000 00:00 0 
7f50b728f000-7f50b72e4000 r-xp 00000000 08:01 15473585                   /usr/lib/x86_64-linux-gnu/libavutil-ffmpeg.so.54.31.100
7f50b72e4000-7f50b74e4000 ---p 00055000 08:01 15473585                   /usr/lib/x86_64-linux-gnu/libavutil-ffmpeg.so.54.31.100
7f50b74e4000-7f50b74ea000 r--p 00055000 08:01 15473585                   /usr/lib/x86_64-linux-gnu/libavutil-ffmpeg.so.54.31.100
7f50b74ea000-7f50b74eb000 rw-p 0005b000 08:01 15473585                   /usr/lib/x86_64-linux-gnu/libavutil-ffmpeg.so.54.31.100
7f50b74eb000-7f50b74fe000 rw-p 00000000 00:00 0 
7f50b74fe000-7f50b76d2000 r-xp 00000000 08:01 15473658                   /usr/lib/x86_64-linux-gnu/libavformat-ffmpeg.so.56.40.101
7f50b76d2000-7f50b78d2000 ---p 001d4000 08:01 15473658                   /usr/lib/x86_64-linux-gnu/libavformat-ffmpeg.so.56.40.101
7f50b78d2000-7f50b78e6000 r--p 001d4000 08:01 15473658                   /usr/lib/x86_64-linux-gnu/libavformat-ffmpeg.so.56.40.101
7f50b78e6000-7f50b78fb000 rw-p 001e8000 08:01 15473658                   /usr/lib/x86_64-linux-gnu/libavformat-ffmpeg.so.56.40.101
7f50b78fb000-7f50b8425000 r-xp 00000000 08:01 15473634                   /usr/lib/x86_64-linux-gnu/libavcodec-ffmpeg.so.56.60.100
7f50b8425000-7f50b8624000 ---p 00b2a000 08:01 15473634                   /usr/lib/x86_64-linux-gnu/libavcodec-ffmpeg.so.56.60.100
7f50b8624000-7f50b864f000 r--p 00b29000 08:01 15473634                   /usr/lib/x86_64-linux-gnu/libavcodec-ffmpeg.so.56.60.100
7f50b864f000-7f50b8672000 rw-p 00b54000 08:01 15473634                   /usr/lib/x86_64-linux-gnu/libavcodec-ffmpeg.so.56.60.100
7f50b8672000-7f50b8d25000 rw-p 00000000 00:00 0 
7f50b8d25000-7f50b8d2a000 r-xp 00000000 08:01 15473792                   /usr/lib/x86_64-linux-gnu/libv4l1.so.0.0.0
7f50b8d2a000-7f50b8f29000 ---p 00005000 08:01 15473792                   /usr/lib/x86_64-linux-gnu/libv4l1.so.0.0.0
7f50b8f29000-7f50b8f2a000 r--p 00004000 08:01 15473792                   /usr/lib/x86_64-linux-gnu/libv4l1.so.0.0.0
7f50b8f2a000-7f50b8f2b000 rw-p 00005000 08:01 15473792                   /usr/lib/x86_64-linux-gnu/libv4l1.so.0.0.0
7f50b8f2b000-7f50b8f60000 r-xp 00000000 08:01 15473773                   /usr/lib/x86_64-linux-gnu/libdc1394.so.22.1.11
7f50b8f60000-7f50b915f000 ---p 00035000 08:01 15473773                   /usr/lib/x86_64-linux-gnu/libdc1394.so.22.1.11
7f50b915f000-7f50b9160000 r--p 00034000 08:01 15473773                   /usr/lib/x86_64-linux-gnu/libdc1394.so.22.1.11
7f50b9160000-7f50b9161000 rw-p 00035000 08:01 15473773                   /usr/lib/x86_64-linux-gnu/libdc1394.so.22.1.11
7f50b9161000-7f50b91a1000 rw-p 00000000 00:00 0 
7f50b91a1000-7f50b91fe000 r-xp 00000000 08:01 15473781                   /usr/lib/x86_64-linux-gnu/libgdkglext-x11-1.0.so.0.0.0
7f50b91fe000-7f50b93fd000 ---p 0005d000 08:01 15473781                   /usr/lib/x86_64-linux-gnu/libgdkglext-x11-1.0.so.0.0.0
7f50b93fd000-7f50b93ff000 r--p 0005c000 08:01 15473781                   /usr/lib/x86_64-linux-gnu/libgdkglext-x11-1.0.so.0.0.0
7f50b93ff000-7f50b9405000 rw-p 0005e000 08:01 15473781                   /usr/lib/x86_64-linux-gnu/libgdkglext-x11-1.0.so.0.0.0
7f50b9405000-7f50b9408000 r-xp 00000000 08:01 15473782                   /usr/lib/x86_64-linux-gnu/libgtkglext-x11-1.0.so.0.0.0
7f50b9408000-7f50b9607000 ---p 00003000 08:01 15473782                   /usr/lib/x86_64-linux-gnu/libgtkglext-x11-1.0.so.0.0.0
7f50b9607000-7f50b9608000 r--p 00002000 08:01 15473782                   /usr/lib/x86_64-linux-gnu/libgtkglext-x11-1.0.so.0.0.0
7f50b9608000-7f50b9609000 rw-p 00003000 08:01 15473782                   /usr/lib/x86_64-linux-gnu/libgtkglext-x11-1.0.so.0.0.0
7f50b9609000-7f50b9717000 r-xp 00000000 08:01 49287110                   /lib/x86_64-linux-gnu/libglib-2.0.so.0.4800.0
7f50b9717000-7f50b9917000 ---p 0010e000 08:01 49287110                   /lib/x86_64-linux-gnu/libglib-2.0.so.0.4800.0
7f50b9917000-7f50b9918000 r--p 0010e000 08:01 49287110                   /lib/x86_64-linux-gnu/libglib-2.0.so.0.4800.0
7f50b9918000-7f50b9919000 rw-p 0010f000 08:01 49287110                   /lib/x86_64-linux-gnu/libglib-2.0.so.0.4800.0
7f50b9919000-7f50b991a000 rw-p 00000000 00:00 0 
7f50b991a000-7f50b996c000 r-xp 00000000 08:01 15471454                   /usr/lib/x86_64-linux-gnu/libgobject-2.0.so.0.4800.0
7f50b996c000-7f50b9b6b000 ---p 00052000 08:01 15471454                   /usr/lib/x86_64-linux-gnu/libgobject-2.0.so.0.4800.0
7f50b9b6b000-7f50b9b6c000 r--p 00051000 08:01 15471454                   /usr/lib/x86_64-linux-gnu/libgobject-2.0.so.0.4800.0
7f50b9b6c000-7f50b9b6d000 rw-p 00052000 08:01 15471454                   /usr/lib/x86_64-linux-gnu/libgobject-2.0.so.0.4800.0
7f50b9b6d000-7f50b9c1d000 r-xp 00000000 08:01 15473518                   /usr/lib/x86_64-linux-gnu/libgdk-x11-2.0.so.0.2400.30
7f50b9c1d000-7f50b9e1c000 ---p 000b0000 08:01 15473518                   /usr/lib/x86_64-linux-gnu/libgdk-x11-2.0.so.0.2400.30
7f50b9e1c000-7f50b9e20000 r--p 000af000 08:01 15473518                   /usr/lib/x86_64-linux-gnu/libgdk-x11-2.0.so.0.2400.30
7f50b9e20000-7f50b9e22000 rw-p 000b3000 08:01 15473518                   /usr/lib/x86_64-linux-gnu/libgdk-x11-2.0.so.0.2400.30
7f50b9e22000-7f50ba260000 r-xp 00000000 08:01 15473519                   /usr/lib/x86_64-linux-gnu/libgtk-x11-2.0.so.0.2400.30
7f50ba260000-7f50ba45f000 ---p 0043e000 08:01 15473519                   /usr/lib/x86_64-linux-gnu/libgtk-x11-2.0.so.0.2400.30
7f50ba45f000-7f50ba466000 r--p 0043d000 08:01 15473519                   /usr/lib/x86_64-linux-gnu/libgtk-x11-2.0.so.0.2400.30
7f50ba466000-7f50ba46a000 rw-p 00444000 08:01 15473519                   /usr/lib/x86_64-linux-gnu/libgtk-x11-2.0.so.0.2400.30
7f50ba46a000-7f50ba46d000 rw-p 00000000 00:00 0 
7f50ba46d000-7f50ba4af000 r-xp 00000000 08:01 15472876                   /usr/lib/x86_64-linux-gnu/libHalf.so.12.0.0
7f50ba4af000-7f50ba6ae000 ---p 00042000 08:01 15472876                   /usr/lib/x86_64-linux-gnu/libHalf.so.12.0.0
7f50ba6ae000-7f50ba6af000 r--p 00041000 08:01 15472876                   /usr/lib/x86_64-linux-gnu/libHalf.so.12.0.0
7f50ba6af000-7f50ba6b0000 rw-p 00042000 08:01 15472876                   /usr/lib/x86_64-linux-gnu/libHalf.so.12.0.0
7f50ba6b0000-7f50ba87a000 r-xp 00000000 08:01 15472889                   /usr/lib/x86_64-linux-gnu/libIlmImf-2_2.so.22.0.0
7f50ba87a000-7f50baa79000 ---p 001ca000 08:01 15472889                   /usr/lib/x86_64-linux-gnu/libIlmImf-2_2.so.22.0.0
7f50baa79000-7f50baa7c000 r--p 001c9000 08:01 15472889                   /usr/lib/x86_64-linux-gnu/libIlmImf-2_2.so.22.0.0
7f50baa7c000-7f50bab7d000 rw-p 001cc000 08:01 15472889                   /usr/lib/x86_64-linux-gnu/libIlmImf-2_2.so.22.0.0
7f50bab7d000-7f50bab7e000 rw-p 00000000 00:00 0 
7f50bab7e000-7f50babca000 r-xp 00000000 08:01 15473785                   /usr/lib/x86_64-linux-gnu/libjasper.so.1.0.0
7f50babca000-7f50badc9000 ---p 0004c000 08:01 15473785                   /usr/lib/x86_64-linux-gnu/libjasper.so.1.0.0
7f50badc9000-7f50badca000 r--p 0004b000 08:01 15473785                   /usr/lib/x86_64-linux-gnu/libjasper.so.1.0.0
7f50badca000-7f50badce000 rw-p 0004c000 08:01 15473785                   /usr/lib/x86_64-linux-gnu/libjasper.so.1.0.0
7f50badce000-7f50badd5000 rw-p 00000000 00:00 0 
7f50badd5000-7f50bae44000 r-xp 00000000 08:01 15473484                   /usr/lib/x86_64-linux-gnu/libtiff.so.5.2.4
7f50bae44000-7f50bb044000 ---p 0006f000 08:01 15473484                   /usr/lib/x86_64-linux-gnu/libtiff.so.5.2.4
7f50bb044000-7f50bb045000 r--p 0006f000 08:01 15473484                   /usr/lib/x86_64-linux-gnu/libtiff.so.5.2.4
7f50bb045000-7f50bb048000 rw-p 00070000 08:01 15473484                   /usr/lib/x86_64-linux-gnu/libtiff.so.5.2.4
7f50bb048000-7f50bb06c000 r-xp 00000000 08:01 49283658                   /lib/x86_64-linux-gnu/libpng12.so.0.54.0
7f50bb06c000-7f50bb26b000 ---p 00024000 08:01 49283658                   /lib/x86_64-linux-gnu/libpng12.so.0.54.0
7f50bb26b000-7f50bb26c000 r--p 00023000 08:01 49283658                   /lib/x86_64-linux-gnu/libpng12.so.0.54.0
7f50bb26c000-7f50bb26d000 rw-p 00024000 08:01 49283658                   /lib/x86_64-linux-gnu/libpng12.so.0.54.0
7f50bb26d000-7f50bb2c4000 r-xp 00000000 08:01 15472870                   /usr/lib/x86_64-linux-gnu/libjpeg.so.8.0.2
7f50bb2c4000-7f50bb4c4000 ---p 00057000 08:01 15472870                   /usr/lib/x86_64-linux-gnu/libjpeg.so.8.0.2
7f50bb4c4000-7f50bb4c5000 r--p 00057000 08:01 15472870                   /usr/lib/x86_64-linux-gnu/libjpeg.so.8.0.2
7f50bb4c5000-7f50bb4c6000 rw-p 00058000 08:01 15472870                   /usr/lib/x86_64-linux-gnu/libjpeg.so.8.0.2
7f50bb4c6000-7f50bb533000 r-xp 00000000 08:01 17564551                   /usr/lib/x86_64-linux-gnu/mesa/libGL.so.1.2.0
7f50bb533000-7f50bb732000 ---p 0006d000 08:01 17564551                   /usr/lib/x86_64-linux-gnu/mesa/libGL.so.1.2.0
7f50bb732000-7f50bb735000 r--p 0006c000 08:01 17564551                   /usr/lib/x86_64-linux-gnu/mesa/libGL.so.1.2.0
7f50bb735000-7f50bb736000 rw-p 0006f000 08:01 17564551                   /usr/lib/x86_64-linux-gnu/mesa/libGL.so.1.2.0
7f50bb736000-7f50bb737000 rw-p 00000000 00:00 0 
7f50bb737000-7f50bb758000 r-xp 00000000 08:01 15473195                   /usr/lib/x86_64-linux-gnu/libgomp.so.1.0.0
7f50bb758000-7f50bb957000 ---p 00021000 08:01 15473195                   /usr/lib/x86_64-linux-gnu/libgomp.so.1.0.0
7f50bb957000-7f50bb958000 r--p 00020000 08:01 15473195                   /usr/lib/x86_64-linux-gnu/libgomp.so.1.0.0
7f50bb958000-7f50bb959000 rw-p 00021000 08:01 15473195                   /usr/lib/x86_64-linux-gnu/libgomp.so.1.0.0
7f50bb959000-7f50bba61000 r-xp 00000000 08:01 49283617                   /lib/x86_64-linux-gnu/libm-2.23.so
7f50bba61000-7f50bbc60000 ---p 00108000 08:01 49283617                   /lib/x86_64-linux-gnu/libm-2.23.so
7f50bbc60000-7f50bbc61000 r--p 00107000 08:01 49283617                   /lib/x86_64-linux-gnu/libm-2.23.so
7f50bbc61000-7f50bbc62000 rw-p 00108000 08:01 49283617                   /lib/x86_64-linux-gnu/libm-2.23.so
7f50bbc62000-7f50bbe7f000 r-xp 00000000 08:01 15473751                   /usr/lib/x86_64-linux-gnu/libopencv_core.so.2.4.9
7f50bbe7f000-7f50bc07f000 ---p 0021d000 08:01 15473751                   /usr/lib/x86_64-linux-gnu/libopencv_core.so.2.4.9
7f50bc07f000-7f50bc083000 r--p 0021d000 08:01 15473751                   /usr/lib/x86_64-linux-gnu/libopencv_core.so.2.4.9
7f50bc083000-7f50bc08a000 rw-p 00221000 08:01 15473751                   /usr/lib/x86_64-linux-gnu/libopencv_core.so.2.4.9
7f50bc08a000-7f50bc08c000 rw-p 00000000 00:00 0 
7f50bc08c000-7f50bc27c000 r-xp 00000000 08:01 15473755                   /usr/lib/x86_64-linux-gnu/libopencv_imgproc.so.2.4.9
7f50bc27c000-7f50bc47b000 ---p 001f0000 08:01 15473755                   /usr/lib/x86_64-linux-gnu/libopencv_imgproc.so.2.4.9
7f50bc47b000-7f50bc481000 r--p 001ef000 08:01 15473755                   /usr/lib/x86_64-linux-gnu/libopencv_imgproc.so.2.4.9
7f50bc481000-7f50bc482000 rw-p 001f5000 08:01 15473755                   /usr/lib/x86_64-linux-gnu/libopencv_imgproc.so.2.4.9
7f50bc482000-7f50bc517000 rw-p 00000000 00:00 0 
7f50bc517000-7f50bc55d000 r-xp 00000000 08:01 15473795                   /usr/lib/x86_64-linux-gnu/libopencv_highgui.so.2.4.9
7f50bc55d000-7f50bc75c000 ---p 00046000 08:01 15473795                   /usr/lib/x86_64-linux-gnu/libopencv_highgui.so.2.4.9
7f50bc75c000-7f50bc75f000 r--p 00045000 08:01 15473795                   /usr/lib/x86_64-linux-gnu/libopencv_highgui.so.2.4.9
7f50bc75f000-7f50bc760000 rw-p 00048000 08:01 15473795                   /usr/lib/x86_64-linux-gnu/libopencv_highgui.so.2.4.9
7f50bc760000-7f50bc920000 r-xp 00000000 08:01 49283576                   /lib/x86_64-linux-gnu/libc-2.23.so
7f50bc920000-7f50bcb1f000 ---p 001c0000 08:01 49283576                   /lib/x86_64-linux-gnu/libc-2.23.so
7f50bcb1f000-7f50bcb23000 r--p 001bf000 08:01 49283576                   /lib/x86_64-linux-gnu/libc-2.23.so
7f50bcb23000-7f50bcb25000 rw-p 001c3000 08:01 49283576                   /lib/x86_64-linux-gnu/libc-2.23.so
7f50bcb25000-7f50bcb29000 rw-p 00000000 00:00 0 
7f50bcb29000-7f50bcb41000 r-xp 00000000 08:01 49283663                   /lib/x86_64-linux-gnu/libpthread-2.23.so
7f50bcb41000-7f50bcd40000 ---p 00018000 08:01 49283663                   /lib/x86_64-linux-gnu/libpthread-2.23.so
7f50bcd40000-7f50bcd41000 r--p 00017000 08:01 49283663                   /lib/x86_64-linux-gnu/libpthread-2.23.so
7f50bcd41000-7f50bcd42000 rw-p 00018000 08:01 49283663                   /lib/x86_64-linux-gnu/libpthread-2.23.so
7f50bcd42000-7f50bcd46000 rw-p 00000000 00:00 0 
7f50bcd46000-7f50bcd5c000 r-xp 00000000 08:01 49283602                   /lib/x86_64-linux-gnu/libgcc_s.so.1
7f50bcd5c000-7f50bcf5b000 ---p 00016000 08:01 49283602                   /lib/x86_64-linux-gnu/libgcc_s.so.1
7f50bcf5b000-7f50bcf5c000 rw-p 00015000 08:01 49283602                   /lib/x86_64-linux-gnu/libgcc_s.so.1
7f50bcf5c000-7f50bd0ce000 r-xp 00000000 08:01 15470630                   /usr/lib/x86_64-linux-gnu/libstdc++.so.6.0.21
7f50bd0ce000-7f50bd2ce000 ---p 00172000 08:01 15470630                   /usr/lib/x86_64-linux-gnu/libstdc++.so.6.0.21
7f50bd2ce000-7f50bd2d8000 r--p 00172000 08:01 15470630                   /usr/lib/x86_64-linux-gnu/libstdc++.so.6.0.21
7f50bd2d8000-7f50bd2da000 rw-p 0017c000 08:01 15470630                   /usr/lib/x86_64-linux-gnu/libstdc++.so.6.0.21
7f50bd2da000-7f50bd2de000 rw-p 00000000 00:00 0 
7f50bd2de000-7f50bd326000 r-xp 00000000 00:2a 657865                     /home/sebastian/raytracing/build/DocOpt/libdocopt.so
7f50bd326000-7f50bd525000 ---p 00048000 00:2a 657865                     /home/sebastian/raytracing/build/DocOpt/libdocopt.so
7f50bd525000-7f50bd527000 r--p 00047000 00:2a 657865                     /home/sebastian/raytracing/build/DocOpt/libdocopt.so
7f50bd527000-7f50bd528000 rw-p 00049000 00:2a 657865                     /home/sebastian/raytracing/build/DocOpt/libdocopt.so
7f50bd528000-7f50bd668000 r-xp 00000000 00:2a 54001821                   /home/sebastian/raytracing/build/libmct.so
7f50bd668000-7f50bd867000 ---p 00140000 00:2a 54001821                   /home/sebastian/raytracing/build/libmct.so
7f50bd867000-7f50bd86a000 r--p 0013f000 00:2a 54001821                   /home/sebastian/raytracing/build/libmct.so
7f50bd86a000-7f50bd86d000 rw-p 00142000 00:2a 54001821                   /home/sebastian/raytracing/build/libmct.so
7f50bd86d000-7f50bd87d000 rw-p 00000000 00:00 0 
7f50bd87d000-7f50bd8a3000 r-xp 00000000 08:01 49283552                   /lib/x86_64-linux-gnu/ld-2.23.so
7f50bda31000-7f50bda4b000 rw-p 00000000 00:00 0 
7f50bda4b000-7f50bda69000 r-xp 00000000 08:01 49283689                   /lib/x86_64-linux-gnu/libudev.so.1.6.4
7f50bda69000-7f50bda6a000 r--p 0001d000 08:01 49283689                   /lib/x86_64-linux-gnu/libudev.so.1.6.4
7f50bda6a000-7f50bda6b000 rw-p 0001e000 08:01 49283689                   /lib/x86_64-linux-gnu/libudev.so.1.6.4
7f50bda6b000-7f50bda94000 rw-p 00000000 00:00 0 
7f50bda9e000-7f50bdaa2000 rw-p 00000000 00:00 0 
7f50bdaa2000-7f50bdaa3000 r--p 00025000 08:01 49283552                   /lib/x86_64-linux-gnu/ld-2.23.so
7f50bdaa3000-7f50bdaa4000 rw-p 00026000 08:01 49283552                   /lib/x86_64-linux-gnu/ld-2.23.so
7f50bdaa4000-7f50bdaa5000 rw-p 00000000 00:00 0 
7fff04f7b000-7fff04fbe000 rw-p 00000000 00:00 0                          [stack]
7fff04fe2000-7fff04fe4000 r--p 00000000 00:00 0                          [vvar]
7fff04fe4000-7fff04fe6000 r-xp 00000000 00:00 0                          [vdso]
ffffffffff600000-ffffffffff601000 r-xp 00000000 00:00 0                  [vsyscall]
