*** Error in `/home/sebastian/raytracing/build/mctPlenoscopePropagation': munmap_chunk(): invalid pointer: 0x00000000029d0520 ***
======= Backtrace: =========
/lib/x86_64-linux-gnu/libc.so.6(+0x77725)[0x7fdf7aa3a725]
/lib/x86_64-linux-gnu/libc.so.6(cfree+0x1a8)[0x7fdf7aa46c18]
/home/sebastian/raytracing/build/libmct.so(_ZNSt6vectorIN12PhotonSensor11photon_infoESaIS1_EE19_M_emplace_back_auxIJRKS1_EEEvDpOT_+0xd6)[0x7fdf7b84aa16]
/home/sebastian/raytracing/build/libmct.so(_ZN12PhotonSensor6Sensor28assign_photon_to_this_sensorEPK6Photon+0x1c9)[0x7fdf7b84a4f9]
/home/sebastian/raytracing/build/libmct.so(_ZN13PhotonSensors7Sensors13assign_photonEPK6Photon+0x5a)[0x7fdf7b84bb3a]
/home/sebastian/raytracing/build/libmct.so(_ZN13PhotonSensors7Sensors14assign_photonsEPKSt6vectorI6PhotonSaIS2_EE+0x27)[0x7fdf7b84bb87]
/home/sebastian/raytracing/build/mctPlenoscopePropagation(main+0x1939)[0x40ed99]
/lib/x86_64-linux-gnu/libc.so.6(__libc_start_main+0xf0)[0x7fdf7a9e3830]
/home/sebastian/raytracing/build/mctPlenoscopePropagation(_start+0x29)[0x412369]
======= Memory map: ========
00400000-00432000 r-xp 00000000 00:2a 54001989                           /home/sebastian/raytracing/build/mctPlenoscopePropagation
00632000-00633000 r--p 00032000 00:2a 54001989                           /home/sebastian/raytracing/build/mctPlenoscopePropagation
00633000-00634000 rw-p 00033000 00:2a 54001989                           /home/sebastian/raytracing/build/mctPlenoscopePropagation
00634000-00635000 rw-p 00000000 00:00 0 
024c5000-02f49000 rw-p 00000000 00:00 0                                  [heap]
7fdf61d1f000-7fdf620e0000 rw-p 00000000 00:00 0 
7fdf620e0000-7fdf620e1000 ---p 00000000 00:00 0 
7fdf620e1000-7fdf628e1000 rw-p 00000000 00:00 0 
7fdf628e1000-7fdf64197000 r-xp 00000000 08:01 5772156                    /usr/lib/x86_64-linux-gnu/libicudata.so.55.1
7fdf64197000-7fdf64396000 ---p 018b6000 08:01 5772156                    /usr/lib/x86_64-linux-gnu/libicudata.so.55.1
7fdf64396000-7fdf64397000 r--p 018b5000 08:01 5772156                    /usr/lib/x86_64-linux-gnu/libicudata.so.55.1
7fdf64397000-7fdf64398000 rw-p 018b6000 08:01 5772156                    /usr/lib/x86_64-linux-gnu/libicudata.so.55.1
7fdf64398000-7fdf6439b000 r-xp 00000000 08:01 57937886                   /lib/x86_64-linux-gnu/libkeyutils.so.1.5
7fdf6439b000-7fdf6459a000 ---p 00003000 08:01 57937886                   /lib/x86_64-linux-gnu/libkeyutils.so.1.5
7fdf6459a000-7fdf6459b000 r--p 00002000 08:01 57937886                   /lib/x86_64-linux-gnu/libkeyutils.so.1.5
7fdf6459b000-7fdf6459c000 rw-p 00003000 08:01 57937886                   /lib/x86_64-linux-gnu/libkeyutils.so.1.5
7fdf6459c000-7fdf645a0000 r-xp 00000000 08:01 57934447                   /lib/x86_64-linux-gnu/libuuid.so.1.3.0
7fdf645a0000-7fdf6479f000 ---p 00004000 08:01 57934447                   /lib/x86_64-linux-gnu/libuuid.so.1.3.0
7fdf6479f000-7fdf647a0000 r--p 00003000 08:01 57934447                   /lib/x86_64-linux-gnu/libuuid.so.1.3.0
7fdf647a0000-7fdf647a1000 rw-p 00004000 08:01 57934447                   /lib/x86_64-linux-gnu/libuuid.so.1.3.0
7fdf647a1000-7fdf64920000 r-xp 00000000 08:01 5772152                    /usr/lib/x86_64-linux-gnu/libicuuc.so.55.1
7fdf64920000-7fdf64b20000 ---p 0017f000 08:01 5772152                    /usr/lib/x86_64-linux-gnu/libicuuc.so.55.1
7fdf64b20000-7fdf64b30000 r--p 0017f000 08:01 5772152                    /usr/lib/x86_64-linux-gnu/libicuuc.so.55.1
7fdf64b30000-7fdf64b31000 rw-p 0018f000 08:01 5772152                    /usr/lib/x86_64-linux-gnu/libicuuc.so.55.1
7fdf64b31000-7fdf64b35000 rw-p 00000000 00:00 0 
7fdf64b35000-7fdf64b3f000 r-xp 00000000 08:01 5772817                    /usr/lib/x86_64-linux-gnu/libkrb5support.so.0.1
7fdf64b3f000-7fdf64d3e000 ---p 0000a000 08:01 5772817                    /usr/lib/x86_64-linux-gnu/libkrb5support.so.0.1
7fdf64d3e000-7fdf64d3f000 r--p 00009000 08:01 5772817                    /usr/lib/x86_64-linux-gnu/libkrb5support.so.0.1
7fdf64d3f000-7fdf64d40000 rw-p 0000a000 08:01 5772817                    /usr/lib/x86_64-linux-gnu/libkrb5support.so.0.1
7fdf64d40000-7fdf64d43000 r-xp 00000000 08:01 57934335                   /lib/x86_64-linux-gnu/libcom_err.so.2.1
7fdf64d43000-7fdf64f42000 ---p 00003000 08:01 57934335                   /lib/x86_64-linux-gnu/libcom_err.so.2.1
7fdf64f42000-7fdf64f43000 r--p 00002000 08:01 57934335                   /lib/x86_64-linux-gnu/libcom_err.so.2.1
7fdf64f43000-7fdf64f44000 rw-p 00003000 08:01 57934335                   /lib/x86_64-linux-gnu/libcom_err.so.2.1
7fdf64f44000-7fdf64f70000 r-xp 00000000 08:01 5772819                    /usr/lib/x86_64-linux-gnu/libk5crypto.so.3.1
7fdf64f70000-7fdf6516f000 ---p 0002c000 08:01 5772819                    /usr/lib/x86_64-linux-gnu/libk5crypto.so.3.1
7fdf6516f000-7fdf65171000 r--p 0002b000 08:01 5772819                    /usr/lib/x86_64-linux-gnu/libk5crypto.so.3.1
7fdf65171000-7fdf65172000 rw-p 0002d000 08:01 5772819                    /usr/lib/x86_64-linux-gnu/libk5crypto.so.3.1
7fdf65172000-7fdf65173000 rw-p 00000000 00:00 0 
7fdf65173000-7fdf65236000 r-xp 00000000 08:01 5772821                    /usr/lib/x86_64-linux-gnu/libkrb5.so.3.3
7fdf65236000-7fdf65436000 ---p 000c3000 08:01 5772821                    /usr/lib/x86_64-linux-gnu/libkrb5.so.3.3
7fdf65436000-7fdf65443000 r--p 000c3000 08:01 5772821                    /usr/lib/x86_64-linux-gnu/libkrb5.so.3.3
7fdf65443000-7fdf65445000 rw-p 000d0000 08:01 5772821                    /usr/lib/x86_64-linux-gnu/libkrb5.so.3.3
7fdf65445000-7fdf65457000 r-xp 00000000 08:01 57934358                   /lib/x86_64-linux-gnu/libgpg-error.so.0.17.0
7fdf65457000-7fdf65657000 ---p 00012000 08:01 57934358                   /lib/x86_64-linux-gnu/libgpg-error.so.0.17.0
7fdf65657000-7fdf65658000 r--p 00012000 08:01 57934358                   /lib/x86_64-linux-gnu/libgpg-error.so.0.17.0
7fdf65658000-7fdf65659000 rw-p 00013000 08:01 57934358                   /lib/x86_64-linux-gnu/libgpg-error.so.0.17.0
7fdf65659000-7fdf6566f000 r-xp 00000000 08:01 5773734                    /usr/lib/x86_64-linux-gnu/libICE.so.6.3.0
7fdf6566f000-7fdf6586e000 ---p 00016000 08:01 5773734                    /usr/lib/x86_64-linux-gnu/libICE.so.6.3.0
7fdf6586e000-7fdf6586f000 r--p 00015000 08:01 5773734                    /usr/lib/x86_64-linux-gnu/libICE.so.6.3.0
7fdf6586f000-7fdf65870000 rw-p 00016000 08:01 5773734                    /usr/lib/x86_64-linux-gnu/libICE.so.6.3.0
7fdf65870000-7fdf65873000 rw-p 00000000 00:00 0 
7fdf65873000-7fdf6587a000 r-xp 00000000 08:01 5773771                    /usr/lib/x86_64-linux-gnu/libSM.so.6.0.1
7fdf6587a000-7fdf65a79000 ---p 00007000 08:01 5773771                    /usr/lib/x86_64-linux-gnu/libSM.so.6.0.1
7fdf65a79000-7fdf65a7a000 r--p 00006000 08:01 5773771                    /usr/lib/x86_64-linux-gnu/libSM.so.6.0.1
7fdf65a7a000-7fdf65a7b000 rw-p 00007000 08:01 5773771                    /usr/lib/x86_64-linux-gnu/libSM.so.6.0.1
7fdf65a7b000-7fdf65a81000 r-xp 00000000 08:01 5773873                    /usr/lib/x86_64-linux-gnu/libdatrie.so.1.3.3
7fdf65a81000-7fdf65c81000 ---p 00006000 08:01 5773873                    /usr/lib/x86_64-linux-gnu/libdatrie.so.1.3.3
7fdf65c81000-7fdf65c82000 r--p 00006000 08:01 5773873                    /usr/lib/x86_64-linux-gnu/libdatrie.so.1.3.3
7fdf65c82000-7fdf65c83000 rw-p 00007000 08:01 5773873                    /usr/lib/x86_64-linux-gnu/libdatrie.so.1.3.3
7fdf65c83000-7fdf65ca6000 r-xp 00000000 08:01 5774239                    /usr/lib/x86_64-linux-gnu/libgraphite2.so.3.0.1
7fdf65ca6000-7fdf65ea5000 ---p 00023000 08:01 5774239                    /usr/lib/x86_64-linux-gnu/libgraphite2.so.3.0.1
7fdf65ea5000-7fdf65ea7000 r--p 00022000 08:01 5774239                    /usr/lib/x86_64-linux-gnu/libgraphite2.so.3.0.1
7fdf65ea7000-7fdf65ea8000 rw-p 00024000 08:01 5774239                    /usr/lib/x86_64-linux-gnu/libgraphite2.so.3.0.1
7fdf65ea8000-7fdf65eb9000 r-xp 00000000 08:01 5769552                    /usr/lib/x86_64-linux-gnu/libtasn1.so.6.5.1
7fdf65eb9000-7fdf660b9000 ---p 00011000 08:01 5769552                    /usr/lib/x86_64-linux-gnu/libtasn1.so.6.5.1
7fdf660b9000-7fdf660ba000 r--p 00011000 08:01 5769552                    /usr/lib/x86_64-linux-gnu/libtasn1.so.6.5.1
7fdf660ba000-7fdf660bb000 rw-p 00012000 08:01 5769552                    /usr/lib/x86_64-linux-gnu/libtasn1.so.6.5.1
7fdf660bb000-7fdf660ec000 r-xp 00000000 08:01 5769524                    /usr/lib/x86_64-linux-gnu/libidn.so.11.6.15
7fdf660ec000-7fdf662ec000 ---p 00031000 08:01 5769524                    /usr/lib/x86_64-linux-gnu/libidn.so.11.6.15
7fdf662ec000-7fdf662ed000 r--p 00031000 08:01 5769524                    /usr/lib/x86_64-linux-gnu/libidn.so.11.6.15
7fdf662ed000-7fdf662ee000 rw-p 00032000 08:01 5769524                    /usr/lib/x86_64-linux-gnu/libidn.so.11.6.15
7fdf662ee000-7fdf66348000 r-xp 00000000 08:01 5769538                    /usr/lib/x86_64-linux-gnu/libp11-kit.so.0.1.0
7fdf66348000-7fdf66547000 ---p 0005a000 08:01 5769538                    /usr/lib/x86_64-linux-gnu/libp11-kit.so.0.1.0
7fdf66547000-7fdf66551000 r--p 00059000 08:01 5769538                    /usr/lib/x86_64-linux-gnu/libp11-kit.so.0.1.0
7fdf66551000-7fdf66553000 rw-p 00063000 08:01 5769538                    /usr/lib/x86_64-linux-gnu/libp11-kit.so.0.1.0
7fdf66553000-7fdf66703000 r-xp 00000000 08:01 5772165                    /usr/lib/x86_64-linux-gnu/libxml2.so.2.9.3
7fdf66703000-7fdf66902000 ---p 001b0000 08:01 5772165                    /usr/lib/x86_64-linux-gnu/libxml2.so.2.9.3
7fdf66902000-7fdf6690a000 r--p 001af000 08:01 5772165                    /usr/lib/x86_64-linux-gnu/libxml2.so.2.9.3
7fdf6690a000-7fdf6690c000 rw-p 001b7000 08:01 5772165                    /usr/lib/x86_64-linux-gnu/libxml2.so.2.9.3
7fdf6690c000-7fdf6690d000 rw-p 00000000 00:00 0 
7fdf6690d000-7fdf6698c000 r-xp 00000000 08:01 5769516                    /usr/lib/x86_64-linux-gnu/libgmp.so.10.3.0
7fdf6698c000-7fdf66b8b000 ---p 0007f000 08:01 5769516                    /usr/lib/x86_64-linux-gnu/libgmp.so.10.3.0
7fdf66b8b000-7fdf66b8c000 r--p 0007e000 08:01 5769516                    /usr/lib/x86_64-linux-gnu/libgmp.so.10.3.0
7fdf66b8c000-7fdf66b8d000 rw-p 0007f000 08:01 5769516                    /usr/lib/x86_64-linux-gnu/libgmp.so.10.3.0
7fdf66b8d000-7fdf66bc1000 r-xp 00000000 08:01 5769536                    /usr/lib/x86_64-linux-gnu/libnettle.so.6.2
7fdf66bc1000-7fdf66dc0000 ---p 00034000 08:01 5769536                    /usr/lib/x86_64-linux-gnu/libnettle.so.6.2
7fdf66dc0000-7fdf66dc2000 r--p 00033000 08:01 5769536                    /usr/lib/x86_64-linux-gnu/libnettle.so.6.2
7fdf66dc2000-7fdf66dc3000 rw-p 00035000 08:01 5769536                    /usr/lib/x86_64-linux-gnu/libnettle.so.6.2
7fdf66dc3000-7fdf66df5000 r-xp 00000000 08:01 5769522                    /usr/lib/x86_64-linux-gnu/libhogweed.so.4.2
7fdf66df5000-7fdf66ff4000 ---p 00032000 08:01 5769522                    /usr/lib/x86_64-linux-gnu/libhogweed.so.4.2
7fdf66ff4000-7fdf66ff5000 r--p 00031000 08:01 5769522                    /usr/lib/x86_64-linux-gnu/libhogweed.so.4.2
7fdf66ff5000-7fdf66ff6000 rw-p 00032000 08:01 5769522                    /usr/lib/x86_64-linux-gnu/libhogweed.so.4.2
7fdf66ff6000-7fdf6703d000 r-xp 00000000 08:01 5772823                    /usr/lib/x86_64-linux-gnu/libgssapi_krb5.so.2.2
7fdf6703d000-7fdf6723c000 ---p 00047000 08:01 5772823                    /usr/lib/x86_64-linux-gnu/libgssapi_krb5.so.2.2
7fdf6723c000-7fdf6723e000 r--p 00046000 08:01 5772823                    /usr/lib/x86_64-linux-gnu/libgssapi_krb5.so.2.2
7fdf6723e000-7fdf67240000 rw-p 00048000 08:01 5772823                    /usr/lib/x86_64-linux-gnu/libgssapi_krb5.so.2.2
7fdf67240000-7fdf67318000 r-xp 00000000 08:01 57934356                   /lib/x86_64-linux-gnu/libgcrypt.so.20.0.5
7fdf67318000-7fdf67517000 ---p 000d8000 08:01 57934356                   /lib/x86_64-linux-gnu/libgcrypt.so.20.0.5
7fdf67517000-7fdf67518000 r--p 000d7000 08:01 57934356                   /lib/x86_64-linux-gnu/libgcrypt.so.20.0.5
7fdf67518000-7fdf67520000 rw-p 000d8000 08:01 57934356                   /lib/x86_64-linux-gnu/libgcrypt.so.20.0.5
7fdf67520000-7fdf67521000 rw-p 00000000 00:00 0 
7fdf67521000-7fdf6759c000 r-xp 00000000 08:01 5773765                    /usr/lib/x86_64-linux-gnu/liborc-0.4.so.0.25.0
7fdf6759c000-7fdf6779b000 ---p 0007b000 08:01 5773765                    /usr/lib/x86_64-linux-gnu/liborc-0.4.so.0.25.0
7fdf6779b000-7fdf6779d000 r--p 0007a000 08:01 5773765                    /usr/lib/x86_64-linux-gnu/liborc-0.4.so.0.25.0
7fdf6779d000-7fdf677a1000 rw-p 0007c000 08:01 5773765                    /usr/lib/x86_64-linux-gnu/liborc-0.4.so.0.25.0
7fdf677a1000-7fdf677a8000 r-xp 00000000 08:01 5773738                    /usr/lib/x86_64-linux-gnu/libogg.so.0.8.2
7fdf677a8000-7fdf679a8000 ---p 00007000 08:01 5773738                    /usr/lib/x86_64-linux-gnu/libogg.so.0.8.2
7fdf679a8000-7fdf679a9000 r--p 00007000 08:01 5773738                    /usr/lib/x86_64-linux-gnu/libogg.so.0.8.2
7fdf679a9000-7fdf679aa000 rw-p 00008000 08:01 5773738                    /usr/lib/x86_64-linux-gnu/libogg.so.0.8.2
7fdf679aa000-7fdf679b4000 r-xp 00000000 08:01 5772899                    /usr/lib/x86_64-linux-gnu/libnuma.so.1.0.0
7fdf679b4000-7fdf67bb3000 ---p 0000a000 08:01 5772899                    /usr/lib/x86_64-linux-gnu/libnuma.so.1.0.0
7fdf67bb3000-7fdf67bb4000 r--p 00009000 08:01 5772899                    /usr/lib/x86_64-linux-gnu/libnuma.so.1.0.0
7fdf67bb4000-7fdf67bb5000 rw-p 0000a000 08:01 5772899                    /usr/lib/x86_64-linux-gnu/libnuma.so.1.0.0
7fdf67bb5000-7fdf67be3000 r-xp 00000000 08:01 5774339                    /usr/lib/x86_64-linux-gnu/libsoxr.so.0.1.1
7fdf67be3000-7fdf67de2000 ---p 0002e000 08:01 5774339                    /usr/lib/x86_64-linux-gnu/libsoxr.so.0.1.1
7fdf67de2000-7fdf67de4000 r--p 0002d000 08:01 5774339                    /usr/lib/x86_64-linux-gnu/libsoxr.so.0.1.1
7fdf67de4000-7fdf67de5000 rw-p 0002f000 08:01 5774339                    /usr/lib/x86_64-linux-gnu/libsoxr.so.0.1.1
7fdf67de5000-7fdf67e1a000 rw-p 00000000 00:00 0 
7fdf67e1a000-7fdf67e3f000 r-xp 00000000 08:01 5774494                    /usr/lib/x86_64-linux-gnu/libv4lconvert.so.0.0.0
7fdf67e3f000-7fdf6803f000 ---p 00025000 08:01 5774494                    /usr/lib/x86_64-linux-gnu/libv4lconvert.so.0.0.0
7fdf6803f000-7fdf68041000 r--p 00025000 08:01 5774494                    /usr/lib/x86_64-linux-gnu/libv4lconvert.so.0.0.0
7fdf68041000-7fdf68042000 rw-p 00027000 08:01 5774494                    /usr/lib/x86_64-linux-gnu/libv4lconvert.so.0.0.0
7fdf68042000-7fdf68094000 rw-p 00000000 00:00 0 
7fdf68094000-7fdf680f6000 r-xp 00000000 08:01 5774482                    /usr/lib/x86_64-linux-gnu/libXt.so.6.0.0
7fdf680f6000-7fdf682f6000 ---p 00062000 08:01 5774482                    /usr/lib/x86_64-linux-gnu/libXt.so.6.0.0
7fdf682f6000-7fdf682f7000 r--p 00062000 08:01 5774482                    /usr/lib/x86_64-linux-gnu/libXt.so.6.0.0
7fdf682f7000-7fdf682fc000 rw-p 00063000 08:01 5774482                    /usr/lib/x86_64-linux-gnu/libXt.so.6.0.0
7fdf682fc000-7fdf682fd000 rw-p 00000000 00:00 0 
7fdf682fd000-7fdf68305000 r-xp 00000000 08:01 5773875                    /usr/lib/x86_64-linux-gnu/libthai.so.0.2.4
7fdf68305000-7fdf68504000 ---p 00008000 08:01 5773875                    /usr/lib/x86_64-linux-gnu/libthai.so.0.2.4
7fdf68504000-7fdf68505000 r--p 00007000 08:01 5773875                    /usr/lib/x86_64-linux-gnu/libthai.so.0.2.4
7fdf68505000-7fdf68506000 rw-p 00008000 08:01 5773875                    /usr/lib/x86_64-linux-gnu/libthai.so.0.2.4
7fdf68506000-7fdf68562000 r-xp 00000000 08:01 5774242                    /usr/lib/x86_64-linux-gnu/libharfbuzz.so.0.10000.1
7fdf68562000-7fdf68762000 ---p 0005c000 08:01 5774242                    /usr/lib/x86_64-linux-gnu/libharfbuzz.so.0.10000.1
7fdf68762000-7fdf68763000 r--p 0005c000 08:01 5774242                    /usr/lib/x86_64-linux-gnu/libharfbuzz.so.0.10000.1
7fdf68763000-7fdf68764000 rw-p 0005d000 08:01 5774242                    /usr/lib/x86_64-linux-gnu/libharfbuzz.so.0.10000.1
7fdf68764000-7fdf6877b000 r-xp 00000000 08:01 57934419                   /lib/x86_64-linux-gnu/libresolv-2.23.so
7fdf6877b000-7fdf6897b000 ---p 00017000 08:01 57934419                   /lib/x86_64-linux-gnu/libresolv-2.23.so
7fdf6897b000-7fdf6897c000 r--p 00017000 08:01 57934419                   /lib/x86_64-linux-gnu/libresolv-2.23.so
7fdf6897c000-7fdf6897d000 rw-p 00018000 08:01 57934419                   /lib/x86_64-linux-gnu/libresolv-2.23.so
7fdf6897d000-7fdf6897f000 rw-p 00000000 00:00 0 
7fdf6897f000-7fdf6899e000 r-xp 00000000 08:01 57934425                   /lib/x86_64-linux-gnu/libselinux.so.1
7fdf6899e000-7fdf68b9d000 ---p 0001f000 08:01 57934425                   /lib/x86_64-linux-gnu/libselinux.so.1
7fdf68b9d000-7fdf68b9e000 r--p 0001e000 08:01 57934425                   /lib/x86_64-linux-gnu/libselinux.so.1
7fdf68b9e000-7fdf68b9f000 rw-p 0001f000 08:01 57934425                   /lib/x86_64-linux-gnu/libselinux.so.1
7fdf68b9f000-7fdf68ba1000 rw-p 00000000 00:00 0 
7fdf68ba1000-7fdf68ba9000 r-xp 00000000 08:01 5774233                    /usr/lib/x86_64-linux-gnu/libxcb-render.so.0.0.0
7fdf68ba9000-7fdf68da9000 ---p 00008000 08:01 5774233                    /usr/lib/x86_64-linux-gnu/libxcb-render.so.0.0.0
7fdf68da9000-7fdf68daa000 r--p 00008000 08:01 5774233                    /usr/lib/x86_64-linux-gnu/libxcb-render.so.0.0.0
7fdf68daa000-7fdf68dab000 rw-p 00009000 08:01 5774233                    /usr/lib/x86_64-linux-gnu/libxcb-render.so.0.0.0
7fdf68dab000-7fdf68dad000 r-xp 00000000 08:01 5774235                    /usr/lib/x86_64-linux-gnu/libxcb-shm.so.0.0.0
7fdf68dad000-7fdf68fad000 ---p 00002000 08:01 5774235                    /usr/lib/x86_64-linux-gnu/libxcb-shm.so.0.0.0
7fdf68fad000-7fdf68fae000 r--p 00002000 08:01 5774235                    /usr/lib/x86_64-linux-gnu/libxcb-shm.so.0.0.0
7fdf68fae000-7fdf68faf000 rw-p 00003000 08:01 5774235                    /usr/lib/x86_64-linux-gnu/libxcb-shm.so.0.0.0
7fdf68faf000-7fdf6904e000 r-xp 00000000 08:01 5774231                    /usr/lib/x86_64-linux-gnu/libpixman-1.so.0.33.6
7fdf6904e000-7fdf6924e000 ---p 0009f000 08:01 5774231                    /usr/lib/x86_64-linux-gnu/libpixman-1.so.0.33.6
7fdf6924e000-7fdf69256000 r--p 0009f000 08:01 5774231                    /usr/lib/x86_64-linux-gnu/libpixman-1.so.0.33.6
7fdf69256000-7fdf69257000 rw-p 000a7000 08:01 5774231                    /usr/lib/x86_64-linux-gnu/libpixman-1.so.0.33.6
7fdf69257000-7fdf692fb000 r-xp 00000000 08:01 5772064                    /usr/lib/x86_64-linux-gnu/libfreetype.so.6.12.1
7fdf692fb000-7fdf694fa000 ---p 000a4000 08:01 5772064                    /usr/lib/x86_64-linux-gnu/libfreetype.so.6.12.1
7fdf694fa000-7fdf69500000 r--p 000a3000 08:01 5772064                    /usr/lib/x86_64-linux-gnu/libfreetype.so.6.12.1
7fdf69500000-7fdf69501000 rw-p 000a9000 08:01 5772064                    /usr/lib/x86_64-linux-gnu/libfreetype.so.6.12.1
7fdf69501000-7fdf69506000 r-xp 00000000 08:01 5772750                    /usr/lib/x86_64-linux-gnu/libXdmcp.so.6.0.0
7fdf69506000-7fdf69705000 ---p 00005000 08:01 5772750                    /usr/lib/x86_64-linux-gnu/libXdmcp.so.6.0.0
7fdf69705000-7fdf69706000 r--p 00004000 08:01 5772750                    /usr/lib/x86_64-linux-gnu/libXdmcp.so.6.0.0
7fdf69706000-7fdf69707000 rw-p 00005000 08:01 5772750                    /usr/lib/x86_64-linux-gnu/libXdmcp.so.6.0.0
7fdf69707000-7fdf69709000 r-xp 00000000 08:01 5772748                    /usr/lib/x86_64-linux-gnu/libXau.so.6.0.0
7fdf69709000-7fdf69909000 ---p 00002000 08:01 5772748                    /usr/lib/x86_64-linux-gnu/libXau.so.6.0.0
7fdf69909000-7fdf6990a000 r--p 00002000 08:01 5772748                    /usr/lib/x86_64-linux-gnu/libXau.so.6.0.0
7fdf6990a000-7fdf6990b000 rw-p 00003000 08:01 5772748                    /usr/lib/x86_64-linux-gnu/libXau.so.6.0.0
7fdf6990b000-7fdf6991a000 r-xp 00000000 08:01 57934327                   /lib/x86_64-linux-gnu/libbz2.so.1.0.4
7fdf6991a000-7fdf69b19000 ---p 0000f000 08:01 57934327                   /lib/x86_64-linux-gnu/libbz2.so.1.0.4
7fdf69b19000-7fdf69b1a000 r--p 0000e000 08:01 57934327                   /lib/x86_64-linux-gnu/libbz2.so.1.0.4
7fdf69b1a000-7fdf69b1b000 rw-p 0000f000 08:01 57934327                   /lib/x86_64-linux-gnu/libbz2.so.1.0.4
7fdf69b1b000-7fdf69c3f000 r-xp 00000000 08:01 5769520                    /usr/lib/x86_64-linux-gnu/libgnutls.so.30.6.2
7fdf69c3f000-7fdf69e3e000 ---p 00124000 08:01 5769520                    /usr/lib/x86_64-linux-gnu/libgnutls.so.30.6.2
7fdf69e3e000-7fdf69e49000 r--p 00123000 08:01 5769520                    /usr/lib/x86_64-linux-gnu/libgnutls.so.30.6.2
7fdf69e49000-7fdf69e4b000 rw-p 0012e000 08:01 5769520                    /usr/lib/x86_64-linux-gnu/libgnutls.so.30.6.2
7fdf69e4b000-7fdf69e4c000 rw-p 00000000 00:00 0 
7fdf69e4c000-7fdf69e93000 r-xp 00000000 08:01 5774386                    /usr/lib/x86_64-linux-gnu/libbluray.so.1.9.2
7fdf69e93000-7fdf6a092000 ---p 00047000 08:01 5774386                    /usr/lib/x86_64-linux-gnu/libbluray.so.1.9.2
7fdf6a092000-7fdf6a094000 r--p 00046000 08:01 5774386                    /usr/lib/x86_64-linux-gnu/libbluray.so.1.9.2
7fdf6a094000-7fdf6a095000 rw-p 00048000 08:01 5774386                    /usr/lib/x86_64-linux-gnu/libbluray.so.1.9.2
7fdf6a095000-7fdf6a0df000 r-xp 00000000 08:01 5774388                    /usr/lib/x86_64-linux-gnu/libgme.so.0.6.0
7fdf6a0df000-7fdf6a2df000 ---p 0004a000 08:01 5774388                    /usr/lib/x86_64-linux-gnu/libgme.so.0.6.0
7fdf6a2df000-7fdf6a2e2000 r--p 0004a000 08:01 5774388                    /usr/lib/x86_64-linux-gnu/libgme.so.0.6.0
7fdf6a2e2000-7fdf6a2e3000 rw-p 0004d000 08:01 5774388                    /usr/lib/x86_64-linux-gnu/libgme.so.0.6.0
7fdf6a2e3000-7fdf6a32d000 r-xp 00000000 08:01 5774390                    /usr/lib/x86_64-linux-gnu/libmodplug.so.1.0.0
7fdf6a32d000-7fdf6a52d000 ---p 0004a000 08:01 5774390                    /usr/lib/x86_64-linux-gnu/libmodplug.so.1.0.0
7fdf6a52d000-7fdf6a52e000 r--p 0004a000 08:01 5774390                    /usr/lib/x86_64-linux-gnu/libmodplug.so.1.0.0
7fdf6a52e000-7fdf6a52f000 rw-p 0004b000 08:01 5774390                    /usr/lib/x86_64-linux-gnu/libmodplug.so.1.0.0
7fdf6a52f000-7fdf6a66e000 rw-p 00000000 00:00 0 
7fdf6a66e000-7fdf6a689000 r-xp 00000000 08:01 5772850                    /usr/lib/x86_64-linux-gnu/librtmp.so.1
7fdf6a689000-7fdf6a888000 ---p 0001b000 08:01 5772850                    /usr/lib/x86_64-linux-gnu/librtmp.so.1
7fdf6a888000-7fdf6a889000 r--p 0001a000 08:01 5772850                    /usr/lib/x86_64-linux-gnu/librtmp.so.1
7fdf6a889000-7fdf6a88a000 rw-p 0001b000 08:01 5772850                    /usr/lib/x86_64-linux-gnu/librtmp.so.1
7fdf6a88a000-7fdf6a8d2000 r-xp 00000000 08:01 5774392                    /usr/lib/x86_64-linux-gnu/libssh-gcrypt.so.4.4.1
7fdf6a8d2000-7fdf6aad1000 ---p 00048000 08:01 5774392                    /usr/lib/x86_64-linux-gnu/libssh-gcrypt.so.4.4.1
7fdf6aad1000-7fdf6aad2000 r--p 00047000 08:01 5774392                    /usr/lib/x86_64-linux-gnu/libssh-gcrypt.so.4.4.1
7fdf6aad2000-7fdf6aad3000 rw-p 00048000 08:01 5774392                    /usr/lib/x86_64-linux-gnu/libssh-gcrypt.so.4.4.1
7fdf6aad3000-7fdf6aaed000 r-xp 00000000 08:01 5769549                    /usr/lib/x86_64-linux-gnu/libcrystalhd.so.3.6
7fdf6aaed000-7fdf6acec000 ---p 0001a000 08:01 5769549                    /usr/lib/x86_64-linux-gnu/libcrystalhd.so.3.6
7fdf6acec000-7fdf6aced000 r--p 00019000 08:01 5769549                    /usr/lib/x86_64-linux-gnu/libcrystalhd.so.3.6
7fdf6aced000-7fdf6acee000 rw-p 0001a000 08:01 5769549                    /usr/lib/x86_64-linux-gnu/libcrystalhd.so.3.6
7fdf6acee000-7fdf6acfb000 r-xp 00000000 08:01 5771305                    /usr/lib/x86_64-linux-gnu/libgsm.so.1.0.12
7fdf6acfb000-7fdf6aefa000 ---p 0000d000 08:01 5771305                    /usr/lib/x86_64-linux-gnu/libgsm.so.1.0.12
7fdf6aefa000-7fdf6aefb000 r--p 0000c000 08:01 5771305                    /usr/lib/x86_64-linux-gnu/libgsm.so.1.0.12
7fdf6aefb000-7fdf6aefc000 rw-p 0000d000 08:01 5771305                    /usr/lib/x86_64-linux-gnu/libgsm.so.1.0.12
7fdf6aefc000-7fdf6af41000 r-xp 00000000 08:01 5774325                    /usr/lib/x86_64-linux-gnu/libmp3lame.so.0.0.0
7fdf6af41000-7fdf6b141000 ---p 00045000 08:01 5774325                    /usr/lib/x86_64-linux-gnu/libmp3lame.so.0.0.0
7fdf6b141000-7fdf6b142000 r--p 00045000 08:01 5774325                    /usr/lib/x86_64-linux-gnu/libmp3lame.so.0.0.0
7fdf6b142000-7fdf6b143000 rw-p 00046000 08:01 5774325                    /usr/lib/x86_64-linux-gnu/libmp3lame.so.0.0.0
7fdf6b143000-7fdf6b171000 rw-p 00000000 00:00 0 
7fdf6b171000-7fdf6b193000 r-xp 00000000 08:01 5774328                    /usr/lib/x86_64-linux-gnu/libopenjpeg.so.1.5.2
7fdf6b193000-7fdf6b392000 ---p 00022000 08:01 5774328                    /usr/lib/x86_64-linux-gnu/libopenjpeg.so.1.5.2
7fdf6b392000-7fdf6b393000 r--p 00021000 08:01 5774328                    /usr/lib/x86_64-linux-gnu/libopenjpeg.so.1.5.2
7fdf6b393000-7fdf6b394000 rw-p 00022000 08:01 5774328                    /usr/lib/x86_64-linux-gnu/libopenjpeg.so.1.5.2
7fdf6b394000-7fdf6b3dd000 r-xp 00000000 08:01 5774331                    /usr/lib/x86_64-linux-gnu/libopus.so.0.5.2
7fdf6b3dd000-7fdf6b5dc000 ---p 00049000 08:01 5774331                    /usr/lib/x86_64-linux-gnu/libopus.so.0.5.2
7fdf6b5dc000-7fdf6b5dd000 r--p 00048000 08:01 5774331                    /usr/lib/x86_64-linux-gnu/libopus.so.0.5.2
7fdf6b5dd000-7fdf6b5de000 rw-p 00049000 08:01 5774331                    /usr/lib/x86_64-linux-gnu/libopus.so.0.5.2
7fdf6b5de000-7fdf6b6af000 r-xp 00000000 08:01 5773769                    /usr/lib/x86_64-linux-gnu/libschroedinger-1.0.so.0.11.0
7fdf6b6af000-7fdf6b8af000 ---p 000d1000 08:01 5773769                    /usr/lib/x86_64-linux-gnu/libschroedinger-1.0.so.0.11.0
7fdf6b8af000-7fdf6b8b1000 r--p 000d1000 08:01 5773769                    /usr/lib/x86_64-linux-gnu/libschroedinger-1.0.so.0.11.0
7fdf6b8b1000-7fdf6b8b2000 rw-p 000d3000 08:01 5773769                    /usr/lib/x86_64-linux-gnu/libschroedinger-1.0.so.0.11.0
7fdf6b8b2000-7fdf6b8b3000 rw-p 00000000 00:00 0 
7fdf6b8b3000-7fdf6b8bf000 r-xp 00000000 08:01 5774333                    /usr/lib/x86_64-linux-gnu/libshine.so.3.0.1
7fdf6b8bf000-7fdf6babe000 ---p 0000c000 08:01 5774333                    /usr/lib/x86_64-linux-gnu/libshine.so.3.0.1
7fdf6babe000-7fdf6babf000 r--p 0000b000 08:01 5774333                    /usr/lib/x86_64-linux-gnu/libshine.so.3.0.1
7fdf6babf000-7fdf6bac0000 rw-p 0000c000 08:01 5774333                    /usr/lib/x86_64-linux-gnu/libshine.so.3.0.1
7fdf6bac0000-7fdf6bac7000 r-xp 00000000 08:01 5774335                    /usr/lib/x86_64-linux-gnu/libsnappy.so.1.3.0
7fdf6bac7000-7fdf6bcc6000 ---p 00007000 08:01 5774335                    /usr/lib/x86_64-linux-gnu/libsnappy.so.1.3.0
7fdf6bcc6000-7fdf6bcc7000 r--p 00006000 08:01 5774335                    /usr/lib/x86_64-linux-gnu/libsnappy.so.1.3.0
7fdf6bcc7000-7fdf6bcc8000 rw-p 00007000 08:01 5774335                    /usr/lib/x86_64-linux-gnu/libsnappy.so.1.3.0
7fdf6bcc8000-7fdf6bcdf000 r-xp 00000000 08:01 5774337                    /usr/lib/x86_64-linux-gnu/libspeex.so.1.5.0
7fdf6bcdf000-7fdf6bedf000 ---p 00017000 08:01 5774337                    /usr/lib/x86_64-linux-gnu/libspeex.so.1.5.0
7fdf6bedf000-7fdf6bee0000 r--p 00017000 08:01 5774337                    /usr/lib/x86_64-linux-gnu/libspeex.so.1.5.0
7fdf6bee0000-7fdf6bee1000 rw-p 00018000 08:01 5774337                    /usr/lib/x86_64-linux-gnu/libspeex.so.1.5.0
7fdf6bee1000-7fdf6befa000 r-xp 00000000 08:01 5774345                    /usr/lib/x86_64-linux-gnu/libtheoradec.so.1.1.4
7fdf6befa000-7fdf6c0f9000 ---p 00019000 08:01 5774345                    /usr/lib/x86_64-linux-gnu/libtheoradec.so.1.1.4
7fdf6c0f9000-7fdf6c0fa000 r--p 00018000 08:01 5774345                    /usr/lib/x86_64-linux-gnu/libtheoradec.so.1.1.4
7fdf6c0fa000-7fdf6c0fb000 rw-p 00019000 08:01 5774345                    /usr/lib/x86_64-linux-gnu/libtheoradec.so.1.1.4
7fdf6c0fb000-7fdf6c139000 r-xp 00000000 08:01 5774343                    /usr/lib/x86_64-linux-gnu/libtheoraenc.so.1.1.2
7fdf6c139000-7fdf6c338000 ---p 0003e000 08:01 5774343                    /usr/lib/x86_64-linux-gnu/libtheoraenc.so.1.1.2
7fdf6c338000-7fdf6c339000 r--p 0003d000 08:01 5774343                    /usr/lib/x86_64-linux-gnu/libtheoraenc.so.1.1.2
7fdf6c339000-7fdf6c33a000 rw-p 0003e000 08:01 5774343                    /usr/lib/x86_64-linux-gnu/libtheoraenc.so.1.1.2
7fdf6c33a000-7fdf6c358000 r-xp 00000000 08:01 5774349                    /usr/lib/x86_64-linux-gnu/libtwolame.so.0.0.0
7fdf6c358000-7fdf6c557000 ---p 0001e000 08:01 5774349                    /usr/lib/x86_64-linux-gnu/libtwolame.so.0.0.0
7fdf6c557000-7fdf6c558000 r--p 0001d000 08:01 5774349                    /usr/lib/x86_64-linux-gnu/libtwolame.so.0.0.0
7fdf6c558000-7fdf6c559000 rw-p 0001e000 08:01 5774349                    /usr/lib/x86_64-linux-gnu/libtwolame.so.0.0.0
7fdf6c559000-7fdf6c55d000 rw-p 00000000 00:00 0 
7fdf6c55d000-7fdf6c587000 r-xp 00000000 08:01 5774353                    /usr/lib/x86_64-linux-gnu/libvorbis.so.0.4.8
7fdf6c587000-7fdf6c787000 ---p 0002a000 08:01 5774353                    /usr/lib/x86_64-linux-gnu/libvorbis.so.0.4.8
7fdf6c787000-7fdf6c788000 r--p 0002a000 08:01 5774353                    /usr/lib/x86_64-linux-gnu/libvorbis.so.0.4.8
7fdf6c788000-7fdf6c789000 rw-p 0002b000 08:01 5774353                    /usr/lib/x86_64-linux-gnu/libvorbis.so.0.4.8
7fdf6c789000-7fdf6c816000 r-xp 00000000 08:01 5774355                    /usr/lib/x86_64-linux-gnu/libvorbisenc.so.2.0.11
7fdf6c816000-7fdf6ca15000 ---p 0008d000 08:01 5774355                    /usr/lib/x86_64-linux-gnu/libvorbisenc.so.2.0.11
7fdf6ca15000-7fdf6ca31000 r--p 0008c000 08:01 5774355                    /usr/lib/x86_64-linux-gnu/libvorbisenc.so.2.0.11
7fdf6ca31000-7fdf6ca32000 rw-p 000a8000 08:01 5774355                    /usr/lib/x86_64-linux-gnu/libvorbisenc.so.2.0.11
7fdf6ca32000-7fdf6cc51000 r-xp 00000000 08:01 5774357                    /usr/lib/x86_64-linux-gnu/libvpx.so.3.0.0
7fdf6cc51000-7fdf6ce50000 ---p 0021f000 08:01 5774357                    /usr/lib/x86_64-linux-gnu/libvpx.so.3.0.0
7fdf6ce50000-7fdf6ce52000 r--p 0021e000 08:01 5774357                    /usr/lib/x86_64-linux-gnu/libvpx.so.3.0.0
7fdf6ce52000-7fdf6ce53000 rw-p 00220000 08:01 5774357                    /usr/lib/x86_64-linux-gnu/libvpx.so.3.0.0
7fdf6ce53000-7fdf6ce56000 rw-p 00000000 00:00 0 
7fdf6ce56000-7fdf6ce7e000 r-xp 00000000 08:01 5774360                    /usr/lib/x86_64-linux-gnu/libwavpack.so.1.1.7
7fdf6ce7e000-7fdf6d07d000 ---p 00028000 08:01 5774360                    /usr/lib/x86_64-linux-gnu/libwavpack.so.1.1.7
7fdf6d07d000-7fdf6d07e000 r--p 00027000 08:01 5774360                    /usr/lib/x86_64-linux-gnu/libwavpack.so.1.1.7
7fdf6d07e000-7fdf6d07f000 rw-p 00028000 08:01 5774360                    /usr/lib/x86_64-linux-gnu/libwavpack.so.1.1.7
7fdf6d07f000-7fdf6d0d8000 r-xp 00000000 08:01 5774362                    /usr/lib/x86_64-linux-gnu/libwebp.so.5.0.4
7fdf6d0d8000-7fdf6d2d8000 ---p 00059000 08:01 5774362                    /usr/lib/x86_64-linux-gnu/libwebp.so.5.0.4
7fdf6d2d8000-7fdf6d2d9000 r--p 00059000 08:01 5774362                    /usr/lib/x86_64-linux-gnu/libwebp.so.5.0.4
7fdf6d2d9000-7fdf6d2db000 rw-p 0005a000 08:01 5774362                    /usr/lib/x86_64-linux-gnu/libwebp.so.5.0.4
7fdf6d2db000-7fdf6d403000 r-xp 00000000 08:01 5774364                    /usr/lib/x86_64-linux-gnu/libx264.so.148
7fdf6d403000-7fdf6d602000 ---p 00128000 08:01 5774364                    /usr/lib/x86_64-linux-gnu/libx264.so.148
7fdf6d602000-7fdf6d603000 r--p 00127000 08:01 5774364                    /usr/lib/x86_64-linux-gnu/libx264.so.148
7fdf6d603000-7fdf6d604000 rw-p 00128000 08:01 5774364                    /usr/lib/x86_64-linux-gnu/libx264.so.148
7fdf6d604000-7fdf6d67f000 rw-p 00000000 00:00 0 
7fdf6d67f000-7fdf6e08c000 r-xp 00000000 08:01 5774365                    /usr/lib/x86_64-linux-gnu/libx265.so.79
7fdf6e08c000-7fdf6e28b000 ---p 00a0d000 08:01 5774365                    /usr/lib/x86_64-linux-gnu/libx265.so.79
7fdf6e28b000-7fdf6e28e000 r--p 00a0c000 08:01 5774365                    /usr/lib/x86_64-linux-gnu/libx265.so.79
7fdf6e28e000-7fdf6e291000 rw-p 00a0f000 08:01 5774365                    /usr/lib/x86_64-linux-gnu/libx265.so.79
7fdf6e291000-7fdf6e29e000 rw-p 00000000 00:00 0 
7fdf6e29e000-7fdf6e33f000 r-xp 00000000 08:01 5774366                    /usr/lib/x86_64-linux-gnu/libxvidcore.so.4.3
7fdf6e33f000-7fdf6e53e000 ---p 000a1000 08:01 5774366                    /usr/lib/x86_64-linux-gnu/libxvidcore.so.4.3
7fdf6e53e000-7fdf6e53f000 r--p 000a0000 08:01 5774366                    /usr/lib/x86_64-linux-gnu/libxvidcore.so.4.3
7fdf6e53f000-7fdf6e549000 rw-p 000a1000 08:01 5774366                    /usr/lib/x86_64-linux-gnu/libxvidcore.so.4.3
7fdf6e549000-7fdf6e5b2000 rw-p 00000000 00:00 0 
7fdf6e5b2000-7fdf6e629000 r-xp 00000000 08:01 5774368                    /usr/lib/x86_64-linux-gnu/libzvbi.so.0.13.2
7fdf6e629000-7fdf6e828000 ---p 00077000 08:01 5774368                    /usr/lib/x86_64-linux-gnu/libzvbi.so.0.13.2
7fdf6e828000-7fdf6e831000 r--p 00076000 08:01 5774368                    /usr/lib/x86_64-linux-gnu/libzvbi.so.0.13.2
7fdf6e831000-7fdf6e83d000 rw-p 0007f000 08:01 5774368                    /usr/lib/x86_64-linux-gnu/libzvbi.so.0.13.2
7fdf6e83d000-7fdf6e858000 r-xp 00000000 08:01 5774351                    /usr/lib/x86_64-linux-gnu/libva.so.1.3900.0
7fdf6e858000-7fdf6ea57000 ---p 0001b000 08:01 5774351                    /usr/lib/x86_64-linux-gnu/libva.so.1.3900.0
7fdf6ea57000-7fdf6ea58000 r--p 0001a000 08:01 5774351                    /usr/lib/x86_64-linux-gnu/libva.so.1.3900.0
7fdf6ea58000-7fdf6ea59000 rw-p 0001b000 08:01 5774351                    /usr/lib/x86_64-linux-gnu/libva.so.1.3900.0
7fdf6ea59000-7fdf6ea73000 r-xp 00000000 08:01 5774341                    /usr/lib/x86_64-linux-gnu/libswresample-ffmpeg.so.1.2.101
7fdf6ea73000-7fdf6ec72000 ---p 0001a000 08:01 5774341                    /usr/lib/x86_64-linux-gnu/libswresample-ffmpeg.so.1.2.101
7fdf6ec72000-7fdf6ec74000 r--p 00019000 08:01 5774341                    /usr/lib/x86_64-linux-gnu/libswresample-ffmpeg.so.1.2.101
7fdf6ec74000-7fdf6ec75000 rw-p 0001b000 08:01 5774341                    /usr/lib/x86_64-linux-gnu/libswresample-ffmpeg.so.1.2.101
7fdf6ec75000-7fdf6ec7e000 r-xp 00000000 08:01 5774496                    /usr/lib/x86_64-linux-gnu/libv4l2.so.0.0.0
7fdf6ec7e000-7fdf6ee7d000 ---p 00009000 08:01 5774496                    /usr/lib/x86_64-linux-gnu/libv4l2.so.0.0.0
7fdf6ee7d000-7fdf6ee7e000 r--p 00008000 08:01 5774496                    /usr/lib/x86_64-linux-gnu/libv4l2.so.0.0.0
7fdf6ee7e000-7fdf6ee83000 rw-p 00009000 08:01 5774496                    /usr/lib/x86_64-linux-gnu/libv4l2.so.0.0.0
7fdf6ee83000-7fdf6ee9a000 r-xp 00000000 08:01 57937863                   /lib/x86_64-linux-gnu/libusb-1.0.so.0.1.0
7fdf6ee9a000-7fdf6f099000 ---p 00017000 08:01 57937863                   /lib/x86_64-linux-gnu/libusb-1.0.so.0.1.0
7fdf6f099000-7fdf6f09a000 r--p 00016000 08:01 57937863                   /lib/x86_64-linux-gnu/libusb-1.0.so.0.1.0
7fdf6f09a000-7fdf6f09b000 rw-p 00017000 08:01 57937863                   /lib/x86_64-linux-gnu/libusb-1.0.so.0.1.0
7fdf6f09b000-7fdf6f0a8000 r-xp 00000000 08:01 5774476                    /usr/lib/x86_64-linux-gnu/libraw1394.so.11.1.0
7fdf6f0a8000-7fdf6f2a8000 ---p 0000d000 08:01 5774476                    /usr/lib/x86_64-linux-gnu/libraw1394.so.11.1.0
7fdf6f2a8000-7fdf6f2a9000 r--p 0000d000 08:01 5774476                    /usr/lib/x86_64-linux-gnu/libraw1394.so.11.1.0
7fdf6f2a9000-7fdf6f2aa000 rw-p 0000e000 08:01 5774476                    /usr/lib/x86_64-linux-gnu/libraw1394.so.11.1.0
7fdf6f2aa000-7fdf6f2c8000 r-xp 00000000 08:01 5773879                    /usr/lib/x86_64-linux-gnu/libpangox-1.0.so.0.0.0
7fdf6f2c8000-7fdf6f4c8000 ---p 0001e000 08:01 5773879                    /usr/lib/x86_64-linux-gnu/libpangox-1.0.so.0.0.0
7fdf6f4c8000-7fdf6f4c9000 r--p 0001e000 08:01 5773879                    /usr/lib/x86_64-linux-gnu/libpangox-1.0.so.0.0.0
7fdf6f4c9000-7fdf6f4ca000 rw-p 0001f000 08:01 5773879                    /usr/lib/x86_64-linux-gnu/libpangox-1.0.so.0.0.0
7fdf6f4ca000-7fdf6f4e2000 r-xp 00000000 08:01 5774484                    /usr/lib/x86_64-linux-gnu/libXmu.so.6.2.0
7fdf6f4e2000-7fdf6f6e1000 ---p 00018000 08:01 5774484                    /usr/lib/x86_64-linux-gnu/libXmu.so.6.2.0
7fdf6f6e1000-7fdf6f6e2000 r--p 00017000 08:01 5774484                    /usr/lib/x86_64-linux-gnu/libXmu.so.6.2.0
7fdf6f6e2000-7fdf6f6e3000 rw-p 00018000 08:01 5774484                    /usr/lib/x86_64-linux-gnu/libXmu.so.6.2.0
7fdf6f6e3000-7fdf6f750000 r-xp 00000000 08:01 5774480                    /usr/lib/x86_64-linux-gnu/libGLU.so.1.3.1
7fdf6f750000-7fdf6f950000 ---p 0006d000 08:01 5774480                    /usr/lib/x86_64-linux-gnu/libGLU.so.1.3.1
7fdf6f950000-7fdf6f951000 r--p 0006d000 08:01 5774480                    /usr/lib/x86_64-linux-gnu/libGLU.so.1.3.1
7fdf6f951000-7fdf6f952000 rw-p 0006e000 08:01 5774480                    /usr/lib/x86_64-linux-gnu/libGLU.so.1.3.1
7fdf6f952000-7fdf6f9c0000 r-xp 00000000 08:01 57934408                   /lib/x86_64-linux-gnu/libpcre.so.3.13.2
7fdf6f9c0000-7fdf6fbc0000 ---p 0006e000 08:01 57934408                   /lib/x86_64-linux-gnu/libpcre.so.3.13.2
7fdf6fbc0000-7fdf6fbc1000 r--p 0006e000 08:01 57934408                   /lib/x86_64-linux-gnu/libpcre.so.3.13.2
7fdf6fbc1000-7fdf6fbc2000 rw-p 0006f000 08:01 57934408                   /lib/x86_64-linux-gnu/libpcre.so.3.13.2
7fdf6fbc2000-7fdf6fbc9000 r-xp 00000000 08:01 5769508                    /usr/lib/x86_64-linux-gnu/libffi.so.6.0.4
7fdf6fbc9000-7fdf6fdc8000 ---p 00007000 08:01 5769508                    /usr/lib/x86_64-linux-gnu/libffi.so.6.0.4
7fdf6fdc8000-7fdf6fdc9000 r--p 00006000 08:01 5769508                    /usr/lib/x86_64-linux-gnu/libffi.so.6.0.4
7fdf6fdc9000-7fdf6fdca000 rw-p 00007000 08:01 5769508                    /usr/lib/x86_64-linux-gnu/libffi.so.6.0.4
7fdf6fdca000-7fdf6fdcc000 r-xp 00000000 08:01 5773775                    /usr/lib/x86_64-linux-gnu/libXcomposite.so.1.0.0
7fdf6fdcc000-7fdf6ffcb000 ---p 00002000 08:01 5773775                    /usr/lib/x86_64-linux-gnu/libXcomposite.so.1.0.0
7fdf6ffcb000-7fdf6ffcc000 r--p 00001000 08:01 5773775                    /usr/lib/x86_64-linux-gnu/libXcomposite.so.1.0.0
7fdf6ffcc000-7fdf6ffcd000 rw-p 00002000 08:01 5773775                    /usr/lib/x86_64-linux-gnu/libXcomposite.so.1.0.0
7fdf6ffcd000-7fdf6ffd6000 r-xp 00000000 08:01 5773779                    /usr/lib/x86_64-linux-gnu/libXcursor.so.1.0.2
7fdf6ffd6000-7fdf701d5000 ---p 00009000 08:01 5773779                    /usr/lib/x86_64-linux-gnu/libXcursor.so.1.0.2
7fdf701d5000-7fdf701d6000 r--p 00008000 08:01 5773779                    /usr/lib/x86_64-linux-gnu/libXcursor.so.1.0.2
7fdf701d6000-7fdf701d7000 rw-p 00009000 08:01 5773779                    /usr/lib/x86_64-linux-gnu/libXcursor.so.1.0.2
7fdf701d7000-7fdf701e1000 r-xp 00000000 08:01 5774257                    /usr/lib/x86_64-linux-gnu/libXrandr.so.2.2.0
7fdf701e1000-7fdf703e0000 ---p 0000a000 08:01 5774257                    /usr/lib/x86_64-linux-gnu/libXrandr.so.2.2.0
7fdf703e0000-7fdf703e1000 r--p 00009000 08:01 5774257                    /usr/lib/x86_64-linux-gnu/libXrandr.so.2.2.0
7fdf703e1000-7fdf703e2000 rw-p 0000a000 08:01 5774257                    /usr/lib/x86_64-linux-gnu/libXrandr.so.2.2.0
7fdf703e2000-7fdf703f1000 r-xp 00000000 08:01 5774255                    /usr/lib/x86_64-linux-gnu/libXi.so.6.1.0
7fdf703f1000-7fdf705f0000 ---p 0000f000 08:01 5774255                    /usr/lib/x86_64-linux-gnu/libXi.so.6.1.0
7fdf705f0000-7fdf705f1000 r--p 0000e000 08:01 5774255                    /usr/lib/x86_64-linux-gnu/libXi.so.6.1.0
7fdf705f1000-7fdf705f2000 rw-p 0000f000 08:01 5774255                    /usr/lib/x86_64-linux-gnu/libXi.so.6.1.0
7fdf705f2000-7fdf705f4000 r-xp 00000000 08:01 5773783                    /usr/lib/x86_64-linux-gnu/libXinerama.so.1.0.0
7fdf705f4000-7fdf707f3000 ---p 00002000 08:01 5773783                    /usr/lib/x86_64-linux-gnu/libXinerama.so.1.0.0
7fdf707f3000-7fdf707f4000 r--p 00001000 08:01 5773783                    /usr/lib/x86_64-linux-gnu/libXinerama.so.1.0.0
7fdf707f4000-7fdf707f5000 rw-p 00002000 08:01 5773783                    /usr/lib/x86_64-linux-gnu/libXinerama.so.1.0.0
7fdf707f5000-7fdf707fe000 r-xp 00000000 08:01 5773777                    /usr/lib/x86_64-linux-gnu/libXrender.so.1.3.0
7fdf707fe000-7fdf709fd000 ---p 00009000 08:01 5773777                    /usr/lib/x86_64-linux-gnu/libXrender.so.1.3.0
7fdf709fd000-7fdf709fe000 r--p 00008000 08:01 5773777                    /usr/lib/x86_64-linux-gnu/libXrender.so.1.3.0
7fdf709fe000-7fdf709ff000 rw-p 00009000 08:01 5773777                    /usr/lib/x86_64-linux-gnu/libXrender.so.1.3.0
7fdf709ff000-7fdf70a3c000 r-xp 00000000 08:01 5769505                    /usr/lib/x86_64-linux-gnu/libfontconfig.so.1.9.0
7fdf70a3c000-7fdf70c3b000 ---p 0003d000 08:01 5769505                    /usr/lib/x86_64-linux-gnu/libfontconfig.so.1.9.0
7fdf70c3b000-7fdf70c3d000 r--p 0003c000 08:01 5769505                    /usr/lib/x86_64-linux-gnu/libfontconfig.so.1.9.0
7fdf70c3d000-7fdf70c42000 rw-p 0003e000 08:01 5769505                    /usr/lib/x86_64-linux-gnu/libfontconfig.so.1.9.0
7fdf70c42000-7fdf70c8b000 r-xp 00000000 08:01 5773877                    /usr/lib/x86_64-linux-gnu/libpango-1.0.so.0.3800.1
7fdf70c8b000-7fdf70e8b000 ---p 00049000 08:01 5773877                    /usr/lib/x86_64-linux-gnu/libpango-1.0.so.0.3800.1
7fdf70e8b000-7fdf70e8d000 r--p 00049000 08:01 5773877                    /usr/lib/x86_64-linux-gnu/libpango-1.0.so.0.3800.1
7fdf70e8d000-7fdf70e8e000 rw-p 0004b000 08:01 5773877                    /usr/lib/x86_64-linux-gnu/libpango-1.0.so.0.3800.1
7fdf70e8e000-7fdf70ea2000 r-xp 00000000 08:01 5774244                    /usr/lib/x86_64-linux-gnu/libpangoft2-1.0.so.0.3800.1
7fdf70ea2000-7fdf710a2000 ---p 00014000 08:01 5774244                    /usr/lib/x86_64-linux-gnu/libpangoft2-1.0.so.0.3800.1
7fdf710a2000-7fdf710a3000 r--p 00014000 08:01 5774244                    /usr/lib/x86_64-linux-gnu/libpangoft2-1.0.so.0.3800.1
7fdf710a3000-7fdf710a4000 rw-p 00015000 08:01 5774244                    /usr/lib/x86_64-linux-gnu/libpangoft2-1.0.so.0.3800.1
7fdf710a4000-7fdf71224000 r-xp 00000000 08:01 5772114                    /usr/lib/x86_64-linux-gnu/libgio-2.0.so.0.4800.0
7fdf71224000-7fdf71424000 ---p 00180000 08:01 5772114                    /usr/lib/x86_64-linux-gnu/libgio-2.0.so.0.4800.0
7fdf71424000-7fdf71428000 r--p 00180000 08:01 5772114                    /usr/lib/x86_64-linux-gnu/libgio-2.0.so.0.4800.0
7fdf71428000-7fdf7142a000 rw-p 00184000 08:01 5772114                    /usr/lib/x86_64-linux-gnu/libgio-2.0.so.0.4800.0
7fdf7142a000-7fdf7142c000 rw-p 00000000 00:00 0 
7fdf7142c000-7fdf7144d000 r-xp 00000000 08:01 5774228                    /usr/lib/x86_64-linux-gnu/libgdk_pixbuf-2.0.so.0.3200.2
7fdf7144d000-7fdf7164c000 ---p 00021000 08:01 5774228                    /usr/lib/x86_64-linux-gnu/libgdk_pixbuf-2.0.so.0.3200.2
7fdf7164c000-7fdf7164d000 r--p 00020000 08:01 5774228                    /usr/lib/x86_64-linux-gnu/libgdk_pixbuf-2.0.so.0.3200.2
7fdf7164d000-7fdf7164e000 rw-p 00021000 08:01 5774228                    /usr/lib/x86_64-linux-gnu/libgdk_pixbuf-2.0.so.0.3200.2
7fdf7164e000-7fdf7175c000 r-xp 00000000 08:01 5774237                    /usr/lib/x86_64-linux-gnu/libcairo.so.2.11400.6
7fdf7175c000-7fdf7195c000 ---p 0010e000 08:01 5774237                    /usr/lib/x86_64-linux-gnu/libcairo.so.2.11400.6
7fdf7195c000-7fdf7195f000 r--p 0010e000 08:01 5774237                    /usr/lib/x86_64-linux-gnu/libcairo.so.2.11400.6
7fdf7195f000-7fdf71960000 rw-p 00111000 08:01 5774237                    /usr/lib/x86_64-linux-gnu/libcairo.so.2.11400.6
7fdf71960000-7fdf71962000 rw-p 00000000 00:00 0 
7fdf71962000-7fdf71984000 r-xp 00000000 08:01 5774223                    /usr/lib/x86_64-linux-gnu/libatk-1.0.so.0.21809.1
7fdf71984000-7fdf71b83000 ---p 00022000 08:01 5774223                    /usr/lib/x86_64-linux-gnu/libatk-1.0.so.0.21809.1
7fdf71b83000-7fdf71b86000 r--p 00021000 08:01 5774223                    /usr/lib/x86_64-linux-gnu/libatk-1.0.so.0.21809.1
7fdf71b86000-7fdf71b87000 rw-p 00024000 08:01 5774223                    /usr/lib/x86_64-linux-gnu/libatk-1.0.so.0.21809.1
7fdf71b87000-7fdf71b93000 r-xp 00000000 08:01 5774246                    /usr/lib/x86_64-linux-gnu/libpangocairo-1.0.so.0.3800.1
7fdf71b93000-7fdf71d92000 ---p 0000c000 08:01 5774246                    /usr/lib/x86_64-linux-gnu/libpangocairo-1.0.so.0.3800.1
7fdf71d92000-7fdf71d93000 r--p 0000b000 08:01 5774246                    /usr/lib/x86_64-linux-gnu/libpangocairo-1.0.so.0.3800.1
7fdf71d93000-7fdf71d94000 rw-p 0000c000 08:01 5774246                    /usr/lib/x86_64-linux-gnu/libpangocairo-1.0.so.0.3800.1
7fdf71d94000-7fdf71d97000 r-xp 00000000 08:01 5772116                    /usr/lib/x86_64-linux-gnu/libgmodule-2.0.so.0.4800.0
7fdf71d97000-7fdf71f96000 ---p 00003000 08:01 5772116                    /usr/lib/x86_64-linux-gnu/libgmodule-2.0.so.0.4800.0
7fdf71f96000-7fdf71f97000 r--p 00002000 08:01 5772116                    /usr/lib/x86_64-linux-gnu/libgmodule-2.0.so.0.4800.0
7fdf71f97000-7fdf71f98000 rw-p 00003000 08:01 5772116                    /usr/lib/x86_64-linux-gnu/libgmodule-2.0.so.0.4800.0
7fdf71f98000-7fdf71f9d000 r-xp 00000000 08:01 5773744                    /usr/lib/x86_64-linux-gnu/libIlmThread-2_2.so.12.0.0
7fdf71f9d000-7fdf7219d000 ---p 00005000 08:01 5773744                    /usr/lib/x86_64-linux-gnu/libIlmThread-2_2.so.12.0.0
7fdf7219d000-7fdf7219e000 r--p 00005000 08:01 5773744                    /usr/lib/x86_64-linux-gnu/libIlmThread-2_2.so.12.0.0
7fdf7219e000-7fdf7219f000 rw-p 00006000 08:01 5773744                    /usr/lib/x86_64-linux-gnu/libIlmThread-2_2.so.12.0.0
7fdf7219f000-7fdf721ba000 r-xp 00000000 08:01 5773743                    /usr/lib/x86_64-linux-gnu/libIex-2_2.so.12.0.0
7fdf721ba000-7fdf723b9000 ---p 0001b000 08:01 5773743                    /usr/lib/x86_64-linux-gnu/libIex-2_2.so.12.0.0
7fdf723b9000-7fdf723bc000 r--p 0001a000 08:01 5773743                    /usr/lib/x86_64-linux-gnu/libIex-2_2.so.12.0.0
7fdf723bc000-7fdf723bd000 rw-p 0001d000 08:01 5773743                    /usr/lib/x86_64-linux-gnu/libIex-2_2.so.12.0.0
7fdf723bd000-7fdf723c8000 r-xp 00000000 08:01 5773868                    /usr/lib/x86_64-linux-gnu/libjbig.so.0
7fdf723c8000-7fdf725c7000 ---p 0000b000 08:01 5773868                    /usr/lib/x86_64-linux-gnu/libjbig.so.0
7fdf725c7000-7fdf725c8000 r--p 0000a000 08:01 5773868                    /usr/lib/x86_64-linux-gnu/libjbig.so.0
7fdf725c8000-7fdf725cb000 rw-p 0000b000 08:01 5773868                    /usr/lib/x86_64-linux-gnu/libjbig.so.0
7fdf725cb000-7fdf725ec000 r-xp 00000000 08:01 57934368                   /lib/x86_64-linux-gnu/liblzma.so.5.0.0
7fdf725ec000-7fdf727eb000 ---p 00021000 08:01 57934368                   /lib/x86_64-linux-gnu/liblzma.so.5.0.0
7fdf727eb000-7fdf727ec000 r--p 00020000 08:01 57934368                   /lib/x86_64-linux-gnu/liblzma.so.5.0.0
7fdf727ec000-7fdf727ed000 rw-p 00021000 08:01 57934368                   /lib/x86_64-linux-gnu/liblzma.so.5.0.0
7fdf727ed000-7fdf727fb000 r-xp 00000000 08:01 5772902                    /usr/lib/x86_64-linux-gnu/libdrm.so.2.4.0
7fdf727fb000-7fdf729fa000 ---p 0000e000 08:01 5772902                    /usr/lib/x86_64-linux-gnu/libdrm.so.2.4.0
7fdf729fa000-7fdf729fb000 r--p 0000d000 08:01 5772902                    /usr/lib/x86_64-linux-gnu/libdrm.so.2.4.0
7fdf729fb000-7fdf729fc000 rw-p 0000e000 08:01 5772902                    /usr/lib/x86_64-linux-gnu/libdrm.so.2.4.0
7fdf729fc000-7fdf72a01000 r-xp 00000000 08:01 5773515                    /usr/lib/x86_64-linux-gnu/libXxf86vm.so.1.0.0
7fdf72a01000-7fdf72c00000 ---p 00005000 08:01 5773515                    /usr/lib/x86_64-linux-gnu/libXxf86vm.so.1.0.0
7fdf72c00000-7fdf72c01000 r--p 00004000 08:01 5773515                    /usr/lib/x86_64-linux-gnu/libXxf86vm.so.1.0.0
7fdf72c01000-7fdf72c02000 rw-p 00005000 08:01 5773515                    /usr/lib/x86_64-linux-gnu/libXxf86vm.so.1.0.0
7fdf72c02000-7fdf72c23000 r-xp 00000000 08:01 5772752                    /usr/lib/x86_64-linux-gnu/libxcb.so.1.1.0
7fdf72c23000-7fdf72e22000 ---p 00021000 08:01 5772752                    /usr/lib/x86_64-linux-gnu/libxcb.so.1.1.0
7fdf72e22000-7fdf72e23000 r--p 00020000 08:01 5772752                    /usr/lib/x86_64-linux-gnu/libxcb.so.1.1.0
7fdf72e23000-7fdf72e24000 rw-p 00021000 08:01 5772752                    /usr/lib/x86_64-linux-gnu/libxcb.so.1.1.0
7fdf72e24000-7fdf72e28000 r-xp 00000000 08:01 5773694                    /usr/lib/x86_64-linux-gnu/libxcb-dri2.so.0.0.0
7fdf72e28000-7fdf73027000 ---p 00004000 08:01 5773694                    /usr/lib/x86_64-linux-gnu/libxcb-dri2.so.0.0.0
7fdf73027000-7fdf73028000 r--p 00003000 08:01 5773694                    /usr/lib/x86_64-linux-gnu/libxcb-dri2.so.0.0.0
7fdf73028000-7fdf73029000 rw-p 00004000 08:01 5773694                    /usr/lib/x86_64-linux-gnu/libxcb-dri2.so.0.0.0
7fdf73029000-7fdf73040000 r-xp 00000000 08:01 5773698                    /usr/lib/x86_64-linux-gnu/libxcb-glx.so.0.0.0
7fdf73040000-7fdf7323f000 ---p 00017000 08:01 5773698                    /usr/lib/x86_64-linux-gnu/libxcb-glx.so.0.0.0
7fdf7323f000-7fdf73241000 r--p 00016000 08:01 5773698                    /usr/lib/x86_64-linux-gnu/libxcb-glx.so.0.0.0
7fdf73241000-7fdf73242000 rw-p 00018000 08:01 5773698                    /usr/lib/x86_64-linux-gnu/libxcb-glx.so.0.0.0
7fdf73242000-7fdf73377000 r-xp 00000000 08:01 5772755                    /usr/lib/x86_64-linux-gnu/libX11.so.6.3.0
7fdf73377000-7fdf73577000 ---p 00135000 08:01 5772755                    /usr/lib/x86_64-linux-gnu/libX11.so.6.3.0
7fdf73577000-7fdf73578000 r--p 00135000 08:01 5772755                    /usr/lib/x86_64-linux-gnu/libX11.so.6.3.0
7fdf73578000-7fdf7357c000 rw-p 00136000 08:01 5772755                    /usr/lib/x86_64-linux-gnu/libX11.so.6.3.0
7fdf7357c000-7fdf7357d000 r-xp 00000000 08:01 5773692                    /usr/lib/x86_64-linux-gnu/libX11-xcb.so.1.0.0
7fdf7357d000-7fdf7377c000 ---p 00001000 08:01 5773692                    /usr/lib/x86_64-linux-gnu/libX11-xcb.so.1.0.0
7fdf7377c000-7fdf7377d000 r--p 00000000 08:01 5773692                    /usr/lib/x86_64-linux-gnu/libX11-xcb.so.1.0.0
7fdf7377d000-7fdf7377e000 rw-p 00001000 08:01 5773692                    /usr/lib/x86_64-linux-gnu/libX11-xcb.so.1.0.0
7fdf7377e000-7fdf73783000 r-xp 00000000 08:01 5773511                    /usr/lib/x86_64-linux-gnu/libXfixes.so.3.1.0
7fdf73783000-7fdf73982000 ---p 00005000 08:01 5773511                    /usr/lib/x86_64-linux-gnu/libXfixes.so.3.1.0
7fdf73982000-7fdf73983000 r--p 00004000 08:01 5773511                    /usr/lib/x86_64-linux-gnu/libXfixes.so.3.1.0
7fdf73983000-7fdf73984000 rw-p 00005000 08:01 5773511                    /usr/lib/x86_64-linux-gnu/libXfixes.so.3.1.0
7fdf73984000-7fdf73986000 r-xp 00000000 08:01 5773509                    /usr/lib/x86_64-linux-gnu/libXdamage.so.1.1.0
7fdf73986000-7fdf73b85000 ---p 00002000 08:01 5773509                    /usr/lib/x86_64-linux-gnu/libXdamage.so.1.1.0
7fdf73b85000-7fdf73b86000 r--p 00001000 08:01 5773509                    /usr/lib/x86_64-linux-gnu/libXdamage.so.1.1.0
7fdf73b86000-7fdf73b87000 rw-p 00002000 08:01 5773509                    /usr/lib/x86_64-linux-gnu/libXdamage.so.1.1.0
7fdf73b87000-7fdf73b98000 r-xp 00000000 08:01 5772757                    /usr/lib/x86_64-linux-gnu/libXext.so.6.4.0
7fdf73b98000-7fdf73d97000 ---p 00011000 08:01 5772757                    /usr/lib/x86_64-linux-gnu/libXext.so.6.4.0
7fdf73d97000-7fdf73d98000 r--p 00010000 08:01 5772757                    /usr/lib/x86_64-linux-gnu/libXext.so.6.4.0
7fdf73d98000-7fdf73d99000 rw-p 00011000 08:01 5772757                    /usr/lib/x86_64-linux-gnu/libXext.so.6.4.0
7fdf73d99000-7fdf73dc2000 r-xp 00000000 08:01 5773690                    /usr/lib/x86_64-linux-gnu/libglapi.so.0.0.0
7fdf73dc2000-7fdf73fc1000 ---p 00029000 08:01 5773690                    /usr/lib/x86_64-linux-gnu/libglapi.so.0.0.0
7fdf73fc1000-7fdf73fc5000 r--p 00028000 08:01 5773690                    /usr/lib/x86_64-linux-gnu/libglapi.so.0.0.0
7fdf73fc5000-7fdf73fc6000 rw-p 0002c000 08:01 5773690                    /usr/lib/x86_64-linux-gnu/libglapi.so.0.0.0
7fdf73fc6000-7fdf73fc7000 rw-p 00000000 00:00 0 
7fdf73fc7000-7fdf73fc8000 r-xp 00000000 08:01 5773513                    /usr/lib/x86_64-linux-gnu/libxshmfence.so.1.0.0
7fdf73fc8000-7fdf741c8000 ---p 00001000 08:01 5773513                    /usr/lib/x86_64-linux-gnu/libxshmfence.so.1.0.0
7fdf741c8000-7fdf741c9000 r--p 00001000 08:01 5773513                    /usr/lib/x86_64-linux-gnu/libxshmfence.so.1.0.0
7fdf741c9000-7fdf741ca000 rw-p 00002000 08:01 5773513                    /usr/lib/x86_64-linux-gnu/libxshmfence.so.1.0.0
7fdf741ca000-7fdf741cf000 r-xp 00000000 08:01 5773702                    /usr/lib/x86_64-linux-gnu/libxcb-sync.so.1.0.0
7fdf741cf000-7fdf743cf000 ---p 00005000 08:01 5773702                    /usr/lib/x86_64-linux-gnu/libxcb-sync.so.1.0.0
7fdf743cf000-7fdf743d0000 r--p 00005000 08:01 5773702                    /usr/lib/x86_64-linux-gnu/libxcb-sync.so.1.0.0
7fdf743d0000-7fdf743d1000 rw-p 00006000 08:01 5773702                    /usr/lib/x86_64-linux-gnu/libxcb-sync.so.1.0.0
7fdf743d1000-7fdf743d3000 r-xp 00000000 08:01 5773700                    /usr/lib/x86_64-linux-gnu/libxcb-present.so.0.0.0
7fdf743d3000-7fdf745d2000 ---p 00002000 08:01 5773700                    /usr/lib/x86_64-linux-gnu/libxcb-present.so.0.0.0
7fdf745d2000-7fdf745d3000 r--p 00001000 08:01 5773700                    /usr/lib/x86_64-linux-gnu/libxcb-present.so.0.0.0
7fdf745d3000-7fdf745d4000 rw-p 00002000 08:01 5773700                    /usr/lib/x86_64-linux-gnu/libxcb-present.so.0.0.0
7fdf745d4000-7fdf745d6000 r-xp 00000000 08:01 5773696                    /usr/lib/x86_64-linux-gnu/libxcb-dri3.so.0.0.0
7fdf745d6000-7fdf747d5000 ---p 00002000 08:01 5773696                    /usr/lib/x86_64-linux-gnu/libxcb-dri3.so.0.0.0
7fdf747d5000-7fdf747d6000 r--p 00001000 08:01 5773696                    /usr/lib/x86_64-linux-gnu/libxcb-dri3.so.0.0.0
7fdf747d6000-7fdf747d7000 rw-p 00002000 08:01 5773696                    /usr/lib/x86_64-linux-gnu/libxcb-dri3.so.0.0.0
7fdf747d7000-7fdf747fd000 r-xp 00000000 08:01 57938095                   /lib/x86_64-linux-gnu/libexpat.so.1.6.0
7fdf747fd000-7fdf749fd000 ---p 00026000 08:01 57938095                   /lib/x86_64-linux-gnu/libexpat.so.1.6.0
7fdf749fd000-7fdf749ff000 r--p 00026000 08:01 57938095                   /lib/x86_64-linux-gnu/libexpat.so.1.6.0
7fdf749ff000-7fdf74a00000 rw-p 00028000 08:01 57938095                   /lib/x86_64-linux-gnu/libexpat.so.1.6.0
7fdf74a00000-7fdf74a03000 r-xp 00000000 08:01 57934342                   /lib/x86_64-linux-gnu/libdl-2.23.so
7fdf74a03000-7fdf74c02000 ---p 00003000 08:01 57934342                   /lib/x86_64-linux-gnu/libdl-2.23.so
7fdf74c02000-7fdf74c03000 r--p 00002000 08:01 57934342                   /lib/x86_64-linux-gnu/libdl-2.23.so
7fdf74c03000-7fdf74c04000 rw-p 00003000 08:01 57934342                   /lib/x86_64-linux-gnu/libdl-2.23.so
7fdf74c04000-7fdf74c0b000 r-xp 00000000 08:01 57934421                   /lib/x86_64-linux-gnu/librt-2.23.so
7fdf74c0b000-7fdf74e0a000 ---p 00007000 08:01 57934421                   /lib/x86_64-linux-gnu/librt-2.23.so
7fdf74e0a000-7fdf74e0b000 r--p 00006000 08:01 57934421                   /lib/x86_64-linux-gnu/librt-2.23.so
7fdf74e0b000-7fdf74e0c000 rw-p 00007000 08:01 57934421                   /lib/x86_64-linux-gnu/librt-2.23.so
7fdf74e0c000-7fdf74e25000 r-xp 00000000 08:01 57934451                   /lib/x86_64-linux-gnu/libz.so.1.2.8
7fdf74e25000-7fdf75024000 ---p 00019000 08:01 57934451                   /lib/x86_64-linux-gnu/libz.so.1.2.8
7fdf75024000-7fdf75025000 r--p 00018000 08:01 57934451                   /lib/x86_64-linux-gnu/libz.so.1.2.8
7fdf75025000-7fdf75026000 rw-p 00019000 08:01 57934451                   /lib/x86_64-linux-gnu/libz.so.1.2.8
7fdf75026000-7fdf7505d000 r-xp 00000000 08:01 5773706                    /usr/lib/x86_64-linux-gnu/libtbb.so.2
7fdf7505d000-7fdf7525d000 ---p 00037000 08:01 5773706                    /usr/lib/x86_64-linux-gnu/libtbb.so.2
7fdf7525d000-7fdf7525e000 r--p 00037000 08:01 5773706                    /usr/lib/x86_64-linux-gnu/libtbb.so.2
7fdf7525e000-7fdf75260000 rw-p 00038000 08:01 5773706                    /usr/lib/x86_64-linux-gnu/libtbb.so.2
7fdf75260000-7fdf75263000 rw-p 00000000 00:00 0 
7fdf75263000-7fdf752e8000 r-xp 00000000 08:01 5774492                    /usr/lib/x86_64-linux-gnu/libswscale-ffmpeg.so.3.1.101
7fdf752e8000-7fdf754e7000 ---p 00085000 08:01 5774492                    /usr/lib/x86_64-linux-gnu/libswscale-ffmpeg.so.3.1.101
7fdf754e7000-7fdf754e9000 r--p 00084000 08:01 5774492                    /usr/lib/x86_64-linux-gnu/libswscale-ffmpeg.so.3.1.101
7fdf754e9000-7fdf754ea000 rw-p 00086000 08:01 5774492                    /usr/lib/x86_64-linux-gnu/libswscale-ffmpeg.so.3.1.101
7fdf754ea000-7fdf754f2000 rw-p 00000000 00:00 0 
7fdf754f2000-7fdf75547000 r-xp 00000000 08:01 5774323                    /usr/lib/x86_64-linux-gnu/libavutil-ffmpeg.so.54.31.100
7fdf75547000-7fdf75747000 ---p 00055000 08:01 5774323                    /usr/lib/x86_64-linux-gnu/libavutil-ffmpeg.so.54.31.100
7fdf75747000-7fdf7574d000 r--p 00055000 08:01 5774323                    /usr/lib/x86_64-linux-gnu/libavutil-ffmpeg.so.54.31.100
7fdf7574d000-7fdf7574e000 rw-p 0005b000 08:01 5774323                    /usr/lib/x86_64-linux-gnu/libavutil-ffmpeg.so.54.31.100
7fdf7574e000-7fdf75761000 rw-p 00000000 00:00 0 
7fdf75761000-7fdf75935000 r-xp 00000000 08:01 5774396                    /usr/lib/x86_64-linux-gnu/libavformat-ffmpeg.so.56.40.101
7fdf75935000-7fdf75b35000 ---p 001d4000 08:01 5774396                    /usr/lib/x86_64-linux-gnu/libavformat-ffmpeg.so.56.40.101
7fdf75b35000-7fdf75b49000 r--p 001d4000 08:01 5774396                    /usr/lib/x86_64-linux-gnu/libavformat-ffmpeg.so.56.40.101
7fdf75b49000-7fdf75b5e000 rw-p 001e8000 08:01 5774396                    /usr/lib/x86_64-linux-gnu/libavformat-ffmpeg.so.56.40.101
7fdf75b5e000-7fdf76688000 r-xp 00000000 08:01 5774372                    /usr/lib/x86_64-linux-gnu/libavcodec-ffmpeg.so.56.60.100
7fdf76688000-7fdf76887000 ---p 00b2a000 08:01 5774372                    /usr/lib/x86_64-linux-gnu/libavcodec-ffmpeg.so.56.60.100
7fdf76887000-7fdf768b2000 r--p 00b29000 08:01 5774372                    /usr/lib/x86_64-linux-gnu/libavcodec-ffmpeg.so.56.60.100
7fdf768b2000-7fdf768d5000 rw-p 00b54000 08:01 5774372                    /usr/lib/x86_64-linux-gnu/libavcodec-ffmpeg.so.56.60.100
7fdf768d5000-7fdf76f88000 rw-p 00000000 00:00 0 
7fdf76f88000-7fdf76f8d000 r-xp 00000000 08:01 5774497                    /usr/lib/x86_64-linux-gnu/libv4l1.so.0.0.0
7fdf76f8d000-7fdf7718c000 ---p 00005000 08:01 5774497                    /usr/lib/x86_64-linux-gnu/libv4l1.so.0.0.0
7fdf7718c000-7fdf7718d000 r--p 00004000 08:01 5774497                    /usr/lib/x86_64-linux-gnu/libv4l1.so.0.0.0
7fdf7718d000-7fdf7718e000 rw-p 00005000 08:01 5774497                    /usr/lib/x86_64-linux-gnu/libv4l1.so.0.0.0
7fdf7718e000-7fdf771c3000 r-xp 00000000 08:01 5774478                    /usr/lib/x86_64-linux-gnu/libdc1394.so.22.1.11
7fdf771c3000-7fdf773c2000 ---p 00035000 08:01 5774478                    /usr/lib/x86_64-linux-gnu/libdc1394.so.22.1.11
7fdf773c2000-7fdf773c3000 r--p 00034000 08:01 5774478                    /usr/lib/x86_64-linux-gnu/libdc1394.so.22.1.11
7fdf773c3000-7fdf773c4000 rw-p 00035000 08:01 5774478                    /usr/lib/x86_64-linux-gnu/libdc1394.so.22.1.11
7fdf773c4000-7fdf77404000 rw-p 00000000 00:00 0 
7fdf77404000-7fdf77461000 r-xp 00000000 08:01 5774486                    /usr/lib/x86_64-linux-gnu/libgdkglext-x11-1.0.so.0.0.0
7fdf77461000-7fdf77660000 ---p 0005d000 08:01 5774486                    /usr/lib/x86_64-linux-gnu/libgdkglext-x11-1.0.so.0.0.0
7fdf77660000-7fdf77662000 r--p 0005c000 08:01 5774486                    /usr/lib/x86_64-linux-gnu/libgdkglext-x11-1.0.so.0.0.0
7fdf77662000-7fdf77668000 rw-p 0005e000 08:01 5774486                    /usr/lib/x86_64-linux-gnu/libgdkglext-x11-1.0.so.0.0.0
7fdf77668000-7fdf7766b000 r-xp 00000000 08:01 5774487                    /usr/lib/x86_64-linux-gnu/libgtkglext-x11-1.0.so.0.0.0
7fdf7766b000-7fdf7786a000 ---p 00003000 08:01 5774487                    /usr/lib/x86_64-linux-gnu/libgtkglext-x11-1.0.so.0.0.0
7fdf7786a000-7fdf7786b000 r--p 00002000 08:01 5774487                    /usr/lib/x86_64-linux-gnu/libgtkglext-x11-1.0.so.0.0.0
7fdf7786b000-7fdf7786c000 rw-p 00003000 08:01 5774487                    /usr/lib/x86_64-linux-gnu/libgtkglext-x11-1.0.so.0.0.0
7fdf7786c000-7fdf7797a000 r-xp 00000000 08:01 57937867                   /lib/x86_64-linux-gnu/libglib-2.0.so.0.4800.0
7fdf7797a000-7fdf77b7a000 ---p 0010e000 08:01 57937867                   /lib/x86_64-linux-gnu/libglib-2.0.so.0.4800.0
7fdf77b7a000-7fdf77b7b000 r--p 0010e000 08:01 57937867                   /lib/x86_64-linux-gnu/libglib-2.0.so.0.4800.0
7fdf77b7b000-7fdf77b7c000 rw-p 0010f000 08:01 57937867                   /lib/x86_64-linux-gnu/libglib-2.0.so.0.4800.0
7fdf77b7c000-7fdf77b7d000 rw-p 00000000 00:00 0 
7fdf77b7d000-7fdf77bcf000 r-xp 00000000 08:01 5772113                    /usr/lib/x86_64-linux-gnu/libgobject-2.0.so.0.4800.0
7fdf77bcf000-7fdf77dce000 ---p 00052000 08:01 5772113                    /usr/lib/x86_64-linux-gnu/libgobject-2.0.so.0.4800.0
7fdf77dce000-7fdf77dcf000 r--p 00051000 08:01 5772113                    /usr/lib/x86_64-linux-gnu/libgobject-2.0.so.0.4800.0
7fdf77dcf000-7fdf77dd0000 rw-p 00052000 08:01 5772113                    /usr/lib/x86_64-linux-gnu/libgobject-2.0.so.0.4800.0
7fdf77dd0000-7fdf77e80000 r-xp 00000000 08:01 5774259                    /usr/lib/x86_64-linux-gnu/libgdk-x11-2.0.so.0.2400.30
7fdf77e80000-7fdf7807f000 ---p 000b0000 08:01 5774259                    /usr/lib/x86_64-linux-gnu/libgdk-x11-2.0.so.0.2400.30
7fdf7807f000-7fdf78083000 r--p 000af000 08:01 5774259                    /usr/lib/x86_64-linux-gnu/libgdk-x11-2.0.so.0.2400.30
7fdf78083000-7fdf78085000 rw-p 000b3000 08:01 5774259                    /usr/lib/x86_64-linux-gnu/libgdk-x11-2.0.so.0.2400.30
7fdf78085000-7fdf784c3000 r-xp 00000000 08:01 5774260                    /usr/lib/x86_64-linux-gnu/libgtk-x11-2.0.so.0.2400.30
7fdf784c3000-7fdf786c2000 ---p 0043e000 08:01 5774260                    /usr/lib/x86_64-linux-gnu/libgtk-x11-2.0.so.0.2400.30
7fdf786c2000-7fdf786c9000 r--p 0043d000 08:01 5774260                    /usr/lib/x86_64-linux-gnu/libgtk-x11-2.0.so.0.2400.30
7fdf786c9000-7fdf786cd000 rw-p 00444000 08:01 5774260                    /usr/lib/x86_64-linux-gnu/libgtk-x11-2.0.so.0.2400.30
7fdf786cd000-7fdf786d0000 rw-p 00000000 00:00 0 
7fdf786d0000-7fdf78712000 r-xp 00000000 08:01 5773742                    /usr/lib/x86_64-linux-gnu/libHalf.so.12.0.0
7fdf78712000-7fdf78911000 ---p 00042000 08:01 5773742                    /usr/lib/x86_64-linux-gnu/libHalf.so.12.0.0
7fdf78911000-7fdf78912000 r--p 00041000 08:01 5773742                    /usr/lib/x86_64-linux-gnu/libHalf.so.12.0.0
7fdf78912000-7fdf78913000 rw-p 00042000 08:01 5773742                    /usr/lib/x86_64-linux-gnu/libHalf.so.12.0.0
7fdf78913000-7fdf78add000 r-xp 00000000 08:01 5773755                    /usr/lib/x86_64-linux-gnu/libIlmImf-2_2.so.22.0.0
7fdf78add000-7fdf78cdc000 ---p 001ca000 08:01 5773755                    /usr/lib/x86_64-linux-gnu/libIlmImf-2_2.so.22.0.0
7fdf78cdc000-7fdf78cdf000 r--p 001c9000 08:01 5773755                    /usr/lib/x86_64-linux-gnu/libIlmImf-2_2.so.22.0.0
7fdf78cdf000-7fdf78de0000 rw-p 001cc000 08:01 5773755                    /usr/lib/x86_64-linux-gnu/libIlmImf-2_2.so.22.0.0
7fdf78de0000-7fdf78de1000 rw-p 00000000 00:00 0 
7fdf78de1000-7fdf78e2d000 r-xp 00000000 08:01 5774490                    /usr/lib/x86_64-linux-gnu/libjasper.so.1.0.0
7fdf78e2d000-7fdf7902c000 ---p 0004c000 08:01 5774490                    /usr/lib/x86_64-linux-gnu/libjasper.so.1.0.0
7fdf7902c000-7fdf7902d000 r--p 0004b000 08:01 5774490                    /usr/lib/x86_64-linux-gnu/libjasper.so.1.0.0
7fdf7902d000-7fdf79031000 rw-p 0004c000 08:01 5774490                    /usr/lib/x86_64-linux-gnu/libjasper.so.1.0.0
7fdf79031000-7fdf79038000 rw-p 00000000 00:00 0 
7fdf79038000-7fdf790a7000 r-xp 00000000 08:01 5774225                    /usr/lib/x86_64-linux-gnu/libtiff.so.5.2.4
7fdf790a7000-7fdf792a7000 ---p 0006f000 08:01 5774225                    /usr/lib/x86_64-linux-gnu/libtiff.so.5.2.4
7fdf792a7000-7fdf792a8000 r--p 0006f000 08:01 5774225                    /usr/lib/x86_64-linux-gnu/libtiff.so.5.2.4
7fdf792a8000-7fdf792ab000 rw-p 00070000 08:01 5774225                    /usr/lib/x86_64-linux-gnu/libtiff.so.5.2.4
7fdf792ab000-7fdf792cf000 r-xp 00000000 08:01 57934410                   /lib/x86_64-linux-gnu/libpng12.so.0.54.0
7fdf792cf000-7fdf794ce000 ---p 00024000 08:01 57934410                   /lib/x86_64-linux-gnu/libpng12.so.0.54.0
7fdf794ce000-7fdf794cf000 r--p 00023000 08:01 57934410                   /lib/x86_64-linux-gnu/libpng12.so.0.54.0
7fdf794cf000-7fdf794d0000 rw-p 00024000 08:01 57934410                   /lib/x86_64-linux-gnu/libpng12.so.0.54.0
7fdf794d0000-7fdf79527000 r-xp 00000000 08:01 5773736                    /usr/lib/x86_64-linux-gnu/libjpeg.so.8.0.2
7fdf79527000-7fdf79727000 ---p 00057000 08:01 5773736                    /usr/lib/x86_64-linux-gnu/libjpeg.so.8.0.2
7fdf79727000-7fdf79728000 r--p 00057000 08:01 5773736                    /usr/lib/x86_64-linux-gnu/libjpeg.so.8.0.2
7fdf79728000-7fdf79729000 rw-p 00058000 08:01 5773736                    /usr/lib/x86_64-linux-gnu/libjpeg.so.8.0.2
7fdf79729000-7fdf79796000 r-xp 00000000 08:01 7604527                    /usr/lib/x86_64-linux-gnu/mesa/libGL.so.1.2.0
7fdf79796000-7fdf79995000 ---p 0006d000 08:01 7604527                    /usr/lib/x86_64-linux-gnu/mesa/libGL.so.1.2.0
7fdf79995000-7fdf79998000 r--p 0006c000 08:01 7604527                    /usr/lib/x86_64-linux-gnu/mesa/libGL.so.1.2.0
7fdf79998000-7fdf79999000 rw-p 0006f000 08:01 7604527                    /usr/lib/x86_64-linux-gnu/mesa/libGL.so.1.2.0
7fdf79999000-7fdf7999a000 rw-p 00000000 00:00 0 
7fdf7999a000-7fdf799bb000 r-xp 00000000 08:01 5773936                    /usr/lib/x86_64-linux-gnu/libgomp.so.1.0.0
7fdf799bb000-7fdf79bba000 ---p 00021000 08:01 5773936                    /usr/lib/x86_64-linux-gnu/libgomp.so.1.0.0
7fdf79bba000-7fdf79bbb000 r--p 00020000 08:01 5773936                    /usr/lib/x86_64-linux-gnu/libgomp.so.1.0.0
7fdf79bbb000-7fdf79bbc000 rw-p 00021000 08:01 5773936                    /usr/lib/x86_64-linux-gnu/libgomp.so.1.0.0
7fdf79bbc000-7fdf79cc4000 r-xp 00000000 08:01 57934369                   /lib/x86_64-linux-gnu/libm-2.23.so
7fdf79cc4000-7fdf79ec3000 ---p 00108000 08:01 57934369                   /lib/x86_64-linux-gnu/libm-2.23.so
7fdf79ec3000-7fdf79ec4000 r--p 00107000 08:01 57934369                   /lib/x86_64-linux-gnu/libm-2.23.so
7fdf79ec4000-7fdf79ec5000 rw-p 00108000 08:01 57934369                   /lib/x86_64-linux-gnu/libm-2.23.so
7fdf79ec5000-7fdf7a0e2000 r-xp 00000000 08:01 5773707                    /usr/lib/x86_64-linux-gnu/libopencv_core.so.2.4.9
7fdf7a0e2000-7fdf7a2e2000 ---p 0021d000 08:01 5773707                    /usr/lib/x86_64-linux-gnu/libopencv_core.so.2.4.9
7fdf7a2e2000-7fdf7a2e6000 r--p 0021d000 08:01 5773707                    /usr/lib/x86_64-linux-gnu/libopencv_core.so.2.4.9
7fdf7a2e6000-7fdf7a2ed000 rw-p 00221000 08:01 5773707                    /usr/lib/x86_64-linux-gnu/libopencv_core.so.2.4.9
7fdf7a2ed000-7fdf7a2ef000 rw-p 00000000 00:00 0 
7fdf7a2ef000-7fdf7a4df000 r-xp 00000000 08:01 5774460                    /usr/lib/x86_64-linux-gnu/libopencv_imgproc.so.2.4.9
7fdf7a4df000-7fdf7a6de000 ---p 001f0000 08:01 5774460                    /usr/lib/x86_64-linux-gnu/libopencv_imgproc.so.2.4.9
7fdf7a6de000-7fdf7a6e4000 r--p 001ef000 08:01 5774460                    /usr/lib/x86_64-linux-gnu/libopencv_imgproc.so.2.4.9
7fdf7a6e4000-7fdf7a6e5000 rw-p 001f5000 08:01 5774460                    /usr/lib/x86_64-linux-gnu/libopencv_imgproc.so.2.4.9
7fdf7a6e5000-7fdf7a77a000 rw-p 00000000 00:00 0 
7fdf7a77a000-7fdf7a7c0000 r-xp 00000000 08:01 5774500                    /usr/lib/x86_64-linux-gnu/libopencv_highgui.so.2.4.9
7fdf7a7c0000-7fdf7a9bf000 ---p 00046000 08:01 5774500                    /usr/lib/x86_64-linux-gnu/libopencv_highgui.so.2.4.9
7fdf7a9bf000-7fdf7a9c2000 r--p 00045000 08:01 5774500                    /usr/lib/x86_64-linux-gnu/libopencv_highgui.so.2.4.9
7fdf7a9c2000-7fdf7a9c3000 rw-p 00048000 08:01 5774500                    /usr/lib/x86_64-linux-gnu/libopencv_highgui.so.2.4.9
7fdf7a9c3000-7fdf7ab83000 r-xp 00000000 08:01 57934328                   /lib/x86_64-linux-gnu/libc-2.23.so
7fdf7ab83000-7fdf7ad82000 ---p 001c0000 08:01 57934328                   /lib/x86_64-linux-gnu/libc-2.23.so
7fdf7ad82000-7fdf7ad86000 r--p 001bf000 08:01 57934328                   /lib/x86_64-linux-gnu/libc-2.23.so
7fdf7ad86000-7fdf7ad88000 rw-p 001c3000 08:01 57934328                   /lib/x86_64-linux-gnu/libc-2.23.so
7fdf7ad88000-7fdf7ad8c000 rw-p 00000000 00:00 0 
7fdf7ad8c000-7fdf7ada4000 r-xp 00000000 08:01 57934415                   /lib/x86_64-linux-gnu/libpthread-2.23.so
7fdf7ada4000-7fdf7afa3000 ---p 00018000 08:01 57934415                   /lib/x86_64-linux-gnu/libpthread-2.23.so
7fdf7afa3000-7fdf7afa4000 r--p 00017000 08:01 57934415                   /lib/x86_64-linux-gnu/libpthread-2.23.so
7fdf7afa4000-7fdf7afa5000 rw-p 00018000 08:01 57934415                   /lib/x86_64-linux-gnu/libpthread-2.23.so
7fdf7afa5000-7fdf7afa9000 rw-p 00000000 00:00 0 
7fdf7afa9000-7fdf7afbf000 r-xp 00000000 08:01 57934354                   /lib/x86_64-linux-gnu/libgcc_s.so.1
7fdf7afbf000-7fdf7b1be000 ---p 00016000 08:01 57934354                   /lib/x86_64-linux-gnu/libgcc_s.so.1
7fdf7b1be000-7fdf7b1bf000 rw-p 00015000 08:01 57934354                   /lib/x86_64-linux-gnu/libgcc_s.so.1
7fdf7b1bf000-7fdf7b331000 r-xp 00000000 08:01 5771302                    /usr/lib/x86_64-linux-gnu/libstdc++.so.6.0.21
7fdf7b331000-7fdf7b531000 ---p 00172000 08:01 5771302                    /usr/lib/x86_64-linux-gnu/libstdc++.so.6.0.21
7fdf7b531000-7fdf7b53b000 r--p 00172000 08:01 5771302                    /usr/lib/x86_64-linux-gnu/libstdc++.so.6.0.21
7fdf7b53b000-7fdf7b53d000 rw-p 0017c000 08:01 5771302                    /usr/lib/x86_64-linux-gnu/libstdc++.so.6.0.21
7fdf7b53d000-7fdf7b541000 rw-p 00000000 00:00 0 
7fdf7b541000-7fdf7b589000 r-xp 00000000 00:2a 657865                     /home/sebastian/raytracing/build/DocOpt/libdocopt.so
7fdf7b589000-7fdf7b788000 ---p 00048000 00:2a 657865                     /home/sebastian/raytracing/build/DocOpt/libdocopt.so
7fdf7b788000-7fdf7b78a000 r--p 00047000 00:2a 657865                     /home/sebastian/raytracing/build/DocOpt/libdocopt.so
7fdf7b78a000-7fdf7b78b000 rw-p 00049000 00:2a 657865                     /home/sebastian/raytracing/build/DocOpt/libdocopt.so
7fdf7b78b000-7fdf7b8cb000 r-xp 00000000 00:2a 54001821                   /home/sebastian/raytracing/build/libmct.so
7fdf7b8cb000-7fdf7baca000 ---p 00140000 00:2a 54001821                   /home/sebastian/raytracing/build/libmct.so
7fdf7baca000-7fdf7bacd000 r--p 0013f000 00:2a 54001821                   /home/sebastian/raytracing/build/libmct.so
7fdf7bacd000-7fdf7bad0000 rw-p 00142000 00:2a 54001821                   /home/sebastian/raytracing/build/libmct.so
7fdf7bad0000-7fdf7bae0000 rw-p 00000000 00:00 0 
7fdf7bae0000-7fdf7bb06000 r-xp 00000000 08:01 57934304                   /lib/x86_64-linux-gnu/ld-2.23.so
7fdf7bc94000-7fdf7bcae000 rw-p 00000000 00:00 0 
7fdf7bcae000-7fdf7bccc000 r-xp 00000000 08:01 57934441                   /lib/x86_64-linux-gnu/libudev.so.1.6.4
7fdf7bccc000-7fdf7bccd000 r--p 0001d000 08:01 57934441                   /lib/x86_64-linux-gnu/libudev.so.1.6.4
7fdf7bccd000-7fdf7bcce000 rw-p 0001e000 08:01 57934441                   /lib/x86_64-linux-gnu/libudev.so.1.6.4
7fdf7bcce000-7fdf7bcf7000 rw-p 00000000 00:00 0 
7fdf7bd01000-7fdf7bd05000 rw-p 00000000 00:00 0 
7fdf7bd05000-7fdf7bd06000 r--p 00025000 08:01 57934304                   /lib/x86_64-linux-gnu/ld-2.23.so
7fdf7bd06000-7fdf7bd07000 rw-p 00026000 08:01 57934304                   /lib/x86_64-linux-gnu/ld-2.23.so
7fdf7bd07000-7fdf7bd08000 rw-p 00000000 00:00 0 
7ffd631d5000-7ffd63218000 rw-p 00000000 00:00 0                          [stack]
7ffd633bd000-7ffd633bf000 r--p 00000000 00:00 0                          [vvar]
7ffd633bf000-7ffd633c1000 r-xp 00000000 00:00 0                          [vdso]
ffffffffff600000-ffffffffff601000 r-xp 00000000 00:00 0                  [vsyscall]
