*** Error in `/home/sebastian/raytracing/build/mctPlenoscopePropagation': munmap_chunk(): invalid pointer: 0x0000000002939340 ***
======= Backtrace: =========
/lib/x86_64-linux-gnu/libc.so.6(+0x77725)[0x7fc67e39b725]
/lib/x86_64-linux-gnu/libc.so.6(cfree+0x1a8)[0x7fc67e3a7c18]
/home/sebastian/raytracing/build/libmct.so(_ZNSt6vectorIN12PhotonSensor11photon_infoESaIS1_EE19_M_emplace_back_auxIJRKS1_EEEvDpOT_+0xd6)[0x7fc67f1aba16]
/home/sebastian/raytracing/build/libmct.so(_ZN12PhotonSensor6Sensor28assign_photon_to_this_sensorEPK6Photon+0x1c9)[0x7fc67f1ab4f9]
/home/sebastian/raytracing/build/libmct.so(_ZN13PhotonSensors7Sensors13assign_photonEPK6Photon+0x5a)[0x7fc67f1acb3a]
/home/sebastian/raytracing/build/libmct.so(_ZN13PhotonSensors7Sensors14assign_photonsEPKSt6vectorI6PhotonSaIS2_EE+0x27)[0x7fc67f1acb87]
/home/sebastian/raytracing/build/mctPlenoscopePropagation(main+0x1939)[0x40ed99]
/lib/x86_64-linux-gnu/libc.so.6(__libc_start_main+0xf0)[0x7fc67e344830]
/home/sebastian/raytracing/build/mctPlenoscopePropagation(_start+0x29)[0x412369]
======= Memory map: ========
00400000-00432000 r-xp 00000000 00:2a 54001989                           /home/sebastian/raytracing/build/mctPlenoscopePropagation
00632000-00633000 r--p 00032000 00:2a 54001989                           /home/sebastian/raytracing/build/mctPlenoscopePropagation
00633000-00634000 rw-p 00033000 00:2a 54001989                           /home/sebastian/raytracing/build/mctPlenoscopePropagation
00634000-00635000 rw-p 00000000 00:00 0 
02568000-02f02000 rw-p 00000000 00:00 0                                  [heap]
7fc665a41000-7fc665a42000 ---p 00000000 00:00 0 
7fc665a42000-7fc666242000 rw-p 00000000 00:00 0 
7fc666242000-7fc667af8000 r-xp 00000000 08:01 5772156                    /usr/lib/x86_64-linux-gnu/libicudata.so.55.1
7fc667af8000-7fc667cf7000 ---p 018b6000 08:01 5772156                    /usr/lib/x86_64-linux-gnu/libicudata.so.55.1
7fc667cf7000-7fc667cf8000 r--p 018b5000 08:01 5772156                    /usr/lib/x86_64-linux-gnu/libicudata.so.55.1
7fc667cf8000-7fc667cf9000 rw-p 018b6000 08:01 5772156                    /usr/lib/x86_64-linux-gnu/libicudata.so.55.1
7fc667cf9000-7fc667cfc000 r-xp 00000000 08:01 57937886                   /lib/x86_64-linux-gnu/libkeyutils.so.1.5
7fc667cfc000-7fc667efb000 ---p 00003000 08:01 57937886                   /lib/x86_64-linux-gnu/libkeyutils.so.1.5
7fc667efb000-7fc667efc000 r--p 00002000 08:01 57937886                   /lib/x86_64-linux-gnu/libkeyutils.so.1.5
7fc667efc000-7fc667efd000 rw-p 00003000 08:01 57937886                   /lib/x86_64-linux-gnu/libkeyutils.so.1.5
7fc667efd000-7fc667f01000 r-xp 00000000 08:01 57934447                   /lib/x86_64-linux-gnu/libuuid.so.1.3.0
7fc667f01000-7fc668100000 ---p 00004000 08:01 57934447                   /lib/x86_64-linux-gnu/libuuid.so.1.3.0
7fc668100000-7fc668101000 r--p 00003000 08:01 57934447                   /lib/x86_64-linux-gnu/libuuid.so.1.3.0
7fc668101000-7fc668102000 rw-p 00004000 08:01 57934447                   /lib/x86_64-linux-gnu/libuuid.so.1.3.0
7fc668102000-7fc668281000 r-xp 00000000 08:01 5772152                    /usr/lib/x86_64-linux-gnu/libicuuc.so.55.1
7fc668281000-7fc668481000 ---p 0017f000 08:01 5772152                    /usr/lib/x86_64-linux-gnu/libicuuc.so.55.1
7fc668481000-7fc668491000 r--p 0017f000 08:01 5772152                    /usr/lib/x86_64-linux-gnu/libicuuc.so.55.1
7fc668491000-7fc668492000 rw-p 0018f000 08:01 5772152                    /usr/lib/x86_64-linux-gnu/libicuuc.so.55.1
7fc668492000-7fc668496000 rw-p 00000000 00:00 0 
7fc668496000-7fc6684a0000 r-xp 00000000 08:01 5772817                    /usr/lib/x86_64-linux-gnu/libkrb5support.so.0.1
7fc6684a0000-7fc66869f000 ---p 0000a000 08:01 5772817                    /usr/lib/x86_64-linux-gnu/libkrb5support.so.0.1
7fc66869f000-7fc6686a0000 r--p 00009000 08:01 5772817                    /usr/lib/x86_64-linux-gnu/libkrb5support.so.0.1
7fc6686a0000-7fc6686a1000 rw-p 0000a000 08:01 5772817                    /usr/lib/x86_64-linux-gnu/libkrb5support.so.0.1
7fc6686a1000-7fc6686a4000 r-xp 00000000 08:01 57934335                   /lib/x86_64-linux-gnu/libcom_err.so.2.1
7fc6686a4000-7fc6688a3000 ---p 00003000 08:01 57934335                   /lib/x86_64-linux-gnu/libcom_err.so.2.1
7fc6688a3000-7fc6688a4000 r--p 00002000 08:01 57934335                   /lib/x86_64-linux-gnu/libcom_err.so.2.1
7fc6688a4000-7fc6688a5000 rw-p 00003000 08:01 57934335                   /lib/x86_64-linux-gnu/libcom_err.so.2.1
7fc6688a5000-7fc6688d1000 r-xp 00000000 08:01 5772819                    /usr/lib/x86_64-linux-gnu/libk5crypto.so.3.1
7fc6688d1000-7fc668ad0000 ---p 0002c000 08:01 5772819                    /usr/lib/x86_64-linux-gnu/libk5crypto.so.3.1
7fc668ad0000-7fc668ad2000 r--p 0002b000 08:01 5772819                    /usr/lib/x86_64-linux-gnu/libk5crypto.so.3.1
7fc668ad2000-7fc668ad3000 rw-p 0002d000 08:01 5772819                    /usr/lib/x86_64-linux-gnu/libk5crypto.so.3.1
7fc668ad3000-7fc668ad4000 rw-p 00000000 00:00 0 
7fc668ad4000-7fc668b97000 r-xp 00000000 08:01 5772821                    /usr/lib/x86_64-linux-gnu/libkrb5.so.3.3
7fc668b97000-7fc668d97000 ---p 000c3000 08:01 5772821                    /usr/lib/x86_64-linux-gnu/libkrb5.so.3.3
7fc668d97000-7fc668da4000 r--p 000c3000 08:01 5772821                    /usr/lib/x86_64-linux-gnu/libkrb5.so.3.3
7fc668da4000-7fc668da6000 rw-p 000d0000 08:01 5772821                    /usr/lib/x86_64-linux-gnu/libkrb5.so.3.3
7fc668da6000-7fc668db8000 r-xp 00000000 08:01 57934358                   /lib/x86_64-linux-gnu/libgpg-error.so.0.17.0
7fc668db8000-7fc668fb8000 ---p 00012000 08:01 57934358                   /lib/x86_64-linux-gnu/libgpg-error.so.0.17.0
7fc668fb8000-7fc668fb9000 r--p 00012000 08:01 57934358                   /lib/x86_64-linux-gnu/libgpg-error.so.0.17.0
7fc668fb9000-7fc668fba000 rw-p 00013000 08:01 57934358                   /lib/x86_64-linux-gnu/libgpg-error.so.0.17.0
7fc668fba000-7fc668fd0000 r-xp 00000000 08:01 5773734                    /usr/lib/x86_64-linux-gnu/libICE.so.6.3.0
7fc668fd0000-7fc6691cf000 ---p 00016000 08:01 5773734                    /usr/lib/x86_64-linux-gnu/libICE.so.6.3.0
7fc6691cf000-7fc6691d0000 r--p 00015000 08:01 5773734                    /usr/lib/x86_64-linux-gnu/libICE.so.6.3.0
7fc6691d0000-7fc6691d1000 rw-p 00016000 08:01 5773734                    /usr/lib/x86_64-linux-gnu/libICE.so.6.3.0
7fc6691d1000-7fc6691d4000 rw-p 00000000 00:00 0 
7fc6691d4000-7fc6691db000 r-xp 00000000 08:01 5773771                    /usr/lib/x86_64-linux-gnu/libSM.so.6.0.1
7fc6691db000-7fc6693da000 ---p 00007000 08:01 5773771                    /usr/lib/x86_64-linux-gnu/libSM.so.6.0.1
7fc6693da000-7fc6693db000 r--p 00006000 08:01 5773771                    /usr/lib/x86_64-linux-gnu/libSM.so.6.0.1
7fc6693db000-7fc6693dc000 rw-p 00007000 08:01 5773771                    /usr/lib/x86_64-linux-gnu/libSM.so.6.0.1
7fc6693dc000-7fc6693e2000 r-xp 00000000 08:01 5773873                    /usr/lib/x86_64-linux-gnu/libdatrie.so.1.3.3
7fc6693e2000-7fc6695e2000 ---p 00006000 08:01 5773873                    /usr/lib/x86_64-linux-gnu/libdatrie.so.1.3.3
7fc6695e2000-7fc6695e3000 r--p 00006000 08:01 5773873                    /usr/lib/x86_64-linux-gnu/libdatrie.so.1.3.3
7fc6695e3000-7fc6695e4000 rw-p 00007000 08:01 5773873                    /usr/lib/x86_64-linux-gnu/libdatrie.so.1.3.3
7fc6695e4000-7fc669607000 r-xp 00000000 08:01 5774239                    /usr/lib/x86_64-linux-gnu/libgraphite2.so.3.0.1
7fc669607000-7fc669806000 ---p 00023000 08:01 5774239                    /usr/lib/x86_64-linux-gnu/libgraphite2.so.3.0.1
7fc669806000-7fc669808000 r--p 00022000 08:01 5774239                    /usr/lib/x86_64-linux-gnu/libgraphite2.so.3.0.1
7fc669808000-7fc669809000 rw-p 00024000 08:01 5774239                    /usr/lib/x86_64-linux-gnu/libgraphite2.so.3.0.1
7fc669809000-7fc66981a000 r-xp 00000000 08:01 5769552                    /usr/lib/x86_64-linux-gnu/libtasn1.so.6.5.1
7fc66981a000-7fc669a1a000 ---p 00011000 08:01 5769552                    /usr/lib/x86_64-linux-gnu/libtasn1.so.6.5.1
7fc669a1a000-7fc669a1b000 r--p 00011000 08:01 5769552                    /usr/lib/x86_64-linux-gnu/libtasn1.so.6.5.1
7fc669a1b000-7fc669a1c000 rw-p 00012000 08:01 5769552                    /usr/lib/x86_64-linux-gnu/libtasn1.so.6.5.1
7fc669a1c000-7fc669a4d000 r-xp 00000000 08:01 5769524                    /usr/lib/x86_64-linux-gnu/libidn.so.11.6.15
7fc669a4d000-7fc669c4d000 ---p 00031000 08:01 5769524                    /usr/lib/x86_64-linux-gnu/libidn.so.11.6.15
7fc669c4d000-7fc669c4e000 r--p 00031000 08:01 5769524                    /usr/lib/x86_64-linux-gnu/libidn.so.11.6.15
7fc669c4e000-7fc669c4f000 rw-p 00032000 08:01 5769524                    /usr/lib/x86_64-linux-gnu/libidn.so.11.6.15
7fc669c4f000-7fc669ca9000 r-xp 00000000 08:01 5769538                    /usr/lib/x86_64-linux-gnu/libp11-kit.so.0.1.0
7fc669ca9000-7fc669ea8000 ---p 0005a000 08:01 5769538                    /usr/lib/x86_64-linux-gnu/libp11-kit.so.0.1.0
7fc669ea8000-7fc669eb2000 r--p 00059000 08:01 5769538                    /usr/lib/x86_64-linux-gnu/libp11-kit.so.0.1.0
7fc669eb2000-7fc669eb4000 rw-p 00063000 08:01 5769538                    /usr/lib/x86_64-linux-gnu/libp11-kit.so.0.1.0
7fc669eb4000-7fc66a064000 r-xp 00000000 08:01 5772165                    /usr/lib/x86_64-linux-gnu/libxml2.so.2.9.3
7fc66a064000-7fc66a263000 ---p 001b0000 08:01 5772165                    /usr/lib/x86_64-linux-gnu/libxml2.so.2.9.3
7fc66a263000-7fc66a26b000 r--p 001af000 08:01 5772165                    /usr/lib/x86_64-linux-gnu/libxml2.so.2.9.3
7fc66a26b000-7fc66a26d000 rw-p 001b7000 08:01 5772165                    /usr/lib/x86_64-linux-gnu/libxml2.so.2.9.3
7fc66a26d000-7fc66a26e000 rw-p 00000000 00:00 0 
7fc66a26e000-7fc66a2ed000 r-xp 00000000 08:01 5769516                    /usr/lib/x86_64-linux-gnu/libgmp.so.10.3.0
7fc66a2ed000-7fc66a4ec000 ---p 0007f000 08:01 5769516                    /usr/lib/x86_64-linux-gnu/libgmp.so.10.3.0
7fc66a4ec000-7fc66a4ed000 r--p 0007e000 08:01 5769516                    /usr/lib/x86_64-linux-gnu/libgmp.so.10.3.0
7fc66a4ed000-7fc66a4ee000 rw-p 0007f000 08:01 5769516                    /usr/lib/x86_64-linux-gnu/libgmp.so.10.3.0
7fc66a4ee000-7fc66a522000 r-xp 00000000 08:01 5769536                    /usr/lib/x86_64-linux-gnu/libnettle.so.6.2
7fc66a522000-7fc66a721000 ---p 00034000 08:01 5769536                    /usr/lib/x86_64-linux-gnu/libnettle.so.6.2
7fc66a721000-7fc66a723000 r--p 00033000 08:01 5769536                    /usr/lib/x86_64-linux-gnu/libnettle.so.6.2
7fc66a723000-7fc66a724000 rw-p 00035000 08:01 5769536                    /usr/lib/x86_64-linux-gnu/libnettle.so.6.2
7fc66a724000-7fc66a756000 r-xp 00000000 08:01 5769522                    /usr/lib/x86_64-linux-gnu/libhogweed.so.4.2
7fc66a756000-7fc66a955000 ---p 00032000 08:01 5769522                    /usr/lib/x86_64-linux-gnu/libhogweed.so.4.2
7fc66a955000-7fc66a956000 r--p 00031000 08:01 5769522                    /usr/lib/x86_64-linux-gnu/libhogweed.so.4.2
7fc66a956000-7fc66a957000 rw-p 00032000 08:01 5769522                    /usr/lib/x86_64-linux-gnu/libhogweed.so.4.2
7fc66a957000-7fc66a99e000 r-xp 00000000 08:01 5772823                    /usr/lib/x86_64-linux-gnu/libgssapi_krb5.so.2.2
7fc66a99e000-7fc66ab9d000 ---p 00047000 08:01 5772823                    /usr/lib/x86_64-linux-gnu/libgssapi_krb5.so.2.2
7fc66ab9d000-7fc66ab9f000 r--p 00046000 08:01 5772823                    /usr/lib/x86_64-linux-gnu/libgssapi_krb5.so.2.2
7fc66ab9f000-7fc66aba1000 rw-p 00048000 08:01 5772823                    /usr/lib/x86_64-linux-gnu/libgssapi_krb5.so.2.2
7fc66aba1000-7fc66ac79000 r-xp 00000000 08:01 57934356                   /lib/x86_64-linux-gnu/libgcrypt.so.20.0.5
7fc66ac79000-7fc66ae78000 ---p 000d8000 08:01 57934356                   /lib/x86_64-linux-gnu/libgcrypt.so.20.0.5
7fc66ae78000-7fc66ae79000 r--p 000d7000 08:01 57934356                   /lib/x86_64-linux-gnu/libgcrypt.so.20.0.5
7fc66ae79000-7fc66ae81000 rw-p 000d8000 08:01 57934356                   /lib/x86_64-linux-gnu/libgcrypt.so.20.0.5
7fc66ae81000-7fc66ae82000 rw-p 00000000 00:00 0 
7fc66ae82000-7fc66aefd000 r-xp 00000000 08:01 5773765                    /usr/lib/x86_64-linux-gnu/liborc-0.4.so.0.25.0
7fc66aefd000-7fc66b0fc000 ---p 0007b000 08:01 5773765                    /usr/lib/x86_64-linux-gnu/liborc-0.4.so.0.25.0
7fc66b0fc000-7fc66b0fe000 r--p 0007a000 08:01 5773765                    /usr/lib/x86_64-linux-gnu/liborc-0.4.so.0.25.0
7fc66b0fe000-7fc66b102000 rw-p 0007c000 08:01 5773765                    /usr/lib/x86_64-linux-gnu/liborc-0.4.so.0.25.0
7fc66b102000-7fc66b109000 r-xp 00000000 08:01 5773738                    /usr/lib/x86_64-linux-gnu/libogg.so.0.8.2
7fc66b109000-7fc66b309000 ---p 00007000 08:01 5773738                    /usr/lib/x86_64-linux-gnu/libogg.so.0.8.2
7fc66b309000-7fc66b30a000 r--p 00007000 08:01 5773738                    /usr/lib/x86_64-linux-gnu/libogg.so.0.8.2
7fc66b30a000-7fc66b30b000 rw-p 00008000 08:01 5773738                    /usr/lib/x86_64-linux-gnu/libogg.so.0.8.2
7fc66b30b000-7fc66b315000 r-xp 00000000 08:01 5772899                    /usr/lib/x86_64-linux-gnu/libnuma.so.1.0.0
7fc66b315000-7fc66b514000 ---p 0000a000 08:01 5772899                    /usr/lib/x86_64-linux-gnu/libnuma.so.1.0.0
7fc66b514000-7fc66b515000 r--p 00009000 08:01 5772899                    /usr/lib/x86_64-linux-gnu/libnuma.so.1.0.0
7fc66b515000-7fc66b516000 rw-p 0000a000 08:01 5772899                    /usr/lib/x86_64-linux-gnu/libnuma.so.1.0.0
7fc66b516000-7fc66b544000 r-xp 00000000 08:01 5774339                    /usr/lib/x86_64-linux-gnu/libsoxr.so.0.1.1
7fc66b544000-7fc66b743000 ---p 0002e000 08:01 5774339                    /usr/lib/x86_64-linux-gnu/libsoxr.so.0.1.1
7fc66b743000-7fc66b745000 r--p 0002d000 08:01 5774339                    /usr/lib/x86_64-linux-gnu/libsoxr.so.0.1.1
7fc66b745000-7fc66b746000 rw-p 0002f000 08:01 5774339                    /usr/lib/x86_64-linux-gnu/libsoxr.so.0.1.1
7fc66b746000-7fc66b77b000 rw-p 00000000 00:00 0 
7fc66b77b000-7fc66b7a0000 r-xp 00000000 08:01 5774494                    /usr/lib/x86_64-linux-gnu/libv4lconvert.so.0.0.0
7fc66b7a0000-7fc66b9a0000 ---p 00025000 08:01 5774494                    /usr/lib/x86_64-linux-gnu/libv4lconvert.so.0.0.0
7fc66b9a0000-7fc66b9a2000 r--p 00025000 08:01 5774494                    /usr/lib/x86_64-linux-gnu/libv4lconvert.so.0.0.0
7fc66b9a2000-7fc66b9a3000 rw-p 00027000 08:01 5774494                    /usr/lib/x86_64-linux-gnu/libv4lconvert.so.0.0.0
7fc66b9a3000-7fc66b9f5000 rw-p 00000000 00:00 0 
7fc66b9f5000-7fc66ba57000 r-xp 00000000 08:01 5774482                    /usr/lib/x86_64-linux-gnu/libXt.so.6.0.0
7fc66ba57000-7fc66bc57000 ---p 00062000 08:01 5774482                    /usr/lib/x86_64-linux-gnu/libXt.so.6.0.0
7fc66bc57000-7fc66bc58000 r--p 00062000 08:01 5774482                    /usr/lib/x86_64-linux-gnu/libXt.so.6.0.0
7fc66bc58000-7fc66bc5d000 rw-p 00063000 08:01 5774482                    /usr/lib/x86_64-linux-gnu/libXt.so.6.0.0
7fc66bc5d000-7fc66bc5e000 rw-p 00000000 00:00 0 
7fc66bc5e000-7fc66bc66000 r-xp 00000000 08:01 5773875                    /usr/lib/x86_64-linux-gnu/libthai.so.0.2.4
7fc66bc66000-7fc66be65000 ---p 00008000 08:01 5773875                    /usr/lib/x86_64-linux-gnu/libthai.so.0.2.4
7fc66be65000-7fc66be66000 r--p 00007000 08:01 5773875                    /usr/lib/x86_64-linux-gnu/libthai.so.0.2.4
7fc66be66000-7fc66be67000 rw-p 00008000 08:01 5773875                    /usr/lib/x86_64-linux-gnu/libthai.so.0.2.4
7fc66be67000-7fc66bec3000 r-xp 00000000 08:01 5774242                    /usr/lib/x86_64-linux-gnu/libharfbuzz.so.0.10000.1
7fc66bec3000-7fc66c0c3000 ---p 0005c000 08:01 5774242                    /usr/lib/x86_64-linux-gnu/libharfbuzz.so.0.10000.1
7fc66c0c3000-7fc66c0c4000 r--p 0005c000 08:01 5774242                    /usr/lib/x86_64-linux-gnu/libharfbuzz.so.0.10000.1
7fc66c0c4000-7fc66c0c5000 rw-p 0005d000 08:01 5774242                    /usr/lib/x86_64-linux-gnu/libharfbuzz.so.0.10000.1
7fc66c0c5000-7fc66c0dc000 r-xp 00000000 08:01 57934419                   /lib/x86_64-linux-gnu/libresolv-2.23.so
7fc66c0dc000-7fc66c2dc000 ---p 00017000 08:01 57934419                   /lib/x86_64-linux-gnu/libresolv-2.23.so
7fc66c2dc000-7fc66c2dd000 r--p 00017000 08:01 57934419                   /lib/x86_64-linux-gnu/libresolv-2.23.so
7fc66c2dd000-7fc66c2de000 rw-p 00018000 08:01 57934419                   /lib/x86_64-linux-gnu/libresolv-2.23.so
7fc66c2de000-7fc66c2e0000 rw-p 00000000 00:00 0 
7fc66c2e0000-7fc66c2ff000 r-xp 00000000 08:01 57934425                   /lib/x86_64-linux-gnu/libselinux.so.1
7fc66c2ff000-7fc66c4fe000 ---p 0001f000 08:01 57934425                   /lib/x86_64-linux-gnu/libselinux.so.1
7fc66c4fe000-7fc66c4ff000 r--p 0001e000 08:01 57934425                   /lib/x86_64-linux-gnu/libselinux.so.1
7fc66c4ff000-7fc66c500000 rw-p 0001f000 08:01 57934425                   /lib/x86_64-linux-gnu/libselinux.so.1
7fc66c500000-7fc66c502000 rw-p 00000000 00:00 0 
7fc66c502000-7fc66c50a000 r-xp 00000000 08:01 5774233                    /usr/lib/x86_64-linux-gnu/libxcb-render.so.0.0.0
7fc66c50a000-7fc66c70a000 ---p 00008000 08:01 5774233                    /usr/lib/x86_64-linux-gnu/libxcb-render.so.0.0.0
7fc66c70a000-7fc66c70b000 r--p 00008000 08:01 5774233                    /usr/lib/x86_64-linux-gnu/libxcb-render.so.0.0.0
7fc66c70b000-7fc66c70c000 rw-p 00009000 08:01 5774233                    /usr/lib/x86_64-linux-gnu/libxcb-render.so.0.0.0
7fc66c70c000-7fc66c70e000 r-xp 00000000 08:01 5774235                    /usr/lib/x86_64-linux-gnu/libxcb-shm.so.0.0.0
7fc66c70e000-7fc66c90e000 ---p 00002000 08:01 5774235                    /usr/lib/x86_64-linux-gnu/libxcb-shm.so.0.0.0
7fc66c90e000-7fc66c90f000 r--p 00002000 08:01 5774235                    /usr/lib/x86_64-linux-gnu/libxcb-shm.so.0.0.0
7fc66c90f000-7fc66c910000 rw-p 00003000 08:01 5774235                    /usr/lib/x86_64-linux-gnu/libxcb-shm.so.0.0.0
7fc66c910000-7fc66c9af000 r-xp 00000000 08:01 5774231                    /usr/lib/x86_64-linux-gnu/libpixman-1.so.0.33.6
7fc66c9af000-7fc66cbaf000 ---p 0009f000 08:01 5774231                    /usr/lib/x86_64-linux-gnu/libpixman-1.so.0.33.6
7fc66cbaf000-7fc66cbb7000 r--p 0009f000 08:01 5774231                    /usr/lib/x86_64-linux-gnu/libpixman-1.so.0.33.6
7fc66cbb7000-7fc66cbb8000 rw-p 000a7000 08:01 5774231                    /usr/lib/x86_64-linux-gnu/libpixman-1.so.0.33.6
7fc66cbb8000-7fc66cc5c000 r-xp 00000000 08:01 5772064                    /usr/lib/x86_64-linux-gnu/libfreetype.so.6.12.1
7fc66cc5c000-7fc66ce5b000 ---p 000a4000 08:01 5772064                    /usr/lib/x86_64-linux-gnu/libfreetype.so.6.12.1
7fc66ce5b000-7fc66ce61000 r--p 000a3000 08:01 5772064                    /usr/lib/x86_64-linux-gnu/libfreetype.so.6.12.1
7fc66ce61000-7fc66ce62000 rw-p 000a9000 08:01 5772064                    /usr/lib/x86_64-linux-gnu/libfreetype.so.6.12.1
7fc66ce62000-7fc66ce67000 r-xp 00000000 08:01 5772750                    /usr/lib/x86_64-linux-gnu/libXdmcp.so.6.0.0
7fc66ce67000-7fc66d066000 ---p 00005000 08:01 5772750                    /usr/lib/x86_64-linux-gnu/libXdmcp.so.6.0.0
7fc66d066000-7fc66d067000 r--p 00004000 08:01 5772750                    /usr/lib/x86_64-linux-gnu/libXdmcp.so.6.0.0
7fc66d067000-7fc66d068000 rw-p 00005000 08:01 5772750                    /usr/lib/x86_64-linux-gnu/libXdmcp.so.6.0.0
7fc66d068000-7fc66d06a000 r-xp 00000000 08:01 5772748                    /usr/lib/x86_64-linux-gnu/libXau.so.6.0.0
7fc66d06a000-7fc66d26a000 ---p 00002000 08:01 5772748                    /usr/lib/x86_64-linux-gnu/libXau.so.6.0.0
7fc66d26a000-7fc66d26b000 r--p 00002000 08:01 5772748                    /usr/lib/x86_64-linux-gnu/libXau.so.6.0.0
7fc66d26b000-7fc66d26c000 rw-p 00003000 08:01 5772748                    /usr/lib/x86_64-linux-gnu/libXau.so.6.0.0
7fc66d26c000-7fc66d27b000 r-xp 00000000 08:01 57934327                   /lib/x86_64-linux-gnu/libbz2.so.1.0.4
7fc66d27b000-7fc66d47a000 ---p 0000f000 08:01 57934327                   /lib/x86_64-linux-gnu/libbz2.so.1.0.4
7fc66d47a000-7fc66d47b000 r--p 0000e000 08:01 57934327                   /lib/x86_64-linux-gnu/libbz2.so.1.0.4
7fc66d47b000-7fc66d47c000 rw-p 0000f000 08:01 57934327                   /lib/x86_64-linux-gnu/libbz2.so.1.0.4
7fc66d47c000-7fc66d5a0000 r-xp 00000000 08:01 5769520                    /usr/lib/x86_64-linux-gnu/libgnutls.so.30.6.2
7fc66d5a0000-7fc66d79f000 ---p 00124000 08:01 5769520                    /usr/lib/x86_64-linux-gnu/libgnutls.so.30.6.2
7fc66d79f000-7fc66d7aa000 r--p 00123000 08:01 5769520                    /usr/lib/x86_64-linux-gnu/libgnutls.so.30.6.2
7fc66d7aa000-7fc66d7ac000 rw-p 0012e000 08:01 5769520                    /usr/lib/x86_64-linux-gnu/libgnutls.so.30.6.2
7fc66d7ac000-7fc66d7ad000 rw-p 00000000 00:00 0 
7fc66d7ad000-7fc66d7f4000 r-xp 00000000 08:01 5774386                    /usr/lib/x86_64-linux-gnu/libbluray.so.1.9.2
7fc66d7f4000-7fc66d9f3000 ---p 00047000 08:01 5774386                    /usr/lib/x86_64-linux-gnu/libbluray.so.1.9.2
7fc66d9f3000-7fc66d9f5000 r--p 00046000 08:01 5774386                    /usr/lib/x86_64-linux-gnu/libbluray.so.1.9.2
7fc66d9f5000-7fc66d9f6000 rw-p 00048000 08:01 5774386                    /usr/lib/x86_64-linux-gnu/libbluray.so.1.9.2
7fc66d9f6000-7fc66da40000 r-xp 00000000 08:01 5774388                    /usr/lib/x86_64-linux-gnu/libgme.so.0.6.0
7fc66da40000-7fc66dc40000 ---p 0004a000 08:01 5774388                    /usr/lib/x86_64-linux-gnu/libgme.so.0.6.0
7fc66dc40000-7fc66dc43000 r--p 0004a000 08:01 5774388                    /usr/lib/x86_64-linux-gnu/libgme.so.0.6.0
7fc66dc43000-7fc66dc44000 rw-p 0004d000 08:01 5774388                    /usr/lib/x86_64-linux-gnu/libgme.so.0.6.0
7fc66dc44000-7fc66dc8e000 r-xp 00000000 08:01 5774390                    /usr/lib/x86_64-linux-gnu/libmodplug.so.1.0.0
7fc66dc8e000-7fc66de8e000 ---p 0004a000 08:01 5774390                    /usr/lib/x86_64-linux-gnu/libmodplug.so.1.0.0
7fc66de8e000-7fc66de8f000 r--p 0004a000 08:01 5774390                    /usr/lib/x86_64-linux-gnu/libmodplug.so.1.0.0
7fc66de8f000-7fc66de90000 rw-p 0004b000 08:01 5774390                    /usr/lib/x86_64-linux-gnu/libmodplug.so.1.0.0
7fc66de90000-7fc66dfcf000 rw-p 00000000 00:00 0 
7fc66dfcf000-7fc66dfea000 r-xp 00000000 08:01 5772850                    /usr/lib/x86_64-linux-gnu/librtmp.so.1
7fc66dfea000-7fc66e1e9000 ---p 0001b000 08:01 5772850                    /usr/lib/x86_64-linux-gnu/librtmp.so.1
7fc66e1e9000-7fc66e1ea000 r--p 0001a000 08:01 5772850                    /usr/lib/x86_64-linux-gnu/librtmp.so.1
7fc66e1ea000-7fc66e1eb000 rw-p 0001b000 08:01 5772850                    /usr/lib/x86_64-linux-gnu/librtmp.so.1
7fc66e1eb000-7fc66e233000 r-xp 00000000 08:01 5774392                    /usr/lib/x86_64-linux-gnu/libssh-gcrypt.so.4.4.1
7fc66e233000-7fc66e432000 ---p 00048000 08:01 5774392                    /usr/lib/x86_64-linux-gnu/libssh-gcrypt.so.4.4.1
7fc66e432000-7fc66e433000 r--p 00047000 08:01 5774392                    /usr/lib/x86_64-linux-gnu/libssh-gcrypt.so.4.4.1
7fc66e433000-7fc66e434000 rw-p 00048000 08:01 5774392                    /usr/lib/x86_64-linux-gnu/libssh-gcrypt.so.4.4.1
7fc66e434000-7fc66e44e000 r-xp 00000000 08:01 5769549                    /usr/lib/x86_64-linux-gnu/libcrystalhd.so.3.6
7fc66e44e000-7fc66e64d000 ---p 0001a000 08:01 5769549                    /usr/lib/x86_64-linux-gnu/libcrystalhd.so.3.6
7fc66e64d000-7fc66e64e000 r--p 00019000 08:01 5769549                    /usr/lib/x86_64-linux-gnu/libcrystalhd.so.3.6
7fc66e64e000-7fc66e64f000 rw-p 0001a000 08:01 5769549                    /usr/lib/x86_64-linux-gnu/libcrystalhd.so.3.6
7fc66e64f000-7fc66e65c000 r-xp 00000000 08:01 5771305                    /usr/lib/x86_64-linux-gnu/libgsm.so.1.0.12
7fc66e65c000-7fc66e85b000 ---p 0000d000 08:01 5771305                    /usr/lib/x86_64-linux-gnu/libgsm.so.1.0.12
7fc66e85b000-7fc66e85c000 r--p 0000c000 08:01 5771305                    /usr/lib/x86_64-linux-gnu/libgsm.so.1.0.12
7fc66e85c000-7fc66e85d000 rw-p 0000d000 08:01 5771305                    /usr/lib/x86_64-linux-gnu/libgsm.so.1.0.12
7fc66e85d000-7fc66e8a2000 r-xp 00000000 08:01 5774325                    /usr/lib/x86_64-linux-gnu/libmp3lame.so.0.0.0
7fc66e8a2000-7fc66eaa2000 ---p 00045000 08:01 5774325                    /usr/lib/x86_64-linux-gnu/libmp3lame.so.0.0.0
7fc66eaa2000-7fc66eaa3000 r--p 00045000 08:01 5774325                    /usr/lib/x86_64-linux-gnu/libmp3lame.so.0.0.0
7fc66eaa3000-7fc66eaa4000 rw-p 00046000 08:01 5774325                    /usr/lib/x86_64-linux-gnu/libmp3lame.so.0.0.0
7fc66eaa4000-7fc66ead2000 rw-p 00000000 00:00 0 
7fc66ead2000-7fc66eaf4000 r-xp 00000000 08:01 5774328                    /usr/lib/x86_64-linux-gnu/libopenjpeg.so.1.5.2
7fc66eaf4000-7fc66ecf3000 ---p 00022000 08:01 5774328                    /usr/lib/x86_64-linux-gnu/libopenjpeg.so.1.5.2
7fc66ecf3000-7fc66ecf4000 r--p 00021000 08:01 5774328                    /usr/lib/x86_64-linux-gnu/libopenjpeg.so.1.5.2
7fc66ecf4000-7fc66ecf5000 rw-p 00022000 08:01 5774328                    /usr/lib/x86_64-linux-gnu/libopenjpeg.so.1.5.2
7fc66ecf5000-7fc66ed3e000 r-xp 00000000 08:01 5774331                    /usr/lib/x86_64-linux-gnu/libopus.so.0.5.2
7fc66ed3e000-7fc66ef3d000 ---p 00049000 08:01 5774331                    /usr/lib/x86_64-linux-gnu/libopus.so.0.5.2
7fc66ef3d000-7fc66ef3e000 r--p 00048000 08:01 5774331                    /usr/lib/x86_64-linux-gnu/libopus.so.0.5.2
7fc66ef3e000-7fc66ef3f000 rw-p 00049000 08:01 5774331                    /usr/lib/x86_64-linux-gnu/libopus.so.0.5.2
7fc66ef3f000-7fc66f010000 r-xp 00000000 08:01 5773769                    /usr/lib/x86_64-linux-gnu/libschroedinger-1.0.so.0.11.0
7fc66f010000-7fc66f210000 ---p 000d1000 08:01 5773769                    /usr/lib/x86_64-linux-gnu/libschroedinger-1.0.so.0.11.0
7fc66f210000-7fc66f212000 r--p 000d1000 08:01 5773769                    /usr/lib/x86_64-linux-gnu/libschroedinger-1.0.so.0.11.0
7fc66f212000-7fc66f213000 rw-p 000d3000 08:01 5773769                    /usr/lib/x86_64-linux-gnu/libschroedinger-1.0.so.0.11.0
7fc66f213000-7fc66f214000 rw-p 00000000 00:00 0 
7fc66f214000-7fc66f220000 r-xp 00000000 08:01 5774333                    /usr/lib/x86_64-linux-gnu/libshine.so.3.0.1
7fc66f220000-7fc66f41f000 ---p 0000c000 08:01 5774333                    /usr/lib/x86_64-linux-gnu/libshine.so.3.0.1
7fc66f41f000-7fc66f420000 r--p 0000b000 08:01 5774333                    /usr/lib/x86_64-linux-gnu/libshine.so.3.0.1
7fc66f420000-7fc66f421000 rw-p 0000c000 08:01 5774333                    /usr/lib/x86_64-linux-gnu/libshine.so.3.0.1
7fc66f421000-7fc66f428000 r-xp 00000000 08:01 5774335                    /usr/lib/x86_64-linux-gnu/libsnappy.so.1.3.0
7fc66f428000-7fc66f627000 ---p 00007000 08:01 5774335                    /usr/lib/x86_64-linux-gnu/libsnappy.so.1.3.0
7fc66f627000-7fc66f628000 r--p 00006000 08:01 5774335                    /usr/lib/x86_64-linux-gnu/libsnappy.so.1.3.0
7fc66f628000-7fc66f629000 rw-p 00007000 08:01 5774335                    /usr/lib/x86_64-linux-gnu/libsnappy.so.1.3.0
7fc66f629000-7fc66f640000 r-xp 00000000 08:01 5774337                    /usr/lib/x86_64-linux-gnu/libspeex.so.1.5.0
7fc66f640000-7fc66f840000 ---p 00017000 08:01 5774337                    /usr/lib/x86_64-linux-gnu/libspeex.so.1.5.0
7fc66f840000-7fc66f841000 r--p 00017000 08:01 5774337                    /usr/lib/x86_64-linux-gnu/libspeex.so.1.5.0
7fc66f841000-7fc66f842000 rw-p 00018000 08:01 5774337                    /usr/lib/x86_64-linux-gnu/libspeex.so.1.5.0
7fc66f842000-7fc66f85b000 r-xp 00000000 08:01 5774345                    /usr/lib/x86_64-linux-gnu/libtheoradec.so.1.1.4
7fc66f85b000-7fc66fa5a000 ---p 00019000 08:01 5774345                    /usr/lib/x86_64-linux-gnu/libtheoradec.so.1.1.4
7fc66fa5a000-7fc66fa5b000 r--p 00018000 08:01 5774345                    /usr/lib/x86_64-linux-gnu/libtheoradec.so.1.1.4
7fc66fa5b000-7fc66fa5c000 rw-p 00019000 08:01 5774345                    /usr/lib/x86_64-linux-gnu/libtheoradec.so.1.1.4
7fc66fa5c000-7fc66fa9a000 r-xp 00000000 08:01 5774343                    /usr/lib/x86_64-linux-gnu/libtheoraenc.so.1.1.2
7fc66fa9a000-7fc66fc99000 ---p 0003e000 08:01 5774343                    /usr/lib/x86_64-linux-gnu/libtheoraenc.so.1.1.2
7fc66fc99000-7fc66fc9a000 r--p 0003d000 08:01 5774343                    /usr/lib/x86_64-linux-gnu/libtheoraenc.so.1.1.2
7fc66fc9a000-7fc66fc9b000 rw-p 0003e000 08:01 5774343                    /usr/lib/x86_64-linux-gnu/libtheoraenc.so.1.1.2
7fc66fc9b000-7fc66fcb9000 r-xp 00000000 08:01 5774349                    /usr/lib/x86_64-linux-gnu/libtwolame.so.0.0.0
7fc66fcb9000-7fc66feb8000 ---p 0001e000 08:01 5774349                    /usr/lib/x86_64-linux-gnu/libtwolame.so.0.0.0
7fc66feb8000-7fc66feb9000 r--p 0001d000 08:01 5774349                    /usr/lib/x86_64-linux-gnu/libtwolame.so.0.0.0
7fc66feb9000-7fc66feba000 rw-p 0001e000 08:01 5774349                    /usr/lib/x86_64-linux-gnu/libtwolame.so.0.0.0
7fc66feba000-7fc66febe000 rw-p 00000000 00:00 0 
7fc66febe000-7fc66fee8000 r-xp 00000000 08:01 5774353                    /usr/lib/x86_64-linux-gnu/libvorbis.so.0.4.8
7fc66fee8000-7fc6700e8000 ---p 0002a000 08:01 5774353                    /usr/lib/x86_64-linux-gnu/libvorbis.so.0.4.8
7fc6700e8000-7fc6700e9000 r--p 0002a000 08:01 5774353                    /usr/lib/x86_64-linux-gnu/libvorbis.so.0.4.8
7fc6700e9000-7fc6700ea000 rw-p 0002b000 08:01 5774353                    /usr/lib/x86_64-linux-gnu/libvorbis.so.0.4.8
7fc6700ea000-7fc670177000 r-xp 00000000 08:01 5774355                    /usr/lib/x86_64-linux-gnu/libvorbisenc.so.2.0.11
7fc670177000-7fc670376000 ---p 0008d000 08:01 5774355                    /usr/lib/x86_64-linux-gnu/libvorbisenc.so.2.0.11
7fc670376000-7fc670392000 r--p 0008c000 08:01 5774355                    /usr/lib/x86_64-linux-gnu/libvorbisenc.so.2.0.11
7fc670392000-7fc670393000 rw-p 000a8000 08:01 5774355                    /usr/lib/x86_64-linux-gnu/libvorbisenc.so.2.0.11
7fc670393000-7fc6705b2000 r-xp 00000000 08:01 5774357                    /usr/lib/x86_64-linux-gnu/libvpx.so.3.0.0
7fc6705b2000-7fc6707b1000 ---p 0021f000 08:01 5774357                    /usr/lib/x86_64-linux-gnu/libvpx.so.3.0.0
7fc6707b1000-7fc6707b3000 r--p 0021e000 08:01 5774357                    /usr/lib/x86_64-linux-gnu/libvpx.so.3.0.0
7fc6707b3000-7fc6707b4000 rw-p 00220000 08:01 5774357                    /usr/lib/x86_64-linux-gnu/libvpx.so.3.0.0
7fc6707b4000-7fc6707b7000 rw-p 00000000 00:00 0 
7fc6707b7000-7fc6707df000 r-xp 00000000 08:01 5774360                    /usr/lib/x86_64-linux-gnu/libwavpack.so.1.1.7
7fc6707df000-7fc6709de000 ---p 00028000 08:01 5774360                    /usr/lib/x86_64-linux-gnu/libwavpack.so.1.1.7
7fc6709de000-7fc6709df000 r--p 00027000 08:01 5774360                    /usr/lib/x86_64-linux-gnu/libwavpack.so.1.1.7
7fc6709df000-7fc6709e0000 rw-p 00028000 08:01 5774360                    /usr/lib/x86_64-linux-gnu/libwavpack.so.1.1.7
7fc6709e0000-7fc670a39000 r-xp 00000000 08:01 5774362                    /usr/lib/x86_64-linux-gnu/libwebp.so.5.0.4
7fc670a39000-7fc670c39000 ---p 00059000 08:01 5774362                    /usr/lib/x86_64-linux-gnu/libwebp.so.5.0.4
7fc670c39000-7fc670c3a000 r--p 00059000 08:01 5774362                    /usr/lib/x86_64-linux-gnu/libwebp.so.5.0.4
7fc670c3a000-7fc670c3c000 rw-p 0005a000 08:01 5774362                    /usr/lib/x86_64-linux-gnu/libwebp.so.5.0.4
7fc670c3c000-7fc670d64000 r-xp 00000000 08:01 5774364                    /usr/lib/x86_64-linux-gnu/libx264.so.148
7fc670d64000-7fc670f63000 ---p 00128000 08:01 5774364                    /usr/lib/x86_64-linux-gnu/libx264.so.148
7fc670f63000-7fc670f64000 r--p 00127000 08:01 5774364                    /usr/lib/x86_64-linux-gnu/libx264.so.148
7fc670f64000-7fc670f65000 rw-p 00128000 08:01 5774364                    /usr/lib/x86_64-linux-gnu/libx264.so.148
7fc670f65000-7fc670fe0000 rw-p 00000000 00:00 0 
7fc670fe0000-7fc6719ed000 r-xp 00000000 08:01 5774365                    /usr/lib/x86_64-linux-gnu/libx265.so.79
7fc6719ed000-7fc671bec000 ---p 00a0d000 08:01 5774365                    /usr/lib/x86_64-linux-gnu/libx265.so.79
7fc671bec000-7fc671bef000 r--p 00a0c000 08:01 5774365                    /usr/lib/x86_64-linux-gnu/libx265.so.79
7fc671bef000-7fc671bf2000 rw-p 00a0f000 08:01 5774365                    /usr/lib/x86_64-linux-gnu/libx265.so.79
7fc671bf2000-7fc671bff000 rw-p 00000000 00:00 0 
7fc671bff000-7fc671ca0000 r-xp 00000000 08:01 5774366                    /usr/lib/x86_64-linux-gnu/libxvidcore.so.4.3
7fc671ca0000-7fc671e9f000 ---p 000a1000 08:01 5774366                    /usr/lib/x86_64-linux-gnu/libxvidcore.so.4.3
7fc671e9f000-7fc671ea0000 r--p 000a0000 08:01 5774366                    /usr/lib/x86_64-linux-gnu/libxvidcore.so.4.3
7fc671ea0000-7fc671eaa000 rw-p 000a1000 08:01 5774366                    /usr/lib/x86_64-linux-gnu/libxvidcore.so.4.3
7fc671eaa000-7fc671f13000 rw-p 00000000 00:00 0 
7fc671f13000-7fc671f8a000 r-xp 00000000 08:01 5774368                    /usr/lib/x86_64-linux-gnu/libzvbi.so.0.13.2
7fc671f8a000-7fc672189000 ---p 00077000 08:01 5774368                    /usr/lib/x86_64-linux-gnu/libzvbi.so.0.13.2
7fc672189000-7fc672192000 r--p 00076000 08:01 5774368                    /usr/lib/x86_64-linux-gnu/libzvbi.so.0.13.2
7fc672192000-7fc67219e000 rw-p 0007f000 08:01 5774368                    /usr/lib/x86_64-linux-gnu/libzvbi.so.0.13.2
7fc67219e000-7fc6721b9000 r-xp 00000000 08:01 5774351                    /usr/lib/x86_64-linux-gnu/libva.so.1.3900.0
7fc6721b9000-7fc6723b8000 ---p 0001b000 08:01 5774351                    /usr/lib/x86_64-linux-gnu/libva.so.1.3900.0
7fc6723b8000-7fc6723b9000 r--p 0001a000 08:01 5774351                    /usr/lib/x86_64-linux-gnu/libva.so.1.3900.0
7fc6723b9000-7fc6723ba000 rw-p 0001b000 08:01 5774351                    /usr/lib/x86_64-linux-gnu/libva.so.1.3900.0
7fc6723ba000-7fc6723d4000 r-xp 00000000 08:01 5774341                    /usr/lib/x86_64-linux-gnu/libswresample-ffmpeg.so.1.2.101
7fc6723d4000-7fc6725d3000 ---p 0001a000 08:01 5774341                    /usr/lib/x86_64-linux-gnu/libswresample-ffmpeg.so.1.2.101
7fc6725d3000-7fc6725d5000 r--p 00019000 08:01 5774341                    /usr/lib/x86_64-linux-gnu/libswresample-ffmpeg.so.1.2.101
7fc6725d5000-7fc6725d6000 rw-p 0001b000 08:01 5774341                    /usr/lib/x86_64-linux-gnu/libswresample-ffmpeg.so.1.2.101
7fc6725d6000-7fc6725df000 r-xp 00000000 08:01 5774496                    /usr/lib/x86_64-linux-gnu/libv4l2.so.0.0.0
7fc6725df000-7fc6727de000 ---p 00009000 08:01 5774496                    /usr/lib/x86_64-linux-gnu/libv4l2.so.0.0.0
7fc6727de000-7fc6727df000 r--p 00008000 08:01 5774496                    /usr/lib/x86_64-linux-gnu/libv4l2.so.0.0.0
7fc6727df000-7fc6727e4000 rw-p 00009000 08:01 5774496                    /usr/lib/x86_64-linux-gnu/libv4l2.so.0.0.0
7fc6727e4000-7fc6727fb000 r-xp 00000000 08:01 57937863                   /lib/x86_64-linux-gnu/libusb-1.0.so.0.1.0
7fc6727fb000-7fc6729fa000 ---p 00017000 08:01 57937863                   /lib/x86_64-linux-gnu/libusb-1.0.so.0.1.0
7fc6729fa000-7fc6729fb000 r--p 00016000 08:01 57937863                   /lib/x86_64-linux-gnu/libusb-1.0.so.0.1.0
7fc6729fb000-7fc6729fc000 rw-p 00017000 08:01 57937863                   /lib/x86_64-linux-gnu/libusb-1.0.so.0.1.0
7fc6729fc000-7fc672a09000 r-xp 00000000 08:01 5774476                    /usr/lib/x86_64-linux-gnu/libraw1394.so.11.1.0
7fc672a09000-7fc672c09000 ---p 0000d000 08:01 5774476                    /usr/lib/x86_64-linux-gnu/libraw1394.so.11.1.0
7fc672c09000-7fc672c0a000 r--p 0000d000 08:01 5774476                    /usr/lib/x86_64-linux-gnu/libraw1394.so.11.1.0
7fc672c0a000-7fc672c0b000 rw-p 0000e000 08:01 5774476                    /usr/lib/x86_64-linux-gnu/libraw1394.so.11.1.0
7fc672c0b000-7fc672c29000 r-xp 00000000 08:01 5773879                    /usr/lib/x86_64-linux-gnu/libpangox-1.0.so.0.0.0
7fc672c29000-7fc672e29000 ---p 0001e000 08:01 5773879                    /usr/lib/x86_64-linux-gnu/libpangox-1.0.so.0.0.0
7fc672e29000-7fc672e2a000 r--p 0001e000 08:01 5773879                    /usr/lib/x86_64-linux-gnu/libpangox-1.0.so.0.0.0
7fc672e2a000-7fc672e2b000 rw-p 0001f000 08:01 5773879                    /usr/lib/x86_64-linux-gnu/libpangox-1.0.so.0.0.0
7fc672e2b000-7fc672e43000 r-xp 00000000 08:01 5774484                    /usr/lib/x86_64-linux-gnu/libXmu.so.6.2.0
7fc672e43000-7fc673042000 ---p 00018000 08:01 5774484                    /usr/lib/x86_64-linux-gnu/libXmu.so.6.2.0
7fc673042000-7fc673043000 r--p 00017000 08:01 5774484                    /usr/lib/x86_64-linux-gnu/libXmu.so.6.2.0
7fc673043000-7fc673044000 rw-p 00018000 08:01 5774484                    /usr/lib/x86_64-linux-gnu/libXmu.so.6.2.0
7fc673044000-7fc6730b1000 r-xp 00000000 08:01 5774480                    /usr/lib/x86_64-linux-gnu/libGLU.so.1.3.1
7fc6730b1000-7fc6732b1000 ---p 0006d000 08:01 5774480                    /usr/lib/x86_64-linux-gnu/libGLU.so.1.3.1
7fc6732b1000-7fc6732b2000 r--p 0006d000 08:01 5774480                    /usr/lib/x86_64-linux-gnu/libGLU.so.1.3.1
7fc6732b2000-7fc6732b3000 rw-p 0006e000 08:01 5774480                    /usr/lib/x86_64-linux-gnu/libGLU.so.1.3.1
7fc6732b3000-7fc673321000 r-xp 00000000 08:01 57934408                   /lib/x86_64-linux-gnu/libpcre.so.3.13.2
7fc673321000-7fc673521000 ---p 0006e000 08:01 57934408                   /lib/x86_64-linux-gnu/libpcre.so.3.13.2
7fc673521000-7fc673522000 r--p 0006e000 08:01 57934408                   /lib/x86_64-linux-gnu/libpcre.so.3.13.2
7fc673522000-7fc673523000 rw-p 0006f000 08:01 57934408                   /lib/x86_64-linux-gnu/libpcre.so.3.13.2
7fc673523000-7fc67352a000 r-xp 00000000 08:01 5769508                    /usr/lib/x86_64-linux-gnu/libffi.so.6.0.4
7fc67352a000-7fc673729000 ---p 00007000 08:01 5769508                    /usr/lib/x86_64-linux-gnu/libffi.so.6.0.4
7fc673729000-7fc67372a000 r--p 00006000 08:01 5769508                    /usr/lib/x86_64-linux-gnu/libffi.so.6.0.4
7fc67372a000-7fc67372b000 rw-p 00007000 08:01 5769508                    /usr/lib/x86_64-linux-gnu/libffi.so.6.0.4
7fc67372b000-7fc67372d000 r-xp 00000000 08:01 5773775                    /usr/lib/x86_64-linux-gnu/libXcomposite.so.1.0.0
7fc67372d000-7fc67392c000 ---p 00002000 08:01 5773775                    /usr/lib/x86_64-linux-gnu/libXcomposite.so.1.0.0
7fc67392c000-7fc67392d000 r--p 00001000 08:01 5773775                    /usr/lib/x86_64-linux-gnu/libXcomposite.so.1.0.0
7fc67392d000-7fc67392e000 rw-p 00002000 08:01 5773775                    /usr/lib/x86_64-linux-gnu/libXcomposite.so.1.0.0
7fc67392e000-7fc673937000 r-xp 00000000 08:01 5773779                    /usr/lib/x86_64-linux-gnu/libXcursor.so.1.0.2
7fc673937000-7fc673b36000 ---p 00009000 08:01 5773779                    /usr/lib/x86_64-linux-gnu/libXcursor.so.1.0.2
7fc673b36000-7fc673b37000 r--p 00008000 08:01 5773779                    /usr/lib/x86_64-linux-gnu/libXcursor.so.1.0.2
7fc673b37000-7fc673b38000 rw-p 00009000 08:01 5773779                    /usr/lib/x86_64-linux-gnu/libXcursor.so.1.0.2
7fc673b38000-7fc673b42000 r-xp 00000000 08:01 5774257                    /usr/lib/x86_64-linux-gnu/libXrandr.so.2.2.0
7fc673b42000-7fc673d41000 ---p 0000a000 08:01 5774257                    /usr/lib/x86_64-linux-gnu/libXrandr.so.2.2.0
7fc673d41000-7fc673d42000 r--p 00009000 08:01 5774257                    /usr/lib/x86_64-linux-gnu/libXrandr.so.2.2.0
7fc673d42000-7fc673d43000 rw-p 0000a000 08:01 5774257                    /usr/lib/x86_64-linux-gnu/libXrandr.so.2.2.0
7fc673d43000-7fc673d52000 r-xp 00000000 08:01 5774255                    /usr/lib/x86_64-linux-gnu/libXi.so.6.1.0
7fc673d52000-7fc673f51000 ---p 0000f000 08:01 5774255                    /usr/lib/x86_64-linux-gnu/libXi.so.6.1.0
7fc673f51000-7fc673f52000 r--p 0000e000 08:01 5774255                    /usr/lib/x86_64-linux-gnu/libXi.so.6.1.0
7fc673f52000-7fc673f53000 rw-p 0000f000 08:01 5774255                    /usr/lib/x86_64-linux-gnu/libXi.so.6.1.0
7fc673f53000-7fc673f55000 r-xp 00000000 08:01 5773783                    /usr/lib/x86_64-linux-gnu/libXinerama.so.1.0.0
7fc673f55000-7fc674154000 ---p 00002000 08:01 5773783                    /usr/lib/x86_64-linux-gnu/libXinerama.so.1.0.0
7fc674154000-7fc674155000 r--p 00001000 08:01 5773783                    /usr/lib/x86_64-linux-gnu/libXinerama.so.1.0.0
7fc674155000-7fc674156000 rw-p 00002000 08:01 5773783                    /usr/lib/x86_64-linux-gnu/libXinerama.so.1.0.0
7fc674156000-7fc67415f000 r-xp 00000000 08:01 5773777                    /usr/lib/x86_64-linux-gnu/libXrender.so.1.3.0
7fc67415f000-7fc67435e000 ---p 00009000 08:01 5773777                    /usr/lib/x86_64-linux-gnu/libXrender.so.1.3.0
7fc67435e000-7fc67435f000 r--p 00008000 08:01 5773777                    /usr/lib/x86_64-linux-gnu/libXrender.so.1.3.0
7fc67435f000-7fc674360000 rw-p 00009000 08:01 5773777                    /usr/lib/x86_64-linux-gnu/libXrender.so.1.3.0
7fc674360000-7fc67439d000 r-xp 00000000 08:01 5769505                    /usr/lib/x86_64-linux-gnu/libfontconfig.so.1.9.0
7fc67439d000-7fc67459c000 ---p 0003d000 08:01 5769505                    /usr/lib/x86_64-linux-gnu/libfontconfig.so.1.9.0
7fc67459c000-7fc67459e000 r--p 0003c000 08:01 5769505                    /usr/lib/x86_64-linux-gnu/libfontconfig.so.1.9.0
7fc67459e000-7fc6745a3000 rw-p 0003e000 08:01 5769505                    /usr/lib/x86_64-linux-gnu/libfontconfig.so.1.9.0
7fc6745a3000-7fc6745ec000 r-xp 00000000 08:01 5773877                    /usr/lib/x86_64-linux-gnu/libpango-1.0.so.0.3800.1
7fc6745ec000-7fc6747ec000 ---p 00049000 08:01 5773877                    /usr/lib/x86_64-linux-gnu/libpango-1.0.so.0.3800.1
7fc6747ec000-7fc6747ee000 r--p 00049000 08:01 5773877                    /usr/lib/x86_64-linux-gnu/libpango-1.0.so.0.3800.1
7fc6747ee000-7fc6747ef000 rw-p 0004b000 08:01 5773877                    /usr/lib/x86_64-linux-gnu/libpango-1.0.so.0.3800.1
7fc6747ef000-7fc674803000 r-xp 00000000 08:01 5774244                    /usr/lib/x86_64-linux-gnu/libpangoft2-1.0.so.0.3800.1
7fc674803000-7fc674a03000 ---p 00014000 08:01 5774244                    /usr/lib/x86_64-linux-gnu/libpangoft2-1.0.so.0.3800.1
7fc674a03000-7fc674a04000 r--p 00014000 08:01 5774244                    /usr/lib/x86_64-linux-gnu/libpangoft2-1.0.so.0.3800.1
7fc674a04000-7fc674a05000 rw-p 00015000 08:01 5774244                    /usr/lib/x86_64-linux-gnu/libpangoft2-1.0.so.0.3800.1
7fc674a05000-7fc674b85000 r-xp 00000000 08:01 5772114                    /usr/lib/x86_64-linux-gnu/libgio-2.0.so.0.4800.0
7fc674b85000-7fc674d85000 ---p 00180000 08:01 5772114                    /usr/lib/x86_64-linux-gnu/libgio-2.0.so.0.4800.0
7fc674d85000-7fc674d89000 r--p 00180000 08:01 5772114                    /usr/lib/x86_64-linux-gnu/libgio-2.0.so.0.4800.0
7fc674d89000-7fc674d8b000 rw-p 00184000 08:01 5772114                    /usr/lib/x86_64-linux-gnu/libgio-2.0.so.0.4800.0
7fc674d8b000-7fc674d8d000 rw-p 00000000 00:00 0 
7fc674d8d000-7fc674dae000 r-xp 00000000 08:01 5774228                    /usr/lib/x86_64-linux-gnu/libgdk_pixbuf-2.0.so.0.3200.2
7fc674dae000-7fc674fad000 ---p 00021000 08:01 5774228                    /usr/lib/x86_64-linux-gnu/libgdk_pixbuf-2.0.so.0.3200.2
7fc674fad000-7fc674fae000 r--p 00020000 08:01 5774228                    /usr/lib/x86_64-linux-gnu/libgdk_pixbuf-2.0.so.0.3200.2
7fc674fae000-7fc674faf000 rw-p 00021000 08:01 5774228                    /usr/lib/x86_64-linux-gnu/libgdk_pixbuf-2.0.so.0.3200.2
7fc674faf000-7fc6750bd000 r-xp 00000000 08:01 5774237                    /usr/lib/x86_64-linux-gnu/libcairo.so.2.11400.6
7fc6750bd000-7fc6752bd000 ---p 0010e000 08:01 5774237                    /usr/lib/x86_64-linux-gnu/libcairo.so.2.11400.6
7fc6752bd000-7fc6752c0000 r--p 0010e000 08:01 5774237                    /usr/lib/x86_64-linux-gnu/libcairo.so.2.11400.6
7fc6752c0000-7fc6752c1000 rw-p 00111000 08:01 5774237                    /usr/lib/x86_64-linux-gnu/libcairo.so.2.11400.6
7fc6752c1000-7fc6752c3000 rw-p 00000000 00:00 0 
7fc6752c3000-7fc6752e5000 r-xp 00000000 08:01 5774223                    /usr/lib/x86_64-linux-gnu/libatk-1.0.so.0.21809.1
7fc6752e5000-7fc6754e4000 ---p 00022000 08:01 5774223                    /usr/lib/x86_64-linux-gnu/libatk-1.0.so.0.21809.1
7fc6754e4000-7fc6754e7000 r--p 00021000 08:01 5774223                    /usr/lib/x86_64-linux-gnu/libatk-1.0.so.0.21809.1
7fc6754e7000-7fc6754e8000 rw-p 00024000 08:01 5774223                    /usr/lib/x86_64-linux-gnu/libatk-1.0.so.0.21809.1
7fc6754e8000-7fc6754f4000 r-xp 00000000 08:01 5774246                    /usr/lib/x86_64-linux-gnu/libpangocairo-1.0.so.0.3800.1
7fc6754f4000-7fc6756f3000 ---p 0000c000 08:01 5774246                    /usr/lib/x86_64-linux-gnu/libpangocairo-1.0.so.0.3800.1
7fc6756f3000-7fc6756f4000 r--p 0000b000 08:01 5774246                    /usr/lib/x86_64-linux-gnu/libpangocairo-1.0.so.0.3800.1
7fc6756f4000-7fc6756f5000 rw-p 0000c000 08:01 5774246                    /usr/lib/x86_64-linux-gnu/libpangocairo-1.0.so.0.3800.1
7fc6756f5000-7fc6756f8000 r-xp 00000000 08:01 5772116                    /usr/lib/x86_64-linux-gnu/libgmodule-2.0.so.0.4800.0
7fc6756f8000-7fc6758f7000 ---p 00003000 08:01 5772116                    /usr/lib/x86_64-linux-gnu/libgmodule-2.0.so.0.4800.0
7fc6758f7000-7fc6758f8000 r--p 00002000 08:01 5772116                    /usr/lib/x86_64-linux-gnu/libgmodule-2.0.so.0.4800.0
7fc6758f8000-7fc6758f9000 rw-p 00003000 08:01 5772116                    /usr/lib/x86_64-linux-gnu/libgmodule-2.0.so.0.4800.0
7fc6758f9000-7fc6758fe000 r-xp 00000000 08:01 5773744                    /usr/lib/x86_64-linux-gnu/libIlmThread-2_2.so.12.0.0
7fc6758fe000-7fc675afe000 ---p 00005000 08:01 5773744                    /usr/lib/x86_64-linux-gnu/libIlmThread-2_2.so.12.0.0
7fc675afe000-7fc675aff000 r--p 00005000 08:01 5773744                    /usr/lib/x86_64-linux-gnu/libIlmThread-2_2.so.12.0.0
7fc675aff000-7fc675b00000 rw-p 00006000 08:01 5773744                    /usr/lib/x86_64-linux-gnu/libIlmThread-2_2.so.12.0.0
7fc675b00000-7fc675b1b000 r-xp 00000000 08:01 5773743                    /usr/lib/x86_64-linux-gnu/libIex-2_2.so.12.0.0
7fc675b1b000-7fc675d1a000 ---p 0001b000 08:01 5773743                    /usr/lib/x86_64-linux-gnu/libIex-2_2.so.12.0.0
7fc675d1a000-7fc675d1d000 r--p 0001a000 08:01 5773743                    /usr/lib/x86_64-linux-gnu/libIex-2_2.so.12.0.0
7fc675d1d000-7fc675d1e000 rw-p 0001d000 08:01 5773743                    /usr/lib/x86_64-linux-gnu/libIex-2_2.so.12.0.0
7fc675d1e000-7fc675d29000 r-xp 00000000 08:01 5773868                    /usr/lib/x86_64-linux-gnu/libjbig.so.0
7fc675d29000-7fc675f28000 ---p 0000b000 08:01 5773868                    /usr/lib/x86_64-linux-gnu/libjbig.so.0
7fc675f28000-7fc675f29000 r--p 0000a000 08:01 5773868                    /usr/lib/x86_64-linux-gnu/libjbig.so.0
7fc675f29000-7fc675f2c000 rw-p 0000b000 08:01 5773868                    /usr/lib/x86_64-linux-gnu/libjbig.so.0
7fc675f2c000-7fc675f4d000 r-xp 00000000 08:01 57934368                   /lib/x86_64-linux-gnu/liblzma.so.5.0.0
7fc675f4d000-7fc67614c000 ---p 00021000 08:01 57934368                   /lib/x86_64-linux-gnu/liblzma.so.5.0.0
7fc67614c000-7fc67614d000 r--p 00020000 08:01 57934368                   /lib/x86_64-linux-gnu/liblzma.so.5.0.0
7fc67614d000-7fc67614e000 rw-p 00021000 08:01 57934368                   /lib/x86_64-linux-gnu/liblzma.so.5.0.0
7fc67614e000-7fc67615c000 r-xp 00000000 08:01 5772902                    /usr/lib/x86_64-linux-gnu/libdrm.so.2.4.0
7fc67615c000-7fc67635b000 ---p 0000e000 08:01 5772902                    /usr/lib/x86_64-linux-gnu/libdrm.so.2.4.0
7fc67635b000-7fc67635c000 r--p 0000d000 08:01 5772902                    /usr/lib/x86_64-linux-gnu/libdrm.so.2.4.0
7fc67635c000-7fc67635d000 rw-p 0000e000 08:01 5772902                    /usr/lib/x86_64-linux-gnu/libdrm.so.2.4.0
7fc67635d000-7fc676362000 r-xp 00000000 08:01 5773515                    /usr/lib/x86_64-linux-gnu/libXxf86vm.so.1.0.0
7fc676362000-7fc676561000 ---p 00005000 08:01 5773515                    /usr/lib/x86_64-linux-gnu/libXxf86vm.so.1.0.0
7fc676561000-7fc676562000 r--p 00004000 08:01 5773515                    /usr/lib/x86_64-linux-gnu/libXxf86vm.so.1.0.0
7fc676562000-7fc676563000 rw-p 00005000 08:01 5773515                    /usr/lib/x86_64-linux-gnu/libXxf86vm.so.1.0.0
7fc676563000-7fc676584000 r-xp 00000000 08:01 5772752                    /usr/lib/x86_64-linux-gnu/libxcb.so.1.1.0
7fc676584000-7fc676783000 ---p 00021000 08:01 5772752                    /usr/lib/x86_64-linux-gnu/libxcb.so.1.1.0
7fc676783000-7fc676784000 r--p 00020000 08:01 5772752                    /usr/lib/x86_64-linux-gnu/libxcb.so.1.1.0
7fc676784000-7fc676785000 rw-p 00021000 08:01 5772752                    /usr/lib/x86_64-linux-gnu/libxcb.so.1.1.0
7fc676785000-7fc676789000 r-xp 00000000 08:01 5773694                    /usr/lib/x86_64-linux-gnu/libxcb-dri2.so.0.0.0
7fc676789000-7fc676988000 ---p 00004000 08:01 5773694                    /usr/lib/x86_64-linux-gnu/libxcb-dri2.so.0.0.0
7fc676988000-7fc676989000 r--p 00003000 08:01 5773694                    /usr/lib/x86_64-linux-gnu/libxcb-dri2.so.0.0.0
7fc676989000-7fc67698a000 rw-p 00004000 08:01 5773694                    /usr/lib/x86_64-linux-gnu/libxcb-dri2.so.0.0.0
7fc67698a000-7fc6769a1000 r-xp 00000000 08:01 5773698                    /usr/lib/x86_64-linux-gnu/libxcb-glx.so.0.0.0
7fc6769a1000-7fc676ba0000 ---p 00017000 08:01 5773698                    /usr/lib/x86_64-linux-gnu/libxcb-glx.so.0.0.0
7fc676ba0000-7fc676ba2000 r--p 00016000 08:01 5773698                    /usr/lib/x86_64-linux-gnu/libxcb-glx.so.0.0.0
7fc676ba2000-7fc676ba3000 rw-p 00018000 08:01 5773698                    /usr/lib/x86_64-linux-gnu/libxcb-glx.so.0.0.0
7fc676ba3000-7fc676cd8000 r-xp 00000000 08:01 5772755                    /usr/lib/x86_64-linux-gnu/libX11.so.6.3.0
7fc676cd8000-7fc676ed8000 ---p 00135000 08:01 5772755                    /usr/lib/x86_64-linux-gnu/libX11.so.6.3.0
7fc676ed8000-7fc676ed9000 r--p 00135000 08:01 5772755                    /usr/lib/x86_64-linux-gnu/libX11.so.6.3.0
7fc676ed9000-7fc676edd000 rw-p 00136000 08:01 5772755                    /usr/lib/x86_64-linux-gnu/libX11.so.6.3.0
7fc676edd000-7fc676ede000 r-xp 00000000 08:01 5773692                    /usr/lib/x86_64-linux-gnu/libX11-xcb.so.1.0.0
7fc676ede000-7fc6770dd000 ---p 00001000 08:01 5773692                    /usr/lib/x86_64-linux-gnu/libX11-xcb.so.1.0.0
7fc6770dd000-7fc6770de000 r--p 00000000 08:01 5773692                    /usr/lib/x86_64-linux-gnu/libX11-xcb.so.1.0.0
7fc6770de000-7fc6770df000 rw-p 00001000 08:01 5773692                    /usr/lib/x86_64-linux-gnu/libX11-xcb.so.1.0.0
7fc6770df000-7fc6770e4000 r-xp 00000000 08:01 5773511                    /usr/lib/x86_64-linux-gnu/libXfixes.so.3.1.0
7fc6770e4000-7fc6772e3000 ---p 00005000 08:01 5773511                    /usr/lib/x86_64-linux-gnu/libXfixes.so.3.1.0
7fc6772e3000-7fc6772e4000 r--p 00004000 08:01 5773511                    /usr/lib/x86_64-linux-gnu/libXfixes.so.3.1.0
7fc6772e4000-7fc6772e5000 rw-p 00005000 08:01 5773511                    /usr/lib/x86_64-linux-gnu/libXfixes.so.3.1.0
7fc6772e5000-7fc6772e7000 r-xp 00000000 08:01 5773509                    /usr/lib/x86_64-linux-gnu/libXdamage.so.1.1.0
7fc6772e7000-7fc6774e6000 ---p 00002000 08:01 5773509                    /usr/lib/x86_64-linux-gnu/libXdamage.so.1.1.0
7fc6774e6000-7fc6774e7000 r--p 00001000 08:01 5773509                    /usr/lib/x86_64-linux-gnu/libXdamage.so.1.1.0
7fc6774e7000-7fc6774e8000 rw-p 00002000 08:01 5773509                    /usr/lib/x86_64-linux-gnu/libXdamage.so.1.1.0
7fc6774e8000-7fc6774f9000 r-xp 00000000 08:01 5772757                    /usr/lib/x86_64-linux-gnu/libXext.so.6.4.0
7fc6774f9000-7fc6776f8000 ---p 00011000 08:01 5772757                    /usr/lib/x86_64-linux-gnu/libXext.so.6.4.0
7fc6776f8000-7fc6776f9000 r--p 00010000 08:01 5772757                    /usr/lib/x86_64-linux-gnu/libXext.so.6.4.0
7fc6776f9000-7fc6776fa000 rw-p 00011000 08:01 5772757                    /usr/lib/x86_64-linux-gnu/libXext.so.6.4.0
7fc6776fa000-7fc677723000 r-xp 00000000 08:01 5773690                    /usr/lib/x86_64-linux-gnu/libglapi.so.0.0.0
7fc677723000-7fc677922000 ---p 00029000 08:01 5773690                    /usr/lib/x86_64-linux-gnu/libglapi.so.0.0.0
7fc677922000-7fc677926000 r--p 00028000 08:01 5773690                    /usr/lib/x86_64-linux-gnu/libglapi.so.0.0.0
7fc677926000-7fc677927000 rw-p 0002c000 08:01 5773690                    /usr/lib/x86_64-linux-gnu/libglapi.so.0.0.0
7fc677927000-7fc677928000 rw-p 00000000 00:00 0 
7fc677928000-7fc677929000 r-xp 00000000 08:01 5773513                    /usr/lib/x86_64-linux-gnu/libxshmfence.so.1.0.0
7fc677929000-7fc677b29000 ---p 00001000 08:01 5773513                    /usr/lib/x86_64-linux-gnu/libxshmfence.so.1.0.0
7fc677b29000-7fc677b2a000 r--p 00001000 08:01 5773513                    /usr/lib/x86_64-linux-gnu/libxshmfence.so.1.0.0
7fc677b2a000-7fc677b2b000 rw-p 00002000 08:01 5773513                    /usr/lib/x86_64-linux-gnu/libxshmfence.so.1.0.0
7fc677b2b000-7fc677b30000 r-xp 00000000 08:01 5773702                    /usr/lib/x86_64-linux-gnu/libxcb-sync.so.1.0.0
7fc677b30000-7fc677d30000 ---p 00005000 08:01 5773702                    /usr/lib/x86_64-linux-gnu/libxcb-sync.so.1.0.0
7fc677d30000-7fc677d31000 r--p 00005000 08:01 5773702                    /usr/lib/x86_64-linux-gnu/libxcb-sync.so.1.0.0
7fc677d31000-7fc677d32000 rw-p 00006000 08:01 5773702                    /usr/lib/x86_64-linux-gnu/libxcb-sync.so.1.0.0
7fc677d32000-7fc677d34000 r-xp 00000000 08:01 5773700                    /usr/lib/x86_64-linux-gnu/libxcb-present.so.0.0.0
7fc677d34000-7fc677f33000 ---p 00002000 08:01 5773700                    /usr/lib/x86_64-linux-gnu/libxcb-present.so.0.0.0
7fc677f33000-7fc677f34000 r--p 00001000 08:01 5773700                    /usr/lib/x86_64-linux-gnu/libxcb-present.so.0.0.0
7fc677f34000-7fc677f35000 rw-p 00002000 08:01 5773700                    /usr/lib/x86_64-linux-gnu/libxcb-present.so.0.0.0
7fc677f35000-7fc677f37000 r-xp 00000000 08:01 5773696                    /usr/lib/x86_64-linux-gnu/libxcb-dri3.so.0.0.0
7fc677f37000-7fc678136000 ---p 00002000 08:01 5773696                    /usr/lib/x86_64-linux-gnu/libxcb-dri3.so.0.0.0
7fc678136000-7fc678137000 r--p 00001000 08:01 5773696                    /usr/lib/x86_64-linux-gnu/libxcb-dri3.so.0.0.0
7fc678137000-7fc678138000 rw-p 00002000 08:01 5773696                    /usr/lib/x86_64-linux-gnu/libxcb-dri3.so.0.0.0
7fc678138000-7fc67815e000 r-xp 00000000 08:01 57938095                   /lib/x86_64-linux-gnu/libexpat.so.1.6.0
7fc67815e000-7fc67835e000 ---p 00026000 08:01 57938095                   /lib/x86_64-linux-gnu/libexpat.so.1.6.0
7fc67835e000-7fc678360000 r--p 00026000 08:01 57938095                   /lib/x86_64-linux-gnu/libexpat.so.1.6.0
7fc678360000-7fc678361000 rw-p 00028000 08:01 57938095                   /lib/x86_64-linux-gnu/libexpat.so.1.6.0
7fc678361000-7fc678364000 r-xp 00000000 08:01 57934342                   /lib/x86_64-linux-gnu/libdl-2.23.so
7fc678364000-7fc678563000 ---p 00003000 08:01 57934342                   /lib/x86_64-linux-gnu/libdl-2.23.so
7fc678563000-7fc678564000 r--p 00002000 08:01 57934342                   /lib/x86_64-linux-gnu/libdl-2.23.so
7fc678564000-7fc678565000 rw-p 00003000 08:01 57934342                   /lib/x86_64-linux-gnu/libdl-2.23.so
7fc678565000-7fc67856c000 r-xp 00000000 08:01 57934421                   /lib/x86_64-linux-gnu/librt-2.23.so
7fc67856c000-7fc67876b000 ---p 00007000 08:01 57934421                   /lib/x86_64-linux-gnu/librt-2.23.so
7fc67876b000-7fc67876c000 r--p 00006000 08:01 57934421                   /lib/x86_64-linux-gnu/librt-2.23.so
7fc67876c000-7fc67876d000 rw-p 00007000 08:01 57934421                   /lib/x86_64-linux-gnu/librt-2.23.so
7fc67876d000-7fc678786000 r-xp 00000000 08:01 57934451                   /lib/x86_64-linux-gnu/libz.so.1.2.8
7fc678786000-7fc678985000 ---p 00019000 08:01 57934451                   /lib/x86_64-linux-gnu/libz.so.1.2.8
7fc678985000-7fc678986000 r--p 00018000 08:01 57934451                   /lib/x86_64-linux-gnu/libz.so.1.2.8
7fc678986000-7fc678987000 rw-p 00019000 08:01 57934451                   /lib/x86_64-linux-gnu/libz.so.1.2.8
7fc678987000-7fc6789be000 r-xp 00000000 08:01 5773706                    /usr/lib/x86_64-linux-gnu/libtbb.so.2
7fc6789be000-7fc678bbe000 ---p 00037000 08:01 5773706                    /usr/lib/x86_64-linux-gnu/libtbb.so.2
7fc678bbe000-7fc678bbf000 r--p 00037000 08:01 5773706                    /usr/lib/x86_64-linux-gnu/libtbb.so.2
7fc678bbf000-7fc678bc1000 rw-p 00038000 08:01 5773706                    /usr/lib/x86_64-linux-gnu/libtbb.so.2
7fc678bc1000-7fc678bc4000 rw-p 00000000 00:00 0 
7fc678bc4000-7fc678c49000 r-xp 00000000 08:01 5774492                    /usr/lib/x86_64-linux-gnu/libswscale-ffmpeg.so.3.1.101
7fc678c49000-7fc678e48000 ---p 00085000 08:01 5774492                    /usr/lib/x86_64-linux-gnu/libswscale-ffmpeg.so.3.1.101
7fc678e48000-7fc678e4a000 r--p 00084000 08:01 5774492                    /usr/lib/x86_64-linux-gnu/libswscale-ffmpeg.so.3.1.101
7fc678e4a000-7fc678e4b000 rw-p 00086000 08:01 5774492                    /usr/lib/x86_64-linux-gnu/libswscale-ffmpeg.so.3.1.101
7fc678e4b000-7fc678e53000 rw-p 00000000 00:00 0 
7fc678e53000-7fc678ea8000 r-xp 00000000 08:01 5774323                    /usr/lib/x86_64-linux-gnu/libavutil-ffmpeg.so.54.31.100
7fc678ea8000-7fc6790a8000 ---p 00055000 08:01 5774323                    /usr/lib/x86_64-linux-gnu/libavutil-ffmpeg.so.54.31.100
7fc6790a8000-7fc6790ae000 r--p 00055000 08:01 5774323                    /usr/lib/x86_64-linux-gnu/libavutil-ffmpeg.so.54.31.100
7fc6790ae000-7fc6790af000 rw-p 0005b000 08:01 5774323                    /usr/lib/x86_64-linux-gnu/libavutil-ffmpeg.so.54.31.100
7fc6790af000-7fc6790c2000 rw-p 00000000 00:00 0 
7fc6790c2000-7fc679296000 r-xp 00000000 08:01 5774396                    /usr/lib/x86_64-linux-gnu/libavformat-ffmpeg.so.56.40.101
7fc679296000-7fc679496000 ---p 001d4000 08:01 5774396                    /usr/lib/x86_64-linux-gnu/libavformat-ffmpeg.so.56.40.101
7fc679496000-7fc6794aa000 r--p 001d4000 08:01 5774396                    /usr/lib/x86_64-linux-gnu/libavformat-ffmpeg.so.56.40.101
7fc6794aa000-7fc6794bf000 rw-p 001e8000 08:01 5774396                    /usr/lib/x86_64-linux-gnu/libavformat-ffmpeg.so.56.40.101
7fc6794bf000-7fc679fe9000 r-xp 00000000 08:01 5774372                    /usr/lib/x86_64-linux-gnu/libavcodec-ffmpeg.so.56.60.100
7fc679fe9000-7fc67a1e8000 ---p 00b2a000 08:01 5774372                    /usr/lib/x86_64-linux-gnu/libavcodec-ffmpeg.so.56.60.100
7fc67a1e8000-7fc67a213000 r--p 00b29000 08:01 5774372                    /usr/lib/x86_64-linux-gnu/libavcodec-ffmpeg.so.56.60.100
7fc67a213000-7fc67a236000 rw-p 00b54000 08:01 5774372                    /usr/lib/x86_64-linux-gnu/libavcodec-ffmpeg.so.56.60.100
7fc67a236000-7fc67a8e9000 rw-p 00000000 00:00 0 
7fc67a8e9000-7fc67a8ee000 r-xp 00000000 08:01 5774497                    /usr/lib/x86_64-linux-gnu/libv4l1.so.0.0.0
7fc67a8ee000-7fc67aaed000 ---p 00005000 08:01 5774497                    /usr/lib/x86_64-linux-gnu/libv4l1.so.0.0.0
7fc67aaed000-7fc67aaee000 r--p 00004000 08:01 5774497                    /usr/lib/x86_64-linux-gnu/libv4l1.so.0.0.0
7fc67aaee000-7fc67aaef000 rw-p 00005000 08:01 5774497                    /usr/lib/x86_64-linux-gnu/libv4l1.so.0.0.0
7fc67aaef000-7fc67ab24000 r-xp 00000000 08:01 5774478                    /usr/lib/x86_64-linux-gnu/libdc1394.so.22.1.11
7fc67ab24000-7fc67ad23000 ---p 00035000 08:01 5774478                    /usr/lib/x86_64-linux-gnu/libdc1394.so.22.1.11
7fc67ad23000-7fc67ad24000 r--p 00034000 08:01 5774478                    /usr/lib/x86_64-linux-gnu/libdc1394.so.22.1.11
7fc67ad24000-7fc67ad25000 rw-p 00035000 08:01 5774478                    /usr/lib/x86_64-linux-gnu/libdc1394.so.22.1.11
7fc67ad25000-7fc67ad65000 rw-p 00000000 00:00 0 
7fc67ad65000-7fc67adc2000 r-xp 00000000 08:01 5774486                    /usr/lib/x86_64-linux-gnu/libgdkglext-x11-1.0.so.0.0.0
7fc67adc2000-7fc67afc1000 ---p 0005d000 08:01 5774486                    /usr/lib/x86_64-linux-gnu/libgdkglext-x11-1.0.so.0.0.0
7fc67afc1000-7fc67afc3000 r--p 0005c000 08:01 5774486                    /usr/lib/x86_64-linux-gnu/libgdkglext-x11-1.0.so.0.0.0
7fc67afc3000-7fc67afc9000 rw-p 0005e000 08:01 5774486                    /usr/lib/x86_64-linux-gnu/libgdkglext-x11-1.0.so.0.0.0
7fc67afc9000-7fc67afcc000 r-xp 00000000 08:01 5774487                    /usr/lib/x86_64-linux-gnu/libgtkglext-x11-1.0.so.0.0.0
7fc67afcc000-7fc67b1cb000 ---p 00003000 08:01 5774487                    /usr/lib/x86_64-linux-gnu/libgtkglext-x11-1.0.so.0.0.0
7fc67b1cb000-7fc67b1cc000 r--p 00002000 08:01 5774487                    /usr/lib/x86_64-linux-gnu/libgtkglext-x11-1.0.so.0.0.0
7fc67b1cc000-7fc67b1cd000 rw-p 00003000 08:01 5774487                    /usr/lib/x86_64-linux-gnu/libgtkglext-x11-1.0.so.0.0.0
7fc67b1cd000-7fc67b2db000 r-xp 00000000 08:01 57937867                   /lib/x86_64-linux-gnu/libglib-2.0.so.0.4800.0
7fc67b2db000-7fc67b4db000 ---p 0010e000 08:01 57937867                   /lib/x86_64-linux-gnu/libglib-2.0.so.0.4800.0
7fc67b4db000-7fc67b4dc000 r--p 0010e000 08:01 57937867                   /lib/x86_64-linux-gnu/libglib-2.0.so.0.4800.0
7fc67b4dc000-7fc67b4dd000 rw-p 0010f000 08:01 57937867                   /lib/x86_64-linux-gnu/libglib-2.0.so.0.4800.0
7fc67b4dd000-7fc67b4de000 rw-p 00000000 00:00 0 
7fc67b4de000-7fc67b530000 r-xp 00000000 08:01 5772113                    /usr/lib/x86_64-linux-gnu/libgobject-2.0.so.0.4800.0
7fc67b530000-7fc67b72f000 ---p 00052000 08:01 5772113                    /usr/lib/x86_64-linux-gnu/libgobject-2.0.so.0.4800.0
7fc67b72f000-7fc67b730000 r--p 00051000 08:01 5772113                    /usr/lib/x86_64-linux-gnu/libgobject-2.0.so.0.4800.0
7fc67b730000-7fc67b731000 rw-p 00052000 08:01 5772113                    /usr/lib/x86_64-linux-gnu/libgobject-2.0.so.0.4800.0
7fc67b731000-7fc67b7e1000 r-xp 00000000 08:01 5774259                    /usr/lib/x86_64-linux-gnu/libgdk-x11-2.0.so.0.2400.30
7fc67b7e1000-7fc67b9e0000 ---p 000b0000 08:01 5774259                    /usr/lib/x86_64-linux-gnu/libgdk-x11-2.0.so.0.2400.30
7fc67b9e0000-7fc67b9e4000 r--p 000af000 08:01 5774259                    /usr/lib/x86_64-linux-gnu/libgdk-x11-2.0.so.0.2400.30
7fc67b9e4000-7fc67b9e6000 rw-p 000b3000 08:01 5774259                    /usr/lib/x86_64-linux-gnu/libgdk-x11-2.0.so.0.2400.30
7fc67b9e6000-7fc67be24000 r-xp 00000000 08:01 5774260                    /usr/lib/x86_64-linux-gnu/libgtk-x11-2.0.so.0.2400.30
7fc67be24000-7fc67c023000 ---p 0043e000 08:01 5774260                    /usr/lib/x86_64-linux-gnu/libgtk-x11-2.0.so.0.2400.30
7fc67c023000-7fc67c02a000 r--p 0043d000 08:01 5774260                    /usr/lib/x86_64-linux-gnu/libgtk-x11-2.0.so.0.2400.30
7fc67c02a000-7fc67c02e000 rw-p 00444000 08:01 5774260                    /usr/lib/x86_64-linux-gnu/libgtk-x11-2.0.so.0.2400.30
7fc67c02e000-7fc67c031000 rw-p 00000000 00:00 0 
7fc67c031000-7fc67c073000 r-xp 00000000 08:01 5773742                    /usr/lib/x86_64-linux-gnu/libHalf.so.12.0.0
7fc67c073000-7fc67c272000 ---p 00042000 08:01 5773742                    /usr/lib/x86_64-linux-gnu/libHalf.so.12.0.0
7fc67c272000-7fc67c273000 r--p 00041000 08:01 5773742                    /usr/lib/x86_64-linux-gnu/libHalf.so.12.0.0
7fc67c273000-7fc67c274000 rw-p 00042000 08:01 5773742                    /usr/lib/x86_64-linux-gnu/libHalf.so.12.0.0
7fc67c274000-7fc67c43e000 r-xp 00000000 08:01 5773755                    /usr/lib/x86_64-linux-gnu/libIlmImf-2_2.so.22.0.0
7fc67c43e000-7fc67c63d000 ---p 001ca000 08:01 5773755                    /usr/lib/x86_64-linux-gnu/libIlmImf-2_2.so.22.0.0
7fc67c63d000-7fc67c640000 r--p 001c9000 08:01 5773755                    /usr/lib/x86_64-linux-gnu/libIlmImf-2_2.so.22.0.0
7fc67c640000-7fc67c741000 rw-p 001cc000 08:01 5773755                    /usr/lib/x86_64-linux-gnu/libIlmImf-2_2.so.22.0.0
7fc67c741000-7fc67c742000 rw-p 00000000 00:00 0 
7fc67c742000-7fc67c78e000 r-xp 00000000 08:01 5774490                    /usr/lib/x86_64-linux-gnu/libjasper.so.1.0.0
7fc67c78e000-7fc67c98d000 ---p 0004c000 08:01 5774490                    /usr/lib/x86_64-linux-gnu/libjasper.so.1.0.0
7fc67c98d000-7fc67c98e000 r--p 0004b000 08:01 5774490                    /usr/lib/x86_64-linux-gnu/libjasper.so.1.0.0
7fc67c98e000-7fc67c992000 rw-p 0004c000 08:01 5774490                    /usr/lib/x86_64-linux-gnu/libjasper.so.1.0.0
7fc67c992000-7fc67c999000 rw-p 00000000 00:00 0 
7fc67c999000-7fc67ca08000 r-xp 00000000 08:01 5774225                    /usr/lib/x86_64-linux-gnu/libtiff.so.5.2.4
7fc67ca08000-7fc67cc08000 ---p 0006f000 08:01 5774225                    /usr/lib/x86_64-linux-gnu/libtiff.so.5.2.4
7fc67cc08000-7fc67cc09000 r--p 0006f000 08:01 5774225                    /usr/lib/x86_64-linux-gnu/libtiff.so.5.2.4
7fc67cc09000-7fc67cc0c000 rw-p 00070000 08:01 5774225                    /usr/lib/x86_64-linux-gnu/libtiff.so.5.2.4
7fc67cc0c000-7fc67cc30000 r-xp 00000000 08:01 57934410                   /lib/x86_64-linux-gnu/libpng12.so.0.54.0
7fc67cc30000-7fc67ce2f000 ---p 00024000 08:01 57934410                   /lib/x86_64-linux-gnu/libpng12.so.0.54.0
7fc67ce2f000-7fc67ce30000 r--p 00023000 08:01 57934410                   /lib/x86_64-linux-gnu/libpng12.so.0.54.0
7fc67ce30000-7fc67ce31000 rw-p 00024000 08:01 57934410                   /lib/x86_64-linux-gnu/libpng12.so.0.54.0
7fc67ce31000-7fc67ce88000 r-xp 00000000 08:01 5773736                    /usr/lib/x86_64-linux-gnu/libjpeg.so.8.0.2
7fc67ce88000-7fc67d088000 ---p 00057000 08:01 5773736                    /usr/lib/x86_64-linux-gnu/libjpeg.so.8.0.2
7fc67d088000-7fc67d089000 r--p 00057000 08:01 5773736                    /usr/lib/x86_64-linux-gnu/libjpeg.so.8.0.2
7fc67d089000-7fc67d08a000 rw-p 00058000 08:01 5773736                    /usr/lib/x86_64-linux-gnu/libjpeg.so.8.0.2
7fc67d08a000-7fc67d0f7000 r-xp 00000000 08:01 7604527                    /usr/lib/x86_64-linux-gnu/mesa/libGL.so.1.2.0
7fc67d0f7000-7fc67d2f6000 ---p 0006d000 08:01 7604527                    /usr/lib/x86_64-linux-gnu/mesa/libGL.so.1.2.0
7fc67d2f6000-7fc67d2f9000 r--p 0006c000 08:01 7604527                    /usr/lib/x86_64-linux-gnu/mesa/libGL.so.1.2.0
7fc67d2f9000-7fc67d2fa000 rw-p 0006f000 08:01 7604527                    /usr/lib/x86_64-linux-gnu/mesa/libGL.so.1.2.0
7fc67d2fa000-7fc67d2fb000 rw-p 00000000 00:00 0 
7fc67d2fb000-7fc67d31c000 r-xp 00000000 08:01 5773936                    /usr/lib/x86_64-linux-gnu/libgomp.so.1.0.0
7fc67d31c000-7fc67d51b000 ---p 00021000 08:01 5773936                    /usr/lib/x86_64-linux-gnu/libgomp.so.1.0.0
7fc67d51b000-7fc67d51c000 r--p 00020000 08:01 5773936                    /usr/lib/x86_64-linux-gnu/libgomp.so.1.0.0
7fc67d51c000-7fc67d51d000 rw-p 00021000 08:01 5773936                    /usr/lib/x86_64-linux-gnu/libgomp.so.1.0.0
7fc67d51d000-7fc67d625000 r-xp 00000000 08:01 57934369                   /lib/x86_64-linux-gnu/libm-2.23.so
7fc67d625000-7fc67d824000 ---p 00108000 08:01 57934369                   /lib/x86_64-linux-gnu/libm-2.23.so
7fc67d824000-7fc67d825000 r--p 00107000 08:01 57934369                   /lib/x86_64-linux-gnu/libm-2.23.so
7fc67d825000-7fc67d826000 rw-p 00108000 08:01 57934369                   /lib/x86_64-linux-gnu/libm-2.23.so
7fc67d826000-7fc67da43000 r-xp 00000000 08:01 5773707                    /usr/lib/x86_64-linux-gnu/libopencv_core.so.2.4.9
7fc67da43000-7fc67dc43000 ---p 0021d000 08:01 5773707                    /usr/lib/x86_64-linux-gnu/libopencv_core.so.2.4.9
7fc67dc43000-7fc67dc47000 r--p 0021d000 08:01 5773707                    /usr/lib/x86_64-linux-gnu/libopencv_core.so.2.4.9
7fc67dc47000-7fc67dc4e000 rw-p 00221000 08:01 5773707                    /usr/lib/x86_64-linux-gnu/libopencv_core.so.2.4.9
7fc67dc4e000-7fc67dc50000 rw-p 00000000 00:00 0 
7fc67dc50000-7fc67de40000 r-xp 00000000 08:01 5774460                    /usr/lib/x86_64-linux-gnu/libopencv_imgproc.so.2.4.9
7fc67de40000-7fc67e03f000 ---p 001f0000 08:01 5774460                    /usr/lib/x86_64-linux-gnu/libopencv_imgproc.so.2.4.9
7fc67e03f000-7fc67e045000 r--p 001ef000 08:01 5774460                    /usr/lib/x86_64-linux-gnu/libopencv_imgproc.so.2.4.9
7fc67e045000-7fc67e046000 rw-p 001f5000 08:01 5774460                    /usr/lib/x86_64-linux-gnu/libopencv_imgproc.so.2.4.9
7fc67e046000-7fc67e0db000 rw-p 00000000 00:00 0 
7fc67e0db000-7fc67e121000 r-xp 00000000 08:01 5774500                    /usr/lib/x86_64-linux-gnu/libopencv_highgui.so.2.4.9
7fc67e121000-7fc67e320000 ---p 00046000 08:01 5774500                    /usr/lib/x86_64-linux-gnu/libopencv_highgui.so.2.4.9
7fc67e320000-7fc67e323000 r--p 00045000 08:01 5774500                    /usr/lib/x86_64-linux-gnu/libopencv_highgui.so.2.4.9
7fc67e323000-7fc67e324000 rw-p 00048000 08:01 5774500                    /usr/lib/x86_64-linux-gnu/libopencv_highgui.so.2.4.9
7fc67e324000-7fc67e4e4000 r-xp 00000000 08:01 57934328                   /lib/x86_64-linux-gnu/libc-2.23.so
7fc67e4e4000-7fc67e6e3000 ---p 001c0000 08:01 57934328                   /lib/x86_64-linux-gnu/libc-2.23.so
7fc67e6e3000-7fc67e6e7000 r--p 001bf000 08:01 57934328                   /lib/x86_64-linux-gnu/libc-2.23.so
7fc67e6e7000-7fc67e6e9000 rw-p 001c3000 08:01 57934328                   /lib/x86_64-linux-gnu/libc-2.23.so
7fc67e6e9000-7fc67e6ed000 rw-p 00000000 00:00 0 
7fc67e6ed000-7fc67e705000 r-xp 00000000 08:01 57934415                   /lib/x86_64-linux-gnu/libpthread-2.23.so
7fc67e705000-7fc67e904000 ---p 00018000 08:01 57934415                   /lib/x86_64-linux-gnu/libpthread-2.23.so
7fc67e904000-7fc67e905000 r--p 00017000 08:01 57934415                   /lib/x86_64-linux-gnu/libpthread-2.23.so
7fc67e905000-7fc67e906000 rw-p 00018000 08:01 57934415                   /lib/x86_64-linux-gnu/libpthread-2.23.so
7fc67e906000-7fc67e90a000 rw-p 00000000 00:00 0 
7fc67e90a000-7fc67e920000 r-xp 00000000 08:01 57934354                   /lib/x86_64-linux-gnu/libgcc_s.so.1
7fc67e920000-7fc67eb1f000 ---p 00016000 08:01 57934354                   /lib/x86_64-linux-gnu/libgcc_s.so.1
7fc67eb1f000-7fc67eb20000 rw-p 00015000 08:01 57934354                   /lib/x86_64-linux-gnu/libgcc_s.so.1
7fc67eb20000-7fc67ec92000 r-xp 00000000 08:01 5771302                    /usr/lib/x86_64-linux-gnu/libstdc++.so.6.0.21
7fc67ec92000-7fc67ee92000 ---p 00172000 08:01 5771302                    /usr/lib/x86_64-linux-gnu/libstdc++.so.6.0.21
7fc67ee92000-7fc67ee9c000 r--p 00172000 08:01 5771302                    /usr/lib/x86_64-linux-gnu/libstdc++.so.6.0.21
7fc67ee9c000-7fc67ee9e000 rw-p 0017c000 08:01 5771302                    /usr/lib/x86_64-linux-gnu/libstdc++.so.6.0.21
7fc67ee9e000-7fc67eea2000 rw-p 00000000 00:00 0 
7fc67eea2000-7fc67eeea000 r-xp 00000000 00:2a 657865                     /home/sebastian/raytracing/build/DocOpt/libdocopt.so
7fc67eeea000-7fc67f0e9000 ---p 00048000 00:2a 657865                     /home/sebastian/raytracing/build/DocOpt/libdocopt.so
7fc67f0e9000-7fc67f0eb000 r--p 00047000 00:2a 657865                     /home/sebastian/raytracing/build/DocOpt/libdocopt.so
7fc67f0eb000-7fc67f0ec000 rw-p 00049000 00:2a 657865                     /home/sebastian/raytracing/build/DocOpt/libdocopt.so
7fc67f0ec000-7fc67f22c000 r-xp 00000000 00:2a 54001821                   /home/sebastian/raytracing/build/libmct.so
7fc67f22c000-7fc67f42b000 ---p 00140000 00:2a 54001821                   /home/sebastian/raytracing/build/libmct.so
7fc67f42b000-7fc67f42e000 r--p 0013f000 00:2a 54001821                   /home/sebastian/raytracing/build/libmct.so
7fc67f42e000-7fc67f431000 rw-p 00142000 00:2a 54001821                   /home/sebastian/raytracing/build/libmct.so
7fc67f431000-7fc67f441000 rw-p 00000000 00:00 0 
7fc67f441000-7fc67f467000 r-xp 00000000 08:01 57934304                   /lib/x86_64-linux-gnu/ld-2.23.so
7fc67f5f5000-7fc67f60f000 rw-p 00000000 00:00 0 
7fc67f60f000-7fc67f62d000 r-xp 00000000 08:01 57934441                   /lib/x86_64-linux-gnu/libudev.so.1.6.4
7fc67f62d000-7fc67f62e000 r--p 0001d000 08:01 57934441                   /lib/x86_64-linux-gnu/libudev.so.1.6.4
7fc67f62e000-7fc67f62f000 rw-p 0001e000 08:01 57934441                   /lib/x86_64-linux-gnu/libudev.so.1.6.4
7fc67f62f000-7fc67f658000 rw-p 00000000 00:00 0 
7fc67f662000-7fc67f666000 rw-p 00000000 00:00 0 
7fc67f666000-7fc67f667000 r--p 00025000 08:01 57934304                   /lib/x86_64-linux-gnu/ld-2.23.so
7fc67f667000-7fc67f668000 rw-p 00026000 08:01 57934304                   /lib/x86_64-linux-gnu/ld-2.23.so
7fc67f668000-7fc67f669000 rw-p 00000000 00:00 0 
7fffb5d9d000-7fffb5de0000 rw-p 00000000 00:00 0                          [stack]
7fffb5de6000-7fffb5de8000 r--p 00000000 00:00 0                          [vvar]
7fffb5de8000-7fffb5dea000 r-xp 00000000 00:00 0                          [vdso]
ffffffffff600000-ffffffffff601000 r-xp 00000000 00:00 0                  [vsyscall]
