*** Error in `/home/sebastian/raytracing/build/mctPlenoscopePropagation': munmap_chunk(): invalid pointer: 0x0000000001255fc0 ***
======= Backtrace: =========
/lib/x86_64-linux-gnu/libc.so.6(+0x77725)[0x7f4ba597b725]
/lib/x86_64-linux-gnu/libc.so.6(cfree+0x1a8)[0x7f4ba5987c18]
/home/sebastian/raytracing/build/libmct.so(_ZN17RayForPropagationD1Ev+0x20)[0x7f4ba6740060]
/home/sebastian/raytracing/build/mctPlenoscopePropagation(main+0x39d8)[0x410e38]
/lib/x86_64-linux-gnu/libc.so.6(__libc_start_main+0xf0)[0x7f4ba5924830]
/home/sebastian/raytracing/build/mctPlenoscopePropagation(_start+0x29)[0x412369]
======= Memory map: ========
00400000-00432000 r-xp 00000000 08:01 54001989                           /home/sebastian/raytracing/build/mctPlenoscopePropagation
00632000-00633000 r--p 00032000 08:01 54001989                           /home/sebastian/raytracing/build/mctPlenoscopePropagation
00633000-00634000 rw-p 00033000 08:01 54001989                           /home/sebastian/raytracing/build/mctPlenoscopePropagation
00634000-00635000 rw-p 00000000 00:00 0 
00dee000-0154e000 rw-p 00000000 00:00 0                                  [heap]
7f4b8d021000-7f4b8d022000 ---p 00000000 00:00 0 
7f4b8d022000-7f4b8d822000 rw-p 00000000 00:00 0 
7f4b8d822000-7f4b8f0d8000 r-xp 00000000 08:01 41161944                   /usr/lib/x86_64-linux-gnu/libicudata.so.55.1
7f4b8f0d8000-7f4b8f2d7000 ---p 018b6000 08:01 41161944                   /usr/lib/x86_64-linux-gnu/libicudata.so.55.1
7f4b8f2d7000-7f4b8f2d8000 r--p 018b5000 08:01 41161944                   /usr/lib/x86_64-linux-gnu/libicudata.so.55.1
7f4b8f2d8000-7f4b8f2d9000 rw-p 018b6000 08:01 41161944                   /usr/lib/x86_64-linux-gnu/libicudata.so.55.1
7f4b8f2d9000-7f4b8f2dc000 r-xp 00000000 08:01 25956330                   /lib/x86_64-linux-gnu/libkeyutils.so.1.5
7f4b8f2dc000-7f4b8f4db000 ---p 00003000 08:01 25956330                   /lib/x86_64-linux-gnu/libkeyutils.so.1.5
7f4b8f4db000-7f4b8f4dc000 r--p 00002000 08:01 25956330                   /lib/x86_64-linux-gnu/libkeyutils.so.1.5
7f4b8f4dc000-7f4b8f4dd000 rw-p 00003000 08:01 25956330                   /lib/x86_64-linux-gnu/libkeyutils.so.1.5
7f4b8f4dd000-7f4b8f4e1000 r-xp 00000000 08:01 25952372                   /lib/x86_64-linux-gnu/libuuid.so.1.3.0
7f4b8f4e1000-7f4b8f6e0000 ---p 00004000 08:01 25952372                   /lib/x86_64-linux-gnu/libuuid.so.1.3.0
7f4b8f6e0000-7f4b8f6e1000 r--p 00003000 08:01 25952372                   /lib/x86_64-linux-gnu/libuuid.so.1.3.0
7f4b8f6e1000-7f4b8f6e2000 rw-p 00004000 08:01 25952372                   /lib/x86_64-linux-gnu/libuuid.so.1.3.0
7f4b8f6e2000-7f4b8f861000 r-xp 00000000 08:01 41161940                   /usr/lib/x86_64-linux-gnu/libicuuc.so.55.1
7f4b8f861000-7f4b8fa61000 ---p 0017f000 08:01 41161940                   /usr/lib/x86_64-linux-gnu/libicuuc.so.55.1
7f4b8fa61000-7f4b8fa71000 r--p 0017f000 08:01 41161940                   /usr/lib/x86_64-linux-gnu/libicuuc.so.55.1
7f4b8fa71000-7f4b8fa72000 rw-p 0018f000 08:01 41161940                   /usr/lib/x86_64-linux-gnu/libicuuc.so.55.1
7f4b8fa72000-7f4b8fa76000 rw-p 00000000 00:00 0 
7f4b8fa76000-7f4b8fa80000 r-xp 00000000 08:01 41164127                   /usr/lib/x86_64-linux-gnu/libkrb5support.so.0.1
7f4b8fa80000-7f4b8fc7f000 ---p 0000a000 08:01 41164127                   /usr/lib/x86_64-linux-gnu/libkrb5support.so.0.1
7f4b8fc7f000-7f4b8fc80000 r--p 00009000 08:01 41164127                   /usr/lib/x86_64-linux-gnu/libkrb5support.so.0.1
7f4b8fc80000-7f4b8fc81000 rw-p 0000a000 08:01 41164127                   /usr/lib/x86_64-linux-gnu/libkrb5support.so.0.1
7f4b8fc81000-7f4b8fc84000 r-xp 00000000 08:01 25952307                   /lib/x86_64-linux-gnu/libcom_err.so.2.1
7f4b8fc84000-7f4b8fe83000 ---p 00003000 08:01 25952307                   /lib/x86_64-linux-gnu/libcom_err.so.2.1
7f4b8fe83000-7f4b8fe84000 r--p 00002000 08:01 25952307                   /lib/x86_64-linux-gnu/libcom_err.so.2.1
7f4b8fe84000-7f4b8fe85000 rw-p 00003000 08:01 25952307                   /lib/x86_64-linux-gnu/libcom_err.so.2.1
7f4b8fe85000-7f4b8feb1000 r-xp 00000000 08:01 41164131                   /usr/lib/x86_64-linux-gnu/libk5crypto.so.3.1
7f4b8feb1000-7f4b900b0000 ---p 0002c000 08:01 41164131                   /usr/lib/x86_64-linux-gnu/libk5crypto.so.3.1
7f4b900b0000-7f4b900b2000 r--p 0002b000 08:01 41164131                   /usr/lib/x86_64-linux-gnu/libk5crypto.so.3.1
7f4b900b2000-7f4b900b3000 rw-p 0002d000 08:01 41164131                   /usr/lib/x86_64-linux-gnu/libk5crypto.so.3.1
7f4b900b3000-7f4b900b4000 rw-p 00000000 00:00 0 
7f4b900b4000-7f4b90177000 r-xp 00000000 08:01 41164135                   /usr/lib/x86_64-linux-gnu/libkrb5.so.3.3
7f4b90177000-7f4b90377000 ---p 000c3000 08:01 41164135                   /usr/lib/x86_64-linux-gnu/libkrb5.so.3.3
7f4b90377000-7f4b90384000 r--p 000c3000 08:01 41164135                   /usr/lib/x86_64-linux-gnu/libkrb5.so.3.3
7f4b90384000-7f4b90386000 rw-p 000d0000 08:01 41164135                   /usr/lib/x86_64-linux-gnu/libkrb5.so.3.3
7f4b90386000-7f4b90398000 r-xp 00000000 08:01 25952325                   /lib/x86_64-linux-gnu/libgpg-error.so.0.17.0
7f4b90398000-7f4b90598000 ---p 00012000 08:01 25952325                   /lib/x86_64-linux-gnu/libgpg-error.so.0.17.0
7f4b90598000-7f4b90599000 r--p 00012000 08:01 25952325                   /lib/x86_64-linux-gnu/libgpg-error.so.0.17.0
7f4b90599000-7f4b9059a000 rw-p 00013000 08:01 25952325                   /lib/x86_64-linux-gnu/libgpg-error.so.0.17.0
7f4b9059a000-7f4b905b0000 r-xp 00000000 08:01 41165418                   /usr/lib/x86_64-linux-gnu/libICE.so.6.3.0
7f4b905b0000-7f4b907af000 ---p 00016000 08:01 41165418                   /usr/lib/x86_64-linux-gnu/libICE.so.6.3.0
7f4b907af000-7f4b907b0000 r--p 00015000 08:01 41165418                   /usr/lib/x86_64-linux-gnu/libICE.so.6.3.0
7f4b907b0000-7f4b907b1000 rw-p 00016000 08:01 41165418                   /usr/lib/x86_64-linux-gnu/libICE.so.6.3.0
7f4b907b1000-7f4b907b4000 rw-p 00000000 00:00 0 
7f4b907b4000-7f4b907bb000 r-xp 00000000 08:01 41165458                   /usr/lib/x86_64-linux-gnu/libSM.so.6.0.1
7f4b907bb000-7f4b909ba000 ---p 00007000 08:01 41165458                   /usr/lib/x86_64-linux-gnu/libSM.so.6.0.1
7f4b909ba000-7f4b909bb000 r--p 00006000 08:01 41165458                   /usr/lib/x86_64-linux-gnu/libSM.so.6.0.1
7f4b909bb000-7f4b909bc000 rw-p 00007000 08:01 41165458                   /usr/lib/x86_64-linux-gnu/libSM.so.6.0.1
7f4b909bc000-7f4b909c2000 r-xp 00000000 08:01 41165804                   /usr/lib/x86_64-linux-gnu/libdatrie.so.1.3.3
7f4b909c2000-7f4b90bc2000 ---p 00006000 08:01 41165804                   /usr/lib/x86_64-linux-gnu/libdatrie.so.1.3.3
7f4b90bc2000-7f4b90bc3000 r--p 00006000 08:01 41165804                   /usr/lib/x86_64-linux-gnu/libdatrie.so.1.3.3
7f4b90bc3000-7f4b90bc4000 rw-p 00007000 08:01 41165804                   /usr/lib/x86_64-linux-gnu/libdatrie.so.1.3.3
7f4b90bc4000-7f4b90be7000 r-xp 00000000 08:01 41166863                   /usr/lib/x86_64-linux-gnu/libgraphite2.so.3.0.1
7f4b90be7000-7f4b90de6000 ---p 00023000 08:01 41166863                   /usr/lib/x86_64-linux-gnu/libgraphite2.so.3.0.1
7f4b90de6000-7f4b90de8000 r--p 00022000 08:01 41166863                   /usr/lib/x86_64-linux-gnu/libgraphite2.so.3.0.1
7f4b90de8000-7f4b90de9000 rw-p 00024000 08:01 41166863                   /usr/lib/x86_64-linux-gnu/libgraphite2.so.3.0.1
7f4b90de9000-7f4b90dfa000 r-xp 00000000 08:01 41161294                   /usr/lib/x86_64-linux-gnu/libtasn1.so.6.5.1
7f4b90dfa000-7f4b90ffa000 ---p 00011000 08:01 41161294                   /usr/lib/x86_64-linux-gnu/libtasn1.so.6.5.1
7f4b90ffa000-7f4b90ffb000 r--p 00011000 08:01 41161294                   /usr/lib/x86_64-linux-gnu/libtasn1.so.6.5.1
7f4b90ffb000-7f4b90ffc000 rw-p 00012000 08:01 41161294                   /usr/lib/x86_64-linux-gnu/libtasn1.so.6.5.1
7f4b90ffc000-7f4b9102d000 r-xp 00000000 08:01 41161269                   /usr/lib/x86_64-linux-gnu/libidn.so.11.6.15
7f4b9102d000-7f4b9122d000 ---p 00031000 08:01 41161269                   /usr/lib/x86_64-linux-gnu/libidn.so.11.6.15
7f4b9122d000-7f4b9122e000 r--p 00031000 08:01 41161269                   /usr/lib/x86_64-linux-gnu/libidn.so.11.6.15
7f4b9122e000-7f4b9122f000 rw-p 00032000 08:01 41161269                   /usr/lib/x86_64-linux-gnu/libidn.so.11.6.15
7f4b9122f000-7f4b91289000 r-xp 00000000 08:01 41161284                   /usr/lib/x86_64-linux-gnu/libp11-kit.so.0.1.0
7f4b91289000-7f4b91488000 ---p 0005a000 08:01 41161284                   /usr/lib/x86_64-linux-gnu/libp11-kit.so.0.1.0
7f4b91488000-7f4b91492000 r--p 00059000 08:01 41161284                   /usr/lib/x86_64-linux-gnu/libp11-kit.so.0.1.0
7f4b91492000-7f4b91494000 rw-p 00063000 08:01 41161284                   /usr/lib/x86_64-linux-gnu/libp11-kit.so.0.1.0
7f4b91494000-7f4b91644000 r-xp 00000000 08:01 41161954                   /usr/lib/x86_64-linux-gnu/libxml2.so.2.9.3
7f4b91644000-7f4b91843000 ---p 001b0000 08:01 41161954                   /usr/lib/x86_64-linux-gnu/libxml2.so.2.9.3
7f4b91843000-7f4b9184b000 r--p 001af000 08:01 41161954                   /usr/lib/x86_64-linux-gnu/libxml2.so.2.9.3
7f4b9184b000-7f4b9184d000 rw-p 001b7000 08:01 41161954                   /usr/lib/x86_64-linux-gnu/libxml2.so.2.9.3
7f4b9184d000-7f4b9184e000 rw-p 00000000 00:00 0 
7f4b9184e000-7f4b918cd000 r-xp 00000000 08:01 41161260                   /usr/lib/x86_64-linux-gnu/libgmp.so.10.3.0
7f4b918cd000-7f4b91acc000 ---p 0007f000 08:01 41161260                   /usr/lib/x86_64-linux-gnu/libgmp.so.10.3.0
7f4b91acc000-7f4b91acd000 r--p 0007e000 08:01 41161260                   /usr/lib/x86_64-linux-gnu/libgmp.so.10.3.0
7f4b91acd000-7f4b91ace000 rw-p 0007f000 08:01 41161260                   /usr/lib/x86_64-linux-gnu/libgmp.so.10.3.0
7f4b91ace000-7f4b91b02000 r-xp 00000000 08:01 41161282                   /usr/lib/x86_64-linux-gnu/libnettle.so.6.2
7f4b91b02000-7f4b91d01000 ---p 00034000 08:01 41161282                   /usr/lib/x86_64-linux-gnu/libnettle.so.6.2
7f4b91d01000-7f4b91d03000 r--p 00033000 08:01 41161282                   /usr/lib/x86_64-linux-gnu/libnettle.so.6.2
7f4b91d03000-7f4b91d04000 rw-p 00035000 08:01 41161282                   /usr/lib/x86_64-linux-gnu/libnettle.so.6.2
7f4b91d04000-7f4b91d36000 r-xp 00000000 08:01 41161266                   /usr/lib/x86_64-linux-gnu/libhogweed.so.4.2
7f4b91d36000-7f4b91f35000 ---p 00032000 08:01 41161266                   /usr/lib/x86_64-linux-gnu/libhogweed.so.4.2
7f4b91f35000-7f4b91f36000 r--p 00031000 08:01 41161266                   /usr/lib/x86_64-linux-gnu/libhogweed.so.4.2
7f4b91f36000-7f4b91f37000 rw-p 00032000 08:01 41161266                   /usr/lib/x86_64-linux-gnu/libhogweed.so.4.2
7f4b91f37000-7f4b91f7e000 r-xp 00000000 08:01 41164141                   /usr/lib/x86_64-linux-gnu/libgssapi_krb5.so.2.2
7f4b91f7e000-7f4b9217d000 ---p 00047000 08:01 41164141                   /usr/lib/x86_64-linux-gnu/libgssapi_krb5.so.2.2
7f4b9217d000-7f4b9217f000 r--p 00046000 08:01 41164141                   /usr/lib/x86_64-linux-gnu/libgssapi_krb5.so.2.2
7f4b9217f000-7f4b92181000 rw-p 00048000 08:01 41164141                   /usr/lib/x86_64-linux-gnu/libgssapi_krb5.so.2.2
7f4b92181000-7f4b92259000 r-xp 00000000 08:01 25952323                   /lib/x86_64-linux-gnu/libgcrypt.so.20.0.5
7f4b92259000-7f4b92458000 ---p 000d8000 08:01 25952323                   /lib/x86_64-linux-gnu/libgcrypt.so.20.0.5
7f4b92458000-7f4b92459000 r--p 000d7000 08:01 25952323                   /lib/x86_64-linux-gnu/libgcrypt.so.20.0.5
7f4b92459000-7f4b92461000 rw-p 000d8000 08:01 25952323                   /lib/x86_64-linux-gnu/libgcrypt.so.20.0.5
7f4b92461000-7f4b92462000 rw-p 00000000 00:00 0 
7f4b92462000-7f4b924dd000 r-xp 00000000 08:01 41165452                   /usr/lib/x86_64-linux-gnu/liborc-0.4.so.0.25.0
7f4b924dd000-7f4b926dc000 ---p 0007b000 08:01 41165452                   /usr/lib/x86_64-linux-gnu/liborc-0.4.so.0.25.0
7f4b926dc000-7f4b926de000 r--p 0007a000 08:01 41165452                   /usr/lib/x86_64-linux-gnu/liborc-0.4.so.0.25.0
7f4b926de000-7f4b926e2000 rw-p 0007c000 08:01 41165452                   /usr/lib/x86_64-linux-gnu/liborc-0.4.so.0.25.0
7f4b926e2000-7f4b926e9000 r-xp 00000000 08:01 41165423                   /usr/lib/x86_64-linux-gnu/libogg.so.0.8.2
7f4b926e9000-7f4b928e9000 ---p 00007000 08:01 41165423                   /usr/lib/x86_64-linux-gnu/libogg.so.0.8.2
7f4b928e9000-7f4b928ea000 r--p 00007000 08:01 41165423                   /usr/lib/x86_64-linux-gnu/libogg.so.0.8.2
7f4b928ea000-7f4b928eb000 rw-p 00008000 08:01 41165423                   /usr/lib/x86_64-linux-gnu/libogg.so.0.8.2
7f4b928eb000-7f4b928f5000 r-xp 00000000 08:01 41164557                   /usr/lib/x86_64-linux-gnu/libnuma.so.1.0.0
7f4b928f5000-7f4b92af4000 ---p 0000a000 08:01 41164557                   /usr/lib/x86_64-linux-gnu/libnuma.so.1.0.0
7f4b92af4000-7f4b92af5000 r--p 00009000 08:01 41164557                   /usr/lib/x86_64-linux-gnu/libnuma.so.1.0.0
7f4b92af5000-7f4b92af6000 rw-p 0000a000 08:01 41164557                   /usr/lib/x86_64-linux-gnu/libnuma.so.1.0.0
7f4b92af6000-7f4b92b24000 r-xp 00000000 08:01 41167087                   /usr/lib/x86_64-linux-gnu/libsoxr.so.0.1.1
7f4b92b24000-7f4b92d23000 ---p 0002e000 08:01 41167087                   /usr/lib/x86_64-linux-gnu/libsoxr.so.0.1.1
7f4b92d23000-7f4b92d25000 r--p 0002d000 08:01 41167087                   /usr/lib/x86_64-linux-gnu/libsoxr.so.0.1.1
7f4b92d25000-7f4b92d26000 rw-p 0002f000 08:01 41167087                   /usr/lib/x86_64-linux-gnu/libsoxr.so.0.1.1
7f4b92d26000-7f4b92d5b000 rw-p 00000000 00:00 0 
7f4b92d5b000-7f4b92d80000 r-xp 00000000 08:01 41167577                   /usr/lib/x86_64-linux-gnu/libv4lconvert.so.0.0.0
7f4b92d80000-7f4b92f80000 ---p 00025000 08:01 41167577                   /usr/lib/x86_64-linux-gnu/libv4lconvert.so.0.0.0
7f4b92f80000-7f4b92f82000 r--p 00025000 08:01 41167577                   /usr/lib/x86_64-linux-gnu/libv4lconvert.so.0.0.0
7f4b92f82000-7f4b92f83000 rw-p 00027000 08:01 41167577                   /usr/lib/x86_64-linux-gnu/libv4lconvert.so.0.0.0
7f4b92f83000-7f4b92fd5000 rw-p 00000000 00:00 0 
7f4b92fd5000-7f4b93037000 r-xp 00000000 08:01 41167563                   /usr/lib/x86_64-linux-gnu/libXt.so.6.0.0
7f4b93037000-7f4b93237000 ---p 00062000 08:01 41167563                   /usr/lib/x86_64-linux-gnu/libXt.so.6.0.0
7f4b93237000-7f4b93238000 r--p 00062000 08:01 41167563                   /usr/lib/x86_64-linux-gnu/libXt.so.6.0.0
7f4b93238000-7f4b9323d000 rw-p 00063000 08:01 41167563                   /usr/lib/x86_64-linux-gnu/libXt.so.6.0.0
7f4b9323d000-7f4b9323e000 rw-p 00000000 00:00 0 
7f4b9323e000-7f4b93246000 r-xp 00000000 08:01 41165806                   /usr/lib/x86_64-linux-gnu/libthai.so.0.2.4
7f4b93246000-7f4b93445000 ---p 00008000 08:01 41165806                   /usr/lib/x86_64-linux-gnu/libthai.so.0.2.4
7f4b93445000-7f4b93446000 r--p 00007000 08:01 41165806                   /usr/lib/x86_64-linux-gnu/libthai.so.0.2.4
7f4b93446000-7f4b93447000 rw-p 00008000 08:01 41165806                   /usr/lib/x86_64-linux-gnu/libthai.so.0.2.4
7f4b93447000-7f4b934a3000 r-xp 00000000 08:01 41166866                   /usr/lib/x86_64-linux-gnu/libharfbuzz.so.0.10000.1
7f4b934a3000-7f4b936a3000 ---p 0005c000 08:01 41166866                   /usr/lib/x86_64-linux-gnu/libharfbuzz.so.0.10000.1
7f4b936a3000-7f4b936a4000 r--p 0005c000 08:01 41166866                   /usr/lib/x86_64-linux-gnu/libharfbuzz.so.0.10000.1
7f4b936a4000-7f4b936a5000 rw-p 0005d000 08:01 41166866                   /usr/lib/x86_64-linux-gnu/libharfbuzz.so.0.10000.1
7f4b936a5000-7f4b936bc000 r-xp 00000000 08:01 25952291                   /lib/x86_64-linux-gnu/libresolv-2.23.so
7f4b936bc000-7f4b938bc000 ---p 00017000 08:01 25952291                   /lib/x86_64-linux-gnu/libresolv-2.23.so
7f4b938bc000-7f4b938bd000 r--p 00017000 08:01 25952291                   /lib/x86_64-linux-gnu/libresolv-2.23.so
7f4b938bd000-7f4b938be000 rw-p 00018000 08:01 25952291                   /lib/x86_64-linux-gnu/libresolv-2.23.so
7f4b938be000-7f4b938c0000 rw-p 00000000 00:00 0 
7f4b938c0000-7f4b938df000 r-xp 00000000 08:01 25952360                   /lib/x86_64-linux-gnu/libselinux.so.1
7f4b938df000-7f4b93ade000 ---p 0001f000 08:01 25952360                   /lib/x86_64-linux-gnu/libselinux.so.1
7f4b93ade000-7f4b93adf000 r--p 0001e000 08:01 25952360                   /lib/x86_64-linux-gnu/libselinux.so.1
7f4b93adf000-7f4b93ae0000 rw-p 0001f000 08:01 25952360                   /lib/x86_64-linux-gnu/libselinux.so.1
7f4b93ae0000-7f4b93ae2000 rw-p 00000000 00:00 0 
7f4b93ae2000-7f4b93aea000 r-xp 00000000 08:01 41166856                   /usr/lib/x86_64-linux-gnu/libxcb-render.so.0.0.0
7f4b93aea000-7f4b93cea000 ---p 00008000 08:01 41166856                   /usr/lib/x86_64-linux-gnu/libxcb-render.so.0.0.0
7f4b93cea000-7f4b93ceb000 r--p 00008000 08:01 41166856                   /usr/lib/x86_64-linux-gnu/libxcb-render.so.0.0.0
7f4b93ceb000-7f4b93cec000 rw-p 00009000 08:01 41166856                   /usr/lib/x86_64-linux-gnu/libxcb-render.so.0.0.0
7f4b93cec000-7f4b93cee000 r-xp 00000000 08:01 41166858                   /usr/lib/x86_64-linux-gnu/libxcb-shm.so.0.0.0
7f4b93cee000-7f4b93eee000 ---p 00002000 08:01 41166858                   /usr/lib/x86_64-linux-gnu/libxcb-shm.so.0.0.0
7f4b93eee000-7f4b93eef000 r--p 00002000 08:01 41166858                   /usr/lib/x86_64-linux-gnu/libxcb-shm.so.0.0.0
7f4b93eef000-7f4b93ef0000 rw-p 00003000 08:01 41166858                   /usr/lib/x86_64-linux-gnu/libxcb-shm.so.0.0.0
7f4b93ef0000-7f4b93f8f000 r-xp 00000000 08:01 41166854                   /usr/lib/x86_64-linux-gnu/libpixman-1.so.0.33.6
7f4b93f8f000-7f4b9418f000 ---p 0009f000 08:01 41166854                   /usr/lib/x86_64-linux-gnu/libpixman-1.so.0.33.6
7f4b9418f000-7f4b94197000 r--p 0009f000 08:01 41166854                   /usr/lib/x86_64-linux-gnu/libpixman-1.so.0.33.6
7f4b94197000-7f4b94198000 rw-p 000a7000 08:01 41166854                   /usr/lib/x86_64-linux-gnu/libpixman-1.so.0.33.6
7f4b94198000-7f4b9423c000 r-xp 00000000 08:01 41161571                   /usr/lib/x86_64-linux-gnu/libfreetype.so.6.12.1
7f4b9423c000-7f4b9443b000 ---p 000a4000 08:01 41161571                   /usr/lib/x86_64-linux-gnu/libfreetype.so.6.12.1
7f4b9443b000-7f4b94441000 r--p 000a3000 08:01 41161571                   /usr/lib/x86_64-linux-gnu/libfreetype.so.6.12.1
7f4b94441000-7f4b94442000 rw-p 000a9000 08:01 41161571                   /usr/lib/x86_64-linux-gnu/libfreetype.so.6.12.1
7f4b94442000-7f4b94447000 r-xp 00000000 08:01 41163605                   /usr/lib/x86_64-linux-gnu/libXdmcp.so.6.0.0
7f4b94447000-7f4b94646000 ---p 00005000 08:01 41163605                   /usr/lib/x86_64-linux-gnu/libXdmcp.so.6.0.0
7f4b94646000-7f4b94647000 r--p 00004000 08:01 41163605                   /usr/lib/x86_64-linux-gnu/libXdmcp.so.6.0.0
7f4b94647000-7f4b94648000 rw-p 00005000 08:01 41163605                   /usr/lib/x86_64-linux-gnu/libXdmcp.so.6.0.0
7f4b94648000-7f4b9464a000 r-xp 00000000 08:01 41163601                   /usr/lib/x86_64-linux-gnu/libXau.so.6.0.0
7f4b9464a000-7f4b9484a000 ---p 00002000 08:01 41163601                   /usr/lib/x86_64-linux-gnu/libXau.so.6.0.0
7f4b9484a000-7f4b9484b000 r--p 00002000 08:01 41163601                   /usr/lib/x86_64-linux-gnu/libXau.so.6.0.0
7f4b9484b000-7f4b9484c000 rw-p 00003000 08:01 41163601                   /usr/lib/x86_64-linux-gnu/libXau.so.6.0.0
7f4b9484c000-7f4b9485b000 r-xp 00000000 08:01 25952271                   /lib/x86_64-linux-gnu/libbz2.so.1.0.4
7f4b9485b000-7f4b94a5a000 ---p 0000f000 08:01 25952271                   /lib/x86_64-linux-gnu/libbz2.so.1.0.4
7f4b94a5a000-7f4b94a5b000 r--p 0000e000 08:01 25952271                   /lib/x86_64-linux-gnu/libbz2.so.1.0.4
7f4b94a5b000-7f4b94a5c000 rw-p 0000f000 08:01 25952271                   /lib/x86_64-linux-gnu/libbz2.so.1.0.4
7f4b94a5c000-7f4b94b80000 r-xp 00000000 08:01 41161264                   /usr/lib/x86_64-linux-gnu/libgnutls.so.30.6.2
7f4b94b80000-7f4b94d7f000 ---p 00124000 08:01 41161264                   /usr/lib/x86_64-linux-gnu/libgnutls.so.30.6.2
7f4b94d7f000-7f4b94d8a000 r--p 00123000 08:01 41161264                   /usr/lib/x86_64-linux-gnu/libgnutls.so.30.6.2
7f4b94d8a000-7f4b94d8c000 rw-p 0012e000 08:01 41161264                   /usr/lib/x86_64-linux-gnu/libgnutls.so.30.6.2
7f4b94d8c000-7f4b94d8d000 rw-p 00000000 00:00 0 
7f4b94d8d000-7f4b94dd4000 r-xp 00000000 08:01 41167143                   /usr/lib/x86_64-linux-gnu/libbluray.so.1.9.2
7f4b94dd4000-7f4b94fd3000 ---p 00047000 08:01 41167143                   /usr/lib/x86_64-linux-gnu/libbluray.so.1.9.2
7f4b94fd3000-7f4b94fd5000 r--p 00046000 08:01 41167143                   /usr/lib/x86_64-linux-gnu/libbluray.so.1.9.2
7f4b94fd5000-7f4b94fd6000 rw-p 00048000 08:01 41167143                   /usr/lib/x86_64-linux-gnu/libbluray.so.1.9.2
7f4b94fd6000-7f4b95020000 r-xp 00000000 08:01 41167145                   /usr/lib/x86_64-linux-gnu/libgme.so.0.6.0
7f4b95020000-7f4b95220000 ---p 0004a000 08:01 41167145                   /usr/lib/x86_64-linux-gnu/libgme.so.0.6.0
7f4b95220000-7f4b95223000 r--p 0004a000 08:01 41167145                   /usr/lib/x86_64-linux-gnu/libgme.so.0.6.0
7f4b95223000-7f4b95224000 rw-p 0004d000 08:01 41167145                   /usr/lib/x86_64-linux-gnu/libgme.so.0.6.0
7f4b95224000-7f4b9526e000 r-xp 00000000 08:01 41167147                   /usr/lib/x86_64-linux-gnu/libmodplug.so.1.0.0
7f4b9526e000-7f4b9546e000 ---p 0004a000 08:01 41167147                   /usr/lib/x86_64-linux-gnu/libmodplug.so.1.0.0
7f4b9546e000-7f4b9546f000 r--p 0004a000 08:01 41167147                   /usr/lib/x86_64-linux-gnu/libmodplug.so.1.0.0
7f4b9546f000-7f4b95470000 rw-p 0004b000 08:01 41167147                   /usr/lib/x86_64-linux-gnu/libmodplug.so.1.0.0
7f4b95470000-7f4b955af000 rw-p 00000000 00:00 0 
7f4b955af000-7f4b955ca000 r-xp 00000000 08:01 41164217                   /usr/lib/x86_64-linux-gnu/librtmp.so.1
7f4b955ca000-7f4b957c9000 ---p 0001b000 08:01 41164217                   /usr/lib/x86_64-linux-gnu/librtmp.so.1
7f4b957c9000-7f4b957ca000 r--p 0001a000 08:01 41164217                   /usr/lib/x86_64-linux-gnu/librtmp.so.1
7f4b957ca000-7f4b957cb000 rw-p 0001b000 08:01 41164217                   /usr/lib/x86_64-linux-gnu/librtmp.so.1
7f4b957cb000-7f4b95813000 r-xp 00000000 08:01 41167149                   /usr/lib/x86_64-linux-gnu/libssh-gcrypt.so.4.4.1
7f4b95813000-7f4b95a12000 ---p 00048000 08:01 41167149                   /usr/lib/x86_64-linux-gnu/libssh-gcrypt.so.4.4.1
7f4b95a12000-7f4b95a13000 r--p 00047000 08:01 41167149                   /usr/lib/x86_64-linux-gnu/libssh-gcrypt.so.4.4.1
7f4b95a13000-7f4b95a14000 rw-p 00048000 08:01 41167149                   /usr/lib/x86_64-linux-gnu/libssh-gcrypt.so.4.4.1
7f4b95a14000-7f4b95a2e000 r-xp 00000000 08:01 41165410                   /usr/lib/x86_64-linux-gnu/libcrystalhd.so.3.6
7f4b95a2e000-7f4b95c2d000 ---p 0001a000 08:01 41165410                   /usr/lib/x86_64-linux-gnu/libcrystalhd.so.3.6
7f4b95c2d000-7f4b95c2e000 r--p 00019000 08:01 41165410                   /usr/lib/x86_64-linux-gnu/libcrystalhd.so.3.6
7f4b95c2e000-7f4b95c2f000 rw-p 0001a000 08:01 41165410                   /usr/lib/x86_64-linux-gnu/libcrystalhd.so.3.6
7f4b95c2f000-7f4b95c3c000 r-xp 00000000 08:01 41165412                   /usr/lib/x86_64-linux-gnu/libgsm.so.1.0.12
7f4b95c3c000-7f4b95e3b000 ---p 0000d000 08:01 41165412                   /usr/lib/x86_64-linux-gnu/libgsm.so.1.0.12
7f4b95e3b000-7f4b95e3c000 r--p 0000c000 08:01 41165412                   /usr/lib/x86_64-linux-gnu/libgsm.so.1.0.12
7f4b95e3c000-7f4b95e3d000 rw-p 0000d000 08:01 41165412                   /usr/lib/x86_64-linux-gnu/libgsm.so.1.0.12
7f4b95e3d000-7f4b95e82000 r-xp 00000000 08:01 41167073                   /usr/lib/x86_64-linux-gnu/libmp3lame.so.0.0.0
7f4b95e82000-7f4b96082000 ---p 00045000 08:01 41167073                   /usr/lib/x86_64-linux-gnu/libmp3lame.so.0.0.0
7f4b96082000-7f4b96083000 r--p 00045000 08:01 41167073                   /usr/lib/x86_64-linux-gnu/libmp3lame.so.0.0.0
7f4b96083000-7f4b96084000 rw-p 00046000 08:01 41167073                   /usr/lib/x86_64-linux-gnu/libmp3lame.so.0.0.0
7f4b96084000-7f4b960b2000 rw-p 00000000 00:00 0 
7f4b960b2000-7f4b960d4000 r-xp 00000000 08:01 41167076                   /usr/lib/x86_64-linux-gnu/libopenjpeg.so.1.5.2
7f4b960d4000-7f4b962d3000 ---p 00022000 08:01 41167076                   /usr/lib/x86_64-linux-gnu/libopenjpeg.so.1.5.2
7f4b962d3000-7f4b962d4000 r--p 00021000 08:01 41167076                   /usr/lib/x86_64-linux-gnu/libopenjpeg.so.1.5.2
7f4b962d4000-7f4b962d5000 rw-p 00022000 08:01 41167076                   /usr/lib/x86_64-linux-gnu/libopenjpeg.so.1.5.2
7f4b962d5000-7f4b9631e000 r-xp 00000000 08:01 41167079                   /usr/lib/x86_64-linux-gnu/libopus.so.0.5.2
7f4b9631e000-7f4b9651d000 ---p 00049000 08:01 41167079                   /usr/lib/x86_64-linux-gnu/libopus.so.0.5.2
7f4b9651d000-7f4b9651e000 r--p 00048000 08:01 41167079                   /usr/lib/x86_64-linux-gnu/libopus.so.0.5.2
7f4b9651e000-7f4b9651f000 rw-p 00049000 08:01 41167079                   /usr/lib/x86_64-linux-gnu/libopus.so.0.5.2
7f4b9651f000-7f4b965f0000 r-xp 00000000 08:01 41165456                   /usr/lib/x86_64-linux-gnu/libschroedinger-1.0.so.0.11.0
7f4b965f0000-7f4b967f0000 ---p 000d1000 08:01 41165456                   /usr/lib/x86_64-linux-gnu/libschroedinger-1.0.so.0.11.0
7f4b967f0000-7f4b967f2000 r--p 000d1000 08:01 41165456                   /usr/lib/x86_64-linux-gnu/libschroedinger-1.0.so.0.11.0
7f4b967f2000-7f4b967f3000 rw-p 000d3000 08:01 41165456                   /usr/lib/x86_64-linux-gnu/libschroedinger-1.0.so.0.11.0
7f4b967f3000-7f4b967f4000 rw-p 00000000 00:00 0 
7f4b967f4000-7f4b96800000 r-xp 00000000 08:01 41167081                   /usr/lib/x86_64-linux-gnu/libshine.so.3.0.1
7f4b96800000-7f4b969ff000 ---p 0000c000 08:01 41167081                   /usr/lib/x86_64-linux-gnu/libshine.so.3.0.1
7f4b969ff000-7f4b96a00000 r--p 0000b000 08:01 41167081                   /usr/lib/x86_64-linux-gnu/libshine.so.3.0.1
7f4b96a00000-7f4b96a01000 rw-p 0000c000 08:01 41167081                   /usr/lib/x86_64-linux-gnu/libshine.so.3.0.1
7f4b96a01000-7f4b96a08000 r-xp 00000000 08:01 41167083                   /usr/lib/x86_64-linux-gnu/libsnappy.so.1.3.0
7f4b96a08000-7f4b96c07000 ---p 00007000 08:01 41167083                   /usr/lib/x86_64-linux-gnu/libsnappy.so.1.3.0
7f4b96c07000-7f4b96c08000 r--p 00006000 08:01 41167083                   /usr/lib/x86_64-linux-gnu/libsnappy.so.1.3.0
7f4b96c08000-7f4b96c09000 rw-p 00007000 08:01 41167083                   /usr/lib/x86_64-linux-gnu/libsnappy.so.1.3.0
7f4b96c09000-7f4b96c20000 r-xp 00000000 08:01 41167085                   /usr/lib/x86_64-linux-gnu/libspeex.so.1.5.0
7f4b96c20000-7f4b96e20000 ---p 00017000 08:01 41167085                   /usr/lib/x86_64-linux-gnu/libspeex.so.1.5.0
7f4b96e20000-7f4b96e21000 r--p 00017000 08:01 41167085                   /usr/lib/x86_64-linux-gnu/libspeex.so.1.5.0
7f4b96e21000-7f4b96e22000 rw-p 00018000 08:01 41167085                   /usr/lib/x86_64-linux-gnu/libspeex.so.1.5.0
7f4b96e22000-7f4b96e3b000 r-xp 00000000 08:01 41167094                   /usr/lib/x86_64-linux-gnu/libtheoradec.so.1.1.4
7f4b96e3b000-7f4b9703a000 ---p 00019000 08:01 41167094                   /usr/lib/x86_64-linux-gnu/libtheoradec.so.1.1.4
7f4b9703a000-7f4b9703b000 r--p 00018000 08:01 41167094                   /usr/lib/x86_64-linux-gnu/libtheoradec.so.1.1.4
7f4b9703b000-7f4b9703c000 rw-p 00019000 08:01 41167094                   /usr/lib/x86_64-linux-gnu/libtheoradec.so.1.1.4
7f4b9703c000-7f4b9707a000 r-xp 00000000 08:01 41167092                   /usr/lib/x86_64-linux-gnu/libtheoraenc.so.1.1.2
7f4b9707a000-7f4b97279000 ---p 0003e000 08:01 41167092                   /usr/lib/x86_64-linux-gnu/libtheoraenc.so.1.1.2
7f4b97279000-7f4b9727a000 r--p 0003d000 08:01 41167092                   /usr/lib/x86_64-linux-gnu/libtheoraenc.so.1.1.2
7f4b9727a000-7f4b9727b000 rw-p 0003e000 08:01 41167092                   /usr/lib/x86_64-linux-gnu/libtheoraenc.so.1.1.2
7f4b9727b000-7f4b97299000 r-xp 00000000 08:01 41167098                   /usr/lib/x86_64-linux-gnu/libtwolame.so.0.0.0
7f4b97299000-7f4b97498000 ---p 0001e000 08:01 41167098                   /usr/lib/x86_64-linux-gnu/libtwolame.so.0.0.0
7f4b97498000-7f4b97499000 r--p 0001d000 08:01 41167098                   /usr/lib/x86_64-linux-gnu/libtwolame.so.0.0.0
7f4b97499000-7f4b9749a000 rw-p 0001e000 08:01 41167098                   /usr/lib/x86_64-linux-gnu/libtwolame.so.0.0.0
7f4b9749a000-7f4b9749e000 rw-p 00000000 00:00 0 
7f4b9749e000-7f4b974c8000 r-xp 00000000 08:01 41167102                   /usr/lib/x86_64-linux-gnu/libvorbis.so.0.4.8
7f4b974c8000-7f4b976c8000 ---p 0002a000 08:01 41167102                   /usr/lib/x86_64-linux-gnu/libvorbis.so.0.4.8
7f4b976c8000-7f4b976c9000 r--p 0002a000 08:01 41167102                   /usr/lib/x86_64-linux-gnu/libvorbis.so.0.4.8
7f4b976c9000-7f4b976ca000 rw-p 0002b000 08:01 41167102                   /usr/lib/x86_64-linux-gnu/libvorbis.so.0.4.8
7f4b976ca000-7f4b97757000 r-xp 00000000 08:01 41167105                   /usr/lib/x86_64-linux-gnu/libvorbisenc.so.2.0.11
7f4b97757000-7f4b97956000 ---p 0008d000 08:01 41167105                   /usr/lib/x86_64-linux-gnu/libvorbisenc.so.2.0.11
7f4b97956000-7f4b97972000 r--p 0008c000 08:01 41167105                   /usr/lib/x86_64-linux-gnu/libvorbisenc.so.2.0.11
7f4b97972000-7f4b97973000 rw-p 000a8000 08:01 41167105                   /usr/lib/x86_64-linux-gnu/libvorbisenc.so.2.0.11
7f4b97973000-7f4b97b92000 r-xp 00000000 08:01 41167107                   /usr/lib/x86_64-linux-gnu/libvpx.so.3.0.0
7f4b97b92000-7f4b97d91000 ---p 0021f000 08:01 41167107                   /usr/lib/x86_64-linux-gnu/libvpx.so.3.0.0
7f4b97d91000-7f4b97d93000 r--p 0021e000 08:01 41167107                   /usr/lib/x86_64-linux-gnu/libvpx.so.3.0.0
7f4b97d93000-7f4b97d94000 rw-p 00220000 08:01 41167107                   /usr/lib/x86_64-linux-gnu/libvpx.so.3.0.0
7f4b97d94000-7f4b97d97000 rw-p 00000000 00:00 0 
7f4b97d97000-7f4b97dbf000 r-xp 00000000 08:01 41167110                   /usr/lib/x86_64-linux-gnu/libwavpack.so.1.1.7
7f4b97dbf000-7f4b97fbe000 ---p 00028000 08:01 41167110                   /usr/lib/x86_64-linux-gnu/libwavpack.so.1.1.7
7f4b97fbe000-7f4b97fbf000 r--p 00027000 08:01 41167110                   /usr/lib/x86_64-linux-gnu/libwavpack.so.1.1.7
7f4b97fbf000-7f4b97fc0000 rw-p 00028000 08:01 41167110                   /usr/lib/x86_64-linux-gnu/libwavpack.so.1.1.7
7f4b97fc0000-7f4b98019000 r-xp 00000000 08:01 41167112                   /usr/lib/x86_64-linux-gnu/libwebp.so.5.0.4
7f4b98019000-7f4b98219000 ---p 00059000 08:01 41167112                   /usr/lib/x86_64-linux-gnu/libwebp.so.5.0.4
7f4b98219000-7f4b9821a000 r--p 00059000 08:01 41167112                   /usr/lib/x86_64-linux-gnu/libwebp.so.5.0.4
7f4b9821a000-7f4b9821c000 rw-p 0005a000 08:01 41167112                   /usr/lib/x86_64-linux-gnu/libwebp.so.5.0.4
7f4b9821c000-7f4b98344000 r-xp 00000000 08:01 41167114                   /usr/lib/x86_64-linux-gnu/libx264.so.148
7f4b98344000-7f4b98543000 ---p 00128000 08:01 41167114                   /usr/lib/x86_64-linux-gnu/libx264.so.148
7f4b98543000-7f4b98544000 r--p 00127000 08:01 41167114                   /usr/lib/x86_64-linux-gnu/libx264.so.148
7f4b98544000-7f4b98545000 rw-p 00128000 08:01 41167114                   /usr/lib/x86_64-linux-gnu/libx264.so.148
7f4b98545000-7f4b985c0000 rw-p 00000000 00:00 0 
7f4b985c0000-7f4b98fcd000 r-xp 00000000 08:01 41167115                   /usr/lib/x86_64-linux-gnu/libx265.so.79
7f4b98fcd000-7f4b991cc000 ---p 00a0d000 08:01 41167115                   /usr/lib/x86_64-linux-gnu/libx265.so.79
7f4b991cc000-7f4b991cf000 r--p 00a0c000 08:01 41167115                   /usr/lib/x86_64-linux-gnu/libx265.so.79
7f4b991cf000-7f4b991d2000 rw-p 00a0f000 08:01 41167115                   /usr/lib/x86_64-linux-gnu/libx265.so.79
7f4b991d2000-7f4b991df000 rw-p 00000000 00:00 0 
7f4b991df000-7f4b99280000 r-xp 00000000 08:01 41167116                   /usr/lib/x86_64-linux-gnu/libxvidcore.so.4.3
7f4b99280000-7f4b9947f000 ---p 000a1000 08:01 41167116                   /usr/lib/x86_64-linux-gnu/libxvidcore.so.4.3
7f4b9947f000-7f4b99480000 r--p 000a0000 08:01 41167116                   /usr/lib/x86_64-linux-gnu/libxvidcore.so.4.3
7f4b99480000-7f4b9948a000 rw-p 000a1000 08:01 41167116                   /usr/lib/x86_64-linux-gnu/libxvidcore.so.4.3
7f4b9948a000-7f4b994f3000 rw-p 00000000 00:00 0 
7f4b994f3000-7f4b9956a000 r-xp 00000000 08:01 41167124                   /usr/lib/x86_64-linux-gnu/libzvbi.so.0.13.2
7f4b9956a000-7f4b99769000 ---p 00077000 08:01 41167124                   /usr/lib/x86_64-linux-gnu/libzvbi.so.0.13.2
7f4b99769000-7f4b99772000 r--p 00076000 08:01 41167124                   /usr/lib/x86_64-linux-gnu/libzvbi.so.0.13.2
7f4b99772000-7f4b9977e000 rw-p 0007f000 08:01 41167124                   /usr/lib/x86_64-linux-gnu/libzvbi.so.0.13.2
7f4b9977e000-7f4b99799000 r-xp 00000000 08:01 41167100                   /usr/lib/x86_64-linux-gnu/libva.so.1.3900.0
7f4b99799000-7f4b99998000 ---p 0001b000 08:01 41167100                   /usr/lib/x86_64-linux-gnu/libva.so.1.3900.0
7f4b99998000-7f4b99999000 r--p 0001a000 08:01 41167100                   /usr/lib/x86_64-linux-gnu/libva.so.1.3900.0
7f4b99999000-7f4b9999a000 rw-p 0001b000 08:01 41167100                   /usr/lib/x86_64-linux-gnu/libva.so.1.3900.0
7f4b9999a000-7f4b999b4000 r-xp 00000000 08:01 41167089                   /usr/lib/x86_64-linux-gnu/libswresample-ffmpeg.so.1.2.101
7f4b999b4000-7f4b99bb3000 ---p 0001a000 08:01 41167089                   /usr/lib/x86_64-linux-gnu/libswresample-ffmpeg.so.1.2.101
7f4b99bb3000-7f4b99bb5000 r--p 00019000 08:01 41167089                   /usr/lib/x86_64-linux-gnu/libswresample-ffmpeg.so.1.2.101
7f4b99bb5000-7f4b99bb6000 rw-p 0001b000 08:01 41167089                   /usr/lib/x86_64-linux-gnu/libswresample-ffmpeg.so.1.2.101
7f4b99bb6000-7f4b99bbf000 r-xp 00000000 08:01 41167580                   /usr/lib/x86_64-linux-gnu/libv4l2.so.0.0.0
7f4b99bbf000-7f4b99dbe000 ---p 00009000 08:01 41167580                   /usr/lib/x86_64-linux-gnu/libv4l2.so.0.0.0
7f4b99dbe000-7f4b99dbf000 r--p 00008000 08:01 41167580                   /usr/lib/x86_64-linux-gnu/libv4l2.so.0.0.0
7f4b99dbf000-7f4b99dc4000 rw-p 00009000 08:01 41167580                   /usr/lib/x86_64-linux-gnu/libv4l2.so.0.0.0
7f4b99dc4000-7f4b99ddb000 r-xp 00000000 08:01 25956289                   /lib/x86_64-linux-gnu/libusb-1.0.so.0.1.0
7f4b99ddb000-7f4b99fda000 ---p 00017000 08:01 25956289                   /lib/x86_64-linux-gnu/libusb-1.0.so.0.1.0
7f4b99fda000-7f4b99fdb000 r--p 00016000 08:01 25956289                   /lib/x86_64-linux-gnu/libusb-1.0.so.0.1.0
7f4b99fdb000-7f4b99fdc000 rw-p 00017000 08:01 25956289                   /lib/x86_64-linux-gnu/libusb-1.0.so.0.1.0
7f4b99fdc000-7f4b99fe9000 r-xp 00000000 08:01 41167556                   /usr/lib/x86_64-linux-gnu/libraw1394.so.11.1.0
7f4b99fe9000-7f4b9a1e9000 ---p 0000d000 08:01 41167556                   /usr/lib/x86_64-linux-gnu/libraw1394.so.11.1.0
7f4b9a1e9000-7f4b9a1ea000 r--p 0000d000 08:01 41167556                   /usr/lib/x86_64-linux-gnu/libraw1394.so.11.1.0
7f4b9a1ea000-7f4b9a1eb000 rw-p 0000e000 08:01 41167556                   /usr/lib/x86_64-linux-gnu/libraw1394.so.11.1.0
7f4b9a1eb000-7f4b9a209000 r-xp 00000000 08:01 41165810                   /usr/lib/x86_64-linux-gnu/libpangox-1.0.so.0.0.0
7f4b9a209000-7f4b9a409000 ---p 0001e000 08:01 41165810                   /usr/lib/x86_64-linux-gnu/libpangox-1.0.so.0.0.0
7f4b9a409000-7f4b9a40a000 r--p 0001e000 08:01 41165810                   /usr/lib/x86_64-linux-gnu/libpangox-1.0.so.0.0.0
7f4b9a40a000-7f4b9a40b000 rw-p 0001f000 08:01 41165810                   /usr/lib/x86_64-linux-gnu/libpangox-1.0.so.0.0.0
7f4b9a40b000-7f4b9a423000 r-xp 00000000 08:01 41167565                   /usr/lib/x86_64-linux-gnu/libXmu.so.6.2.0
7f4b9a423000-7f4b9a622000 ---p 00018000 08:01 41167565                   /usr/lib/x86_64-linux-gnu/libXmu.so.6.2.0
7f4b9a622000-7f4b9a623000 r--p 00017000 08:01 41167565                   /usr/lib/x86_64-linux-gnu/libXmu.so.6.2.0
7f4b9a623000-7f4b9a624000 rw-p 00018000 08:01 41167565                   /usr/lib/x86_64-linux-gnu/libXmu.so.6.2.0
7f4b9a624000-7f4b9a691000 r-xp 00000000 08:01 41167561                   /usr/lib/x86_64-linux-gnu/libGLU.so.1.3.1
7f4b9a691000-7f4b9a891000 ---p 0006d000 08:01 41167561                   /usr/lib/x86_64-linux-gnu/libGLU.so.1.3.1
7f4b9a891000-7f4b9a892000 r--p 0006d000 08:01 41167561                   /usr/lib/x86_64-linux-gnu/libGLU.so.1.3.1
7f4b9a892000-7f4b9a893000 rw-p 0006e000 08:01 41167561                   /usr/lib/x86_64-linux-gnu/libGLU.so.1.3.1
7f4b9a893000-7f4b9a901000 r-xp 00000000 08:01 25952352                   /lib/x86_64-linux-gnu/libpcre.so.3.13.2
7f4b9a901000-7f4b9ab01000 ---p 0006e000 08:01 25952352                   /lib/x86_64-linux-gnu/libpcre.so.3.13.2
7f4b9ab01000-7f4b9ab02000 r--p 0006e000 08:01 25952352                   /lib/x86_64-linux-gnu/libpcre.so.3.13.2
7f4b9ab02000-7f4b9ab03000 rw-p 0006f000 08:01 25952352                   /lib/x86_64-linux-gnu/libpcre.so.3.13.2
7f4b9ab03000-7f4b9ab0a000 r-xp 00000000 08:01 41161256                   /usr/lib/x86_64-linux-gnu/libffi.so.6.0.4
7f4b9ab0a000-7f4b9ad09000 ---p 00007000 08:01 41161256                   /usr/lib/x86_64-linux-gnu/libffi.so.6.0.4
7f4b9ad09000-7f4b9ad0a000 r--p 00006000 08:01 41161256                   /usr/lib/x86_64-linux-gnu/libffi.so.6.0.4
7f4b9ad0a000-7f4b9ad0b000 rw-p 00007000 08:01 41161256                   /usr/lib/x86_64-linux-gnu/libffi.so.6.0.4
7f4b9ad0b000-7f4b9ad0d000 r-xp 00000000 08:01 41165462                   /usr/lib/x86_64-linux-gnu/libXcomposite.so.1.0.0
7f4b9ad0d000-7f4b9af0c000 ---p 00002000 08:01 41165462                   /usr/lib/x86_64-linux-gnu/libXcomposite.so.1.0.0
7f4b9af0c000-7f4b9af0d000 r--p 00001000 08:01 41165462                   /usr/lib/x86_64-linux-gnu/libXcomposite.so.1.0.0
7f4b9af0d000-7f4b9af0e000 rw-p 00002000 08:01 41165462                   /usr/lib/x86_64-linux-gnu/libXcomposite.so.1.0.0
7f4b9af0e000-7f4b9af17000 r-xp 00000000 08:01 41165468                   /usr/lib/x86_64-linux-gnu/libXcursor.so.1.0.2
7f4b9af17000-7f4b9b116000 ---p 00009000 08:01 41165468                   /usr/lib/x86_64-linux-gnu/libXcursor.so.1.0.2
7f4b9b116000-7f4b9b117000 r--p 00008000 08:01 41165468                   /usr/lib/x86_64-linux-gnu/libXcursor.so.1.0.2
7f4b9b117000-7f4b9b118000 rw-p 00009000 08:01 41165468                   /usr/lib/x86_64-linux-gnu/libXcursor.so.1.0.2
7f4b9b118000-7f4b9b122000 r-xp 00000000 08:01 41166881                   /usr/lib/x86_64-linux-gnu/libXrandr.so.2.2.0
7f4b9b122000-7f4b9b321000 ---p 0000a000 08:01 41166881                   /usr/lib/x86_64-linux-gnu/libXrandr.so.2.2.0
7f4b9b321000-7f4b9b322000 r--p 00009000 08:01 41166881                   /usr/lib/x86_64-linux-gnu/libXrandr.so.2.2.0
7f4b9b322000-7f4b9b323000 rw-p 0000a000 08:01 41166881                   /usr/lib/x86_64-linux-gnu/libXrandr.so.2.2.0
7f4b9b323000-7f4b9b332000 r-xp 00000000 08:01 41166879                   /usr/lib/x86_64-linux-gnu/libXi.so.6.1.0
7f4b9b332000-7f4b9b531000 ---p 0000f000 08:01 41166879                   /usr/lib/x86_64-linux-gnu/libXi.so.6.1.0
7f4b9b531000-7f4b9b532000 r--p 0000e000 08:01 41166879                   /usr/lib/x86_64-linux-gnu/libXi.so.6.1.0
7f4b9b532000-7f4b9b533000 rw-p 0000f000 08:01 41166879                   /usr/lib/x86_64-linux-gnu/libXi.so.6.1.0
7f4b9b533000-7f4b9b535000 r-xp 00000000 08:01 41165474                   /usr/lib/x86_64-linux-gnu/libXinerama.so.1.0.0
7f4b9b535000-7f4b9b734000 ---p 00002000 08:01 41165474                   /usr/lib/x86_64-linux-gnu/libXinerama.so.1.0.0
7f4b9b734000-7f4b9b735000 r--p 00001000 08:01 41165474                   /usr/lib/x86_64-linux-gnu/libXinerama.so.1.0.0
7f4b9b735000-7f4b9b736000 rw-p 00002000 08:01 41165474                   /usr/lib/x86_64-linux-gnu/libXinerama.so.1.0.0
7f4b9b736000-7f4b9b73f000 r-xp 00000000 08:01 41165466                   /usr/lib/x86_64-linux-gnu/libXrender.so.1.3.0
7f4b9b73f000-7f4b9b93e000 ---p 00009000 08:01 41165466                   /usr/lib/x86_64-linux-gnu/libXrender.so.1.3.0
7f4b9b93e000-7f4b9b93f000 r--p 00008000 08:01 41165466                   /usr/lib/x86_64-linux-gnu/libXrender.so.1.3.0
7f4b9b93f000-7f4b9b940000 rw-p 00009000 08:01 41165466                   /usr/lib/x86_64-linux-gnu/libXrender.so.1.3.0
7f4b9b940000-7f4b9b97d000 r-xp 00000000 08:01 41165389                   /usr/lib/x86_64-linux-gnu/libfontconfig.so.1.9.0
7f4b9b97d000-7f4b9bb7c000 ---p 0003d000 08:01 41165389                   /usr/lib/x86_64-linux-gnu/libfontconfig.so.1.9.0
7f4b9bb7c000-7f4b9bb7e000 r--p 0003c000 08:01 41165389                   /usr/lib/x86_64-linux-gnu/libfontconfig.so.1.9.0
7f4b9bb7e000-7f4b9bb83000 rw-p 0003e000 08:01 41165389                   /usr/lib/x86_64-linux-gnu/libfontconfig.so.1.9.0
7f4b9bb83000-7f4b9bbcc000 r-xp 00000000 08:01 41165808                   /usr/lib/x86_64-linux-gnu/libpango-1.0.so.0.3800.1
7f4b9bbcc000-7f4b9bdcc000 ---p 00049000 08:01 41165808                   /usr/lib/x86_64-linux-gnu/libpango-1.0.so.0.3800.1
7f4b9bdcc000-7f4b9bdce000 r--p 00049000 08:01 41165808                   /usr/lib/x86_64-linux-gnu/libpango-1.0.so.0.3800.1
7f4b9bdce000-7f4b9bdcf000 rw-p 0004b000 08:01 41165808                   /usr/lib/x86_64-linux-gnu/libpango-1.0.so.0.3800.1
7f4b9bdcf000-7f4b9bde3000 r-xp 00000000 08:01 41166868                   /usr/lib/x86_64-linux-gnu/libpangoft2-1.0.so.0.3800.1
7f4b9bde3000-7f4b9bfe3000 ---p 00014000 08:01 41166868                   /usr/lib/x86_64-linux-gnu/libpangoft2-1.0.so.0.3800.1
7f4b9bfe3000-7f4b9bfe4000 r--p 00014000 08:01 41166868                   /usr/lib/x86_64-linux-gnu/libpangoft2-1.0.so.0.3800.1
7f4b9bfe4000-7f4b9bfe5000 rw-p 00015000 08:01 41166868                   /usr/lib/x86_64-linux-gnu/libpangoft2-1.0.so.0.3800.1
7f4b9bfe5000-7f4b9c165000 r-xp 00000000 08:01 41161844                   /usr/lib/x86_64-linux-gnu/libgio-2.0.so.0.4800.0
7f4b9c165000-7f4b9c365000 ---p 00180000 08:01 41161844                   /usr/lib/x86_64-linux-gnu/libgio-2.0.so.0.4800.0
7f4b9c365000-7f4b9c369000 r--p 00180000 08:01 41161844                   /usr/lib/x86_64-linux-gnu/libgio-2.0.so.0.4800.0
7f4b9c369000-7f4b9c36b000 rw-p 00184000 08:01 41161844                   /usr/lib/x86_64-linux-gnu/libgio-2.0.so.0.4800.0
7f4b9c36b000-7f4b9c36d000 rw-p 00000000 00:00 0 
7f4b9c36d000-7f4b9c38e000 r-xp 00000000 08:01 41166850                   /usr/lib/x86_64-linux-gnu/libgdk_pixbuf-2.0.so.0.3200.2
7f4b9c38e000-7f4b9c58d000 ---p 00021000 08:01 41166850                   /usr/lib/x86_64-linux-gnu/libgdk_pixbuf-2.0.so.0.3200.2
7f4b9c58d000-7f4b9c58e000 r--p 00020000 08:01 41166850                   /usr/lib/x86_64-linux-gnu/libgdk_pixbuf-2.0.so.0.3200.2
7f4b9c58e000-7f4b9c58f000 rw-p 00021000 08:01 41166850                   /usr/lib/x86_64-linux-gnu/libgdk_pixbuf-2.0.so.0.3200.2
7f4b9c58f000-7f4b9c69d000 r-xp 00000000 08:01 41166860                   /usr/lib/x86_64-linux-gnu/libcairo.so.2.11400.6
7f4b9c69d000-7f4b9c89d000 ---p 0010e000 08:01 41166860                   /usr/lib/x86_64-linux-gnu/libcairo.so.2.11400.6
7f4b9c89d000-7f4b9c8a0000 r--p 0010e000 08:01 41166860                   /usr/lib/x86_64-linux-gnu/libcairo.so.2.11400.6
7f4b9c8a0000-7f4b9c8a1000 rw-p 00111000 08:01 41166860                   /usr/lib/x86_64-linux-gnu/libcairo.so.2.11400.6
7f4b9c8a1000-7f4b9c8a3000 rw-p 00000000 00:00 0 
7f4b9c8a3000-7f4b9c8c5000 r-xp 00000000 08:01 41166844                   /usr/lib/x86_64-linux-gnu/libatk-1.0.so.0.21809.1
7f4b9c8c5000-7f4b9cac4000 ---p 00022000 08:01 41166844                   /usr/lib/x86_64-linux-gnu/libatk-1.0.so.0.21809.1
7f4b9cac4000-7f4b9cac7000 r--p 00021000 08:01 41166844                   /usr/lib/x86_64-linux-gnu/libatk-1.0.so.0.21809.1
7f4b9cac7000-7f4b9cac8000 rw-p 00024000 08:01 41166844                   /usr/lib/x86_64-linux-gnu/libatk-1.0.so.0.21809.1
7f4b9cac8000-7f4b9cad4000 r-xp 00000000 08:01 41166870                   /usr/lib/x86_64-linux-gnu/libpangocairo-1.0.so.0.3800.1
7f4b9cad4000-7f4b9ccd3000 ---p 0000c000 08:01 41166870                   /usr/lib/x86_64-linux-gnu/libpangocairo-1.0.so.0.3800.1
7f4b9ccd3000-7f4b9ccd4000 r--p 0000b000 08:01 41166870                   /usr/lib/x86_64-linux-gnu/libpangocairo-1.0.so.0.3800.1
7f4b9ccd4000-7f4b9ccd5000 rw-p 0000c000 08:01 41166870                   /usr/lib/x86_64-linux-gnu/libpangocairo-1.0.so.0.3800.1
7f4b9ccd5000-7f4b9ccd8000 r-xp 00000000 08:01 41161846                   /usr/lib/x86_64-linux-gnu/libgmodule-2.0.so.0.4800.0
7f4b9ccd8000-7f4b9ced7000 ---p 00003000 08:01 41161846                   /usr/lib/x86_64-linux-gnu/libgmodule-2.0.so.0.4800.0
7f4b9ced7000-7f4b9ced8000 r--p 00002000 08:01 41161846                   /usr/lib/x86_64-linux-gnu/libgmodule-2.0.so.0.4800.0
7f4b9ced8000-7f4b9ced9000 rw-p 00003000 08:01 41161846                   /usr/lib/x86_64-linux-gnu/libgmodule-2.0.so.0.4800.0
7f4b9ced9000-7f4b9cede000 r-xp 00000000 08:01 41165429                   /usr/lib/x86_64-linux-gnu/libIlmThread-2_2.so.12.0.0
7f4b9cede000-7f4b9d0de000 ---p 00005000 08:01 41165429                   /usr/lib/x86_64-linux-gnu/libIlmThread-2_2.so.12.0.0
7f4b9d0de000-7f4b9d0df000 r--p 00005000 08:01 41165429                   /usr/lib/x86_64-linux-gnu/libIlmThread-2_2.so.12.0.0
7f4b9d0df000-7f4b9d0e0000 rw-p 00006000 08:01 41165429                   /usr/lib/x86_64-linux-gnu/libIlmThread-2_2.so.12.0.0
7f4b9d0e0000-7f4b9d0fb000 r-xp 00000000 08:01 41165428                   /usr/lib/x86_64-linux-gnu/libIex-2_2.so.12.0.0
7f4b9d0fb000-7f4b9d2fa000 ---p 0001b000 08:01 41165428                   /usr/lib/x86_64-linux-gnu/libIex-2_2.so.12.0.0
7f4b9d2fa000-7f4b9d2fd000 r--p 0001a000 08:01 41165428                   /usr/lib/x86_64-linux-gnu/libIex-2_2.so.12.0.0
7f4b9d2fd000-7f4b9d2fe000 rw-p 0001d000 08:01 41165428                   /usr/lib/x86_64-linux-gnu/libIex-2_2.so.12.0.0
7f4b9d2fe000-7f4b9d309000 r-xp 00000000 08:01 41165799                   /usr/lib/x86_64-linux-gnu/libjbig.so.0
7f4b9d309000-7f4b9d508000 ---p 0000b000 08:01 41165799                   /usr/lib/x86_64-linux-gnu/libjbig.so.0
7f4b9d508000-7f4b9d509000 r--p 0000a000 08:01 41165799                   /usr/lib/x86_64-linux-gnu/libjbig.so.0
7f4b9d509000-7f4b9d50c000 rw-p 0000b000 08:01 41165799                   /usr/lib/x86_64-linux-gnu/libjbig.so.0
7f4b9d50c000-7f4b9d52d000 r-xp 00000000 08:01 25952329                   /lib/x86_64-linux-gnu/liblzma.so.5.0.0
7f4b9d52d000-7f4b9d72c000 ---p 00021000 08:01 25952329                   /lib/x86_64-linux-gnu/liblzma.so.5.0.0
7f4b9d72c000-7f4b9d72d000 r--p 00020000 08:01 25952329                   /lib/x86_64-linux-gnu/liblzma.so.5.0.0
7f4b9d72d000-7f4b9d72e000 rw-p 00021000 08:01 25952329                   /lib/x86_64-linux-gnu/liblzma.so.5.0.0
7f4b9d72e000-7f4b9d73c000 r-xp 00000000 08:01 41164565                   /usr/lib/x86_64-linux-gnu/libdrm.so.2.4.0
7f4b9d73c000-7f4b9d93b000 ---p 0000e000 08:01 41164565                   /usr/lib/x86_64-linux-gnu/libdrm.so.2.4.0
7f4b9d93b000-7f4b9d93c000 r--p 0000d000 08:01 41164565                   /usr/lib/x86_64-linux-gnu/libdrm.so.2.4.0
7f4b9d93c000-7f4b9d93d000 rw-p 0000e000 08:01 41164565                   /usr/lib/x86_64-linux-gnu/libdrm.so.2.4.0
7f4b9d93d000-7f4b9d942000 r-xp 00000000 08:01 41165478                   /usr/lib/x86_64-linux-gnu/libXxf86vm.so.1.0.0
7f4b9d942000-7f4b9db41000 ---p 00005000 08:01 41165478                   /usr/lib/x86_64-linux-gnu/libXxf86vm.so.1.0.0
7f4b9db41000-7f4b9db42000 r--p 00004000 08:01 41165478                   /usr/lib/x86_64-linux-gnu/libXxf86vm.so.1.0.0
7f4b9db42000-7f4b9db43000 rw-p 00005000 08:01 41165478                   /usr/lib/x86_64-linux-gnu/libXxf86vm.so.1.0.0
7f4b9db43000-7f4b9db64000 r-xp 00000000 08:01 41163609                   /usr/lib/x86_64-linux-gnu/libxcb.so.1.1.0
7f4b9db64000-7f4b9dd63000 ---p 00021000 08:01 41163609                   /usr/lib/x86_64-linux-gnu/libxcb.so.1.1.0
7f4b9dd63000-7f4b9dd64000 r--p 00020000 08:01 41163609                   /usr/lib/x86_64-linux-gnu/libxcb.so.1.1.0
7f4b9dd64000-7f4b9dd65000 rw-p 00021000 08:01 41163609                   /usr/lib/x86_64-linux-gnu/libxcb.so.1.1.0
7f4b9dd65000-7f4b9dd69000 r-xp 00000000 08:01 41167507                   /usr/lib/x86_64-linux-gnu/libxcb-dri2.so.0.0.0
7f4b9dd69000-7f4b9df68000 ---p 00004000 08:01 41167507                   /usr/lib/x86_64-linux-gnu/libxcb-dri2.so.0.0.0
7f4b9df68000-7f4b9df69000 r--p 00003000 08:01 41167507                   /usr/lib/x86_64-linux-gnu/libxcb-dri2.so.0.0.0
7f4b9df69000-7f4b9df6a000 rw-p 00004000 08:01 41167507                   /usr/lib/x86_64-linux-gnu/libxcb-dri2.so.0.0.0
7f4b9df6a000-7f4b9df81000 r-xp 00000000 08:01 41167511                   /usr/lib/x86_64-linux-gnu/libxcb-glx.so.0.0.0
7f4b9df81000-7f4b9e180000 ---p 00017000 08:01 41167511                   /usr/lib/x86_64-linux-gnu/libxcb-glx.so.0.0.0
7f4b9e180000-7f4b9e182000 r--p 00016000 08:01 41167511                   /usr/lib/x86_64-linux-gnu/libxcb-glx.so.0.0.0
7f4b9e182000-7f4b9e183000 rw-p 00018000 08:01 41167511                   /usr/lib/x86_64-linux-gnu/libxcb-glx.so.0.0.0
7f4b9e183000-7f4b9e2b8000 r-xp 00000000 08:01 41163619                   /usr/lib/x86_64-linux-gnu/libX11.so.6.3.0
7f4b9e2b8000-7f4b9e4b8000 ---p 00135000 08:01 41163619                   /usr/lib/x86_64-linux-gnu/libX11.so.6.3.0
7f4b9e4b8000-7f4b9e4b9000 r--p 00135000 08:01 41163619                   /usr/lib/x86_64-linux-gnu/libX11.so.6.3.0
7f4b9e4b9000-7f4b9e4bd000 rw-p 00136000 08:01 41163619                   /usr/lib/x86_64-linux-gnu/libX11.so.6.3.0
7f4b9e4bd000-7f4b9e4be000 r-xp 00000000 08:01 41167505                   /usr/lib/x86_64-linux-gnu/libX11-xcb.so.1.0.0
7f4b9e4be000-7f4b9e6bd000 ---p 00001000 08:01 41167505                   /usr/lib/x86_64-linux-gnu/libX11-xcb.so.1.0.0
7f4b9e6bd000-7f4b9e6be000 r--p 00000000 08:01 41167505                   /usr/lib/x86_64-linux-gnu/libX11-xcb.so.1.0.0
7f4b9e6be000-7f4b9e6bf000 rw-p 00001000 08:01 41167505                   /usr/lib/x86_64-linux-gnu/libX11-xcb.so.1.0.0
7f4b9e6bf000-7f4b9e6c4000 r-xp 00000000 08:01 41165464                   /usr/lib/x86_64-linux-gnu/libXfixes.so.3.1.0
7f4b9e6c4000-7f4b9e8c3000 ---p 00005000 08:01 41165464                   /usr/lib/x86_64-linux-gnu/libXfixes.so.3.1.0
7f4b9e8c3000-7f4b9e8c4000 r--p 00004000 08:01 41165464                   /usr/lib/x86_64-linux-gnu/libXfixes.so.3.1.0
7f4b9e8c4000-7f4b9e8c5000 rw-p 00005000 08:01 41165464                   /usr/lib/x86_64-linux-gnu/libXfixes.so.3.1.0
7f4b9e8c5000-7f4b9e8c7000 r-xp 00000000 08:01 41165470                   /usr/lib/x86_64-linux-gnu/libXdamage.so.1.1.0
7f4b9e8c7000-7f4b9eac6000 ---p 00002000 08:01 41165470                   /usr/lib/x86_64-linux-gnu/libXdamage.so.1.1.0
7f4b9eac6000-7f4b9eac7000 r--p 00001000 08:01 41165470                   /usr/lib/x86_64-linux-gnu/libXdamage.so.1.1.0
7f4b9eac7000-7f4b9eac8000 rw-p 00002000 08:01 41165470                   /usr/lib/x86_64-linux-gnu/libXdamage.so.1.1.0
7f4b9eac8000-7f4b9ead9000 r-xp 00000000 08:01 41163623                   /usr/lib/x86_64-linux-gnu/libXext.so.6.4.0
7f4b9ead9000-7f4b9ecd8000 ---p 00011000 08:01 41163623                   /usr/lib/x86_64-linux-gnu/libXext.so.6.4.0
7f4b9ecd8000-7f4b9ecd9000 r--p 00010000 08:01 41163623                   /usr/lib/x86_64-linux-gnu/libXext.so.6.4.0
7f4b9ecd9000-7f4b9ecda000 rw-p 00011000 08:01 41163623                   /usr/lib/x86_64-linux-gnu/libXext.so.6.4.0
7f4b9ecda000-7f4b9ed03000 r-xp 00000000 08:01 41167502                   /usr/lib/x86_64-linux-gnu/libglapi.so.0.0.0
7f4b9ed03000-7f4b9ef02000 ---p 00029000 08:01 41167502                   /usr/lib/x86_64-linux-gnu/libglapi.so.0.0.0
7f4b9ef02000-7f4b9ef06000 r--p 00028000 08:01 41167502                   /usr/lib/x86_64-linux-gnu/libglapi.so.0.0.0
7f4b9ef06000-7f4b9ef07000 rw-p 0002c000 08:01 41167502                   /usr/lib/x86_64-linux-gnu/libglapi.so.0.0.0
7f4b9ef07000-7f4b9ef08000 rw-p 00000000 00:00 0 
7f4b9ef08000-7f4b9ef09000 r-xp 00000000 08:01 41165476                   /usr/lib/x86_64-linux-gnu/libxshmfence.so.1.0.0
7f4b9ef09000-7f4b9f109000 ---p 00001000 08:01 41165476                   /usr/lib/x86_64-linux-gnu/libxshmfence.so.1.0.0
7f4b9f109000-7f4b9f10a000 r--p 00001000 08:01 41165476                   /usr/lib/x86_64-linux-gnu/libxshmfence.so.1.0.0
7f4b9f10a000-7f4b9f10b000 rw-p 00002000 08:01 41165476                   /usr/lib/x86_64-linux-gnu/libxshmfence.so.1.0.0
7f4b9f10b000-7f4b9f110000 r-xp 00000000 08:01 41167515                   /usr/lib/x86_64-linux-gnu/libxcb-sync.so.1.0.0
7f4b9f110000-7f4b9f310000 ---p 00005000 08:01 41167515                   /usr/lib/x86_64-linux-gnu/libxcb-sync.so.1.0.0
7f4b9f310000-7f4b9f311000 r--p 00005000 08:01 41167515                   /usr/lib/x86_64-linux-gnu/libxcb-sync.so.1.0.0
7f4b9f311000-7f4b9f312000 rw-p 00006000 08:01 41167515                   /usr/lib/x86_64-linux-gnu/libxcb-sync.so.1.0.0
7f4b9f312000-7f4b9f314000 r-xp 00000000 08:01 41167513                   /usr/lib/x86_64-linux-gnu/libxcb-present.so.0.0.0
7f4b9f314000-7f4b9f513000 ---p 00002000 08:01 41167513                   /usr/lib/x86_64-linux-gnu/libxcb-present.so.0.0.0
7f4b9f513000-7f4b9f514000 r--p 00001000 08:01 41167513                   /usr/lib/x86_64-linux-gnu/libxcb-present.so.0.0.0
7f4b9f514000-7f4b9f515000 rw-p 00002000 08:01 41167513                   /usr/lib/x86_64-linux-gnu/libxcb-present.so.0.0.0
7f4b9f515000-7f4b9f517000 r-xp 00000000 08:01 41167509                   /usr/lib/x86_64-linux-gnu/libxcb-dri3.so.0.0.0
7f4b9f517000-7f4b9f716000 ---p 00002000 08:01 41167509                   /usr/lib/x86_64-linux-gnu/libxcb-dri3.so.0.0.0
7f4b9f716000-7f4b9f717000 r--p 00001000 08:01 41167509                   /usr/lib/x86_64-linux-gnu/libxcb-dri3.so.0.0.0
7f4b9f717000-7f4b9f718000 rw-p 00002000 08:01 41167509                   /usr/lib/x86_64-linux-gnu/libxcb-dri3.so.0.0.0
7f4b9f718000-7f4b9f73e000 r-xp 00000000 08:01 25952398                   /lib/x86_64-linux-gnu/libexpat.so.1.6.0
7f4b9f73e000-7f4b9f93e000 ---p 00026000 08:01 25952398                   /lib/x86_64-linux-gnu/libexpat.so.1.6.0
7f4b9f93e000-7f4b9f940000 r--p 00026000 08:01 25952398                   /lib/x86_64-linux-gnu/libexpat.so.1.6.0
7f4b9f940000-7f4b9f941000 rw-p 00028000 08:01 25952398                   /lib/x86_64-linux-gnu/libexpat.so.1.6.0
7f4b9f941000-7f4b9f944000 r-xp 00000000 08:01 25952301                   /lib/x86_64-linux-gnu/libdl-2.23.so
7f4b9f944000-7f4b9fb43000 ---p 00003000 08:01 25952301                   /lib/x86_64-linux-gnu/libdl-2.23.so
7f4b9fb43000-7f4b9fb44000 r--p 00002000 08:01 25952301                   /lib/x86_64-linux-gnu/libdl-2.23.so
7f4b9fb44000-7f4b9fb45000 rw-p 00003000 08:01 25952301                   /lib/x86_64-linux-gnu/libdl-2.23.so
7f4b9fb45000-7f4b9fb4c000 r-xp 00000000 08:01 25952295                   /lib/x86_64-linux-gnu/librt-2.23.so
7f4b9fb4c000-7f4b9fd4b000 ---p 00007000 08:01 25952295                   /lib/x86_64-linux-gnu/librt-2.23.so
7f4b9fd4b000-7f4b9fd4c000 r--p 00006000 08:01 25952295                   /lib/x86_64-linux-gnu/librt-2.23.so
7f4b9fd4c000-7f4b9fd4d000 rw-p 00007000 08:01 25952295                   /lib/x86_64-linux-gnu/librt-2.23.so
7f4b9fd4d000-7f4b9fd66000 r-xp 00000000 08:01 25952483                   /lib/x86_64-linux-gnu/libz.so.1.2.8
7f4b9fd66000-7f4b9ff65000 ---p 00019000 08:01 25952483                   /lib/x86_64-linux-gnu/libz.so.1.2.8
7f4b9ff65000-7f4b9ff66000 r--p 00018000 08:01 25952483                   /lib/x86_64-linux-gnu/libz.so.1.2.8
7f4b9ff66000-7f4b9ff67000 rw-p 00019000 08:01 25952483                   /lib/x86_64-linux-gnu/libz.so.1.2.8
7f4b9ff67000-7f4b9ff9e000 r-xp 00000000 08:01 41167534                   /usr/lib/x86_64-linux-gnu/libtbb.so.2
7f4b9ff9e000-7f4ba019e000 ---p 00037000 08:01 41167534                   /usr/lib/x86_64-linux-gnu/libtbb.so.2
7f4ba019e000-7f4ba019f000 r--p 00037000 08:01 41167534                   /usr/lib/x86_64-linux-gnu/libtbb.so.2
7f4ba019f000-7f4ba01a1000 rw-p 00038000 08:01 41167534                   /usr/lib/x86_64-linux-gnu/libtbb.so.2
7f4ba01a1000-7f4ba01a4000 rw-p 00000000 00:00 0 
7f4ba01a4000-7f4ba0229000 r-xp 00000000 08:01 41167574                   /usr/lib/x86_64-linux-gnu/libswscale-ffmpeg.so.3.1.101
7f4ba0229000-7f4ba0428000 ---p 00085000 08:01 41167574                   /usr/lib/x86_64-linux-gnu/libswscale-ffmpeg.so.3.1.101
7f4ba0428000-7f4ba042a000 r--p 00084000 08:01 41167574                   /usr/lib/x86_64-linux-gnu/libswscale-ffmpeg.so.3.1.101
7f4ba042a000-7f4ba042b000 rw-p 00086000 08:01 41167574                   /usr/lib/x86_64-linux-gnu/libswscale-ffmpeg.so.3.1.101
7f4ba042b000-7f4ba0433000 rw-p 00000000 00:00 0 
7f4ba0433000-7f4ba0488000 r-xp 00000000 08:01 41167070                   /usr/lib/x86_64-linux-gnu/libavutil-ffmpeg.so.54.31.100
7f4ba0488000-7f4ba0688000 ---p 00055000 08:01 41167070                   /usr/lib/x86_64-linux-gnu/libavutil-ffmpeg.so.54.31.100
7f4ba0688000-7f4ba068e000 r--p 00055000 08:01 41167070                   /usr/lib/x86_64-linux-gnu/libavutil-ffmpeg.so.54.31.100
7f4ba068e000-7f4ba068f000 rw-p 0005b000 08:01 41167070                   /usr/lib/x86_64-linux-gnu/libavutil-ffmpeg.so.54.31.100
7f4ba068f000-7f4ba06a2000 rw-p 00000000 00:00 0 
7f4ba06a2000-7f4ba0876000 r-xp 00000000 08:01 41167154                   /usr/lib/x86_64-linux-gnu/libavformat-ffmpeg.so.56.40.101
7f4ba0876000-7f4ba0a76000 ---p 001d4000 08:01 41167154                   /usr/lib/x86_64-linux-gnu/libavformat-ffmpeg.so.56.40.101
7f4ba0a76000-7f4ba0a8a000 r--p 001d4000 08:01 41167154                   /usr/lib/x86_64-linux-gnu/libavformat-ffmpeg.so.56.40.101
7f4ba0a8a000-7f4ba0a9f000 rw-p 001e8000 08:01 41167154                   /usr/lib/x86_64-linux-gnu/libavformat-ffmpeg.so.56.40.101
7f4ba0a9f000-7f4ba15c9000 r-xp 00000000 08:01 41167128                   /usr/lib/x86_64-linux-gnu/libavcodec-ffmpeg.so.56.60.100
7f4ba15c9000-7f4ba17c8000 ---p 00b2a000 08:01 41167128                   /usr/lib/x86_64-linux-gnu/libavcodec-ffmpeg.so.56.60.100
7f4ba17c8000-7f4ba17f3000 r--p 00b29000 08:01 41167128                   /usr/lib/x86_64-linux-gnu/libavcodec-ffmpeg.so.56.60.100
7f4ba17f3000-7f4ba1816000 rw-p 00b54000 08:01 41167128                   /usr/lib/x86_64-linux-gnu/libavcodec-ffmpeg.so.56.60.100
7f4ba1816000-7f4ba1ec9000 rw-p 00000000 00:00 0 
7f4ba1ec9000-7f4ba1ece000 r-xp 00000000 08:01 41167581                   /usr/lib/x86_64-linux-gnu/libv4l1.so.0.0.0
7f4ba1ece000-7f4ba20cd000 ---p 00005000 08:01 41167581                   /usr/lib/x86_64-linux-gnu/libv4l1.so.0.0.0
7f4ba20cd000-7f4ba20ce000 r--p 00004000 08:01 41167581                   /usr/lib/x86_64-linux-gnu/libv4l1.so.0.0.0
7f4ba20ce000-7f4ba20cf000 rw-p 00005000 08:01 41167581                   /usr/lib/x86_64-linux-gnu/libv4l1.so.0.0.0
7f4ba20cf000-7f4ba2104000 r-xp 00000000 08:01 41167558                   /usr/lib/x86_64-linux-gnu/libdc1394.so.22.1.11
7f4ba2104000-7f4ba2303000 ---p 00035000 08:01 41167558                   /usr/lib/x86_64-linux-gnu/libdc1394.so.22.1.11
7f4ba2303000-7f4ba2304000 r--p 00034000 08:01 41167558                   /usr/lib/x86_64-linux-gnu/libdc1394.so.22.1.11
7f4ba2304000-7f4ba2305000 rw-p 00035000 08:01 41167558                   /usr/lib/x86_64-linux-gnu/libdc1394.so.22.1.11
7f4ba2305000-7f4ba2345000 rw-p 00000000 00:00 0 
7f4ba2345000-7f4ba23a2000 r-xp 00000000 08:01 41167568                   /usr/lib/x86_64-linux-gnu/libgdkglext-x11-1.0.so.0.0.0
7f4ba23a2000-7f4ba25a1000 ---p 0005d000 08:01 41167568                   /usr/lib/x86_64-linux-gnu/libgdkglext-x11-1.0.so.0.0.0
7f4ba25a1000-7f4ba25a3000 r--p 0005c000 08:01 41167568                   /usr/lib/x86_64-linux-gnu/libgdkglext-x11-1.0.so.0.0.0
7f4ba25a3000-7f4ba25a9000 rw-p 0005e000 08:01 41167568                   /usr/lib/x86_64-linux-gnu/libgdkglext-x11-1.0.so.0.0.0
7f4ba25a9000-7f4ba25ac000 r-xp 00000000 08:01 41167569                   /usr/lib/x86_64-linux-gnu/libgtkglext-x11-1.0.so.0.0.0
7f4ba25ac000-7f4ba27ab000 ---p 00003000 08:01 41167569                   /usr/lib/x86_64-linux-gnu/libgtkglext-x11-1.0.so.0.0.0
7f4ba27ab000-7f4ba27ac000 r--p 00002000 08:01 41167569                   /usr/lib/x86_64-linux-gnu/libgtkglext-x11-1.0.so.0.0.0
7f4ba27ac000-7f4ba27ad000 rw-p 00003000 08:01 41167569                   /usr/lib/x86_64-linux-gnu/libgtkglext-x11-1.0.so.0.0.0
7f4ba27ad000-7f4ba28bb000 r-xp 00000000 08:01 25956311                   /lib/x86_64-linux-gnu/libglib-2.0.so.0.4800.0
7f4ba28bb000-7f4ba2abb000 ---p 0010e000 08:01 25956311                   /lib/x86_64-linux-gnu/libglib-2.0.so.0.4800.0
7f4ba2abb000-7f4ba2abc000 r--p 0010e000 08:01 25956311                   /lib/x86_64-linux-gnu/libglib-2.0.so.0.4800.0
7f4ba2abc000-7f4ba2abd000 rw-p 0010f000 08:01 25956311                   /lib/x86_64-linux-gnu/libglib-2.0.so.0.4800.0
7f4ba2abd000-7f4ba2abe000 rw-p 00000000 00:00 0 
7f4ba2abe000-7f4ba2b10000 r-xp 00000000 08:01 41161843                   /usr/lib/x86_64-linux-gnu/libgobject-2.0.so.0.4800.0
7f4ba2b10000-7f4ba2d0f000 ---p 00052000 08:01 41161843                   /usr/lib/x86_64-linux-gnu/libgobject-2.0.so.0.4800.0
7f4ba2d0f000-7f4ba2d10000 r--p 00051000 08:01 41161843                   /usr/lib/x86_64-linux-gnu/libgobject-2.0.so.0.4800.0
7f4ba2d10000-7f4ba2d11000 rw-p 00052000 08:01 41161843                   /usr/lib/x86_64-linux-gnu/libgobject-2.0.so.0.4800.0
7f4ba2d11000-7f4ba2dc1000 r-xp 00000000 08:01 41166883                   /usr/lib/x86_64-linux-gnu/libgdk-x11-2.0.so.0.2400.30
7f4ba2dc1000-7f4ba2fc0000 ---p 000b0000 08:01 41166883                   /usr/lib/x86_64-linux-gnu/libgdk-x11-2.0.so.0.2400.30
7f4ba2fc0000-7f4ba2fc4000 r--p 000af000 08:01 41166883                   /usr/lib/x86_64-linux-gnu/libgdk-x11-2.0.so.0.2400.30
7f4ba2fc4000-7f4ba2fc6000 rw-p 000b3000 08:01 41166883                   /usr/lib/x86_64-linux-gnu/libgdk-x11-2.0.so.0.2400.30
7f4ba2fc6000-7f4ba3404000 r-xp 00000000 08:01 41166884                   /usr/lib/x86_64-linux-gnu/libgtk-x11-2.0.so.0.2400.30
7f4ba3404000-7f4ba3603000 ---p 0043e000 08:01 41166884                   /usr/lib/x86_64-linux-gnu/libgtk-x11-2.0.so.0.2400.30
7f4ba3603000-7f4ba360a000 r--p 0043d000 08:01 41166884                   /usr/lib/x86_64-linux-gnu/libgtk-x11-2.0.so.0.2400.30
7f4ba360a000-7f4ba360e000 rw-p 00444000 08:01 41166884                   /usr/lib/x86_64-linux-gnu/libgtk-x11-2.0.so.0.2400.30
7f4ba360e000-7f4ba3611000 rw-p 00000000 00:00 0 
7f4ba3611000-7f4ba3653000 r-xp 00000000 08:01 41165427                   /usr/lib/x86_64-linux-gnu/libHalf.so.12.0.0
7f4ba3653000-7f4ba3852000 ---p 00042000 08:01 41165427                   /usr/lib/x86_64-linux-gnu/libHalf.so.12.0.0
7f4ba3852000-7f4ba3853000 r--p 00041000 08:01 41165427                   /usr/lib/x86_64-linux-gnu/libHalf.so.12.0.0
7f4ba3853000-7f4ba3854000 rw-p 00042000 08:01 41165427                   /usr/lib/x86_64-linux-gnu/libHalf.so.12.0.0
7f4ba3854000-7f4ba3a1e000 r-xp 00000000 08:01 41165441                   /usr/lib/x86_64-linux-gnu/libIlmImf-2_2.so.22.0.0
7f4ba3a1e000-7f4ba3c1d000 ---p 001ca000 08:01 41165441                   /usr/lib/x86_64-linux-gnu/libIlmImf-2_2.so.22.0.0
7f4ba3c1d000-7f4ba3c20000 r--p 001c9000 08:01 41165441                   /usr/lib/x86_64-linux-gnu/libIlmImf-2_2.so.22.0.0
7f4ba3c20000-7f4ba3d21000 rw-p 001cc000 08:01 41165441                   /usr/lib/x86_64-linux-gnu/libIlmImf-2_2.so.22.0.0
7f4ba3d21000-7f4ba3d22000 rw-p 00000000 00:00 0 
7f4ba3d22000-7f4ba3d6e000 r-xp 00000000 08:01 41167572                   /usr/lib/x86_64-linux-gnu/libjasper.so.1.0.0
7f4ba3d6e000-7f4ba3f6d000 ---p 0004c000 08:01 41167572                   /usr/lib/x86_64-linux-gnu/libjasper.so.1.0.0
7f4ba3f6d000-7f4ba3f6e000 r--p 0004b000 08:01 41167572                   /usr/lib/x86_64-linux-gnu/libjasper.so.1.0.0
7f4ba3f6e000-7f4ba3f72000 rw-p 0004c000 08:01 41167572                   /usr/lib/x86_64-linux-gnu/libjasper.so.1.0.0
7f4ba3f72000-7f4ba3f79000 rw-p 00000000 00:00 0 
7f4ba3f79000-7f4ba3fe8000 r-xp 00000000 08:01 41166847                   /usr/lib/x86_64-linux-gnu/libtiff.so.5.2.4
7f4ba3fe8000-7f4ba41e8000 ---p 0006f000 08:01 41166847                   /usr/lib/x86_64-linux-gnu/libtiff.so.5.2.4
7f4ba41e8000-7f4ba41e9000 r--p 0006f000 08:01 41166847                   /usr/lib/x86_64-linux-gnu/libtiff.so.5.2.4
7f4ba41e9000-7f4ba41ec000 rw-p 00070000 08:01 41166847                   /usr/lib/x86_64-linux-gnu/libtiff.so.5.2.4
7f4ba41ec000-7f4ba4210000 r-xp 00000000 08:01 25952527                   /lib/x86_64-linux-gnu/libpng12.so.0.54.0
7f4ba4210000-7f4ba440f000 ---p 00024000 08:01 25952527                   /lib/x86_64-linux-gnu/libpng12.so.0.54.0
7f4ba440f000-7f4ba4410000 r--p 00023000 08:01 25952527                   /lib/x86_64-linux-gnu/libpng12.so.0.54.0
7f4ba4410000-7f4ba4411000 rw-p 00024000 08:01 25952527                   /lib/x86_64-linux-gnu/libpng12.so.0.54.0
7f4ba4411000-7f4ba4468000 r-xp 00000000 08:01 41165421                   /usr/lib/x86_64-linux-gnu/libjpeg.so.8.0.2
7f4ba4468000-7f4ba4668000 ---p 00057000 08:01 41165421                   /usr/lib/x86_64-linux-gnu/libjpeg.so.8.0.2
7f4ba4668000-7f4ba4669000 r--p 00057000 08:01 41165421                   /usr/lib/x86_64-linux-gnu/libjpeg.so.8.0.2
7f4ba4669000-7f4ba466a000 rw-p 00058000 08:01 41165421                   /usr/lib/x86_64-linux-gnu/libjpeg.so.8.0.2
7f4ba466a000-7f4ba46d7000 r-xp 00000000 08:01 43253838                   /usr/lib/x86_64-linux-gnu/mesa/libGL.so.1.2.0
7f4ba46d7000-7f4ba48d6000 ---p 0006d000 08:01 43253838                   /usr/lib/x86_64-linux-gnu/mesa/libGL.so.1.2.0
7f4ba48d6000-7f4ba48d9000 r--p 0006c000 08:01 43253838                   /usr/lib/x86_64-linux-gnu/mesa/libGL.so.1.2.0
7f4ba48d9000-7f4ba48da000 rw-p 0006f000 08:01 43253838                   /usr/lib/x86_64-linux-gnu/mesa/libGL.so.1.2.0
7f4ba48da000-7f4ba48db000 rw-p 00000000 00:00 0 
7f4ba48db000-7f4ba48fc000 r-xp 00000000 08:01 41166078                   /usr/lib/x86_64-linux-gnu/libgomp.so.1.0.0
7f4ba48fc000-7f4ba4afb000 ---p 00021000 08:01 41166078                   /usr/lib/x86_64-linux-gnu/libgomp.so.1.0.0
7f4ba4afb000-7f4ba4afc000 r--p 00020000 08:01 41166078                   /usr/lib/x86_64-linux-gnu/libgomp.so.1.0.0
7f4ba4afc000-7f4ba4afd000 rw-p 00021000 08:01 41166078                   /usr/lib/x86_64-linux-gnu/libgomp.so.1.0.0
7f4ba4afd000-7f4ba4c05000 r-xp 00000000 08:01 25952292                   /lib/x86_64-linux-gnu/libm-2.23.so
7f4ba4c05000-7f4ba4e04000 ---p 00108000 08:01 25952292                   /lib/x86_64-linux-gnu/libm-2.23.so
7f4ba4e04000-7f4ba4e05000 r--p 00107000 08:01 25952292                   /lib/x86_64-linux-gnu/libm-2.23.so
7f4ba4e05000-7f4ba4e06000 rw-p 00108000 08:01 25952292                   /lib/x86_64-linux-gnu/libm-2.23.so
7f4ba4e06000-7f4ba5023000 r-xp 00000000 08:01 41167535                   /usr/lib/x86_64-linux-gnu/libopencv_core.so.2.4.9
7f4ba5023000-7f4ba5223000 ---p 0021d000 08:01 41167535                   /usr/lib/x86_64-linux-gnu/libopencv_core.so.2.4.9
7f4ba5223000-7f4ba5227000 r--p 0021d000 08:01 41167535                   /usr/lib/x86_64-linux-gnu/libopencv_core.so.2.4.9
7f4ba5227000-7f4ba522e000 rw-p 00221000 08:01 41167535                   /usr/lib/x86_64-linux-gnu/libopencv_core.so.2.4.9
7f4ba522e000-7f4ba5230000 rw-p 00000000 00:00 0 
7f4ba5230000-7f4ba5420000 r-xp 00000000 08:01 41167540                   /usr/lib/x86_64-linux-gnu/libopencv_imgproc.so.2.4.9
7f4ba5420000-7f4ba561f000 ---p 001f0000 08:01 41167540                   /usr/lib/x86_64-linux-gnu/libopencv_imgproc.so.2.4.9
7f4ba561f000-7f4ba5625000 r--p 001ef000 08:01 41167540                   /usr/lib/x86_64-linux-gnu/libopencv_imgproc.so.2.4.9
7f4ba5625000-7f4ba5626000 rw-p 001f5000 08:01 41167540                   /usr/lib/x86_64-linux-gnu/libopencv_imgproc.so.2.4.9
7f4ba5626000-7f4ba56bb000 rw-p 00000000 00:00 0 
7f4ba56bb000-7f4ba5701000 r-xp 00000000 08:01 41167584                   /usr/lib/x86_64-linux-gnu/libopencv_highgui.so.2.4.9
7f4ba5701000-7f4ba5900000 ---p 00046000 08:01 41167584                   /usr/lib/x86_64-linux-gnu/libopencv_highgui.so.2.4.9
7f4ba5900000-7f4ba5903000 r--p 00045000 08:01 41167584                   /usr/lib/x86_64-linux-gnu/libopencv_highgui.so.2.4.9
7f4ba5903000-7f4ba5904000 rw-p 00048000 08:01 41167584                   /usr/lib/x86_64-linux-gnu/libopencv_highgui.so.2.4.9
7f4ba5904000-7f4ba5ac4000 r-xp 00000000 08:01 25952300                   /lib/x86_64-linux-gnu/libc-2.23.so
7f4ba5ac4000-7f4ba5cc3000 ---p 001c0000 08:01 25952300                   /lib/x86_64-linux-gnu/libc-2.23.so
7f4ba5cc3000-7f4ba5cc7000 r--p 001bf000 08:01 25952300                   /lib/x86_64-linux-gnu/libc-2.23.so
7f4ba5cc7000-7f4ba5cc9000 rw-p 001c3000 08:01 25952300                   /lib/x86_64-linux-gnu/libc-2.23.so
7f4ba5cc9000-7f4ba5ccd000 rw-p 00000000 00:00 0 
7f4ba5ccd000-7f4ba5ce5000 r-xp 00000000 08:01 25952299                   /lib/x86_64-linux-gnu/libpthread-2.23.so
7f4ba5ce5000-7f4ba5ee4000 ---p 00018000 08:01 25952299                   /lib/x86_64-linux-gnu/libpthread-2.23.so
7f4ba5ee4000-7f4ba5ee5000 r--p 00017000 08:01 25952299                   /lib/x86_64-linux-gnu/libpthread-2.23.so
7f4ba5ee5000-7f4ba5ee6000 rw-p 00018000 08:01 25952299                   /lib/x86_64-linux-gnu/libpthread-2.23.so
7f4ba5ee6000-7f4ba5eea000 rw-p 00000000 00:00 0 
7f4ba5eea000-7f4ba5f00000 r-xp 00000000 08:01 25952321                   /lib/x86_64-linux-gnu/libgcc_s.so.1
7f4ba5f00000-7f4ba60ff000 ---p 00016000 08:01 25952321                   /lib/x86_64-linux-gnu/libgcc_s.so.1
7f4ba60ff000-7f4ba6100000 rw-p 00015000 08:01 25952321                   /lib/x86_64-linux-gnu/libgcc_s.so.1
7f4ba6100000-7f4ba6272000 r-xp 00000000 08:01 41161291                   /usr/lib/x86_64-linux-gnu/libstdc++.so.6.0.21
7f4ba6272000-7f4ba6472000 ---p 00172000 08:01 41161291                   /usr/lib/x86_64-linux-gnu/libstdc++.so.6.0.21
7f4ba6472000-7f4ba647c000 r--p 00172000 08:01 41161291                   /usr/lib/x86_64-linux-gnu/libstdc++.so.6.0.21
7f4ba647c000-7f4ba647e000 rw-p 0017c000 08:01 41161291                   /usr/lib/x86_64-linux-gnu/libstdc++.so.6.0.21
7f4ba647e000-7f4ba6482000 rw-p 00000000 00:00 0 
7f4ba6482000-7f4ba64ca000 r-xp 00000000 08:01 657865                     /home/sebastian/raytracing/build/DocOpt/libdocopt.so
7f4ba64ca000-7f4ba66c9000 ---p 00048000 08:01 657865                     /home/sebastian/raytracing/build/DocOpt/libdocopt.so
7f4ba66c9000-7f4ba66cb000 r--p 00047000 08:01 657865                     /home/sebastian/raytracing/build/DocOpt/libdocopt.so
7f4ba66cb000-7f4ba66cc000 rw-p 00049000 08:01 657865                     /home/sebastian/raytracing/build/DocOpt/libdocopt.so
7f4ba66cc000-7f4ba680c000 r-xp 00000000 08:01 54001821                   /home/sebastian/raytracing/build/libmct.so
7f4ba680c000-7f4ba6a0b000 ---p 00140000 08:01 54001821                   /home/sebastian/raytracing/build/libmct.so
7f4ba6a0b000-7f4ba6a0e000 r--p 0013f000 08:01 54001821                   /home/sebastian/raytracing/build/libmct.so
7f4ba6a0e000-7f4ba6a11000 rw-p 00142000 08:01 54001821                   /home/sebastian/raytracing/build/libmct.so
7f4ba6a11000-7f4ba6a21000 rw-p 00000000 00:00 0 
7f4ba6a21000-7f4ba6a47000 r-xp 00000000 08:01 25952296                   /lib/x86_64-linux-gnu/ld-2.23.so
7f4ba6bd1000-7f4ba6beb000 rw-p 00000000 00:00 0 
7f4ba6beb000-7f4ba6c09000 r-xp 00000000 08:01 25952370                   /lib/x86_64-linux-gnu/libudev.so.1.6.4
7f4ba6c09000-7f4ba6c0a000 r--p 0001d000 08:01 25952370                   /lib/x86_64-linux-gnu/libudev.so.1.6.4
7f4ba6c0a000-7f4ba6c0b000 rw-p 0001e000 08:01 25952370                   /lib/x86_64-linux-gnu/libudev.so.1.6.4
7f4ba6c0b000-7f4ba6c34000 rw-p 00000000 00:00 0 
7f4ba6c42000-7f4ba6c46000 rw-p 00000000 00:00 0 
7f4ba6c46000-7f4ba6c47000 r--p 00025000 08:01 25952296                   /lib/x86_64-linux-gnu/ld-2.23.so
7f4ba6c47000-7f4ba6c48000 rw-p 00026000 08:01 25952296                   /lib/x86_64-linux-gnu/ld-2.23.so
7f4ba6c48000-7f4ba6c49000 rw-p 00000000 00:00 0 
7ffedb821000-7ffedb863000 rw-p 00000000 00:00 0                          [stack]
7ffedb926000-7ffedb928000 r--p 00000000 00:00 0                          [vvar]
7ffedb928000-7ffedb92a000 r-xp 00000000 00:00 0                          [vdso]
ffffffffff600000-ffffffffff601000 r-xp 00000000 00:00 0                  [vsyscall]
