*** Error in `/home/sebastian/raytracing/build/mctPlenoscopePropagation': munmap_chunk(): invalid pointer: 0x0000000001364830 ***
======= Backtrace: =========
/lib/x86_64-linux-gnu/libc.so.6(+0x77725)[0x7f88e2574725]
/lib/x86_64-linux-gnu/libc.so.6(cfree+0x1a8)[0x7f88e2580c18]
/home/sebastian/raytracing/build/libmct.so(_ZNSt6vectorIN12PhotonSensor11photon_infoESaIS1_EE19_M_emplace_back_auxIJRKS1_EEEvDpOT_+0xd6)[0x7f88e3384a16]
/home/sebastian/raytracing/build/libmct.so(_ZN12PhotonSensor6Sensor28assign_photon_to_this_sensorEPK6Photon+0x1c9)[0x7f88e33844f9]
/home/sebastian/raytracing/build/libmct.so(_ZN13PhotonSensors7Sensors13assign_photonEPK6Photon+0x5a)[0x7f88e3385b3a]
/home/sebastian/raytracing/build/libmct.so(_ZN13PhotonSensors7Sensors14assign_photonsEPKSt6vectorI6PhotonSaIS2_EE+0x27)[0x7f88e3385b87]
/home/sebastian/raytracing/build/mctPlenoscopePropagation(main+0x1939)[0x40ed99]
/lib/x86_64-linux-gnu/libc.so.6(__libc_start_main+0xf0)[0x7f88e251d830]
/home/sebastian/raytracing/build/mctPlenoscopePropagation(_start+0x29)[0x412369]
======= Memory map: ========
00400000-00432000 r-xp 00000000 00:2a 54001989                           /home/sebastian/raytracing/build/mctPlenoscopePropagation
00632000-00633000 r--p 00032000 00:2a 54001989                           /home/sebastian/raytracing/build/mctPlenoscopePropagation
00633000-00634000 rw-p 00033000 00:2a 54001989                           /home/sebastian/raytracing/build/mctPlenoscopePropagation
00634000-00635000 rw-p 00000000 00:00 0 
00ea9000-01f45000 rw-p 00000000 00:00 0                                  [heap]
7f88c9c1a000-7f88c9c1b000 ---p 00000000 00:00 0 
7f88c9c1b000-7f88ca41b000 rw-p 00000000 00:00 0 
7f88ca41b000-7f88cbcd1000 r-xp 00000000 08:01 15471497                   /usr/lib/x86_64-linux-gnu/libicudata.so.55.1
7f88cbcd1000-7f88cbed0000 ---p 018b6000 08:01 15471497                   /usr/lib/x86_64-linux-gnu/libicudata.so.55.1
7f88cbed0000-7f88cbed1000 r--p 018b5000 08:01 15471497                   /usr/lib/x86_64-linux-gnu/libicudata.so.55.1
7f88cbed1000-7f88cbed2000 rw-p 018b6000 08:01 15471497                   /usr/lib/x86_64-linux-gnu/libicudata.so.55.1
7f88cbed2000-7f88cbed5000 r-xp 00000000 08:01 49287129                   /lib/x86_64-linux-gnu/libkeyutils.so.1.5
7f88cbed5000-7f88cc0d4000 ---p 00003000 08:01 49287129                   /lib/x86_64-linux-gnu/libkeyutils.so.1.5
7f88cc0d4000-7f88cc0d5000 r--p 00002000 08:01 49287129                   /lib/x86_64-linux-gnu/libkeyutils.so.1.5
7f88cc0d5000-7f88cc0d6000 rw-p 00003000 08:01 49287129                   /lib/x86_64-linux-gnu/libkeyutils.so.1.5
7f88cc0d6000-7f88cc0da000 r-xp 00000000 08:01 49283695                   /lib/x86_64-linux-gnu/libuuid.so.1.3.0
7f88cc0da000-7f88cc2d9000 ---p 00004000 08:01 49283695                   /lib/x86_64-linux-gnu/libuuid.so.1.3.0
7f88cc2d9000-7f88cc2da000 r--p 00003000 08:01 49283695                   /lib/x86_64-linux-gnu/libuuid.so.1.3.0
7f88cc2da000-7f88cc2db000 rw-p 00004000 08:01 49283695                   /lib/x86_64-linux-gnu/libuuid.so.1.3.0
7f88cc2db000-7f88cc45a000 r-xp 00000000 08:01 15471493                   /usr/lib/x86_64-linux-gnu/libicuuc.so.55.1
7f88cc45a000-7f88cc65a000 ---p 0017f000 08:01 15471493                   /usr/lib/x86_64-linux-gnu/libicuuc.so.55.1
7f88cc65a000-7f88cc66a000 r--p 0017f000 08:01 15471493                   /usr/lib/x86_64-linux-gnu/libicuuc.so.55.1
7f88cc66a000-7f88cc66b000 rw-p 0018f000 08:01 15471493                   /usr/lib/x86_64-linux-gnu/libicuuc.so.55.1
7f88cc66b000-7f88cc66f000 rw-p 00000000 00:00 0 
7f88cc66f000-7f88cc679000 r-xp 00000000 08:01 15472158                   /usr/lib/x86_64-linux-gnu/libkrb5support.so.0.1
7f88cc679000-7f88cc878000 ---p 0000a000 08:01 15472158                   /usr/lib/x86_64-linux-gnu/libkrb5support.so.0.1
7f88cc878000-7f88cc879000 r--p 00009000 08:01 15472158                   /usr/lib/x86_64-linux-gnu/libkrb5support.so.0.1
7f88cc879000-7f88cc87a000 rw-p 0000a000 08:01 15472158                   /usr/lib/x86_64-linux-gnu/libkrb5support.so.0.1
7f88cc87a000-7f88cc87d000 r-xp 00000000 08:01 49283583                   /lib/x86_64-linux-gnu/libcom_err.so.2.1
7f88cc87d000-7f88cca7c000 ---p 00003000 08:01 49283583                   /lib/x86_64-linux-gnu/libcom_err.so.2.1
7f88cca7c000-7f88cca7d000 r--p 00002000 08:01 49283583                   /lib/x86_64-linux-gnu/libcom_err.so.2.1
7f88cca7d000-7f88cca7e000 rw-p 00003000 08:01 49283583                   /lib/x86_64-linux-gnu/libcom_err.so.2.1
7f88cca7e000-7f88ccaaa000 r-xp 00000000 08:01 15472160                   /usr/lib/x86_64-linux-gnu/libk5crypto.so.3.1
7f88ccaaa000-7f88ccca9000 ---p 0002c000 08:01 15472160                   /usr/lib/x86_64-linux-gnu/libk5crypto.so.3.1
7f88ccca9000-7f88cccab000 r--p 0002b000 08:01 15472160                   /usr/lib/x86_64-linux-gnu/libk5crypto.so.3.1
7f88cccab000-7f88cccac000 rw-p 0002d000 08:01 15472160                   /usr/lib/x86_64-linux-gnu/libk5crypto.so.3.1
7f88cccac000-7f88cccad000 rw-p 00000000 00:00 0 
7f88cccad000-7f88ccd70000 r-xp 00000000 08:01 15472162                   /usr/lib/x86_64-linux-gnu/libkrb5.so.3.3
7f88ccd70000-7f88ccf70000 ---p 000c3000 08:01 15472162                   /usr/lib/x86_64-linux-gnu/libkrb5.so.3.3
7f88ccf70000-7f88ccf7d000 r--p 000c3000 08:01 15472162                   /usr/lib/x86_64-linux-gnu/libkrb5.so.3.3
7f88ccf7d000-7f88ccf7f000 rw-p 000d0000 08:01 15472162                   /usr/lib/x86_64-linux-gnu/libkrb5.so.3.3
7f88ccf7f000-7f88ccf91000 r-xp 00000000 08:01 49283606                   /lib/x86_64-linux-gnu/libgpg-error.so.0.17.0
7f88ccf91000-7f88cd191000 ---p 00012000 08:01 49283606                   /lib/x86_64-linux-gnu/libgpg-error.so.0.17.0
7f88cd191000-7f88cd192000 r--p 00012000 08:01 49283606                   /lib/x86_64-linux-gnu/libgpg-error.so.0.17.0
7f88cd192000-7f88cd193000 rw-p 00013000 08:01 49283606                   /lib/x86_64-linux-gnu/libgpg-error.so.0.17.0
7f88cd193000-7f88cd1a9000 r-xp 00000000 08:01 15472868                   /usr/lib/x86_64-linux-gnu/libICE.so.6.3.0
7f88cd1a9000-7f88cd3a8000 ---p 00016000 08:01 15472868                   /usr/lib/x86_64-linux-gnu/libICE.so.6.3.0
7f88cd3a8000-7f88cd3a9000 r--p 00015000 08:01 15472868                   /usr/lib/x86_64-linux-gnu/libICE.so.6.3.0
7f88cd3a9000-7f88cd3aa000 rw-p 00016000 08:01 15472868                   /usr/lib/x86_64-linux-gnu/libICE.so.6.3.0
7f88cd3aa000-7f88cd3ad000 rw-p 00000000 00:00 0 
7f88cd3ad000-7f88cd3b4000 r-xp 00000000 08:01 15472905                   /usr/lib/x86_64-linux-gnu/libSM.so.6.0.1
7f88cd3b4000-7f88cd5b3000 ---p 00007000 08:01 15472905                   /usr/lib/x86_64-linux-gnu/libSM.so.6.0.1
7f88cd5b3000-7f88cd5b4000 r--p 00006000 08:01 15472905                   /usr/lib/x86_64-linux-gnu/libSM.so.6.0.1
7f88cd5b4000-7f88cd5b5000 rw-p 00007000 08:01 15472905                   /usr/lib/x86_64-linux-gnu/libSM.so.6.0.1
7f88cd5b5000-7f88cd5bb000 r-xp 00000000 08:01 15472969                   /usr/lib/x86_64-linux-gnu/libdatrie.so.1.3.3
7f88cd5bb000-7f88cd7bb000 ---p 00006000 08:01 15472969                   /usr/lib/x86_64-linux-gnu/libdatrie.so.1.3.3
7f88cd7bb000-7f88cd7bc000 r--p 00006000 08:01 15472969                   /usr/lib/x86_64-linux-gnu/libdatrie.so.1.3.3
7f88cd7bc000-7f88cd7bd000 rw-p 00007000 08:01 15472969                   /usr/lib/x86_64-linux-gnu/libdatrie.so.1.3.3
7f88cd7bd000-7f88cd7e0000 r-xp 00000000 08:01 15473498                   /usr/lib/x86_64-linux-gnu/libgraphite2.so.3.0.1
7f88cd7e0000-7f88cd9df000 ---p 00023000 08:01 15473498                   /usr/lib/x86_64-linux-gnu/libgraphite2.so.3.0.1
7f88cd9df000-7f88cd9e1000 r--p 00022000 08:01 15473498                   /usr/lib/x86_64-linux-gnu/libgraphite2.so.3.0.1
7f88cd9e1000-7f88cd9e2000 rw-p 00024000 08:01 15473498                   /usr/lib/x86_64-linux-gnu/libgraphite2.so.3.0.1
7f88cd9e2000-7f88cd9f3000 r-xp 00000000 08:01 15468880                   /usr/lib/x86_64-linux-gnu/libtasn1.so.6.5.1
7f88cd9f3000-7f88cdbf3000 ---p 00011000 08:01 15468880                   /usr/lib/x86_64-linux-gnu/libtasn1.so.6.5.1
7f88cdbf3000-7f88cdbf4000 r--p 00011000 08:01 15468880                   /usr/lib/x86_64-linux-gnu/libtasn1.so.6.5.1
7f88cdbf4000-7f88cdbf5000 rw-p 00012000 08:01 15468880                   /usr/lib/x86_64-linux-gnu/libtasn1.so.6.5.1
7f88cdbf5000-7f88cdc26000 r-xp 00000000 08:01 15468852                   /usr/lib/x86_64-linux-gnu/libidn.so.11.6.15
7f88cdc26000-7f88cde26000 ---p 00031000 08:01 15468852                   /usr/lib/x86_64-linux-gnu/libidn.so.11.6.15
7f88cde26000-7f88cde27000 r--p 00031000 08:01 15468852                   /usr/lib/x86_64-linux-gnu/libidn.so.11.6.15
7f88cde27000-7f88cde28000 rw-p 00032000 08:01 15468852                   /usr/lib/x86_64-linux-gnu/libidn.so.11.6.15
7f88cde28000-7f88cde82000 r-xp 00000000 08:01 15468866                   /usr/lib/x86_64-linux-gnu/libp11-kit.so.0.1.0
7f88cde82000-7f88ce081000 ---p 0005a000 08:01 15468866                   /usr/lib/x86_64-linux-gnu/libp11-kit.so.0.1.0
7f88ce081000-7f88ce08b000 r--p 00059000 08:01 15468866                   /usr/lib/x86_64-linux-gnu/libp11-kit.so.0.1.0
7f88ce08b000-7f88ce08d000 rw-p 00063000 08:01 15468866                   /usr/lib/x86_64-linux-gnu/libp11-kit.so.0.1.0
7f88ce08d000-7f88ce23d000 r-xp 00000000 08:01 15471506                   /usr/lib/x86_64-linux-gnu/libxml2.so.2.9.3
7f88ce23d000-7f88ce43c000 ---p 001b0000 08:01 15471506                   /usr/lib/x86_64-linux-gnu/libxml2.so.2.9.3
7f88ce43c000-7f88ce444000 r--p 001af000 08:01 15471506                   /usr/lib/x86_64-linux-gnu/libxml2.so.2.9.3
7f88ce444000-7f88ce446000 rw-p 001b7000 08:01 15471506                   /usr/lib/x86_64-linux-gnu/libxml2.so.2.9.3
7f88ce446000-7f88ce447000 rw-p 00000000 00:00 0 
7f88ce447000-7f88ce4c6000 r-xp 00000000 08:01 15468844                   /usr/lib/x86_64-linux-gnu/libgmp.so.10.3.0
7f88ce4c6000-7f88ce6c5000 ---p 0007f000 08:01 15468844                   /usr/lib/x86_64-linux-gnu/libgmp.so.10.3.0
7f88ce6c5000-7f88ce6c6000 r--p 0007e000 08:01 15468844                   /usr/lib/x86_64-linux-gnu/libgmp.so.10.3.0
7f88ce6c6000-7f88ce6c7000 rw-p 0007f000 08:01 15468844                   /usr/lib/x86_64-linux-gnu/libgmp.so.10.3.0
7f88ce6c7000-7f88ce6fb000 r-xp 00000000 08:01 15468864                   /usr/lib/x86_64-linux-gnu/libnettle.so.6.2
7f88ce6fb000-7f88ce8fa000 ---p 00034000 08:01 15468864                   /usr/lib/x86_64-linux-gnu/libnettle.so.6.2
7f88ce8fa000-7f88ce8fc000 r--p 00033000 08:01 15468864                   /usr/lib/x86_64-linux-gnu/libnettle.so.6.2
7f88ce8fc000-7f88ce8fd000 rw-p 00035000 08:01 15468864                   /usr/lib/x86_64-linux-gnu/libnettle.so.6.2
7f88ce8fd000-7f88ce92f000 r-xp 00000000 08:01 15468850                   /usr/lib/x86_64-linux-gnu/libhogweed.so.4.2
7f88ce92f000-7f88ceb2e000 ---p 00032000 08:01 15468850                   /usr/lib/x86_64-linux-gnu/libhogweed.so.4.2
7f88ceb2e000-7f88ceb2f000 r--p 00031000 08:01 15468850                   /usr/lib/x86_64-linux-gnu/libhogweed.so.4.2
7f88ceb2f000-7f88ceb30000 rw-p 00032000 08:01 15468850                   /usr/lib/x86_64-linux-gnu/libhogweed.so.4.2
7f88ceb30000-7f88ceb77000 r-xp 00000000 08:01 15472164                   /usr/lib/x86_64-linux-gnu/libgssapi_krb5.so.2.2
7f88ceb77000-7f88ced76000 ---p 00047000 08:01 15472164                   /usr/lib/x86_64-linux-gnu/libgssapi_krb5.so.2.2
7f88ced76000-7f88ced78000 r--p 00046000 08:01 15472164                   /usr/lib/x86_64-linux-gnu/libgssapi_krb5.so.2.2
7f88ced78000-7f88ced7a000 rw-p 00048000 08:01 15472164                   /usr/lib/x86_64-linux-gnu/libgssapi_krb5.so.2.2
7f88ced7a000-7f88cee52000 r-xp 00000000 08:01 49283604                   /lib/x86_64-linux-gnu/libgcrypt.so.20.0.5
7f88cee52000-7f88cf051000 ---p 000d8000 08:01 49283604                   /lib/x86_64-linux-gnu/libgcrypt.so.20.0.5
7f88cf051000-7f88cf052000 r--p 000d7000 08:01 49283604                   /lib/x86_64-linux-gnu/libgcrypt.so.20.0.5
7f88cf052000-7f88cf05a000 rw-p 000d8000 08:01 49283604                   /lib/x86_64-linux-gnu/libgcrypt.so.20.0.5
7f88cf05a000-7f88cf05b000 rw-p 00000000 00:00 0 
7f88cf05b000-7f88cf0d6000 r-xp 00000000 08:01 15472899                   /usr/lib/x86_64-linux-gnu/liborc-0.4.so.0.25.0
7f88cf0d6000-7f88cf2d5000 ---p 0007b000 08:01 15472899                   /usr/lib/x86_64-linux-gnu/liborc-0.4.so.0.25.0
7f88cf2d5000-7f88cf2d7000 r--p 0007a000 08:01 15472899                   /usr/lib/x86_64-linux-gnu/liborc-0.4.so.0.25.0
7f88cf2d7000-7f88cf2db000 rw-p 0007c000 08:01 15472899                   /usr/lib/x86_64-linux-gnu/liborc-0.4.so.0.25.0
7f88cf2db000-7f88cf2e2000 r-xp 00000000 08:01 15472872                   /usr/lib/x86_64-linux-gnu/libogg.so.0.8.2
7f88cf2e2000-7f88cf4e2000 ---p 00007000 08:01 15472872                   /usr/lib/x86_64-linux-gnu/libogg.so.0.8.2
7f88cf4e2000-7f88cf4e3000 r--p 00007000 08:01 15472872                   /usr/lib/x86_64-linux-gnu/libogg.so.0.8.2
7f88cf4e3000-7f88cf4e4000 rw-p 00008000 08:01 15472872                   /usr/lib/x86_64-linux-gnu/libogg.so.0.8.2
7f88cf4e4000-7f88cf4ee000 r-xp 00000000 08:01 15472240                   /usr/lib/x86_64-linux-gnu/libnuma.so.1.0.0
7f88cf4ee000-7f88cf6ed000 ---p 0000a000 08:01 15472240                   /usr/lib/x86_64-linux-gnu/libnuma.so.1.0.0
7f88cf6ed000-7f88cf6ee000 r--p 00009000 08:01 15472240                   /usr/lib/x86_64-linux-gnu/libnuma.so.1.0.0
7f88cf6ee000-7f88cf6ef000 rw-p 0000a000 08:01 15472240                   /usr/lib/x86_64-linux-gnu/libnuma.so.1.0.0
7f88cf6ef000-7f88cf71d000 r-xp 00000000 08:01 15473601                   /usr/lib/x86_64-linux-gnu/libsoxr.so.0.1.1
7f88cf71d000-7f88cf91c000 ---p 0002e000 08:01 15473601                   /usr/lib/x86_64-linux-gnu/libsoxr.so.0.1.1
7f88cf91c000-7f88cf91e000 r--p 0002d000 08:01 15473601                   /usr/lib/x86_64-linux-gnu/libsoxr.so.0.1.1
7f88cf91e000-7f88cf91f000 rw-p 0002f000 08:01 15473601                   /usr/lib/x86_64-linux-gnu/libsoxr.so.0.1.1
7f88cf91f000-7f88cf954000 rw-p 00000000 00:00 0 
7f88cf954000-7f88cf979000 r-xp 00000000 08:01 15473789                   /usr/lib/x86_64-linux-gnu/libv4lconvert.so.0.0.0
7f88cf979000-7f88cfb79000 ---p 00025000 08:01 15473789                   /usr/lib/x86_64-linux-gnu/libv4lconvert.so.0.0.0
7f88cfb79000-7f88cfb7b000 r--p 00025000 08:01 15473789                   /usr/lib/x86_64-linux-gnu/libv4lconvert.so.0.0.0
7f88cfb7b000-7f88cfb7c000 rw-p 00027000 08:01 15473789                   /usr/lib/x86_64-linux-gnu/libv4lconvert.so.0.0.0
7f88cfb7c000-7f88cfbce000 rw-p 00000000 00:00 0 
7f88cfbce000-7f88cfc30000 r-xp 00000000 08:01 15473777                   /usr/lib/x86_64-linux-gnu/libXt.so.6.0.0
7f88cfc30000-7f88cfe30000 ---p 00062000 08:01 15473777                   /usr/lib/x86_64-linux-gnu/libXt.so.6.0.0
7f88cfe30000-7f88cfe31000 r--p 00062000 08:01 15473777                   /usr/lib/x86_64-linux-gnu/libXt.so.6.0.0
7f88cfe31000-7f88cfe36000 rw-p 00063000 08:01 15473777                   /usr/lib/x86_64-linux-gnu/libXt.so.6.0.0
7f88cfe36000-7f88cfe37000 rw-p 00000000 00:00 0 
7f88cfe37000-7f88cfe3f000 r-xp 00000000 08:01 15472971                   /usr/lib/x86_64-linux-gnu/libthai.so.0.2.4
7f88cfe3f000-7f88d003e000 ---p 00008000 08:01 15472971                   /usr/lib/x86_64-linux-gnu/libthai.so.0.2.4
7f88d003e000-7f88d003f000 r--p 00007000 08:01 15472971                   /usr/lib/x86_64-linux-gnu/libthai.so.0.2.4
7f88d003f000-7f88d0040000 rw-p 00008000 08:01 15472971                   /usr/lib/x86_64-linux-gnu/libthai.so.0.2.4
7f88d0040000-7f88d009c000 r-xp 00000000 08:01 15473501                   /usr/lib/x86_64-linux-gnu/libharfbuzz.so.0.10000.1
7f88d009c000-7f88d029c000 ---p 0005c000 08:01 15473501                   /usr/lib/x86_64-linux-gnu/libharfbuzz.so.0.10000.1
7f88d029c000-7f88d029d000 r--p 0005c000 08:01 15473501                   /usr/lib/x86_64-linux-gnu/libharfbuzz.so.0.10000.1
7f88d029d000-7f88d029e000 rw-p 0005d000 08:01 15473501                   /usr/lib/x86_64-linux-gnu/libharfbuzz.so.0.10000.1
7f88d029e000-7f88d02b5000 r-xp 00000000 08:01 49283667                   /lib/x86_64-linux-gnu/libresolv-2.23.so
7f88d02b5000-7f88d04b5000 ---p 00017000 08:01 49283667                   /lib/x86_64-linux-gnu/libresolv-2.23.so
7f88d04b5000-7f88d04b6000 r--p 00017000 08:01 49283667                   /lib/x86_64-linux-gnu/libresolv-2.23.so
7f88d04b6000-7f88d04b7000 rw-p 00018000 08:01 49283667                   /lib/x86_64-linux-gnu/libresolv-2.23.so
7f88d04b7000-7f88d04b9000 rw-p 00000000 00:00 0 
7f88d04b9000-7f88d04d8000 r-xp 00000000 08:01 49283673                   /lib/x86_64-linux-gnu/libselinux.so.1
7f88d04d8000-7f88d06d7000 ---p 0001f000 08:01 49283673                   /lib/x86_64-linux-gnu/libselinux.so.1
7f88d06d7000-7f88d06d8000 r--p 0001e000 08:01 49283673                   /lib/x86_64-linux-gnu/libselinux.so.1
7f88d06d8000-7f88d06d9000 rw-p 0001f000 08:01 49283673                   /lib/x86_64-linux-gnu/libselinux.so.1
7f88d06d9000-7f88d06db000 rw-p 00000000 00:00 0 
7f88d06db000-7f88d06e3000 r-xp 00000000 08:01 15473492                   /usr/lib/x86_64-linux-gnu/libxcb-render.so.0.0.0
7f88d06e3000-7f88d08e3000 ---p 00008000 08:01 15473492                   /usr/lib/x86_64-linux-gnu/libxcb-render.so.0.0.0
7f88d08e3000-7f88d08e4000 r--p 00008000 08:01 15473492                   /usr/lib/x86_64-linux-gnu/libxcb-render.so.0.0.0
7f88d08e4000-7f88d08e5000 rw-p 00009000 08:01 15473492                   /usr/lib/x86_64-linux-gnu/libxcb-render.so.0.0.0
7f88d08e5000-7f88d08e7000 r-xp 00000000 08:01 15473494                   /usr/lib/x86_64-linux-gnu/libxcb-shm.so.0.0.0
7f88d08e7000-7f88d0ae7000 ---p 00002000 08:01 15473494                   /usr/lib/x86_64-linux-gnu/libxcb-shm.so.0.0.0
7f88d0ae7000-7f88d0ae8000 r--p 00002000 08:01 15473494                   /usr/lib/x86_64-linux-gnu/libxcb-shm.so.0.0.0
7f88d0ae8000-7f88d0ae9000 rw-p 00003000 08:01 15473494                   /usr/lib/x86_64-linux-gnu/libxcb-shm.so.0.0.0
7f88d0ae9000-7f88d0b88000 r-xp 00000000 08:01 15473490                   /usr/lib/x86_64-linux-gnu/libpixman-1.so.0.33.6
7f88d0b88000-7f88d0d88000 ---p 0009f000 08:01 15473490                   /usr/lib/x86_64-linux-gnu/libpixman-1.so.0.33.6
7f88d0d88000-7f88d0d90000 r--p 0009f000 08:01 15473490                   /usr/lib/x86_64-linux-gnu/libpixman-1.so.0.33.6
7f88d0d90000-7f88d0d91000 rw-p 000a7000 08:01 15473490                   /usr/lib/x86_64-linux-gnu/libpixman-1.so.0.33.6
7f88d0d91000-7f88d0e35000 r-xp 00000000 08:01 15471370                   /usr/lib/x86_64-linux-gnu/libfreetype.so.6.12.1
7f88d0e35000-7f88d1034000 ---p 000a4000 08:01 15471370                   /usr/lib/x86_64-linux-gnu/libfreetype.so.6.12.1
7f88d1034000-7f88d103a000 r--p 000a3000 08:01 15471370                   /usr/lib/x86_64-linux-gnu/libfreetype.so.6.12.1
7f88d103a000-7f88d103b000 rw-p 000a9000 08:01 15471370                   /usr/lib/x86_64-linux-gnu/libfreetype.so.6.12.1
7f88d103b000-7f88d1040000 r-xp 00000000 08:01 15472091                   /usr/lib/x86_64-linux-gnu/libXdmcp.so.6.0.0
7f88d1040000-7f88d123f000 ---p 00005000 08:01 15472091                   /usr/lib/x86_64-linux-gnu/libXdmcp.so.6.0.0
7f88d123f000-7f88d1240000 r--p 00004000 08:01 15472091                   /usr/lib/x86_64-linux-gnu/libXdmcp.so.6.0.0
7f88d1240000-7f88d1241000 rw-p 00005000 08:01 15472091                   /usr/lib/x86_64-linux-gnu/libXdmcp.so.6.0.0
7f88d1241000-7f88d1243000 r-xp 00000000 08:01 15472089                   /usr/lib/x86_64-linux-gnu/libXau.so.6.0.0
7f88d1243000-7f88d1443000 ---p 00002000 08:01 15472089                   /usr/lib/x86_64-linux-gnu/libXau.so.6.0.0
7f88d1443000-7f88d1444000 r--p 00002000 08:01 15472089                   /usr/lib/x86_64-linux-gnu/libXau.so.6.0.0
7f88d1444000-7f88d1445000 rw-p 00003000 08:01 15472089                   /usr/lib/x86_64-linux-gnu/libXau.so.6.0.0
7f88d1445000-7f88d1454000 r-xp 00000000 08:01 49283575                   /lib/x86_64-linux-gnu/libbz2.so.1.0.4
7f88d1454000-7f88d1653000 ---p 0000f000 08:01 49283575                   /lib/x86_64-linux-gnu/libbz2.so.1.0.4
7f88d1653000-7f88d1654000 r--p 0000e000 08:01 49283575                   /lib/x86_64-linux-gnu/libbz2.so.1.0.4
7f88d1654000-7f88d1655000 rw-p 0000f000 08:01 49283575                   /lib/x86_64-linux-gnu/libbz2.so.1.0.4
7f88d1655000-7f88d1779000 r-xp 00000000 08:01 15468848                   /usr/lib/x86_64-linux-gnu/libgnutls.so.30.6.2
7f88d1779000-7f88d1978000 ---p 00124000 08:01 15468848                   /usr/lib/x86_64-linux-gnu/libgnutls.so.30.6.2
7f88d1978000-7f88d1983000 r--p 00123000 08:01 15468848                   /usr/lib/x86_64-linux-gnu/libgnutls.so.30.6.2
7f88d1983000-7f88d1985000 rw-p 0012e000 08:01 15468848                   /usr/lib/x86_64-linux-gnu/libgnutls.so.30.6.2
7f88d1985000-7f88d1986000 rw-p 00000000 00:00 0 
7f88d1986000-7f88d19cd000 r-xp 00000000 08:01 15473648                   /usr/lib/x86_64-linux-gnu/libbluray.so.1.9.2
7f88d19cd000-7f88d1bcc000 ---p 00047000 08:01 15473648                   /usr/lib/x86_64-linux-gnu/libbluray.so.1.9.2
7f88d1bcc000-7f88d1bce000 r--p 00046000 08:01 15473648                   /usr/lib/x86_64-linux-gnu/libbluray.so.1.9.2
7f88d1bce000-7f88d1bcf000 rw-p 00048000 08:01 15473648                   /usr/lib/x86_64-linux-gnu/libbluray.so.1.9.2
7f88d1bcf000-7f88d1c19000 r-xp 00000000 08:01 15473650                   /usr/lib/x86_64-linux-gnu/libgme.so.0.6.0
7f88d1c19000-7f88d1e19000 ---p 0004a000 08:01 15473650                   /usr/lib/x86_64-linux-gnu/libgme.so.0.6.0
7f88d1e19000-7f88d1e1c000 r--p 0004a000 08:01 15473650                   /usr/lib/x86_64-linux-gnu/libgme.so.0.6.0
7f88d1e1c000-7f88d1e1d000 rw-p 0004d000 08:01 15473650                   /usr/lib/x86_64-linux-gnu/libgme.so.0.6.0
7f88d1e1d000-7f88d1e67000 r-xp 00000000 08:01 15473652                   /usr/lib/x86_64-linux-gnu/libmodplug.so.1.0.0
7f88d1e67000-7f88d2067000 ---p 0004a000 08:01 15473652                   /usr/lib/x86_64-linux-gnu/libmodplug.so.1.0.0
7f88d2067000-7f88d2068000 r--p 0004a000 08:01 15473652                   /usr/lib/x86_64-linux-gnu/libmodplug.so.1.0.0
7f88d2068000-7f88d2069000 rw-p 0004b000 08:01 15473652                   /usr/lib/x86_64-linux-gnu/libmodplug.so.1.0.0
7f88d2069000-7f88d21a8000 rw-p 00000000 00:00 0 
7f88d21a8000-7f88d21c3000 r-xp 00000000 08:01 15472191                   /usr/lib/x86_64-linux-gnu/librtmp.so.1
7f88d21c3000-7f88d23c2000 ---p 0001b000 08:01 15472191                   /usr/lib/x86_64-linux-gnu/librtmp.so.1
7f88d23c2000-7f88d23c3000 r--p 0001a000 08:01 15472191                   /usr/lib/x86_64-linux-gnu/librtmp.so.1
7f88d23c3000-7f88d23c4000 rw-p 0001b000 08:01 15472191                   /usr/lib/x86_64-linux-gnu/librtmp.so.1
7f88d23c4000-7f88d240c000 r-xp 00000000 08:01 15473654                   /usr/lib/x86_64-linux-gnu/libssh-gcrypt.so.4.4.1
7f88d240c000-7f88d260b000 ---p 00048000 08:01 15473654                   /usr/lib/x86_64-linux-gnu/libssh-gcrypt.so.4.4.1
7f88d260b000-7f88d260c000 r--p 00047000 08:01 15473654                   /usr/lib/x86_64-linux-gnu/libssh-gcrypt.so.4.4.1
7f88d260c000-7f88d260d000 rw-p 00048000 08:01 15473654                   /usr/lib/x86_64-linux-gnu/libssh-gcrypt.so.4.4.1
7f88d260d000-7f88d2627000 r-xp 00000000 08:01 15468877                   /usr/lib/x86_64-linux-gnu/libcrystalhd.so.3.6
7f88d2627000-7f88d2826000 ---p 0001a000 08:01 15468877                   /usr/lib/x86_64-linux-gnu/libcrystalhd.so.3.6
7f88d2826000-7f88d2827000 r--p 00019000 08:01 15468877                   /usr/lib/x86_64-linux-gnu/libcrystalhd.so.3.6
7f88d2827000-7f88d2828000 rw-p 0001a000 08:01 15468877                   /usr/lib/x86_64-linux-gnu/libcrystalhd.so.3.6
7f88d2828000-7f88d2835000 r-xp 00000000 08:01 15470633                   /usr/lib/x86_64-linux-gnu/libgsm.so.1.0.12
7f88d2835000-7f88d2a34000 ---p 0000d000 08:01 15470633                   /usr/lib/x86_64-linux-gnu/libgsm.so.1.0.12
7f88d2a34000-7f88d2a35000 r--p 0000c000 08:01 15470633                   /usr/lib/x86_64-linux-gnu/libgsm.so.1.0.12
7f88d2a35000-7f88d2a36000 rw-p 0000d000 08:01 15470633                   /usr/lib/x86_64-linux-gnu/libgsm.so.1.0.12
7f88d2a36000-7f88d2a7b000 r-xp 00000000 08:01 15473587                   /usr/lib/x86_64-linux-gnu/libmp3lame.so.0.0.0
7f88d2a7b000-7f88d2c7b000 ---p 00045000 08:01 15473587                   /usr/lib/x86_64-linux-gnu/libmp3lame.so.0.0.0
7f88d2c7b000-7f88d2c7c000 r--p 00045000 08:01 15473587                   /usr/lib/x86_64-linux-gnu/libmp3lame.so.0.0.0
7f88d2c7c000-7f88d2c7d000 rw-p 00046000 08:01 15473587                   /usr/lib/x86_64-linux-gnu/libmp3lame.so.0.0.0
7f88d2c7d000-7f88d2cab000 rw-p 00000000 00:00 0 
7f88d2cab000-7f88d2ccd000 r-xp 00000000 08:01 15473590                   /usr/lib/x86_64-linux-gnu/libopenjpeg.so.1.5.2
7f88d2ccd000-7f88d2ecc000 ---p 00022000 08:01 15473590                   /usr/lib/x86_64-linux-gnu/libopenjpeg.so.1.5.2
7f88d2ecc000-7f88d2ecd000 r--p 00021000 08:01 15473590                   /usr/lib/x86_64-linux-gnu/libopenjpeg.so.1.5.2
7f88d2ecd000-7f88d2ece000 rw-p 00022000 08:01 15473590                   /usr/lib/x86_64-linux-gnu/libopenjpeg.so.1.5.2
7f88d2ece000-7f88d2f17000 r-xp 00000000 08:01 15473593                   /usr/lib/x86_64-linux-gnu/libopus.so.0.5.2
7f88d2f17000-7f88d3116000 ---p 00049000 08:01 15473593                   /usr/lib/x86_64-linux-gnu/libopus.so.0.5.2
7f88d3116000-7f88d3117000 r--p 00048000 08:01 15473593                   /usr/lib/x86_64-linux-gnu/libopus.so.0.5.2
7f88d3117000-7f88d3118000 rw-p 00049000 08:01 15473593                   /usr/lib/x86_64-linux-gnu/libopus.so.0.5.2
7f88d3118000-7f88d31e9000 r-xp 00000000 08:01 15472903                   /usr/lib/x86_64-linux-gnu/libschroedinger-1.0.so.0.11.0
7f88d31e9000-7f88d33e9000 ---p 000d1000 08:01 15472903                   /usr/lib/x86_64-linux-gnu/libschroedinger-1.0.so.0.11.0
7f88d33e9000-7f88d33eb000 r--p 000d1000 08:01 15472903                   /usr/lib/x86_64-linux-gnu/libschroedinger-1.0.so.0.11.0
7f88d33eb000-7f88d33ec000 rw-p 000d3000 08:01 15472903                   /usr/lib/x86_64-linux-gnu/libschroedinger-1.0.so.0.11.0
7f88d33ec000-7f88d33ed000 rw-p 00000000 00:00 0 
7f88d33ed000-7f88d33f9000 r-xp 00000000 08:01 15473595                   /usr/lib/x86_64-linux-gnu/libshine.so.3.0.1
7f88d33f9000-7f88d35f8000 ---p 0000c000 08:01 15473595                   /usr/lib/x86_64-linux-gnu/libshine.so.3.0.1
7f88d35f8000-7f88d35f9000 r--p 0000b000 08:01 15473595                   /usr/lib/x86_64-linux-gnu/libshine.so.3.0.1
7f88d35f9000-7f88d35fa000 rw-p 0000c000 08:01 15473595                   /usr/lib/x86_64-linux-gnu/libshine.so.3.0.1
7f88d35fa000-7f88d3601000 r-xp 00000000 08:01 15473597                   /usr/lib/x86_64-linux-gnu/libsnappy.so.1.3.0
7f88d3601000-7f88d3800000 ---p 00007000 08:01 15473597                   /usr/lib/x86_64-linux-gnu/libsnappy.so.1.3.0
7f88d3800000-7f88d3801000 r--p 00006000 08:01 15473597                   /usr/lib/x86_64-linux-gnu/libsnappy.so.1.3.0
7f88d3801000-7f88d3802000 rw-p 00007000 08:01 15473597                   /usr/lib/x86_64-linux-gnu/libsnappy.so.1.3.0
7f88d3802000-7f88d3819000 r-xp 00000000 08:01 15473599                   /usr/lib/x86_64-linux-gnu/libspeex.so.1.5.0
7f88d3819000-7f88d3a19000 ---p 00017000 08:01 15473599                   /usr/lib/x86_64-linux-gnu/libspeex.so.1.5.0
7f88d3a19000-7f88d3a1a000 r--p 00017000 08:01 15473599                   /usr/lib/x86_64-linux-gnu/libspeex.so.1.5.0
7f88d3a1a000-7f88d3a1b000 rw-p 00018000 08:01 15473599                   /usr/lib/x86_64-linux-gnu/libspeex.so.1.5.0
7f88d3a1b000-7f88d3a34000 r-xp 00000000 08:01 15473607                   /usr/lib/x86_64-linux-gnu/libtheoradec.so.1.1.4
7f88d3a34000-7f88d3c33000 ---p 00019000 08:01 15473607                   /usr/lib/x86_64-linux-gnu/libtheoradec.so.1.1.4
7f88d3c33000-7f88d3c34000 r--p 00018000 08:01 15473607                   /usr/lib/x86_64-linux-gnu/libtheoradec.so.1.1.4
7f88d3c34000-7f88d3c35000 rw-p 00019000 08:01 15473607                   /usr/lib/x86_64-linux-gnu/libtheoradec.so.1.1.4
7f88d3c35000-7f88d3c73000 r-xp 00000000 08:01 15473605                   /usr/lib/x86_64-linux-gnu/libtheoraenc.so.1.1.2
7f88d3c73000-7f88d3e72000 ---p 0003e000 08:01 15473605                   /usr/lib/x86_64-linux-gnu/libtheoraenc.so.1.1.2
7f88d3e72000-7f88d3e73000 r--p 0003d000 08:01 15473605                   /usr/lib/x86_64-linux-gnu/libtheoraenc.so.1.1.2
7f88d3e73000-7f88d3e74000 rw-p 0003e000 08:01 15473605                   /usr/lib/x86_64-linux-gnu/libtheoraenc.so.1.1.2
7f88d3e74000-7f88d3e92000 r-xp 00000000 08:01 15473611                   /usr/lib/x86_64-linux-gnu/libtwolame.so.0.0.0
7f88d3e92000-7f88d4091000 ---p 0001e000 08:01 15473611                   /usr/lib/x86_64-linux-gnu/libtwolame.so.0.0.0
7f88d4091000-7f88d4092000 r--p 0001d000 08:01 15473611                   /usr/lib/x86_64-linux-gnu/libtwolame.so.0.0.0
7f88d4092000-7f88d4093000 rw-p 0001e000 08:01 15473611                   /usr/lib/x86_64-linux-gnu/libtwolame.so.0.0.0
7f88d4093000-7f88d4097000 rw-p 00000000 00:00 0 
7f88d4097000-7f88d40c1000 r-xp 00000000 08:01 15473615                   /usr/lib/x86_64-linux-gnu/libvorbis.so.0.4.8
7f88d40c1000-7f88d42c1000 ---p 0002a000 08:01 15473615                   /usr/lib/x86_64-linux-gnu/libvorbis.so.0.4.8
7f88d42c1000-7f88d42c2000 r--p 0002a000 08:01 15473615                   /usr/lib/x86_64-linux-gnu/libvorbis.so.0.4.8
7f88d42c2000-7f88d42c3000 rw-p 0002b000 08:01 15473615                   /usr/lib/x86_64-linux-gnu/libvorbis.so.0.4.8
7f88d42c3000-7f88d4350000 r-xp 00000000 08:01 15473617                   /usr/lib/x86_64-linux-gnu/libvorbisenc.so.2.0.11
7f88d4350000-7f88d454f000 ---p 0008d000 08:01 15473617                   /usr/lib/x86_64-linux-gnu/libvorbisenc.so.2.0.11
7f88d454f000-7f88d456b000 r--p 0008c000 08:01 15473617                   /usr/lib/x86_64-linux-gnu/libvorbisenc.so.2.0.11
7f88d456b000-7f88d456c000 rw-p 000a8000 08:01 15473617                   /usr/lib/x86_64-linux-gnu/libvorbisenc.so.2.0.11
7f88d456c000-7f88d478b000 r-xp 00000000 08:01 15473619                   /usr/lib/x86_64-linux-gnu/libvpx.so.3.0.0
7f88d478b000-7f88d498a000 ---p 0021f000 08:01 15473619                   /usr/lib/x86_64-linux-gnu/libvpx.so.3.0.0
7f88d498a000-7f88d498c000 r--p 0021e000 08:01 15473619                   /usr/lib/x86_64-linux-gnu/libvpx.so.3.0.0
7f88d498c000-7f88d498d000 rw-p 00220000 08:01 15473619                   /usr/lib/x86_64-linux-gnu/libvpx.so.3.0.0
7f88d498d000-7f88d4990000 rw-p 00000000 00:00 0 
7f88d4990000-7f88d49b8000 r-xp 00000000 08:01 15473622                   /usr/lib/x86_64-linux-gnu/libwavpack.so.1.1.7
7f88d49b8000-7f88d4bb7000 ---p 00028000 08:01 15473622                   /usr/lib/x86_64-linux-gnu/libwavpack.so.1.1.7
7f88d4bb7000-7f88d4bb8000 r--p 00027000 08:01 15473622                   /usr/lib/x86_64-linux-gnu/libwavpack.so.1.1.7
7f88d4bb8000-7f88d4bb9000 rw-p 00028000 08:01 15473622                   /usr/lib/x86_64-linux-gnu/libwavpack.so.1.1.7
7f88d4bb9000-7f88d4c12000 r-xp 00000000 08:01 15473624                   /usr/lib/x86_64-linux-gnu/libwebp.so.5.0.4
7f88d4c12000-7f88d4e12000 ---p 00059000 08:01 15473624                   /usr/lib/x86_64-linux-gnu/libwebp.so.5.0.4
7f88d4e12000-7f88d4e13000 r--p 00059000 08:01 15473624                   /usr/lib/x86_64-linux-gnu/libwebp.so.5.0.4
7f88d4e13000-7f88d4e15000 rw-p 0005a000 08:01 15473624                   /usr/lib/x86_64-linux-gnu/libwebp.so.5.0.4
7f88d4e15000-7f88d4f3d000 r-xp 00000000 08:01 15473626                   /usr/lib/x86_64-linux-gnu/libx264.so.148
7f88d4f3d000-7f88d513c000 ---p 00128000 08:01 15473626                   /usr/lib/x86_64-linux-gnu/libx264.so.148
7f88d513c000-7f88d513d000 r--p 00127000 08:01 15473626                   /usr/lib/x86_64-linux-gnu/libx264.so.148
7f88d513d000-7f88d513e000 rw-p 00128000 08:01 15473626                   /usr/lib/x86_64-linux-gnu/libx264.so.148
7f88d513e000-7f88d51b9000 rw-p 00000000 00:00 0 
7f88d51b9000-7f88d5bc6000 r-xp 00000000 08:01 15473627                   /usr/lib/x86_64-linux-gnu/libx265.so.79
7f88d5bc6000-7f88d5dc5000 ---p 00a0d000 08:01 15473627                   /usr/lib/x86_64-linux-gnu/libx265.so.79
7f88d5dc5000-7f88d5dc8000 r--p 00a0c000 08:01 15473627                   /usr/lib/x86_64-linux-gnu/libx265.so.79
7f88d5dc8000-7f88d5dcb000 rw-p 00a0f000 08:01 15473627                   /usr/lib/x86_64-linux-gnu/libx265.so.79
7f88d5dcb000-7f88d5dd8000 rw-p 00000000 00:00 0 
7f88d5dd8000-7f88d5e79000 r-xp 00000000 08:01 15473628                   /usr/lib/x86_64-linux-gnu/libxvidcore.so.4.3
7f88d5e79000-7f88d6078000 ---p 000a1000 08:01 15473628                   /usr/lib/x86_64-linux-gnu/libxvidcore.so.4.3
7f88d6078000-7f88d6079000 r--p 000a0000 08:01 15473628                   /usr/lib/x86_64-linux-gnu/libxvidcore.so.4.3
7f88d6079000-7f88d6083000 rw-p 000a1000 08:01 15473628                   /usr/lib/x86_64-linux-gnu/libxvidcore.so.4.3
7f88d6083000-7f88d60ec000 rw-p 00000000 00:00 0 
7f88d60ec000-7f88d6163000 r-xp 00000000 08:01 15473630                   /usr/lib/x86_64-linux-gnu/libzvbi.so.0.13.2
7f88d6163000-7f88d6362000 ---p 00077000 08:01 15473630                   /usr/lib/x86_64-linux-gnu/libzvbi.so.0.13.2
7f88d6362000-7f88d636b000 r--p 00076000 08:01 15473630                   /usr/lib/x86_64-linux-gnu/libzvbi.so.0.13.2
7f88d636b000-7f88d6377000 rw-p 0007f000 08:01 15473630                   /usr/lib/x86_64-linux-gnu/libzvbi.so.0.13.2
7f88d6377000-7f88d6392000 r-xp 00000000 08:01 15473613                   /usr/lib/x86_64-linux-gnu/libva.so.1.3900.0
7f88d6392000-7f88d6591000 ---p 0001b000 08:01 15473613                   /usr/lib/x86_64-linux-gnu/libva.so.1.3900.0
7f88d6591000-7f88d6592000 r--p 0001a000 08:01 15473613                   /usr/lib/x86_64-linux-gnu/libva.so.1.3900.0
7f88d6592000-7f88d6593000 rw-p 0001b000 08:01 15473613                   /usr/lib/x86_64-linux-gnu/libva.so.1.3900.0
7f88d6593000-7f88d65ad000 r-xp 00000000 08:01 15473603                   /usr/lib/x86_64-linux-gnu/libswresample-ffmpeg.so.1.2.101
7f88d65ad000-7f88d67ac000 ---p 0001a000 08:01 15473603                   /usr/lib/x86_64-linux-gnu/libswresample-ffmpeg.so.1.2.101
7f88d67ac000-7f88d67ae000 r--p 00019000 08:01 15473603                   /usr/lib/x86_64-linux-gnu/libswresample-ffmpeg.so.1.2.101
7f88d67ae000-7f88d67af000 rw-p 0001b000 08:01 15473603                   /usr/lib/x86_64-linux-gnu/libswresample-ffmpeg.so.1.2.101
7f88d67af000-7f88d67b8000 r-xp 00000000 08:01 15473791                   /usr/lib/x86_64-linux-gnu/libv4l2.so.0.0.0
7f88d67b8000-7f88d69b7000 ---p 00009000 08:01 15473791                   /usr/lib/x86_64-linux-gnu/libv4l2.so.0.0.0
7f88d69b7000-7f88d69b8000 r--p 00008000 08:01 15473791                   /usr/lib/x86_64-linux-gnu/libv4l2.so.0.0.0
7f88d69b8000-7f88d69bd000 rw-p 00009000 08:01 15473791                   /usr/lib/x86_64-linux-gnu/libv4l2.so.0.0.0
7f88d69bd000-7f88d69d4000 r-xp 00000000 08:01 49287106                   /lib/x86_64-linux-gnu/libusb-1.0.so.0.1.0
7f88d69d4000-7f88d6bd3000 ---p 00017000 08:01 49287106                   /lib/x86_64-linux-gnu/libusb-1.0.so.0.1.0
7f88d6bd3000-7f88d6bd4000 r--p 00016000 08:01 49287106                   /lib/x86_64-linux-gnu/libusb-1.0.so.0.1.0
7f88d6bd4000-7f88d6bd5000 rw-p 00017000 08:01 49287106                   /lib/x86_64-linux-gnu/libusb-1.0.so.0.1.0
7f88d6bd5000-7f88d6be2000 r-xp 00000000 08:01 15473771                   /usr/lib/x86_64-linux-gnu/libraw1394.so.11.1.0
7f88d6be2000-7f88d6de2000 ---p 0000d000 08:01 15473771                   /usr/lib/x86_64-linux-gnu/libraw1394.so.11.1.0
7f88d6de2000-7f88d6de3000 r--p 0000d000 08:01 15473771                   /usr/lib/x86_64-linux-gnu/libraw1394.so.11.1.0
7f88d6de3000-7f88d6de4000 rw-p 0000e000 08:01 15473771                   /usr/lib/x86_64-linux-gnu/libraw1394.so.11.1.0
7f88d6de4000-7f88d6e02000 r-xp 00000000 08:01 15472975                   /usr/lib/x86_64-linux-gnu/libpangox-1.0.so.0.0.0
7f88d6e02000-7f88d7002000 ---p 0001e000 08:01 15472975                   /usr/lib/x86_64-linux-gnu/libpangox-1.0.so.0.0.0
7f88d7002000-7f88d7003000 r--p 0001e000 08:01 15472975                   /usr/lib/x86_64-linux-gnu/libpangox-1.0.so.0.0.0
7f88d7003000-7f88d7004000 rw-p 0001f000 08:01 15472975                   /usr/lib/x86_64-linux-gnu/libpangox-1.0.so.0.0.0
7f88d7004000-7f88d701c000 r-xp 00000000 08:01 15473779                   /usr/lib/x86_64-linux-gnu/libXmu.so.6.2.0
7f88d701c000-7f88d721b000 ---p 00018000 08:01 15473779                   /usr/lib/x86_64-linux-gnu/libXmu.so.6.2.0
7f88d721b000-7f88d721c000 r--p 00017000 08:01 15473779                   /usr/lib/x86_64-linux-gnu/libXmu.so.6.2.0
7f88d721c000-7f88d721d000 rw-p 00018000 08:01 15473779                   /usr/lib/x86_64-linux-gnu/libXmu.so.6.2.0
7f88d721d000-7f88d728a000 r-xp 00000000 08:01 15473775                   /usr/lib/x86_64-linux-gnu/libGLU.so.1.3.1
7f88d728a000-7f88d748a000 ---p 0006d000 08:01 15473775                   /usr/lib/x86_64-linux-gnu/libGLU.so.1.3.1
7f88d748a000-7f88d748b000 r--p 0006d000 08:01 15473775                   /usr/lib/x86_64-linux-gnu/libGLU.so.1.3.1
7f88d748b000-7f88d748c000 rw-p 0006e000 08:01 15473775                   /usr/lib/x86_64-linux-gnu/libGLU.so.1.3.1
7f88d748c000-7f88d74fa000 r-xp 00000000 08:01 49283656                   /lib/x86_64-linux-gnu/libpcre.so.3.13.2
7f88d74fa000-7f88d76fa000 ---p 0006e000 08:01 49283656                   /lib/x86_64-linux-gnu/libpcre.so.3.13.2
7f88d76fa000-7f88d76fb000 r--p 0006e000 08:01 49283656                   /lib/x86_64-linux-gnu/libpcre.so.3.13.2
7f88d76fb000-7f88d76fc000 rw-p 0006f000 08:01 49283656                   /lib/x86_64-linux-gnu/libpcre.so.3.13.2
7f88d76fc000-7f88d7703000 r-xp 00000000 08:01 15468836                   /usr/lib/x86_64-linux-gnu/libffi.so.6.0.4
7f88d7703000-7f88d7902000 ---p 00007000 08:01 15468836                   /usr/lib/x86_64-linux-gnu/libffi.so.6.0.4
7f88d7902000-7f88d7903000 r--p 00006000 08:01 15468836                   /usr/lib/x86_64-linux-gnu/libffi.so.6.0.4
7f88d7903000-7f88d7904000 rw-p 00007000 08:01 15468836                   /usr/lib/x86_64-linux-gnu/libffi.so.6.0.4
7f88d7904000-7f88d7906000 r-xp 00000000 08:01 15472909                   /usr/lib/x86_64-linux-gnu/libXcomposite.so.1.0.0
7f88d7906000-7f88d7b05000 ---p 00002000 08:01 15472909                   /usr/lib/x86_64-linux-gnu/libXcomposite.so.1.0.0
7f88d7b05000-7f88d7b06000 r--p 00001000 08:01 15472909                   /usr/lib/x86_64-linux-gnu/libXcomposite.so.1.0.0
7f88d7b06000-7f88d7b07000 rw-p 00002000 08:01 15472909                   /usr/lib/x86_64-linux-gnu/libXcomposite.so.1.0.0
7f88d7b07000-7f88d7b10000 r-xp 00000000 08:01 15472915                   /usr/lib/x86_64-linux-gnu/libXcursor.so.1.0.2
7f88d7b10000-7f88d7d0f000 ---p 00009000 08:01 15472915                   /usr/lib/x86_64-linux-gnu/libXcursor.so.1.0.2
7f88d7d0f000-7f88d7d10000 r--p 00008000 08:01 15472915                   /usr/lib/x86_64-linux-gnu/libXcursor.so.1.0.2
7f88d7d10000-7f88d7d11000 rw-p 00009000 08:01 15472915                   /usr/lib/x86_64-linux-gnu/libXcursor.so.1.0.2
7f88d7d11000-7f88d7d1b000 r-xp 00000000 08:01 15473516                   /usr/lib/x86_64-linux-gnu/libXrandr.so.2.2.0
7f88d7d1b000-7f88d7f1a000 ---p 0000a000 08:01 15473516                   /usr/lib/x86_64-linux-gnu/libXrandr.so.2.2.0
7f88d7f1a000-7f88d7f1b000 r--p 00009000 08:01 15473516                   /usr/lib/x86_64-linux-gnu/libXrandr.so.2.2.0
7f88d7f1b000-7f88d7f1c000 rw-p 0000a000 08:01 15473516                   /usr/lib/x86_64-linux-gnu/libXrandr.so.2.2.0
7f88d7f1c000-7f88d7f2b000 r-xp 00000000 08:01 15473514                   /usr/lib/x86_64-linux-gnu/libXi.so.6.1.0
7f88d7f2b000-7f88d812a000 ---p 0000f000 08:01 15473514                   /usr/lib/x86_64-linux-gnu/libXi.so.6.1.0
7f88d812a000-7f88d812b000 r--p 0000e000 08:01 15473514                   /usr/lib/x86_64-linux-gnu/libXi.so.6.1.0
7f88d812b000-7f88d812c000 rw-p 0000f000 08:01 15473514                   /usr/lib/x86_64-linux-gnu/libXi.so.6.1.0
7f88d812c000-7f88d812e000 r-xp 00000000 08:01 15472921                   /usr/lib/x86_64-linux-gnu/libXinerama.so.1.0.0
7f88d812e000-7f88d832d000 ---p 00002000 08:01 15472921                   /usr/lib/x86_64-linux-gnu/libXinerama.so.1.0.0
7f88d832d000-7f88d832e000 r--p 00001000 08:01 15472921                   /usr/lib/x86_64-linux-gnu/libXinerama.so.1.0.0
7f88d832e000-7f88d832f000 rw-p 00002000 08:01 15472921                   /usr/lib/x86_64-linux-gnu/libXinerama.so.1.0.0
7f88d832f000-7f88d8338000 r-xp 00000000 08:01 15472913                   /usr/lib/x86_64-linux-gnu/libXrender.so.1.3.0
7f88d8338000-7f88d8537000 ---p 00009000 08:01 15472913                   /usr/lib/x86_64-linux-gnu/libXrender.so.1.3.0
7f88d8537000-7f88d8538000 r--p 00008000 08:01 15472913                   /usr/lib/x86_64-linux-gnu/libXrender.so.1.3.0
7f88d8538000-7f88d8539000 rw-p 00009000 08:01 15472913                   /usr/lib/x86_64-linux-gnu/libXrender.so.1.3.0
7f88d8539000-7f88d8576000 r-xp 00000000 08:01 15468833                   /usr/lib/x86_64-linux-gnu/libfontconfig.so.1.9.0
7f88d8576000-7f88d8775000 ---p 0003d000 08:01 15468833                   /usr/lib/x86_64-linux-gnu/libfontconfig.so.1.9.0
7f88d8775000-7f88d8777000 r--p 0003c000 08:01 15468833                   /usr/lib/x86_64-linux-gnu/libfontconfig.so.1.9.0
7f88d8777000-7f88d877c000 rw-p 0003e000 08:01 15468833                   /usr/lib/x86_64-linux-gnu/libfontconfig.so.1.9.0
7f88d877c000-7f88d87c5000 r-xp 00000000 08:01 15472973                   /usr/lib/x86_64-linux-gnu/libpango-1.0.so.0.3800.1
7f88d87c5000-7f88d89c5000 ---p 00049000 08:01 15472973                   /usr/lib/x86_64-linux-gnu/libpango-1.0.so.0.3800.1
7f88d89c5000-7f88d89c7000 r--p 00049000 08:01 15472973                   /usr/lib/x86_64-linux-gnu/libpango-1.0.so.0.3800.1
7f88d89c7000-7f88d89c8000 rw-p 0004b000 08:01 15472973                   /usr/lib/x86_64-linux-gnu/libpango-1.0.so.0.3800.1
7f88d89c8000-7f88d89dc000 r-xp 00000000 08:01 15473503                   /usr/lib/x86_64-linux-gnu/libpangoft2-1.0.so.0.3800.1
7f88d89dc000-7f88d8bdc000 ---p 00014000 08:01 15473503                   /usr/lib/x86_64-linux-gnu/libpangoft2-1.0.so.0.3800.1
7f88d8bdc000-7f88d8bdd000 r--p 00014000 08:01 15473503                   /usr/lib/x86_64-linux-gnu/libpangoft2-1.0.so.0.3800.1
7f88d8bdd000-7f88d8bde000 rw-p 00015000 08:01 15473503                   /usr/lib/x86_64-linux-gnu/libpangoft2-1.0.so.0.3800.1
7f88d8bde000-7f88d8d5e000 r-xp 00000000 08:01 15471455                   /usr/lib/x86_64-linux-gnu/libgio-2.0.so.0.4800.0
7f88d8d5e000-7f88d8f5e000 ---p 00180000 08:01 15471455                   /usr/lib/x86_64-linux-gnu/libgio-2.0.so.0.4800.0
7f88d8f5e000-7f88d8f62000 r--p 00180000 08:01 15471455                   /usr/lib/x86_64-linux-gnu/libgio-2.0.so.0.4800.0
7f88d8f62000-7f88d8f64000 rw-p 00184000 08:01 15471455                   /usr/lib/x86_64-linux-gnu/libgio-2.0.so.0.4800.0
7f88d8f64000-7f88d8f66000 rw-p 00000000 00:00 0 
7f88d8f66000-7f88d8f87000 r-xp 00000000 08:01 15473487                   /usr/lib/x86_64-linux-gnu/libgdk_pixbuf-2.0.so.0.3200.2
7f88d8f87000-7f88d9186000 ---p 00021000 08:01 15473487                   /usr/lib/x86_64-linux-gnu/libgdk_pixbuf-2.0.so.0.3200.2
7f88d9186000-7f88d9187000 r--p 00020000 08:01 15473487                   /usr/lib/x86_64-linux-gnu/libgdk_pixbuf-2.0.so.0.3200.2
7f88d9187000-7f88d9188000 rw-p 00021000 08:01 15473487                   /usr/lib/x86_64-linux-gnu/libgdk_pixbuf-2.0.so.0.3200.2
7f88d9188000-7f88d9296000 r-xp 00000000 08:01 15473496                   /usr/lib/x86_64-linux-gnu/libcairo.so.2.11400.6
7f88d9296000-7f88d9496000 ---p 0010e000 08:01 15473496                   /usr/lib/x86_64-linux-gnu/libcairo.so.2.11400.6
7f88d9496000-7f88d9499000 r--p 0010e000 08:01 15473496                   /usr/lib/x86_64-linux-gnu/libcairo.so.2.11400.6
7f88d9499000-7f88d949a000 rw-p 00111000 08:01 15473496                   /usr/lib/x86_64-linux-gnu/libcairo.so.2.11400.6
7f88d949a000-7f88d949c000 rw-p 00000000 00:00 0 
7f88d949c000-7f88d94be000 r-xp 00000000 08:01 15473482                   /usr/lib/x86_64-linux-gnu/libatk-1.0.so.0.21809.1
7f88d94be000-7f88d96bd000 ---p 00022000 08:01 15473482                   /usr/lib/x86_64-linux-gnu/libatk-1.0.so.0.21809.1
7f88d96bd000-7f88d96c0000 r--p 00021000 08:01 15473482                   /usr/lib/x86_64-linux-gnu/libatk-1.0.so.0.21809.1
7f88d96c0000-7f88d96c1000 rw-p 00024000 08:01 15473482                   /usr/lib/x86_64-linux-gnu/libatk-1.0.so.0.21809.1
7f88d96c1000-7f88d96cd000 r-xp 00000000 08:01 15473505                   /usr/lib/x86_64-linux-gnu/libpangocairo-1.0.so.0.3800.1
7f88d96cd000-7f88d98cc000 ---p 0000c000 08:01 15473505                   /usr/lib/x86_64-linux-gnu/libpangocairo-1.0.so.0.3800.1
7f88d98cc000-7f88d98cd000 r--p 0000b000 08:01 15473505                   /usr/lib/x86_64-linux-gnu/libpangocairo-1.0.so.0.3800.1
7f88d98cd000-7f88d98ce000 rw-p 0000c000 08:01 15473505                   /usr/lib/x86_64-linux-gnu/libpangocairo-1.0.so.0.3800.1
7f88d98ce000-7f88d98d1000 r-xp 00000000 08:01 15471457                   /usr/lib/x86_64-linux-gnu/libgmodule-2.0.so.0.4800.0
7f88d98d1000-7f88d9ad0000 ---p 00003000 08:01 15471457                   /usr/lib/x86_64-linux-gnu/libgmodule-2.0.so.0.4800.0
7f88d9ad0000-7f88d9ad1000 r--p 00002000 08:01 15471457                   /usr/lib/x86_64-linux-gnu/libgmodule-2.0.so.0.4800.0
7f88d9ad1000-7f88d9ad2000 rw-p 00003000 08:01 15471457                   /usr/lib/x86_64-linux-gnu/libgmodule-2.0.so.0.4800.0
7f88d9ad2000-7f88d9ad7000 r-xp 00000000 08:01 15472878                   /usr/lib/x86_64-linux-gnu/libIlmThread-2_2.so.12.0.0
7f88d9ad7000-7f88d9cd7000 ---p 00005000 08:01 15472878                   /usr/lib/x86_64-linux-gnu/libIlmThread-2_2.so.12.0.0
7f88d9cd7000-7f88d9cd8000 r--p 00005000 08:01 15472878                   /usr/lib/x86_64-linux-gnu/libIlmThread-2_2.so.12.0.0
7f88d9cd8000-7f88d9cd9000 rw-p 00006000 08:01 15472878                   /usr/lib/x86_64-linux-gnu/libIlmThread-2_2.so.12.0.0
7f88d9cd9000-7f88d9cf4000 r-xp 00000000 08:01 15472877                   /usr/lib/x86_64-linux-gnu/libIex-2_2.so.12.0.0
7f88d9cf4000-7f88d9ef3000 ---p 0001b000 08:01 15472877                   /usr/lib/x86_64-linux-gnu/libIex-2_2.so.12.0.0
7f88d9ef3000-7f88d9ef6000 r--p 0001a000 08:01 15472877                   /usr/lib/x86_64-linux-gnu/libIex-2_2.so.12.0.0
7f88d9ef6000-7f88d9ef7000 rw-p 0001d000 08:01 15472877                   /usr/lib/x86_64-linux-gnu/libIex-2_2.so.12.0.0
7f88d9ef7000-7f88d9f02000 r-xp 00000000 08:01 15472964                   /usr/lib/x86_64-linux-gnu/libjbig.so.0
7f88d9f02000-7f88da101000 ---p 0000b000 08:01 15472964                   /usr/lib/x86_64-linux-gnu/libjbig.so.0
7f88da101000-7f88da102000 r--p 0000a000 08:01 15472964                   /usr/lib/x86_64-linux-gnu/libjbig.so.0
7f88da102000-7f88da105000 rw-p 0000b000 08:01 15472964                   /usr/lib/x86_64-linux-gnu/libjbig.so.0
7f88da105000-7f88da126000 r-xp 00000000 08:01 49283616                   /lib/x86_64-linux-gnu/liblzma.so.5.0.0
7f88da126000-7f88da325000 ---p 00021000 08:01 49283616                   /lib/x86_64-linux-gnu/liblzma.so.5.0.0
7f88da325000-7f88da326000 r--p 00020000 08:01 49283616                   /lib/x86_64-linux-gnu/liblzma.so.5.0.0
7f88da326000-7f88da327000 rw-p 00021000 08:01 49283616                   /lib/x86_64-linux-gnu/liblzma.so.5.0.0
7f88da327000-7f88da335000 r-xp 00000000 08:01 15472243                   /usr/lib/x86_64-linux-gnu/libdrm.so.2.4.0
7f88da335000-7f88da534000 ---p 0000e000 08:01 15472243                   /usr/lib/x86_64-linux-gnu/libdrm.so.2.4.0
7f88da534000-7f88da535000 r--p 0000d000 08:01 15472243                   /usr/lib/x86_64-linux-gnu/libdrm.so.2.4.0
7f88da535000-7f88da536000 rw-p 0000e000 08:01 15472243                   /usr/lib/x86_64-linux-gnu/libdrm.so.2.4.0
7f88da536000-7f88da53b000 r-xp 00000000 08:01 15472925                   /usr/lib/x86_64-linux-gnu/libXxf86vm.so.1.0.0
7f88da53b000-7f88da73a000 ---p 00005000 08:01 15472925                   /usr/lib/x86_64-linux-gnu/libXxf86vm.so.1.0.0
7f88da73a000-7f88da73b000 r--p 00004000 08:01 15472925                   /usr/lib/x86_64-linux-gnu/libXxf86vm.so.1.0.0
7f88da73b000-7f88da73c000 rw-p 00005000 08:01 15472925                   /usr/lib/x86_64-linux-gnu/libXxf86vm.so.1.0.0
7f88da73c000-7f88da75d000 r-xp 00000000 08:01 15472093                   /usr/lib/x86_64-linux-gnu/libxcb.so.1.1.0
7f88da75d000-7f88da95c000 ---p 00021000 08:01 15472093                   /usr/lib/x86_64-linux-gnu/libxcb.so.1.1.0
7f88da95c000-7f88da95d000 r--p 00020000 08:01 15472093                   /usr/lib/x86_64-linux-gnu/libxcb.so.1.1.0
7f88da95d000-7f88da95e000 rw-p 00021000 08:01 15472093                   /usr/lib/x86_64-linux-gnu/libxcb.so.1.1.0
7f88da95e000-7f88da962000 r-xp 00000000 08:01 15473726                   /usr/lib/x86_64-linux-gnu/libxcb-dri2.so.0.0.0
7f88da962000-7f88dab61000 ---p 00004000 08:01 15473726                   /usr/lib/x86_64-linux-gnu/libxcb-dri2.so.0.0.0
7f88dab61000-7f88dab62000 r--p 00003000 08:01 15473726                   /usr/lib/x86_64-linux-gnu/libxcb-dri2.so.0.0.0
7f88dab62000-7f88dab63000 rw-p 00004000 08:01 15473726                   /usr/lib/x86_64-linux-gnu/libxcb-dri2.so.0.0.0
7f88dab63000-7f88dab7a000 r-xp 00000000 08:01 15473730                   /usr/lib/x86_64-linux-gnu/libxcb-glx.so.0.0.0
7f88dab7a000-7f88dad79000 ---p 00017000 08:01 15473730                   /usr/lib/x86_64-linux-gnu/libxcb-glx.so.0.0.0
7f88dad79000-7f88dad7b000 r--p 00016000 08:01 15473730                   /usr/lib/x86_64-linux-gnu/libxcb-glx.so.0.0.0
7f88dad7b000-7f88dad7c000 rw-p 00018000 08:01 15473730                   /usr/lib/x86_64-linux-gnu/libxcb-glx.so.0.0.0
7f88dad7c000-7f88daeb1000 r-xp 00000000 08:01 15472096                   /usr/lib/x86_64-linux-gnu/libX11.so.6.3.0
7f88daeb1000-7f88db0b1000 ---p 00135000 08:01 15472096                   /usr/lib/x86_64-linux-gnu/libX11.so.6.3.0
7f88db0b1000-7f88db0b2000 r--p 00135000 08:01 15472096                   /usr/lib/x86_64-linux-gnu/libX11.so.6.3.0
7f88db0b2000-7f88db0b6000 rw-p 00136000 08:01 15472096                   /usr/lib/x86_64-linux-gnu/libX11.so.6.3.0
7f88db0b6000-7f88db0b7000 r-xp 00000000 08:01 15473724                   /usr/lib/x86_64-linux-gnu/libX11-xcb.so.1.0.0
7f88db0b7000-7f88db2b6000 ---p 00001000 08:01 15473724                   /usr/lib/x86_64-linux-gnu/libX11-xcb.so.1.0.0
7f88db2b6000-7f88db2b7000 r--p 00000000 08:01 15473724                   /usr/lib/x86_64-linux-gnu/libX11-xcb.so.1.0.0
7f88db2b7000-7f88db2b8000 rw-p 00001000 08:01 15473724                   /usr/lib/x86_64-linux-gnu/libX11-xcb.so.1.0.0
7f88db2b8000-7f88db2bd000 r-xp 00000000 08:01 15472911                   /usr/lib/x86_64-linux-gnu/libXfixes.so.3.1.0
7f88db2bd000-7f88db4bc000 ---p 00005000 08:01 15472911                   /usr/lib/x86_64-linux-gnu/libXfixes.so.3.1.0
7f88db4bc000-7f88db4bd000 r--p 00004000 08:01 15472911                   /usr/lib/x86_64-linux-gnu/libXfixes.so.3.1.0
7f88db4bd000-7f88db4be000 rw-p 00005000 08:01 15472911                   /usr/lib/x86_64-linux-gnu/libXfixes.so.3.1.0
7f88db4be000-7f88db4c0000 r-xp 00000000 08:01 15472917                   /usr/lib/x86_64-linux-gnu/libXdamage.so.1.1.0
7f88db4c0000-7f88db6bf000 ---p 00002000 08:01 15472917                   /usr/lib/x86_64-linux-gnu/libXdamage.so.1.1.0
7f88db6bf000-7f88db6c0000 r--p 00001000 08:01 15472917                   /usr/lib/x86_64-linux-gnu/libXdamage.so.1.1.0
7f88db6c0000-7f88db6c1000 rw-p 00002000 08:01 15472917                   /usr/lib/x86_64-linux-gnu/libXdamage.so.1.1.0
7f88db6c1000-7f88db6d2000 r-xp 00000000 08:01 15472098                   /usr/lib/x86_64-linux-gnu/libXext.so.6.4.0
7f88db6d2000-7f88db8d1000 ---p 00011000 08:01 15472098                   /usr/lib/x86_64-linux-gnu/libXext.so.6.4.0
7f88db8d1000-7f88db8d2000 r--p 00010000 08:01 15472098                   /usr/lib/x86_64-linux-gnu/libXext.so.6.4.0
7f88db8d2000-7f88db8d3000 rw-p 00011000 08:01 15472098                   /usr/lib/x86_64-linux-gnu/libXext.so.6.4.0
7f88db8d3000-7f88db8fc000 r-xp 00000000 08:01 15473722                   /usr/lib/x86_64-linux-gnu/libglapi.so.0.0.0
7f88db8fc000-7f88dbafb000 ---p 00029000 08:01 15473722                   /usr/lib/x86_64-linux-gnu/libglapi.so.0.0.0
7f88dbafb000-7f88dbaff000 r--p 00028000 08:01 15473722                   /usr/lib/x86_64-linux-gnu/libglapi.so.0.0.0
7f88dbaff000-7f88dbb00000 rw-p 0002c000 08:01 15473722                   /usr/lib/x86_64-linux-gnu/libglapi.so.0.0.0
7f88dbb00000-7f88dbb01000 rw-p 00000000 00:00 0 
7f88dbb01000-7f88dbb02000 r-xp 00000000 08:01 15472923                   /usr/lib/x86_64-linux-gnu/libxshmfence.so.1.0.0
7f88dbb02000-7f88dbd02000 ---p 00001000 08:01 15472923                   /usr/lib/x86_64-linux-gnu/libxshmfence.so.1.0.0
7f88dbd02000-7f88dbd03000 r--p 00001000 08:01 15472923                   /usr/lib/x86_64-linux-gnu/libxshmfence.so.1.0.0
7f88dbd03000-7f88dbd04000 rw-p 00002000 08:01 15472923                   /usr/lib/x86_64-linux-gnu/libxshmfence.so.1.0.0
7f88dbd04000-7f88dbd09000 r-xp 00000000 08:01 15473734                   /usr/lib/x86_64-linux-gnu/libxcb-sync.so.1.0.0
7f88dbd09000-7f88dbf09000 ---p 00005000 08:01 15473734                   /usr/lib/x86_64-linux-gnu/libxcb-sync.so.1.0.0
7f88dbf09000-7f88dbf0a000 r--p 00005000 08:01 15473734                   /usr/lib/x86_64-linux-gnu/libxcb-sync.so.1.0.0
7f88dbf0a000-7f88dbf0b000 rw-p 00006000 08:01 15473734                   /usr/lib/x86_64-linux-gnu/libxcb-sync.so.1.0.0
7f88dbf0b000-7f88dbf0d000 r-xp 00000000 08:01 15473732                   /usr/lib/x86_64-linux-gnu/libxcb-present.so.0.0.0
7f88dbf0d000-7f88dc10c000 ---p 00002000 08:01 15473732                   /usr/lib/x86_64-linux-gnu/libxcb-present.so.0.0.0
7f88dc10c000-7f88dc10d000 r--p 00001000 08:01 15473732                   /usr/lib/x86_64-linux-gnu/libxcb-present.so.0.0.0
7f88dc10d000-7f88dc10e000 rw-p 00002000 08:01 15473732                   /usr/lib/x86_64-linux-gnu/libxcb-present.so.0.0.0
7f88dc10e000-7f88dc110000 r-xp 00000000 08:01 15473728                   /usr/lib/x86_64-linux-gnu/libxcb-dri3.so.0.0.0
7f88dc110000-7f88dc30f000 ---p 00002000 08:01 15473728                   /usr/lib/x86_64-linux-gnu/libxcb-dri3.so.0.0.0
7f88dc30f000-7f88dc310000 r--p 00001000 08:01 15473728                   /usr/lib/x86_64-linux-gnu/libxcb-dri3.so.0.0.0
7f88dc310000-7f88dc311000 rw-p 00002000 08:01 15473728                   /usr/lib/x86_64-linux-gnu/libxcb-dri3.so.0.0.0
7f88dc311000-7f88dc337000 r-xp 00000000 08:01 49287337                   /lib/x86_64-linux-gnu/libexpat.so.1.6.0
7f88dc337000-7f88dc537000 ---p 00026000 08:01 49287337                   /lib/x86_64-linux-gnu/libexpat.so.1.6.0
7f88dc537000-7f88dc539000 r--p 00026000 08:01 49287337                   /lib/x86_64-linux-gnu/libexpat.so.1.6.0
7f88dc539000-7f88dc53a000 rw-p 00028000 08:01 49287337                   /lib/x86_64-linux-gnu/libexpat.so.1.6.0
7f88dc53a000-7f88dc53d000 r-xp 00000000 08:01 49283590                   /lib/x86_64-linux-gnu/libdl-2.23.so
7f88dc53d000-7f88dc73c000 ---p 00003000 08:01 49283590                   /lib/x86_64-linux-gnu/libdl-2.23.so
7f88dc73c000-7f88dc73d000 r--p 00002000 08:01 49283590                   /lib/x86_64-linux-gnu/libdl-2.23.so
7f88dc73d000-7f88dc73e000 rw-p 00003000 08:01 49283590                   /lib/x86_64-linux-gnu/libdl-2.23.so
7f88dc73e000-7f88dc745000 r-xp 00000000 08:01 49283669                   /lib/x86_64-linux-gnu/librt-2.23.so
7f88dc745000-7f88dc944000 ---p 00007000 08:01 49283669                   /lib/x86_64-linux-gnu/librt-2.23.so
7f88dc944000-7f88dc945000 r--p 00006000 08:01 49283669                   /lib/x86_64-linux-gnu/librt-2.23.so
7f88dc945000-7f88dc946000 rw-p 00007000 08:01 49283669                   /lib/x86_64-linux-gnu/librt-2.23.so
7f88dc946000-7f88dc95f000 r-xp 00000000 08:01 49283699                   /lib/x86_64-linux-gnu/libz.so.1.2.8
7f88dc95f000-7f88dcb5e000 ---p 00019000 08:01 49283699                   /lib/x86_64-linux-gnu/libz.so.1.2.8
7f88dcb5e000-7f88dcb5f000 r--p 00018000 08:01 49283699                   /lib/x86_64-linux-gnu/libz.so.1.2.8
7f88dcb5f000-7f88dcb60000 rw-p 00019000 08:01 49283699                   /lib/x86_64-linux-gnu/libz.so.1.2.8
7f88dcb60000-7f88dcb97000 r-xp 00000000 08:01 15473750                   /usr/lib/x86_64-linux-gnu/libtbb.so.2
7f88dcb97000-7f88dcd97000 ---p 00037000 08:01 15473750                   /usr/lib/x86_64-linux-gnu/libtbb.so.2
7f88dcd97000-7f88dcd98000 r--p 00037000 08:01 15473750                   /usr/lib/x86_64-linux-gnu/libtbb.so.2
7f88dcd98000-7f88dcd9a000 rw-p 00038000 08:01 15473750                   /usr/lib/x86_64-linux-gnu/libtbb.so.2
7f88dcd9a000-7f88dcd9d000 rw-p 00000000 00:00 0 
7f88dcd9d000-7f88dce22000 r-xp 00000000 08:01 15473787                   /usr/lib/x86_64-linux-gnu/libswscale-ffmpeg.so.3.1.101
7f88dce22000-7f88dd021000 ---p 00085000 08:01 15473787                   /usr/lib/x86_64-linux-gnu/libswscale-ffmpeg.so.3.1.101
7f88dd021000-7f88dd023000 r--p 00084000 08:01 15473787                   /usr/lib/x86_64-linux-gnu/libswscale-ffmpeg.so.3.1.101
7f88dd023000-7f88dd024000 rw-p 00086000 08:01 15473787                   /usr/lib/x86_64-linux-gnu/libswscale-ffmpeg.so.3.1.101
7f88dd024000-7f88dd02c000 rw-p 00000000 00:00 0 
7f88dd02c000-7f88dd081000 r-xp 00000000 08:01 15473585                   /usr/lib/x86_64-linux-gnu/libavutil-ffmpeg.so.54.31.100
7f88dd081000-7f88dd281000 ---p 00055000 08:01 15473585                   /usr/lib/x86_64-linux-gnu/libavutil-ffmpeg.so.54.31.100
7f88dd281000-7f88dd287000 r--p 00055000 08:01 15473585                   /usr/lib/x86_64-linux-gnu/libavutil-ffmpeg.so.54.31.100
7f88dd287000-7f88dd288000 rw-p 0005b000 08:01 15473585                   /usr/lib/x86_64-linux-gnu/libavutil-ffmpeg.so.54.31.100
7f88dd288000-7f88dd29b000 rw-p 00000000 00:00 0 
7f88dd29b000-7f88dd46f000 r-xp 00000000 08:01 15473658                   /usr/lib/x86_64-linux-gnu/libavformat-ffmpeg.so.56.40.101
7f88dd46f000-7f88dd66f000 ---p 001d4000 08:01 15473658                   /usr/lib/x86_64-linux-gnu/libavformat-ffmpeg.so.56.40.101
7f88dd66f000-7f88dd683000 r--p 001d4000 08:01 15473658                   /usr/lib/x86_64-linux-gnu/libavformat-ffmpeg.so.56.40.101
7f88dd683000-7f88dd698000 rw-p 001e8000 08:01 15473658                   /usr/lib/x86_64-linux-gnu/libavformat-ffmpeg.so.56.40.101
7f88dd698000-7f88de1c2000 r-xp 00000000 08:01 15473634                   /usr/lib/x86_64-linux-gnu/libavcodec-ffmpeg.so.56.60.100
7f88de1c2000-7f88de3c1000 ---p 00b2a000 08:01 15473634                   /usr/lib/x86_64-linux-gnu/libavcodec-ffmpeg.so.56.60.100
7f88de3c1000-7f88de3ec000 r--p 00b29000 08:01 15473634                   /usr/lib/x86_64-linux-gnu/libavcodec-ffmpeg.so.56.60.100
7f88de3ec000-7f88de40f000 rw-p 00b54000 08:01 15473634                   /usr/lib/x86_64-linux-gnu/libavcodec-ffmpeg.so.56.60.100
7f88de40f000-7f88deac2000 rw-p 00000000 00:00 0 
7f88deac2000-7f88deac7000 r-xp 00000000 08:01 15473792                   /usr/lib/x86_64-linux-gnu/libv4l1.so.0.0.0
7f88deac7000-7f88decc6000 ---p 00005000 08:01 15473792                   /usr/lib/x86_64-linux-gnu/libv4l1.so.0.0.0
7f88decc6000-7f88decc7000 r--p 00004000 08:01 15473792                   /usr/lib/x86_64-linux-gnu/libv4l1.so.0.0.0
7f88decc7000-7f88decc8000 rw-p 00005000 08:01 15473792                   /usr/lib/x86_64-linux-gnu/libv4l1.so.0.0.0
7f88decc8000-7f88decfd000 r-xp 00000000 08:01 15473773                   /usr/lib/x86_64-linux-gnu/libdc1394.so.22.1.11
7f88decfd000-7f88deefc000 ---p 00035000 08:01 15473773                   /usr/lib/x86_64-linux-gnu/libdc1394.so.22.1.11
7f88deefc000-7f88deefd000 r--p 00034000 08:01 15473773                   /usr/lib/x86_64-linux-gnu/libdc1394.so.22.1.11
7f88deefd000-7f88deefe000 rw-p 00035000 08:01 15473773                   /usr/lib/x86_64-linux-gnu/libdc1394.so.22.1.11
7f88deefe000-7f88def3e000 rw-p 00000000 00:00 0 
7f88def3e000-7f88def9b000 r-xp 00000000 08:01 15473781                   /usr/lib/x86_64-linux-gnu/libgdkglext-x11-1.0.so.0.0.0
7f88def9b000-7f88df19a000 ---p 0005d000 08:01 15473781                   /usr/lib/x86_64-linux-gnu/libgdkglext-x11-1.0.so.0.0.0
7f88df19a000-7f88df19c000 r--p 0005c000 08:01 15473781                   /usr/lib/x86_64-linux-gnu/libgdkglext-x11-1.0.so.0.0.0
7f88df19c000-7f88df1a2000 rw-p 0005e000 08:01 15473781                   /usr/lib/x86_64-linux-gnu/libgdkglext-x11-1.0.so.0.0.0
7f88df1a2000-7f88df1a5000 r-xp 00000000 08:01 15473782                   /usr/lib/x86_64-linux-gnu/libgtkglext-x11-1.0.so.0.0.0
7f88df1a5000-7f88df3a4000 ---p 00003000 08:01 15473782                   /usr/lib/x86_64-linux-gnu/libgtkglext-x11-1.0.so.0.0.0
7f88df3a4000-7f88df3a5000 r--p 00002000 08:01 15473782                   /usr/lib/x86_64-linux-gnu/libgtkglext-x11-1.0.so.0.0.0
7f88df3a5000-7f88df3a6000 rw-p 00003000 08:01 15473782                   /usr/lib/x86_64-linux-gnu/libgtkglext-x11-1.0.so.0.0.0
7f88df3a6000-7f88df4b4000 r-xp 00000000 08:01 49287110                   /lib/x86_64-linux-gnu/libglib-2.0.so.0.4800.0
7f88df4b4000-7f88df6b4000 ---p 0010e000 08:01 49287110                   /lib/x86_64-linux-gnu/libglib-2.0.so.0.4800.0
7f88df6b4000-7f88df6b5000 r--p 0010e000 08:01 49287110                   /lib/x86_64-linux-gnu/libglib-2.0.so.0.4800.0
7f88df6b5000-7f88df6b6000 rw-p 0010f000 08:01 49287110                   /lib/x86_64-linux-gnu/libglib-2.0.so.0.4800.0
7f88df6b6000-7f88df6b7000 rw-p 00000000 00:00 0 
7f88df6b7000-7f88df709000 r-xp 00000000 08:01 15471454                   /usr/lib/x86_64-linux-gnu/libgobject-2.0.so.0.4800.0
7f88df709000-7f88df908000 ---p 00052000 08:01 15471454                   /usr/lib/x86_64-linux-gnu/libgobject-2.0.so.0.4800.0
7f88df908000-7f88df909000 r--p 00051000 08:01 15471454                   /usr/lib/x86_64-linux-gnu/libgobject-2.0.so.0.4800.0
7f88df909000-7f88df90a000 rw-p 00052000 08:01 15471454                   /usr/lib/x86_64-linux-gnu/libgobject-2.0.so.0.4800.0
7f88df90a000-7f88df9ba000 r-xp 00000000 08:01 15473518                   /usr/lib/x86_64-linux-gnu/libgdk-x11-2.0.so.0.2400.30
7f88df9ba000-7f88dfbb9000 ---p 000b0000 08:01 15473518                   /usr/lib/x86_64-linux-gnu/libgdk-x11-2.0.so.0.2400.30
7f88dfbb9000-7f88dfbbd000 r--p 000af000 08:01 15473518                   /usr/lib/x86_64-linux-gnu/libgdk-x11-2.0.so.0.2400.30
7f88dfbbd000-7f88dfbbf000 rw-p 000b3000 08:01 15473518                   /usr/lib/x86_64-linux-gnu/libgdk-x11-2.0.so.0.2400.30
7f88dfbbf000-7f88dfffd000 r-xp 00000000 08:01 15473519                   /usr/lib/x86_64-linux-gnu/libgtk-x11-2.0.so.0.2400.30
7f88dfffd000-7f88e01fc000 ---p 0043e000 08:01 15473519                   /usr/lib/x86_64-linux-gnu/libgtk-x11-2.0.so.0.2400.30
7f88e01fc000-7f88e0203000 r--p 0043d000 08:01 15473519                   /usr/lib/x86_64-linux-gnu/libgtk-x11-2.0.so.0.2400.30
7f88e0203000-7f88e0207000 rw-p 00444000 08:01 15473519                   /usr/lib/x86_64-linux-gnu/libgtk-x11-2.0.so.0.2400.30
7f88e0207000-7f88e020a000 rw-p 00000000 00:00 0 
7f88e020a000-7f88e024c000 r-xp 00000000 08:01 15472876                   /usr/lib/x86_64-linux-gnu/libHalf.so.12.0.0
7f88e024c000-7f88e044b000 ---p 00042000 08:01 15472876                   /usr/lib/x86_64-linux-gnu/libHalf.so.12.0.0
7f88e044b000-7f88e044c000 r--p 00041000 08:01 15472876                   /usr/lib/x86_64-linux-gnu/libHalf.so.12.0.0
7f88e044c000-7f88e044d000 rw-p 00042000 08:01 15472876                   /usr/lib/x86_64-linux-gnu/libHalf.so.12.0.0
7f88e044d000-7f88e0617000 r-xp 00000000 08:01 15472889                   /usr/lib/x86_64-linux-gnu/libIlmImf-2_2.so.22.0.0
7f88e0617000-7f88e0816000 ---p 001ca000 08:01 15472889                   /usr/lib/x86_64-linux-gnu/libIlmImf-2_2.so.22.0.0
7f88e0816000-7f88e0819000 r--p 001c9000 08:01 15472889                   /usr/lib/x86_64-linux-gnu/libIlmImf-2_2.so.22.0.0
7f88e0819000-7f88e091a000 rw-p 001cc000 08:01 15472889                   /usr/lib/x86_64-linux-gnu/libIlmImf-2_2.so.22.0.0
7f88e091a000-7f88e091b000 rw-p 00000000 00:00 0 
7f88e091b000-7f88e0967000 r-xp 00000000 08:01 15473785                   /usr/lib/x86_64-linux-gnu/libjasper.so.1.0.0
7f88e0967000-7f88e0b66000 ---p 0004c000 08:01 15473785                   /usr/lib/x86_64-linux-gnu/libjasper.so.1.0.0
7f88e0b66000-7f88e0b67000 r--p 0004b000 08:01 15473785                   /usr/lib/x86_64-linux-gnu/libjasper.so.1.0.0
7f88e0b67000-7f88e0b6b000 rw-p 0004c000 08:01 15473785                   /usr/lib/x86_64-linux-gnu/libjasper.so.1.0.0
7f88e0b6b000-7f88e0b72000 rw-p 00000000 00:00 0 
7f88e0b72000-7f88e0be1000 r-xp 00000000 08:01 15473484                   /usr/lib/x86_64-linux-gnu/libtiff.so.5.2.4
7f88e0be1000-7f88e0de1000 ---p 0006f000 08:01 15473484                   /usr/lib/x86_64-linux-gnu/libtiff.so.5.2.4
7f88e0de1000-7f88e0de2000 r--p 0006f000 08:01 15473484                   /usr/lib/x86_64-linux-gnu/libtiff.so.5.2.4
7f88e0de2000-7f88e0de5000 rw-p 00070000 08:01 15473484                   /usr/lib/x86_64-linux-gnu/libtiff.so.5.2.4
7f88e0de5000-7f88e0e09000 r-xp 00000000 08:01 49283658                   /lib/x86_64-linux-gnu/libpng12.so.0.54.0
7f88e0e09000-7f88e1008000 ---p 00024000 08:01 49283658                   /lib/x86_64-linux-gnu/libpng12.so.0.54.0
7f88e1008000-7f88e1009000 r--p 00023000 08:01 49283658                   /lib/x86_64-linux-gnu/libpng12.so.0.54.0
7f88e1009000-7f88e100a000 rw-p 00024000 08:01 49283658                   /lib/x86_64-linux-gnu/libpng12.so.0.54.0
7f88e100a000-7f88e1061000 r-xp 00000000 08:01 15472870                   /usr/lib/x86_64-linux-gnu/libjpeg.so.8.0.2
7f88e1061000-7f88e1261000 ---p 00057000 08:01 15472870                   /usr/lib/x86_64-linux-gnu/libjpeg.so.8.0.2
7f88e1261000-7f88e1262000 r--p 00057000 08:01 15472870                   /usr/lib/x86_64-linux-gnu/libjpeg.so.8.0.2
7f88e1262000-7f88e1263000 rw-p 00058000 08:01 15472870                   /usr/lib/x86_64-linux-gnu/libjpeg.so.8.0.2
7f88e1263000-7f88e12d0000 r-xp 00000000 08:01 17564551                   /usr/lib/x86_64-linux-gnu/mesa/libGL.so.1.2.0
7f88e12d0000-7f88e14cf000 ---p 0006d000 08:01 17564551                   /usr/lib/x86_64-linux-gnu/mesa/libGL.so.1.2.0
7f88e14cf000-7f88e14d2000 r--p 0006c000 08:01 17564551                   /usr/lib/x86_64-linux-gnu/mesa/libGL.so.1.2.0
7f88e14d2000-7f88e14d3000 rw-p 0006f000 08:01 17564551                   /usr/lib/x86_64-linux-gnu/mesa/libGL.so.1.2.0
7f88e14d3000-7f88e14d4000 rw-p 00000000 00:00 0 
7f88e14d4000-7f88e14f5000 r-xp 00000000 08:01 15473195                   /usr/lib/x86_64-linux-gnu/libgomp.so.1.0.0
7f88e14f5000-7f88e16f4000 ---p 00021000 08:01 15473195                   /usr/lib/x86_64-linux-gnu/libgomp.so.1.0.0
7f88e16f4000-7f88e16f5000 r--p 00020000 08:01 15473195                   /usr/lib/x86_64-linux-gnu/libgomp.so.1.0.0
7f88e16f5000-7f88e16f6000 rw-p 00021000 08:01 15473195                   /usr/lib/x86_64-linux-gnu/libgomp.so.1.0.0
7f88e16f6000-7f88e17fe000 r-xp 00000000 08:01 49283617                   /lib/x86_64-linux-gnu/libm-2.23.so
7f88e17fe000-7f88e19fd000 ---p 00108000 08:01 49283617                   /lib/x86_64-linux-gnu/libm-2.23.so
7f88e19fd000-7f88e19fe000 r--p 00107000 08:01 49283617                   /lib/x86_64-linux-gnu/libm-2.23.so
7f88e19fe000-7f88e19ff000 rw-p 00108000 08:01 49283617                   /lib/x86_64-linux-gnu/libm-2.23.so
7f88e19ff000-7f88e1c1c000 r-xp 00000000 08:01 15473751                   /usr/lib/x86_64-linux-gnu/libopencv_core.so.2.4.9
7f88e1c1c000-7f88e1e1c000 ---p 0021d000 08:01 15473751                   /usr/lib/x86_64-linux-gnu/libopencv_core.so.2.4.9
7f88e1e1c000-7f88e1e20000 r--p 0021d000 08:01 15473751                   /usr/lib/x86_64-linux-gnu/libopencv_core.so.2.4.9
7f88e1e20000-7f88e1e27000 rw-p 00221000 08:01 15473751                   /usr/lib/x86_64-linux-gnu/libopencv_core.so.2.4.9
7f88e1e27000-7f88e1e29000 rw-p 00000000 00:00 0 
7f88e1e29000-7f88e2019000 r-xp 00000000 08:01 15473755                   /usr/lib/x86_64-linux-gnu/libopencv_imgproc.so.2.4.9
7f88e2019000-7f88e2218000 ---p 001f0000 08:01 15473755                   /usr/lib/x86_64-linux-gnu/libopencv_imgproc.so.2.4.9
7f88e2218000-7f88e221e000 r--p 001ef000 08:01 15473755                   /usr/lib/x86_64-linux-gnu/libopencv_imgproc.so.2.4.9
7f88e221e000-7f88e221f000 rw-p 001f5000 08:01 15473755                   /usr/lib/x86_64-linux-gnu/libopencv_imgproc.so.2.4.9
7f88e221f000-7f88e22b4000 rw-p 00000000 00:00 0 
7f88e22b4000-7f88e22fa000 r-xp 00000000 08:01 15473795                   /usr/lib/x86_64-linux-gnu/libopencv_highgui.so.2.4.9
7f88e22fa000-7f88e24f9000 ---p 00046000 08:01 15473795                   /usr/lib/x86_64-linux-gnu/libopencv_highgui.so.2.4.9
7f88e24f9000-7f88e24fc000 r--p 00045000 08:01 15473795                   /usr/lib/x86_64-linux-gnu/libopencv_highgui.so.2.4.9
7f88e24fc000-7f88e24fd000 rw-p 00048000 08:01 15473795                   /usr/lib/x86_64-linux-gnu/libopencv_highgui.so.2.4.9
7f88e24fd000-7f88e26bd000 r-xp 00000000 08:01 49283576                   /lib/x86_64-linux-gnu/libc-2.23.so
7f88e26bd000-7f88e28bc000 ---p 001c0000 08:01 49283576                   /lib/x86_64-linux-gnu/libc-2.23.so
7f88e28bc000-7f88e28c0000 r--p 001bf000 08:01 49283576                   /lib/x86_64-linux-gnu/libc-2.23.so
7f88e28c0000-7f88e28c2000 rw-p 001c3000 08:01 49283576                   /lib/x86_64-linux-gnu/libc-2.23.so
7f88e28c2000-7f88e28c6000 rw-p 00000000 00:00 0 
7f88e28c6000-7f88e28de000 r-xp 00000000 08:01 49283663                   /lib/x86_64-linux-gnu/libpthread-2.23.so
7f88e28de000-7f88e2add000 ---p 00018000 08:01 49283663                   /lib/x86_64-linux-gnu/libpthread-2.23.so
7f88e2add000-7f88e2ade000 r--p 00017000 08:01 49283663                   /lib/x86_64-linux-gnu/libpthread-2.23.so
7f88e2ade000-7f88e2adf000 rw-p 00018000 08:01 49283663                   /lib/x86_64-linux-gnu/libpthread-2.23.so
7f88e2adf000-7f88e2ae3000 rw-p 00000000 00:00 0 
7f88e2ae3000-7f88e2af9000 r-xp 00000000 08:01 49283602                   /lib/x86_64-linux-gnu/libgcc_s.so.1
7f88e2af9000-7f88e2cf8000 ---p 00016000 08:01 49283602                   /lib/x86_64-linux-gnu/libgcc_s.so.1
7f88e2cf8000-7f88e2cf9000 rw-p 00015000 08:01 49283602                   /lib/x86_64-linux-gnu/libgcc_s.so.1
7f88e2cf9000-7f88e2e6b000 r-xp 00000000 08:01 15470630                   /usr/lib/x86_64-linux-gnu/libstdc++.so.6.0.21
7f88e2e6b000-7f88e306b000 ---p 00172000 08:01 15470630                   /usr/lib/x86_64-linux-gnu/libstdc++.so.6.0.21
7f88e306b000-7f88e3075000 r--p 00172000 08:01 15470630                   /usr/lib/x86_64-linux-gnu/libstdc++.so.6.0.21
7f88e3075000-7f88e3077000 rw-p 0017c000 08:01 15470630                   /usr/lib/x86_64-linux-gnu/libstdc++.so.6.0.21
7f88e3077000-7f88e307b000 rw-p 00000000 00:00 0 
7f88e307b000-7f88e30c3000 r-xp 00000000 00:2a 657865                     /home/sebastian/raytracing/build/DocOpt/libdocopt.so
7f88e30c3000-7f88e32c2000 ---p 00048000 00:2a 657865                     /home/sebastian/raytracing/build/DocOpt/libdocopt.so
7f88e32c2000-7f88e32c4000 r--p 00047000 00:2a 657865                     /home/sebastian/raytracing/build/DocOpt/libdocopt.so
7f88e32c4000-7f88e32c5000 rw-p 00049000 00:2a 657865                     /home/sebastian/raytracing/build/DocOpt/libdocopt.so
7f88e32c5000-7f88e3405000 r-xp 00000000 00:2a 54001821                   /home/sebastian/raytracing/build/libmct.so
7f88e3405000-7f88e3604000 ---p 00140000 00:2a 54001821                   /home/sebastian/raytracing/build/libmct.so
7f88e3604000-7f88e3607000 r--p 0013f000 00:2a 54001821                   /home/sebastian/raytracing/build/libmct.so
7f88e3607000-7f88e360a000 rw-p 00142000 00:2a 54001821                   /home/sebastian/raytracing/build/libmct.so
7f88e360a000-7f88e361a000 rw-p 00000000 00:00 0 
7f88e361a000-7f88e3640000 r-xp 00000000 08:01 49283552                   /lib/x86_64-linux-gnu/ld-2.23.so
7f88e37ce000-7f88e37e8000 rw-p 00000000 00:00 0 
7f88e37e8000-7f88e3806000 r-xp 00000000 08:01 49283689                   /lib/x86_64-linux-gnu/libudev.so.1.6.4
7f88e3806000-7f88e3807000 r--p 0001d000 08:01 49283689                   /lib/x86_64-linux-gnu/libudev.so.1.6.4
7f88e3807000-7f88e3808000 rw-p 0001e000 08:01 49283689                   /lib/x86_64-linux-gnu/libudev.so.1.6.4
7f88e3808000-7f88e3831000 rw-p 00000000 00:00 0 
7f88e383b000-7f88e383f000 rw-p 00000000 00:00 0 
7f88e383f000-7f88e3840000 r--p 00025000 08:01 49283552                   /lib/x86_64-linux-gnu/ld-2.23.so
7f88e3840000-7f88e3841000 rw-p 00026000 08:01 49283552                   /lib/x86_64-linux-gnu/ld-2.23.so
7f88e3841000-7f88e3842000 rw-p 00000000 00:00 0 
7ffea0183000-7ffea01c6000 rw-p 00000000 00:00 0                          [stack]
7ffea01f1000-7ffea01f3000 r--p 00000000 00:00 0                          [vvar]
7ffea01f3000-7ffea01f5000 r-xp 00000000 00:00 0                          [vdso]
ffffffffff600000-ffffffffff601000 r-xp 00000000 00:00 0                  [vsyscall]
