*** Error in `/home/sebastian/raytracing/build/mctPlenoscopePropagation': munmap_chunk(): invalid pointer: 0x0000000002aa1f70 ***
======= Backtrace: =========
/lib/x86_64-linux-gnu/libc.so.6(+0x77725)[0x7f9c61c22725]
/lib/x86_64-linux-gnu/libc.so.6(cfree+0x1a8)[0x7f9c61c2ec18]
/home/sebastian/raytracing/build/libmct.so(_ZNSt6vectorIN12PhotonSensor11photon_infoESaIS1_EE19_M_emplace_back_auxIJRKS1_EEEvDpOT_+0xd6)[0x7f9c62a32a16]
/home/sebastian/raytracing/build/libmct.so(_ZN12PhotonSensor6Sensor28assign_photon_to_this_sensorEPK6Photon+0x1c9)[0x7f9c62a324f9]
/home/sebastian/raytracing/build/libmct.so(_ZN13PhotonSensors7Sensors13assign_photonEPK6Photon+0x5a)[0x7f9c62a33b3a]
/home/sebastian/raytracing/build/libmct.so(_ZN13PhotonSensors7Sensors14assign_photonsEPKSt6vectorI6PhotonSaIS2_EE+0x27)[0x7f9c62a33b87]
/home/sebastian/raytracing/build/mctPlenoscopePropagation(main+0x1939)[0x40ed99]
/lib/x86_64-linux-gnu/libc.so.6(__libc_start_main+0xf0)[0x7f9c61bcb830]
/home/sebastian/raytracing/build/mctPlenoscopePropagation(_start+0x29)[0x412369]
======= Memory map: ========
00400000-00432000 r-xp 00000000 08:01 54001989                           /home/sebastian/raytracing/build/mctPlenoscopePropagation
00632000-00633000 r--p 00032000 08:01 54001989                           /home/sebastian/raytracing/build/mctPlenoscopePropagation
00633000-00634000 rw-p 00033000 08:01 54001989                           /home/sebastian/raytracing/build/mctPlenoscopePropagation
00634000-00635000 rw-p 00000000 00:00 0 
02439000-0437f000 rw-p 00000000 00:00 0                                  [heap]
7f9c492c8000-7f9c492c9000 ---p 00000000 00:00 0 
7f9c492c9000-7f9c49ac9000 rw-p 00000000 00:00 0 
7f9c49ac9000-7f9c4b37f000 r-xp 00000000 08:01 41161944                   /usr/lib/x86_64-linux-gnu/libicudata.so.55.1
7f9c4b37f000-7f9c4b57e000 ---p 018b6000 08:01 41161944                   /usr/lib/x86_64-linux-gnu/libicudata.so.55.1
7f9c4b57e000-7f9c4b57f000 r--p 018b5000 08:01 41161944                   /usr/lib/x86_64-linux-gnu/libicudata.so.55.1
7f9c4b57f000-7f9c4b580000 rw-p 018b6000 08:01 41161944                   /usr/lib/x86_64-linux-gnu/libicudata.so.55.1
7f9c4b580000-7f9c4b583000 r-xp 00000000 08:01 25956330                   /lib/x86_64-linux-gnu/libkeyutils.so.1.5
7f9c4b583000-7f9c4b782000 ---p 00003000 08:01 25956330                   /lib/x86_64-linux-gnu/libkeyutils.so.1.5
7f9c4b782000-7f9c4b783000 r--p 00002000 08:01 25956330                   /lib/x86_64-linux-gnu/libkeyutils.so.1.5
7f9c4b783000-7f9c4b784000 rw-p 00003000 08:01 25956330                   /lib/x86_64-linux-gnu/libkeyutils.so.1.5
7f9c4b784000-7f9c4b788000 r-xp 00000000 08:01 25952372                   /lib/x86_64-linux-gnu/libuuid.so.1.3.0
7f9c4b788000-7f9c4b987000 ---p 00004000 08:01 25952372                   /lib/x86_64-linux-gnu/libuuid.so.1.3.0
7f9c4b987000-7f9c4b988000 r--p 00003000 08:01 25952372                   /lib/x86_64-linux-gnu/libuuid.so.1.3.0
7f9c4b988000-7f9c4b989000 rw-p 00004000 08:01 25952372                   /lib/x86_64-linux-gnu/libuuid.so.1.3.0
7f9c4b989000-7f9c4bb08000 r-xp 00000000 08:01 41161940                   /usr/lib/x86_64-linux-gnu/libicuuc.so.55.1
7f9c4bb08000-7f9c4bd08000 ---p 0017f000 08:01 41161940                   /usr/lib/x86_64-linux-gnu/libicuuc.so.55.1
7f9c4bd08000-7f9c4bd18000 r--p 0017f000 08:01 41161940                   /usr/lib/x86_64-linux-gnu/libicuuc.so.55.1
7f9c4bd18000-7f9c4bd19000 rw-p 0018f000 08:01 41161940                   /usr/lib/x86_64-linux-gnu/libicuuc.so.55.1
7f9c4bd19000-7f9c4bd1d000 rw-p 00000000 00:00 0 
7f9c4bd1d000-7f9c4bd27000 r-xp 00000000 08:01 41164127                   /usr/lib/x86_64-linux-gnu/libkrb5support.so.0.1
7f9c4bd27000-7f9c4bf26000 ---p 0000a000 08:01 41164127                   /usr/lib/x86_64-linux-gnu/libkrb5support.so.0.1
7f9c4bf26000-7f9c4bf27000 r--p 00009000 08:01 41164127                   /usr/lib/x86_64-linux-gnu/libkrb5support.so.0.1
7f9c4bf27000-7f9c4bf28000 rw-p 0000a000 08:01 41164127                   /usr/lib/x86_64-linux-gnu/libkrb5support.so.0.1
7f9c4bf28000-7f9c4bf2b000 r-xp 00000000 08:01 25952307                   /lib/x86_64-linux-gnu/libcom_err.so.2.1
7f9c4bf2b000-7f9c4c12a000 ---p 00003000 08:01 25952307                   /lib/x86_64-linux-gnu/libcom_err.so.2.1
7f9c4c12a000-7f9c4c12b000 r--p 00002000 08:01 25952307                   /lib/x86_64-linux-gnu/libcom_err.so.2.1
7f9c4c12b000-7f9c4c12c000 rw-p 00003000 08:01 25952307                   /lib/x86_64-linux-gnu/libcom_err.so.2.1
7f9c4c12c000-7f9c4c158000 r-xp 00000000 08:01 41164131                   /usr/lib/x86_64-linux-gnu/libk5crypto.so.3.1
7f9c4c158000-7f9c4c357000 ---p 0002c000 08:01 41164131                   /usr/lib/x86_64-linux-gnu/libk5crypto.so.3.1
7f9c4c357000-7f9c4c359000 r--p 0002b000 08:01 41164131                   /usr/lib/x86_64-linux-gnu/libk5crypto.so.3.1
7f9c4c359000-7f9c4c35a000 rw-p 0002d000 08:01 41164131                   /usr/lib/x86_64-linux-gnu/libk5crypto.so.3.1
7f9c4c35a000-7f9c4c35b000 rw-p 00000000 00:00 0 
7f9c4c35b000-7f9c4c41e000 r-xp 00000000 08:01 41164135                   /usr/lib/x86_64-linux-gnu/libkrb5.so.3.3
7f9c4c41e000-7f9c4c61e000 ---p 000c3000 08:01 41164135                   /usr/lib/x86_64-linux-gnu/libkrb5.so.3.3
7f9c4c61e000-7f9c4c62b000 r--p 000c3000 08:01 41164135                   /usr/lib/x86_64-linux-gnu/libkrb5.so.3.3
7f9c4c62b000-7f9c4c62d000 rw-p 000d0000 08:01 41164135                   /usr/lib/x86_64-linux-gnu/libkrb5.so.3.3
7f9c4c62d000-7f9c4c63f000 r-xp 00000000 08:01 25952325                   /lib/x86_64-linux-gnu/libgpg-error.so.0.17.0
7f9c4c63f000-7f9c4c83f000 ---p 00012000 08:01 25952325                   /lib/x86_64-linux-gnu/libgpg-error.so.0.17.0
7f9c4c83f000-7f9c4c840000 r--p 00012000 08:01 25952325                   /lib/x86_64-linux-gnu/libgpg-error.so.0.17.0
7f9c4c840000-7f9c4c841000 rw-p 00013000 08:01 25952325                   /lib/x86_64-linux-gnu/libgpg-error.so.0.17.0
7f9c4c841000-7f9c4c857000 r-xp 00000000 08:01 41165418                   /usr/lib/x86_64-linux-gnu/libICE.so.6.3.0
7f9c4c857000-7f9c4ca56000 ---p 00016000 08:01 41165418                   /usr/lib/x86_64-linux-gnu/libICE.so.6.3.0
7f9c4ca56000-7f9c4ca57000 r--p 00015000 08:01 41165418                   /usr/lib/x86_64-linux-gnu/libICE.so.6.3.0
7f9c4ca57000-7f9c4ca58000 rw-p 00016000 08:01 41165418                   /usr/lib/x86_64-linux-gnu/libICE.so.6.3.0
7f9c4ca58000-7f9c4ca5b000 rw-p 00000000 00:00 0 
7f9c4ca5b000-7f9c4ca62000 r-xp 00000000 08:01 41165458                   /usr/lib/x86_64-linux-gnu/libSM.so.6.0.1
7f9c4ca62000-7f9c4cc61000 ---p 00007000 08:01 41165458                   /usr/lib/x86_64-linux-gnu/libSM.so.6.0.1
7f9c4cc61000-7f9c4cc62000 r--p 00006000 08:01 41165458                   /usr/lib/x86_64-linux-gnu/libSM.so.6.0.1
7f9c4cc62000-7f9c4cc63000 rw-p 00007000 08:01 41165458                   /usr/lib/x86_64-linux-gnu/libSM.so.6.0.1
7f9c4cc63000-7f9c4cc69000 r-xp 00000000 08:01 41165804                   /usr/lib/x86_64-linux-gnu/libdatrie.so.1.3.3
7f9c4cc69000-7f9c4ce69000 ---p 00006000 08:01 41165804                   /usr/lib/x86_64-linux-gnu/libdatrie.so.1.3.3
7f9c4ce69000-7f9c4ce6a000 r--p 00006000 08:01 41165804                   /usr/lib/x86_64-linux-gnu/libdatrie.so.1.3.3
7f9c4ce6a000-7f9c4ce6b000 rw-p 00007000 08:01 41165804                   /usr/lib/x86_64-linux-gnu/libdatrie.so.1.3.3
7f9c4ce6b000-7f9c4ce8e000 r-xp 00000000 08:01 41166863                   /usr/lib/x86_64-linux-gnu/libgraphite2.so.3.0.1
7f9c4ce8e000-7f9c4d08d000 ---p 00023000 08:01 41166863                   /usr/lib/x86_64-linux-gnu/libgraphite2.so.3.0.1
7f9c4d08d000-7f9c4d08f000 r--p 00022000 08:01 41166863                   /usr/lib/x86_64-linux-gnu/libgraphite2.so.3.0.1
7f9c4d08f000-7f9c4d090000 rw-p 00024000 08:01 41166863                   /usr/lib/x86_64-linux-gnu/libgraphite2.so.3.0.1
7f9c4d090000-7f9c4d0a1000 r-xp 00000000 08:01 41161294                   /usr/lib/x86_64-linux-gnu/libtasn1.so.6.5.1
7f9c4d0a1000-7f9c4d2a1000 ---p 00011000 08:01 41161294                   /usr/lib/x86_64-linux-gnu/libtasn1.so.6.5.1
7f9c4d2a1000-7f9c4d2a2000 r--p 00011000 08:01 41161294                   /usr/lib/x86_64-linux-gnu/libtasn1.so.6.5.1
7f9c4d2a2000-7f9c4d2a3000 rw-p 00012000 08:01 41161294                   /usr/lib/x86_64-linux-gnu/libtasn1.so.6.5.1
7f9c4d2a3000-7f9c4d2d4000 r-xp 00000000 08:01 41161269                   /usr/lib/x86_64-linux-gnu/libidn.so.11.6.15
7f9c4d2d4000-7f9c4d4d4000 ---p 00031000 08:01 41161269                   /usr/lib/x86_64-linux-gnu/libidn.so.11.6.15
7f9c4d4d4000-7f9c4d4d5000 r--p 00031000 08:01 41161269                   /usr/lib/x86_64-linux-gnu/libidn.so.11.6.15
7f9c4d4d5000-7f9c4d4d6000 rw-p 00032000 08:01 41161269                   /usr/lib/x86_64-linux-gnu/libidn.so.11.6.15
7f9c4d4d6000-7f9c4d530000 r-xp 00000000 08:01 41161284                   /usr/lib/x86_64-linux-gnu/libp11-kit.so.0.1.0
7f9c4d530000-7f9c4d72f000 ---p 0005a000 08:01 41161284                   /usr/lib/x86_64-linux-gnu/libp11-kit.so.0.1.0
7f9c4d72f000-7f9c4d739000 r--p 00059000 08:01 41161284                   /usr/lib/x86_64-linux-gnu/libp11-kit.so.0.1.0
7f9c4d739000-7f9c4d73b000 rw-p 00063000 08:01 41161284                   /usr/lib/x86_64-linux-gnu/libp11-kit.so.0.1.0
7f9c4d73b000-7f9c4d8eb000 r-xp 00000000 08:01 41161954                   /usr/lib/x86_64-linux-gnu/libxml2.so.2.9.3
7f9c4d8eb000-7f9c4daea000 ---p 001b0000 08:01 41161954                   /usr/lib/x86_64-linux-gnu/libxml2.so.2.9.3
7f9c4daea000-7f9c4daf2000 r--p 001af000 08:01 41161954                   /usr/lib/x86_64-linux-gnu/libxml2.so.2.9.3
7f9c4daf2000-7f9c4daf4000 rw-p 001b7000 08:01 41161954                   /usr/lib/x86_64-linux-gnu/libxml2.so.2.9.3
7f9c4daf4000-7f9c4daf5000 rw-p 00000000 00:00 0 
7f9c4daf5000-7f9c4db74000 r-xp 00000000 08:01 41161260                   /usr/lib/x86_64-linux-gnu/libgmp.so.10.3.0
7f9c4db74000-7f9c4dd73000 ---p 0007f000 08:01 41161260                   /usr/lib/x86_64-linux-gnu/libgmp.so.10.3.0
7f9c4dd73000-7f9c4dd74000 r--p 0007e000 08:01 41161260                   /usr/lib/x86_64-linux-gnu/libgmp.so.10.3.0
7f9c4dd74000-7f9c4dd75000 rw-p 0007f000 08:01 41161260                   /usr/lib/x86_64-linux-gnu/libgmp.so.10.3.0
7f9c4dd75000-7f9c4dda9000 r-xp 00000000 08:01 41161282                   /usr/lib/x86_64-linux-gnu/libnettle.so.6.2
7f9c4dda9000-7f9c4dfa8000 ---p 00034000 08:01 41161282                   /usr/lib/x86_64-linux-gnu/libnettle.so.6.2
7f9c4dfa8000-7f9c4dfaa000 r--p 00033000 08:01 41161282                   /usr/lib/x86_64-linux-gnu/libnettle.so.6.2
7f9c4dfaa000-7f9c4dfab000 rw-p 00035000 08:01 41161282                   /usr/lib/x86_64-linux-gnu/libnettle.so.6.2
7f9c4dfab000-7f9c4dfdd000 r-xp 00000000 08:01 41161266                   /usr/lib/x86_64-linux-gnu/libhogweed.so.4.2
7f9c4dfdd000-7f9c4e1dc000 ---p 00032000 08:01 41161266                   /usr/lib/x86_64-linux-gnu/libhogweed.so.4.2
7f9c4e1dc000-7f9c4e1dd000 r--p 00031000 08:01 41161266                   /usr/lib/x86_64-linux-gnu/libhogweed.so.4.2
7f9c4e1dd000-7f9c4e1de000 rw-p 00032000 08:01 41161266                   /usr/lib/x86_64-linux-gnu/libhogweed.so.4.2
7f9c4e1de000-7f9c4e225000 r-xp 00000000 08:01 41164141                   /usr/lib/x86_64-linux-gnu/libgssapi_krb5.so.2.2
7f9c4e225000-7f9c4e424000 ---p 00047000 08:01 41164141                   /usr/lib/x86_64-linux-gnu/libgssapi_krb5.so.2.2
7f9c4e424000-7f9c4e426000 r--p 00046000 08:01 41164141                   /usr/lib/x86_64-linux-gnu/libgssapi_krb5.so.2.2
7f9c4e426000-7f9c4e428000 rw-p 00048000 08:01 41164141                   /usr/lib/x86_64-linux-gnu/libgssapi_krb5.so.2.2
7f9c4e428000-7f9c4e500000 r-xp 00000000 08:01 25952323                   /lib/x86_64-linux-gnu/libgcrypt.so.20.0.5
7f9c4e500000-7f9c4e6ff000 ---p 000d8000 08:01 25952323                   /lib/x86_64-linux-gnu/libgcrypt.so.20.0.5
7f9c4e6ff000-7f9c4e700000 r--p 000d7000 08:01 25952323                   /lib/x86_64-linux-gnu/libgcrypt.so.20.0.5
7f9c4e700000-7f9c4e708000 rw-p 000d8000 08:01 25952323                   /lib/x86_64-linux-gnu/libgcrypt.so.20.0.5
7f9c4e708000-7f9c4e709000 rw-p 00000000 00:00 0 
7f9c4e709000-7f9c4e784000 r-xp 00000000 08:01 41165452                   /usr/lib/x86_64-linux-gnu/liborc-0.4.so.0.25.0
7f9c4e784000-7f9c4e983000 ---p 0007b000 08:01 41165452                   /usr/lib/x86_64-linux-gnu/liborc-0.4.so.0.25.0
7f9c4e983000-7f9c4e985000 r--p 0007a000 08:01 41165452                   /usr/lib/x86_64-linux-gnu/liborc-0.4.so.0.25.0
7f9c4e985000-7f9c4e989000 rw-p 0007c000 08:01 41165452                   /usr/lib/x86_64-linux-gnu/liborc-0.4.so.0.25.0
7f9c4e989000-7f9c4e990000 r-xp 00000000 08:01 41165423                   /usr/lib/x86_64-linux-gnu/libogg.so.0.8.2
7f9c4e990000-7f9c4eb90000 ---p 00007000 08:01 41165423                   /usr/lib/x86_64-linux-gnu/libogg.so.0.8.2
7f9c4eb90000-7f9c4eb91000 r--p 00007000 08:01 41165423                   /usr/lib/x86_64-linux-gnu/libogg.so.0.8.2
7f9c4eb91000-7f9c4eb92000 rw-p 00008000 08:01 41165423                   /usr/lib/x86_64-linux-gnu/libogg.so.0.8.2
7f9c4eb92000-7f9c4eb9c000 r-xp 00000000 08:01 41164557                   /usr/lib/x86_64-linux-gnu/libnuma.so.1.0.0
7f9c4eb9c000-7f9c4ed9b000 ---p 0000a000 08:01 41164557                   /usr/lib/x86_64-linux-gnu/libnuma.so.1.0.0
7f9c4ed9b000-7f9c4ed9c000 r--p 00009000 08:01 41164557                   /usr/lib/x86_64-linux-gnu/libnuma.so.1.0.0
7f9c4ed9c000-7f9c4ed9d000 rw-p 0000a000 08:01 41164557                   /usr/lib/x86_64-linux-gnu/libnuma.so.1.0.0
7f9c4ed9d000-7f9c4edcb000 r-xp 00000000 08:01 41167087                   /usr/lib/x86_64-linux-gnu/libsoxr.so.0.1.1
7f9c4edcb000-7f9c4efca000 ---p 0002e000 08:01 41167087                   /usr/lib/x86_64-linux-gnu/libsoxr.so.0.1.1
7f9c4efca000-7f9c4efcc000 r--p 0002d000 08:01 41167087                   /usr/lib/x86_64-linux-gnu/libsoxr.so.0.1.1
7f9c4efcc000-7f9c4efcd000 rw-p 0002f000 08:01 41167087                   /usr/lib/x86_64-linux-gnu/libsoxr.so.0.1.1
7f9c4efcd000-7f9c4f002000 rw-p 00000000 00:00 0 
7f9c4f002000-7f9c4f027000 r-xp 00000000 08:01 41167577                   /usr/lib/x86_64-linux-gnu/libv4lconvert.so.0.0.0
7f9c4f027000-7f9c4f227000 ---p 00025000 08:01 41167577                   /usr/lib/x86_64-linux-gnu/libv4lconvert.so.0.0.0
7f9c4f227000-7f9c4f229000 r--p 00025000 08:01 41167577                   /usr/lib/x86_64-linux-gnu/libv4lconvert.so.0.0.0
7f9c4f229000-7f9c4f22a000 rw-p 00027000 08:01 41167577                   /usr/lib/x86_64-linux-gnu/libv4lconvert.so.0.0.0
7f9c4f22a000-7f9c4f27c000 rw-p 00000000 00:00 0 
7f9c4f27c000-7f9c4f2de000 r-xp 00000000 08:01 41167563                   /usr/lib/x86_64-linux-gnu/libXt.so.6.0.0
7f9c4f2de000-7f9c4f4de000 ---p 00062000 08:01 41167563                   /usr/lib/x86_64-linux-gnu/libXt.so.6.0.0
7f9c4f4de000-7f9c4f4df000 r--p 00062000 08:01 41167563                   /usr/lib/x86_64-linux-gnu/libXt.so.6.0.0
7f9c4f4df000-7f9c4f4e4000 rw-p 00063000 08:01 41167563                   /usr/lib/x86_64-linux-gnu/libXt.so.6.0.0
7f9c4f4e4000-7f9c4f4e5000 rw-p 00000000 00:00 0 
7f9c4f4e5000-7f9c4f4ed000 r-xp 00000000 08:01 41165806                   /usr/lib/x86_64-linux-gnu/libthai.so.0.2.4
7f9c4f4ed000-7f9c4f6ec000 ---p 00008000 08:01 41165806                   /usr/lib/x86_64-linux-gnu/libthai.so.0.2.4
7f9c4f6ec000-7f9c4f6ed000 r--p 00007000 08:01 41165806                   /usr/lib/x86_64-linux-gnu/libthai.so.0.2.4
7f9c4f6ed000-7f9c4f6ee000 rw-p 00008000 08:01 41165806                   /usr/lib/x86_64-linux-gnu/libthai.so.0.2.4
7f9c4f6ee000-7f9c4f74a000 r-xp 00000000 08:01 41166866                   /usr/lib/x86_64-linux-gnu/libharfbuzz.so.0.10000.1
7f9c4f74a000-7f9c4f94a000 ---p 0005c000 08:01 41166866                   /usr/lib/x86_64-linux-gnu/libharfbuzz.so.0.10000.1
7f9c4f94a000-7f9c4f94b000 r--p 0005c000 08:01 41166866                   /usr/lib/x86_64-linux-gnu/libharfbuzz.so.0.10000.1
7f9c4f94b000-7f9c4f94c000 rw-p 0005d000 08:01 41166866                   /usr/lib/x86_64-linux-gnu/libharfbuzz.so.0.10000.1
7f9c4f94c000-7f9c4f963000 r-xp 00000000 08:01 25952291                   /lib/x86_64-linux-gnu/libresolv-2.23.so
7f9c4f963000-7f9c4fb63000 ---p 00017000 08:01 25952291                   /lib/x86_64-linux-gnu/libresolv-2.23.so
7f9c4fb63000-7f9c4fb64000 r--p 00017000 08:01 25952291                   /lib/x86_64-linux-gnu/libresolv-2.23.so
7f9c4fb64000-7f9c4fb65000 rw-p 00018000 08:01 25952291                   /lib/x86_64-linux-gnu/libresolv-2.23.so
7f9c4fb65000-7f9c4fb67000 rw-p 00000000 00:00 0 
7f9c4fb67000-7f9c4fb86000 r-xp 00000000 08:01 25952360                   /lib/x86_64-linux-gnu/libselinux.so.1
7f9c4fb86000-7f9c4fd85000 ---p 0001f000 08:01 25952360                   /lib/x86_64-linux-gnu/libselinux.so.1
7f9c4fd85000-7f9c4fd86000 r--p 0001e000 08:01 25952360                   /lib/x86_64-linux-gnu/libselinux.so.1
7f9c4fd86000-7f9c4fd87000 rw-p 0001f000 08:01 25952360                   /lib/x86_64-linux-gnu/libselinux.so.1
7f9c4fd87000-7f9c4fd89000 rw-p 00000000 00:00 0 
7f9c4fd89000-7f9c4fd91000 r-xp 00000000 08:01 41166856                   /usr/lib/x86_64-linux-gnu/libxcb-render.so.0.0.0
7f9c4fd91000-7f9c4ff91000 ---p 00008000 08:01 41166856                   /usr/lib/x86_64-linux-gnu/libxcb-render.so.0.0.0
7f9c4ff91000-7f9c4ff92000 r--p 00008000 08:01 41166856                   /usr/lib/x86_64-linux-gnu/libxcb-render.so.0.0.0
7f9c4ff92000-7f9c4ff93000 rw-p 00009000 08:01 41166856                   /usr/lib/x86_64-linux-gnu/libxcb-render.so.0.0.0
7f9c4ff93000-7f9c4ff95000 r-xp 00000000 08:01 41166858                   /usr/lib/x86_64-linux-gnu/libxcb-shm.so.0.0.0
7f9c4ff95000-7f9c50195000 ---p 00002000 08:01 41166858                   /usr/lib/x86_64-linux-gnu/libxcb-shm.so.0.0.0
7f9c50195000-7f9c50196000 r--p 00002000 08:01 41166858                   /usr/lib/x86_64-linux-gnu/libxcb-shm.so.0.0.0
7f9c50196000-7f9c50197000 rw-p 00003000 08:01 41166858                   /usr/lib/x86_64-linux-gnu/libxcb-shm.so.0.0.0
7f9c50197000-7f9c50236000 r-xp 00000000 08:01 41166854                   /usr/lib/x86_64-linux-gnu/libpixman-1.so.0.33.6
7f9c50236000-7f9c50436000 ---p 0009f000 08:01 41166854                   /usr/lib/x86_64-linux-gnu/libpixman-1.so.0.33.6
7f9c50436000-7f9c5043e000 r--p 0009f000 08:01 41166854                   /usr/lib/x86_64-linux-gnu/libpixman-1.so.0.33.6
7f9c5043e000-7f9c5043f000 rw-p 000a7000 08:01 41166854                   /usr/lib/x86_64-linux-gnu/libpixman-1.so.0.33.6
7f9c5043f000-7f9c504e3000 r-xp 00000000 08:01 41161571                   /usr/lib/x86_64-linux-gnu/libfreetype.so.6.12.1
7f9c504e3000-7f9c506e2000 ---p 000a4000 08:01 41161571                   /usr/lib/x86_64-linux-gnu/libfreetype.so.6.12.1
7f9c506e2000-7f9c506e8000 r--p 000a3000 08:01 41161571                   /usr/lib/x86_64-linux-gnu/libfreetype.so.6.12.1
7f9c506e8000-7f9c506e9000 rw-p 000a9000 08:01 41161571                   /usr/lib/x86_64-linux-gnu/libfreetype.so.6.12.1
7f9c506e9000-7f9c506ee000 r-xp 00000000 08:01 41163605                   /usr/lib/x86_64-linux-gnu/libXdmcp.so.6.0.0
7f9c506ee000-7f9c508ed000 ---p 00005000 08:01 41163605                   /usr/lib/x86_64-linux-gnu/libXdmcp.so.6.0.0
7f9c508ed000-7f9c508ee000 r--p 00004000 08:01 41163605                   /usr/lib/x86_64-linux-gnu/libXdmcp.so.6.0.0
7f9c508ee000-7f9c508ef000 rw-p 00005000 08:01 41163605                   /usr/lib/x86_64-linux-gnu/libXdmcp.so.6.0.0
7f9c508ef000-7f9c508f1000 r-xp 00000000 08:01 41163601                   /usr/lib/x86_64-linux-gnu/libXau.so.6.0.0
7f9c508f1000-7f9c50af1000 ---p 00002000 08:01 41163601                   /usr/lib/x86_64-linux-gnu/libXau.so.6.0.0
7f9c50af1000-7f9c50af2000 r--p 00002000 08:01 41163601                   /usr/lib/x86_64-linux-gnu/libXau.so.6.0.0
7f9c50af2000-7f9c50af3000 rw-p 00003000 08:01 41163601                   /usr/lib/x86_64-linux-gnu/libXau.so.6.0.0
7f9c50af3000-7f9c50b02000 r-xp 00000000 08:01 25952271                   /lib/x86_64-linux-gnu/libbz2.so.1.0.4
7f9c50b02000-7f9c50d01000 ---p 0000f000 08:01 25952271                   /lib/x86_64-linux-gnu/libbz2.so.1.0.4
7f9c50d01000-7f9c50d02000 r--p 0000e000 08:01 25952271                   /lib/x86_64-linux-gnu/libbz2.so.1.0.4
7f9c50d02000-7f9c50d03000 rw-p 0000f000 08:01 25952271                   /lib/x86_64-linux-gnu/libbz2.so.1.0.4
7f9c50d03000-7f9c50e27000 r-xp 00000000 08:01 41161264                   /usr/lib/x86_64-linux-gnu/libgnutls.so.30.6.2
7f9c50e27000-7f9c51026000 ---p 00124000 08:01 41161264                   /usr/lib/x86_64-linux-gnu/libgnutls.so.30.6.2
7f9c51026000-7f9c51031000 r--p 00123000 08:01 41161264                   /usr/lib/x86_64-linux-gnu/libgnutls.so.30.6.2
7f9c51031000-7f9c51033000 rw-p 0012e000 08:01 41161264                   /usr/lib/x86_64-linux-gnu/libgnutls.so.30.6.2
7f9c51033000-7f9c51034000 rw-p 00000000 00:00 0 
7f9c51034000-7f9c5107b000 r-xp 00000000 08:01 41167143                   /usr/lib/x86_64-linux-gnu/libbluray.so.1.9.2
7f9c5107b000-7f9c5127a000 ---p 00047000 08:01 41167143                   /usr/lib/x86_64-linux-gnu/libbluray.so.1.9.2
7f9c5127a000-7f9c5127c000 r--p 00046000 08:01 41167143                   /usr/lib/x86_64-linux-gnu/libbluray.so.1.9.2
7f9c5127c000-7f9c5127d000 rw-p 00048000 08:01 41167143                   /usr/lib/x86_64-linux-gnu/libbluray.so.1.9.2
7f9c5127d000-7f9c512c7000 r-xp 00000000 08:01 41167145                   /usr/lib/x86_64-linux-gnu/libgme.so.0.6.0
7f9c512c7000-7f9c514c7000 ---p 0004a000 08:01 41167145                   /usr/lib/x86_64-linux-gnu/libgme.so.0.6.0
7f9c514c7000-7f9c514ca000 r--p 0004a000 08:01 41167145                   /usr/lib/x86_64-linux-gnu/libgme.so.0.6.0
7f9c514ca000-7f9c514cb000 rw-p 0004d000 08:01 41167145                   /usr/lib/x86_64-linux-gnu/libgme.so.0.6.0
7f9c514cb000-7f9c51515000 r-xp 00000000 08:01 41167147                   /usr/lib/x86_64-linux-gnu/libmodplug.so.1.0.0
7f9c51515000-7f9c51715000 ---p 0004a000 08:01 41167147                   /usr/lib/x86_64-linux-gnu/libmodplug.so.1.0.0
7f9c51715000-7f9c51716000 r--p 0004a000 08:01 41167147                   /usr/lib/x86_64-linux-gnu/libmodplug.so.1.0.0
7f9c51716000-7f9c51717000 rw-p 0004b000 08:01 41167147                   /usr/lib/x86_64-linux-gnu/libmodplug.so.1.0.0
7f9c51717000-7f9c51856000 rw-p 00000000 00:00 0 
7f9c51856000-7f9c51871000 r-xp 00000000 08:01 41164217                   /usr/lib/x86_64-linux-gnu/librtmp.so.1
7f9c51871000-7f9c51a70000 ---p 0001b000 08:01 41164217                   /usr/lib/x86_64-linux-gnu/librtmp.so.1
7f9c51a70000-7f9c51a71000 r--p 0001a000 08:01 41164217                   /usr/lib/x86_64-linux-gnu/librtmp.so.1
7f9c51a71000-7f9c51a72000 rw-p 0001b000 08:01 41164217                   /usr/lib/x86_64-linux-gnu/librtmp.so.1
7f9c51a72000-7f9c51aba000 r-xp 00000000 08:01 41167149                   /usr/lib/x86_64-linux-gnu/libssh-gcrypt.so.4.4.1
7f9c51aba000-7f9c51cb9000 ---p 00048000 08:01 41167149                   /usr/lib/x86_64-linux-gnu/libssh-gcrypt.so.4.4.1
7f9c51cb9000-7f9c51cba000 r--p 00047000 08:01 41167149                   /usr/lib/x86_64-linux-gnu/libssh-gcrypt.so.4.4.1
7f9c51cba000-7f9c51cbb000 rw-p 00048000 08:01 41167149                   /usr/lib/x86_64-linux-gnu/libssh-gcrypt.so.4.4.1
7f9c51cbb000-7f9c51cd5000 r-xp 00000000 08:01 41165410                   /usr/lib/x86_64-linux-gnu/libcrystalhd.so.3.6
7f9c51cd5000-7f9c51ed4000 ---p 0001a000 08:01 41165410                   /usr/lib/x86_64-linux-gnu/libcrystalhd.so.3.6
7f9c51ed4000-7f9c51ed5000 r--p 00019000 08:01 41165410                   /usr/lib/x86_64-linux-gnu/libcrystalhd.so.3.6
7f9c51ed5000-7f9c51ed6000 rw-p 0001a000 08:01 41165410                   /usr/lib/x86_64-linux-gnu/libcrystalhd.so.3.6
7f9c51ed6000-7f9c51ee3000 r-xp 00000000 08:01 41165412                   /usr/lib/x86_64-linux-gnu/libgsm.so.1.0.12
7f9c51ee3000-7f9c520e2000 ---p 0000d000 08:01 41165412                   /usr/lib/x86_64-linux-gnu/libgsm.so.1.0.12
7f9c520e2000-7f9c520e3000 r--p 0000c000 08:01 41165412                   /usr/lib/x86_64-linux-gnu/libgsm.so.1.0.12
7f9c520e3000-7f9c520e4000 rw-p 0000d000 08:01 41165412                   /usr/lib/x86_64-linux-gnu/libgsm.so.1.0.12
7f9c520e4000-7f9c52129000 r-xp 00000000 08:01 41167073                   /usr/lib/x86_64-linux-gnu/libmp3lame.so.0.0.0
7f9c52129000-7f9c52329000 ---p 00045000 08:01 41167073                   /usr/lib/x86_64-linux-gnu/libmp3lame.so.0.0.0
7f9c52329000-7f9c5232a000 r--p 00045000 08:01 41167073                   /usr/lib/x86_64-linux-gnu/libmp3lame.so.0.0.0
7f9c5232a000-7f9c5232b000 rw-p 00046000 08:01 41167073                   /usr/lib/x86_64-linux-gnu/libmp3lame.so.0.0.0
7f9c5232b000-7f9c52359000 rw-p 00000000 00:00 0 
7f9c52359000-7f9c5237b000 r-xp 00000000 08:01 41167076                   /usr/lib/x86_64-linux-gnu/libopenjpeg.so.1.5.2
7f9c5237b000-7f9c5257a000 ---p 00022000 08:01 41167076                   /usr/lib/x86_64-linux-gnu/libopenjpeg.so.1.5.2
7f9c5257a000-7f9c5257b000 r--p 00021000 08:01 41167076                   /usr/lib/x86_64-linux-gnu/libopenjpeg.so.1.5.2
7f9c5257b000-7f9c5257c000 rw-p 00022000 08:01 41167076                   /usr/lib/x86_64-linux-gnu/libopenjpeg.so.1.5.2
7f9c5257c000-7f9c525c5000 r-xp 00000000 08:01 41167079                   /usr/lib/x86_64-linux-gnu/libopus.so.0.5.2
7f9c525c5000-7f9c527c4000 ---p 00049000 08:01 41167079                   /usr/lib/x86_64-linux-gnu/libopus.so.0.5.2
7f9c527c4000-7f9c527c5000 r--p 00048000 08:01 41167079                   /usr/lib/x86_64-linux-gnu/libopus.so.0.5.2
7f9c527c5000-7f9c527c6000 rw-p 00049000 08:01 41167079                   /usr/lib/x86_64-linux-gnu/libopus.so.0.5.2
7f9c527c6000-7f9c52897000 r-xp 00000000 08:01 41165456                   /usr/lib/x86_64-linux-gnu/libschroedinger-1.0.so.0.11.0
7f9c52897000-7f9c52a97000 ---p 000d1000 08:01 41165456                   /usr/lib/x86_64-linux-gnu/libschroedinger-1.0.so.0.11.0
7f9c52a97000-7f9c52a99000 r--p 000d1000 08:01 41165456                   /usr/lib/x86_64-linux-gnu/libschroedinger-1.0.so.0.11.0
7f9c52a99000-7f9c52a9a000 rw-p 000d3000 08:01 41165456                   /usr/lib/x86_64-linux-gnu/libschroedinger-1.0.so.0.11.0
7f9c52a9a000-7f9c52a9b000 rw-p 00000000 00:00 0 
7f9c52a9b000-7f9c52aa7000 r-xp 00000000 08:01 41167081                   /usr/lib/x86_64-linux-gnu/libshine.so.3.0.1
7f9c52aa7000-7f9c52ca6000 ---p 0000c000 08:01 41167081                   /usr/lib/x86_64-linux-gnu/libshine.so.3.0.1
7f9c52ca6000-7f9c52ca7000 r--p 0000b000 08:01 41167081                   /usr/lib/x86_64-linux-gnu/libshine.so.3.0.1
7f9c52ca7000-7f9c52ca8000 rw-p 0000c000 08:01 41167081                   /usr/lib/x86_64-linux-gnu/libshine.so.3.0.1
7f9c52ca8000-7f9c52caf000 r-xp 00000000 08:01 41167083                   /usr/lib/x86_64-linux-gnu/libsnappy.so.1.3.0
7f9c52caf000-7f9c52eae000 ---p 00007000 08:01 41167083                   /usr/lib/x86_64-linux-gnu/libsnappy.so.1.3.0
7f9c52eae000-7f9c52eaf000 r--p 00006000 08:01 41167083                   /usr/lib/x86_64-linux-gnu/libsnappy.so.1.3.0
7f9c52eaf000-7f9c52eb0000 rw-p 00007000 08:01 41167083                   /usr/lib/x86_64-linux-gnu/libsnappy.so.1.3.0
7f9c52eb0000-7f9c52ec7000 r-xp 00000000 08:01 41167085                   /usr/lib/x86_64-linux-gnu/libspeex.so.1.5.0
7f9c52ec7000-7f9c530c7000 ---p 00017000 08:01 41167085                   /usr/lib/x86_64-linux-gnu/libspeex.so.1.5.0
7f9c530c7000-7f9c530c8000 r--p 00017000 08:01 41167085                   /usr/lib/x86_64-linux-gnu/libspeex.so.1.5.0
7f9c530c8000-7f9c530c9000 rw-p 00018000 08:01 41167085                   /usr/lib/x86_64-linux-gnu/libspeex.so.1.5.0
7f9c530c9000-7f9c530e2000 r-xp 00000000 08:01 41167094                   /usr/lib/x86_64-linux-gnu/libtheoradec.so.1.1.4
7f9c530e2000-7f9c532e1000 ---p 00019000 08:01 41167094                   /usr/lib/x86_64-linux-gnu/libtheoradec.so.1.1.4
7f9c532e1000-7f9c532e2000 r--p 00018000 08:01 41167094                   /usr/lib/x86_64-linux-gnu/libtheoradec.so.1.1.4
7f9c532e2000-7f9c532e3000 rw-p 00019000 08:01 41167094                   /usr/lib/x86_64-linux-gnu/libtheoradec.so.1.1.4
7f9c532e3000-7f9c53321000 r-xp 00000000 08:01 41167092                   /usr/lib/x86_64-linux-gnu/libtheoraenc.so.1.1.2
7f9c53321000-7f9c53520000 ---p 0003e000 08:01 41167092                   /usr/lib/x86_64-linux-gnu/libtheoraenc.so.1.1.2
7f9c53520000-7f9c53521000 r--p 0003d000 08:01 41167092                   /usr/lib/x86_64-linux-gnu/libtheoraenc.so.1.1.2
7f9c53521000-7f9c53522000 rw-p 0003e000 08:01 41167092                   /usr/lib/x86_64-linux-gnu/libtheoraenc.so.1.1.2
7f9c53522000-7f9c53540000 r-xp 00000000 08:01 41167098                   /usr/lib/x86_64-linux-gnu/libtwolame.so.0.0.0
7f9c53540000-7f9c5373f000 ---p 0001e000 08:01 41167098                   /usr/lib/x86_64-linux-gnu/libtwolame.so.0.0.0
7f9c5373f000-7f9c53740000 r--p 0001d000 08:01 41167098                   /usr/lib/x86_64-linux-gnu/libtwolame.so.0.0.0
7f9c53740000-7f9c53741000 rw-p 0001e000 08:01 41167098                   /usr/lib/x86_64-linux-gnu/libtwolame.so.0.0.0
7f9c53741000-7f9c53745000 rw-p 00000000 00:00 0 
7f9c53745000-7f9c5376f000 r-xp 00000000 08:01 41167102                   /usr/lib/x86_64-linux-gnu/libvorbis.so.0.4.8
7f9c5376f000-7f9c5396f000 ---p 0002a000 08:01 41167102                   /usr/lib/x86_64-linux-gnu/libvorbis.so.0.4.8
7f9c5396f000-7f9c53970000 r--p 0002a000 08:01 41167102                   /usr/lib/x86_64-linux-gnu/libvorbis.so.0.4.8
7f9c53970000-7f9c53971000 rw-p 0002b000 08:01 41167102                   /usr/lib/x86_64-linux-gnu/libvorbis.so.0.4.8
7f9c53971000-7f9c539fe000 r-xp 00000000 08:01 41167105                   /usr/lib/x86_64-linux-gnu/libvorbisenc.so.2.0.11
7f9c539fe000-7f9c53bfd000 ---p 0008d000 08:01 41167105                   /usr/lib/x86_64-linux-gnu/libvorbisenc.so.2.0.11
7f9c53bfd000-7f9c53c19000 r--p 0008c000 08:01 41167105                   /usr/lib/x86_64-linux-gnu/libvorbisenc.so.2.0.11
7f9c53c19000-7f9c53c1a000 rw-p 000a8000 08:01 41167105                   /usr/lib/x86_64-linux-gnu/libvorbisenc.so.2.0.11
7f9c53c1a000-7f9c53e39000 r-xp 00000000 08:01 41167107                   /usr/lib/x86_64-linux-gnu/libvpx.so.3.0.0
7f9c53e39000-7f9c54038000 ---p 0021f000 08:01 41167107                   /usr/lib/x86_64-linux-gnu/libvpx.so.3.0.0
7f9c54038000-7f9c5403a000 r--p 0021e000 08:01 41167107                   /usr/lib/x86_64-linux-gnu/libvpx.so.3.0.0
7f9c5403a000-7f9c5403b000 rw-p 00220000 08:01 41167107                   /usr/lib/x86_64-linux-gnu/libvpx.so.3.0.0
7f9c5403b000-7f9c5403e000 rw-p 00000000 00:00 0 
7f9c5403e000-7f9c54066000 r-xp 00000000 08:01 41167110                   /usr/lib/x86_64-linux-gnu/libwavpack.so.1.1.7
7f9c54066000-7f9c54265000 ---p 00028000 08:01 41167110                   /usr/lib/x86_64-linux-gnu/libwavpack.so.1.1.7
7f9c54265000-7f9c54266000 r--p 00027000 08:01 41167110                   /usr/lib/x86_64-linux-gnu/libwavpack.so.1.1.7
7f9c54266000-7f9c54267000 rw-p 00028000 08:01 41167110                   /usr/lib/x86_64-linux-gnu/libwavpack.so.1.1.7
7f9c54267000-7f9c542c0000 r-xp 00000000 08:01 41167112                   /usr/lib/x86_64-linux-gnu/libwebp.so.5.0.4
7f9c542c0000-7f9c544c0000 ---p 00059000 08:01 41167112                   /usr/lib/x86_64-linux-gnu/libwebp.so.5.0.4
7f9c544c0000-7f9c544c1000 r--p 00059000 08:01 41167112                   /usr/lib/x86_64-linux-gnu/libwebp.so.5.0.4
7f9c544c1000-7f9c544c3000 rw-p 0005a000 08:01 41167112                   /usr/lib/x86_64-linux-gnu/libwebp.so.5.0.4
7f9c544c3000-7f9c545eb000 r-xp 00000000 08:01 41167114                   /usr/lib/x86_64-linux-gnu/libx264.so.148
7f9c545eb000-7f9c547ea000 ---p 00128000 08:01 41167114                   /usr/lib/x86_64-linux-gnu/libx264.so.148
7f9c547ea000-7f9c547eb000 r--p 00127000 08:01 41167114                   /usr/lib/x86_64-linux-gnu/libx264.so.148
7f9c547eb000-7f9c547ec000 rw-p 00128000 08:01 41167114                   /usr/lib/x86_64-linux-gnu/libx264.so.148
7f9c547ec000-7f9c54867000 rw-p 00000000 00:00 0 
7f9c54867000-7f9c55274000 r-xp 00000000 08:01 41167115                   /usr/lib/x86_64-linux-gnu/libx265.so.79
7f9c55274000-7f9c55473000 ---p 00a0d000 08:01 41167115                   /usr/lib/x86_64-linux-gnu/libx265.so.79
7f9c55473000-7f9c55476000 r--p 00a0c000 08:01 41167115                   /usr/lib/x86_64-linux-gnu/libx265.so.79
7f9c55476000-7f9c55479000 rw-p 00a0f000 08:01 41167115                   /usr/lib/x86_64-linux-gnu/libx265.so.79
7f9c55479000-7f9c55486000 rw-p 00000000 00:00 0 
7f9c55486000-7f9c55527000 r-xp 00000000 08:01 41167116                   /usr/lib/x86_64-linux-gnu/libxvidcore.so.4.3
7f9c55527000-7f9c55726000 ---p 000a1000 08:01 41167116                   /usr/lib/x86_64-linux-gnu/libxvidcore.so.4.3
7f9c55726000-7f9c55727000 r--p 000a0000 08:01 41167116                   /usr/lib/x86_64-linux-gnu/libxvidcore.so.4.3
7f9c55727000-7f9c55731000 rw-p 000a1000 08:01 41167116                   /usr/lib/x86_64-linux-gnu/libxvidcore.so.4.3
7f9c55731000-7f9c5579a000 rw-p 00000000 00:00 0 
7f9c5579a000-7f9c55811000 r-xp 00000000 08:01 41167124                   /usr/lib/x86_64-linux-gnu/libzvbi.so.0.13.2
7f9c55811000-7f9c55a10000 ---p 00077000 08:01 41167124                   /usr/lib/x86_64-linux-gnu/libzvbi.so.0.13.2
7f9c55a10000-7f9c55a19000 r--p 00076000 08:01 41167124                   /usr/lib/x86_64-linux-gnu/libzvbi.so.0.13.2
7f9c55a19000-7f9c55a25000 rw-p 0007f000 08:01 41167124                   /usr/lib/x86_64-linux-gnu/libzvbi.so.0.13.2
7f9c55a25000-7f9c55a40000 r-xp 00000000 08:01 41167100                   /usr/lib/x86_64-linux-gnu/libva.so.1.3900.0
7f9c55a40000-7f9c55c3f000 ---p 0001b000 08:01 41167100                   /usr/lib/x86_64-linux-gnu/libva.so.1.3900.0
7f9c55c3f000-7f9c55c40000 r--p 0001a000 08:01 41167100                   /usr/lib/x86_64-linux-gnu/libva.so.1.3900.0
7f9c55c40000-7f9c55c41000 rw-p 0001b000 08:01 41167100                   /usr/lib/x86_64-linux-gnu/libva.so.1.3900.0
7f9c55c41000-7f9c55c5b000 r-xp 00000000 08:01 41167089                   /usr/lib/x86_64-linux-gnu/libswresample-ffmpeg.so.1.2.101
7f9c55c5b000-7f9c55e5a000 ---p 0001a000 08:01 41167089                   /usr/lib/x86_64-linux-gnu/libswresample-ffmpeg.so.1.2.101
7f9c55e5a000-7f9c55e5c000 r--p 00019000 08:01 41167089                   /usr/lib/x86_64-linux-gnu/libswresample-ffmpeg.so.1.2.101
7f9c55e5c000-7f9c55e5d000 rw-p 0001b000 08:01 41167089                   /usr/lib/x86_64-linux-gnu/libswresample-ffmpeg.so.1.2.101
7f9c55e5d000-7f9c55e66000 r-xp 00000000 08:01 41167580                   /usr/lib/x86_64-linux-gnu/libv4l2.so.0.0.0
7f9c55e66000-7f9c56065000 ---p 00009000 08:01 41167580                   /usr/lib/x86_64-linux-gnu/libv4l2.so.0.0.0
7f9c56065000-7f9c56066000 r--p 00008000 08:01 41167580                   /usr/lib/x86_64-linux-gnu/libv4l2.so.0.0.0
7f9c56066000-7f9c5606b000 rw-p 00009000 08:01 41167580                   /usr/lib/x86_64-linux-gnu/libv4l2.so.0.0.0
7f9c5606b000-7f9c56082000 r-xp 00000000 08:01 25956289                   /lib/x86_64-linux-gnu/libusb-1.0.so.0.1.0
7f9c56082000-7f9c56281000 ---p 00017000 08:01 25956289                   /lib/x86_64-linux-gnu/libusb-1.0.so.0.1.0
7f9c56281000-7f9c56282000 r--p 00016000 08:01 25956289                   /lib/x86_64-linux-gnu/libusb-1.0.so.0.1.0
7f9c56282000-7f9c56283000 rw-p 00017000 08:01 25956289                   /lib/x86_64-linux-gnu/libusb-1.0.so.0.1.0
7f9c56283000-7f9c56290000 r-xp 00000000 08:01 41167556                   /usr/lib/x86_64-linux-gnu/libraw1394.so.11.1.0
7f9c56290000-7f9c56490000 ---p 0000d000 08:01 41167556                   /usr/lib/x86_64-linux-gnu/libraw1394.so.11.1.0
7f9c56490000-7f9c56491000 r--p 0000d000 08:01 41167556                   /usr/lib/x86_64-linux-gnu/libraw1394.so.11.1.0
7f9c56491000-7f9c56492000 rw-p 0000e000 08:01 41167556                   /usr/lib/x86_64-linux-gnu/libraw1394.so.11.1.0
7f9c56492000-7f9c564b0000 r-xp 00000000 08:01 41165810                   /usr/lib/x86_64-linux-gnu/libpangox-1.0.so.0.0.0
7f9c564b0000-7f9c566b0000 ---p 0001e000 08:01 41165810                   /usr/lib/x86_64-linux-gnu/libpangox-1.0.so.0.0.0
7f9c566b0000-7f9c566b1000 r--p 0001e000 08:01 41165810                   /usr/lib/x86_64-linux-gnu/libpangox-1.0.so.0.0.0
7f9c566b1000-7f9c566b2000 rw-p 0001f000 08:01 41165810                   /usr/lib/x86_64-linux-gnu/libpangox-1.0.so.0.0.0
7f9c566b2000-7f9c566ca000 r-xp 00000000 08:01 41167565                   /usr/lib/x86_64-linux-gnu/libXmu.so.6.2.0
7f9c566ca000-7f9c568c9000 ---p 00018000 08:01 41167565                   /usr/lib/x86_64-linux-gnu/libXmu.so.6.2.0
7f9c568c9000-7f9c568ca000 r--p 00017000 08:01 41167565                   /usr/lib/x86_64-linux-gnu/libXmu.so.6.2.0
7f9c568ca000-7f9c568cb000 rw-p 00018000 08:01 41167565                   /usr/lib/x86_64-linux-gnu/libXmu.so.6.2.0
7f9c568cb000-7f9c56938000 r-xp 00000000 08:01 41167561                   /usr/lib/x86_64-linux-gnu/libGLU.so.1.3.1
7f9c56938000-7f9c56b38000 ---p 0006d000 08:01 41167561                   /usr/lib/x86_64-linux-gnu/libGLU.so.1.3.1
7f9c56b38000-7f9c56b39000 r--p 0006d000 08:01 41167561                   /usr/lib/x86_64-linux-gnu/libGLU.so.1.3.1
7f9c56b39000-7f9c56b3a000 rw-p 0006e000 08:01 41167561                   /usr/lib/x86_64-linux-gnu/libGLU.so.1.3.1
7f9c56b3a000-7f9c56ba8000 r-xp 00000000 08:01 25952352                   /lib/x86_64-linux-gnu/libpcre.so.3.13.2
7f9c56ba8000-7f9c56da8000 ---p 0006e000 08:01 25952352                   /lib/x86_64-linux-gnu/libpcre.so.3.13.2
7f9c56da8000-7f9c56da9000 r--p 0006e000 08:01 25952352                   /lib/x86_64-linux-gnu/libpcre.so.3.13.2
7f9c56da9000-7f9c56daa000 rw-p 0006f000 08:01 25952352                   /lib/x86_64-linux-gnu/libpcre.so.3.13.2
7f9c56daa000-7f9c56db1000 r-xp 00000000 08:01 41161256                   /usr/lib/x86_64-linux-gnu/libffi.so.6.0.4
7f9c56db1000-7f9c56fb0000 ---p 00007000 08:01 41161256                   /usr/lib/x86_64-linux-gnu/libffi.so.6.0.4
7f9c56fb0000-7f9c56fb1000 r--p 00006000 08:01 41161256                   /usr/lib/x86_64-linux-gnu/libffi.so.6.0.4
7f9c56fb1000-7f9c56fb2000 rw-p 00007000 08:01 41161256                   /usr/lib/x86_64-linux-gnu/libffi.so.6.0.4
7f9c56fb2000-7f9c56fb4000 r-xp 00000000 08:01 41165462                   /usr/lib/x86_64-linux-gnu/libXcomposite.so.1.0.0
7f9c56fb4000-7f9c571b3000 ---p 00002000 08:01 41165462                   /usr/lib/x86_64-linux-gnu/libXcomposite.so.1.0.0
7f9c571b3000-7f9c571b4000 r--p 00001000 08:01 41165462                   /usr/lib/x86_64-linux-gnu/libXcomposite.so.1.0.0
7f9c571b4000-7f9c571b5000 rw-p 00002000 08:01 41165462                   /usr/lib/x86_64-linux-gnu/libXcomposite.so.1.0.0
7f9c571b5000-7f9c571be000 r-xp 00000000 08:01 41165468                   /usr/lib/x86_64-linux-gnu/libXcursor.so.1.0.2
7f9c571be000-7f9c573bd000 ---p 00009000 08:01 41165468                   /usr/lib/x86_64-linux-gnu/libXcursor.so.1.0.2
7f9c573bd000-7f9c573be000 r--p 00008000 08:01 41165468                   /usr/lib/x86_64-linux-gnu/libXcursor.so.1.0.2
7f9c573be000-7f9c573bf000 rw-p 00009000 08:01 41165468                   /usr/lib/x86_64-linux-gnu/libXcursor.so.1.0.2
7f9c573bf000-7f9c573c9000 r-xp 00000000 08:01 41166881                   /usr/lib/x86_64-linux-gnu/libXrandr.so.2.2.0
7f9c573c9000-7f9c575c8000 ---p 0000a000 08:01 41166881                   /usr/lib/x86_64-linux-gnu/libXrandr.so.2.2.0
7f9c575c8000-7f9c575c9000 r--p 00009000 08:01 41166881                   /usr/lib/x86_64-linux-gnu/libXrandr.so.2.2.0
7f9c575c9000-7f9c575ca000 rw-p 0000a000 08:01 41166881                   /usr/lib/x86_64-linux-gnu/libXrandr.so.2.2.0
7f9c575ca000-7f9c575d9000 r-xp 00000000 08:01 41166879                   /usr/lib/x86_64-linux-gnu/libXi.so.6.1.0
7f9c575d9000-7f9c577d8000 ---p 0000f000 08:01 41166879                   /usr/lib/x86_64-linux-gnu/libXi.so.6.1.0
7f9c577d8000-7f9c577d9000 r--p 0000e000 08:01 41166879                   /usr/lib/x86_64-linux-gnu/libXi.so.6.1.0
7f9c577d9000-7f9c577da000 rw-p 0000f000 08:01 41166879                   /usr/lib/x86_64-linux-gnu/libXi.so.6.1.0
7f9c577da000-7f9c577dc000 r-xp 00000000 08:01 41165474                   /usr/lib/x86_64-linux-gnu/libXinerama.so.1.0.0
7f9c577dc000-7f9c579db000 ---p 00002000 08:01 41165474                   /usr/lib/x86_64-linux-gnu/libXinerama.so.1.0.0
7f9c579db000-7f9c579dc000 r--p 00001000 08:01 41165474                   /usr/lib/x86_64-linux-gnu/libXinerama.so.1.0.0
7f9c579dc000-7f9c579dd000 rw-p 00002000 08:01 41165474                   /usr/lib/x86_64-linux-gnu/libXinerama.so.1.0.0
7f9c579dd000-7f9c579e6000 r-xp 00000000 08:01 41165466                   /usr/lib/x86_64-linux-gnu/libXrender.so.1.3.0
7f9c579e6000-7f9c57be5000 ---p 00009000 08:01 41165466                   /usr/lib/x86_64-linux-gnu/libXrender.so.1.3.0
7f9c57be5000-7f9c57be6000 r--p 00008000 08:01 41165466                   /usr/lib/x86_64-linux-gnu/libXrender.so.1.3.0
7f9c57be6000-7f9c57be7000 rw-p 00009000 08:01 41165466                   /usr/lib/x86_64-linux-gnu/libXrender.so.1.3.0
7f9c57be7000-7f9c57c24000 r-xp 00000000 08:01 41165389                   /usr/lib/x86_64-linux-gnu/libfontconfig.so.1.9.0
7f9c57c24000-7f9c57e23000 ---p 0003d000 08:01 41165389                   /usr/lib/x86_64-linux-gnu/libfontconfig.so.1.9.0
7f9c57e23000-7f9c57e25000 r--p 0003c000 08:01 41165389                   /usr/lib/x86_64-linux-gnu/libfontconfig.so.1.9.0
7f9c57e25000-7f9c57e2a000 rw-p 0003e000 08:01 41165389                   /usr/lib/x86_64-linux-gnu/libfontconfig.so.1.9.0
7f9c57e2a000-7f9c57e73000 r-xp 00000000 08:01 41165808                   /usr/lib/x86_64-linux-gnu/libpango-1.0.so.0.3800.1
7f9c57e73000-7f9c58073000 ---p 00049000 08:01 41165808                   /usr/lib/x86_64-linux-gnu/libpango-1.0.so.0.3800.1
7f9c58073000-7f9c58075000 r--p 00049000 08:01 41165808                   /usr/lib/x86_64-linux-gnu/libpango-1.0.so.0.3800.1
7f9c58075000-7f9c58076000 rw-p 0004b000 08:01 41165808                   /usr/lib/x86_64-linux-gnu/libpango-1.0.so.0.3800.1
7f9c58076000-7f9c5808a000 r-xp 00000000 08:01 41166868                   /usr/lib/x86_64-linux-gnu/libpangoft2-1.0.so.0.3800.1
7f9c5808a000-7f9c5828a000 ---p 00014000 08:01 41166868                   /usr/lib/x86_64-linux-gnu/libpangoft2-1.0.so.0.3800.1
7f9c5828a000-7f9c5828b000 r--p 00014000 08:01 41166868                   /usr/lib/x86_64-linux-gnu/libpangoft2-1.0.so.0.3800.1
7f9c5828b000-7f9c5828c000 rw-p 00015000 08:01 41166868                   /usr/lib/x86_64-linux-gnu/libpangoft2-1.0.so.0.3800.1
7f9c5828c000-7f9c5840c000 r-xp 00000000 08:01 41161844                   /usr/lib/x86_64-linux-gnu/libgio-2.0.so.0.4800.0
7f9c5840c000-7f9c5860c000 ---p 00180000 08:01 41161844                   /usr/lib/x86_64-linux-gnu/libgio-2.0.so.0.4800.0
7f9c5860c000-7f9c58610000 r--p 00180000 08:01 41161844                   /usr/lib/x86_64-linux-gnu/libgio-2.0.so.0.4800.0
7f9c58610000-7f9c58612000 rw-p 00184000 08:01 41161844                   /usr/lib/x86_64-linux-gnu/libgio-2.0.so.0.4800.0
7f9c58612000-7f9c58614000 rw-p 00000000 00:00 0 
7f9c58614000-7f9c58635000 r-xp 00000000 08:01 41166850                   /usr/lib/x86_64-linux-gnu/libgdk_pixbuf-2.0.so.0.3200.2
7f9c58635000-7f9c58834000 ---p 00021000 08:01 41166850                   /usr/lib/x86_64-linux-gnu/libgdk_pixbuf-2.0.so.0.3200.2
7f9c58834000-7f9c58835000 r--p 00020000 08:01 41166850                   /usr/lib/x86_64-linux-gnu/libgdk_pixbuf-2.0.so.0.3200.2
7f9c58835000-7f9c58836000 rw-p 00021000 08:01 41166850                   /usr/lib/x86_64-linux-gnu/libgdk_pixbuf-2.0.so.0.3200.2
7f9c58836000-7f9c58944000 r-xp 00000000 08:01 41166860                   /usr/lib/x86_64-linux-gnu/libcairo.so.2.11400.6
7f9c58944000-7f9c58b44000 ---p 0010e000 08:01 41166860                   /usr/lib/x86_64-linux-gnu/libcairo.so.2.11400.6
7f9c58b44000-7f9c58b47000 r--p 0010e000 08:01 41166860                   /usr/lib/x86_64-linux-gnu/libcairo.so.2.11400.6
7f9c58b47000-7f9c58b48000 rw-p 00111000 08:01 41166860                   /usr/lib/x86_64-linux-gnu/libcairo.so.2.11400.6
7f9c58b48000-7f9c58b4a000 rw-p 00000000 00:00 0 
7f9c58b4a000-7f9c58b6c000 r-xp 00000000 08:01 41166844                   /usr/lib/x86_64-linux-gnu/libatk-1.0.so.0.21809.1
7f9c58b6c000-7f9c58d6b000 ---p 00022000 08:01 41166844                   /usr/lib/x86_64-linux-gnu/libatk-1.0.so.0.21809.1
7f9c58d6b000-7f9c58d6e000 r--p 00021000 08:01 41166844                   /usr/lib/x86_64-linux-gnu/libatk-1.0.so.0.21809.1
7f9c58d6e000-7f9c58d6f000 rw-p 00024000 08:01 41166844                   /usr/lib/x86_64-linux-gnu/libatk-1.0.so.0.21809.1
7f9c58d6f000-7f9c58d7b000 r-xp 00000000 08:01 41166870                   /usr/lib/x86_64-linux-gnu/libpangocairo-1.0.so.0.3800.1
7f9c58d7b000-7f9c58f7a000 ---p 0000c000 08:01 41166870                   /usr/lib/x86_64-linux-gnu/libpangocairo-1.0.so.0.3800.1
7f9c58f7a000-7f9c58f7b000 r--p 0000b000 08:01 41166870                   /usr/lib/x86_64-linux-gnu/libpangocairo-1.0.so.0.3800.1
7f9c58f7b000-7f9c58f7c000 rw-p 0000c000 08:01 41166870                   /usr/lib/x86_64-linux-gnu/libpangocairo-1.0.so.0.3800.1
7f9c58f7c000-7f9c58f7f000 r-xp 00000000 08:01 41161846                   /usr/lib/x86_64-linux-gnu/libgmodule-2.0.so.0.4800.0
7f9c58f7f000-7f9c5917e000 ---p 00003000 08:01 41161846                   /usr/lib/x86_64-linux-gnu/libgmodule-2.0.so.0.4800.0
7f9c5917e000-7f9c5917f000 r--p 00002000 08:01 41161846                   /usr/lib/x86_64-linux-gnu/libgmodule-2.0.so.0.4800.0
7f9c5917f000-7f9c59180000 rw-p 00003000 08:01 41161846                   /usr/lib/x86_64-linux-gnu/libgmodule-2.0.so.0.4800.0
7f9c59180000-7f9c59185000 r-xp 00000000 08:01 41165429                   /usr/lib/x86_64-linux-gnu/libIlmThread-2_2.so.12.0.0
7f9c59185000-7f9c59385000 ---p 00005000 08:01 41165429                   /usr/lib/x86_64-linux-gnu/libIlmThread-2_2.so.12.0.0
7f9c59385000-7f9c59386000 r--p 00005000 08:01 41165429                   /usr/lib/x86_64-linux-gnu/libIlmThread-2_2.so.12.0.0
7f9c59386000-7f9c59387000 rw-p 00006000 08:01 41165429                   /usr/lib/x86_64-linux-gnu/libIlmThread-2_2.so.12.0.0
7f9c59387000-7f9c593a2000 r-xp 00000000 08:01 41165428                   /usr/lib/x86_64-linux-gnu/libIex-2_2.so.12.0.0
7f9c593a2000-7f9c595a1000 ---p 0001b000 08:01 41165428                   /usr/lib/x86_64-linux-gnu/libIex-2_2.so.12.0.0
7f9c595a1000-7f9c595a4000 r--p 0001a000 08:01 41165428                   /usr/lib/x86_64-linux-gnu/libIex-2_2.so.12.0.0
7f9c595a4000-7f9c595a5000 rw-p 0001d000 08:01 41165428                   /usr/lib/x86_64-linux-gnu/libIex-2_2.so.12.0.0
7f9c595a5000-7f9c595b0000 r-xp 00000000 08:01 41165799                   /usr/lib/x86_64-linux-gnu/libjbig.so.0
7f9c595b0000-7f9c597af000 ---p 0000b000 08:01 41165799                   /usr/lib/x86_64-linux-gnu/libjbig.so.0
7f9c597af000-7f9c597b0000 r--p 0000a000 08:01 41165799                   /usr/lib/x86_64-linux-gnu/libjbig.so.0
7f9c597b0000-7f9c597b3000 rw-p 0000b000 08:01 41165799                   /usr/lib/x86_64-linux-gnu/libjbig.so.0
7f9c597b3000-7f9c597d4000 r-xp 00000000 08:01 25952329                   /lib/x86_64-linux-gnu/liblzma.so.5.0.0
7f9c597d4000-7f9c599d3000 ---p 00021000 08:01 25952329                   /lib/x86_64-linux-gnu/liblzma.so.5.0.0
7f9c599d3000-7f9c599d4000 r--p 00020000 08:01 25952329                   /lib/x86_64-linux-gnu/liblzma.so.5.0.0
7f9c599d4000-7f9c599d5000 rw-p 00021000 08:01 25952329                   /lib/x86_64-linux-gnu/liblzma.so.5.0.0
7f9c599d5000-7f9c599e3000 r-xp 00000000 08:01 41164565                   /usr/lib/x86_64-linux-gnu/libdrm.so.2.4.0
7f9c599e3000-7f9c59be2000 ---p 0000e000 08:01 41164565                   /usr/lib/x86_64-linux-gnu/libdrm.so.2.4.0
7f9c59be2000-7f9c59be3000 r--p 0000d000 08:01 41164565                   /usr/lib/x86_64-linux-gnu/libdrm.so.2.4.0
7f9c59be3000-7f9c59be4000 rw-p 0000e000 08:01 41164565                   /usr/lib/x86_64-linux-gnu/libdrm.so.2.4.0
7f9c59be4000-7f9c59be9000 r-xp 00000000 08:01 41165478                   /usr/lib/x86_64-linux-gnu/libXxf86vm.so.1.0.0
7f9c59be9000-7f9c59de8000 ---p 00005000 08:01 41165478                   /usr/lib/x86_64-linux-gnu/libXxf86vm.so.1.0.0
7f9c59de8000-7f9c59de9000 r--p 00004000 08:01 41165478                   /usr/lib/x86_64-linux-gnu/libXxf86vm.so.1.0.0
7f9c59de9000-7f9c59dea000 rw-p 00005000 08:01 41165478                   /usr/lib/x86_64-linux-gnu/libXxf86vm.so.1.0.0
7f9c59dea000-7f9c59e0b000 r-xp 00000000 08:01 41163609                   /usr/lib/x86_64-linux-gnu/libxcb.so.1.1.0
7f9c59e0b000-7f9c5a00a000 ---p 00021000 08:01 41163609                   /usr/lib/x86_64-linux-gnu/libxcb.so.1.1.0
7f9c5a00a000-7f9c5a00b000 r--p 00020000 08:01 41163609                   /usr/lib/x86_64-linux-gnu/libxcb.so.1.1.0
7f9c5a00b000-7f9c5a00c000 rw-p 00021000 08:01 41163609                   /usr/lib/x86_64-linux-gnu/libxcb.so.1.1.0
7f9c5a00c000-7f9c5a010000 r-xp 00000000 08:01 41167507                   /usr/lib/x86_64-linux-gnu/libxcb-dri2.so.0.0.0
7f9c5a010000-7f9c5a20f000 ---p 00004000 08:01 41167507                   /usr/lib/x86_64-linux-gnu/libxcb-dri2.so.0.0.0
7f9c5a20f000-7f9c5a210000 r--p 00003000 08:01 41167507                   /usr/lib/x86_64-linux-gnu/libxcb-dri2.so.0.0.0
7f9c5a210000-7f9c5a211000 rw-p 00004000 08:01 41167507                   /usr/lib/x86_64-linux-gnu/libxcb-dri2.so.0.0.0
7f9c5a211000-7f9c5a228000 r-xp 00000000 08:01 41167511                   /usr/lib/x86_64-linux-gnu/libxcb-glx.so.0.0.0
7f9c5a228000-7f9c5a427000 ---p 00017000 08:01 41167511                   /usr/lib/x86_64-linux-gnu/libxcb-glx.so.0.0.0
7f9c5a427000-7f9c5a429000 r--p 00016000 08:01 41167511                   /usr/lib/x86_64-linux-gnu/libxcb-glx.so.0.0.0
7f9c5a429000-7f9c5a42a000 rw-p 00018000 08:01 41167511                   /usr/lib/x86_64-linux-gnu/libxcb-glx.so.0.0.0
7f9c5a42a000-7f9c5a55f000 r-xp 00000000 08:01 41163619                   /usr/lib/x86_64-linux-gnu/libX11.so.6.3.0
7f9c5a55f000-7f9c5a75f000 ---p 00135000 08:01 41163619                   /usr/lib/x86_64-linux-gnu/libX11.so.6.3.0
7f9c5a75f000-7f9c5a760000 r--p 00135000 08:01 41163619                   /usr/lib/x86_64-linux-gnu/libX11.so.6.3.0
7f9c5a760000-7f9c5a764000 rw-p 00136000 08:01 41163619                   /usr/lib/x86_64-linux-gnu/libX11.so.6.3.0
7f9c5a764000-7f9c5a765000 r-xp 00000000 08:01 41167505                   /usr/lib/x86_64-linux-gnu/libX11-xcb.so.1.0.0
7f9c5a765000-7f9c5a964000 ---p 00001000 08:01 41167505                   /usr/lib/x86_64-linux-gnu/libX11-xcb.so.1.0.0
7f9c5a964000-7f9c5a965000 r--p 00000000 08:01 41167505                   /usr/lib/x86_64-linux-gnu/libX11-xcb.so.1.0.0
7f9c5a965000-7f9c5a966000 rw-p 00001000 08:01 41167505                   /usr/lib/x86_64-linux-gnu/libX11-xcb.so.1.0.0
7f9c5a966000-7f9c5a96b000 r-xp 00000000 08:01 41165464                   /usr/lib/x86_64-linux-gnu/libXfixes.so.3.1.0
7f9c5a96b000-7f9c5ab6a000 ---p 00005000 08:01 41165464                   /usr/lib/x86_64-linux-gnu/libXfixes.so.3.1.0
7f9c5ab6a000-7f9c5ab6b000 r--p 00004000 08:01 41165464                   /usr/lib/x86_64-linux-gnu/libXfixes.so.3.1.0
7f9c5ab6b000-7f9c5ab6c000 rw-p 00005000 08:01 41165464                   /usr/lib/x86_64-linux-gnu/libXfixes.so.3.1.0
7f9c5ab6c000-7f9c5ab6e000 r-xp 00000000 08:01 41165470                   /usr/lib/x86_64-linux-gnu/libXdamage.so.1.1.0
7f9c5ab6e000-7f9c5ad6d000 ---p 00002000 08:01 41165470                   /usr/lib/x86_64-linux-gnu/libXdamage.so.1.1.0
7f9c5ad6d000-7f9c5ad6e000 r--p 00001000 08:01 41165470                   /usr/lib/x86_64-linux-gnu/libXdamage.so.1.1.0
7f9c5ad6e000-7f9c5ad6f000 rw-p 00002000 08:01 41165470                   /usr/lib/x86_64-linux-gnu/libXdamage.so.1.1.0
7f9c5ad6f000-7f9c5ad80000 r-xp 00000000 08:01 41163623                   /usr/lib/x86_64-linux-gnu/libXext.so.6.4.0
7f9c5ad80000-7f9c5af7f000 ---p 00011000 08:01 41163623                   /usr/lib/x86_64-linux-gnu/libXext.so.6.4.0
7f9c5af7f000-7f9c5af80000 r--p 00010000 08:01 41163623                   /usr/lib/x86_64-linux-gnu/libXext.so.6.4.0
7f9c5af80000-7f9c5af81000 rw-p 00011000 08:01 41163623                   /usr/lib/x86_64-linux-gnu/libXext.so.6.4.0
7f9c5af81000-7f9c5afaa000 r-xp 00000000 08:01 41167502                   /usr/lib/x86_64-linux-gnu/libglapi.so.0.0.0
7f9c5afaa000-7f9c5b1a9000 ---p 00029000 08:01 41167502                   /usr/lib/x86_64-linux-gnu/libglapi.so.0.0.0
7f9c5b1a9000-7f9c5b1ad000 r--p 00028000 08:01 41167502                   /usr/lib/x86_64-linux-gnu/libglapi.so.0.0.0
7f9c5b1ad000-7f9c5b1ae000 rw-p 0002c000 08:01 41167502                   /usr/lib/x86_64-linux-gnu/libglapi.so.0.0.0
7f9c5b1ae000-7f9c5b1af000 rw-p 00000000 00:00 0 
7f9c5b1af000-7f9c5b1b0000 r-xp 00000000 08:01 41165476                   /usr/lib/x86_64-linux-gnu/libxshmfence.so.1.0.0
7f9c5b1b0000-7f9c5b3b0000 ---p 00001000 08:01 41165476                   /usr/lib/x86_64-linux-gnu/libxshmfence.so.1.0.0
7f9c5b3b0000-7f9c5b3b1000 r--p 00001000 08:01 41165476                   /usr/lib/x86_64-linux-gnu/libxshmfence.so.1.0.0
7f9c5b3b1000-7f9c5b3b2000 rw-p 00002000 08:01 41165476                   /usr/lib/x86_64-linux-gnu/libxshmfence.so.1.0.0
7f9c5b3b2000-7f9c5b3b7000 r-xp 00000000 08:01 41167515                   /usr/lib/x86_64-linux-gnu/libxcb-sync.so.1.0.0
7f9c5b3b7000-7f9c5b5b7000 ---p 00005000 08:01 41167515                   /usr/lib/x86_64-linux-gnu/libxcb-sync.so.1.0.0
7f9c5b5b7000-7f9c5b5b8000 r--p 00005000 08:01 41167515                   /usr/lib/x86_64-linux-gnu/libxcb-sync.so.1.0.0
7f9c5b5b8000-7f9c5b5b9000 rw-p 00006000 08:01 41167515                   /usr/lib/x86_64-linux-gnu/libxcb-sync.so.1.0.0
7f9c5b5b9000-7f9c5b5bb000 r-xp 00000000 08:01 41167513                   /usr/lib/x86_64-linux-gnu/libxcb-present.so.0.0.0
7f9c5b5bb000-7f9c5b7ba000 ---p 00002000 08:01 41167513                   /usr/lib/x86_64-linux-gnu/libxcb-present.so.0.0.0
7f9c5b7ba000-7f9c5b7bb000 r--p 00001000 08:01 41167513                   /usr/lib/x86_64-linux-gnu/libxcb-present.so.0.0.0
7f9c5b7bb000-7f9c5b7bc000 rw-p 00002000 08:01 41167513                   /usr/lib/x86_64-linux-gnu/libxcb-present.so.0.0.0
7f9c5b7bc000-7f9c5b7be000 r-xp 00000000 08:01 41167509                   /usr/lib/x86_64-linux-gnu/libxcb-dri3.so.0.0.0
7f9c5b7be000-7f9c5b9bd000 ---p 00002000 08:01 41167509                   /usr/lib/x86_64-linux-gnu/libxcb-dri3.so.0.0.0
7f9c5b9bd000-7f9c5b9be000 r--p 00001000 08:01 41167509                   /usr/lib/x86_64-linux-gnu/libxcb-dri3.so.0.0.0
7f9c5b9be000-7f9c5b9bf000 rw-p 00002000 08:01 41167509                   /usr/lib/x86_64-linux-gnu/libxcb-dri3.so.0.0.0
7f9c5b9bf000-7f9c5b9e5000 r-xp 00000000 08:01 25952398                   /lib/x86_64-linux-gnu/libexpat.so.1.6.0
7f9c5b9e5000-7f9c5bbe5000 ---p 00026000 08:01 25952398                   /lib/x86_64-linux-gnu/libexpat.so.1.6.0
7f9c5bbe5000-7f9c5bbe7000 r--p 00026000 08:01 25952398                   /lib/x86_64-linux-gnu/libexpat.so.1.6.0
7f9c5bbe7000-7f9c5bbe8000 rw-p 00028000 08:01 25952398                   /lib/x86_64-linux-gnu/libexpat.so.1.6.0
7f9c5bbe8000-7f9c5bbeb000 r-xp 00000000 08:01 25952301                   /lib/x86_64-linux-gnu/libdl-2.23.so
7f9c5bbeb000-7f9c5bdea000 ---p 00003000 08:01 25952301                   /lib/x86_64-linux-gnu/libdl-2.23.so
7f9c5bdea000-7f9c5bdeb000 r--p 00002000 08:01 25952301                   /lib/x86_64-linux-gnu/libdl-2.23.so
7f9c5bdeb000-7f9c5bdec000 rw-p 00003000 08:01 25952301                   /lib/x86_64-linux-gnu/libdl-2.23.so
7f9c5bdec000-7f9c5bdf3000 r-xp 00000000 08:01 25952295                   /lib/x86_64-linux-gnu/librt-2.23.so
7f9c5bdf3000-7f9c5bff2000 ---p 00007000 08:01 25952295                   /lib/x86_64-linux-gnu/librt-2.23.so
7f9c5bff2000-7f9c5bff3000 r--p 00006000 08:01 25952295                   /lib/x86_64-linux-gnu/librt-2.23.so
7f9c5bff3000-7f9c5bff4000 rw-p 00007000 08:01 25952295                   /lib/x86_64-linux-gnu/librt-2.23.so
7f9c5bff4000-7f9c5c00d000 r-xp 00000000 08:01 25952483                   /lib/x86_64-linux-gnu/libz.so.1.2.8
7f9c5c00d000-7f9c5c20c000 ---p 00019000 08:01 25952483                   /lib/x86_64-linux-gnu/libz.so.1.2.8
7f9c5c20c000-7f9c5c20d000 r--p 00018000 08:01 25952483                   /lib/x86_64-linux-gnu/libz.so.1.2.8
7f9c5c20d000-7f9c5c20e000 rw-p 00019000 08:01 25952483                   /lib/x86_64-linux-gnu/libz.so.1.2.8
7f9c5c20e000-7f9c5c245000 r-xp 00000000 08:01 41167534                   /usr/lib/x86_64-linux-gnu/libtbb.so.2
7f9c5c245000-7f9c5c445000 ---p 00037000 08:01 41167534                   /usr/lib/x86_64-linux-gnu/libtbb.so.2
7f9c5c445000-7f9c5c446000 r--p 00037000 08:01 41167534                   /usr/lib/x86_64-linux-gnu/libtbb.so.2
7f9c5c446000-7f9c5c448000 rw-p 00038000 08:01 41167534                   /usr/lib/x86_64-linux-gnu/libtbb.so.2
7f9c5c448000-7f9c5c44b000 rw-p 00000000 00:00 0 
7f9c5c44b000-7f9c5c4d0000 r-xp 00000000 08:01 41167574                   /usr/lib/x86_64-linux-gnu/libswscale-ffmpeg.so.3.1.101
7f9c5c4d0000-7f9c5c6cf000 ---p 00085000 08:01 41167574                   /usr/lib/x86_64-linux-gnu/libswscale-ffmpeg.so.3.1.101
7f9c5c6cf000-7f9c5c6d1000 r--p 00084000 08:01 41167574                   /usr/lib/x86_64-linux-gnu/libswscale-ffmpeg.so.3.1.101
7f9c5c6d1000-7f9c5c6d2000 rw-p 00086000 08:01 41167574                   /usr/lib/x86_64-linux-gnu/libswscale-ffmpeg.so.3.1.101
7f9c5c6d2000-7f9c5c6da000 rw-p 00000000 00:00 0 
7f9c5c6da000-7f9c5c72f000 r-xp 00000000 08:01 41167070                   /usr/lib/x86_64-linux-gnu/libavutil-ffmpeg.so.54.31.100
7f9c5c72f000-7f9c5c92f000 ---p 00055000 08:01 41167070                   /usr/lib/x86_64-linux-gnu/libavutil-ffmpeg.so.54.31.100
7f9c5c92f000-7f9c5c935000 r--p 00055000 08:01 41167070                   /usr/lib/x86_64-linux-gnu/libavutil-ffmpeg.so.54.31.100
7f9c5c935000-7f9c5c936000 rw-p 0005b000 08:01 41167070                   /usr/lib/x86_64-linux-gnu/libavutil-ffmpeg.so.54.31.100
7f9c5c936000-7f9c5c949000 rw-p 00000000 00:00 0 
7f9c5c949000-7f9c5cb1d000 r-xp 00000000 08:01 41167154                   /usr/lib/x86_64-linux-gnu/libavformat-ffmpeg.so.56.40.101
7f9c5cb1d000-7f9c5cd1d000 ---p 001d4000 08:01 41167154                   /usr/lib/x86_64-linux-gnu/libavformat-ffmpeg.so.56.40.101
7f9c5cd1d000-7f9c5cd31000 r--p 001d4000 08:01 41167154                   /usr/lib/x86_64-linux-gnu/libavformat-ffmpeg.so.56.40.101
7f9c5cd31000-7f9c5cd46000 rw-p 001e8000 08:01 41167154                   /usr/lib/x86_64-linux-gnu/libavformat-ffmpeg.so.56.40.101
7f9c5cd46000-7f9c5d870000 r-xp 00000000 08:01 41167128                   /usr/lib/x86_64-linux-gnu/libavcodec-ffmpeg.so.56.60.100
7f9c5d870000-7f9c5da6f000 ---p 00b2a000 08:01 41167128                   /usr/lib/x86_64-linux-gnu/libavcodec-ffmpeg.so.56.60.100
7f9c5da6f000-7f9c5da9a000 r--p 00b29000 08:01 41167128                   /usr/lib/x86_64-linux-gnu/libavcodec-ffmpeg.so.56.60.100
7f9c5da9a000-7f9c5dabd000 rw-p 00b54000 08:01 41167128                   /usr/lib/x86_64-linux-gnu/libavcodec-ffmpeg.so.56.60.100
7f9c5dabd000-7f9c5e170000 rw-p 00000000 00:00 0 
7f9c5e170000-7f9c5e175000 r-xp 00000000 08:01 41167581                   /usr/lib/x86_64-linux-gnu/libv4l1.so.0.0.0
7f9c5e175000-7f9c5e374000 ---p 00005000 08:01 41167581                   /usr/lib/x86_64-linux-gnu/libv4l1.so.0.0.0
7f9c5e374000-7f9c5e375000 r--p 00004000 08:01 41167581                   /usr/lib/x86_64-linux-gnu/libv4l1.so.0.0.0
7f9c5e375000-7f9c5e376000 rw-p 00005000 08:01 41167581                   /usr/lib/x86_64-linux-gnu/libv4l1.so.0.0.0
7f9c5e376000-7f9c5e3ab000 r-xp 00000000 08:01 41167558                   /usr/lib/x86_64-linux-gnu/libdc1394.so.22.1.11
7f9c5e3ab000-7f9c5e5aa000 ---p 00035000 08:01 41167558                   /usr/lib/x86_64-linux-gnu/libdc1394.so.22.1.11
7f9c5e5aa000-7f9c5e5ab000 r--p 00034000 08:01 41167558                   /usr/lib/x86_64-linux-gnu/libdc1394.so.22.1.11
7f9c5e5ab000-7f9c5e5ac000 rw-p 00035000 08:01 41167558                   /usr/lib/x86_64-linux-gnu/libdc1394.so.22.1.11
7f9c5e5ac000-7f9c5e5ec000 rw-p 00000000 00:00 0 
7f9c5e5ec000-7f9c5e649000 r-xp 00000000 08:01 41167568                   /usr/lib/x86_64-linux-gnu/libgdkglext-x11-1.0.so.0.0.0
7f9c5e649000-7f9c5e848000 ---p 0005d000 08:01 41167568                   /usr/lib/x86_64-linux-gnu/libgdkglext-x11-1.0.so.0.0.0
7f9c5e848000-7f9c5e84a000 r--p 0005c000 08:01 41167568                   /usr/lib/x86_64-linux-gnu/libgdkglext-x11-1.0.so.0.0.0
7f9c5e84a000-7f9c5e850000 rw-p 0005e000 08:01 41167568                   /usr/lib/x86_64-linux-gnu/libgdkglext-x11-1.0.so.0.0.0
7f9c5e850000-7f9c5e853000 r-xp 00000000 08:01 41167569                   /usr/lib/x86_64-linux-gnu/libgtkglext-x11-1.0.so.0.0.0
7f9c5e853000-7f9c5ea52000 ---p 00003000 08:01 41167569                   /usr/lib/x86_64-linux-gnu/libgtkglext-x11-1.0.so.0.0.0
7f9c5ea52000-7f9c5ea53000 r--p 00002000 08:01 41167569                   /usr/lib/x86_64-linux-gnu/libgtkglext-x11-1.0.so.0.0.0
7f9c5ea53000-7f9c5ea54000 rw-p 00003000 08:01 41167569                   /usr/lib/x86_64-linux-gnu/libgtkglext-x11-1.0.so.0.0.0
7f9c5ea54000-7f9c5eb62000 r-xp 00000000 08:01 25956311                   /lib/x86_64-linux-gnu/libglib-2.0.so.0.4800.0
7f9c5eb62000-7f9c5ed62000 ---p 0010e000 08:01 25956311                   /lib/x86_64-linux-gnu/libglib-2.0.so.0.4800.0
7f9c5ed62000-7f9c5ed63000 r--p 0010e000 08:01 25956311                   /lib/x86_64-linux-gnu/libglib-2.0.so.0.4800.0
7f9c5ed63000-7f9c5ed64000 rw-p 0010f000 08:01 25956311                   /lib/x86_64-linux-gnu/libglib-2.0.so.0.4800.0
7f9c5ed64000-7f9c5ed65000 rw-p 00000000 00:00 0 
7f9c5ed65000-7f9c5edb7000 r-xp 00000000 08:01 41161843                   /usr/lib/x86_64-linux-gnu/libgobject-2.0.so.0.4800.0
7f9c5edb7000-7f9c5efb6000 ---p 00052000 08:01 41161843                   /usr/lib/x86_64-linux-gnu/libgobject-2.0.so.0.4800.0
7f9c5efb6000-7f9c5efb7000 r--p 00051000 08:01 41161843                   /usr/lib/x86_64-linux-gnu/libgobject-2.0.so.0.4800.0
7f9c5efb7000-7f9c5efb8000 rw-p 00052000 08:01 41161843                   /usr/lib/x86_64-linux-gnu/libgobject-2.0.so.0.4800.0
7f9c5efb8000-7f9c5f068000 r-xp 00000000 08:01 41166883                   /usr/lib/x86_64-linux-gnu/libgdk-x11-2.0.so.0.2400.30
7f9c5f068000-7f9c5f267000 ---p 000b0000 08:01 41166883                   /usr/lib/x86_64-linux-gnu/libgdk-x11-2.0.so.0.2400.30
7f9c5f267000-7f9c5f26b000 r--p 000af000 08:01 41166883                   /usr/lib/x86_64-linux-gnu/libgdk-x11-2.0.so.0.2400.30
7f9c5f26b000-7f9c5f26d000 rw-p 000b3000 08:01 41166883                   /usr/lib/x86_64-linux-gnu/libgdk-x11-2.0.so.0.2400.30
7f9c5f26d000-7f9c5f6ab000 r-xp 00000000 08:01 41166884                   /usr/lib/x86_64-linux-gnu/libgtk-x11-2.0.so.0.2400.30
7f9c5f6ab000-7f9c5f8aa000 ---p 0043e000 08:01 41166884                   /usr/lib/x86_64-linux-gnu/libgtk-x11-2.0.so.0.2400.30
7f9c5f8aa000-7f9c5f8b1000 r--p 0043d000 08:01 41166884                   /usr/lib/x86_64-linux-gnu/libgtk-x11-2.0.so.0.2400.30
7f9c5f8b1000-7f9c5f8b5000 rw-p 00444000 08:01 41166884                   /usr/lib/x86_64-linux-gnu/libgtk-x11-2.0.so.0.2400.30
7f9c5f8b5000-7f9c5f8b8000 rw-p 00000000 00:00 0 
7f9c5f8b8000-7f9c5f8fa000 r-xp 00000000 08:01 41165427                   /usr/lib/x86_64-linux-gnu/libHalf.so.12.0.0
7f9c5f8fa000-7f9c5faf9000 ---p 00042000 08:01 41165427                   /usr/lib/x86_64-linux-gnu/libHalf.so.12.0.0
7f9c5faf9000-7f9c5fafa000 r--p 00041000 08:01 41165427                   /usr/lib/x86_64-linux-gnu/libHalf.so.12.0.0
7f9c5fafa000-7f9c5fafb000 rw-p 00042000 08:01 41165427                   /usr/lib/x86_64-linux-gnu/libHalf.so.12.0.0
7f9c5fafb000-7f9c5fcc5000 r-xp 00000000 08:01 41165441                   /usr/lib/x86_64-linux-gnu/libIlmImf-2_2.so.22.0.0
7f9c5fcc5000-7f9c5fec4000 ---p 001ca000 08:01 41165441                   /usr/lib/x86_64-linux-gnu/libIlmImf-2_2.so.22.0.0
7f9c5fec4000-7f9c5fec7000 r--p 001c9000 08:01 41165441                   /usr/lib/x86_64-linux-gnu/libIlmImf-2_2.so.22.0.0
7f9c5fec7000-7f9c5ffc8000 rw-p 001cc000 08:01 41165441                   /usr/lib/x86_64-linux-gnu/libIlmImf-2_2.so.22.0.0
7f9c5ffc8000-7f9c5ffc9000 rw-p 00000000 00:00 0 
7f9c5ffc9000-7f9c60015000 r-xp 00000000 08:01 41167572                   /usr/lib/x86_64-linux-gnu/libjasper.so.1.0.0
7f9c60015000-7f9c60214000 ---p 0004c000 08:01 41167572                   /usr/lib/x86_64-linux-gnu/libjasper.so.1.0.0
7f9c60214000-7f9c60215000 r--p 0004b000 08:01 41167572                   /usr/lib/x86_64-linux-gnu/libjasper.so.1.0.0
7f9c60215000-7f9c60219000 rw-p 0004c000 08:01 41167572                   /usr/lib/x86_64-linux-gnu/libjasper.so.1.0.0
7f9c60219000-7f9c60220000 rw-p 00000000 00:00 0 
7f9c60220000-7f9c6028f000 r-xp 00000000 08:01 41166847                   /usr/lib/x86_64-linux-gnu/libtiff.so.5.2.4
7f9c6028f000-7f9c6048f000 ---p 0006f000 08:01 41166847                   /usr/lib/x86_64-linux-gnu/libtiff.so.5.2.4
7f9c6048f000-7f9c60490000 r--p 0006f000 08:01 41166847                   /usr/lib/x86_64-linux-gnu/libtiff.so.5.2.4
7f9c60490000-7f9c60493000 rw-p 00070000 08:01 41166847                   /usr/lib/x86_64-linux-gnu/libtiff.so.5.2.4
7f9c60493000-7f9c604b7000 r-xp 00000000 08:01 25952527                   /lib/x86_64-linux-gnu/libpng12.so.0.54.0
7f9c604b7000-7f9c606b6000 ---p 00024000 08:01 25952527                   /lib/x86_64-linux-gnu/libpng12.so.0.54.0
7f9c606b6000-7f9c606b7000 r--p 00023000 08:01 25952527                   /lib/x86_64-linux-gnu/libpng12.so.0.54.0
7f9c606b7000-7f9c606b8000 rw-p 00024000 08:01 25952527                   /lib/x86_64-linux-gnu/libpng12.so.0.54.0
7f9c606b8000-7f9c6070f000 r-xp 00000000 08:01 41165421                   /usr/lib/x86_64-linux-gnu/libjpeg.so.8.0.2
7f9c6070f000-7f9c6090f000 ---p 00057000 08:01 41165421                   /usr/lib/x86_64-linux-gnu/libjpeg.so.8.0.2
7f9c6090f000-7f9c60910000 r--p 00057000 08:01 41165421                   /usr/lib/x86_64-linux-gnu/libjpeg.so.8.0.2
7f9c60910000-7f9c60911000 rw-p 00058000 08:01 41165421                   /usr/lib/x86_64-linux-gnu/libjpeg.so.8.0.2
7f9c60911000-7f9c6097e000 r-xp 00000000 08:01 43253838                   /usr/lib/x86_64-linux-gnu/mesa/libGL.so.1.2.0
7f9c6097e000-7f9c60b7d000 ---p 0006d000 08:01 43253838                   /usr/lib/x86_64-linux-gnu/mesa/libGL.so.1.2.0
7f9c60b7d000-7f9c60b80000 r--p 0006c000 08:01 43253838                   /usr/lib/x86_64-linux-gnu/mesa/libGL.so.1.2.0
7f9c60b80000-7f9c60b81000 rw-p 0006f000 08:01 43253838                   /usr/lib/x86_64-linux-gnu/mesa/libGL.so.1.2.0
7f9c60b81000-7f9c60b82000 rw-p 00000000 00:00 0 
7f9c60b82000-7f9c60ba3000 r-xp 00000000 08:01 41166078                   /usr/lib/x86_64-linux-gnu/libgomp.so.1.0.0
7f9c60ba3000-7f9c60da2000 ---p 00021000 08:01 41166078                   /usr/lib/x86_64-linux-gnu/libgomp.so.1.0.0
7f9c60da2000-7f9c60da3000 r--p 00020000 08:01 41166078                   /usr/lib/x86_64-linux-gnu/libgomp.so.1.0.0
7f9c60da3000-7f9c60da4000 rw-p 00021000 08:01 41166078                   /usr/lib/x86_64-linux-gnu/libgomp.so.1.0.0
7f9c60da4000-7f9c60eac000 r-xp 00000000 08:01 25952292                   /lib/x86_64-linux-gnu/libm-2.23.so
7f9c60eac000-7f9c610ab000 ---p 00108000 08:01 25952292                   /lib/x86_64-linux-gnu/libm-2.23.so
7f9c610ab000-7f9c610ac000 r--p 00107000 08:01 25952292                   /lib/x86_64-linux-gnu/libm-2.23.so
7f9c610ac000-7f9c610ad000 rw-p 00108000 08:01 25952292                   /lib/x86_64-linux-gnu/libm-2.23.so
7f9c610ad000-7f9c612ca000 r-xp 00000000 08:01 41167535                   /usr/lib/x86_64-linux-gnu/libopencv_core.so.2.4.9
7f9c612ca000-7f9c614ca000 ---p 0021d000 08:01 41167535                   /usr/lib/x86_64-linux-gnu/libopencv_core.so.2.4.9
7f9c614ca000-7f9c614ce000 r--p 0021d000 08:01 41167535                   /usr/lib/x86_64-linux-gnu/libopencv_core.so.2.4.9
7f9c614ce000-7f9c614d5000 rw-p 00221000 08:01 41167535                   /usr/lib/x86_64-linux-gnu/libopencv_core.so.2.4.9
7f9c614d5000-7f9c614d7000 rw-p 00000000 00:00 0 
7f9c614d7000-7f9c616c7000 r-xp 00000000 08:01 41167540                   /usr/lib/x86_64-linux-gnu/libopencv_imgproc.so.2.4.9
7f9c616c7000-7f9c618c6000 ---p 001f0000 08:01 41167540                   /usr/lib/x86_64-linux-gnu/libopencv_imgproc.so.2.4.9
7f9c618c6000-7f9c618cc000 r--p 001ef000 08:01 41167540                   /usr/lib/x86_64-linux-gnu/libopencv_imgproc.so.2.4.9
7f9c618cc000-7f9c618cd000 rw-p 001f5000 08:01 41167540                   /usr/lib/x86_64-linux-gnu/libopencv_imgproc.so.2.4.9
7f9c618cd000-7f9c61962000 rw-p 00000000 00:00 0 
7f9c61962000-7f9c619a8000 r-xp 00000000 08:01 41167584                   /usr/lib/x86_64-linux-gnu/libopencv_highgui.so.2.4.9
7f9c619a8000-7f9c61ba7000 ---p 00046000 08:01 41167584                   /usr/lib/x86_64-linux-gnu/libopencv_highgui.so.2.4.9
7f9c61ba7000-7f9c61baa000 r--p 00045000 08:01 41167584                   /usr/lib/x86_64-linux-gnu/libopencv_highgui.so.2.4.9
7f9c61baa000-7f9c61bab000 rw-p 00048000 08:01 41167584                   /usr/lib/x86_64-linux-gnu/libopencv_highgui.so.2.4.9
7f9c61bab000-7f9c61d6b000 r-xp 00000000 08:01 25952300                   /lib/x86_64-linux-gnu/libc-2.23.so
7f9c61d6b000-7f9c61f6a000 ---p 001c0000 08:01 25952300                   /lib/x86_64-linux-gnu/libc-2.23.so
7f9c61f6a000-7f9c61f6e000 r--p 001bf000 08:01 25952300                   /lib/x86_64-linux-gnu/libc-2.23.so
7f9c61f6e000-7f9c61f70000 rw-p 001c3000 08:01 25952300                   /lib/x86_64-linux-gnu/libc-2.23.so
7f9c61f70000-7f9c61f74000 rw-p 00000000 00:00 0 
7f9c61f74000-7f9c61f8c000 r-xp 00000000 08:01 25952299                   /lib/x86_64-linux-gnu/libpthread-2.23.so
7f9c61f8c000-7f9c6218b000 ---p 00018000 08:01 25952299                   /lib/x86_64-linux-gnu/libpthread-2.23.so
7f9c6218b000-7f9c6218c000 r--p 00017000 08:01 25952299                   /lib/x86_64-linux-gnu/libpthread-2.23.so
7f9c6218c000-7f9c6218d000 rw-p 00018000 08:01 25952299                   /lib/x86_64-linux-gnu/libpthread-2.23.so
7f9c6218d000-7f9c62191000 rw-p 00000000 00:00 0 
7f9c62191000-7f9c621a7000 r-xp 00000000 08:01 25952321                   /lib/x86_64-linux-gnu/libgcc_s.so.1
7f9c621a7000-7f9c623a6000 ---p 00016000 08:01 25952321                   /lib/x86_64-linux-gnu/libgcc_s.so.1
7f9c623a6000-7f9c623a7000 rw-p 00015000 08:01 25952321                   /lib/x86_64-linux-gnu/libgcc_s.so.1
7f9c623a7000-7f9c62519000 r-xp 00000000 08:01 41161291                   /usr/lib/x86_64-linux-gnu/libstdc++.so.6.0.21
7f9c62519000-7f9c62719000 ---p 00172000 08:01 41161291                   /usr/lib/x86_64-linux-gnu/libstdc++.so.6.0.21
7f9c62719000-7f9c62723000 r--p 00172000 08:01 41161291                   /usr/lib/x86_64-linux-gnu/libstdc++.so.6.0.21
7f9c62723000-7f9c62725000 rw-p 0017c000 08:01 41161291                   /usr/lib/x86_64-linux-gnu/libstdc++.so.6.0.21
7f9c62725000-7f9c62729000 rw-p 00000000 00:00 0 
7f9c62729000-7f9c62771000 r-xp 00000000 08:01 657865                     /home/sebastian/raytracing/build/DocOpt/libdocopt.so
7f9c62771000-7f9c62970000 ---p 00048000 08:01 657865                     /home/sebastian/raytracing/build/DocOpt/libdocopt.so
7f9c62970000-7f9c62972000 r--p 00047000 08:01 657865                     /home/sebastian/raytracing/build/DocOpt/libdocopt.so
7f9c62972000-7f9c62973000 rw-p 00049000 08:01 657865                     /home/sebastian/raytracing/build/DocOpt/libdocopt.so
7f9c62973000-7f9c62ab3000 r-xp 00000000 08:01 54001821                   /home/sebastian/raytracing/build/libmct.so
7f9c62ab3000-7f9c62cb2000 ---p 00140000 08:01 54001821                   /home/sebastian/raytracing/build/libmct.so
7f9c62cb2000-7f9c62cb5000 r--p 0013f000 08:01 54001821                   /home/sebastian/raytracing/build/libmct.so
7f9c62cb5000-7f9c62cb8000 rw-p 00142000 08:01 54001821                   /home/sebastian/raytracing/build/libmct.so
7f9c62cb8000-7f9c62cc8000 rw-p 00000000 00:00 0 
7f9c62cc8000-7f9c62cee000 r-xp 00000000 08:01 25952296                   /lib/x86_64-linux-gnu/ld-2.23.so
7f9c62e78000-7f9c62e92000 rw-p 00000000 00:00 0 
7f9c62e92000-7f9c62eb0000 r-xp 00000000 08:01 25952370                   /lib/x86_64-linux-gnu/libudev.so.1.6.4
7f9c62eb0000-7f9c62eb1000 r--p 0001d000 08:01 25952370                   /lib/x86_64-linux-gnu/libudev.so.1.6.4
7f9c62eb1000-7f9c62eb2000 rw-p 0001e000 08:01 25952370                   /lib/x86_64-linux-gnu/libudev.so.1.6.4
7f9c62eb2000-7f9c62edb000 rw-p 00000000 00:00 0 
7f9c62ee9000-7f9c62eed000 rw-p 00000000 00:00 0 
7f9c62eed000-7f9c62eee000 r--p 00025000 08:01 25952296                   /lib/x86_64-linux-gnu/ld-2.23.so
7f9c62eee000-7f9c62eef000 rw-p 00026000 08:01 25952296                   /lib/x86_64-linux-gnu/ld-2.23.so
7f9c62eef000-7f9c62ef0000 rw-p 00000000 00:00 0 
7fff4a1f9000-7fff4a23c000 rw-p 00000000 00:00 0                          [stack]
7fff4a392000-7fff4a394000 r--p 00000000 00:00 0                          [vvar]
7fff4a394000-7fff4a396000 r-xp 00000000 00:00 0                          [vdso]
ffffffffff600000-ffffffffff601000 r-xp 00000000 00:00 0                  [vsyscall]
