*** Error in `/home/sebastian/raytracing/build/mctPlenoscopePropagation': munmap_chunk(): invalid pointer: 0x0000000000e67420 ***
======= Backtrace: =========
/lib/x86_64-linux-gnu/libc.so.6(+0x77725)[0x7f1391cd9725]
/lib/x86_64-linux-gnu/libc.so.6(cfree+0x1a8)[0x7f1391ce5c18]
/home/sebastian/raytracing/build/libmct.so(_ZNSt6vectorIN12PhotonSensor11photon_infoESaIS1_EE19_M_emplace_back_auxIJRKS1_EEEvDpOT_+0xd6)[0x7f1392ae9a16]
/home/sebastian/raytracing/build/libmct.so(_ZN12PhotonSensor6Sensor28assign_photon_to_this_sensorEPK6Photon+0x1c9)[0x7f1392ae94f9]
/home/sebastian/raytracing/build/libmct.so(_ZN13PhotonSensors7Sensors13assign_photonEPK6Photon+0x5a)[0x7f1392aeab3a]
/home/sebastian/raytracing/build/libmct.so(_ZN13PhotonSensors7Sensors14assign_photonsEPKSt6vectorI6PhotonSaIS2_EE+0x27)[0x7f1392aeab87]
/home/sebastian/raytracing/build/mctPlenoscopePropagation(main+0x1939)[0x40ed99]
/lib/x86_64-linux-gnu/libc.so.6(__libc_start_main+0xf0)[0x7f1391c82830]
/home/sebastian/raytracing/build/mctPlenoscopePropagation(_start+0x29)[0x412369]
======= Memory map: ========
00400000-00432000 r-xp 00000000 00:2a 54001989                           /home/sebastian/raytracing/build/mctPlenoscopePropagation
00632000-00633000 r--p 00032000 00:2a 54001989                           /home/sebastian/raytracing/build/mctPlenoscopePropagation
00633000-00634000 rw-p 00033000 00:2a 54001989                           /home/sebastian/raytracing/build/mctPlenoscopePropagation
00634000-00635000 rw-p 00000000 00:00 0 
00a69000-01a41000 rw-p 00000000 00:00 0                                  [heap]
7f137937f000-7f1379380000 ---p 00000000 00:00 0 
7f1379380000-7f1379b80000 rw-p 00000000 00:00 0 
7f1379b80000-7f137b436000 r-xp 00000000 08:01 35132297                   /usr/lib/x86_64-linux-gnu/libicudata.so.55.1
7f137b436000-7f137b635000 ---p 018b6000 08:01 35132297                   /usr/lib/x86_64-linux-gnu/libicudata.so.55.1
7f137b635000-7f137b636000 r--p 018b5000 08:01 35132297                   /usr/lib/x86_64-linux-gnu/libicudata.so.55.1
7f137b636000-7f137b637000 rw-p 018b6000 08:01 35132297                   /usr/lib/x86_64-linux-gnu/libicudata.so.55.1
7f137b637000-7f137b63a000 r-xp 00000000 08:01 3674071                    /lib/x86_64-linux-gnu/libkeyutils.so.1.5
7f137b63a000-7f137b839000 ---p 00003000 08:01 3674071                    /lib/x86_64-linux-gnu/libkeyutils.so.1.5
7f137b839000-7f137b83a000 r--p 00002000 08:01 3674071                    /lib/x86_64-linux-gnu/libkeyutils.so.1.5
7f137b83a000-7f137b83b000 rw-p 00003000 08:01 3674071                    /lib/x86_64-linux-gnu/libkeyutils.so.1.5
7f137b83b000-7f137b83f000 r-xp 00000000 08:01 3670639                    /lib/x86_64-linux-gnu/libuuid.so.1.3.0
7f137b83f000-7f137ba3e000 ---p 00004000 08:01 3670639                    /lib/x86_64-linux-gnu/libuuid.so.1.3.0
7f137ba3e000-7f137ba3f000 r--p 00003000 08:01 3670639                    /lib/x86_64-linux-gnu/libuuid.so.1.3.0
7f137ba3f000-7f137ba40000 rw-p 00004000 08:01 3670639                    /lib/x86_64-linux-gnu/libuuid.so.1.3.0
7f137ba40000-7f137bbbf000 r-xp 00000000 08:01 35132293                   /usr/lib/x86_64-linux-gnu/libicuuc.so.55.1
7f137bbbf000-7f137bdbf000 ---p 0017f000 08:01 35132293                   /usr/lib/x86_64-linux-gnu/libicuuc.so.55.1
7f137bdbf000-7f137bdcf000 r--p 0017f000 08:01 35132293                   /usr/lib/x86_64-linux-gnu/libicuuc.so.55.1
7f137bdcf000-7f137bdd0000 rw-p 0018f000 08:01 35132293                   /usr/lib/x86_64-linux-gnu/libicuuc.so.55.1
7f137bdd0000-7f137bdd4000 rw-p 00000000 00:00 0 
7f137bdd4000-7f137bdde000 r-xp 00000000 08:01 35132958                   /usr/lib/x86_64-linux-gnu/libkrb5support.so.0.1
7f137bdde000-7f137bfdd000 ---p 0000a000 08:01 35132958                   /usr/lib/x86_64-linux-gnu/libkrb5support.so.0.1
7f137bfdd000-7f137bfde000 r--p 00009000 08:01 35132958                   /usr/lib/x86_64-linux-gnu/libkrb5support.so.0.1
7f137bfde000-7f137bfdf000 rw-p 0000a000 08:01 35132958                   /usr/lib/x86_64-linux-gnu/libkrb5support.so.0.1
7f137bfdf000-7f137bfe2000 r-xp 00000000 08:01 3670527                    /lib/x86_64-linux-gnu/libcom_err.so.2.1
7f137bfe2000-7f137c1e1000 ---p 00003000 08:01 3670527                    /lib/x86_64-linux-gnu/libcom_err.so.2.1
7f137c1e1000-7f137c1e2000 r--p 00002000 08:01 3670527                    /lib/x86_64-linux-gnu/libcom_err.so.2.1
7f137c1e2000-7f137c1e3000 rw-p 00003000 08:01 3670527                    /lib/x86_64-linux-gnu/libcom_err.so.2.1
7f137c1e3000-7f137c20f000 r-xp 00000000 08:01 35132960                   /usr/lib/x86_64-linux-gnu/libk5crypto.so.3.1
7f137c20f000-7f137c40e000 ---p 0002c000 08:01 35132960                   /usr/lib/x86_64-linux-gnu/libk5crypto.so.3.1
7f137c40e000-7f137c410000 r--p 0002b000 08:01 35132960                   /usr/lib/x86_64-linux-gnu/libk5crypto.so.3.1
7f137c410000-7f137c411000 rw-p 0002d000 08:01 35132960                   /usr/lib/x86_64-linux-gnu/libk5crypto.so.3.1
7f137c411000-7f137c412000 rw-p 00000000 00:00 0 
7f137c412000-7f137c4d5000 r-xp 00000000 08:01 35132962                   /usr/lib/x86_64-linux-gnu/libkrb5.so.3.3
7f137c4d5000-7f137c6d5000 ---p 000c3000 08:01 35132962                   /usr/lib/x86_64-linux-gnu/libkrb5.so.3.3
7f137c6d5000-7f137c6e2000 r--p 000c3000 08:01 35132962                   /usr/lib/x86_64-linux-gnu/libkrb5.so.3.3
7f137c6e2000-7f137c6e4000 rw-p 000d0000 08:01 35132962                   /usr/lib/x86_64-linux-gnu/libkrb5.so.3.3
7f137c6e4000-7f137c6f6000 r-xp 00000000 08:01 3670550                    /lib/x86_64-linux-gnu/libgpg-error.so.0.17.0
7f137c6f6000-7f137c8f6000 ---p 00012000 08:01 3670550                    /lib/x86_64-linux-gnu/libgpg-error.so.0.17.0
7f137c8f6000-7f137c8f7000 r--p 00012000 08:01 3670550                    /lib/x86_64-linux-gnu/libgpg-error.so.0.17.0
7f137c8f7000-7f137c8f8000 rw-p 00013000 08:01 3670550                    /lib/x86_64-linux-gnu/libgpg-error.so.0.17.0
7f137c8f8000-7f137c90e000 r-xp 00000000 08:01 35133666                   /usr/lib/x86_64-linux-gnu/libICE.so.6.3.0
7f137c90e000-7f137cb0d000 ---p 00016000 08:01 35133666                   /usr/lib/x86_64-linux-gnu/libICE.so.6.3.0
7f137cb0d000-7f137cb0e000 r--p 00015000 08:01 35133666                   /usr/lib/x86_64-linux-gnu/libICE.so.6.3.0
7f137cb0e000-7f137cb0f000 rw-p 00016000 08:01 35133666                   /usr/lib/x86_64-linux-gnu/libICE.so.6.3.0
7f137cb0f000-7f137cb12000 rw-p 00000000 00:00 0 
7f137cb12000-7f137cb19000 r-xp 00000000 08:01 35133703                   /usr/lib/x86_64-linux-gnu/libSM.so.6.0.1
7f137cb19000-7f137cd18000 ---p 00007000 08:01 35133703                   /usr/lib/x86_64-linux-gnu/libSM.so.6.0.1
7f137cd18000-7f137cd19000 r--p 00006000 08:01 35133703                   /usr/lib/x86_64-linux-gnu/libSM.so.6.0.1
7f137cd19000-7f137cd1a000 rw-p 00007000 08:01 35133703                   /usr/lib/x86_64-linux-gnu/libSM.so.6.0.1
7f137cd1a000-7f137cd20000 r-xp 00000000 08:01 35133767                   /usr/lib/x86_64-linux-gnu/libdatrie.so.1.3.3
7f137cd20000-7f137cf20000 ---p 00006000 08:01 35133767                   /usr/lib/x86_64-linux-gnu/libdatrie.so.1.3.3
7f137cf20000-7f137cf21000 r--p 00006000 08:01 35133767                   /usr/lib/x86_64-linux-gnu/libdatrie.so.1.3.3
7f137cf21000-7f137cf22000 rw-p 00007000 08:01 35133767                   /usr/lib/x86_64-linux-gnu/libdatrie.so.1.3.3
7f137cf22000-7f137cf45000 r-xp 00000000 08:01 35134296                   /usr/lib/x86_64-linux-gnu/libgraphite2.so.3.0.1
7f137cf45000-7f137d144000 ---p 00023000 08:01 35134296                   /usr/lib/x86_64-linux-gnu/libgraphite2.so.3.0.1
7f137d144000-7f137d146000 r--p 00022000 08:01 35134296                   /usr/lib/x86_64-linux-gnu/libgraphite2.so.3.0.1
7f137d146000-7f137d147000 rw-p 00024000 08:01 35134296                   /usr/lib/x86_64-linux-gnu/libgraphite2.so.3.0.1
7f137d147000-7f137d158000 r-xp 00000000 08:01 35129680                   /usr/lib/x86_64-linux-gnu/libtasn1.so.6.5.1
7f137d158000-7f137d358000 ---p 00011000 08:01 35129680                   /usr/lib/x86_64-linux-gnu/libtasn1.so.6.5.1
7f137d358000-7f137d359000 r--p 00011000 08:01 35129680                   /usr/lib/x86_64-linux-gnu/libtasn1.so.6.5.1
7f137d359000-7f137d35a000 rw-p 00012000 08:01 35129680                   /usr/lib/x86_64-linux-gnu/libtasn1.so.6.5.1
7f137d35a000-7f137d38b000 r-xp 00000000 08:01 35129652                   /usr/lib/x86_64-linux-gnu/libidn.so.11.6.15
7f137d38b000-7f137d58b000 ---p 00031000 08:01 35129652                   /usr/lib/x86_64-linux-gnu/libidn.so.11.6.15
7f137d58b000-7f137d58c000 r--p 00031000 08:01 35129652                   /usr/lib/x86_64-linux-gnu/libidn.so.11.6.15
7f137d58c000-7f137d58d000 rw-p 00032000 08:01 35129652                   /usr/lib/x86_64-linux-gnu/libidn.so.11.6.15
7f137d58d000-7f137d5e7000 r-xp 00000000 08:01 35129666                   /usr/lib/x86_64-linux-gnu/libp11-kit.so.0.1.0
7f137d5e7000-7f137d7e6000 ---p 0005a000 08:01 35129666                   /usr/lib/x86_64-linux-gnu/libp11-kit.so.0.1.0
7f137d7e6000-7f137d7f0000 r--p 00059000 08:01 35129666                   /usr/lib/x86_64-linux-gnu/libp11-kit.so.0.1.0
7f137d7f0000-7f137d7f2000 rw-p 00063000 08:01 35129666                   /usr/lib/x86_64-linux-gnu/libp11-kit.so.0.1.0
7f137d7f2000-7f137d9a2000 r-xp 00000000 08:01 35132306                   /usr/lib/x86_64-linux-gnu/libxml2.so.2.9.3
7f137d9a2000-7f137dba1000 ---p 001b0000 08:01 35132306                   /usr/lib/x86_64-linux-gnu/libxml2.so.2.9.3
7f137dba1000-7f137dba9000 r--p 001af000 08:01 35132306                   /usr/lib/x86_64-linux-gnu/libxml2.so.2.9.3
7f137dba9000-7f137dbab000 rw-p 001b7000 08:01 35132306                   /usr/lib/x86_64-linux-gnu/libxml2.so.2.9.3
7f137dbab000-7f137dbac000 rw-p 00000000 00:00 0 
7f137dbac000-7f137dc2b000 r-xp 00000000 08:01 35129644                   /usr/lib/x86_64-linux-gnu/libgmp.so.10.3.0
7f137dc2b000-7f137de2a000 ---p 0007f000 08:01 35129644                   /usr/lib/x86_64-linux-gnu/libgmp.so.10.3.0
7f137de2a000-7f137de2b000 r--p 0007e000 08:01 35129644                   /usr/lib/x86_64-linux-gnu/libgmp.so.10.3.0
7f137de2b000-7f137de2c000 rw-p 0007f000 08:01 35129644                   /usr/lib/x86_64-linux-gnu/libgmp.so.10.3.0
7f137de2c000-7f137de60000 r-xp 00000000 08:01 35129664                   /usr/lib/x86_64-linux-gnu/libnettle.so.6.2
7f137de60000-7f137e05f000 ---p 00034000 08:01 35129664                   /usr/lib/x86_64-linux-gnu/libnettle.so.6.2
7f137e05f000-7f137e061000 r--p 00033000 08:01 35129664                   /usr/lib/x86_64-linux-gnu/libnettle.so.6.2
7f137e061000-7f137e062000 rw-p 00035000 08:01 35129664                   /usr/lib/x86_64-linux-gnu/libnettle.so.6.2
7f137e062000-7f137e094000 r-xp 00000000 08:01 35129650                   /usr/lib/x86_64-linux-gnu/libhogweed.so.4.2
7f137e094000-7f137e293000 ---p 00032000 08:01 35129650                   /usr/lib/x86_64-linux-gnu/libhogweed.so.4.2
7f137e293000-7f137e294000 r--p 00031000 08:01 35129650                   /usr/lib/x86_64-linux-gnu/libhogweed.so.4.2
7f137e294000-7f137e295000 rw-p 00032000 08:01 35129650                   /usr/lib/x86_64-linux-gnu/libhogweed.so.4.2
7f137e295000-7f137e2dc000 r-xp 00000000 08:01 35132964                   /usr/lib/x86_64-linux-gnu/libgssapi_krb5.so.2.2
7f137e2dc000-7f137e4db000 ---p 00047000 08:01 35132964                   /usr/lib/x86_64-linux-gnu/libgssapi_krb5.so.2.2
7f137e4db000-7f137e4dd000 r--p 00046000 08:01 35132964                   /usr/lib/x86_64-linux-gnu/libgssapi_krb5.so.2.2
7f137e4dd000-7f137e4df000 rw-p 00048000 08:01 35132964                   /usr/lib/x86_64-linux-gnu/libgssapi_krb5.so.2.2
7f137e4df000-7f137e5b7000 r-xp 00000000 08:01 3670548                    /lib/x86_64-linux-gnu/libgcrypt.so.20.0.5
7f137e5b7000-7f137e7b6000 ---p 000d8000 08:01 3670548                    /lib/x86_64-linux-gnu/libgcrypt.so.20.0.5
7f137e7b6000-7f137e7b7000 r--p 000d7000 08:01 3670548                    /lib/x86_64-linux-gnu/libgcrypt.so.20.0.5
7f137e7b7000-7f137e7bf000 rw-p 000d8000 08:01 3670548                    /lib/x86_64-linux-gnu/libgcrypt.so.20.0.5
7f137e7bf000-7f137e7c0000 rw-p 00000000 00:00 0 
7f137e7c0000-7f137e83b000 r-xp 00000000 08:01 35133697                   /usr/lib/x86_64-linux-gnu/liborc-0.4.so.0.25.0
7f137e83b000-7f137ea3a000 ---p 0007b000 08:01 35133697                   /usr/lib/x86_64-linux-gnu/liborc-0.4.so.0.25.0
7f137ea3a000-7f137ea3c000 r--p 0007a000 08:01 35133697                   /usr/lib/x86_64-linux-gnu/liborc-0.4.so.0.25.0
7f137ea3c000-7f137ea40000 rw-p 0007c000 08:01 35133697                   /usr/lib/x86_64-linux-gnu/liborc-0.4.so.0.25.0
7f137ea40000-7f137ea47000 r-xp 00000000 08:01 35133670                   /usr/lib/x86_64-linux-gnu/libogg.so.0.8.2
7f137ea47000-7f137ec47000 ---p 00007000 08:01 35133670                   /usr/lib/x86_64-linux-gnu/libogg.so.0.8.2
7f137ec47000-7f137ec48000 r--p 00007000 08:01 35133670                   /usr/lib/x86_64-linux-gnu/libogg.so.0.8.2
7f137ec48000-7f137ec49000 rw-p 00008000 08:01 35133670                   /usr/lib/x86_64-linux-gnu/libogg.so.0.8.2
7f137ec49000-7f137ec53000 r-xp 00000000 08:01 35133040                   /usr/lib/x86_64-linux-gnu/libnuma.so.1.0.0
7f137ec53000-7f137ee52000 ---p 0000a000 08:01 35133040                   /usr/lib/x86_64-linux-gnu/libnuma.so.1.0.0
7f137ee52000-7f137ee53000 r--p 00009000 08:01 35133040                   /usr/lib/x86_64-linux-gnu/libnuma.so.1.0.0
7f137ee53000-7f137ee54000 rw-p 0000a000 08:01 35133040                   /usr/lib/x86_64-linux-gnu/libnuma.so.1.0.0
7f137ee54000-7f137ee82000 r-xp 00000000 08:01 35134399                   /usr/lib/x86_64-linux-gnu/libsoxr.so.0.1.1
7f137ee82000-7f137f081000 ---p 0002e000 08:01 35134399                   /usr/lib/x86_64-linux-gnu/libsoxr.so.0.1.1
7f137f081000-7f137f083000 r--p 0002d000 08:01 35134399                   /usr/lib/x86_64-linux-gnu/libsoxr.so.0.1.1
7f137f083000-7f137f084000 rw-p 0002f000 08:01 35134399                   /usr/lib/x86_64-linux-gnu/libsoxr.so.0.1.1
7f137f084000-7f137f0b9000 rw-p 00000000 00:00 0 
7f137f0b9000-7f137f0de000 r-xp 00000000 08:01 35134587                   /usr/lib/x86_64-linux-gnu/libv4lconvert.so.0.0.0
7f137f0de000-7f137f2de000 ---p 00025000 08:01 35134587                   /usr/lib/x86_64-linux-gnu/libv4lconvert.so.0.0.0
7f137f2de000-7f137f2e0000 r--p 00025000 08:01 35134587                   /usr/lib/x86_64-linux-gnu/libv4lconvert.so.0.0.0
7f137f2e0000-7f137f2e1000 rw-p 00027000 08:01 35134587                   /usr/lib/x86_64-linux-gnu/libv4lconvert.so.0.0.0
7f137f2e1000-7f137f333000 rw-p 00000000 00:00 0 
7f137f333000-7f137f395000 r-xp 00000000 08:01 35134575                   /usr/lib/x86_64-linux-gnu/libXt.so.6.0.0
7f137f395000-7f137f595000 ---p 00062000 08:01 35134575                   /usr/lib/x86_64-linux-gnu/libXt.so.6.0.0
7f137f595000-7f137f596000 r--p 00062000 08:01 35134575                   /usr/lib/x86_64-linux-gnu/libXt.so.6.0.0
7f137f596000-7f137f59b000 rw-p 00063000 08:01 35134575                   /usr/lib/x86_64-linux-gnu/libXt.so.6.0.0
7f137f59b000-7f137f59c000 rw-p 00000000 00:00 0 
7f137f59c000-7f137f5a4000 r-xp 00000000 08:01 35133769                   /usr/lib/x86_64-linux-gnu/libthai.so.0.2.4
7f137f5a4000-7f137f7a3000 ---p 00008000 08:01 35133769                   /usr/lib/x86_64-linux-gnu/libthai.so.0.2.4
7f137f7a3000-7f137f7a4000 r--p 00007000 08:01 35133769                   /usr/lib/x86_64-linux-gnu/libthai.so.0.2.4
7f137f7a4000-7f137f7a5000 rw-p 00008000 08:01 35133769                   /usr/lib/x86_64-linux-gnu/libthai.so.0.2.4
7f137f7a5000-7f137f801000 r-xp 00000000 08:01 35134299                   /usr/lib/x86_64-linux-gnu/libharfbuzz.so.0.10000.1
7f137f801000-7f137fa01000 ---p 0005c000 08:01 35134299                   /usr/lib/x86_64-linux-gnu/libharfbuzz.so.0.10000.1
7f137fa01000-7f137fa02000 r--p 0005c000 08:01 35134299                   /usr/lib/x86_64-linux-gnu/libharfbuzz.so.0.10000.1
7f137fa02000-7f137fa03000 rw-p 0005d000 08:01 35134299                   /usr/lib/x86_64-linux-gnu/libharfbuzz.so.0.10000.1
7f137fa03000-7f137fa1a000 r-xp 00000000 08:01 3670611                    /lib/x86_64-linux-gnu/libresolv-2.23.so
7f137fa1a000-7f137fc1a000 ---p 00017000 08:01 3670611                    /lib/x86_64-linux-gnu/libresolv-2.23.so
7f137fc1a000-7f137fc1b000 r--p 00017000 08:01 3670611                    /lib/x86_64-linux-gnu/libresolv-2.23.so
7f137fc1b000-7f137fc1c000 rw-p 00018000 08:01 3670611                    /lib/x86_64-linux-gnu/libresolv-2.23.so
7f137fc1c000-7f137fc1e000 rw-p 00000000 00:00 0 
7f137fc1e000-7f137fc3d000 r-xp 00000000 08:01 3670617                    /lib/x86_64-linux-gnu/libselinux.so.1
7f137fc3d000-7f137fe3c000 ---p 0001f000 08:01 3670617                    /lib/x86_64-linux-gnu/libselinux.so.1
7f137fe3c000-7f137fe3d000 r--p 0001e000 08:01 3670617                    /lib/x86_64-linux-gnu/libselinux.so.1
7f137fe3d000-7f137fe3e000 rw-p 0001f000 08:01 3670617                    /lib/x86_64-linux-gnu/libselinux.so.1
7f137fe3e000-7f137fe40000 rw-p 00000000 00:00 0 
7f137fe40000-7f137fe48000 r-xp 00000000 08:01 35134290                   /usr/lib/x86_64-linux-gnu/libxcb-render.so.0.0.0
7f137fe48000-7f1380048000 ---p 00008000 08:01 35134290                   /usr/lib/x86_64-linux-gnu/libxcb-render.so.0.0.0
7f1380048000-7f1380049000 r--p 00008000 08:01 35134290                   /usr/lib/x86_64-linux-gnu/libxcb-render.so.0.0.0
7f1380049000-7f138004a000 rw-p 00009000 08:01 35134290                   /usr/lib/x86_64-linux-gnu/libxcb-render.so.0.0.0
7f138004a000-7f138004c000 r-xp 00000000 08:01 35134292                   /usr/lib/x86_64-linux-gnu/libxcb-shm.so.0.0.0
7f138004c000-7f138024c000 ---p 00002000 08:01 35134292                   /usr/lib/x86_64-linux-gnu/libxcb-shm.so.0.0.0
7f138024c000-7f138024d000 r--p 00002000 08:01 35134292                   /usr/lib/x86_64-linux-gnu/libxcb-shm.so.0.0.0
7f138024d000-7f138024e000 rw-p 00003000 08:01 35134292                   /usr/lib/x86_64-linux-gnu/libxcb-shm.so.0.0.0
7f138024e000-7f13802ed000 r-xp 00000000 08:01 35134288                   /usr/lib/x86_64-linux-gnu/libpixman-1.so.0.33.6
7f13802ed000-7f13804ed000 ---p 0009f000 08:01 35134288                   /usr/lib/x86_64-linux-gnu/libpixman-1.so.0.33.6
7f13804ed000-7f13804f5000 r--p 0009f000 08:01 35134288                   /usr/lib/x86_64-linux-gnu/libpixman-1.so.0.33.6
7f13804f5000-7f13804f6000 rw-p 000a7000 08:01 35134288                   /usr/lib/x86_64-linux-gnu/libpixman-1.so.0.33.6
7f13804f6000-7f138059a000 r-xp 00000000 08:01 35132170                   /usr/lib/x86_64-linux-gnu/libfreetype.so.6.12.1
7f138059a000-7f1380799000 ---p 000a4000 08:01 35132170                   /usr/lib/x86_64-linux-gnu/libfreetype.so.6.12.1
7f1380799000-7f138079f000 r--p 000a3000 08:01 35132170                   /usr/lib/x86_64-linux-gnu/libfreetype.so.6.12.1
7f138079f000-7f13807a0000 rw-p 000a9000 08:01 35132170                   /usr/lib/x86_64-linux-gnu/libfreetype.so.6.12.1
7f13807a0000-7f13807a5000 r-xp 00000000 08:01 35132891                   /usr/lib/x86_64-linux-gnu/libXdmcp.so.6.0.0
7f13807a5000-7f13809a4000 ---p 00005000 08:01 35132891                   /usr/lib/x86_64-linux-gnu/libXdmcp.so.6.0.0
7f13809a4000-7f13809a5000 r--p 00004000 08:01 35132891                   /usr/lib/x86_64-linux-gnu/libXdmcp.so.6.0.0
7f13809a5000-7f13809a6000 rw-p 00005000 08:01 35132891                   /usr/lib/x86_64-linux-gnu/libXdmcp.so.6.0.0
7f13809a6000-7f13809a8000 r-xp 00000000 08:01 35132889                   /usr/lib/x86_64-linux-gnu/libXau.so.6.0.0
7f13809a8000-7f1380ba8000 ---p 00002000 08:01 35132889                   /usr/lib/x86_64-linux-gnu/libXau.so.6.0.0
7f1380ba8000-7f1380ba9000 r--p 00002000 08:01 35132889                   /usr/lib/x86_64-linux-gnu/libXau.so.6.0.0
7f1380ba9000-7f1380baa000 rw-p 00003000 08:01 35132889                   /usr/lib/x86_64-linux-gnu/libXau.so.6.0.0
7f1380baa000-7f1380bb9000 r-xp 00000000 08:01 3670519                    /lib/x86_64-linux-gnu/libbz2.so.1.0.4
7f1380bb9000-7f1380db8000 ---p 0000f000 08:01 3670519                    /lib/x86_64-linux-gnu/libbz2.so.1.0.4
7f1380db8000-7f1380db9000 r--p 0000e000 08:01 3670519                    /lib/x86_64-linux-gnu/libbz2.so.1.0.4
7f1380db9000-7f1380dba000 rw-p 0000f000 08:01 3670519                    /lib/x86_64-linux-gnu/libbz2.so.1.0.4
7f1380dba000-7f1380ede000 r-xp 00000000 08:01 35129648                   /usr/lib/x86_64-linux-gnu/libgnutls.so.30.6.2
7f1380ede000-7f13810dd000 ---p 00124000 08:01 35129648                   /usr/lib/x86_64-linux-gnu/libgnutls.so.30.6.2
7f13810dd000-7f13810e8000 r--p 00123000 08:01 35129648                   /usr/lib/x86_64-linux-gnu/libgnutls.so.30.6.2
7f13810e8000-7f13810ea000 rw-p 0012e000 08:01 35129648                   /usr/lib/x86_64-linux-gnu/libgnutls.so.30.6.2
7f13810ea000-7f13810eb000 rw-p 00000000 00:00 0 
7f13810eb000-7f1381132000 r-xp 00000000 08:01 35134446                   /usr/lib/x86_64-linux-gnu/libbluray.so.1.9.2
7f1381132000-7f1381331000 ---p 00047000 08:01 35134446                   /usr/lib/x86_64-linux-gnu/libbluray.so.1.9.2
7f1381331000-7f1381333000 r--p 00046000 08:01 35134446                   /usr/lib/x86_64-linux-gnu/libbluray.so.1.9.2
7f1381333000-7f1381334000 rw-p 00048000 08:01 35134446                   /usr/lib/x86_64-linux-gnu/libbluray.so.1.9.2
7f1381334000-7f138137e000 r-xp 00000000 08:01 35134448                   /usr/lib/x86_64-linux-gnu/libgme.so.0.6.0
7f138137e000-7f138157e000 ---p 0004a000 08:01 35134448                   /usr/lib/x86_64-linux-gnu/libgme.so.0.6.0
7f138157e000-7f1381581000 r--p 0004a000 08:01 35134448                   /usr/lib/x86_64-linux-gnu/libgme.so.0.6.0
7f1381581000-7f1381582000 rw-p 0004d000 08:01 35134448                   /usr/lib/x86_64-linux-gnu/libgme.so.0.6.0
7f1381582000-7f13815cc000 r-xp 00000000 08:01 35134450                   /usr/lib/x86_64-linux-gnu/libmodplug.so.1.0.0
7f13815cc000-7f13817cc000 ---p 0004a000 08:01 35134450                   /usr/lib/x86_64-linux-gnu/libmodplug.so.1.0.0
7f13817cc000-7f13817cd000 r--p 0004a000 08:01 35134450                   /usr/lib/x86_64-linux-gnu/libmodplug.so.1.0.0
7f13817cd000-7f13817ce000 rw-p 0004b000 08:01 35134450                   /usr/lib/x86_64-linux-gnu/libmodplug.so.1.0.0
7f13817ce000-7f138190d000 rw-p 00000000 00:00 0 
7f138190d000-7f1381928000 r-xp 00000000 08:01 35132991                   /usr/lib/x86_64-linux-gnu/librtmp.so.1
7f1381928000-7f1381b27000 ---p 0001b000 08:01 35132991                   /usr/lib/x86_64-linux-gnu/librtmp.so.1
7f1381b27000-7f1381b28000 r--p 0001a000 08:01 35132991                   /usr/lib/x86_64-linux-gnu/librtmp.so.1
7f1381b28000-7f1381b29000 rw-p 0001b000 08:01 35132991                   /usr/lib/x86_64-linux-gnu/librtmp.so.1
7f1381b29000-7f1381b71000 r-xp 00000000 08:01 35134452                   /usr/lib/x86_64-linux-gnu/libssh-gcrypt.so.4.4.1
7f1381b71000-7f1381d70000 ---p 00048000 08:01 35134452                   /usr/lib/x86_64-linux-gnu/libssh-gcrypt.so.4.4.1
7f1381d70000-7f1381d71000 r--p 00047000 08:01 35134452                   /usr/lib/x86_64-linux-gnu/libssh-gcrypt.so.4.4.1
7f1381d71000-7f1381d72000 rw-p 00048000 08:01 35134452                   /usr/lib/x86_64-linux-gnu/libssh-gcrypt.so.4.4.1
7f1381d72000-7f1381d8c000 r-xp 00000000 08:01 35129677                   /usr/lib/x86_64-linux-gnu/libcrystalhd.so.3.6
7f1381d8c000-7f1381f8b000 ---p 0001a000 08:01 35129677                   /usr/lib/x86_64-linux-gnu/libcrystalhd.so.3.6
7f1381f8b000-7f1381f8c000 r--p 00019000 08:01 35129677                   /usr/lib/x86_64-linux-gnu/libcrystalhd.so.3.6
7f1381f8c000-7f1381f8d000 rw-p 0001a000 08:01 35129677                   /usr/lib/x86_64-linux-gnu/libcrystalhd.so.3.6
7f1381f8d000-7f1381f9a000 r-xp 00000000 08:01 35131433                   /usr/lib/x86_64-linux-gnu/libgsm.so.1.0.12
7f1381f9a000-7f1382199000 ---p 0000d000 08:01 35131433                   /usr/lib/x86_64-linux-gnu/libgsm.so.1.0.12
7f1382199000-7f138219a000 r--p 0000c000 08:01 35131433                   /usr/lib/x86_64-linux-gnu/libgsm.so.1.0.12
7f138219a000-7f138219b000 rw-p 0000d000 08:01 35131433                   /usr/lib/x86_64-linux-gnu/libgsm.so.1.0.12
7f138219b000-7f13821e0000 r-xp 00000000 08:01 35134385                   /usr/lib/x86_64-linux-gnu/libmp3lame.so.0.0.0
7f13821e0000-7f13823e0000 ---p 00045000 08:01 35134385                   /usr/lib/x86_64-linux-gnu/libmp3lame.so.0.0.0
7f13823e0000-7f13823e1000 r--p 00045000 08:01 35134385                   /usr/lib/x86_64-linux-gnu/libmp3lame.so.0.0.0
7f13823e1000-7f13823e2000 rw-p 00046000 08:01 35134385                   /usr/lib/x86_64-linux-gnu/libmp3lame.so.0.0.0
7f13823e2000-7f1382410000 rw-p 00000000 00:00 0 
7f1382410000-7f1382432000 r-xp 00000000 08:01 35134388                   /usr/lib/x86_64-linux-gnu/libopenjpeg.so.1.5.2
7f1382432000-7f1382631000 ---p 00022000 08:01 35134388                   /usr/lib/x86_64-linux-gnu/libopenjpeg.so.1.5.2
7f1382631000-7f1382632000 r--p 00021000 08:01 35134388                   /usr/lib/x86_64-linux-gnu/libopenjpeg.so.1.5.2
7f1382632000-7f1382633000 rw-p 00022000 08:01 35134388                   /usr/lib/x86_64-linux-gnu/libopenjpeg.so.1.5.2
7f1382633000-7f138267c000 r-xp 00000000 08:01 35134391                   /usr/lib/x86_64-linux-gnu/libopus.so.0.5.2
7f138267c000-7f138287b000 ---p 00049000 08:01 35134391                   /usr/lib/x86_64-linux-gnu/libopus.so.0.5.2
7f138287b000-7f138287c000 r--p 00048000 08:01 35134391                   /usr/lib/x86_64-linux-gnu/libopus.so.0.5.2
7f138287c000-7f138287d000 rw-p 00049000 08:01 35134391                   /usr/lib/x86_64-linux-gnu/libopus.so.0.5.2
7f138287d000-7f138294e000 r-xp 00000000 08:01 35133701                   /usr/lib/x86_64-linux-gnu/libschroedinger-1.0.so.0.11.0
7f138294e000-7f1382b4e000 ---p 000d1000 08:01 35133701                   /usr/lib/x86_64-linux-gnu/libschroedinger-1.0.so.0.11.0
7f1382b4e000-7f1382b50000 r--p 000d1000 08:01 35133701                   /usr/lib/x86_64-linux-gnu/libschroedinger-1.0.so.0.11.0
7f1382b50000-7f1382b51000 rw-p 000d3000 08:01 35133701                   /usr/lib/x86_64-linux-gnu/libschroedinger-1.0.so.0.11.0
7f1382b51000-7f1382b52000 rw-p 00000000 00:00 0 
7f1382b52000-7f1382b5e000 r-xp 00000000 08:01 35134393                   /usr/lib/x86_64-linux-gnu/libshine.so.3.0.1
7f1382b5e000-7f1382d5d000 ---p 0000c000 08:01 35134393                   /usr/lib/x86_64-linux-gnu/libshine.so.3.0.1
7f1382d5d000-7f1382d5e000 r--p 0000b000 08:01 35134393                   /usr/lib/x86_64-linux-gnu/libshine.so.3.0.1
7f1382d5e000-7f1382d5f000 rw-p 0000c000 08:01 35134393                   /usr/lib/x86_64-linux-gnu/libshine.so.3.0.1
7f1382d5f000-7f1382d66000 r-xp 00000000 08:01 35134395                   /usr/lib/x86_64-linux-gnu/libsnappy.so.1.3.0
7f1382d66000-7f1382f65000 ---p 00007000 08:01 35134395                   /usr/lib/x86_64-linux-gnu/libsnappy.so.1.3.0
7f1382f65000-7f1382f66000 r--p 00006000 08:01 35134395                   /usr/lib/x86_64-linux-gnu/libsnappy.so.1.3.0
7f1382f66000-7f1382f67000 rw-p 00007000 08:01 35134395                   /usr/lib/x86_64-linux-gnu/libsnappy.so.1.3.0
7f1382f67000-7f1382f7e000 r-xp 00000000 08:01 35134397                   /usr/lib/x86_64-linux-gnu/libspeex.so.1.5.0
7f1382f7e000-7f138317e000 ---p 00017000 08:01 35134397                   /usr/lib/x86_64-linux-gnu/libspeex.so.1.5.0
7f138317e000-7f138317f000 r--p 00017000 08:01 35134397                   /usr/lib/x86_64-linux-gnu/libspeex.so.1.5.0
7f138317f000-7f1383180000 rw-p 00018000 08:01 35134397                   /usr/lib/x86_64-linux-gnu/libspeex.so.1.5.0
7f1383180000-7f1383199000 r-xp 00000000 08:01 35134405                   /usr/lib/x86_64-linux-gnu/libtheoradec.so.1.1.4
7f1383199000-7f1383398000 ---p 00019000 08:01 35134405                   /usr/lib/x86_64-linux-gnu/libtheoradec.so.1.1.4
7f1383398000-7f1383399000 r--p 00018000 08:01 35134405                   /usr/lib/x86_64-linux-gnu/libtheoradec.so.1.1.4
7f1383399000-7f138339a000 rw-p 00019000 08:01 35134405                   /usr/lib/x86_64-linux-gnu/libtheoradec.so.1.1.4
7f138339a000-7f13833d8000 r-xp 00000000 08:01 35134403                   /usr/lib/x86_64-linux-gnu/libtheoraenc.so.1.1.2
7f13833d8000-7f13835d7000 ---p 0003e000 08:01 35134403                   /usr/lib/x86_64-linux-gnu/libtheoraenc.so.1.1.2
7f13835d7000-7f13835d8000 r--p 0003d000 08:01 35134403                   /usr/lib/x86_64-linux-gnu/libtheoraenc.so.1.1.2
7f13835d8000-7f13835d9000 rw-p 0003e000 08:01 35134403                   /usr/lib/x86_64-linux-gnu/libtheoraenc.so.1.1.2
7f13835d9000-7f13835f7000 r-xp 00000000 08:01 35134409                   /usr/lib/x86_64-linux-gnu/libtwolame.so.0.0.0
7f13835f7000-7f13837f6000 ---p 0001e000 08:01 35134409                   /usr/lib/x86_64-linux-gnu/libtwolame.so.0.0.0
7f13837f6000-7f13837f7000 r--p 0001d000 08:01 35134409                   /usr/lib/x86_64-linux-gnu/libtwolame.so.0.0.0
7f13837f7000-7f13837f8000 rw-p 0001e000 08:01 35134409                   /usr/lib/x86_64-linux-gnu/libtwolame.so.0.0.0
7f13837f8000-7f13837fc000 rw-p 00000000 00:00 0 
7f13837fc000-7f1383826000 r-xp 00000000 08:01 35134413                   /usr/lib/x86_64-linux-gnu/libvorbis.so.0.4.8
7f1383826000-7f1383a26000 ---p 0002a000 08:01 35134413                   /usr/lib/x86_64-linux-gnu/libvorbis.so.0.4.8
7f1383a26000-7f1383a27000 r--p 0002a000 08:01 35134413                   /usr/lib/x86_64-linux-gnu/libvorbis.so.0.4.8
7f1383a27000-7f1383a28000 rw-p 0002b000 08:01 35134413                   /usr/lib/x86_64-linux-gnu/libvorbis.so.0.4.8
7f1383a28000-7f1383ab5000 r-xp 00000000 08:01 35134415                   /usr/lib/x86_64-linux-gnu/libvorbisenc.so.2.0.11
7f1383ab5000-7f1383cb4000 ---p 0008d000 08:01 35134415                   /usr/lib/x86_64-linux-gnu/libvorbisenc.so.2.0.11
7f1383cb4000-7f1383cd0000 r--p 0008c000 08:01 35134415                   /usr/lib/x86_64-linux-gnu/libvorbisenc.so.2.0.11
7f1383cd0000-7f1383cd1000 rw-p 000a8000 08:01 35134415                   /usr/lib/x86_64-linux-gnu/libvorbisenc.so.2.0.11
7f1383cd1000-7f1383ef0000 r-xp 00000000 08:01 35134417                   /usr/lib/x86_64-linux-gnu/libvpx.so.3.0.0
7f1383ef0000-7f13840ef000 ---p 0021f000 08:01 35134417                   /usr/lib/x86_64-linux-gnu/libvpx.so.3.0.0
7f13840ef000-7f13840f1000 r--p 0021e000 08:01 35134417                   /usr/lib/x86_64-linux-gnu/libvpx.so.3.0.0
7f13840f1000-7f13840f2000 rw-p 00220000 08:01 35134417                   /usr/lib/x86_64-linux-gnu/libvpx.so.3.0.0
7f13840f2000-7f13840f5000 rw-p 00000000 00:00 0 
7f13840f5000-7f138411d000 r-xp 00000000 08:01 35134420                   /usr/lib/x86_64-linux-gnu/libwavpack.so.1.1.7
7f138411d000-7f138431c000 ---p 00028000 08:01 35134420                   /usr/lib/x86_64-linux-gnu/libwavpack.so.1.1.7
7f138431c000-7f138431d000 r--p 00027000 08:01 35134420                   /usr/lib/x86_64-linux-gnu/libwavpack.so.1.1.7
7f138431d000-7f138431e000 rw-p 00028000 08:01 35134420                   /usr/lib/x86_64-linux-gnu/libwavpack.so.1.1.7
7f138431e000-7f1384377000 r-xp 00000000 08:01 35134422                   /usr/lib/x86_64-linux-gnu/libwebp.so.5.0.4
7f1384377000-7f1384577000 ---p 00059000 08:01 35134422                   /usr/lib/x86_64-linux-gnu/libwebp.so.5.0.4
7f1384577000-7f1384578000 r--p 00059000 08:01 35134422                   /usr/lib/x86_64-linux-gnu/libwebp.so.5.0.4
7f1384578000-7f138457a000 rw-p 0005a000 08:01 35134422                   /usr/lib/x86_64-linux-gnu/libwebp.so.5.0.4
7f138457a000-7f13846a2000 r-xp 00000000 08:01 35134424                   /usr/lib/x86_64-linux-gnu/libx264.so.148
7f13846a2000-7f13848a1000 ---p 00128000 08:01 35134424                   /usr/lib/x86_64-linux-gnu/libx264.so.148
7f13848a1000-7f13848a2000 r--p 00127000 08:01 35134424                   /usr/lib/x86_64-linux-gnu/libx264.so.148
7f13848a2000-7f13848a3000 rw-p 00128000 08:01 35134424                   /usr/lib/x86_64-linux-gnu/libx264.so.148
7f13848a3000-7f138491e000 rw-p 00000000 00:00 0 
7f138491e000-7f138532b000 r-xp 00000000 08:01 35134425                   /usr/lib/x86_64-linux-gnu/libx265.so.79
7f138532b000-7f138552a000 ---p 00a0d000 08:01 35134425                   /usr/lib/x86_64-linux-gnu/libx265.so.79
7f138552a000-7f138552d000 r--p 00a0c000 08:01 35134425                   /usr/lib/x86_64-linux-gnu/libx265.so.79
7f138552d000-7f1385530000 rw-p 00a0f000 08:01 35134425                   /usr/lib/x86_64-linux-gnu/libx265.so.79
7f1385530000-7f138553d000 rw-p 00000000 00:00 0 
7f138553d000-7f13855de000 r-xp 00000000 08:01 35134426                   /usr/lib/x86_64-linux-gnu/libxvidcore.so.4.3
7f13855de000-7f13857dd000 ---p 000a1000 08:01 35134426                   /usr/lib/x86_64-linux-gnu/libxvidcore.so.4.3
7f13857dd000-7f13857de000 r--p 000a0000 08:01 35134426                   /usr/lib/x86_64-linux-gnu/libxvidcore.so.4.3
7f13857de000-7f13857e8000 rw-p 000a1000 08:01 35134426                   /usr/lib/x86_64-linux-gnu/libxvidcore.so.4.3
7f13857e8000-7f1385851000 rw-p 00000000 00:00 0 
7f1385851000-7f13858c8000 r-xp 00000000 08:01 35134428                   /usr/lib/x86_64-linux-gnu/libzvbi.so.0.13.2
7f13858c8000-7f1385ac7000 ---p 00077000 08:01 35134428                   /usr/lib/x86_64-linux-gnu/libzvbi.so.0.13.2
7f1385ac7000-7f1385ad0000 r--p 00076000 08:01 35134428                   /usr/lib/x86_64-linux-gnu/libzvbi.so.0.13.2
7f1385ad0000-7f1385adc000 rw-p 0007f000 08:01 35134428                   /usr/lib/x86_64-linux-gnu/libzvbi.so.0.13.2
7f1385adc000-7f1385af7000 r-xp 00000000 08:01 35134411                   /usr/lib/x86_64-linux-gnu/libva.so.1.3900.0
7f1385af7000-7f1385cf6000 ---p 0001b000 08:01 35134411                   /usr/lib/x86_64-linux-gnu/libva.so.1.3900.0
7f1385cf6000-7f1385cf7000 r--p 0001a000 08:01 35134411                   /usr/lib/x86_64-linux-gnu/libva.so.1.3900.0
7f1385cf7000-7f1385cf8000 rw-p 0001b000 08:01 35134411                   /usr/lib/x86_64-linux-gnu/libva.so.1.3900.0
7f1385cf8000-7f1385d12000 r-xp 00000000 08:01 35134401                   /usr/lib/x86_64-linux-gnu/libswresample-ffmpeg.so.1.2.101
7f1385d12000-7f1385f11000 ---p 0001a000 08:01 35134401                   /usr/lib/x86_64-linux-gnu/libswresample-ffmpeg.so.1.2.101
7f1385f11000-7f1385f13000 r--p 00019000 08:01 35134401                   /usr/lib/x86_64-linux-gnu/libswresample-ffmpeg.so.1.2.101
7f1385f13000-7f1385f14000 rw-p 0001b000 08:01 35134401                   /usr/lib/x86_64-linux-gnu/libswresample-ffmpeg.so.1.2.101
7f1385f14000-7f1385f1d000 r-xp 00000000 08:01 35134589                   /usr/lib/x86_64-linux-gnu/libv4l2.so.0.0.0
7f1385f1d000-7f138611c000 ---p 00009000 08:01 35134589                   /usr/lib/x86_64-linux-gnu/libv4l2.so.0.0.0
7f138611c000-7f138611d000 r--p 00008000 08:01 35134589                   /usr/lib/x86_64-linux-gnu/libv4l2.so.0.0.0
7f138611d000-7f1386122000 rw-p 00009000 08:01 35134589                   /usr/lib/x86_64-linux-gnu/libv4l2.so.0.0.0
7f1386122000-7f1386139000 r-xp 00000000 08:01 3674048                    /lib/x86_64-linux-gnu/libusb-1.0.so.0.1.0
7f1386139000-7f1386338000 ---p 00017000 08:01 3674048                    /lib/x86_64-linux-gnu/libusb-1.0.so.0.1.0
7f1386338000-7f1386339000 r--p 00016000 08:01 3674048                    /lib/x86_64-linux-gnu/libusb-1.0.so.0.1.0
7f1386339000-7f138633a000 rw-p 00017000 08:01 3674048                    /lib/x86_64-linux-gnu/libusb-1.0.so.0.1.0
7f138633a000-7f1386347000 r-xp 00000000 08:01 35134569                   /usr/lib/x86_64-linux-gnu/libraw1394.so.11.1.0
7f1386347000-7f1386547000 ---p 0000d000 08:01 35134569                   /usr/lib/x86_64-linux-gnu/libraw1394.so.11.1.0
7f1386547000-7f1386548000 r--p 0000d000 08:01 35134569                   /usr/lib/x86_64-linux-gnu/libraw1394.so.11.1.0
7f1386548000-7f1386549000 rw-p 0000e000 08:01 35134569                   /usr/lib/x86_64-linux-gnu/libraw1394.so.11.1.0
7f1386549000-7f1386567000 r-xp 00000000 08:01 35133773                   /usr/lib/x86_64-linux-gnu/libpangox-1.0.so.0.0.0
7f1386567000-7f1386767000 ---p 0001e000 08:01 35133773                   /usr/lib/x86_64-linux-gnu/libpangox-1.0.so.0.0.0
7f1386767000-7f1386768000 r--p 0001e000 08:01 35133773                   /usr/lib/x86_64-linux-gnu/libpangox-1.0.so.0.0.0
7f1386768000-7f1386769000 rw-p 0001f000 08:01 35133773                   /usr/lib/x86_64-linux-gnu/libpangox-1.0.so.0.0.0
7f1386769000-7f1386781000 r-xp 00000000 08:01 35134577                   /usr/lib/x86_64-linux-gnu/libXmu.so.6.2.0
7f1386781000-7f1386980000 ---p 00018000 08:01 35134577                   /usr/lib/x86_64-linux-gnu/libXmu.so.6.2.0
7f1386980000-7f1386981000 r--p 00017000 08:01 35134577                   /usr/lib/x86_64-linux-gnu/libXmu.so.6.2.0
7f1386981000-7f1386982000 rw-p 00018000 08:01 35134577                   /usr/lib/x86_64-linux-gnu/libXmu.so.6.2.0
7f1386982000-7f13869ef000 r-xp 00000000 08:01 35134573                   /usr/lib/x86_64-linux-gnu/libGLU.so.1.3.1
7f13869ef000-7f1386bef000 ---p 0006d000 08:01 35134573                   /usr/lib/x86_64-linux-gnu/libGLU.so.1.3.1
7f1386bef000-7f1386bf0000 r--p 0006d000 08:01 35134573                   /usr/lib/x86_64-linux-gnu/libGLU.so.1.3.1
7f1386bf0000-7f1386bf1000 rw-p 0006e000 08:01 35134573                   /usr/lib/x86_64-linux-gnu/libGLU.so.1.3.1
7f1386bf1000-7f1386c5f000 r-xp 00000000 08:01 3670600                    /lib/x86_64-linux-gnu/libpcre.so.3.13.2
7f1386c5f000-7f1386e5f000 ---p 0006e000 08:01 3670600                    /lib/x86_64-linux-gnu/libpcre.so.3.13.2
7f1386e5f000-7f1386e60000 r--p 0006e000 08:01 3670600                    /lib/x86_64-linux-gnu/libpcre.so.3.13.2
7f1386e60000-7f1386e61000 rw-p 0006f000 08:01 3670600                    /lib/x86_64-linux-gnu/libpcre.so.3.13.2
7f1386e61000-7f1386e68000 r-xp 00000000 08:01 35129636                   /usr/lib/x86_64-linux-gnu/libffi.so.6.0.4
7f1386e68000-7f1387067000 ---p 00007000 08:01 35129636                   /usr/lib/x86_64-linux-gnu/libffi.so.6.0.4
7f1387067000-7f1387068000 r--p 00006000 08:01 35129636                   /usr/lib/x86_64-linux-gnu/libffi.so.6.0.4
7f1387068000-7f1387069000 rw-p 00007000 08:01 35129636                   /usr/lib/x86_64-linux-gnu/libffi.so.6.0.4
7f1387069000-7f138706b000 r-xp 00000000 08:01 35133707                   /usr/lib/x86_64-linux-gnu/libXcomposite.so.1.0.0
7f138706b000-7f138726a000 ---p 00002000 08:01 35133707                   /usr/lib/x86_64-linux-gnu/libXcomposite.so.1.0.0
7f138726a000-7f138726b000 r--p 00001000 08:01 35133707                   /usr/lib/x86_64-linux-gnu/libXcomposite.so.1.0.0
7f138726b000-7f138726c000 rw-p 00002000 08:01 35133707                   /usr/lib/x86_64-linux-gnu/libXcomposite.so.1.0.0
7f138726c000-7f1387275000 r-xp 00000000 08:01 35133713                   /usr/lib/x86_64-linux-gnu/libXcursor.so.1.0.2
7f1387275000-7f1387474000 ---p 00009000 08:01 35133713                   /usr/lib/x86_64-linux-gnu/libXcursor.so.1.0.2
7f1387474000-7f1387475000 r--p 00008000 08:01 35133713                   /usr/lib/x86_64-linux-gnu/libXcursor.so.1.0.2
7f1387475000-7f1387476000 rw-p 00009000 08:01 35133713                   /usr/lib/x86_64-linux-gnu/libXcursor.so.1.0.2
7f1387476000-7f1387480000 r-xp 00000000 08:01 35134314                   /usr/lib/x86_64-linux-gnu/libXrandr.so.2.2.0
7f1387480000-7f138767f000 ---p 0000a000 08:01 35134314                   /usr/lib/x86_64-linux-gnu/libXrandr.so.2.2.0
7f138767f000-7f1387680000 r--p 00009000 08:01 35134314                   /usr/lib/x86_64-linux-gnu/libXrandr.so.2.2.0
7f1387680000-7f1387681000 rw-p 0000a000 08:01 35134314                   /usr/lib/x86_64-linux-gnu/libXrandr.so.2.2.0
7f1387681000-7f1387690000 r-xp 00000000 08:01 35134312                   /usr/lib/x86_64-linux-gnu/libXi.so.6.1.0
7f1387690000-7f138788f000 ---p 0000f000 08:01 35134312                   /usr/lib/x86_64-linux-gnu/libXi.so.6.1.0
7f138788f000-7f1387890000 r--p 0000e000 08:01 35134312                   /usr/lib/x86_64-linux-gnu/libXi.so.6.1.0
7f1387890000-7f1387891000 rw-p 0000f000 08:01 35134312                   /usr/lib/x86_64-linux-gnu/libXi.so.6.1.0
7f1387891000-7f1387893000 r-xp 00000000 08:01 35133719                   /usr/lib/x86_64-linux-gnu/libXinerama.so.1.0.0
7f1387893000-7f1387a92000 ---p 00002000 08:01 35133719                   /usr/lib/x86_64-linux-gnu/libXinerama.so.1.0.0
7f1387a92000-7f1387a93000 r--p 00001000 08:01 35133719                   /usr/lib/x86_64-linux-gnu/libXinerama.so.1.0.0
7f1387a93000-7f1387a94000 rw-p 00002000 08:01 35133719                   /usr/lib/x86_64-linux-gnu/libXinerama.so.1.0.0
7f1387a94000-7f1387a9d000 r-xp 00000000 08:01 35133711                   /usr/lib/x86_64-linux-gnu/libXrender.so.1.3.0
7f1387a9d000-7f1387c9c000 ---p 00009000 08:01 35133711                   /usr/lib/x86_64-linux-gnu/libXrender.so.1.3.0
7f1387c9c000-7f1387c9d000 r--p 00008000 08:01 35133711                   /usr/lib/x86_64-linux-gnu/libXrender.so.1.3.0
7f1387c9d000-7f1387c9e000 rw-p 00009000 08:01 35133711                   /usr/lib/x86_64-linux-gnu/libXrender.so.1.3.0
7f1387c9e000-7f1387cdb000 r-xp 00000000 08:01 35129633                   /usr/lib/x86_64-linux-gnu/libfontconfig.so.1.9.0
7f1387cdb000-7f1387eda000 ---p 0003d000 08:01 35129633                   /usr/lib/x86_64-linux-gnu/libfontconfig.so.1.9.0
7f1387eda000-7f1387edc000 r--p 0003c000 08:01 35129633                   /usr/lib/x86_64-linux-gnu/libfontconfig.so.1.9.0
7f1387edc000-7f1387ee1000 rw-p 0003e000 08:01 35129633                   /usr/lib/x86_64-linux-gnu/libfontconfig.so.1.9.0
7f1387ee1000-7f1387f2a000 r-xp 00000000 08:01 35133771                   /usr/lib/x86_64-linux-gnu/libpango-1.0.so.0.3800.1
7f1387f2a000-7f138812a000 ---p 00049000 08:01 35133771                   /usr/lib/x86_64-linux-gnu/libpango-1.0.so.0.3800.1
7f138812a000-7f138812c000 r--p 00049000 08:01 35133771                   /usr/lib/x86_64-linux-gnu/libpango-1.0.so.0.3800.1
7f138812c000-7f138812d000 rw-p 0004b000 08:01 35133771                   /usr/lib/x86_64-linux-gnu/libpango-1.0.so.0.3800.1
7f138812d000-7f1388141000 r-xp 00000000 08:01 35134301                   /usr/lib/x86_64-linux-gnu/libpangoft2-1.0.so.0.3800.1
7f1388141000-7f1388341000 ---p 00014000 08:01 35134301                   /usr/lib/x86_64-linux-gnu/libpangoft2-1.0.so.0.3800.1
7f1388341000-7f1388342000 r--p 00014000 08:01 35134301                   /usr/lib/x86_64-linux-gnu/libpangoft2-1.0.so.0.3800.1
7f1388342000-7f1388343000 rw-p 00015000 08:01 35134301                   /usr/lib/x86_64-linux-gnu/libpangoft2-1.0.so.0.3800.1
7f1388343000-7f13884c3000 r-xp 00000000 08:01 35132255                   /usr/lib/x86_64-linux-gnu/libgio-2.0.so.0.4800.0
7f13884c3000-7f13886c3000 ---p 00180000 08:01 35132255                   /usr/lib/x86_64-linux-gnu/libgio-2.0.so.0.4800.0
7f13886c3000-7f13886c7000 r--p 00180000 08:01 35132255                   /usr/lib/x86_64-linux-gnu/libgio-2.0.so.0.4800.0
7f13886c7000-7f13886c9000 rw-p 00184000 08:01 35132255                   /usr/lib/x86_64-linux-gnu/libgio-2.0.so.0.4800.0
7f13886c9000-7f13886cb000 rw-p 00000000 00:00 0 
7f13886cb000-7f13886ec000 r-xp 00000000 08:01 35134285                   /usr/lib/x86_64-linux-gnu/libgdk_pixbuf-2.0.so.0.3200.2
7f13886ec000-7f13888eb000 ---p 00021000 08:01 35134285                   /usr/lib/x86_64-linux-gnu/libgdk_pixbuf-2.0.so.0.3200.2
7f13888eb000-7f13888ec000 r--p 00020000 08:01 35134285                   /usr/lib/x86_64-linux-gnu/libgdk_pixbuf-2.0.so.0.3200.2
7f13888ec000-7f13888ed000 rw-p 00021000 08:01 35134285                   /usr/lib/x86_64-linux-gnu/libgdk_pixbuf-2.0.so.0.3200.2
7f13888ed000-7f13889fb000 r-xp 00000000 08:01 35134294                   /usr/lib/x86_64-linux-gnu/libcairo.so.2.11400.6
7f13889fb000-7f1388bfb000 ---p 0010e000 08:01 35134294                   /usr/lib/x86_64-linux-gnu/libcairo.so.2.11400.6
7f1388bfb000-7f1388bfe000 r--p 0010e000 08:01 35134294                   /usr/lib/x86_64-linux-gnu/libcairo.so.2.11400.6
7f1388bfe000-7f1388bff000 rw-p 00111000 08:01 35134294                   /usr/lib/x86_64-linux-gnu/libcairo.so.2.11400.6
7f1388bff000-7f1388c01000 rw-p 00000000 00:00 0 
7f1388c01000-7f1388c23000 r-xp 00000000 08:01 35134280                   /usr/lib/x86_64-linux-gnu/libatk-1.0.so.0.21809.1
7f1388c23000-7f1388e22000 ---p 00022000 08:01 35134280                   /usr/lib/x86_64-linux-gnu/libatk-1.0.so.0.21809.1
7f1388e22000-7f1388e25000 r--p 00021000 08:01 35134280                   /usr/lib/x86_64-linux-gnu/libatk-1.0.so.0.21809.1
7f1388e25000-7f1388e26000 rw-p 00024000 08:01 35134280                   /usr/lib/x86_64-linux-gnu/libatk-1.0.so.0.21809.1
7f1388e26000-7f1388e32000 r-xp 00000000 08:01 35134303                   /usr/lib/x86_64-linux-gnu/libpangocairo-1.0.so.0.3800.1
7f1388e32000-7f1389031000 ---p 0000c000 08:01 35134303                   /usr/lib/x86_64-linux-gnu/libpangocairo-1.0.so.0.3800.1
7f1389031000-7f1389032000 r--p 0000b000 08:01 35134303                   /usr/lib/x86_64-linux-gnu/libpangocairo-1.0.so.0.3800.1
7f1389032000-7f1389033000 rw-p 0000c000 08:01 35134303                   /usr/lib/x86_64-linux-gnu/libpangocairo-1.0.so.0.3800.1
7f1389033000-7f1389036000 r-xp 00000000 08:01 35132257                   /usr/lib/x86_64-linux-gnu/libgmodule-2.0.so.0.4800.0
7f1389036000-7f1389235000 ---p 00003000 08:01 35132257                   /usr/lib/x86_64-linux-gnu/libgmodule-2.0.so.0.4800.0
7f1389235000-7f1389236000 r--p 00002000 08:01 35132257                   /usr/lib/x86_64-linux-gnu/libgmodule-2.0.so.0.4800.0
7f1389236000-7f1389237000 rw-p 00003000 08:01 35132257                   /usr/lib/x86_64-linux-gnu/libgmodule-2.0.so.0.4800.0
7f1389237000-7f138923c000 r-xp 00000000 08:01 35133676                   /usr/lib/x86_64-linux-gnu/libIlmThread-2_2.so.12.0.0
7f138923c000-7f138943c000 ---p 00005000 08:01 35133676                   /usr/lib/x86_64-linux-gnu/libIlmThread-2_2.so.12.0.0
7f138943c000-7f138943d000 r--p 00005000 08:01 35133676                   /usr/lib/x86_64-linux-gnu/libIlmThread-2_2.so.12.0.0
7f138943d000-7f138943e000 rw-p 00006000 08:01 35133676                   /usr/lib/x86_64-linux-gnu/libIlmThread-2_2.so.12.0.0
7f138943e000-7f1389459000 r-xp 00000000 08:01 35133675                   /usr/lib/x86_64-linux-gnu/libIex-2_2.so.12.0.0
7f1389459000-7f1389658000 ---p 0001b000 08:01 35133675                   /usr/lib/x86_64-linux-gnu/libIex-2_2.so.12.0.0
7f1389658000-7f138965b000 r--p 0001a000 08:01 35133675                   /usr/lib/x86_64-linux-gnu/libIex-2_2.so.12.0.0
7f138965b000-7f138965c000 rw-p 0001d000 08:01 35133675                   /usr/lib/x86_64-linux-gnu/libIex-2_2.so.12.0.0
7f138965c000-7f1389667000 r-xp 00000000 08:01 35133762                   /usr/lib/x86_64-linux-gnu/libjbig.so.0
7f1389667000-7f1389866000 ---p 0000b000 08:01 35133762                   /usr/lib/x86_64-linux-gnu/libjbig.so.0
7f1389866000-7f1389867000 r--p 0000a000 08:01 35133762                   /usr/lib/x86_64-linux-gnu/libjbig.so.0
7f1389867000-7f138986a000 rw-p 0000b000 08:01 35133762                   /usr/lib/x86_64-linux-gnu/libjbig.so.0
7f138986a000-7f138988b000 r-xp 00000000 08:01 3670560                    /lib/x86_64-linux-gnu/liblzma.so.5.0.0
7f138988b000-7f1389a8a000 ---p 00021000 08:01 3670560                    /lib/x86_64-linux-gnu/liblzma.so.5.0.0
7f1389a8a000-7f1389a8b000 r--p 00020000 08:01 3670560                    /lib/x86_64-linux-gnu/liblzma.so.5.0.0
7f1389a8b000-7f1389a8c000 rw-p 00021000 08:01 3670560                    /lib/x86_64-linux-gnu/liblzma.so.5.0.0
7f1389a8c000-7f1389a9a000 r-xp 00000000 08:01 35133043                   /usr/lib/x86_64-linux-gnu/libdrm.so.2.4.0
7f1389a9a000-7f1389c99000 ---p 0000e000 08:01 35133043                   /usr/lib/x86_64-linux-gnu/libdrm.so.2.4.0
7f1389c99000-7f1389c9a000 r--p 0000d000 08:01 35133043                   /usr/lib/x86_64-linux-gnu/libdrm.so.2.4.0
7f1389c9a000-7f1389c9b000 rw-p 0000e000 08:01 35133043                   /usr/lib/x86_64-linux-gnu/libdrm.so.2.4.0
7f1389c9b000-7f1389ca0000 r-xp 00000000 08:01 35133723                   /usr/lib/x86_64-linux-gnu/libXxf86vm.so.1.0.0
7f1389ca0000-7f1389e9f000 ---p 00005000 08:01 35133723                   /usr/lib/x86_64-linux-gnu/libXxf86vm.so.1.0.0
7f1389e9f000-7f1389ea0000 r--p 00004000 08:01 35133723                   /usr/lib/x86_64-linux-gnu/libXxf86vm.so.1.0.0
7f1389ea0000-7f1389ea1000 rw-p 00005000 08:01 35133723                   /usr/lib/x86_64-linux-gnu/libXxf86vm.so.1.0.0
7f1389ea1000-7f1389ec2000 r-xp 00000000 08:01 35132893                   /usr/lib/x86_64-linux-gnu/libxcb.so.1.1.0
7f1389ec2000-7f138a0c1000 ---p 00021000 08:01 35132893                   /usr/lib/x86_64-linux-gnu/libxcb.so.1.1.0
7f138a0c1000-7f138a0c2000 r--p 00020000 08:01 35132893                   /usr/lib/x86_64-linux-gnu/libxcb.so.1.1.0
7f138a0c2000-7f138a0c3000 rw-p 00021000 08:01 35132893                   /usr/lib/x86_64-linux-gnu/libxcb.so.1.1.0
7f138a0c3000-7f138a0c7000 r-xp 00000000 08:01 35134524                   /usr/lib/x86_64-linux-gnu/libxcb-dri2.so.0.0.0
7f138a0c7000-7f138a2c6000 ---p 00004000 08:01 35134524                   /usr/lib/x86_64-linux-gnu/libxcb-dri2.so.0.0.0
7f138a2c6000-7f138a2c7000 r--p 00003000 08:01 35134524                   /usr/lib/x86_64-linux-gnu/libxcb-dri2.so.0.0.0
7f138a2c7000-7f138a2c8000 rw-p 00004000 08:01 35134524                   /usr/lib/x86_64-linux-gnu/libxcb-dri2.so.0.0.0
7f138a2c8000-7f138a2df000 r-xp 00000000 08:01 35134528                   /usr/lib/x86_64-linux-gnu/libxcb-glx.so.0.0.0
7f138a2df000-7f138a4de000 ---p 00017000 08:01 35134528                   /usr/lib/x86_64-linux-gnu/libxcb-glx.so.0.0.0
7f138a4de000-7f138a4e0000 r--p 00016000 08:01 35134528                   /usr/lib/x86_64-linux-gnu/libxcb-glx.so.0.0.0
7f138a4e0000-7f138a4e1000 rw-p 00018000 08:01 35134528                   /usr/lib/x86_64-linux-gnu/libxcb-glx.so.0.0.0
7f138a4e1000-7f138a616000 r-xp 00000000 08:01 35132896                   /usr/lib/x86_64-linux-gnu/libX11.so.6.3.0
7f138a616000-7f138a816000 ---p 00135000 08:01 35132896                   /usr/lib/x86_64-linux-gnu/libX11.so.6.3.0
7f138a816000-7f138a817000 r--p 00135000 08:01 35132896                   /usr/lib/x86_64-linux-gnu/libX11.so.6.3.0
7f138a817000-7f138a81b000 rw-p 00136000 08:01 35132896                   /usr/lib/x86_64-linux-gnu/libX11.so.6.3.0
7f138a81b000-7f138a81c000 r-xp 00000000 08:01 35134522                   /usr/lib/x86_64-linux-gnu/libX11-xcb.so.1.0.0
7f138a81c000-7f138aa1b000 ---p 00001000 08:01 35134522                   /usr/lib/x86_64-linux-gnu/libX11-xcb.so.1.0.0
7f138aa1b000-7f138aa1c000 r--p 00000000 08:01 35134522                   /usr/lib/x86_64-linux-gnu/libX11-xcb.so.1.0.0
7f138aa1c000-7f138aa1d000 rw-p 00001000 08:01 35134522                   /usr/lib/x86_64-linux-gnu/libX11-xcb.so.1.0.0
7f138aa1d000-7f138aa22000 r-xp 00000000 08:01 35133709                   /usr/lib/x86_64-linux-gnu/libXfixes.so.3.1.0
7f138aa22000-7f138ac21000 ---p 00005000 08:01 35133709                   /usr/lib/x86_64-linux-gnu/libXfixes.so.3.1.0
7f138ac21000-7f138ac22000 r--p 00004000 08:01 35133709                   /usr/lib/x86_64-linux-gnu/libXfixes.so.3.1.0
7f138ac22000-7f138ac23000 rw-p 00005000 08:01 35133709                   /usr/lib/x86_64-linux-gnu/libXfixes.so.3.1.0
7f138ac23000-7f138ac25000 r-xp 00000000 08:01 35133715                   /usr/lib/x86_64-linux-gnu/libXdamage.so.1.1.0
7f138ac25000-7f138ae24000 ---p 00002000 08:01 35133715                   /usr/lib/x86_64-linux-gnu/libXdamage.so.1.1.0
7f138ae24000-7f138ae25000 r--p 00001000 08:01 35133715                   /usr/lib/x86_64-linux-gnu/libXdamage.so.1.1.0
7f138ae25000-7f138ae26000 rw-p 00002000 08:01 35133715                   /usr/lib/x86_64-linux-gnu/libXdamage.so.1.1.0
7f138ae26000-7f138ae37000 r-xp 00000000 08:01 35132898                   /usr/lib/x86_64-linux-gnu/libXext.so.6.4.0
7f138ae37000-7f138b036000 ---p 00011000 08:01 35132898                   /usr/lib/x86_64-linux-gnu/libXext.so.6.4.0
7f138b036000-7f138b037000 r--p 00010000 08:01 35132898                   /usr/lib/x86_64-linux-gnu/libXext.so.6.4.0
7f138b037000-7f138b038000 rw-p 00011000 08:01 35132898                   /usr/lib/x86_64-linux-gnu/libXext.so.6.4.0
7f138b038000-7f138b061000 r-xp 00000000 08:01 35134520                   /usr/lib/x86_64-linux-gnu/libglapi.so.0.0.0
7f138b061000-7f138b260000 ---p 00029000 08:01 35134520                   /usr/lib/x86_64-linux-gnu/libglapi.so.0.0.0
7f138b260000-7f138b264000 r--p 00028000 08:01 35134520                   /usr/lib/x86_64-linux-gnu/libglapi.so.0.0.0
7f138b264000-7f138b265000 rw-p 0002c000 08:01 35134520                   /usr/lib/x86_64-linux-gnu/libglapi.so.0.0.0
7f138b265000-7f138b266000 rw-p 00000000 00:00 0 
7f138b266000-7f138b267000 r-xp 00000000 08:01 35133721                   /usr/lib/x86_64-linux-gnu/libxshmfence.so.1.0.0
7f138b267000-7f138b467000 ---p 00001000 08:01 35133721                   /usr/lib/x86_64-linux-gnu/libxshmfence.so.1.0.0
7f138b467000-7f138b468000 r--p 00001000 08:01 35133721                   /usr/lib/x86_64-linux-gnu/libxshmfence.so.1.0.0
7f138b468000-7f138b469000 rw-p 00002000 08:01 35133721                   /usr/lib/x86_64-linux-gnu/libxshmfence.so.1.0.0
7f138b469000-7f138b46e000 r-xp 00000000 08:01 35134532                   /usr/lib/x86_64-linux-gnu/libxcb-sync.so.1.0.0
7f138b46e000-7f138b66e000 ---p 00005000 08:01 35134532                   /usr/lib/x86_64-linux-gnu/libxcb-sync.so.1.0.0
7f138b66e000-7f138b66f000 r--p 00005000 08:01 35134532                   /usr/lib/x86_64-linux-gnu/libxcb-sync.so.1.0.0
7f138b66f000-7f138b670000 rw-p 00006000 08:01 35134532                   /usr/lib/x86_64-linux-gnu/libxcb-sync.so.1.0.0
7f138b670000-7f138b672000 r-xp 00000000 08:01 35134530                   /usr/lib/x86_64-linux-gnu/libxcb-present.so.0.0.0
7f138b672000-7f138b871000 ---p 00002000 08:01 35134530                   /usr/lib/x86_64-linux-gnu/libxcb-present.so.0.0.0
7f138b871000-7f138b872000 r--p 00001000 08:01 35134530                   /usr/lib/x86_64-linux-gnu/libxcb-present.so.0.0.0
7f138b872000-7f138b873000 rw-p 00002000 08:01 35134530                   /usr/lib/x86_64-linux-gnu/libxcb-present.so.0.0.0
7f138b873000-7f138b875000 r-xp 00000000 08:01 35134526                   /usr/lib/x86_64-linux-gnu/libxcb-dri3.so.0.0.0
7f138b875000-7f138ba74000 ---p 00002000 08:01 35134526                   /usr/lib/x86_64-linux-gnu/libxcb-dri3.so.0.0.0
7f138ba74000-7f138ba75000 r--p 00001000 08:01 35134526                   /usr/lib/x86_64-linux-gnu/libxcb-dri3.so.0.0.0
7f138ba75000-7f138ba76000 rw-p 00002000 08:01 35134526                   /usr/lib/x86_64-linux-gnu/libxcb-dri3.so.0.0.0
7f138ba76000-7f138ba9c000 r-xp 00000000 08:01 3674279                    /lib/x86_64-linux-gnu/libexpat.so.1.6.0
7f138ba9c000-7f138bc9c000 ---p 00026000 08:01 3674279                    /lib/x86_64-linux-gnu/libexpat.so.1.6.0
7f138bc9c000-7f138bc9e000 r--p 00026000 08:01 3674279                    /lib/x86_64-linux-gnu/libexpat.so.1.6.0
7f138bc9e000-7f138bc9f000 rw-p 00028000 08:01 3674279                    /lib/x86_64-linux-gnu/libexpat.so.1.6.0
7f138bc9f000-7f138bca2000 r-xp 00000000 08:01 3670534                    /lib/x86_64-linux-gnu/libdl-2.23.so
7f138bca2000-7f138bea1000 ---p 00003000 08:01 3670534                    /lib/x86_64-linux-gnu/libdl-2.23.so
7f138bea1000-7f138bea2000 r--p 00002000 08:01 3670534                    /lib/x86_64-linux-gnu/libdl-2.23.so
7f138bea2000-7f138bea3000 rw-p 00003000 08:01 3670534                    /lib/x86_64-linux-gnu/libdl-2.23.so
7f138bea3000-7f138beaa000 r-xp 00000000 08:01 3670613                    /lib/x86_64-linux-gnu/librt-2.23.so
7f138beaa000-7f138c0a9000 ---p 00007000 08:01 3670613                    /lib/x86_64-linux-gnu/librt-2.23.so
7f138c0a9000-7f138c0aa000 r--p 00006000 08:01 3670613                    /lib/x86_64-linux-gnu/librt-2.23.so
7f138c0aa000-7f138c0ab000 rw-p 00007000 08:01 3670613                    /lib/x86_64-linux-gnu/librt-2.23.so
7f138c0ab000-7f138c0c4000 r-xp 00000000 08:01 3670643                    /lib/x86_64-linux-gnu/libz.so.1.2.8
7f138c0c4000-7f138c2c3000 ---p 00019000 08:01 3670643                    /lib/x86_64-linux-gnu/libz.so.1.2.8
7f138c2c3000-7f138c2c4000 r--p 00018000 08:01 3670643                    /lib/x86_64-linux-gnu/libz.so.1.2.8
7f138c2c4000-7f138c2c5000 rw-p 00019000 08:01 3670643                    /lib/x86_64-linux-gnu/libz.so.1.2.8
7f138c2c5000-7f138c2fc000 r-xp 00000000 08:01 35134548                   /usr/lib/x86_64-linux-gnu/libtbb.so.2
7f138c2fc000-7f138c4fc000 ---p 00037000 08:01 35134548                   /usr/lib/x86_64-linux-gnu/libtbb.so.2
7f138c4fc000-7f138c4fd000 r--p 00037000 08:01 35134548                   /usr/lib/x86_64-linux-gnu/libtbb.so.2
7f138c4fd000-7f138c4ff000 rw-p 00038000 08:01 35134548                   /usr/lib/x86_64-linux-gnu/libtbb.so.2
7f138c4ff000-7f138c502000 rw-p 00000000 00:00 0 
7f138c502000-7f138c587000 r-xp 00000000 08:01 35134585                   /usr/lib/x86_64-linux-gnu/libswscale-ffmpeg.so.3.1.101
7f138c587000-7f138c786000 ---p 00085000 08:01 35134585                   /usr/lib/x86_64-linux-gnu/libswscale-ffmpeg.so.3.1.101
7f138c786000-7f138c788000 r--p 00084000 08:01 35134585                   /usr/lib/x86_64-linux-gnu/libswscale-ffmpeg.so.3.1.101
7f138c788000-7f138c789000 rw-p 00086000 08:01 35134585                   /usr/lib/x86_64-linux-gnu/libswscale-ffmpeg.so.3.1.101
7f138c789000-7f138c791000 rw-p 00000000 00:00 0 
7f138c791000-7f138c7e6000 r-xp 00000000 08:01 35134383                   /usr/lib/x86_64-linux-gnu/libavutil-ffmpeg.so.54.31.100
7f138c7e6000-7f138c9e6000 ---p 00055000 08:01 35134383                   /usr/lib/x86_64-linux-gnu/libavutil-ffmpeg.so.54.31.100
7f138c9e6000-7f138c9ec000 r--p 00055000 08:01 35134383                   /usr/lib/x86_64-linux-gnu/libavutil-ffmpeg.so.54.31.100
7f138c9ec000-7f138c9ed000 rw-p 0005b000 08:01 35134383                   /usr/lib/x86_64-linux-gnu/libavutil-ffmpeg.so.54.31.100
7f138c9ed000-7f138ca00000 rw-p 00000000 00:00 0 
7f138ca00000-7f138cbd4000 r-xp 00000000 08:01 35134456                   /usr/lib/x86_64-linux-gnu/libavformat-ffmpeg.so.56.40.101
7f138cbd4000-7f138cdd4000 ---p 001d4000 08:01 35134456                   /usr/lib/x86_64-linux-gnu/libavformat-ffmpeg.so.56.40.101
7f138cdd4000-7f138cde8000 r--p 001d4000 08:01 35134456                   /usr/lib/x86_64-linux-gnu/libavformat-ffmpeg.so.56.40.101
7f138cde8000-7f138cdfd000 rw-p 001e8000 08:01 35134456                   /usr/lib/x86_64-linux-gnu/libavformat-ffmpeg.so.56.40.101
7f138cdfd000-7f138d927000 r-xp 00000000 08:01 35134432                   /usr/lib/x86_64-linux-gnu/libavcodec-ffmpeg.so.56.60.100
7f138d927000-7f138db26000 ---p 00b2a000 08:01 35134432                   /usr/lib/x86_64-linux-gnu/libavcodec-ffmpeg.so.56.60.100
7f138db26000-7f138db51000 r--p 00b29000 08:01 35134432                   /usr/lib/x86_64-linux-gnu/libavcodec-ffmpeg.so.56.60.100
7f138db51000-7f138db74000 rw-p 00b54000 08:01 35134432                   /usr/lib/x86_64-linux-gnu/libavcodec-ffmpeg.so.56.60.100
7f138db74000-7f138e227000 rw-p 00000000 00:00 0 
7f138e227000-7f138e22c000 r-xp 00000000 08:01 35134590                   /usr/lib/x86_64-linux-gnu/libv4l1.so.0.0.0
7f138e22c000-7f138e42b000 ---p 00005000 08:01 35134590                   /usr/lib/x86_64-linux-gnu/libv4l1.so.0.0.0
7f138e42b000-7f138e42c000 r--p 00004000 08:01 35134590                   /usr/lib/x86_64-linux-gnu/libv4l1.so.0.0.0
7f138e42c000-7f138e42d000 rw-p 00005000 08:01 35134590                   /usr/lib/x86_64-linux-gnu/libv4l1.so.0.0.0
7f138e42d000-7f138e462000 r-xp 00000000 08:01 35134571                   /usr/lib/x86_64-linux-gnu/libdc1394.so.22.1.11
7f138e462000-7f138e661000 ---p 00035000 08:01 35134571                   /usr/lib/x86_64-linux-gnu/libdc1394.so.22.1.11
7f138e661000-7f138e662000 r--p 00034000 08:01 35134571                   /usr/lib/x86_64-linux-gnu/libdc1394.so.22.1.11
7f138e662000-7f138e663000 rw-p 00035000 08:01 35134571                   /usr/lib/x86_64-linux-gnu/libdc1394.so.22.1.11
7f138e663000-7f138e6a3000 rw-p 00000000 00:00 0 
7f138e6a3000-7f138e700000 r-xp 00000000 08:01 35134579                   /usr/lib/x86_64-linux-gnu/libgdkglext-x11-1.0.so.0.0.0
7f138e700000-7f138e8ff000 ---p 0005d000 08:01 35134579                   /usr/lib/x86_64-linux-gnu/libgdkglext-x11-1.0.so.0.0.0
7f138e8ff000-7f138e901000 r--p 0005c000 08:01 35134579                   /usr/lib/x86_64-linux-gnu/libgdkglext-x11-1.0.so.0.0.0
7f138e901000-7f138e907000 rw-p 0005e000 08:01 35134579                   /usr/lib/x86_64-linux-gnu/libgdkglext-x11-1.0.so.0.0.0
7f138e907000-7f138e90a000 r-xp 00000000 08:01 35134580                   /usr/lib/x86_64-linux-gnu/libgtkglext-x11-1.0.so.0.0.0
7f138e90a000-7f138eb09000 ---p 00003000 08:01 35134580                   /usr/lib/x86_64-linux-gnu/libgtkglext-x11-1.0.so.0.0.0
7f138eb09000-7f138eb0a000 r--p 00002000 08:01 35134580                   /usr/lib/x86_64-linux-gnu/libgtkglext-x11-1.0.so.0.0.0
7f138eb0a000-7f138eb0b000 rw-p 00003000 08:01 35134580                   /usr/lib/x86_64-linux-gnu/libgtkglext-x11-1.0.so.0.0.0
7f138eb0b000-7f138ec19000 r-xp 00000000 08:01 3674052                    /lib/x86_64-linux-gnu/libglib-2.0.so.0.4800.0
7f138ec19000-7f138ee19000 ---p 0010e000 08:01 3674052                    /lib/x86_64-linux-gnu/libglib-2.0.so.0.4800.0
7f138ee19000-7f138ee1a000 r--p 0010e000 08:01 3674052                    /lib/x86_64-linux-gnu/libglib-2.0.so.0.4800.0
7f138ee1a000-7f138ee1b000 rw-p 0010f000 08:01 3674052                    /lib/x86_64-linux-gnu/libglib-2.0.so.0.4800.0
7f138ee1b000-7f138ee1c000 rw-p 00000000 00:00 0 
7f138ee1c000-7f138ee6e000 r-xp 00000000 08:01 35132254                   /usr/lib/x86_64-linux-gnu/libgobject-2.0.so.0.4800.0
7f138ee6e000-7f138f06d000 ---p 00052000 08:01 35132254                   /usr/lib/x86_64-linux-gnu/libgobject-2.0.so.0.4800.0
7f138f06d000-7f138f06e000 r--p 00051000 08:01 35132254                   /usr/lib/x86_64-linux-gnu/libgobject-2.0.so.0.4800.0
7f138f06e000-7f138f06f000 rw-p 00052000 08:01 35132254                   /usr/lib/x86_64-linux-gnu/libgobject-2.0.so.0.4800.0
7f138f06f000-7f138f11f000 r-xp 00000000 08:01 35134316                   /usr/lib/x86_64-linux-gnu/libgdk-x11-2.0.so.0.2400.30
7f138f11f000-7f138f31e000 ---p 000b0000 08:01 35134316                   /usr/lib/x86_64-linux-gnu/libgdk-x11-2.0.so.0.2400.30
7f138f31e000-7f138f322000 r--p 000af000 08:01 35134316                   /usr/lib/x86_64-linux-gnu/libgdk-x11-2.0.so.0.2400.30
7f138f322000-7f138f324000 rw-p 000b3000 08:01 35134316                   /usr/lib/x86_64-linux-gnu/libgdk-x11-2.0.so.0.2400.30
7f138f324000-7f138f762000 r-xp 00000000 08:01 35134317                   /usr/lib/x86_64-linux-gnu/libgtk-x11-2.0.so.0.2400.30
7f138f762000-7f138f961000 ---p 0043e000 08:01 35134317                   /usr/lib/x86_64-linux-gnu/libgtk-x11-2.0.so.0.2400.30
7f138f961000-7f138f968000 r--p 0043d000 08:01 35134317                   /usr/lib/x86_64-linux-gnu/libgtk-x11-2.0.so.0.2400.30
7f138f968000-7f138f96c000 rw-p 00444000 08:01 35134317                   /usr/lib/x86_64-linux-gnu/libgtk-x11-2.0.so.0.2400.30
7f138f96c000-7f138f96f000 rw-p 00000000 00:00 0 
7f138f96f000-7f138f9b1000 r-xp 00000000 08:01 35133674                   /usr/lib/x86_64-linux-gnu/libHalf.so.12.0.0
7f138f9b1000-7f138fbb0000 ---p 00042000 08:01 35133674                   /usr/lib/x86_64-linux-gnu/libHalf.so.12.0.0
7f138fbb0000-7f138fbb1000 r--p 00041000 08:01 35133674                   /usr/lib/x86_64-linux-gnu/libHalf.so.12.0.0
7f138fbb1000-7f138fbb2000 rw-p 00042000 08:01 35133674                   /usr/lib/x86_64-linux-gnu/libHalf.so.12.0.0
7f138fbb2000-7f138fd7c000 r-xp 00000000 08:01 35133687                   /usr/lib/x86_64-linux-gnu/libIlmImf-2_2.so.22.0.0
7f138fd7c000-7f138ff7b000 ---p 001ca000 08:01 35133687                   /usr/lib/x86_64-linux-gnu/libIlmImf-2_2.so.22.0.0
7f138ff7b000-7f138ff7e000 r--p 001c9000 08:01 35133687                   /usr/lib/x86_64-linux-gnu/libIlmImf-2_2.so.22.0.0
7f138ff7e000-7f139007f000 rw-p 001cc000 08:01 35133687                   /usr/lib/x86_64-linux-gnu/libIlmImf-2_2.so.22.0.0
7f139007f000-7f1390080000 rw-p 00000000 00:00 0 
7f1390080000-7f13900cc000 r-xp 00000000 08:01 35134583                   /usr/lib/x86_64-linux-gnu/libjasper.so.1.0.0
7f13900cc000-7f13902cb000 ---p 0004c000 08:01 35134583                   /usr/lib/x86_64-linux-gnu/libjasper.so.1.0.0
7f13902cb000-7f13902cc000 r--p 0004b000 08:01 35134583                   /usr/lib/x86_64-linux-gnu/libjasper.so.1.0.0
7f13902cc000-7f13902d0000 rw-p 0004c000 08:01 35134583                   /usr/lib/x86_64-linux-gnu/libjasper.so.1.0.0
7f13902d0000-7f13902d7000 rw-p 00000000 00:00 0 
7f13902d7000-7f1390346000 r-xp 00000000 08:01 35134282                   /usr/lib/x86_64-linux-gnu/libtiff.so.5.2.4
7f1390346000-7f1390546000 ---p 0006f000 08:01 35134282                   /usr/lib/x86_64-linux-gnu/libtiff.so.5.2.4
7f1390546000-7f1390547000 r--p 0006f000 08:01 35134282                   /usr/lib/x86_64-linux-gnu/libtiff.so.5.2.4
7f1390547000-7f139054a000 rw-p 00070000 08:01 35134282                   /usr/lib/x86_64-linux-gnu/libtiff.so.5.2.4
7f139054a000-7f139056e000 r-xp 00000000 08:01 3670602                    /lib/x86_64-linux-gnu/libpng12.so.0.54.0
7f139056e000-7f139076d000 ---p 00024000 08:01 3670602                    /lib/x86_64-linux-gnu/libpng12.so.0.54.0
7f139076d000-7f139076e000 r--p 00023000 08:01 3670602                    /lib/x86_64-linux-gnu/libpng12.so.0.54.0
7f139076e000-7f139076f000 rw-p 00024000 08:01 3670602                    /lib/x86_64-linux-gnu/libpng12.so.0.54.0
7f139076f000-7f13907c6000 r-xp 00000000 08:01 35133668                   /usr/lib/x86_64-linux-gnu/libjpeg.so.8.0.2
7f13907c6000-7f13909c6000 ---p 00057000 08:01 35133668                   /usr/lib/x86_64-linux-gnu/libjpeg.so.8.0.2
7f13909c6000-7f13909c7000 r--p 00057000 08:01 35133668                   /usr/lib/x86_64-linux-gnu/libjpeg.so.8.0.2
7f13909c7000-7f13909c8000 rw-p 00058000 08:01 35133668                   /usr/lib/x86_64-linux-gnu/libjpeg.so.8.0.2
7f13909c8000-7f1390a35000 r-xp 00000000 08:01 37225348                   /usr/lib/x86_64-linux-gnu/mesa/libGL.so.1.2.0
7f1390a35000-7f1390c34000 ---p 0006d000 08:01 37225348                   /usr/lib/x86_64-linux-gnu/mesa/libGL.so.1.2.0
7f1390c34000-7f1390c37000 r--p 0006c000 08:01 37225348                   /usr/lib/x86_64-linux-gnu/mesa/libGL.so.1.2.0
7f1390c37000-7f1390c38000 rw-p 0006f000 08:01 37225348                   /usr/lib/x86_64-linux-gnu/mesa/libGL.so.1.2.0
7f1390c38000-7f1390c39000 rw-p 00000000 00:00 0 
7f1390c39000-7f1390c5a000 r-xp 00000000 08:01 35133993                   /usr/lib/x86_64-linux-gnu/libgomp.so.1.0.0
7f1390c5a000-7f1390e59000 ---p 00021000 08:01 35133993                   /usr/lib/x86_64-linux-gnu/libgomp.so.1.0.0
7f1390e59000-7f1390e5a000 r--p 00020000 08:01 35133993                   /usr/lib/x86_64-linux-gnu/libgomp.so.1.0.0
7f1390e5a000-7f1390e5b000 rw-p 00021000 08:01 35133993                   /usr/lib/x86_64-linux-gnu/libgomp.so.1.0.0
7f1390e5b000-7f1390f63000 r-xp 00000000 08:01 3670561                    /lib/x86_64-linux-gnu/libm-2.23.so
7f1390f63000-7f1391162000 ---p 00108000 08:01 3670561                    /lib/x86_64-linux-gnu/libm-2.23.so
7f1391162000-7f1391163000 r--p 00107000 08:01 3670561                    /lib/x86_64-linux-gnu/libm-2.23.so
7f1391163000-7f1391164000 rw-p 00108000 08:01 3670561                    /lib/x86_64-linux-gnu/libm-2.23.so
7f1391164000-7f1391381000 r-xp 00000000 08:01 35134549                   /usr/lib/x86_64-linux-gnu/libopencv_core.so.2.4.9
7f1391381000-7f1391581000 ---p 0021d000 08:01 35134549                   /usr/lib/x86_64-linux-gnu/libopencv_core.so.2.4.9
7f1391581000-7f1391585000 r--p 0021d000 08:01 35134549                   /usr/lib/x86_64-linux-gnu/libopencv_core.so.2.4.9
7f1391585000-7f139158c000 rw-p 00221000 08:01 35134549                   /usr/lib/x86_64-linux-gnu/libopencv_core.so.2.4.9
7f139158c000-7f139158e000 rw-p 00000000 00:00 0 
7f139158e000-7f139177e000 r-xp 00000000 08:01 35134553                   /usr/lib/x86_64-linux-gnu/libopencv_imgproc.so.2.4.9
7f139177e000-7f139197d000 ---p 001f0000 08:01 35134553                   /usr/lib/x86_64-linux-gnu/libopencv_imgproc.so.2.4.9
7f139197d000-7f1391983000 r--p 001ef000 08:01 35134553                   /usr/lib/x86_64-linux-gnu/libopencv_imgproc.so.2.4.9
7f1391983000-7f1391984000 rw-p 001f5000 08:01 35134553                   /usr/lib/x86_64-linux-gnu/libopencv_imgproc.so.2.4.9
7f1391984000-7f1391a19000 rw-p 00000000 00:00 0 
7f1391a19000-7f1391a5f000 r-xp 00000000 08:01 35134593                   /usr/lib/x86_64-linux-gnu/libopencv_highgui.so.2.4.9
7f1391a5f000-7f1391c5e000 ---p 00046000 08:01 35134593                   /usr/lib/x86_64-linux-gnu/libopencv_highgui.so.2.4.9
7f1391c5e000-7f1391c61000 r--p 00045000 08:01 35134593                   /usr/lib/x86_64-linux-gnu/libopencv_highgui.so.2.4.9
7f1391c61000-7f1391c62000 rw-p 00048000 08:01 35134593                   /usr/lib/x86_64-linux-gnu/libopencv_highgui.so.2.4.9
7f1391c62000-7f1391e22000 r-xp 00000000 08:01 3670520                    /lib/x86_64-linux-gnu/libc-2.23.so
7f1391e22000-7f1392021000 ---p 001c0000 08:01 3670520                    /lib/x86_64-linux-gnu/libc-2.23.so
7f1392021000-7f1392025000 r--p 001bf000 08:01 3670520                    /lib/x86_64-linux-gnu/libc-2.23.so
7f1392025000-7f1392027000 rw-p 001c3000 08:01 3670520                    /lib/x86_64-linux-gnu/libc-2.23.so
7f1392027000-7f139202b000 rw-p 00000000 00:00 0 
7f139202b000-7f1392043000 r-xp 00000000 08:01 3670607                    /lib/x86_64-linux-gnu/libpthread-2.23.so
7f1392043000-7f1392242000 ---p 00018000 08:01 3670607                    /lib/x86_64-linux-gnu/libpthread-2.23.so
7f1392242000-7f1392243000 r--p 00017000 08:01 3670607                    /lib/x86_64-linux-gnu/libpthread-2.23.so
7f1392243000-7f1392244000 rw-p 00018000 08:01 3670607                    /lib/x86_64-linux-gnu/libpthread-2.23.so
7f1392244000-7f1392248000 rw-p 00000000 00:00 0 
7f1392248000-7f139225e000 r-xp 00000000 08:01 3670546                    /lib/x86_64-linux-gnu/libgcc_s.so.1
7f139225e000-7f139245d000 ---p 00016000 08:01 3670546                    /lib/x86_64-linux-gnu/libgcc_s.so.1
7f139245d000-7f139245e000 rw-p 00015000 08:01 3670546                    /lib/x86_64-linux-gnu/libgcc_s.so.1
7f139245e000-7f13925d0000 r-xp 00000000 08:01 35131430                   /usr/lib/x86_64-linux-gnu/libstdc++.so.6.0.21
7f13925d0000-7f13927d0000 ---p 00172000 08:01 35131430                   /usr/lib/x86_64-linux-gnu/libstdc++.so.6.0.21
7f13927d0000-7f13927da000 r--p 00172000 08:01 35131430                   /usr/lib/x86_64-linux-gnu/libstdc++.so.6.0.21
7f13927da000-7f13927dc000 rw-p 0017c000 08:01 35131430                   /usr/lib/x86_64-linux-gnu/libstdc++.so.6.0.21
7f13927dc000-7f13927e0000 rw-p 00000000 00:00 0 
7f13927e0000-7f1392828000 r-xp 00000000 00:2a 657865                     /home/sebastian/raytracing/build/DocOpt/libdocopt.so
7f1392828000-7f1392a27000 ---p 00048000 00:2a 657865                     /home/sebastian/raytracing/build/DocOpt/libdocopt.so
7f1392a27000-7f1392a29000 r--p 00047000 00:2a 657865                     /home/sebastian/raytracing/build/DocOpt/libdocopt.so
7f1392a29000-7f1392a2a000 rw-p 00049000 00:2a 657865                     /home/sebastian/raytracing/build/DocOpt/libdocopt.so
7f1392a2a000-7f1392b6a000 r-xp 00000000 00:2a 54001821                   /home/sebastian/raytracing/build/libmct.so
7f1392b6a000-7f1392d69000 ---p 00140000 00:2a 54001821                   /home/sebastian/raytracing/build/libmct.so
7f1392d69000-7f1392d6c000 r--p 0013f000 00:2a 54001821                   /home/sebastian/raytracing/build/libmct.so
7f1392d6c000-7f1392d6f000 rw-p 00142000 00:2a 54001821                   /home/sebastian/raytracing/build/libmct.so
7f1392d6f000-7f1392d7f000 rw-p 00000000 00:00 0 
7f1392d7f000-7f1392da5000 r-xp 00000000 08:01 3670496                    /lib/x86_64-linux-gnu/ld-2.23.so
7f1392f33000-7f1392f4d000 rw-p 00000000 00:00 0 
7f1392f4d000-7f1392f6b000 r-xp 00000000 08:01 3670633                    /lib/x86_64-linux-gnu/libudev.so.1.6.4
7f1392f6b000-7f1392f6c000 r--p 0001d000 08:01 3670633                    /lib/x86_64-linux-gnu/libudev.so.1.6.4
7f1392f6c000-7f1392f6d000 rw-p 0001e000 08:01 3670633                    /lib/x86_64-linux-gnu/libudev.so.1.6.4
7f1392f6d000-7f1392f96000 rw-p 00000000 00:00 0 
7f1392fa0000-7f1392fa4000 rw-p 00000000 00:00 0 
7f1392fa4000-7f1392fa5000 r--p 00025000 08:01 3670496                    /lib/x86_64-linux-gnu/ld-2.23.so
7f1392fa5000-7f1392fa6000 rw-p 00026000 08:01 3670496                    /lib/x86_64-linux-gnu/ld-2.23.so
7f1392fa6000-7f1392fa7000 rw-p 00000000 00:00 0 
7ffd12afb000-7ffd12b3e000 rw-p 00000000 00:00 0                          [stack]
7ffd12bce000-7ffd12bd0000 r--p 00000000 00:00 0                          [vvar]
7ffd12bd0000-7ffd12bd2000 r-xp 00000000 00:00 0                          [vdso]
ffffffffff600000-ffffffffff601000 r-xp 00000000 00:00 0                  [vsyscall]
