*** Error in `/home/sebastian/raytracing/build/mctPlenoscopePropagation': munmap_chunk(): invalid pointer: 0x0000000000a765e0 ***
======= Backtrace: =========
/lib/x86_64-linux-gnu/libc.so.6(+0x77725)[0x7ff2e1ac6725]
/lib/x86_64-linux-gnu/libc.so.6(cfree+0x1a8)[0x7ff2e1ad2c18]
/home/sebastian/raytracing/build/libmct.so(_ZNSt6vectorIN12PhotonSensor11photon_infoESaIS1_EE19_M_emplace_back_auxIJRKS1_EEEvDpOT_+0xd6)[0x7ff2e28d6a16]
/home/sebastian/raytracing/build/libmct.so(_ZN12PhotonSensor6Sensor28assign_photon_to_this_sensorEPK6Photon+0x1c9)[0x7ff2e28d64f9]
/home/sebastian/raytracing/build/libmct.so(_ZN13PhotonSensors7Sensors13assign_photonEPK6Photon+0x5a)[0x7ff2e28d7b3a]
/home/sebastian/raytracing/build/libmct.so(_ZN13PhotonSensors7Sensors14assign_photonsEPKSt6vectorI6PhotonSaIS2_EE+0x27)[0x7ff2e28d7b87]
/home/sebastian/raytracing/build/mctPlenoscopePropagation(main+0x1939)[0x40ed99]
/lib/x86_64-linux-gnu/libc.so.6(__libc_start_main+0xf0)[0x7ff2e1a6f830]
/home/sebastian/raytracing/build/mctPlenoscopePropagation(_start+0x29)[0x412369]
======= Memory map: ========
00400000-00432000 r-xp 00000000 00:2a 54001989                           /home/sebastian/raytracing/build/mctPlenoscopePropagation
00632000-00633000 r--p 00032000 00:2a 54001989                           /home/sebastian/raytracing/build/mctPlenoscopePropagation
00633000-00634000 rw-p 00033000 00:2a 54001989                           /home/sebastian/raytracing/build/mctPlenoscopePropagation
00634000-00635000 rw-p 00000000 00:00 0 
006fe000-0184b000 rw-p 00000000 00:00 0                                  [heap]
7ff2c916c000-7ff2c916d000 ---p 00000000 00:00 0 
7ff2c916d000-7ff2c996d000 rw-p 00000000 00:00 0 
7ff2c996d000-7ff2cb223000 r-xp 00000000 08:01 35132297                   /usr/lib/x86_64-linux-gnu/libicudata.so.55.1
7ff2cb223000-7ff2cb422000 ---p 018b6000 08:01 35132297                   /usr/lib/x86_64-linux-gnu/libicudata.so.55.1
7ff2cb422000-7ff2cb423000 r--p 018b5000 08:01 35132297                   /usr/lib/x86_64-linux-gnu/libicudata.so.55.1
7ff2cb423000-7ff2cb424000 rw-p 018b6000 08:01 35132297                   /usr/lib/x86_64-linux-gnu/libicudata.so.55.1
7ff2cb424000-7ff2cb427000 r-xp 00000000 08:01 3674071                    /lib/x86_64-linux-gnu/libkeyutils.so.1.5
7ff2cb427000-7ff2cb626000 ---p 00003000 08:01 3674071                    /lib/x86_64-linux-gnu/libkeyutils.so.1.5
7ff2cb626000-7ff2cb627000 r--p 00002000 08:01 3674071                    /lib/x86_64-linux-gnu/libkeyutils.so.1.5
7ff2cb627000-7ff2cb628000 rw-p 00003000 08:01 3674071                    /lib/x86_64-linux-gnu/libkeyutils.so.1.5
7ff2cb628000-7ff2cb62c000 r-xp 00000000 08:01 3670639                    /lib/x86_64-linux-gnu/libuuid.so.1.3.0
7ff2cb62c000-7ff2cb82b000 ---p 00004000 08:01 3670639                    /lib/x86_64-linux-gnu/libuuid.so.1.3.0
7ff2cb82b000-7ff2cb82c000 r--p 00003000 08:01 3670639                    /lib/x86_64-linux-gnu/libuuid.so.1.3.0
7ff2cb82c000-7ff2cb82d000 rw-p 00004000 08:01 3670639                    /lib/x86_64-linux-gnu/libuuid.so.1.3.0
7ff2cb82d000-7ff2cb9ac000 r-xp 00000000 08:01 35132293                   /usr/lib/x86_64-linux-gnu/libicuuc.so.55.1
7ff2cb9ac000-7ff2cbbac000 ---p 0017f000 08:01 35132293                   /usr/lib/x86_64-linux-gnu/libicuuc.so.55.1
7ff2cbbac000-7ff2cbbbc000 r--p 0017f000 08:01 35132293                   /usr/lib/x86_64-linux-gnu/libicuuc.so.55.1
7ff2cbbbc000-7ff2cbbbd000 rw-p 0018f000 08:01 35132293                   /usr/lib/x86_64-linux-gnu/libicuuc.so.55.1
7ff2cbbbd000-7ff2cbbc1000 rw-p 00000000 00:00 0 
7ff2cbbc1000-7ff2cbbcb000 r-xp 00000000 08:01 35132958                   /usr/lib/x86_64-linux-gnu/libkrb5support.so.0.1
7ff2cbbcb000-7ff2cbdca000 ---p 0000a000 08:01 35132958                   /usr/lib/x86_64-linux-gnu/libkrb5support.so.0.1
7ff2cbdca000-7ff2cbdcb000 r--p 00009000 08:01 35132958                   /usr/lib/x86_64-linux-gnu/libkrb5support.so.0.1
7ff2cbdcb000-7ff2cbdcc000 rw-p 0000a000 08:01 35132958                   /usr/lib/x86_64-linux-gnu/libkrb5support.so.0.1
7ff2cbdcc000-7ff2cbdcf000 r-xp 00000000 08:01 3670527                    /lib/x86_64-linux-gnu/libcom_err.so.2.1
7ff2cbdcf000-7ff2cbfce000 ---p 00003000 08:01 3670527                    /lib/x86_64-linux-gnu/libcom_err.so.2.1
7ff2cbfce000-7ff2cbfcf000 r--p 00002000 08:01 3670527                    /lib/x86_64-linux-gnu/libcom_err.so.2.1
7ff2cbfcf000-7ff2cbfd0000 rw-p 00003000 08:01 3670527                    /lib/x86_64-linux-gnu/libcom_err.so.2.1
7ff2cbfd0000-7ff2cbffc000 r-xp 00000000 08:01 35132960                   /usr/lib/x86_64-linux-gnu/libk5crypto.so.3.1
7ff2cbffc000-7ff2cc1fb000 ---p 0002c000 08:01 35132960                   /usr/lib/x86_64-linux-gnu/libk5crypto.so.3.1
7ff2cc1fb000-7ff2cc1fd000 r--p 0002b000 08:01 35132960                   /usr/lib/x86_64-linux-gnu/libk5crypto.so.3.1
7ff2cc1fd000-7ff2cc1fe000 rw-p 0002d000 08:01 35132960                   /usr/lib/x86_64-linux-gnu/libk5crypto.so.3.1
7ff2cc1fe000-7ff2cc1ff000 rw-p 00000000 00:00 0 
7ff2cc1ff000-7ff2cc2c2000 r-xp 00000000 08:01 35132962                   /usr/lib/x86_64-linux-gnu/libkrb5.so.3.3
7ff2cc2c2000-7ff2cc4c2000 ---p 000c3000 08:01 35132962                   /usr/lib/x86_64-linux-gnu/libkrb5.so.3.3
7ff2cc4c2000-7ff2cc4cf000 r--p 000c3000 08:01 35132962                   /usr/lib/x86_64-linux-gnu/libkrb5.so.3.3
7ff2cc4cf000-7ff2cc4d1000 rw-p 000d0000 08:01 35132962                   /usr/lib/x86_64-linux-gnu/libkrb5.so.3.3
7ff2cc4d1000-7ff2cc4e3000 r-xp 00000000 08:01 3670550                    /lib/x86_64-linux-gnu/libgpg-error.so.0.17.0
7ff2cc4e3000-7ff2cc6e3000 ---p 00012000 08:01 3670550                    /lib/x86_64-linux-gnu/libgpg-error.so.0.17.0
7ff2cc6e3000-7ff2cc6e4000 r--p 00012000 08:01 3670550                    /lib/x86_64-linux-gnu/libgpg-error.so.0.17.0
7ff2cc6e4000-7ff2cc6e5000 rw-p 00013000 08:01 3670550                    /lib/x86_64-linux-gnu/libgpg-error.so.0.17.0
7ff2cc6e5000-7ff2cc6fb000 r-xp 00000000 08:01 35133666                   /usr/lib/x86_64-linux-gnu/libICE.so.6.3.0
7ff2cc6fb000-7ff2cc8fa000 ---p 00016000 08:01 35133666                   /usr/lib/x86_64-linux-gnu/libICE.so.6.3.0
7ff2cc8fa000-7ff2cc8fb000 r--p 00015000 08:01 35133666                   /usr/lib/x86_64-linux-gnu/libICE.so.6.3.0
7ff2cc8fb000-7ff2cc8fc000 rw-p 00016000 08:01 35133666                   /usr/lib/x86_64-linux-gnu/libICE.so.6.3.0
7ff2cc8fc000-7ff2cc8ff000 rw-p 00000000 00:00 0 
7ff2cc8ff000-7ff2cc906000 r-xp 00000000 08:01 35133703                   /usr/lib/x86_64-linux-gnu/libSM.so.6.0.1
7ff2cc906000-7ff2ccb05000 ---p 00007000 08:01 35133703                   /usr/lib/x86_64-linux-gnu/libSM.so.6.0.1
7ff2ccb05000-7ff2ccb06000 r--p 00006000 08:01 35133703                   /usr/lib/x86_64-linux-gnu/libSM.so.6.0.1
7ff2ccb06000-7ff2ccb07000 rw-p 00007000 08:01 35133703                   /usr/lib/x86_64-linux-gnu/libSM.so.6.0.1
7ff2ccb07000-7ff2ccb0d000 r-xp 00000000 08:01 35133767                   /usr/lib/x86_64-linux-gnu/libdatrie.so.1.3.3
7ff2ccb0d000-7ff2ccd0d000 ---p 00006000 08:01 35133767                   /usr/lib/x86_64-linux-gnu/libdatrie.so.1.3.3
7ff2ccd0d000-7ff2ccd0e000 r--p 00006000 08:01 35133767                   /usr/lib/x86_64-linux-gnu/libdatrie.so.1.3.3
7ff2ccd0e000-7ff2ccd0f000 rw-p 00007000 08:01 35133767                   /usr/lib/x86_64-linux-gnu/libdatrie.so.1.3.3
7ff2ccd0f000-7ff2ccd32000 r-xp 00000000 08:01 35134296                   /usr/lib/x86_64-linux-gnu/libgraphite2.so.3.0.1
7ff2ccd32000-7ff2ccf31000 ---p 00023000 08:01 35134296                   /usr/lib/x86_64-linux-gnu/libgraphite2.so.3.0.1
7ff2ccf31000-7ff2ccf33000 r--p 00022000 08:01 35134296                   /usr/lib/x86_64-linux-gnu/libgraphite2.so.3.0.1
7ff2ccf33000-7ff2ccf34000 rw-p 00024000 08:01 35134296                   /usr/lib/x86_64-linux-gnu/libgraphite2.so.3.0.1
7ff2ccf34000-7ff2ccf45000 r-xp 00000000 08:01 35129680                   /usr/lib/x86_64-linux-gnu/libtasn1.so.6.5.1
7ff2ccf45000-7ff2cd145000 ---p 00011000 08:01 35129680                   /usr/lib/x86_64-linux-gnu/libtasn1.so.6.5.1
7ff2cd145000-7ff2cd146000 r--p 00011000 08:01 35129680                   /usr/lib/x86_64-linux-gnu/libtasn1.so.6.5.1
7ff2cd146000-7ff2cd147000 rw-p 00012000 08:01 35129680                   /usr/lib/x86_64-linux-gnu/libtasn1.so.6.5.1
7ff2cd147000-7ff2cd178000 r-xp 00000000 08:01 35129652                   /usr/lib/x86_64-linux-gnu/libidn.so.11.6.15
7ff2cd178000-7ff2cd378000 ---p 00031000 08:01 35129652                   /usr/lib/x86_64-linux-gnu/libidn.so.11.6.15
7ff2cd378000-7ff2cd379000 r--p 00031000 08:01 35129652                   /usr/lib/x86_64-linux-gnu/libidn.so.11.6.15
7ff2cd379000-7ff2cd37a000 rw-p 00032000 08:01 35129652                   /usr/lib/x86_64-linux-gnu/libidn.so.11.6.15
7ff2cd37a000-7ff2cd3d4000 r-xp 00000000 08:01 35129666                   /usr/lib/x86_64-linux-gnu/libp11-kit.so.0.1.0
7ff2cd3d4000-7ff2cd5d3000 ---p 0005a000 08:01 35129666                   /usr/lib/x86_64-linux-gnu/libp11-kit.so.0.1.0
7ff2cd5d3000-7ff2cd5dd000 r--p 00059000 08:01 35129666                   /usr/lib/x86_64-linux-gnu/libp11-kit.so.0.1.0
7ff2cd5dd000-7ff2cd5df000 rw-p 00063000 08:01 35129666                   /usr/lib/x86_64-linux-gnu/libp11-kit.so.0.1.0
7ff2cd5df000-7ff2cd78f000 r-xp 00000000 08:01 35132306                   /usr/lib/x86_64-linux-gnu/libxml2.so.2.9.3
7ff2cd78f000-7ff2cd98e000 ---p 001b0000 08:01 35132306                   /usr/lib/x86_64-linux-gnu/libxml2.so.2.9.3
7ff2cd98e000-7ff2cd996000 r--p 001af000 08:01 35132306                   /usr/lib/x86_64-linux-gnu/libxml2.so.2.9.3
7ff2cd996000-7ff2cd998000 rw-p 001b7000 08:01 35132306                   /usr/lib/x86_64-linux-gnu/libxml2.so.2.9.3
7ff2cd998000-7ff2cd999000 rw-p 00000000 00:00 0 
7ff2cd999000-7ff2cda18000 r-xp 00000000 08:01 35129644                   /usr/lib/x86_64-linux-gnu/libgmp.so.10.3.0
7ff2cda18000-7ff2cdc17000 ---p 0007f000 08:01 35129644                   /usr/lib/x86_64-linux-gnu/libgmp.so.10.3.0
7ff2cdc17000-7ff2cdc18000 r--p 0007e000 08:01 35129644                   /usr/lib/x86_64-linux-gnu/libgmp.so.10.3.0
7ff2cdc18000-7ff2cdc19000 rw-p 0007f000 08:01 35129644                   /usr/lib/x86_64-linux-gnu/libgmp.so.10.3.0
7ff2cdc19000-7ff2cdc4d000 r-xp 00000000 08:01 35129664                   /usr/lib/x86_64-linux-gnu/libnettle.so.6.2
7ff2cdc4d000-7ff2cde4c000 ---p 00034000 08:01 35129664                   /usr/lib/x86_64-linux-gnu/libnettle.so.6.2
7ff2cde4c000-7ff2cde4e000 r--p 00033000 08:01 35129664                   /usr/lib/x86_64-linux-gnu/libnettle.so.6.2
7ff2cde4e000-7ff2cde4f000 rw-p 00035000 08:01 35129664                   /usr/lib/x86_64-linux-gnu/libnettle.so.6.2
7ff2cde4f000-7ff2cde81000 r-xp 00000000 08:01 35129650                   /usr/lib/x86_64-linux-gnu/libhogweed.so.4.2
7ff2cde81000-7ff2ce080000 ---p 00032000 08:01 35129650                   /usr/lib/x86_64-linux-gnu/libhogweed.so.4.2
7ff2ce080000-7ff2ce081000 r--p 00031000 08:01 35129650                   /usr/lib/x86_64-linux-gnu/libhogweed.so.4.2
7ff2ce081000-7ff2ce082000 rw-p 00032000 08:01 35129650                   /usr/lib/x86_64-linux-gnu/libhogweed.so.4.2
7ff2ce082000-7ff2ce0c9000 r-xp 00000000 08:01 35132964                   /usr/lib/x86_64-linux-gnu/libgssapi_krb5.so.2.2
7ff2ce0c9000-7ff2ce2c8000 ---p 00047000 08:01 35132964                   /usr/lib/x86_64-linux-gnu/libgssapi_krb5.so.2.2
7ff2ce2c8000-7ff2ce2ca000 r--p 00046000 08:01 35132964                   /usr/lib/x86_64-linux-gnu/libgssapi_krb5.so.2.2
7ff2ce2ca000-7ff2ce2cc000 rw-p 00048000 08:01 35132964                   /usr/lib/x86_64-linux-gnu/libgssapi_krb5.so.2.2
7ff2ce2cc000-7ff2ce3a4000 r-xp 00000000 08:01 3670548                    /lib/x86_64-linux-gnu/libgcrypt.so.20.0.5
7ff2ce3a4000-7ff2ce5a3000 ---p 000d8000 08:01 3670548                    /lib/x86_64-linux-gnu/libgcrypt.so.20.0.5
7ff2ce5a3000-7ff2ce5a4000 r--p 000d7000 08:01 3670548                    /lib/x86_64-linux-gnu/libgcrypt.so.20.0.5
7ff2ce5a4000-7ff2ce5ac000 rw-p 000d8000 08:01 3670548                    /lib/x86_64-linux-gnu/libgcrypt.so.20.0.5
7ff2ce5ac000-7ff2ce5ad000 rw-p 00000000 00:00 0 
7ff2ce5ad000-7ff2ce628000 r-xp 00000000 08:01 35133697                   /usr/lib/x86_64-linux-gnu/liborc-0.4.so.0.25.0
7ff2ce628000-7ff2ce827000 ---p 0007b000 08:01 35133697                   /usr/lib/x86_64-linux-gnu/liborc-0.4.so.0.25.0
7ff2ce827000-7ff2ce829000 r--p 0007a000 08:01 35133697                   /usr/lib/x86_64-linux-gnu/liborc-0.4.so.0.25.0
7ff2ce829000-7ff2ce82d000 rw-p 0007c000 08:01 35133697                   /usr/lib/x86_64-linux-gnu/liborc-0.4.so.0.25.0
7ff2ce82d000-7ff2ce834000 r-xp 00000000 08:01 35133670                   /usr/lib/x86_64-linux-gnu/libogg.so.0.8.2
7ff2ce834000-7ff2cea34000 ---p 00007000 08:01 35133670                   /usr/lib/x86_64-linux-gnu/libogg.so.0.8.2
7ff2cea34000-7ff2cea35000 r--p 00007000 08:01 35133670                   /usr/lib/x86_64-linux-gnu/libogg.so.0.8.2
7ff2cea35000-7ff2cea36000 rw-p 00008000 08:01 35133670                   /usr/lib/x86_64-linux-gnu/libogg.so.0.8.2
7ff2cea36000-7ff2cea40000 r-xp 00000000 08:01 35133040                   /usr/lib/x86_64-linux-gnu/libnuma.so.1.0.0
7ff2cea40000-7ff2cec3f000 ---p 0000a000 08:01 35133040                   /usr/lib/x86_64-linux-gnu/libnuma.so.1.0.0
7ff2cec3f000-7ff2cec40000 r--p 00009000 08:01 35133040                   /usr/lib/x86_64-linux-gnu/libnuma.so.1.0.0
7ff2cec40000-7ff2cec41000 rw-p 0000a000 08:01 35133040                   /usr/lib/x86_64-linux-gnu/libnuma.so.1.0.0
7ff2cec41000-7ff2cec6f000 r-xp 00000000 08:01 35134399                   /usr/lib/x86_64-linux-gnu/libsoxr.so.0.1.1
7ff2cec6f000-7ff2cee6e000 ---p 0002e000 08:01 35134399                   /usr/lib/x86_64-linux-gnu/libsoxr.so.0.1.1
7ff2cee6e000-7ff2cee70000 r--p 0002d000 08:01 35134399                   /usr/lib/x86_64-linux-gnu/libsoxr.so.0.1.1
7ff2cee70000-7ff2cee71000 rw-p 0002f000 08:01 35134399                   /usr/lib/x86_64-linux-gnu/libsoxr.so.0.1.1
7ff2cee71000-7ff2ceea6000 rw-p 00000000 00:00 0 
7ff2ceea6000-7ff2ceecb000 r-xp 00000000 08:01 35134587                   /usr/lib/x86_64-linux-gnu/libv4lconvert.so.0.0.0
7ff2ceecb000-7ff2cf0cb000 ---p 00025000 08:01 35134587                   /usr/lib/x86_64-linux-gnu/libv4lconvert.so.0.0.0
7ff2cf0cb000-7ff2cf0cd000 r--p 00025000 08:01 35134587                   /usr/lib/x86_64-linux-gnu/libv4lconvert.so.0.0.0
7ff2cf0cd000-7ff2cf0ce000 rw-p 00027000 08:01 35134587                   /usr/lib/x86_64-linux-gnu/libv4lconvert.so.0.0.0
7ff2cf0ce000-7ff2cf120000 rw-p 00000000 00:00 0 
7ff2cf120000-7ff2cf182000 r-xp 00000000 08:01 35134575                   /usr/lib/x86_64-linux-gnu/libXt.so.6.0.0
7ff2cf182000-7ff2cf382000 ---p 00062000 08:01 35134575                   /usr/lib/x86_64-linux-gnu/libXt.so.6.0.0
7ff2cf382000-7ff2cf383000 r--p 00062000 08:01 35134575                   /usr/lib/x86_64-linux-gnu/libXt.so.6.0.0
7ff2cf383000-7ff2cf388000 rw-p 00063000 08:01 35134575                   /usr/lib/x86_64-linux-gnu/libXt.so.6.0.0
7ff2cf388000-7ff2cf389000 rw-p 00000000 00:00 0 
7ff2cf389000-7ff2cf391000 r-xp 00000000 08:01 35133769                   /usr/lib/x86_64-linux-gnu/libthai.so.0.2.4
7ff2cf391000-7ff2cf590000 ---p 00008000 08:01 35133769                   /usr/lib/x86_64-linux-gnu/libthai.so.0.2.4
7ff2cf590000-7ff2cf591000 r--p 00007000 08:01 35133769                   /usr/lib/x86_64-linux-gnu/libthai.so.0.2.4
7ff2cf591000-7ff2cf592000 rw-p 00008000 08:01 35133769                   /usr/lib/x86_64-linux-gnu/libthai.so.0.2.4
7ff2cf592000-7ff2cf5ee000 r-xp 00000000 08:01 35134299                   /usr/lib/x86_64-linux-gnu/libharfbuzz.so.0.10000.1
7ff2cf5ee000-7ff2cf7ee000 ---p 0005c000 08:01 35134299                   /usr/lib/x86_64-linux-gnu/libharfbuzz.so.0.10000.1
7ff2cf7ee000-7ff2cf7ef000 r--p 0005c000 08:01 35134299                   /usr/lib/x86_64-linux-gnu/libharfbuzz.so.0.10000.1
7ff2cf7ef000-7ff2cf7f0000 rw-p 0005d000 08:01 35134299                   /usr/lib/x86_64-linux-gnu/libharfbuzz.so.0.10000.1
7ff2cf7f0000-7ff2cf807000 r-xp 00000000 08:01 3670611                    /lib/x86_64-linux-gnu/libresolv-2.23.so
7ff2cf807000-7ff2cfa07000 ---p 00017000 08:01 3670611                    /lib/x86_64-linux-gnu/libresolv-2.23.so
7ff2cfa07000-7ff2cfa08000 r--p 00017000 08:01 3670611                    /lib/x86_64-linux-gnu/libresolv-2.23.so
7ff2cfa08000-7ff2cfa09000 rw-p 00018000 08:01 3670611                    /lib/x86_64-linux-gnu/libresolv-2.23.so
7ff2cfa09000-7ff2cfa0b000 rw-p 00000000 00:00 0 
7ff2cfa0b000-7ff2cfa2a000 r-xp 00000000 08:01 3670617                    /lib/x86_64-linux-gnu/libselinux.so.1
7ff2cfa2a000-7ff2cfc29000 ---p 0001f000 08:01 3670617                    /lib/x86_64-linux-gnu/libselinux.so.1
7ff2cfc29000-7ff2cfc2a000 r--p 0001e000 08:01 3670617                    /lib/x86_64-linux-gnu/libselinux.so.1
7ff2cfc2a000-7ff2cfc2b000 rw-p 0001f000 08:01 3670617                    /lib/x86_64-linux-gnu/libselinux.so.1
7ff2cfc2b000-7ff2cfc2d000 rw-p 00000000 00:00 0 
7ff2cfc2d000-7ff2cfc35000 r-xp 00000000 08:01 35134290                   /usr/lib/x86_64-linux-gnu/libxcb-render.so.0.0.0
7ff2cfc35000-7ff2cfe35000 ---p 00008000 08:01 35134290                   /usr/lib/x86_64-linux-gnu/libxcb-render.so.0.0.0
7ff2cfe35000-7ff2cfe36000 r--p 00008000 08:01 35134290                   /usr/lib/x86_64-linux-gnu/libxcb-render.so.0.0.0
7ff2cfe36000-7ff2cfe37000 rw-p 00009000 08:01 35134290                   /usr/lib/x86_64-linux-gnu/libxcb-render.so.0.0.0
7ff2cfe37000-7ff2cfe39000 r-xp 00000000 08:01 35134292                   /usr/lib/x86_64-linux-gnu/libxcb-shm.so.0.0.0
7ff2cfe39000-7ff2d0039000 ---p 00002000 08:01 35134292                   /usr/lib/x86_64-linux-gnu/libxcb-shm.so.0.0.0
7ff2d0039000-7ff2d003a000 r--p 00002000 08:01 35134292                   /usr/lib/x86_64-linux-gnu/libxcb-shm.so.0.0.0
7ff2d003a000-7ff2d003b000 rw-p 00003000 08:01 35134292                   /usr/lib/x86_64-linux-gnu/libxcb-shm.so.0.0.0
7ff2d003b000-7ff2d00da000 r-xp 00000000 08:01 35134288                   /usr/lib/x86_64-linux-gnu/libpixman-1.so.0.33.6
7ff2d00da000-7ff2d02da000 ---p 0009f000 08:01 35134288                   /usr/lib/x86_64-linux-gnu/libpixman-1.so.0.33.6
7ff2d02da000-7ff2d02e2000 r--p 0009f000 08:01 35134288                   /usr/lib/x86_64-linux-gnu/libpixman-1.so.0.33.6
7ff2d02e2000-7ff2d02e3000 rw-p 000a7000 08:01 35134288                   /usr/lib/x86_64-linux-gnu/libpixman-1.so.0.33.6
7ff2d02e3000-7ff2d0387000 r-xp 00000000 08:01 35132170                   /usr/lib/x86_64-linux-gnu/libfreetype.so.6.12.1
7ff2d0387000-7ff2d0586000 ---p 000a4000 08:01 35132170                   /usr/lib/x86_64-linux-gnu/libfreetype.so.6.12.1
7ff2d0586000-7ff2d058c000 r--p 000a3000 08:01 35132170                   /usr/lib/x86_64-linux-gnu/libfreetype.so.6.12.1
7ff2d058c000-7ff2d058d000 rw-p 000a9000 08:01 35132170                   /usr/lib/x86_64-linux-gnu/libfreetype.so.6.12.1
7ff2d058d000-7ff2d0592000 r-xp 00000000 08:01 35132891                   /usr/lib/x86_64-linux-gnu/libXdmcp.so.6.0.0
7ff2d0592000-7ff2d0791000 ---p 00005000 08:01 35132891                   /usr/lib/x86_64-linux-gnu/libXdmcp.so.6.0.0
7ff2d0791000-7ff2d0792000 r--p 00004000 08:01 35132891                   /usr/lib/x86_64-linux-gnu/libXdmcp.so.6.0.0
7ff2d0792000-7ff2d0793000 rw-p 00005000 08:01 35132891                   /usr/lib/x86_64-linux-gnu/libXdmcp.so.6.0.0
7ff2d0793000-7ff2d0795000 r-xp 00000000 08:01 35132889                   /usr/lib/x86_64-linux-gnu/libXau.so.6.0.0
7ff2d0795000-7ff2d0995000 ---p 00002000 08:01 35132889                   /usr/lib/x86_64-linux-gnu/libXau.so.6.0.0
7ff2d0995000-7ff2d0996000 r--p 00002000 08:01 35132889                   /usr/lib/x86_64-linux-gnu/libXau.so.6.0.0
7ff2d0996000-7ff2d0997000 rw-p 00003000 08:01 35132889                   /usr/lib/x86_64-linux-gnu/libXau.so.6.0.0
7ff2d0997000-7ff2d09a6000 r-xp 00000000 08:01 3670519                    /lib/x86_64-linux-gnu/libbz2.so.1.0.4
7ff2d09a6000-7ff2d0ba5000 ---p 0000f000 08:01 3670519                    /lib/x86_64-linux-gnu/libbz2.so.1.0.4
7ff2d0ba5000-7ff2d0ba6000 r--p 0000e000 08:01 3670519                    /lib/x86_64-linux-gnu/libbz2.so.1.0.4
7ff2d0ba6000-7ff2d0ba7000 rw-p 0000f000 08:01 3670519                    /lib/x86_64-linux-gnu/libbz2.so.1.0.4
7ff2d0ba7000-7ff2d0ccb000 r-xp 00000000 08:01 35129648                   /usr/lib/x86_64-linux-gnu/libgnutls.so.30.6.2
7ff2d0ccb000-7ff2d0eca000 ---p 00124000 08:01 35129648                   /usr/lib/x86_64-linux-gnu/libgnutls.so.30.6.2
7ff2d0eca000-7ff2d0ed5000 r--p 00123000 08:01 35129648                   /usr/lib/x86_64-linux-gnu/libgnutls.so.30.6.2
7ff2d0ed5000-7ff2d0ed7000 rw-p 0012e000 08:01 35129648                   /usr/lib/x86_64-linux-gnu/libgnutls.so.30.6.2
7ff2d0ed7000-7ff2d0ed8000 rw-p 00000000 00:00 0 
7ff2d0ed8000-7ff2d0f1f000 r-xp 00000000 08:01 35134446                   /usr/lib/x86_64-linux-gnu/libbluray.so.1.9.2
7ff2d0f1f000-7ff2d111e000 ---p 00047000 08:01 35134446                   /usr/lib/x86_64-linux-gnu/libbluray.so.1.9.2
7ff2d111e000-7ff2d1120000 r--p 00046000 08:01 35134446                   /usr/lib/x86_64-linux-gnu/libbluray.so.1.9.2
7ff2d1120000-7ff2d1121000 rw-p 00048000 08:01 35134446                   /usr/lib/x86_64-linux-gnu/libbluray.so.1.9.2
7ff2d1121000-7ff2d116b000 r-xp 00000000 08:01 35134448                   /usr/lib/x86_64-linux-gnu/libgme.so.0.6.0
7ff2d116b000-7ff2d136b000 ---p 0004a000 08:01 35134448                   /usr/lib/x86_64-linux-gnu/libgme.so.0.6.0
7ff2d136b000-7ff2d136e000 r--p 0004a000 08:01 35134448                   /usr/lib/x86_64-linux-gnu/libgme.so.0.6.0
7ff2d136e000-7ff2d136f000 rw-p 0004d000 08:01 35134448                   /usr/lib/x86_64-linux-gnu/libgme.so.0.6.0
7ff2d136f000-7ff2d13b9000 r-xp 00000000 08:01 35134450                   /usr/lib/x86_64-linux-gnu/libmodplug.so.1.0.0
7ff2d13b9000-7ff2d15b9000 ---p 0004a000 08:01 35134450                   /usr/lib/x86_64-linux-gnu/libmodplug.so.1.0.0
7ff2d15b9000-7ff2d15ba000 r--p 0004a000 08:01 35134450                   /usr/lib/x86_64-linux-gnu/libmodplug.so.1.0.0
7ff2d15ba000-7ff2d15bb000 rw-p 0004b000 08:01 35134450                   /usr/lib/x86_64-linux-gnu/libmodplug.so.1.0.0
7ff2d15bb000-7ff2d16fa000 rw-p 00000000 00:00 0 
7ff2d16fa000-7ff2d1715000 r-xp 00000000 08:01 35132991                   /usr/lib/x86_64-linux-gnu/librtmp.so.1
7ff2d1715000-7ff2d1914000 ---p 0001b000 08:01 35132991                   /usr/lib/x86_64-linux-gnu/librtmp.so.1
7ff2d1914000-7ff2d1915000 r--p 0001a000 08:01 35132991                   /usr/lib/x86_64-linux-gnu/librtmp.so.1
7ff2d1915000-7ff2d1916000 rw-p 0001b000 08:01 35132991                   /usr/lib/x86_64-linux-gnu/librtmp.so.1
7ff2d1916000-7ff2d195e000 r-xp 00000000 08:01 35134452                   /usr/lib/x86_64-linux-gnu/libssh-gcrypt.so.4.4.1
7ff2d195e000-7ff2d1b5d000 ---p 00048000 08:01 35134452                   /usr/lib/x86_64-linux-gnu/libssh-gcrypt.so.4.4.1
7ff2d1b5d000-7ff2d1b5e000 r--p 00047000 08:01 35134452                   /usr/lib/x86_64-linux-gnu/libssh-gcrypt.so.4.4.1
7ff2d1b5e000-7ff2d1b5f000 rw-p 00048000 08:01 35134452                   /usr/lib/x86_64-linux-gnu/libssh-gcrypt.so.4.4.1
7ff2d1b5f000-7ff2d1b79000 r-xp 00000000 08:01 35129677                   /usr/lib/x86_64-linux-gnu/libcrystalhd.so.3.6
7ff2d1b79000-7ff2d1d78000 ---p 0001a000 08:01 35129677                   /usr/lib/x86_64-linux-gnu/libcrystalhd.so.3.6
7ff2d1d78000-7ff2d1d79000 r--p 00019000 08:01 35129677                   /usr/lib/x86_64-linux-gnu/libcrystalhd.so.3.6
7ff2d1d79000-7ff2d1d7a000 rw-p 0001a000 08:01 35129677                   /usr/lib/x86_64-linux-gnu/libcrystalhd.so.3.6
7ff2d1d7a000-7ff2d1d87000 r-xp 00000000 08:01 35131433                   /usr/lib/x86_64-linux-gnu/libgsm.so.1.0.12
7ff2d1d87000-7ff2d1f86000 ---p 0000d000 08:01 35131433                   /usr/lib/x86_64-linux-gnu/libgsm.so.1.0.12
7ff2d1f86000-7ff2d1f87000 r--p 0000c000 08:01 35131433                   /usr/lib/x86_64-linux-gnu/libgsm.so.1.0.12
7ff2d1f87000-7ff2d1f88000 rw-p 0000d000 08:01 35131433                   /usr/lib/x86_64-linux-gnu/libgsm.so.1.0.12
7ff2d1f88000-7ff2d1fcd000 r-xp 00000000 08:01 35134385                   /usr/lib/x86_64-linux-gnu/libmp3lame.so.0.0.0
7ff2d1fcd000-7ff2d21cd000 ---p 00045000 08:01 35134385                   /usr/lib/x86_64-linux-gnu/libmp3lame.so.0.0.0
7ff2d21cd000-7ff2d21ce000 r--p 00045000 08:01 35134385                   /usr/lib/x86_64-linux-gnu/libmp3lame.so.0.0.0
7ff2d21ce000-7ff2d21cf000 rw-p 00046000 08:01 35134385                   /usr/lib/x86_64-linux-gnu/libmp3lame.so.0.0.0
7ff2d21cf000-7ff2d21fd000 rw-p 00000000 00:00 0 
7ff2d21fd000-7ff2d221f000 r-xp 00000000 08:01 35134388                   /usr/lib/x86_64-linux-gnu/libopenjpeg.so.1.5.2
7ff2d221f000-7ff2d241e000 ---p 00022000 08:01 35134388                   /usr/lib/x86_64-linux-gnu/libopenjpeg.so.1.5.2
7ff2d241e000-7ff2d241f000 r--p 00021000 08:01 35134388                   /usr/lib/x86_64-linux-gnu/libopenjpeg.so.1.5.2
7ff2d241f000-7ff2d2420000 rw-p 00022000 08:01 35134388                   /usr/lib/x86_64-linux-gnu/libopenjpeg.so.1.5.2
7ff2d2420000-7ff2d2469000 r-xp 00000000 08:01 35134391                   /usr/lib/x86_64-linux-gnu/libopus.so.0.5.2
7ff2d2469000-7ff2d2668000 ---p 00049000 08:01 35134391                   /usr/lib/x86_64-linux-gnu/libopus.so.0.5.2
7ff2d2668000-7ff2d2669000 r--p 00048000 08:01 35134391                   /usr/lib/x86_64-linux-gnu/libopus.so.0.5.2
7ff2d2669000-7ff2d266a000 rw-p 00049000 08:01 35134391                   /usr/lib/x86_64-linux-gnu/libopus.so.0.5.2
7ff2d266a000-7ff2d273b000 r-xp 00000000 08:01 35133701                   /usr/lib/x86_64-linux-gnu/libschroedinger-1.0.so.0.11.0
7ff2d273b000-7ff2d293b000 ---p 000d1000 08:01 35133701                   /usr/lib/x86_64-linux-gnu/libschroedinger-1.0.so.0.11.0
7ff2d293b000-7ff2d293d000 r--p 000d1000 08:01 35133701                   /usr/lib/x86_64-linux-gnu/libschroedinger-1.0.so.0.11.0
7ff2d293d000-7ff2d293e000 rw-p 000d3000 08:01 35133701                   /usr/lib/x86_64-linux-gnu/libschroedinger-1.0.so.0.11.0
7ff2d293e000-7ff2d293f000 rw-p 00000000 00:00 0 
7ff2d293f000-7ff2d294b000 r-xp 00000000 08:01 35134393                   /usr/lib/x86_64-linux-gnu/libshine.so.3.0.1
7ff2d294b000-7ff2d2b4a000 ---p 0000c000 08:01 35134393                   /usr/lib/x86_64-linux-gnu/libshine.so.3.0.1
7ff2d2b4a000-7ff2d2b4b000 r--p 0000b000 08:01 35134393                   /usr/lib/x86_64-linux-gnu/libshine.so.3.0.1
7ff2d2b4b000-7ff2d2b4c000 rw-p 0000c000 08:01 35134393                   /usr/lib/x86_64-linux-gnu/libshine.so.3.0.1
7ff2d2b4c000-7ff2d2b53000 r-xp 00000000 08:01 35134395                   /usr/lib/x86_64-linux-gnu/libsnappy.so.1.3.0
7ff2d2b53000-7ff2d2d52000 ---p 00007000 08:01 35134395                   /usr/lib/x86_64-linux-gnu/libsnappy.so.1.3.0
7ff2d2d52000-7ff2d2d53000 r--p 00006000 08:01 35134395                   /usr/lib/x86_64-linux-gnu/libsnappy.so.1.3.0
7ff2d2d53000-7ff2d2d54000 rw-p 00007000 08:01 35134395                   /usr/lib/x86_64-linux-gnu/libsnappy.so.1.3.0
7ff2d2d54000-7ff2d2d6b000 r-xp 00000000 08:01 35134397                   /usr/lib/x86_64-linux-gnu/libspeex.so.1.5.0
7ff2d2d6b000-7ff2d2f6b000 ---p 00017000 08:01 35134397                   /usr/lib/x86_64-linux-gnu/libspeex.so.1.5.0
7ff2d2f6b000-7ff2d2f6c000 r--p 00017000 08:01 35134397                   /usr/lib/x86_64-linux-gnu/libspeex.so.1.5.0
7ff2d2f6c000-7ff2d2f6d000 rw-p 00018000 08:01 35134397                   /usr/lib/x86_64-linux-gnu/libspeex.so.1.5.0
7ff2d2f6d000-7ff2d2f86000 r-xp 00000000 08:01 35134405                   /usr/lib/x86_64-linux-gnu/libtheoradec.so.1.1.4
7ff2d2f86000-7ff2d3185000 ---p 00019000 08:01 35134405                   /usr/lib/x86_64-linux-gnu/libtheoradec.so.1.1.4
7ff2d3185000-7ff2d3186000 r--p 00018000 08:01 35134405                   /usr/lib/x86_64-linux-gnu/libtheoradec.so.1.1.4
7ff2d3186000-7ff2d3187000 rw-p 00019000 08:01 35134405                   /usr/lib/x86_64-linux-gnu/libtheoradec.so.1.1.4
7ff2d3187000-7ff2d31c5000 r-xp 00000000 08:01 35134403                   /usr/lib/x86_64-linux-gnu/libtheoraenc.so.1.1.2
7ff2d31c5000-7ff2d33c4000 ---p 0003e000 08:01 35134403                   /usr/lib/x86_64-linux-gnu/libtheoraenc.so.1.1.2
7ff2d33c4000-7ff2d33c5000 r--p 0003d000 08:01 35134403                   /usr/lib/x86_64-linux-gnu/libtheoraenc.so.1.1.2
7ff2d33c5000-7ff2d33c6000 rw-p 0003e000 08:01 35134403                   /usr/lib/x86_64-linux-gnu/libtheoraenc.so.1.1.2
7ff2d33c6000-7ff2d33e4000 r-xp 00000000 08:01 35134409                   /usr/lib/x86_64-linux-gnu/libtwolame.so.0.0.0
7ff2d33e4000-7ff2d35e3000 ---p 0001e000 08:01 35134409                   /usr/lib/x86_64-linux-gnu/libtwolame.so.0.0.0
7ff2d35e3000-7ff2d35e4000 r--p 0001d000 08:01 35134409                   /usr/lib/x86_64-linux-gnu/libtwolame.so.0.0.0
7ff2d35e4000-7ff2d35e5000 rw-p 0001e000 08:01 35134409                   /usr/lib/x86_64-linux-gnu/libtwolame.so.0.0.0
7ff2d35e5000-7ff2d35e9000 rw-p 00000000 00:00 0 
7ff2d35e9000-7ff2d3613000 r-xp 00000000 08:01 35134413                   /usr/lib/x86_64-linux-gnu/libvorbis.so.0.4.8
7ff2d3613000-7ff2d3813000 ---p 0002a000 08:01 35134413                   /usr/lib/x86_64-linux-gnu/libvorbis.so.0.4.8
7ff2d3813000-7ff2d3814000 r--p 0002a000 08:01 35134413                   /usr/lib/x86_64-linux-gnu/libvorbis.so.0.4.8
7ff2d3814000-7ff2d3815000 rw-p 0002b000 08:01 35134413                   /usr/lib/x86_64-linux-gnu/libvorbis.so.0.4.8
7ff2d3815000-7ff2d38a2000 r-xp 00000000 08:01 35134415                   /usr/lib/x86_64-linux-gnu/libvorbisenc.so.2.0.11
7ff2d38a2000-7ff2d3aa1000 ---p 0008d000 08:01 35134415                   /usr/lib/x86_64-linux-gnu/libvorbisenc.so.2.0.11
7ff2d3aa1000-7ff2d3abd000 r--p 0008c000 08:01 35134415                   /usr/lib/x86_64-linux-gnu/libvorbisenc.so.2.0.11
7ff2d3abd000-7ff2d3abe000 rw-p 000a8000 08:01 35134415                   /usr/lib/x86_64-linux-gnu/libvorbisenc.so.2.0.11
7ff2d3abe000-7ff2d3cdd000 r-xp 00000000 08:01 35134417                   /usr/lib/x86_64-linux-gnu/libvpx.so.3.0.0
7ff2d3cdd000-7ff2d3edc000 ---p 0021f000 08:01 35134417                   /usr/lib/x86_64-linux-gnu/libvpx.so.3.0.0
7ff2d3edc000-7ff2d3ede000 r--p 0021e000 08:01 35134417                   /usr/lib/x86_64-linux-gnu/libvpx.so.3.0.0
7ff2d3ede000-7ff2d3edf000 rw-p 00220000 08:01 35134417                   /usr/lib/x86_64-linux-gnu/libvpx.so.3.0.0
7ff2d3edf000-7ff2d3ee2000 rw-p 00000000 00:00 0 
7ff2d3ee2000-7ff2d3f0a000 r-xp 00000000 08:01 35134420                   /usr/lib/x86_64-linux-gnu/libwavpack.so.1.1.7
7ff2d3f0a000-7ff2d4109000 ---p 00028000 08:01 35134420                   /usr/lib/x86_64-linux-gnu/libwavpack.so.1.1.7
7ff2d4109000-7ff2d410a000 r--p 00027000 08:01 35134420                   /usr/lib/x86_64-linux-gnu/libwavpack.so.1.1.7
7ff2d410a000-7ff2d410b000 rw-p 00028000 08:01 35134420                   /usr/lib/x86_64-linux-gnu/libwavpack.so.1.1.7
7ff2d410b000-7ff2d4164000 r-xp 00000000 08:01 35134422                   /usr/lib/x86_64-linux-gnu/libwebp.so.5.0.4
7ff2d4164000-7ff2d4364000 ---p 00059000 08:01 35134422                   /usr/lib/x86_64-linux-gnu/libwebp.so.5.0.4
7ff2d4364000-7ff2d4365000 r--p 00059000 08:01 35134422                   /usr/lib/x86_64-linux-gnu/libwebp.so.5.0.4
7ff2d4365000-7ff2d4367000 rw-p 0005a000 08:01 35134422                   /usr/lib/x86_64-linux-gnu/libwebp.so.5.0.4
7ff2d4367000-7ff2d448f000 r-xp 00000000 08:01 35134424                   /usr/lib/x86_64-linux-gnu/libx264.so.148
7ff2d448f000-7ff2d468e000 ---p 00128000 08:01 35134424                   /usr/lib/x86_64-linux-gnu/libx264.so.148
7ff2d468e000-7ff2d468f000 r--p 00127000 08:01 35134424                   /usr/lib/x86_64-linux-gnu/libx264.so.148
7ff2d468f000-7ff2d4690000 rw-p 00128000 08:01 35134424                   /usr/lib/x86_64-linux-gnu/libx264.so.148
7ff2d4690000-7ff2d470b000 rw-p 00000000 00:00 0 
7ff2d470b000-7ff2d5118000 r-xp 00000000 08:01 35134425                   /usr/lib/x86_64-linux-gnu/libx265.so.79
7ff2d5118000-7ff2d5317000 ---p 00a0d000 08:01 35134425                   /usr/lib/x86_64-linux-gnu/libx265.so.79
7ff2d5317000-7ff2d531a000 r--p 00a0c000 08:01 35134425                   /usr/lib/x86_64-linux-gnu/libx265.so.79
7ff2d531a000-7ff2d531d000 rw-p 00a0f000 08:01 35134425                   /usr/lib/x86_64-linux-gnu/libx265.so.79
7ff2d531d000-7ff2d532a000 rw-p 00000000 00:00 0 
7ff2d532a000-7ff2d53cb000 r-xp 00000000 08:01 35134426                   /usr/lib/x86_64-linux-gnu/libxvidcore.so.4.3
7ff2d53cb000-7ff2d55ca000 ---p 000a1000 08:01 35134426                   /usr/lib/x86_64-linux-gnu/libxvidcore.so.4.3
7ff2d55ca000-7ff2d55cb000 r--p 000a0000 08:01 35134426                   /usr/lib/x86_64-linux-gnu/libxvidcore.so.4.3
7ff2d55cb000-7ff2d55d5000 rw-p 000a1000 08:01 35134426                   /usr/lib/x86_64-linux-gnu/libxvidcore.so.4.3
7ff2d55d5000-7ff2d563e000 rw-p 00000000 00:00 0 
7ff2d563e000-7ff2d56b5000 r-xp 00000000 08:01 35134428                   /usr/lib/x86_64-linux-gnu/libzvbi.so.0.13.2
7ff2d56b5000-7ff2d58b4000 ---p 00077000 08:01 35134428                   /usr/lib/x86_64-linux-gnu/libzvbi.so.0.13.2
7ff2d58b4000-7ff2d58bd000 r--p 00076000 08:01 35134428                   /usr/lib/x86_64-linux-gnu/libzvbi.so.0.13.2
7ff2d58bd000-7ff2d58c9000 rw-p 0007f000 08:01 35134428                   /usr/lib/x86_64-linux-gnu/libzvbi.so.0.13.2
7ff2d58c9000-7ff2d58e4000 r-xp 00000000 08:01 35134411                   /usr/lib/x86_64-linux-gnu/libva.so.1.3900.0
7ff2d58e4000-7ff2d5ae3000 ---p 0001b000 08:01 35134411                   /usr/lib/x86_64-linux-gnu/libva.so.1.3900.0
7ff2d5ae3000-7ff2d5ae4000 r--p 0001a000 08:01 35134411                   /usr/lib/x86_64-linux-gnu/libva.so.1.3900.0
7ff2d5ae4000-7ff2d5ae5000 rw-p 0001b000 08:01 35134411                   /usr/lib/x86_64-linux-gnu/libva.so.1.3900.0
7ff2d5ae5000-7ff2d5aff000 r-xp 00000000 08:01 35134401                   /usr/lib/x86_64-linux-gnu/libswresample-ffmpeg.so.1.2.101
7ff2d5aff000-7ff2d5cfe000 ---p 0001a000 08:01 35134401                   /usr/lib/x86_64-linux-gnu/libswresample-ffmpeg.so.1.2.101
7ff2d5cfe000-7ff2d5d00000 r--p 00019000 08:01 35134401                   /usr/lib/x86_64-linux-gnu/libswresample-ffmpeg.so.1.2.101
7ff2d5d00000-7ff2d5d01000 rw-p 0001b000 08:01 35134401                   /usr/lib/x86_64-linux-gnu/libswresample-ffmpeg.so.1.2.101
7ff2d5d01000-7ff2d5d0a000 r-xp 00000000 08:01 35134589                   /usr/lib/x86_64-linux-gnu/libv4l2.so.0.0.0
7ff2d5d0a000-7ff2d5f09000 ---p 00009000 08:01 35134589                   /usr/lib/x86_64-linux-gnu/libv4l2.so.0.0.0
7ff2d5f09000-7ff2d5f0a000 r--p 00008000 08:01 35134589                   /usr/lib/x86_64-linux-gnu/libv4l2.so.0.0.0
7ff2d5f0a000-7ff2d5f0f000 rw-p 00009000 08:01 35134589                   /usr/lib/x86_64-linux-gnu/libv4l2.so.0.0.0
7ff2d5f0f000-7ff2d5f26000 r-xp 00000000 08:01 3674048                    /lib/x86_64-linux-gnu/libusb-1.0.so.0.1.0
7ff2d5f26000-7ff2d6125000 ---p 00017000 08:01 3674048                    /lib/x86_64-linux-gnu/libusb-1.0.so.0.1.0
7ff2d6125000-7ff2d6126000 r--p 00016000 08:01 3674048                    /lib/x86_64-linux-gnu/libusb-1.0.so.0.1.0
7ff2d6126000-7ff2d6127000 rw-p 00017000 08:01 3674048                    /lib/x86_64-linux-gnu/libusb-1.0.so.0.1.0
7ff2d6127000-7ff2d6134000 r-xp 00000000 08:01 35134569                   /usr/lib/x86_64-linux-gnu/libraw1394.so.11.1.0
7ff2d6134000-7ff2d6334000 ---p 0000d000 08:01 35134569                   /usr/lib/x86_64-linux-gnu/libraw1394.so.11.1.0
7ff2d6334000-7ff2d6335000 r--p 0000d000 08:01 35134569                   /usr/lib/x86_64-linux-gnu/libraw1394.so.11.1.0
7ff2d6335000-7ff2d6336000 rw-p 0000e000 08:01 35134569                   /usr/lib/x86_64-linux-gnu/libraw1394.so.11.1.0
7ff2d6336000-7ff2d6354000 r-xp 00000000 08:01 35133773                   /usr/lib/x86_64-linux-gnu/libpangox-1.0.so.0.0.0
7ff2d6354000-7ff2d6554000 ---p 0001e000 08:01 35133773                   /usr/lib/x86_64-linux-gnu/libpangox-1.0.so.0.0.0
7ff2d6554000-7ff2d6555000 r--p 0001e000 08:01 35133773                   /usr/lib/x86_64-linux-gnu/libpangox-1.0.so.0.0.0
7ff2d6555000-7ff2d6556000 rw-p 0001f000 08:01 35133773                   /usr/lib/x86_64-linux-gnu/libpangox-1.0.so.0.0.0
7ff2d6556000-7ff2d656e000 r-xp 00000000 08:01 35134577                   /usr/lib/x86_64-linux-gnu/libXmu.so.6.2.0
7ff2d656e000-7ff2d676d000 ---p 00018000 08:01 35134577                   /usr/lib/x86_64-linux-gnu/libXmu.so.6.2.0
7ff2d676d000-7ff2d676e000 r--p 00017000 08:01 35134577                   /usr/lib/x86_64-linux-gnu/libXmu.so.6.2.0
7ff2d676e000-7ff2d676f000 rw-p 00018000 08:01 35134577                   /usr/lib/x86_64-linux-gnu/libXmu.so.6.2.0
7ff2d676f000-7ff2d67dc000 r-xp 00000000 08:01 35134573                   /usr/lib/x86_64-linux-gnu/libGLU.so.1.3.1
7ff2d67dc000-7ff2d69dc000 ---p 0006d000 08:01 35134573                   /usr/lib/x86_64-linux-gnu/libGLU.so.1.3.1
7ff2d69dc000-7ff2d69dd000 r--p 0006d000 08:01 35134573                   /usr/lib/x86_64-linux-gnu/libGLU.so.1.3.1
7ff2d69dd000-7ff2d69de000 rw-p 0006e000 08:01 35134573                   /usr/lib/x86_64-linux-gnu/libGLU.so.1.3.1
7ff2d69de000-7ff2d6a4c000 r-xp 00000000 08:01 3670600                    /lib/x86_64-linux-gnu/libpcre.so.3.13.2
7ff2d6a4c000-7ff2d6c4c000 ---p 0006e000 08:01 3670600                    /lib/x86_64-linux-gnu/libpcre.so.3.13.2
7ff2d6c4c000-7ff2d6c4d000 r--p 0006e000 08:01 3670600                    /lib/x86_64-linux-gnu/libpcre.so.3.13.2
7ff2d6c4d000-7ff2d6c4e000 rw-p 0006f000 08:01 3670600                    /lib/x86_64-linux-gnu/libpcre.so.3.13.2
7ff2d6c4e000-7ff2d6c55000 r-xp 00000000 08:01 35129636                   /usr/lib/x86_64-linux-gnu/libffi.so.6.0.4
7ff2d6c55000-7ff2d6e54000 ---p 00007000 08:01 35129636                   /usr/lib/x86_64-linux-gnu/libffi.so.6.0.4
7ff2d6e54000-7ff2d6e55000 r--p 00006000 08:01 35129636                   /usr/lib/x86_64-linux-gnu/libffi.so.6.0.4
7ff2d6e55000-7ff2d6e56000 rw-p 00007000 08:01 35129636                   /usr/lib/x86_64-linux-gnu/libffi.so.6.0.4
7ff2d6e56000-7ff2d6e58000 r-xp 00000000 08:01 35133707                   /usr/lib/x86_64-linux-gnu/libXcomposite.so.1.0.0
7ff2d6e58000-7ff2d7057000 ---p 00002000 08:01 35133707                   /usr/lib/x86_64-linux-gnu/libXcomposite.so.1.0.0
7ff2d7057000-7ff2d7058000 r--p 00001000 08:01 35133707                   /usr/lib/x86_64-linux-gnu/libXcomposite.so.1.0.0
7ff2d7058000-7ff2d7059000 rw-p 00002000 08:01 35133707                   /usr/lib/x86_64-linux-gnu/libXcomposite.so.1.0.0
7ff2d7059000-7ff2d7062000 r-xp 00000000 08:01 35133713                   /usr/lib/x86_64-linux-gnu/libXcursor.so.1.0.2
7ff2d7062000-7ff2d7261000 ---p 00009000 08:01 35133713                   /usr/lib/x86_64-linux-gnu/libXcursor.so.1.0.2
7ff2d7261000-7ff2d7262000 r--p 00008000 08:01 35133713                   /usr/lib/x86_64-linux-gnu/libXcursor.so.1.0.2
7ff2d7262000-7ff2d7263000 rw-p 00009000 08:01 35133713                   /usr/lib/x86_64-linux-gnu/libXcursor.so.1.0.2
7ff2d7263000-7ff2d726d000 r-xp 00000000 08:01 35134314                   /usr/lib/x86_64-linux-gnu/libXrandr.so.2.2.0
7ff2d726d000-7ff2d746c000 ---p 0000a000 08:01 35134314                   /usr/lib/x86_64-linux-gnu/libXrandr.so.2.2.0
7ff2d746c000-7ff2d746d000 r--p 00009000 08:01 35134314                   /usr/lib/x86_64-linux-gnu/libXrandr.so.2.2.0
7ff2d746d000-7ff2d746e000 rw-p 0000a000 08:01 35134314                   /usr/lib/x86_64-linux-gnu/libXrandr.so.2.2.0
7ff2d746e000-7ff2d747d000 r-xp 00000000 08:01 35134312                   /usr/lib/x86_64-linux-gnu/libXi.so.6.1.0
7ff2d747d000-7ff2d767c000 ---p 0000f000 08:01 35134312                   /usr/lib/x86_64-linux-gnu/libXi.so.6.1.0
7ff2d767c000-7ff2d767d000 r--p 0000e000 08:01 35134312                   /usr/lib/x86_64-linux-gnu/libXi.so.6.1.0
7ff2d767d000-7ff2d767e000 rw-p 0000f000 08:01 35134312                   /usr/lib/x86_64-linux-gnu/libXi.so.6.1.0
7ff2d767e000-7ff2d7680000 r-xp 00000000 08:01 35133719                   /usr/lib/x86_64-linux-gnu/libXinerama.so.1.0.0
7ff2d7680000-7ff2d787f000 ---p 00002000 08:01 35133719                   /usr/lib/x86_64-linux-gnu/libXinerama.so.1.0.0
7ff2d787f000-7ff2d7880000 r--p 00001000 08:01 35133719                   /usr/lib/x86_64-linux-gnu/libXinerama.so.1.0.0
7ff2d7880000-7ff2d7881000 rw-p 00002000 08:01 35133719                   /usr/lib/x86_64-linux-gnu/libXinerama.so.1.0.0
7ff2d7881000-7ff2d788a000 r-xp 00000000 08:01 35133711                   /usr/lib/x86_64-linux-gnu/libXrender.so.1.3.0
7ff2d788a000-7ff2d7a89000 ---p 00009000 08:01 35133711                   /usr/lib/x86_64-linux-gnu/libXrender.so.1.3.0
7ff2d7a89000-7ff2d7a8a000 r--p 00008000 08:01 35133711                   /usr/lib/x86_64-linux-gnu/libXrender.so.1.3.0
7ff2d7a8a000-7ff2d7a8b000 rw-p 00009000 08:01 35133711                   /usr/lib/x86_64-linux-gnu/libXrender.so.1.3.0
7ff2d7a8b000-7ff2d7ac8000 r-xp 00000000 08:01 35129633                   /usr/lib/x86_64-linux-gnu/libfontconfig.so.1.9.0
7ff2d7ac8000-7ff2d7cc7000 ---p 0003d000 08:01 35129633                   /usr/lib/x86_64-linux-gnu/libfontconfig.so.1.9.0
7ff2d7cc7000-7ff2d7cc9000 r--p 0003c000 08:01 35129633                   /usr/lib/x86_64-linux-gnu/libfontconfig.so.1.9.0
7ff2d7cc9000-7ff2d7cce000 rw-p 0003e000 08:01 35129633                   /usr/lib/x86_64-linux-gnu/libfontconfig.so.1.9.0
7ff2d7cce000-7ff2d7d17000 r-xp 00000000 08:01 35133771                   /usr/lib/x86_64-linux-gnu/libpango-1.0.so.0.3800.1
7ff2d7d17000-7ff2d7f17000 ---p 00049000 08:01 35133771                   /usr/lib/x86_64-linux-gnu/libpango-1.0.so.0.3800.1
7ff2d7f17000-7ff2d7f19000 r--p 00049000 08:01 35133771                   /usr/lib/x86_64-linux-gnu/libpango-1.0.so.0.3800.1
7ff2d7f19000-7ff2d7f1a000 rw-p 0004b000 08:01 35133771                   /usr/lib/x86_64-linux-gnu/libpango-1.0.so.0.3800.1
7ff2d7f1a000-7ff2d7f2e000 r-xp 00000000 08:01 35134301                   /usr/lib/x86_64-linux-gnu/libpangoft2-1.0.so.0.3800.1
7ff2d7f2e000-7ff2d812e000 ---p 00014000 08:01 35134301                   /usr/lib/x86_64-linux-gnu/libpangoft2-1.0.so.0.3800.1
7ff2d812e000-7ff2d812f000 r--p 00014000 08:01 35134301                   /usr/lib/x86_64-linux-gnu/libpangoft2-1.0.so.0.3800.1
7ff2d812f000-7ff2d8130000 rw-p 00015000 08:01 35134301                   /usr/lib/x86_64-linux-gnu/libpangoft2-1.0.so.0.3800.1
7ff2d8130000-7ff2d82b0000 r-xp 00000000 08:01 35132255                   /usr/lib/x86_64-linux-gnu/libgio-2.0.so.0.4800.0
7ff2d82b0000-7ff2d84b0000 ---p 00180000 08:01 35132255                   /usr/lib/x86_64-linux-gnu/libgio-2.0.so.0.4800.0
7ff2d84b0000-7ff2d84b4000 r--p 00180000 08:01 35132255                   /usr/lib/x86_64-linux-gnu/libgio-2.0.so.0.4800.0
7ff2d84b4000-7ff2d84b6000 rw-p 00184000 08:01 35132255                   /usr/lib/x86_64-linux-gnu/libgio-2.0.so.0.4800.0
7ff2d84b6000-7ff2d84b8000 rw-p 00000000 00:00 0 
7ff2d84b8000-7ff2d84d9000 r-xp 00000000 08:01 35134285                   /usr/lib/x86_64-linux-gnu/libgdk_pixbuf-2.0.so.0.3200.2
7ff2d84d9000-7ff2d86d8000 ---p 00021000 08:01 35134285                   /usr/lib/x86_64-linux-gnu/libgdk_pixbuf-2.0.so.0.3200.2
7ff2d86d8000-7ff2d86d9000 r--p 00020000 08:01 35134285                   /usr/lib/x86_64-linux-gnu/libgdk_pixbuf-2.0.so.0.3200.2
7ff2d86d9000-7ff2d86da000 rw-p 00021000 08:01 35134285                   /usr/lib/x86_64-linux-gnu/libgdk_pixbuf-2.0.so.0.3200.2
7ff2d86da000-7ff2d87e8000 r-xp 00000000 08:01 35134294                   /usr/lib/x86_64-linux-gnu/libcairo.so.2.11400.6
7ff2d87e8000-7ff2d89e8000 ---p 0010e000 08:01 35134294                   /usr/lib/x86_64-linux-gnu/libcairo.so.2.11400.6
7ff2d89e8000-7ff2d89eb000 r--p 0010e000 08:01 35134294                   /usr/lib/x86_64-linux-gnu/libcairo.so.2.11400.6
7ff2d89eb000-7ff2d89ec000 rw-p 00111000 08:01 35134294                   /usr/lib/x86_64-linux-gnu/libcairo.so.2.11400.6
7ff2d89ec000-7ff2d89ee000 rw-p 00000000 00:00 0 
7ff2d89ee000-7ff2d8a10000 r-xp 00000000 08:01 35134280                   /usr/lib/x86_64-linux-gnu/libatk-1.0.so.0.21809.1
7ff2d8a10000-7ff2d8c0f000 ---p 00022000 08:01 35134280                   /usr/lib/x86_64-linux-gnu/libatk-1.0.so.0.21809.1
7ff2d8c0f000-7ff2d8c12000 r--p 00021000 08:01 35134280                   /usr/lib/x86_64-linux-gnu/libatk-1.0.so.0.21809.1
7ff2d8c12000-7ff2d8c13000 rw-p 00024000 08:01 35134280                   /usr/lib/x86_64-linux-gnu/libatk-1.0.so.0.21809.1
7ff2d8c13000-7ff2d8c1f000 r-xp 00000000 08:01 35134303                   /usr/lib/x86_64-linux-gnu/libpangocairo-1.0.so.0.3800.1
7ff2d8c1f000-7ff2d8e1e000 ---p 0000c000 08:01 35134303                   /usr/lib/x86_64-linux-gnu/libpangocairo-1.0.so.0.3800.1
7ff2d8e1e000-7ff2d8e1f000 r--p 0000b000 08:01 35134303                   /usr/lib/x86_64-linux-gnu/libpangocairo-1.0.so.0.3800.1
7ff2d8e1f000-7ff2d8e20000 rw-p 0000c000 08:01 35134303                   /usr/lib/x86_64-linux-gnu/libpangocairo-1.0.so.0.3800.1
7ff2d8e20000-7ff2d8e23000 r-xp 00000000 08:01 35132257                   /usr/lib/x86_64-linux-gnu/libgmodule-2.0.so.0.4800.0
7ff2d8e23000-7ff2d9022000 ---p 00003000 08:01 35132257                   /usr/lib/x86_64-linux-gnu/libgmodule-2.0.so.0.4800.0
7ff2d9022000-7ff2d9023000 r--p 00002000 08:01 35132257                   /usr/lib/x86_64-linux-gnu/libgmodule-2.0.so.0.4800.0
7ff2d9023000-7ff2d9024000 rw-p 00003000 08:01 35132257                   /usr/lib/x86_64-linux-gnu/libgmodule-2.0.so.0.4800.0
7ff2d9024000-7ff2d9029000 r-xp 00000000 08:01 35133676                   /usr/lib/x86_64-linux-gnu/libIlmThread-2_2.so.12.0.0
7ff2d9029000-7ff2d9229000 ---p 00005000 08:01 35133676                   /usr/lib/x86_64-linux-gnu/libIlmThread-2_2.so.12.0.0
7ff2d9229000-7ff2d922a000 r--p 00005000 08:01 35133676                   /usr/lib/x86_64-linux-gnu/libIlmThread-2_2.so.12.0.0
7ff2d922a000-7ff2d922b000 rw-p 00006000 08:01 35133676                   /usr/lib/x86_64-linux-gnu/libIlmThread-2_2.so.12.0.0
7ff2d922b000-7ff2d9246000 r-xp 00000000 08:01 35133675                   /usr/lib/x86_64-linux-gnu/libIex-2_2.so.12.0.0
7ff2d9246000-7ff2d9445000 ---p 0001b000 08:01 35133675                   /usr/lib/x86_64-linux-gnu/libIex-2_2.so.12.0.0
7ff2d9445000-7ff2d9448000 r--p 0001a000 08:01 35133675                   /usr/lib/x86_64-linux-gnu/libIex-2_2.so.12.0.0
7ff2d9448000-7ff2d9449000 rw-p 0001d000 08:01 35133675                   /usr/lib/x86_64-linux-gnu/libIex-2_2.so.12.0.0
7ff2d9449000-7ff2d9454000 r-xp 00000000 08:01 35133762                   /usr/lib/x86_64-linux-gnu/libjbig.so.0
7ff2d9454000-7ff2d9653000 ---p 0000b000 08:01 35133762                   /usr/lib/x86_64-linux-gnu/libjbig.so.0
7ff2d9653000-7ff2d9654000 r--p 0000a000 08:01 35133762                   /usr/lib/x86_64-linux-gnu/libjbig.so.0
7ff2d9654000-7ff2d9657000 rw-p 0000b000 08:01 35133762                   /usr/lib/x86_64-linux-gnu/libjbig.so.0
7ff2d9657000-7ff2d9678000 r-xp 00000000 08:01 3670560                    /lib/x86_64-linux-gnu/liblzma.so.5.0.0
7ff2d9678000-7ff2d9877000 ---p 00021000 08:01 3670560                    /lib/x86_64-linux-gnu/liblzma.so.5.0.0
7ff2d9877000-7ff2d9878000 r--p 00020000 08:01 3670560                    /lib/x86_64-linux-gnu/liblzma.so.5.0.0
7ff2d9878000-7ff2d9879000 rw-p 00021000 08:01 3670560                    /lib/x86_64-linux-gnu/liblzma.so.5.0.0
7ff2d9879000-7ff2d9887000 r-xp 00000000 08:01 35133043                   /usr/lib/x86_64-linux-gnu/libdrm.so.2.4.0
7ff2d9887000-7ff2d9a86000 ---p 0000e000 08:01 35133043                   /usr/lib/x86_64-linux-gnu/libdrm.so.2.4.0
7ff2d9a86000-7ff2d9a87000 r--p 0000d000 08:01 35133043                   /usr/lib/x86_64-linux-gnu/libdrm.so.2.4.0
7ff2d9a87000-7ff2d9a88000 rw-p 0000e000 08:01 35133043                   /usr/lib/x86_64-linux-gnu/libdrm.so.2.4.0
7ff2d9a88000-7ff2d9a8d000 r-xp 00000000 08:01 35133723                   /usr/lib/x86_64-linux-gnu/libXxf86vm.so.1.0.0
7ff2d9a8d000-7ff2d9c8c000 ---p 00005000 08:01 35133723                   /usr/lib/x86_64-linux-gnu/libXxf86vm.so.1.0.0
7ff2d9c8c000-7ff2d9c8d000 r--p 00004000 08:01 35133723                   /usr/lib/x86_64-linux-gnu/libXxf86vm.so.1.0.0
7ff2d9c8d000-7ff2d9c8e000 rw-p 00005000 08:01 35133723                   /usr/lib/x86_64-linux-gnu/libXxf86vm.so.1.0.0
7ff2d9c8e000-7ff2d9caf000 r-xp 00000000 08:01 35132893                   /usr/lib/x86_64-linux-gnu/libxcb.so.1.1.0
7ff2d9caf000-7ff2d9eae000 ---p 00021000 08:01 35132893                   /usr/lib/x86_64-linux-gnu/libxcb.so.1.1.0
7ff2d9eae000-7ff2d9eaf000 r--p 00020000 08:01 35132893                   /usr/lib/x86_64-linux-gnu/libxcb.so.1.1.0
7ff2d9eaf000-7ff2d9eb0000 rw-p 00021000 08:01 35132893                   /usr/lib/x86_64-linux-gnu/libxcb.so.1.1.0
7ff2d9eb0000-7ff2d9eb4000 r-xp 00000000 08:01 35134524                   /usr/lib/x86_64-linux-gnu/libxcb-dri2.so.0.0.0
7ff2d9eb4000-7ff2da0b3000 ---p 00004000 08:01 35134524                   /usr/lib/x86_64-linux-gnu/libxcb-dri2.so.0.0.0
7ff2da0b3000-7ff2da0b4000 r--p 00003000 08:01 35134524                   /usr/lib/x86_64-linux-gnu/libxcb-dri2.so.0.0.0
7ff2da0b4000-7ff2da0b5000 rw-p 00004000 08:01 35134524                   /usr/lib/x86_64-linux-gnu/libxcb-dri2.so.0.0.0
7ff2da0b5000-7ff2da0cc000 r-xp 00000000 08:01 35134528                   /usr/lib/x86_64-linux-gnu/libxcb-glx.so.0.0.0
7ff2da0cc000-7ff2da2cb000 ---p 00017000 08:01 35134528                   /usr/lib/x86_64-linux-gnu/libxcb-glx.so.0.0.0
7ff2da2cb000-7ff2da2cd000 r--p 00016000 08:01 35134528                   /usr/lib/x86_64-linux-gnu/libxcb-glx.so.0.0.0
7ff2da2cd000-7ff2da2ce000 rw-p 00018000 08:01 35134528                   /usr/lib/x86_64-linux-gnu/libxcb-glx.so.0.0.0
7ff2da2ce000-7ff2da403000 r-xp 00000000 08:01 35132896                   /usr/lib/x86_64-linux-gnu/libX11.so.6.3.0
7ff2da403000-7ff2da603000 ---p 00135000 08:01 35132896                   /usr/lib/x86_64-linux-gnu/libX11.so.6.3.0
7ff2da603000-7ff2da604000 r--p 00135000 08:01 35132896                   /usr/lib/x86_64-linux-gnu/libX11.so.6.3.0
7ff2da604000-7ff2da608000 rw-p 00136000 08:01 35132896                   /usr/lib/x86_64-linux-gnu/libX11.so.6.3.0
7ff2da608000-7ff2da609000 r-xp 00000000 08:01 35134522                   /usr/lib/x86_64-linux-gnu/libX11-xcb.so.1.0.0
7ff2da609000-7ff2da808000 ---p 00001000 08:01 35134522                   /usr/lib/x86_64-linux-gnu/libX11-xcb.so.1.0.0
7ff2da808000-7ff2da809000 r--p 00000000 08:01 35134522                   /usr/lib/x86_64-linux-gnu/libX11-xcb.so.1.0.0
7ff2da809000-7ff2da80a000 rw-p 00001000 08:01 35134522                   /usr/lib/x86_64-linux-gnu/libX11-xcb.so.1.0.0
7ff2da80a000-7ff2da80f000 r-xp 00000000 08:01 35133709                   /usr/lib/x86_64-linux-gnu/libXfixes.so.3.1.0
7ff2da80f000-7ff2daa0e000 ---p 00005000 08:01 35133709                   /usr/lib/x86_64-linux-gnu/libXfixes.so.3.1.0
7ff2daa0e000-7ff2daa0f000 r--p 00004000 08:01 35133709                   /usr/lib/x86_64-linux-gnu/libXfixes.so.3.1.0
7ff2daa0f000-7ff2daa10000 rw-p 00005000 08:01 35133709                   /usr/lib/x86_64-linux-gnu/libXfixes.so.3.1.0
7ff2daa10000-7ff2daa12000 r-xp 00000000 08:01 35133715                   /usr/lib/x86_64-linux-gnu/libXdamage.so.1.1.0
7ff2daa12000-7ff2dac11000 ---p 00002000 08:01 35133715                   /usr/lib/x86_64-linux-gnu/libXdamage.so.1.1.0
7ff2dac11000-7ff2dac12000 r--p 00001000 08:01 35133715                   /usr/lib/x86_64-linux-gnu/libXdamage.so.1.1.0
7ff2dac12000-7ff2dac13000 rw-p 00002000 08:01 35133715                   /usr/lib/x86_64-linux-gnu/libXdamage.so.1.1.0
7ff2dac13000-7ff2dac24000 r-xp 00000000 08:01 35132898                   /usr/lib/x86_64-linux-gnu/libXext.so.6.4.0
7ff2dac24000-7ff2dae23000 ---p 00011000 08:01 35132898                   /usr/lib/x86_64-linux-gnu/libXext.so.6.4.0
7ff2dae23000-7ff2dae24000 r--p 00010000 08:01 35132898                   /usr/lib/x86_64-linux-gnu/libXext.so.6.4.0
7ff2dae24000-7ff2dae25000 rw-p 00011000 08:01 35132898                   /usr/lib/x86_64-linux-gnu/libXext.so.6.4.0
7ff2dae25000-7ff2dae4e000 r-xp 00000000 08:01 35134520                   /usr/lib/x86_64-linux-gnu/libglapi.so.0.0.0
7ff2dae4e000-7ff2db04d000 ---p 00029000 08:01 35134520                   /usr/lib/x86_64-linux-gnu/libglapi.so.0.0.0
7ff2db04d000-7ff2db051000 r--p 00028000 08:01 35134520                   /usr/lib/x86_64-linux-gnu/libglapi.so.0.0.0
7ff2db051000-7ff2db052000 rw-p 0002c000 08:01 35134520                   /usr/lib/x86_64-linux-gnu/libglapi.so.0.0.0
7ff2db052000-7ff2db053000 rw-p 00000000 00:00 0 
7ff2db053000-7ff2db054000 r-xp 00000000 08:01 35133721                   /usr/lib/x86_64-linux-gnu/libxshmfence.so.1.0.0
7ff2db054000-7ff2db254000 ---p 00001000 08:01 35133721                   /usr/lib/x86_64-linux-gnu/libxshmfence.so.1.0.0
7ff2db254000-7ff2db255000 r--p 00001000 08:01 35133721                   /usr/lib/x86_64-linux-gnu/libxshmfence.so.1.0.0
7ff2db255000-7ff2db256000 rw-p 00002000 08:01 35133721                   /usr/lib/x86_64-linux-gnu/libxshmfence.so.1.0.0
7ff2db256000-7ff2db25b000 r-xp 00000000 08:01 35134532                   /usr/lib/x86_64-linux-gnu/libxcb-sync.so.1.0.0
7ff2db25b000-7ff2db45b000 ---p 00005000 08:01 35134532                   /usr/lib/x86_64-linux-gnu/libxcb-sync.so.1.0.0
7ff2db45b000-7ff2db45c000 r--p 00005000 08:01 35134532                   /usr/lib/x86_64-linux-gnu/libxcb-sync.so.1.0.0
7ff2db45c000-7ff2db45d000 rw-p 00006000 08:01 35134532                   /usr/lib/x86_64-linux-gnu/libxcb-sync.so.1.0.0
7ff2db45d000-7ff2db45f000 r-xp 00000000 08:01 35134530                   /usr/lib/x86_64-linux-gnu/libxcb-present.so.0.0.0
7ff2db45f000-7ff2db65e000 ---p 00002000 08:01 35134530                   /usr/lib/x86_64-linux-gnu/libxcb-present.so.0.0.0
7ff2db65e000-7ff2db65f000 r--p 00001000 08:01 35134530                   /usr/lib/x86_64-linux-gnu/libxcb-present.so.0.0.0
7ff2db65f000-7ff2db660000 rw-p 00002000 08:01 35134530                   /usr/lib/x86_64-linux-gnu/libxcb-present.so.0.0.0
7ff2db660000-7ff2db662000 r-xp 00000000 08:01 35134526                   /usr/lib/x86_64-linux-gnu/libxcb-dri3.so.0.0.0
7ff2db662000-7ff2db861000 ---p 00002000 08:01 35134526                   /usr/lib/x86_64-linux-gnu/libxcb-dri3.so.0.0.0
7ff2db861000-7ff2db862000 r--p 00001000 08:01 35134526                   /usr/lib/x86_64-linux-gnu/libxcb-dri3.so.0.0.0
7ff2db862000-7ff2db863000 rw-p 00002000 08:01 35134526                   /usr/lib/x86_64-linux-gnu/libxcb-dri3.so.0.0.0
7ff2db863000-7ff2db889000 r-xp 00000000 08:01 3674279                    /lib/x86_64-linux-gnu/libexpat.so.1.6.0
7ff2db889000-7ff2dba89000 ---p 00026000 08:01 3674279                    /lib/x86_64-linux-gnu/libexpat.so.1.6.0
7ff2dba89000-7ff2dba8b000 r--p 00026000 08:01 3674279                    /lib/x86_64-linux-gnu/libexpat.so.1.6.0
7ff2dba8b000-7ff2dba8c000 rw-p 00028000 08:01 3674279                    /lib/x86_64-linux-gnu/libexpat.so.1.6.0
7ff2dba8c000-7ff2dba8f000 r-xp 00000000 08:01 3670534                    /lib/x86_64-linux-gnu/libdl-2.23.so
7ff2dba8f000-7ff2dbc8e000 ---p 00003000 08:01 3670534                    /lib/x86_64-linux-gnu/libdl-2.23.so
7ff2dbc8e000-7ff2dbc8f000 r--p 00002000 08:01 3670534                    /lib/x86_64-linux-gnu/libdl-2.23.so
7ff2dbc8f000-7ff2dbc90000 rw-p 00003000 08:01 3670534                    /lib/x86_64-linux-gnu/libdl-2.23.so
7ff2dbc90000-7ff2dbc97000 r-xp 00000000 08:01 3670613                    /lib/x86_64-linux-gnu/librt-2.23.so
7ff2dbc97000-7ff2dbe96000 ---p 00007000 08:01 3670613                    /lib/x86_64-linux-gnu/librt-2.23.so
7ff2dbe96000-7ff2dbe97000 r--p 00006000 08:01 3670613                    /lib/x86_64-linux-gnu/librt-2.23.so
7ff2dbe97000-7ff2dbe98000 rw-p 00007000 08:01 3670613                    /lib/x86_64-linux-gnu/librt-2.23.so
7ff2dbe98000-7ff2dbeb1000 r-xp 00000000 08:01 3670643                    /lib/x86_64-linux-gnu/libz.so.1.2.8
7ff2dbeb1000-7ff2dc0b0000 ---p 00019000 08:01 3670643                    /lib/x86_64-linux-gnu/libz.so.1.2.8
7ff2dc0b0000-7ff2dc0b1000 r--p 00018000 08:01 3670643                    /lib/x86_64-linux-gnu/libz.so.1.2.8
7ff2dc0b1000-7ff2dc0b2000 rw-p 00019000 08:01 3670643                    /lib/x86_64-linux-gnu/libz.so.1.2.8
7ff2dc0b2000-7ff2dc0e9000 r-xp 00000000 08:01 35134548                   /usr/lib/x86_64-linux-gnu/libtbb.so.2
7ff2dc0e9000-7ff2dc2e9000 ---p 00037000 08:01 35134548                   /usr/lib/x86_64-linux-gnu/libtbb.so.2
7ff2dc2e9000-7ff2dc2ea000 r--p 00037000 08:01 35134548                   /usr/lib/x86_64-linux-gnu/libtbb.so.2
7ff2dc2ea000-7ff2dc2ec000 rw-p 00038000 08:01 35134548                   /usr/lib/x86_64-linux-gnu/libtbb.so.2
7ff2dc2ec000-7ff2dc2ef000 rw-p 00000000 00:00 0 
7ff2dc2ef000-7ff2dc374000 r-xp 00000000 08:01 35134585                   /usr/lib/x86_64-linux-gnu/libswscale-ffmpeg.so.3.1.101
7ff2dc374000-7ff2dc573000 ---p 00085000 08:01 35134585                   /usr/lib/x86_64-linux-gnu/libswscale-ffmpeg.so.3.1.101
7ff2dc573000-7ff2dc575000 r--p 00084000 08:01 35134585                   /usr/lib/x86_64-linux-gnu/libswscale-ffmpeg.so.3.1.101
7ff2dc575000-7ff2dc576000 rw-p 00086000 08:01 35134585                   /usr/lib/x86_64-linux-gnu/libswscale-ffmpeg.so.3.1.101
7ff2dc576000-7ff2dc57e000 rw-p 00000000 00:00 0 
7ff2dc57e000-7ff2dc5d3000 r-xp 00000000 08:01 35134383                   /usr/lib/x86_64-linux-gnu/libavutil-ffmpeg.so.54.31.100
7ff2dc5d3000-7ff2dc7d3000 ---p 00055000 08:01 35134383                   /usr/lib/x86_64-linux-gnu/libavutil-ffmpeg.so.54.31.100
7ff2dc7d3000-7ff2dc7d9000 r--p 00055000 08:01 35134383                   /usr/lib/x86_64-linux-gnu/libavutil-ffmpeg.so.54.31.100
7ff2dc7d9000-7ff2dc7da000 rw-p 0005b000 08:01 35134383                   /usr/lib/x86_64-linux-gnu/libavutil-ffmpeg.so.54.31.100
7ff2dc7da000-7ff2dc7ed000 rw-p 00000000 00:00 0 
7ff2dc7ed000-7ff2dc9c1000 r-xp 00000000 08:01 35134456                   /usr/lib/x86_64-linux-gnu/libavformat-ffmpeg.so.56.40.101
7ff2dc9c1000-7ff2dcbc1000 ---p 001d4000 08:01 35134456                   /usr/lib/x86_64-linux-gnu/libavformat-ffmpeg.so.56.40.101
7ff2dcbc1000-7ff2dcbd5000 r--p 001d4000 08:01 35134456                   /usr/lib/x86_64-linux-gnu/libavformat-ffmpeg.so.56.40.101
7ff2dcbd5000-7ff2dcbea000 rw-p 001e8000 08:01 35134456                   /usr/lib/x86_64-linux-gnu/libavformat-ffmpeg.so.56.40.101
7ff2dcbea000-7ff2dd714000 r-xp 00000000 08:01 35134432                   /usr/lib/x86_64-linux-gnu/libavcodec-ffmpeg.so.56.60.100
7ff2dd714000-7ff2dd913000 ---p 00b2a000 08:01 35134432                   /usr/lib/x86_64-linux-gnu/libavcodec-ffmpeg.so.56.60.100
7ff2dd913000-7ff2dd93e000 r--p 00b29000 08:01 35134432                   /usr/lib/x86_64-linux-gnu/libavcodec-ffmpeg.so.56.60.100
7ff2dd93e000-7ff2dd961000 rw-p 00b54000 08:01 35134432                   /usr/lib/x86_64-linux-gnu/libavcodec-ffmpeg.so.56.60.100
7ff2dd961000-7ff2de014000 rw-p 00000000 00:00 0 
7ff2de014000-7ff2de019000 r-xp 00000000 08:01 35134590                   /usr/lib/x86_64-linux-gnu/libv4l1.so.0.0.0
7ff2de019000-7ff2de218000 ---p 00005000 08:01 35134590                   /usr/lib/x86_64-linux-gnu/libv4l1.so.0.0.0
7ff2de218000-7ff2de219000 r--p 00004000 08:01 35134590                   /usr/lib/x86_64-linux-gnu/libv4l1.so.0.0.0
7ff2de219000-7ff2de21a000 rw-p 00005000 08:01 35134590                   /usr/lib/x86_64-linux-gnu/libv4l1.so.0.0.0
7ff2de21a000-7ff2de24f000 r-xp 00000000 08:01 35134571                   /usr/lib/x86_64-linux-gnu/libdc1394.so.22.1.11
7ff2de24f000-7ff2de44e000 ---p 00035000 08:01 35134571                   /usr/lib/x86_64-linux-gnu/libdc1394.so.22.1.11
7ff2de44e000-7ff2de44f000 r--p 00034000 08:01 35134571                   /usr/lib/x86_64-linux-gnu/libdc1394.so.22.1.11
7ff2de44f000-7ff2de450000 rw-p 00035000 08:01 35134571                   /usr/lib/x86_64-linux-gnu/libdc1394.so.22.1.11
7ff2de450000-7ff2de490000 rw-p 00000000 00:00 0 
7ff2de490000-7ff2de4ed000 r-xp 00000000 08:01 35134579                   /usr/lib/x86_64-linux-gnu/libgdkglext-x11-1.0.so.0.0.0
7ff2de4ed000-7ff2de6ec000 ---p 0005d000 08:01 35134579                   /usr/lib/x86_64-linux-gnu/libgdkglext-x11-1.0.so.0.0.0
7ff2de6ec000-7ff2de6ee000 r--p 0005c000 08:01 35134579                   /usr/lib/x86_64-linux-gnu/libgdkglext-x11-1.0.so.0.0.0
7ff2de6ee000-7ff2de6f4000 rw-p 0005e000 08:01 35134579                   /usr/lib/x86_64-linux-gnu/libgdkglext-x11-1.0.so.0.0.0
7ff2de6f4000-7ff2de6f7000 r-xp 00000000 08:01 35134580                   /usr/lib/x86_64-linux-gnu/libgtkglext-x11-1.0.so.0.0.0
7ff2de6f7000-7ff2de8f6000 ---p 00003000 08:01 35134580                   /usr/lib/x86_64-linux-gnu/libgtkglext-x11-1.0.so.0.0.0
7ff2de8f6000-7ff2de8f7000 r--p 00002000 08:01 35134580                   /usr/lib/x86_64-linux-gnu/libgtkglext-x11-1.0.so.0.0.0
7ff2de8f7000-7ff2de8f8000 rw-p 00003000 08:01 35134580                   /usr/lib/x86_64-linux-gnu/libgtkglext-x11-1.0.so.0.0.0
7ff2de8f8000-7ff2dea06000 r-xp 00000000 08:01 3674052                    /lib/x86_64-linux-gnu/libglib-2.0.so.0.4800.0
7ff2dea06000-7ff2dec06000 ---p 0010e000 08:01 3674052                    /lib/x86_64-linux-gnu/libglib-2.0.so.0.4800.0
7ff2dec06000-7ff2dec07000 r--p 0010e000 08:01 3674052                    /lib/x86_64-linux-gnu/libglib-2.0.so.0.4800.0
7ff2dec07000-7ff2dec08000 rw-p 0010f000 08:01 3674052                    /lib/x86_64-linux-gnu/libglib-2.0.so.0.4800.0
7ff2dec08000-7ff2dec09000 rw-p 00000000 00:00 0 
7ff2dec09000-7ff2dec5b000 r-xp 00000000 08:01 35132254                   /usr/lib/x86_64-linux-gnu/libgobject-2.0.so.0.4800.0
7ff2dec5b000-7ff2dee5a000 ---p 00052000 08:01 35132254                   /usr/lib/x86_64-linux-gnu/libgobject-2.0.so.0.4800.0
7ff2dee5a000-7ff2dee5b000 r--p 00051000 08:01 35132254                   /usr/lib/x86_64-linux-gnu/libgobject-2.0.so.0.4800.0
7ff2dee5b000-7ff2dee5c000 rw-p 00052000 08:01 35132254                   /usr/lib/x86_64-linux-gnu/libgobject-2.0.so.0.4800.0
7ff2dee5c000-7ff2def0c000 r-xp 00000000 08:01 35134316                   /usr/lib/x86_64-linux-gnu/libgdk-x11-2.0.so.0.2400.30
7ff2def0c000-7ff2df10b000 ---p 000b0000 08:01 35134316                   /usr/lib/x86_64-linux-gnu/libgdk-x11-2.0.so.0.2400.30
7ff2df10b000-7ff2df10f000 r--p 000af000 08:01 35134316                   /usr/lib/x86_64-linux-gnu/libgdk-x11-2.0.so.0.2400.30
7ff2df10f000-7ff2df111000 rw-p 000b3000 08:01 35134316                   /usr/lib/x86_64-linux-gnu/libgdk-x11-2.0.so.0.2400.30
7ff2df111000-7ff2df54f000 r-xp 00000000 08:01 35134317                   /usr/lib/x86_64-linux-gnu/libgtk-x11-2.0.so.0.2400.30
7ff2df54f000-7ff2df74e000 ---p 0043e000 08:01 35134317                   /usr/lib/x86_64-linux-gnu/libgtk-x11-2.0.so.0.2400.30
7ff2df74e000-7ff2df755000 r--p 0043d000 08:01 35134317                   /usr/lib/x86_64-linux-gnu/libgtk-x11-2.0.so.0.2400.30
7ff2df755000-7ff2df759000 rw-p 00444000 08:01 35134317                   /usr/lib/x86_64-linux-gnu/libgtk-x11-2.0.so.0.2400.30
7ff2df759000-7ff2df75c000 rw-p 00000000 00:00 0 
7ff2df75c000-7ff2df79e000 r-xp 00000000 08:01 35133674                   /usr/lib/x86_64-linux-gnu/libHalf.so.12.0.0
7ff2df79e000-7ff2df99d000 ---p 00042000 08:01 35133674                   /usr/lib/x86_64-linux-gnu/libHalf.so.12.0.0
7ff2df99d000-7ff2df99e000 r--p 00041000 08:01 35133674                   /usr/lib/x86_64-linux-gnu/libHalf.so.12.0.0
7ff2df99e000-7ff2df99f000 rw-p 00042000 08:01 35133674                   /usr/lib/x86_64-linux-gnu/libHalf.so.12.0.0
7ff2df99f000-7ff2dfb69000 r-xp 00000000 08:01 35133687                   /usr/lib/x86_64-linux-gnu/libIlmImf-2_2.so.22.0.0
7ff2dfb69000-7ff2dfd68000 ---p 001ca000 08:01 35133687                   /usr/lib/x86_64-linux-gnu/libIlmImf-2_2.so.22.0.0
7ff2dfd68000-7ff2dfd6b000 r--p 001c9000 08:01 35133687                   /usr/lib/x86_64-linux-gnu/libIlmImf-2_2.so.22.0.0
7ff2dfd6b000-7ff2dfe6c000 rw-p 001cc000 08:01 35133687                   /usr/lib/x86_64-linux-gnu/libIlmImf-2_2.so.22.0.0
7ff2dfe6c000-7ff2dfe6d000 rw-p 00000000 00:00 0 
7ff2dfe6d000-7ff2dfeb9000 r-xp 00000000 08:01 35134583                   /usr/lib/x86_64-linux-gnu/libjasper.so.1.0.0
7ff2dfeb9000-7ff2e00b8000 ---p 0004c000 08:01 35134583                   /usr/lib/x86_64-linux-gnu/libjasper.so.1.0.0
7ff2e00b8000-7ff2e00b9000 r--p 0004b000 08:01 35134583                   /usr/lib/x86_64-linux-gnu/libjasper.so.1.0.0
7ff2e00b9000-7ff2e00bd000 rw-p 0004c000 08:01 35134583                   /usr/lib/x86_64-linux-gnu/libjasper.so.1.0.0
7ff2e00bd000-7ff2e00c4000 rw-p 00000000 00:00 0 
7ff2e00c4000-7ff2e0133000 r-xp 00000000 08:01 35134282                   /usr/lib/x86_64-linux-gnu/libtiff.so.5.2.4
7ff2e0133000-7ff2e0333000 ---p 0006f000 08:01 35134282                   /usr/lib/x86_64-linux-gnu/libtiff.so.5.2.4
7ff2e0333000-7ff2e0334000 r--p 0006f000 08:01 35134282                   /usr/lib/x86_64-linux-gnu/libtiff.so.5.2.4
7ff2e0334000-7ff2e0337000 rw-p 00070000 08:01 35134282                   /usr/lib/x86_64-linux-gnu/libtiff.so.5.2.4
7ff2e0337000-7ff2e035b000 r-xp 00000000 08:01 3670602                    /lib/x86_64-linux-gnu/libpng12.so.0.54.0
7ff2e035b000-7ff2e055a000 ---p 00024000 08:01 3670602                    /lib/x86_64-linux-gnu/libpng12.so.0.54.0
7ff2e055a000-7ff2e055b000 r--p 00023000 08:01 3670602                    /lib/x86_64-linux-gnu/libpng12.so.0.54.0
7ff2e055b000-7ff2e055c000 rw-p 00024000 08:01 3670602                    /lib/x86_64-linux-gnu/libpng12.so.0.54.0
7ff2e055c000-7ff2e05b3000 r-xp 00000000 08:01 35133668                   /usr/lib/x86_64-linux-gnu/libjpeg.so.8.0.2
7ff2e05b3000-7ff2e07b3000 ---p 00057000 08:01 35133668                   /usr/lib/x86_64-linux-gnu/libjpeg.so.8.0.2
7ff2e07b3000-7ff2e07b4000 r--p 00057000 08:01 35133668                   /usr/lib/x86_64-linux-gnu/libjpeg.so.8.0.2
7ff2e07b4000-7ff2e07b5000 rw-p 00058000 08:01 35133668                   /usr/lib/x86_64-linux-gnu/libjpeg.so.8.0.2
7ff2e07b5000-7ff2e0822000 r-xp 00000000 08:01 37225348                   /usr/lib/x86_64-linux-gnu/mesa/libGL.so.1.2.0
7ff2e0822000-7ff2e0a21000 ---p 0006d000 08:01 37225348                   /usr/lib/x86_64-linux-gnu/mesa/libGL.so.1.2.0
7ff2e0a21000-7ff2e0a24000 r--p 0006c000 08:01 37225348                   /usr/lib/x86_64-linux-gnu/mesa/libGL.so.1.2.0
7ff2e0a24000-7ff2e0a25000 rw-p 0006f000 08:01 37225348                   /usr/lib/x86_64-linux-gnu/mesa/libGL.so.1.2.0
7ff2e0a25000-7ff2e0a26000 rw-p 00000000 00:00 0 
7ff2e0a26000-7ff2e0a47000 r-xp 00000000 08:01 35133993                   /usr/lib/x86_64-linux-gnu/libgomp.so.1.0.0
7ff2e0a47000-7ff2e0c46000 ---p 00021000 08:01 35133993                   /usr/lib/x86_64-linux-gnu/libgomp.so.1.0.0
7ff2e0c46000-7ff2e0c47000 r--p 00020000 08:01 35133993                   /usr/lib/x86_64-linux-gnu/libgomp.so.1.0.0
7ff2e0c47000-7ff2e0c48000 rw-p 00021000 08:01 35133993                   /usr/lib/x86_64-linux-gnu/libgomp.so.1.0.0
7ff2e0c48000-7ff2e0d50000 r-xp 00000000 08:01 3670561                    /lib/x86_64-linux-gnu/libm-2.23.so
7ff2e0d50000-7ff2e0f4f000 ---p 00108000 08:01 3670561                    /lib/x86_64-linux-gnu/libm-2.23.so
7ff2e0f4f000-7ff2e0f50000 r--p 00107000 08:01 3670561                    /lib/x86_64-linux-gnu/libm-2.23.so
7ff2e0f50000-7ff2e0f51000 rw-p 00108000 08:01 3670561                    /lib/x86_64-linux-gnu/libm-2.23.so
7ff2e0f51000-7ff2e116e000 r-xp 00000000 08:01 35134549                   /usr/lib/x86_64-linux-gnu/libopencv_core.so.2.4.9
7ff2e116e000-7ff2e136e000 ---p 0021d000 08:01 35134549                   /usr/lib/x86_64-linux-gnu/libopencv_core.so.2.4.9
7ff2e136e000-7ff2e1372000 r--p 0021d000 08:01 35134549                   /usr/lib/x86_64-linux-gnu/libopencv_core.so.2.4.9
7ff2e1372000-7ff2e1379000 rw-p 00221000 08:01 35134549                   /usr/lib/x86_64-linux-gnu/libopencv_core.so.2.4.9
7ff2e1379000-7ff2e137b000 rw-p 00000000 00:00 0 
7ff2e137b000-7ff2e156b000 r-xp 00000000 08:01 35134553                   /usr/lib/x86_64-linux-gnu/libopencv_imgproc.so.2.4.9
7ff2e156b000-7ff2e176a000 ---p 001f0000 08:01 35134553                   /usr/lib/x86_64-linux-gnu/libopencv_imgproc.so.2.4.9
7ff2e176a000-7ff2e1770000 r--p 001ef000 08:01 35134553                   /usr/lib/x86_64-linux-gnu/libopencv_imgproc.so.2.4.9
7ff2e1770000-7ff2e1771000 rw-p 001f5000 08:01 35134553                   /usr/lib/x86_64-linux-gnu/libopencv_imgproc.so.2.4.9
7ff2e1771000-7ff2e1806000 rw-p 00000000 00:00 0 
7ff2e1806000-7ff2e184c000 r-xp 00000000 08:01 35134593                   /usr/lib/x86_64-linux-gnu/libopencv_highgui.so.2.4.9
7ff2e184c000-7ff2e1a4b000 ---p 00046000 08:01 35134593                   /usr/lib/x86_64-linux-gnu/libopencv_highgui.so.2.4.9
7ff2e1a4b000-7ff2e1a4e000 r--p 00045000 08:01 35134593                   /usr/lib/x86_64-linux-gnu/libopencv_highgui.so.2.4.9
7ff2e1a4e000-7ff2e1a4f000 rw-p 00048000 08:01 35134593                   /usr/lib/x86_64-linux-gnu/libopencv_highgui.so.2.4.9
7ff2e1a4f000-7ff2e1c0f000 r-xp 00000000 08:01 3670520                    /lib/x86_64-linux-gnu/libc-2.23.so
7ff2e1c0f000-7ff2e1e0e000 ---p 001c0000 08:01 3670520                    /lib/x86_64-linux-gnu/libc-2.23.so
7ff2e1e0e000-7ff2e1e12000 r--p 001bf000 08:01 3670520                    /lib/x86_64-linux-gnu/libc-2.23.so
7ff2e1e12000-7ff2e1e14000 rw-p 001c3000 08:01 3670520                    /lib/x86_64-linux-gnu/libc-2.23.so
7ff2e1e14000-7ff2e1e18000 rw-p 00000000 00:00 0 
7ff2e1e18000-7ff2e1e30000 r-xp 00000000 08:01 3670607                    /lib/x86_64-linux-gnu/libpthread-2.23.so
7ff2e1e30000-7ff2e202f000 ---p 00018000 08:01 3670607                    /lib/x86_64-linux-gnu/libpthread-2.23.so
7ff2e202f000-7ff2e2030000 r--p 00017000 08:01 3670607                    /lib/x86_64-linux-gnu/libpthread-2.23.so
7ff2e2030000-7ff2e2031000 rw-p 00018000 08:01 3670607                    /lib/x86_64-linux-gnu/libpthread-2.23.so
7ff2e2031000-7ff2e2035000 rw-p 00000000 00:00 0 
7ff2e2035000-7ff2e204b000 r-xp 00000000 08:01 3670546                    /lib/x86_64-linux-gnu/libgcc_s.so.1
7ff2e204b000-7ff2e224a000 ---p 00016000 08:01 3670546                    /lib/x86_64-linux-gnu/libgcc_s.so.1
7ff2e224a000-7ff2e224b000 rw-p 00015000 08:01 3670546                    /lib/x86_64-linux-gnu/libgcc_s.so.1
7ff2e224b000-7ff2e23bd000 r-xp 00000000 08:01 35131430                   /usr/lib/x86_64-linux-gnu/libstdc++.so.6.0.21
7ff2e23bd000-7ff2e25bd000 ---p 00172000 08:01 35131430                   /usr/lib/x86_64-linux-gnu/libstdc++.so.6.0.21
7ff2e25bd000-7ff2e25c7000 r--p 00172000 08:01 35131430                   /usr/lib/x86_64-linux-gnu/libstdc++.so.6.0.21
7ff2e25c7000-7ff2e25c9000 rw-p 0017c000 08:01 35131430                   /usr/lib/x86_64-linux-gnu/libstdc++.so.6.0.21
7ff2e25c9000-7ff2e25cd000 rw-p 00000000 00:00 0 
7ff2e25cd000-7ff2e2615000 r-xp 00000000 00:2a 657865                     /home/sebastian/raytracing/build/DocOpt/libdocopt.so
7ff2e2615000-7ff2e2814000 ---p 00048000 00:2a 657865                     /home/sebastian/raytracing/build/DocOpt/libdocopt.so
7ff2e2814000-7ff2e2816000 r--p 00047000 00:2a 657865                     /home/sebastian/raytracing/build/DocOpt/libdocopt.so
7ff2e2816000-7ff2e2817000 rw-p 00049000 00:2a 657865                     /home/sebastian/raytracing/build/DocOpt/libdocopt.so
7ff2e2817000-7ff2e2957000 r-xp 00000000 00:2a 54001821                   /home/sebastian/raytracing/build/libmct.so
7ff2e2957000-7ff2e2b56000 ---p 00140000 00:2a 54001821                   /home/sebastian/raytracing/build/libmct.so
7ff2e2b56000-7ff2e2b59000 r--p 0013f000 00:2a 54001821                   /home/sebastian/raytracing/build/libmct.so
7ff2e2b59000-7ff2e2b5c000 rw-p 00142000 00:2a 54001821                   /home/sebastian/raytracing/build/libmct.so
7ff2e2b5c000-7ff2e2b6c000 rw-p 00000000 00:00 0 
7ff2e2b6c000-7ff2e2b92000 r-xp 00000000 08:01 3670496                    /lib/x86_64-linux-gnu/ld-2.23.so
7ff2e2d20000-7ff2e2d3a000 rw-p 00000000 00:00 0 
7ff2e2d3a000-7ff2e2d58000 r-xp 00000000 08:01 3670633                    /lib/x86_64-linux-gnu/libudev.so.1.6.4
7ff2e2d58000-7ff2e2d59000 r--p 0001d000 08:01 3670633                    /lib/x86_64-linux-gnu/libudev.so.1.6.4
7ff2e2d59000-7ff2e2d5a000 rw-p 0001e000 08:01 3670633                    /lib/x86_64-linux-gnu/libudev.so.1.6.4
7ff2e2d5a000-7ff2e2d83000 rw-p 00000000 00:00 0 
7ff2e2d8d000-7ff2e2d91000 rw-p 00000000 00:00 0 
7ff2e2d91000-7ff2e2d92000 r--p 00025000 08:01 3670496                    /lib/x86_64-linux-gnu/ld-2.23.so
7ff2e2d92000-7ff2e2d93000 rw-p 00026000 08:01 3670496                    /lib/x86_64-linux-gnu/ld-2.23.so
7ff2e2d93000-7ff2e2d94000 rw-p 00000000 00:00 0 
7ffe33e98000-7ffe33edb000 rw-p 00000000 00:00 0                          [stack]
7ffe33f2d000-7ffe33f2f000 r--p 00000000 00:00 0                          [vvar]
7ffe33f2f000-7ffe33f31000 r-xp 00000000 00:00 0                          [vdso]
ffffffffff600000-ffffffffff601000 r-xp 00000000 00:00 0                  [vsyscall]
