*** Error in `/home/sebastian/raytracing/build/mctPlenoscopePropagation': munmap_chunk(): invalid pointer: 0x0000000000c77820 ***
======= Backtrace: =========
/lib/x86_64-linux-gnu/libc.so.6(+0x77725)[0x7fce0db26725]
/lib/x86_64-linux-gnu/libc.so.6(cfree+0x1a8)[0x7fce0db32c18]
/home/sebastian/raytracing/build/libmct.so(_ZNSt6vectorIN12PhotonSensor11photon_infoESaIS1_EE19_M_emplace_back_auxIJRKS1_EEEvDpOT_+0xd6)[0x7fce0e936a16]
/home/sebastian/raytracing/build/libmct.so(_ZN12PhotonSensor6Sensor28assign_photon_to_this_sensorEPK6Photon+0x1c9)[0x7fce0e9364f9]
/home/sebastian/raytracing/build/libmct.so(_ZN13PhotonSensors7Sensors13assign_photonEPK6Photon+0x5a)[0x7fce0e937b3a]
/home/sebastian/raytracing/build/libmct.so(_ZN13PhotonSensors7Sensors14assign_photonsEPKSt6vectorI6PhotonSaIS2_EE+0x27)[0x7fce0e937b87]
/home/sebastian/raytracing/build/mctPlenoscopePropagation(main+0x1939)[0x40ed99]
/lib/x86_64-linux-gnu/libc.so.6(__libc_start_main+0xf0)[0x7fce0dacf830]
/home/sebastian/raytracing/build/mctPlenoscopePropagation(_start+0x29)[0x412369]
======= Memory map: ========
00400000-00432000 r-xp 00000000 00:2a 54001989                           /home/sebastian/raytracing/build/mctPlenoscopePropagation
00632000-00633000 r--p 00032000 00:2a 54001989                           /home/sebastian/raytracing/build/mctPlenoscopePropagation
00633000-00634000 rw-p 00033000 00:2a 54001989                           /home/sebastian/raytracing/build/mctPlenoscopePropagation
00634000-00635000 rw-p 00000000 00:00 0 
00824000-02212000 rw-p 00000000 00:00 0                                  [heap]
7fcdf51cc000-7fcdf51cd000 ---p 00000000 00:00 0 
7fcdf51cd000-7fcdf59cd000 rw-p 00000000 00:00 0 
7fcdf59cd000-7fcdf7283000 r-xp 00000000 08:01 35132297                   /usr/lib/x86_64-linux-gnu/libicudata.so.55.1
7fcdf7283000-7fcdf7482000 ---p 018b6000 08:01 35132297                   /usr/lib/x86_64-linux-gnu/libicudata.so.55.1
7fcdf7482000-7fcdf7483000 r--p 018b5000 08:01 35132297                   /usr/lib/x86_64-linux-gnu/libicudata.so.55.1
7fcdf7483000-7fcdf7484000 rw-p 018b6000 08:01 35132297                   /usr/lib/x86_64-linux-gnu/libicudata.so.55.1
7fcdf7484000-7fcdf7487000 r-xp 00000000 08:01 3674071                    /lib/x86_64-linux-gnu/libkeyutils.so.1.5
7fcdf7487000-7fcdf7686000 ---p 00003000 08:01 3674071                    /lib/x86_64-linux-gnu/libkeyutils.so.1.5
7fcdf7686000-7fcdf7687000 r--p 00002000 08:01 3674071                    /lib/x86_64-linux-gnu/libkeyutils.so.1.5
7fcdf7687000-7fcdf7688000 rw-p 00003000 08:01 3674071                    /lib/x86_64-linux-gnu/libkeyutils.so.1.5
7fcdf7688000-7fcdf768c000 r-xp 00000000 08:01 3670639                    /lib/x86_64-linux-gnu/libuuid.so.1.3.0
7fcdf768c000-7fcdf788b000 ---p 00004000 08:01 3670639                    /lib/x86_64-linux-gnu/libuuid.so.1.3.0
7fcdf788b000-7fcdf788c000 r--p 00003000 08:01 3670639                    /lib/x86_64-linux-gnu/libuuid.so.1.3.0
7fcdf788c000-7fcdf788d000 rw-p 00004000 08:01 3670639                    /lib/x86_64-linux-gnu/libuuid.so.1.3.0
7fcdf788d000-7fcdf7a0c000 r-xp 00000000 08:01 35132293                   /usr/lib/x86_64-linux-gnu/libicuuc.so.55.1
7fcdf7a0c000-7fcdf7c0c000 ---p 0017f000 08:01 35132293                   /usr/lib/x86_64-linux-gnu/libicuuc.so.55.1
7fcdf7c0c000-7fcdf7c1c000 r--p 0017f000 08:01 35132293                   /usr/lib/x86_64-linux-gnu/libicuuc.so.55.1
7fcdf7c1c000-7fcdf7c1d000 rw-p 0018f000 08:01 35132293                   /usr/lib/x86_64-linux-gnu/libicuuc.so.55.1
7fcdf7c1d000-7fcdf7c21000 rw-p 00000000 00:00 0 
7fcdf7c21000-7fcdf7c2b000 r-xp 00000000 08:01 35132958                   /usr/lib/x86_64-linux-gnu/libkrb5support.so.0.1
7fcdf7c2b000-7fcdf7e2a000 ---p 0000a000 08:01 35132958                   /usr/lib/x86_64-linux-gnu/libkrb5support.so.0.1
7fcdf7e2a000-7fcdf7e2b000 r--p 00009000 08:01 35132958                   /usr/lib/x86_64-linux-gnu/libkrb5support.so.0.1
7fcdf7e2b000-7fcdf7e2c000 rw-p 0000a000 08:01 35132958                   /usr/lib/x86_64-linux-gnu/libkrb5support.so.0.1
7fcdf7e2c000-7fcdf7e2f000 r-xp 00000000 08:01 3670527                    /lib/x86_64-linux-gnu/libcom_err.so.2.1
7fcdf7e2f000-7fcdf802e000 ---p 00003000 08:01 3670527                    /lib/x86_64-linux-gnu/libcom_err.so.2.1
7fcdf802e000-7fcdf802f000 r--p 00002000 08:01 3670527                    /lib/x86_64-linux-gnu/libcom_err.so.2.1
7fcdf802f000-7fcdf8030000 rw-p 00003000 08:01 3670527                    /lib/x86_64-linux-gnu/libcom_err.so.2.1
7fcdf8030000-7fcdf805c000 r-xp 00000000 08:01 35132960                   /usr/lib/x86_64-linux-gnu/libk5crypto.so.3.1
7fcdf805c000-7fcdf825b000 ---p 0002c000 08:01 35132960                   /usr/lib/x86_64-linux-gnu/libk5crypto.so.3.1
7fcdf825b000-7fcdf825d000 r--p 0002b000 08:01 35132960                   /usr/lib/x86_64-linux-gnu/libk5crypto.so.3.1
7fcdf825d000-7fcdf825e000 rw-p 0002d000 08:01 35132960                   /usr/lib/x86_64-linux-gnu/libk5crypto.so.3.1
7fcdf825e000-7fcdf825f000 rw-p 00000000 00:00 0 
7fcdf825f000-7fcdf8322000 r-xp 00000000 08:01 35132962                   /usr/lib/x86_64-linux-gnu/libkrb5.so.3.3
7fcdf8322000-7fcdf8522000 ---p 000c3000 08:01 35132962                   /usr/lib/x86_64-linux-gnu/libkrb5.so.3.3
7fcdf8522000-7fcdf852f000 r--p 000c3000 08:01 35132962                   /usr/lib/x86_64-linux-gnu/libkrb5.so.3.3
7fcdf852f000-7fcdf8531000 rw-p 000d0000 08:01 35132962                   /usr/lib/x86_64-linux-gnu/libkrb5.so.3.3
7fcdf8531000-7fcdf8543000 r-xp 00000000 08:01 3670550                    /lib/x86_64-linux-gnu/libgpg-error.so.0.17.0
7fcdf8543000-7fcdf8743000 ---p 00012000 08:01 3670550                    /lib/x86_64-linux-gnu/libgpg-error.so.0.17.0
7fcdf8743000-7fcdf8744000 r--p 00012000 08:01 3670550                    /lib/x86_64-linux-gnu/libgpg-error.so.0.17.0
7fcdf8744000-7fcdf8745000 rw-p 00013000 08:01 3670550                    /lib/x86_64-linux-gnu/libgpg-error.so.0.17.0
7fcdf8745000-7fcdf875b000 r-xp 00000000 08:01 35133666                   /usr/lib/x86_64-linux-gnu/libICE.so.6.3.0
7fcdf875b000-7fcdf895a000 ---p 00016000 08:01 35133666                   /usr/lib/x86_64-linux-gnu/libICE.so.6.3.0
7fcdf895a000-7fcdf895b000 r--p 00015000 08:01 35133666                   /usr/lib/x86_64-linux-gnu/libICE.so.6.3.0
7fcdf895b000-7fcdf895c000 rw-p 00016000 08:01 35133666                   /usr/lib/x86_64-linux-gnu/libICE.so.6.3.0
7fcdf895c000-7fcdf895f000 rw-p 00000000 00:00 0 
7fcdf895f000-7fcdf8966000 r-xp 00000000 08:01 35133703                   /usr/lib/x86_64-linux-gnu/libSM.so.6.0.1
7fcdf8966000-7fcdf8b65000 ---p 00007000 08:01 35133703                   /usr/lib/x86_64-linux-gnu/libSM.so.6.0.1
7fcdf8b65000-7fcdf8b66000 r--p 00006000 08:01 35133703                   /usr/lib/x86_64-linux-gnu/libSM.so.6.0.1
7fcdf8b66000-7fcdf8b67000 rw-p 00007000 08:01 35133703                   /usr/lib/x86_64-linux-gnu/libSM.so.6.0.1
7fcdf8b67000-7fcdf8b6d000 r-xp 00000000 08:01 35133767                   /usr/lib/x86_64-linux-gnu/libdatrie.so.1.3.3
7fcdf8b6d000-7fcdf8d6d000 ---p 00006000 08:01 35133767                   /usr/lib/x86_64-linux-gnu/libdatrie.so.1.3.3
7fcdf8d6d000-7fcdf8d6e000 r--p 00006000 08:01 35133767                   /usr/lib/x86_64-linux-gnu/libdatrie.so.1.3.3
7fcdf8d6e000-7fcdf8d6f000 rw-p 00007000 08:01 35133767                   /usr/lib/x86_64-linux-gnu/libdatrie.so.1.3.3
7fcdf8d6f000-7fcdf8d92000 r-xp 00000000 08:01 35134296                   /usr/lib/x86_64-linux-gnu/libgraphite2.so.3.0.1
7fcdf8d92000-7fcdf8f91000 ---p 00023000 08:01 35134296                   /usr/lib/x86_64-linux-gnu/libgraphite2.so.3.0.1
7fcdf8f91000-7fcdf8f93000 r--p 00022000 08:01 35134296                   /usr/lib/x86_64-linux-gnu/libgraphite2.so.3.0.1
7fcdf8f93000-7fcdf8f94000 rw-p 00024000 08:01 35134296                   /usr/lib/x86_64-linux-gnu/libgraphite2.so.3.0.1
7fcdf8f94000-7fcdf8fa5000 r-xp 00000000 08:01 35129680                   /usr/lib/x86_64-linux-gnu/libtasn1.so.6.5.1
7fcdf8fa5000-7fcdf91a5000 ---p 00011000 08:01 35129680                   /usr/lib/x86_64-linux-gnu/libtasn1.so.6.5.1
7fcdf91a5000-7fcdf91a6000 r--p 00011000 08:01 35129680                   /usr/lib/x86_64-linux-gnu/libtasn1.so.6.5.1
7fcdf91a6000-7fcdf91a7000 rw-p 00012000 08:01 35129680                   /usr/lib/x86_64-linux-gnu/libtasn1.so.6.5.1
7fcdf91a7000-7fcdf91d8000 r-xp 00000000 08:01 35129652                   /usr/lib/x86_64-linux-gnu/libidn.so.11.6.15
7fcdf91d8000-7fcdf93d8000 ---p 00031000 08:01 35129652                   /usr/lib/x86_64-linux-gnu/libidn.so.11.6.15
7fcdf93d8000-7fcdf93d9000 r--p 00031000 08:01 35129652                   /usr/lib/x86_64-linux-gnu/libidn.so.11.6.15
7fcdf93d9000-7fcdf93da000 rw-p 00032000 08:01 35129652                   /usr/lib/x86_64-linux-gnu/libidn.so.11.6.15
7fcdf93da000-7fcdf9434000 r-xp 00000000 08:01 35129666                   /usr/lib/x86_64-linux-gnu/libp11-kit.so.0.1.0
7fcdf9434000-7fcdf9633000 ---p 0005a000 08:01 35129666                   /usr/lib/x86_64-linux-gnu/libp11-kit.so.0.1.0
7fcdf9633000-7fcdf963d000 r--p 00059000 08:01 35129666                   /usr/lib/x86_64-linux-gnu/libp11-kit.so.0.1.0
7fcdf963d000-7fcdf963f000 rw-p 00063000 08:01 35129666                   /usr/lib/x86_64-linux-gnu/libp11-kit.so.0.1.0
7fcdf963f000-7fcdf97ef000 r-xp 00000000 08:01 35132306                   /usr/lib/x86_64-linux-gnu/libxml2.so.2.9.3
7fcdf97ef000-7fcdf99ee000 ---p 001b0000 08:01 35132306                   /usr/lib/x86_64-linux-gnu/libxml2.so.2.9.3
7fcdf99ee000-7fcdf99f6000 r--p 001af000 08:01 35132306                   /usr/lib/x86_64-linux-gnu/libxml2.so.2.9.3
7fcdf99f6000-7fcdf99f8000 rw-p 001b7000 08:01 35132306                   /usr/lib/x86_64-linux-gnu/libxml2.so.2.9.3
7fcdf99f8000-7fcdf99f9000 rw-p 00000000 00:00 0 
7fcdf99f9000-7fcdf9a78000 r-xp 00000000 08:01 35129644                   /usr/lib/x86_64-linux-gnu/libgmp.so.10.3.0
7fcdf9a78000-7fcdf9c77000 ---p 0007f000 08:01 35129644                   /usr/lib/x86_64-linux-gnu/libgmp.so.10.3.0
7fcdf9c77000-7fcdf9c78000 r--p 0007e000 08:01 35129644                   /usr/lib/x86_64-linux-gnu/libgmp.so.10.3.0
7fcdf9c78000-7fcdf9c79000 rw-p 0007f000 08:01 35129644                   /usr/lib/x86_64-linux-gnu/libgmp.so.10.3.0
7fcdf9c79000-7fcdf9cad000 r-xp 00000000 08:01 35129664                   /usr/lib/x86_64-linux-gnu/libnettle.so.6.2
7fcdf9cad000-7fcdf9eac000 ---p 00034000 08:01 35129664                   /usr/lib/x86_64-linux-gnu/libnettle.so.6.2
7fcdf9eac000-7fcdf9eae000 r--p 00033000 08:01 35129664                   /usr/lib/x86_64-linux-gnu/libnettle.so.6.2
7fcdf9eae000-7fcdf9eaf000 rw-p 00035000 08:01 35129664                   /usr/lib/x86_64-linux-gnu/libnettle.so.6.2
7fcdf9eaf000-7fcdf9ee1000 r-xp 00000000 08:01 35129650                   /usr/lib/x86_64-linux-gnu/libhogweed.so.4.2
7fcdf9ee1000-7fcdfa0e0000 ---p 00032000 08:01 35129650                   /usr/lib/x86_64-linux-gnu/libhogweed.so.4.2
7fcdfa0e0000-7fcdfa0e1000 r--p 00031000 08:01 35129650                   /usr/lib/x86_64-linux-gnu/libhogweed.so.4.2
7fcdfa0e1000-7fcdfa0e2000 rw-p 00032000 08:01 35129650                   /usr/lib/x86_64-linux-gnu/libhogweed.so.4.2
7fcdfa0e2000-7fcdfa129000 r-xp 00000000 08:01 35132964                   /usr/lib/x86_64-linux-gnu/libgssapi_krb5.so.2.2
7fcdfa129000-7fcdfa328000 ---p 00047000 08:01 35132964                   /usr/lib/x86_64-linux-gnu/libgssapi_krb5.so.2.2
7fcdfa328000-7fcdfa32a000 r--p 00046000 08:01 35132964                   /usr/lib/x86_64-linux-gnu/libgssapi_krb5.so.2.2
7fcdfa32a000-7fcdfa32c000 rw-p 00048000 08:01 35132964                   /usr/lib/x86_64-linux-gnu/libgssapi_krb5.so.2.2
7fcdfa32c000-7fcdfa404000 r-xp 00000000 08:01 3670548                    /lib/x86_64-linux-gnu/libgcrypt.so.20.0.5
7fcdfa404000-7fcdfa603000 ---p 000d8000 08:01 3670548                    /lib/x86_64-linux-gnu/libgcrypt.so.20.0.5
7fcdfa603000-7fcdfa604000 r--p 000d7000 08:01 3670548                    /lib/x86_64-linux-gnu/libgcrypt.so.20.0.5
7fcdfa604000-7fcdfa60c000 rw-p 000d8000 08:01 3670548                    /lib/x86_64-linux-gnu/libgcrypt.so.20.0.5
7fcdfa60c000-7fcdfa60d000 rw-p 00000000 00:00 0 
7fcdfa60d000-7fcdfa688000 r-xp 00000000 08:01 35133697                   /usr/lib/x86_64-linux-gnu/liborc-0.4.so.0.25.0
7fcdfa688000-7fcdfa887000 ---p 0007b000 08:01 35133697                   /usr/lib/x86_64-linux-gnu/liborc-0.4.so.0.25.0
7fcdfa887000-7fcdfa889000 r--p 0007a000 08:01 35133697                   /usr/lib/x86_64-linux-gnu/liborc-0.4.so.0.25.0
7fcdfa889000-7fcdfa88d000 rw-p 0007c000 08:01 35133697                   /usr/lib/x86_64-linux-gnu/liborc-0.4.so.0.25.0
7fcdfa88d000-7fcdfa894000 r-xp 00000000 08:01 35133670                   /usr/lib/x86_64-linux-gnu/libogg.so.0.8.2
7fcdfa894000-7fcdfaa94000 ---p 00007000 08:01 35133670                   /usr/lib/x86_64-linux-gnu/libogg.so.0.8.2
7fcdfaa94000-7fcdfaa95000 r--p 00007000 08:01 35133670                   /usr/lib/x86_64-linux-gnu/libogg.so.0.8.2
7fcdfaa95000-7fcdfaa96000 rw-p 00008000 08:01 35133670                   /usr/lib/x86_64-linux-gnu/libogg.so.0.8.2
7fcdfaa96000-7fcdfaaa0000 r-xp 00000000 08:01 35133040                   /usr/lib/x86_64-linux-gnu/libnuma.so.1.0.0
7fcdfaaa0000-7fcdfac9f000 ---p 0000a000 08:01 35133040                   /usr/lib/x86_64-linux-gnu/libnuma.so.1.0.0
7fcdfac9f000-7fcdfaca0000 r--p 00009000 08:01 35133040                   /usr/lib/x86_64-linux-gnu/libnuma.so.1.0.0
7fcdfaca0000-7fcdfaca1000 rw-p 0000a000 08:01 35133040                   /usr/lib/x86_64-linux-gnu/libnuma.so.1.0.0
7fcdfaca1000-7fcdfaccf000 r-xp 00000000 08:01 35134399                   /usr/lib/x86_64-linux-gnu/libsoxr.so.0.1.1
7fcdfaccf000-7fcdfaece000 ---p 0002e000 08:01 35134399                   /usr/lib/x86_64-linux-gnu/libsoxr.so.0.1.1
7fcdfaece000-7fcdfaed0000 r--p 0002d000 08:01 35134399                   /usr/lib/x86_64-linux-gnu/libsoxr.so.0.1.1
7fcdfaed0000-7fcdfaed1000 rw-p 0002f000 08:01 35134399                   /usr/lib/x86_64-linux-gnu/libsoxr.so.0.1.1
7fcdfaed1000-7fcdfaf06000 rw-p 00000000 00:00 0 
7fcdfaf06000-7fcdfaf2b000 r-xp 00000000 08:01 35134587                   /usr/lib/x86_64-linux-gnu/libv4lconvert.so.0.0.0
7fcdfaf2b000-7fcdfb12b000 ---p 00025000 08:01 35134587                   /usr/lib/x86_64-linux-gnu/libv4lconvert.so.0.0.0
7fcdfb12b000-7fcdfb12d000 r--p 00025000 08:01 35134587                   /usr/lib/x86_64-linux-gnu/libv4lconvert.so.0.0.0
7fcdfb12d000-7fcdfb12e000 rw-p 00027000 08:01 35134587                   /usr/lib/x86_64-linux-gnu/libv4lconvert.so.0.0.0
7fcdfb12e000-7fcdfb180000 rw-p 00000000 00:00 0 
7fcdfb180000-7fcdfb1e2000 r-xp 00000000 08:01 35134575                   /usr/lib/x86_64-linux-gnu/libXt.so.6.0.0
7fcdfb1e2000-7fcdfb3e2000 ---p 00062000 08:01 35134575                   /usr/lib/x86_64-linux-gnu/libXt.so.6.0.0
7fcdfb3e2000-7fcdfb3e3000 r--p 00062000 08:01 35134575                   /usr/lib/x86_64-linux-gnu/libXt.so.6.0.0
7fcdfb3e3000-7fcdfb3e8000 rw-p 00063000 08:01 35134575                   /usr/lib/x86_64-linux-gnu/libXt.so.6.0.0
7fcdfb3e8000-7fcdfb3e9000 rw-p 00000000 00:00 0 
7fcdfb3e9000-7fcdfb3f1000 r-xp 00000000 08:01 35133769                   /usr/lib/x86_64-linux-gnu/libthai.so.0.2.4
7fcdfb3f1000-7fcdfb5f0000 ---p 00008000 08:01 35133769                   /usr/lib/x86_64-linux-gnu/libthai.so.0.2.4
7fcdfb5f0000-7fcdfb5f1000 r--p 00007000 08:01 35133769                   /usr/lib/x86_64-linux-gnu/libthai.so.0.2.4
7fcdfb5f1000-7fcdfb5f2000 rw-p 00008000 08:01 35133769                   /usr/lib/x86_64-linux-gnu/libthai.so.0.2.4
7fcdfb5f2000-7fcdfb64e000 r-xp 00000000 08:01 35134299                   /usr/lib/x86_64-linux-gnu/libharfbuzz.so.0.10000.1
7fcdfb64e000-7fcdfb84e000 ---p 0005c000 08:01 35134299                   /usr/lib/x86_64-linux-gnu/libharfbuzz.so.0.10000.1
7fcdfb84e000-7fcdfb84f000 r--p 0005c000 08:01 35134299                   /usr/lib/x86_64-linux-gnu/libharfbuzz.so.0.10000.1
7fcdfb84f000-7fcdfb850000 rw-p 0005d000 08:01 35134299                   /usr/lib/x86_64-linux-gnu/libharfbuzz.so.0.10000.1
7fcdfb850000-7fcdfb867000 r-xp 00000000 08:01 3670611                    /lib/x86_64-linux-gnu/libresolv-2.23.so
7fcdfb867000-7fcdfba67000 ---p 00017000 08:01 3670611                    /lib/x86_64-linux-gnu/libresolv-2.23.so
7fcdfba67000-7fcdfba68000 r--p 00017000 08:01 3670611                    /lib/x86_64-linux-gnu/libresolv-2.23.so
7fcdfba68000-7fcdfba69000 rw-p 00018000 08:01 3670611                    /lib/x86_64-linux-gnu/libresolv-2.23.so
7fcdfba69000-7fcdfba6b000 rw-p 00000000 00:00 0 
7fcdfba6b000-7fcdfba8a000 r-xp 00000000 08:01 3670617                    /lib/x86_64-linux-gnu/libselinux.so.1
7fcdfba8a000-7fcdfbc89000 ---p 0001f000 08:01 3670617                    /lib/x86_64-linux-gnu/libselinux.so.1
7fcdfbc89000-7fcdfbc8a000 r--p 0001e000 08:01 3670617                    /lib/x86_64-linux-gnu/libselinux.so.1
7fcdfbc8a000-7fcdfbc8b000 rw-p 0001f000 08:01 3670617                    /lib/x86_64-linux-gnu/libselinux.so.1
7fcdfbc8b000-7fcdfbc8d000 rw-p 00000000 00:00 0 
7fcdfbc8d000-7fcdfbc95000 r-xp 00000000 08:01 35134290                   /usr/lib/x86_64-linux-gnu/libxcb-render.so.0.0.0
7fcdfbc95000-7fcdfbe95000 ---p 00008000 08:01 35134290                   /usr/lib/x86_64-linux-gnu/libxcb-render.so.0.0.0
7fcdfbe95000-7fcdfbe96000 r--p 00008000 08:01 35134290                   /usr/lib/x86_64-linux-gnu/libxcb-render.so.0.0.0
7fcdfbe96000-7fcdfbe97000 rw-p 00009000 08:01 35134290                   /usr/lib/x86_64-linux-gnu/libxcb-render.so.0.0.0
7fcdfbe97000-7fcdfbe99000 r-xp 00000000 08:01 35134292                   /usr/lib/x86_64-linux-gnu/libxcb-shm.so.0.0.0
7fcdfbe99000-7fcdfc099000 ---p 00002000 08:01 35134292                   /usr/lib/x86_64-linux-gnu/libxcb-shm.so.0.0.0
7fcdfc099000-7fcdfc09a000 r--p 00002000 08:01 35134292                   /usr/lib/x86_64-linux-gnu/libxcb-shm.so.0.0.0
7fcdfc09a000-7fcdfc09b000 rw-p 00003000 08:01 35134292                   /usr/lib/x86_64-linux-gnu/libxcb-shm.so.0.0.0
7fcdfc09b000-7fcdfc13a000 r-xp 00000000 08:01 35134288                   /usr/lib/x86_64-linux-gnu/libpixman-1.so.0.33.6
7fcdfc13a000-7fcdfc33a000 ---p 0009f000 08:01 35134288                   /usr/lib/x86_64-linux-gnu/libpixman-1.so.0.33.6
7fcdfc33a000-7fcdfc342000 r--p 0009f000 08:01 35134288                   /usr/lib/x86_64-linux-gnu/libpixman-1.so.0.33.6
7fcdfc342000-7fcdfc343000 rw-p 000a7000 08:01 35134288                   /usr/lib/x86_64-linux-gnu/libpixman-1.so.0.33.6
7fcdfc343000-7fcdfc3e7000 r-xp 00000000 08:01 35132170                   /usr/lib/x86_64-linux-gnu/libfreetype.so.6.12.1
7fcdfc3e7000-7fcdfc5e6000 ---p 000a4000 08:01 35132170                   /usr/lib/x86_64-linux-gnu/libfreetype.so.6.12.1
7fcdfc5e6000-7fcdfc5ec000 r--p 000a3000 08:01 35132170                   /usr/lib/x86_64-linux-gnu/libfreetype.so.6.12.1
7fcdfc5ec000-7fcdfc5ed000 rw-p 000a9000 08:01 35132170                   /usr/lib/x86_64-linux-gnu/libfreetype.so.6.12.1
7fcdfc5ed000-7fcdfc5f2000 r-xp 00000000 08:01 35132891                   /usr/lib/x86_64-linux-gnu/libXdmcp.so.6.0.0
7fcdfc5f2000-7fcdfc7f1000 ---p 00005000 08:01 35132891                   /usr/lib/x86_64-linux-gnu/libXdmcp.so.6.0.0
7fcdfc7f1000-7fcdfc7f2000 r--p 00004000 08:01 35132891                   /usr/lib/x86_64-linux-gnu/libXdmcp.so.6.0.0
7fcdfc7f2000-7fcdfc7f3000 rw-p 00005000 08:01 35132891                   /usr/lib/x86_64-linux-gnu/libXdmcp.so.6.0.0
7fcdfc7f3000-7fcdfc7f5000 r-xp 00000000 08:01 35132889                   /usr/lib/x86_64-linux-gnu/libXau.so.6.0.0
7fcdfc7f5000-7fcdfc9f5000 ---p 00002000 08:01 35132889                   /usr/lib/x86_64-linux-gnu/libXau.so.6.0.0
7fcdfc9f5000-7fcdfc9f6000 r--p 00002000 08:01 35132889                   /usr/lib/x86_64-linux-gnu/libXau.so.6.0.0
7fcdfc9f6000-7fcdfc9f7000 rw-p 00003000 08:01 35132889                   /usr/lib/x86_64-linux-gnu/libXau.so.6.0.0
7fcdfc9f7000-7fcdfca06000 r-xp 00000000 08:01 3670519                    /lib/x86_64-linux-gnu/libbz2.so.1.0.4
7fcdfca06000-7fcdfcc05000 ---p 0000f000 08:01 3670519                    /lib/x86_64-linux-gnu/libbz2.so.1.0.4
7fcdfcc05000-7fcdfcc06000 r--p 0000e000 08:01 3670519                    /lib/x86_64-linux-gnu/libbz2.so.1.0.4
7fcdfcc06000-7fcdfcc07000 rw-p 0000f000 08:01 3670519                    /lib/x86_64-linux-gnu/libbz2.so.1.0.4
7fcdfcc07000-7fcdfcd2b000 r-xp 00000000 08:01 35129648                   /usr/lib/x86_64-linux-gnu/libgnutls.so.30.6.2
7fcdfcd2b000-7fcdfcf2a000 ---p 00124000 08:01 35129648                   /usr/lib/x86_64-linux-gnu/libgnutls.so.30.6.2
7fcdfcf2a000-7fcdfcf35000 r--p 00123000 08:01 35129648                   /usr/lib/x86_64-linux-gnu/libgnutls.so.30.6.2
7fcdfcf35000-7fcdfcf37000 rw-p 0012e000 08:01 35129648                   /usr/lib/x86_64-linux-gnu/libgnutls.so.30.6.2
7fcdfcf37000-7fcdfcf38000 rw-p 00000000 00:00 0 
7fcdfcf38000-7fcdfcf7f000 r-xp 00000000 08:01 35134446                   /usr/lib/x86_64-linux-gnu/libbluray.so.1.9.2
7fcdfcf7f000-7fcdfd17e000 ---p 00047000 08:01 35134446                   /usr/lib/x86_64-linux-gnu/libbluray.so.1.9.2
7fcdfd17e000-7fcdfd180000 r--p 00046000 08:01 35134446                   /usr/lib/x86_64-linux-gnu/libbluray.so.1.9.2
7fcdfd180000-7fcdfd181000 rw-p 00048000 08:01 35134446                   /usr/lib/x86_64-linux-gnu/libbluray.so.1.9.2
7fcdfd181000-7fcdfd1cb000 r-xp 00000000 08:01 35134448                   /usr/lib/x86_64-linux-gnu/libgme.so.0.6.0
7fcdfd1cb000-7fcdfd3cb000 ---p 0004a000 08:01 35134448                   /usr/lib/x86_64-linux-gnu/libgme.so.0.6.0
7fcdfd3cb000-7fcdfd3ce000 r--p 0004a000 08:01 35134448                   /usr/lib/x86_64-linux-gnu/libgme.so.0.6.0
7fcdfd3ce000-7fcdfd3cf000 rw-p 0004d000 08:01 35134448                   /usr/lib/x86_64-linux-gnu/libgme.so.0.6.0
7fcdfd3cf000-7fcdfd419000 r-xp 00000000 08:01 35134450                   /usr/lib/x86_64-linux-gnu/libmodplug.so.1.0.0
7fcdfd419000-7fcdfd619000 ---p 0004a000 08:01 35134450                   /usr/lib/x86_64-linux-gnu/libmodplug.so.1.0.0
7fcdfd619000-7fcdfd61a000 r--p 0004a000 08:01 35134450                   /usr/lib/x86_64-linux-gnu/libmodplug.so.1.0.0
7fcdfd61a000-7fcdfd61b000 rw-p 0004b000 08:01 35134450                   /usr/lib/x86_64-linux-gnu/libmodplug.so.1.0.0
7fcdfd61b000-7fcdfd75a000 rw-p 00000000 00:00 0 
7fcdfd75a000-7fcdfd775000 r-xp 00000000 08:01 35132991                   /usr/lib/x86_64-linux-gnu/librtmp.so.1
7fcdfd775000-7fcdfd974000 ---p 0001b000 08:01 35132991                   /usr/lib/x86_64-linux-gnu/librtmp.so.1
7fcdfd974000-7fcdfd975000 r--p 0001a000 08:01 35132991                   /usr/lib/x86_64-linux-gnu/librtmp.so.1
7fcdfd975000-7fcdfd976000 rw-p 0001b000 08:01 35132991                   /usr/lib/x86_64-linux-gnu/librtmp.so.1
7fcdfd976000-7fcdfd9be000 r-xp 00000000 08:01 35134452                   /usr/lib/x86_64-linux-gnu/libssh-gcrypt.so.4.4.1
7fcdfd9be000-7fcdfdbbd000 ---p 00048000 08:01 35134452                   /usr/lib/x86_64-linux-gnu/libssh-gcrypt.so.4.4.1
7fcdfdbbd000-7fcdfdbbe000 r--p 00047000 08:01 35134452                   /usr/lib/x86_64-linux-gnu/libssh-gcrypt.so.4.4.1
7fcdfdbbe000-7fcdfdbbf000 rw-p 00048000 08:01 35134452                   /usr/lib/x86_64-linux-gnu/libssh-gcrypt.so.4.4.1
7fcdfdbbf000-7fcdfdbd9000 r-xp 00000000 08:01 35129677                   /usr/lib/x86_64-linux-gnu/libcrystalhd.so.3.6
7fcdfdbd9000-7fcdfddd8000 ---p 0001a000 08:01 35129677                   /usr/lib/x86_64-linux-gnu/libcrystalhd.so.3.6
7fcdfddd8000-7fcdfddd9000 r--p 00019000 08:01 35129677                   /usr/lib/x86_64-linux-gnu/libcrystalhd.so.3.6
7fcdfddd9000-7fcdfddda000 rw-p 0001a000 08:01 35129677                   /usr/lib/x86_64-linux-gnu/libcrystalhd.so.3.6
7fcdfddda000-7fcdfdde7000 r-xp 00000000 08:01 35131433                   /usr/lib/x86_64-linux-gnu/libgsm.so.1.0.12
7fcdfdde7000-7fcdfdfe6000 ---p 0000d000 08:01 35131433                   /usr/lib/x86_64-linux-gnu/libgsm.so.1.0.12
7fcdfdfe6000-7fcdfdfe7000 r--p 0000c000 08:01 35131433                   /usr/lib/x86_64-linux-gnu/libgsm.so.1.0.12
7fcdfdfe7000-7fcdfdfe8000 rw-p 0000d000 08:01 35131433                   /usr/lib/x86_64-linux-gnu/libgsm.so.1.0.12
7fcdfdfe8000-7fcdfe02d000 r-xp 00000000 08:01 35134385                   /usr/lib/x86_64-linux-gnu/libmp3lame.so.0.0.0
7fcdfe02d000-7fcdfe22d000 ---p 00045000 08:01 35134385                   /usr/lib/x86_64-linux-gnu/libmp3lame.so.0.0.0
7fcdfe22d000-7fcdfe22e000 r--p 00045000 08:01 35134385                   /usr/lib/x86_64-linux-gnu/libmp3lame.so.0.0.0
7fcdfe22e000-7fcdfe22f000 rw-p 00046000 08:01 35134385                   /usr/lib/x86_64-linux-gnu/libmp3lame.so.0.0.0
7fcdfe22f000-7fcdfe25d000 rw-p 00000000 00:00 0 
7fcdfe25d000-7fcdfe27f000 r-xp 00000000 08:01 35134388                   /usr/lib/x86_64-linux-gnu/libopenjpeg.so.1.5.2
7fcdfe27f000-7fcdfe47e000 ---p 00022000 08:01 35134388                   /usr/lib/x86_64-linux-gnu/libopenjpeg.so.1.5.2
7fcdfe47e000-7fcdfe47f000 r--p 00021000 08:01 35134388                   /usr/lib/x86_64-linux-gnu/libopenjpeg.so.1.5.2
7fcdfe47f000-7fcdfe480000 rw-p 00022000 08:01 35134388                   /usr/lib/x86_64-linux-gnu/libopenjpeg.so.1.5.2
7fcdfe480000-7fcdfe4c9000 r-xp 00000000 08:01 35134391                   /usr/lib/x86_64-linux-gnu/libopus.so.0.5.2
7fcdfe4c9000-7fcdfe6c8000 ---p 00049000 08:01 35134391                   /usr/lib/x86_64-linux-gnu/libopus.so.0.5.2
7fcdfe6c8000-7fcdfe6c9000 r--p 00048000 08:01 35134391                   /usr/lib/x86_64-linux-gnu/libopus.so.0.5.2
7fcdfe6c9000-7fcdfe6ca000 rw-p 00049000 08:01 35134391                   /usr/lib/x86_64-linux-gnu/libopus.so.0.5.2
7fcdfe6ca000-7fcdfe79b000 r-xp 00000000 08:01 35133701                   /usr/lib/x86_64-linux-gnu/libschroedinger-1.0.so.0.11.0
7fcdfe79b000-7fcdfe99b000 ---p 000d1000 08:01 35133701                   /usr/lib/x86_64-linux-gnu/libschroedinger-1.0.so.0.11.0
7fcdfe99b000-7fcdfe99d000 r--p 000d1000 08:01 35133701                   /usr/lib/x86_64-linux-gnu/libschroedinger-1.0.so.0.11.0
7fcdfe99d000-7fcdfe99e000 rw-p 000d3000 08:01 35133701                   /usr/lib/x86_64-linux-gnu/libschroedinger-1.0.so.0.11.0
7fcdfe99e000-7fcdfe99f000 rw-p 00000000 00:00 0 
7fcdfe99f000-7fcdfe9ab000 r-xp 00000000 08:01 35134393                   /usr/lib/x86_64-linux-gnu/libshine.so.3.0.1
7fcdfe9ab000-7fcdfebaa000 ---p 0000c000 08:01 35134393                   /usr/lib/x86_64-linux-gnu/libshine.so.3.0.1
7fcdfebaa000-7fcdfebab000 r--p 0000b000 08:01 35134393                   /usr/lib/x86_64-linux-gnu/libshine.so.3.0.1
7fcdfebab000-7fcdfebac000 rw-p 0000c000 08:01 35134393                   /usr/lib/x86_64-linux-gnu/libshine.so.3.0.1
7fcdfebac000-7fcdfebb3000 r-xp 00000000 08:01 35134395                   /usr/lib/x86_64-linux-gnu/libsnappy.so.1.3.0
7fcdfebb3000-7fcdfedb2000 ---p 00007000 08:01 35134395                   /usr/lib/x86_64-linux-gnu/libsnappy.so.1.3.0
7fcdfedb2000-7fcdfedb3000 r--p 00006000 08:01 35134395                   /usr/lib/x86_64-linux-gnu/libsnappy.so.1.3.0
7fcdfedb3000-7fcdfedb4000 rw-p 00007000 08:01 35134395                   /usr/lib/x86_64-linux-gnu/libsnappy.so.1.3.0
7fcdfedb4000-7fcdfedcb000 r-xp 00000000 08:01 35134397                   /usr/lib/x86_64-linux-gnu/libspeex.so.1.5.0
7fcdfedcb000-7fcdfefcb000 ---p 00017000 08:01 35134397                   /usr/lib/x86_64-linux-gnu/libspeex.so.1.5.0
7fcdfefcb000-7fcdfefcc000 r--p 00017000 08:01 35134397                   /usr/lib/x86_64-linux-gnu/libspeex.so.1.5.0
7fcdfefcc000-7fcdfefcd000 rw-p 00018000 08:01 35134397                   /usr/lib/x86_64-linux-gnu/libspeex.so.1.5.0
7fcdfefcd000-7fcdfefe6000 r-xp 00000000 08:01 35134405                   /usr/lib/x86_64-linux-gnu/libtheoradec.so.1.1.4
7fcdfefe6000-7fcdff1e5000 ---p 00019000 08:01 35134405                   /usr/lib/x86_64-linux-gnu/libtheoradec.so.1.1.4
7fcdff1e5000-7fcdff1e6000 r--p 00018000 08:01 35134405                   /usr/lib/x86_64-linux-gnu/libtheoradec.so.1.1.4
7fcdff1e6000-7fcdff1e7000 rw-p 00019000 08:01 35134405                   /usr/lib/x86_64-linux-gnu/libtheoradec.so.1.1.4
7fcdff1e7000-7fcdff225000 r-xp 00000000 08:01 35134403                   /usr/lib/x86_64-linux-gnu/libtheoraenc.so.1.1.2
7fcdff225000-7fcdff424000 ---p 0003e000 08:01 35134403                   /usr/lib/x86_64-linux-gnu/libtheoraenc.so.1.1.2
7fcdff424000-7fcdff425000 r--p 0003d000 08:01 35134403                   /usr/lib/x86_64-linux-gnu/libtheoraenc.so.1.1.2
7fcdff425000-7fcdff426000 rw-p 0003e000 08:01 35134403                   /usr/lib/x86_64-linux-gnu/libtheoraenc.so.1.1.2
7fcdff426000-7fcdff444000 r-xp 00000000 08:01 35134409                   /usr/lib/x86_64-linux-gnu/libtwolame.so.0.0.0
7fcdff444000-7fcdff643000 ---p 0001e000 08:01 35134409                   /usr/lib/x86_64-linux-gnu/libtwolame.so.0.0.0
7fcdff643000-7fcdff644000 r--p 0001d000 08:01 35134409                   /usr/lib/x86_64-linux-gnu/libtwolame.so.0.0.0
7fcdff644000-7fcdff645000 rw-p 0001e000 08:01 35134409                   /usr/lib/x86_64-linux-gnu/libtwolame.so.0.0.0
7fcdff645000-7fcdff649000 rw-p 00000000 00:00 0 
7fcdff649000-7fcdff673000 r-xp 00000000 08:01 35134413                   /usr/lib/x86_64-linux-gnu/libvorbis.so.0.4.8
7fcdff673000-7fcdff873000 ---p 0002a000 08:01 35134413                   /usr/lib/x86_64-linux-gnu/libvorbis.so.0.4.8
7fcdff873000-7fcdff874000 r--p 0002a000 08:01 35134413                   /usr/lib/x86_64-linux-gnu/libvorbis.so.0.4.8
7fcdff874000-7fcdff875000 rw-p 0002b000 08:01 35134413                   /usr/lib/x86_64-linux-gnu/libvorbis.so.0.4.8
7fcdff875000-7fcdff902000 r-xp 00000000 08:01 35134415                   /usr/lib/x86_64-linux-gnu/libvorbisenc.so.2.0.11
7fcdff902000-7fcdffb01000 ---p 0008d000 08:01 35134415                   /usr/lib/x86_64-linux-gnu/libvorbisenc.so.2.0.11
7fcdffb01000-7fcdffb1d000 r--p 0008c000 08:01 35134415                   /usr/lib/x86_64-linux-gnu/libvorbisenc.so.2.0.11
7fcdffb1d000-7fcdffb1e000 rw-p 000a8000 08:01 35134415                   /usr/lib/x86_64-linux-gnu/libvorbisenc.so.2.0.11
7fcdffb1e000-7fcdffd3d000 r-xp 00000000 08:01 35134417                   /usr/lib/x86_64-linux-gnu/libvpx.so.3.0.0
7fcdffd3d000-7fcdfff3c000 ---p 0021f000 08:01 35134417                   /usr/lib/x86_64-linux-gnu/libvpx.so.3.0.0
7fcdfff3c000-7fcdfff3e000 r--p 0021e000 08:01 35134417                   /usr/lib/x86_64-linux-gnu/libvpx.so.3.0.0
7fcdfff3e000-7fcdfff3f000 rw-p 00220000 08:01 35134417                   /usr/lib/x86_64-linux-gnu/libvpx.so.3.0.0
7fcdfff3f000-7fcdfff42000 rw-p 00000000 00:00 0 
7fcdfff42000-7fcdfff6a000 r-xp 00000000 08:01 35134420                   /usr/lib/x86_64-linux-gnu/libwavpack.so.1.1.7
7fcdfff6a000-7fce00169000 ---p 00028000 08:01 35134420                   /usr/lib/x86_64-linux-gnu/libwavpack.so.1.1.7
7fce00169000-7fce0016a000 r--p 00027000 08:01 35134420                   /usr/lib/x86_64-linux-gnu/libwavpack.so.1.1.7
7fce0016a000-7fce0016b000 rw-p 00028000 08:01 35134420                   /usr/lib/x86_64-linux-gnu/libwavpack.so.1.1.7
7fce0016b000-7fce001c4000 r-xp 00000000 08:01 35134422                   /usr/lib/x86_64-linux-gnu/libwebp.so.5.0.4
7fce001c4000-7fce003c4000 ---p 00059000 08:01 35134422                   /usr/lib/x86_64-linux-gnu/libwebp.so.5.0.4
7fce003c4000-7fce003c5000 r--p 00059000 08:01 35134422                   /usr/lib/x86_64-linux-gnu/libwebp.so.5.0.4
7fce003c5000-7fce003c7000 rw-p 0005a000 08:01 35134422                   /usr/lib/x86_64-linux-gnu/libwebp.so.5.0.4
7fce003c7000-7fce004ef000 r-xp 00000000 08:01 35134424                   /usr/lib/x86_64-linux-gnu/libx264.so.148
7fce004ef000-7fce006ee000 ---p 00128000 08:01 35134424                   /usr/lib/x86_64-linux-gnu/libx264.so.148
7fce006ee000-7fce006ef000 r--p 00127000 08:01 35134424                   /usr/lib/x86_64-linux-gnu/libx264.so.148
7fce006ef000-7fce006f0000 rw-p 00128000 08:01 35134424                   /usr/lib/x86_64-linux-gnu/libx264.so.148
7fce006f0000-7fce0076b000 rw-p 00000000 00:00 0 
7fce0076b000-7fce01178000 r-xp 00000000 08:01 35134425                   /usr/lib/x86_64-linux-gnu/libx265.so.79
7fce01178000-7fce01377000 ---p 00a0d000 08:01 35134425                   /usr/lib/x86_64-linux-gnu/libx265.so.79
7fce01377000-7fce0137a000 r--p 00a0c000 08:01 35134425                   /usr/lib/x86_64-linux-gnu/libx265.so.79
7fce0137a000-7fce0137d000 rw-p 00a0f000 08:01 35134425                   /usr/lib/x86_64-linux-gnu/libx265.so.79
7fce0137d000-7fce0138a000 rw-p 00000000 00:00 0 
7fce0138a000-7fce0142b000 r-xp 00000000 08:01 35134426                   /usr/lib/x86_64-linux-gnu/libxvidcore.so.4.3
7fce0142b000-7fce0162a000 ---p 000a1000 08:01 35134426                   /usr/lib/x86_64-linux-gnu/libxvidcore.so.4.3
7fce0162a000-7fce0162b000 r--p 000a0000 08:01 35134426                   /usr/lib/x86_64-linux-gnu/libxvidcore.so.4.3
7fce0162b000-7fce01635000 rw-p 000a1000 08:01 35134426                   /usr/lib/x86_64-linux-gnu/libxvidcore.so.4.3
7fce01635000-7fce0169e000 rw-p 00000000 00:00 0 
7fce0169e000-7fce01715000 r-xp 00000000 08:01 35134428                   /usr/lib/x86_64-linux-gnu/libzvbi.so.0.13.2
7fce01715000-7fce01914000 ---p 00077000 08:01 35134428                   /usr/lib/x86_64-linux-gnu/libzvbi.so.0.13.2
7fce01914000-7fce0191d000 r--p 00076000 08:01 35134428                   /usr/lib/x86_64-linux-gnu/libzvbi.so.0.13.2
7fce0191d000-7fce01929000 rw-p 0007f000 08:01 35134428                   /usr/lib/x86_64-linux-gnu/libzvbi.so.0.13.2
7fce01929000-7fce01944000 r-xp 00000000 08:01 35134411                   /usr/lib/x86_64-linux-gnu/libva.so.1.3900.0
7fce01944000-7fce01b43000 ---p 0001b000 08:01 35134411                   /usr/lib/x86_64-linux-gnu/libva.so.1.3900.0
7fce01b43000-7fce01b44000 r--p 0001a000 08:01 35134411                   /usr/lib/x86_64-linux-gnu/libva.so.1.3900.0
7fce01b44000-7fce01b45000 rw-p 0001b000 08:01 35134411                   /usr/lib/x86_64-linux-gnu/libva.so.1.3900.0
7fce01b45000-7fce01b5f000 r-xp 00000000 08:01 35134401                   /usr/lib/x86_64-linux-gnu/libswresample-ffmpeg.so.1.2.101
7fce01b5f000-7fce01d5e000 ---p 0001a000 08:01 35134401                   /usr/lib/x86_64-linux-gnu/libswresample-ffmpeg.so.1.2.101
7fce01d5e000-7fce01d60000 r--p 00019000 08:01 35134401                   /usr/lib/x86_64-linux-gnu/libswresample-ffmpeg.so.1.2.101
7fce01d60000-7fce01d61000 rw-p 0001b000 08:01 35134401                   /usr/lib/x86_64-linux-gnu/libswresample-ffmpeg.so.1.2.101
7fce01d61000-7fce01d6a000 r-xp 00000000 08:01 35134589                   /usr/lib/x86_64-linux-gnu/libv4l2.so.0.0.0
7fce01d6a000-7fce01f69000 ---p 00009000 08:01 35134589                   /usr/lib/x86_64-linux-gnu/libv4l2.so.0.0.0
7fce01f69000-7fce01f6a000 r--p 00008000 08:01 35134589                   /usr/lib/x86_64-linux-gnu/libv4l2.so.0.0.0
7fce01f6a000-7fce01f6f000 rw-p 00009000 08:01 35134589                   /usr/lib/x86_64-linux-gnu/libv4l2.so.0.0.0
7fce01f6f000-7fce01f86000 r-xp 00000000 08:01 3674048                    /lib/x86_64-linux-gnu/libusb-1.0.so.0.1.0
7fce01f86000-7fce02185000 ---p 00017000 08:01 3674048                    /lib/x86_64-linux-gnu/libusb-1.0.so.0.1.0
7fce02185000-7fce02186000 r--p 00016000 08:01 3674048                    /lib/x86_64-linux-gnu/libusb-1.0.so.0.1.0
7fce02186000-7fce02187000 rw-p 00017000 08:01 3674048                    /lib/x86_64-linux-gnu/libusb-1.0.so.0.1.0
7fce02187000-7fce02194000 r-xp 00000000 08:01 35134569                   /usr/lib/x86_64-linux-gnu/libraw1394.so.11.1.0
7fce02194000-7fce02394000 ---p 0000d000 08:01 35134569                   /usr/lib/x86_64-linux-gnu/libraw1394.so.11.1.0
7fce02394000-7fce02395000 r--p 0000d000 08:01 35134569                   /usr/lib/x86_64-linux-gnu/libraw1394.so.11.1.0
7fce02395000-7fce02396000 rw-p 0000e000 08:01 35134569                   /usr/lib/x86_64-linux-gnu/libraw1394.so.11.1.0
7fce02396000-7fce023b4000 r-xp 00000000 08:01 35133773                   /usr/lib/x86_64-linux-gnu/libpangox-1.0.so.0.0.0
7fce023b4000-7fce025b4000 ---p 0001e000 08:01 35133773                   /usr/lib/x86_64-linux-gnu/libpangox-1.0.so.0.0.0
7fce025b4000-7fce025b5000 r--p 0001e000 08:01 35133773                   /usr/lib/x86_64-linux-gnu/libpangox-1.0.so.0.0.0
7fce025b5000-7fce025b6000 rw-p 0001f000 08:01 35133773                   /usr/lib/x86_64-linux-gnu/libpangox-1.0.so.0.0.0
7fce025b6000-7fce025ce000 r-xp 00000000 08:01 35134577                   /usr/lib/x86_64-linux-gnu/libXmu.so.6.2.0
7fce025ce000-7fce027cd000 ---p 00018000 08:01 35134577                   /usr/lib/x86_64-linux-gnu/libXmu.so.6.2.0
7fce027cd000-7fce027ce000 r--p 00017000 08:01 35134577                   /usr/lib/x86_64-linux-gnu/libXmu.so.6.2.0
7fce027ce000-7fce027cf000 rw-p 00018000 08:01 35134577                   /usr/lib/x86_64-linux-gnu/libXmu.so.6.2.0
7fce027cf000-7fce0283c000 r-xp 00000000 08:01 35134573                   /usr/lib/x86_64-linux-gnu/libGLU.so.1.3.1
7fce0283c000-7fce02a3c000 ---p 0006d000 08:01 35134573                   /usr/lib/x86_64-linux-gnu/libGLU.so.1.3.1
7fce02a3c000-7fce02a3d000 r--p 0006d000 08:01 35134573                   /usr/lib/x86_64-linux-gnu/libGLU.so.1.3.1
7fce02a3d000-7fce02a3e000 rw-p 0006e000 08:01 35134573                   /usr/lib/x86_64-linux-gnu/libGLU.so.1.3.1
7fce02a3e000-7fce02aac000 r-xp 00000000 08:01 3670600                    /lib/x86_64-linux-gnu/libpcre.so.3.13.2
7fce02aac000-7fce02cac000 ---p 0006e000 08:01 3670600                    /lib/x86_64-linux-gnu/libpcre.so.3.13.2
7fce02cac000-7fce02cad000 r--p 0006e000 08:01 3670600                    /lib/x86_64-linux-gnu/libpcre.so.3.13.2
7fce02cad000-7fce02cae000 rw-p 0006f000 08:01 3670600                    /lib/x86_64-linux-gnu/libpcre.so.3.13.2
7fce02cae000-7fce02cb5000 r-xp 00000000 08:01 35129636                   /usr/lib/x86_64-linux-gnu/libffi.so.6.0.4
7fce02cb5000-7fce02eb4000 ---p 00007000 08:01 35129636                   /usr/lib/x86_64-linux-gnu/libffi.so.6.0.4
7fce02eb4000-7fce02eb5000 r--p 00006000 08:01 35129636                   /usr/lib/x86_64-linux-gnu/libffi.so.6.0.4
7fce02eb5000-7fce02eb6000 rw-p 00007000 08:01 35129636                   /usr/lib/x86_64-linux-gnu/libffi.so.6.0.4
7fce02eb6000-7fce02eb8000 r-xp 00000000 08:01 35133707                   /usr/lib/x86_64-linux-gnu/libXcomposite.so.1.0.0
7fce02eb8000-7fce030b7000 ---p 00002000 08:01 35133707                   /usr/lib/x86_64-linux-gnu/libXcomposite.so.1.0.0
7fce030b7000-7fce030b8000 r--p 00001000 08:01 35133707                   /usr/lib/x86_64-linux-gnu/libXcomposite.so.1.0.0
7fce030b8000-7fce030b9000 rw-p 00002000 08:01 35133707                   /usr/lib/x86_64-linux-gnu/libXcomposite.so.1.0.0
7fce030b9000-7fce030c2000 r-xp 00000000 08:01 35133713                   /usr/lib/x86_64-linux-gnu/libXcursor.so.1.0.2
7fce030c2000-7fce032c1000 ---p 00009000 08:01 35133713                   /usr/lib/x86_64-linux-gnu/libXcursor.so.1.0.2
7fce032c1000-7fce032c2000 r--p 00008000 08:01 35133713                   /usr/lib/x86_64-linux-gnu/libXcursor.so.1.0.2
7fce032c2000-7fce032c3000 rw-p 00009000 08:01 35133713                   /usr/lib/x86_64-linux-gnu/libXcursor.so.1.0.2
7fce032c3000-7fce032cd000 r-xp 00000000 08:01 35134314                   /usr/lib/x86_64-linux-gnu/libXrandr.so.2.2.0
7fce032cd000-7fce034cc000 ---p 0000a000 08:01 35134314                   /usr/lib/x86_64-linux-gnu/libXrandr.so.2.2.0
7fce034cc000-7fce034cd000 r--p 00009000 08:01 35134314                   /usr/lib/x86_64-linux-gnu/libXrandr.so.2.2.0
7fce034cd000-7fce034ce000 rw-p 0000a000 08:01 35134314                   /usr/lib/x86_64-linux-gnu/libXrandr.so.2.2.0
7fce034ce000-7fce034dd000 r-xp 00000000 08:01 35134312                   /usr/lib/x86_64-linux-gnu/libXi.so.6.1.0
7fce034dd000-7fce036dc000 ---p 0000f000 08:01 35134312                   /usr/lib/x86_64-linux-gnu/libXi.so.6.1.0
7fce036dc000-7fce036dd000 r--p 0000e000 08:01 35134312                   /usr/lib/x86_64-linux-gnu/libXi.so.6.1.0
7fce036dd000-7fce036de000 rw-p 0000f000 08:01 35134312                   /usr/lib/x86_64-linux-gnu/libXi.so.6.1.0
7fce036de000-7fce036e0000 r-xp 00000000 08:01 35133719                   /usr/lib/x86_64-linux-gnu/libXinerama.so.1.0.0
7fce036e0000-7fce038df000 ---p 00002000 08:01 35133719                   /usr/lib/x86_64-linux-gnu/libXinerama.so.1.0.0
7fce038df000-7fce038e0000 r--p 00001000 08:01 35133719                   /usr/lib/x86_64-linux-gnu/libXinerama.so.1.0.0
7fce038e0000-7fce038e1000 rw-p 00002000 08:01 35133719                   /usr/lib/x86_64-linux-gnu/libXinerama.so.1.0.0
7fce038e1000-7fce038ea000 r-xp 00000000 08:01 35133711                   /usr/lib/x86_64-linux-gnu/libXrender.so.1.3.0
7fce038ea000-7fce03ae9000 ---p 00009000 08:01 35133711                   /usr/lib/x86_64-linux-gnu/libXrender.so.1.3.0
7fce03ae9000-7fce03aea000 r--p 00008000 08:01 35133711                   /usr/lib/x86_64-linux-gnu/libXrender.so.1.3.0
7fce03aea000-7fce03aeb000 rw-p 00009000 08:01 35133711                   /usr/lib/x86_64-linux-gnu/libXrender.so.1.3.0
7fce03aeb000-7fce03b28000 r-xp 00000000 08:01 35129633                   /usr/lib/x86_64-linux-gnu/libfontconfig.so.1.9.0
7fce03b28000-7fce03d27000 ---p 0003d000 08:01 35129633                   /usr/lib/x86_64-linux-gnu/libfontconfig.so.1.9.0
7fce03d27000-7fce03d29000 r--p 0003c000 08:01 35129633                   /usr/lib/x86_64-linux-gnu/libfontconfig.so.1.9.0
7fce03d29000-7fce03d2e000 rw-p 0003e000 08:01 35129633                   /usr/lib/x86_64-linux-gnu/libfontconfig.so.1.9.0
7fce03d2e000-7fce03d77000 r-xp 00000000 08:01 35133771                   /usr/lib/x86_64-linux-gnu/libpango-1.0.so.0.3800.1
7fce03d77000-7fce03f77000 ---p 00049000 08:01 35133771                   /usr/lib/x86_64-linux-gnu/libpango-1.0.so.0.3800.1
7fce03f77000-7fce03f79000 r--p 00049000 08:01 35133771                   /usr/lib/x86_64-linux-gnu/libpango-1.0.so.0.3800.1
7fce03f79000-7fce03f7a000 rw-p 0004b000 08:01 35133771                   /usr/lib/x86_64-linux-gnu/libpango-1.0.so.0.3800.1
7fce03f7a000-7fce03f8e000 r-xp 00000000 08:01 35134301                   /usr/lib/x86_64-linux-gnu/libpangoft2-1.0.so.0.3800.1
7fce03f8e000-7fce0418e000 ---p 00014000 08:01 35134301                   /usr/lib/x86_64-linux-gnu/libpangoft2-1.0.so.0.3800.1
7fce0418e000-7fce0418f000 r--p 00014000 08:01 35134301                   /usr/lib/x86_64-linux-gnu/libpangoft2-1.0.so.0.3800.1
7fce0418f000-7fce04190000 rw-p 00015000 08:01 35134301                   /usr/lib/x86_64-linux-gnu/libpangoft2-1.0.so.0.3800.1
7fce04190000-7fce04310000 r-xp 00000000 08:01 35132255                   /usr/lib/x86_64-linux-gnu/libgio-2.0.so.0.4800.0
7fce04310000-7fce04510000 ---p 00180000 08:01 35132255                   /usr/lib/x86_64-linux-gnu/libgio-2.0.so.0.4800.0
7fce04510000-7fce04514000 r--p 00180000 08:01 35132255                   /usr/lib/x86_64-linux-gnu/libgio-2.0.so.0.4800.0
7fce04514000-7fce04516000 rw-p 00184000 08:01 35132255                   /usr/lib/x86_64-linux-gnu/libgio-2.0.so.0.4800.0
7fce04516000-7fce04518000 rw-p 00000000 00:00 0 
7fce04518000-7fce04539000 r-xp 00000000 08:01 35134285                   /usr/lib/x86_64-linux-gnu/libgdk_pixbuf-2.0.so.0.3200.2
7fce04539000-7fce04738000 ---p 00021000 08:01 35134285                   /usr/lib/x86_64-linux-gnu/libgdk_pixbuf-2.0.so.0.3200.2
7fce04738000-7fce04739000 r--p 00020000 08:01 35134285                   /usr/lib/x86_64-linux-gnu/libgdk_pixbuf-2.0.so.0.3200.2
7fce04739000-7fce0473a000 rw-p 00021000 08:01 35134285                   /usr/lib/x86_64-linux-gnu/libgdk_pixbuf-2.0.so.0.3200.2
7fce0473a000-7fce04848000 r-xp 00000000 08:01 35134294                   /usr/lib/x86_64-linux-gnu/libcairo.so.2.11400.6
7fce04848000-7fce04a48000 ---p 0010e000 08:01 35134294                   /usr/lib/x86_64-linux-gnu/libcairo.so.2.11400.6
7fce04a48000-7fce04a4b000 r--p 0010e000 08:01 35134294                   /usr/lib/x86_64-linux-gnu/libcairo.so.2.11400.6
7fce04a4b000-7fce04a4c000 rw-p 00111000 08:01 35134294                   /usr/lib/x86_64-linux-gnu/libcairo.so.2.11400.6
7fce04a4c000-7fce04a4e000 rw-p 00000000 00:00 0 
7fce04a4e000-7fce04a70000 r-xp 00000000 08:01 35134280                   /usr/lib/x86_64-linux-gnu/libatk-1.0.so.0.21809.1
7fce04a70000-7fce04c6f000 ---p 00022000 08:01 35134280                   /usr/lib/x86_64-linux-gnu/libatk-1.0.so.0.21809.1
7fce04c6f000-7fce04c72000 r--p 00021000 08:01 35134280                   /usr/lib/x86_64-linux-gnu/libatk-1.0.so.0.21809.1
7fce04c72000-7fce04c73000 rw-p 00024000 08:01 35134280                   /usr/lib/x86_64-linux-gnu/libatk-1.0.so.0.21809.1
7fce04c73000-7fce04c7f000 r-xp 00000000 08:01 35134303                   /usr/lib/x86_64-linux-gnu/libpangocairo-1.0.so.0.3800.1
7fce04c7f000-7fce04e7e000 ---p 0000c000 08:01 35134303                   /usr/lib/x86_64-linux-gnu/libpangocairo-1.0.so.0.3800.1
7fce04e7e000-7fce04e7f000 r--p 0000b000 08:01 35134303                   /usr/lib/x86_64-linux-gnu/libpangocairo-1.0.so.0.3800.1
7fce04e7f000-7fce04e80000 rw-p 0000c000 08:01 35134303                   /usr/lib/x86_64-linux-gnu/libpangocairo-1.0.so.0.3800.1
7fce04e80000-7fce04e83000 r-xp 00000000 08:01 35132257                   /usr/lib/x86_64-linux-gnu/libgmodule-2.0.so.0.4800.0
7fce04e83000-7fce05082000 ---p 00003000 08:01 35132257                   /usr/lib/x86_64-linux-gnu/libgmodule-2.0.so.0.4800.0
7fce05082000-7fce05083000 r--p 00002000 08:01 35132257                   /usr/lib/x86_64-linux-gnu/libgmodule-2.0.so.0.4800.0
7fce05083000-7fce05084000 rw-p 00003000 08:01 35132257                   /usr/lib/x86_64-linux-gnu/libgmodule-2.0.so.0.4800.0
7fce05084000-7fce05089000 r-xp 00000000 08:01 35133676                   /usr/lib/x86_64-linux-gnu/libIlmThread-2_2.so.12.0.0
7fce05089000-7fce05289000 ---p 00005000 08:01 35133676                   /usr/lib/x86_64-linux-gnu/libIlmThread-2_2.so.12.0.0
7fce05289000-7fce0528a000 r--p 00005000 08:01 35133676                   /usr/lib/x86_64-linux-gnu/libIlmThread-2_2.so.12.0.0
7fce0528a000-7fce0528b000 rw-p 00006000 08:01 35133676                   /usr/lib/x86_64-linux-gnu/libIlmThread-2_2.so.12.0.0
7fce0528b000-7fce052a6000 r-xp 00000000 08:01 35133675                   /usr/lib/x86_64-linux-gnu/libIex-2_2.so.12.0.0
7fce052a6000-7fce054a5000 ---p 0001b000 08:01 35133675                   /usr/lib/x86_64-linux-gnu/libIex-2_2.so.12.0.0
7fce054a5000-7fce054a8000 r--p 0001a000 08:01 35133675                   /usr/lib/x86_64-linux-gnu/libIex-2_2.so.12.0.0
7fce054a8000-7fce054a9000 rw-p 0001d000 08:01 35133675                   /usr/lib/x86_64-linux-gnu/libIex-2_2.so.12.0.0
7fce054a9000-7fce054b4000 r-xp 00000000 08:01 35133762                   /usr/lib/x86_64-linux-gnu/libjbig.so.0
7fce054b4000-7fce056b3000 ---p 0000b000 08:01 35133762                   /usr/lib/x86_64-linux-gnu/libjbig.so.0
7fce056b3000-7fce056b4000 r--p 0000a000 08:01 35133762                   /usr/lib/x86_64-linux-gnu/libjbig.so.0
7fce056b4000-7fce056b7000 rw-p 0000b000 08:01 35133762                   /usr/lib/x86_64-linux-gnu/libjbig.so.0
7fce056b7000-7fce056d8000 r-xp 00000000 08:01 3670560                    /lib/x86_64-linux-gnu/liblzma.so.5.0.0
7fce056d8000-7fce058d7000 ---p 00021000 08:01 3670560                    /lib/x86_64-linux-gnu/liblzma.so.5.0.0
7fce058d7000-7fce058d8000 r--p 00020000 08:01 3670560                    /lib/x86_64-linux-gnu/liblzma.so.5.0.0
7fce058d8000-7fce058d9000 rw-p 00021000 08:01 3670560                    /lib/x86_64-linux-gnu/liblzma.so.5.0.0
7fce058d9000-7fce058e7000 r-xp 00000000 08:01 35133043                   /usr/lib/x86_64-linux-gnu/libdrm.so.2.4.0
7fce058e7000-7fce05ae6000 ---p 0000e000 08:01 35133043                   /usr/lib/x86_64-linux-gnu/libdrm.so.2.4.0
7fce05ae6000-7fce05ae7000 r--p 0000d000 08:01 35133043                   /usr/lib/x86_64-linux-gnu/libdrm.so.2.4.0
7fce05ae7000-7fce05ae8000 rw-p 0000e000 08:01 35133043                   /usr/lib/x86_64-linux-gnu/libdrm.so.2.4.0
7fce05ae8000-7fce05aed000 r-xp 00000000 08:01 35133723                   /usr/lib/x86_64-linux-gnu/libXxf86vm.so.1.0.0
7fce05aed000-7fce05cec000 ---p 00005000 08:01 35133723                   /usr/lib/x86_64-linux-gnu/libXxf86vm.so.1.0.0
7fce05cec000-7fce05ced000 r--p 00004000 08:01 35133723                   /usr/lib/x86_64-linux-gnu/libXxf86vm.so.1.0.0
7fce05ced000-7fce05cee000 rw-p 00005000 08:01 35133723                   /usr/lib/x86_64-linux-gnu/libXxf86vm.so.1.0.0
7fce05cee000-7fce05d0f000 r-xp 00000000 08:01 35132893                   /usr/lib/x86_64-linux-gnu/libxcb.so.1.1.0
7fce05d0f000-7fce05f0e000 ---p 00021000 08:01 35132893                   /usr/lib/x86_64-linux-gnu/libxcb.so.1.1.0
7fce05f0e000-7fce05f0f000 r--p 00020000 08:01 35132893                   /usr/lib/x86_64-linux-gnu/libxcb.so.1.1.0
7fce05f0f000-7fce05f10000 rw-p 00021000 08:01 35132893                   /usr/lib/x86_64-linux-gnu/libxcb.so.1.1.0
7fce05f10000-7fce05f14000 r-xp 00000000 08:01 35134524                   /usr/lib/x86_64-linux-gnu/libxcb-dri2.so.0.0.0
7fce05f14000-7fce06113000 ---p 00004000 08:01 35134524                   /usr/lib/x86_64-linux-gnu/libxcb-dri2.so.0.0.0
7fce06113000-7fce06114000 r--p 00003000 08:01 35134524                   /usr/lib/x86_64-linux-gnu/libxcb-dri2.so.0.0.0
7fce06114000-7fce06115000 rw-p 00004000 08:01 35134524                   /usr/lib/x86_64-linux-gnu/libxcb-dri2.so.0.0.0
7fce06115000-7fce0612c000 r-xp 00000000 08:01 35134528                   /usr/lib/x86_64-linux-gnu/libxcb-glx.so.0.0.0
7fce0612c000-7fce0632b000 ---p 00017000 08:01 35134528                   /usr/lib/x86_64-linux-gnu/libxcb-glx.so.0.0.0
7fce0632b000-7fce0632d000 r--p 00016000 08:01 35134528                   /usr/lib/x86_64-linux-gnu/libxcb-glx.so.0.0.0
7fce0632d000-7fce0632e000 rw-p 00018000 08:01 35134528                   /usr/lib/x86_64-linux-gnu/libxcb-glx.so.0.0.0
7fce0632e000-7fce06463000 r-xp 00000000 08:01 35132896                   /usr/lib/x86_64-linux-gnu/libX11.so.6.3.0
7fce06463000-7fce06663000 ---p 00135000 08:01 35132896                   /usr/lib/x86_64-linux-gnu/libX11.so.6.3.0
7fce06663000-7fce06664000 r--p 00135000 08:01 35132896                   /usr/lib/x86_64-linux-gnu/libX11.so.6.3.0
7fce06664000-7fce06668000 rw-p 00136000 08:01 35132896                   /usr/lib/x86_64-linux-gnu/libX11.so.6.3.0
7fce06668000-7fce06669000 r-xp 00000000 08:01 35134522                   /usr/lib/x86_64-linux-gnu/libX11-xcb.so.1.0.0
7fce06669000-7fce06868000 ---p 00001000 08:01 35134522                   /usr/lib/x86_64-linux-gnu/libX11-xcb.so.1.0.0
7fce06868000-7fce06869000 r--p 00000000 08:01 35134522                   /usr/lib/x86_64-linux-gnu/libX11-xcb.so.1.0.0
7fce06869000-7fce0686a000 rw-p 00001000 08:01 35134522                   /usr/lib/x86_64-linux-gnu/libX11-xcb.so.1.0.0
7fce0686a000-7fce0686f000 r-xp 00000000 08:01 35133709                   /usr/lib/x86_64-linux-gnu/libXfixes.so.3.1.0
7fce0686f000-7fce06a6e000 ---p 00005000 08:01 35133709                   /usr/lib/x86_64-linux-gnu/libXfixes.so.3.1.0
7fce06a6e000-7fce06a6f000 r--p 00004000 08:01 35133709                   /usr/lib/x86_64-linux-gnu/libXfixes.so.3.1.0
7fce06a6f000-7fce06a70000 rw-p 00005000 08:01 35133709                   /usr/lib/x86_64-linux-gnu/libXfixes.so.3.1.0
7fce06a70000-7fce06a72000 r-xp 00000000 08:01 35133715                   /usr/lib/x86_64-linux-gnu/libXdamage.so.1.1.0
7fce06a72000-7fce06c71000 ---p 00002000 08:01 35133715                   /usr/lib/x86_64-linux-gnu/libXdamage.so.1.1.0
7fce06c71000-7fce06c72000 r--p 00001000 08:01 35133715                   /usr/lib/x86_64-linux-gnu/libXdamage.so.1.1.0
7fce06c72000-7fce06c73000 rw-p 00002000 08:01 35133715                   /usr/lib/x86_64-linux-gnu/libXdamage.so.1.1.0
7fce06c73000-7fce06c84000 r-xp 00000000 08:01 35132898                   /usr/lib/x86_64-linux-gnu/libXext.so.6.4.0
7fce06c84000-7fce06e83000 ---p 00011000 08:01 35132898                   /usr/lib/x86_64-linux-gnu/libXext.so.6.4.0
7fce06e83000-7fce06e84000 r--p 00010000 08:01 35132898                   /usr/lib/x86_64-linux-gnu/libXext.so.6.4.0
7fce06e84000-7fce06e85000 rw-p 00011000 08:01 35132898                   /usr/lib/x86_64-linux-gnu/libXext.so.6.4.0
7fce06e85000-7fce06eae000 r-xp 00000000 08:01 35134520                   /usr/lib/x86_64-linux-gnu/libglapi.so.0.0.0
7fce06eae000-7fce070ad000 ---p 00029000 08:01 35134520                   /usr/lib/x86_64-linux-gnu/libglapi.so.0.0.0
7fce070ad000-7fce070b1000 r--p 00028000 08:01 35134520                   /usr/lib/x86_64-linux-gnu/libglapi.so.0.0.0
7fce070b1000-7fce070b2000 rw-p 0002c000 08:01 35134520                   /usr/lib/x86_64-linux-gnu/libglapi.so.0.0.0
7fce070b2000-7fce070b3000 rw-p 00000000 00:00 0 
7fce070b3000-7fce070b4000 r-xp 00000000 08:01 35133721                   /usr/lib/x86_64-linux-gnu/libxshmfence.so.1.0.0
7fce070b4000-7fce072b4000 ---p 00001000 08:01 35133721                   /usr/lib/x86_64-linux-gnu/libxshmfence.so.1.0.0
7fce072b4000-7fce072b5000 r--p 00001000 08:01 35133721                   /usr/lib/x86_64-linux-gnu/libxshmfence.so.1.0.0
7fce072b5000-7fce072b6000 rw-p 00002000 08:01 35133721                   /usr/lib/x86_64-linux-gnu/libxshmfence.so.1.0.0
7fce072b6000-7fce072bb000 r-xp 00000000 08:01 35134532                   /usr/lib/x86_64-linux-gnu/libxcb-sync.so.1.0.0
7fce072bb000-7fce074bb000 ---p 00005000 08:01 35134532                   /usr/lib/x86_64-linux-gnu/libxcb-sync.so.1.0.0
7fce074bb000-7fce074bc000 r--p 00005000 08:01 35134532                   /usr/lib/x86_64-linux-gnu/libxcb-sync.so.1.0.0
7fce074bc000-7fce074bd000 rw-p 00006000 08:01 35134532                   /usr/lib/x86_64-linux-gnu/libxcb-sync.so.1.0.0
7fce074bd000-7fce074bf000 r-xp 00000000 08:01 35134530                   /usr/lib/x86_64-linux-gnu/libxcb-present.so.0.0.0
7fce074bf000-7fce076be000 ---p 00002000 08:01 35134530                   /usr/lib/x86_64-linux-gnu/libxcb-present.so.0.0.0
7fce076be000-7fce076bf000 r--p 00001000 08:01 35134530                   /usr/lib/x86_64-linux-gnu/libxcb-present.so.0.0.0
7fce076bf000-7fce076c0000 rw-p 00002000 08:01 35134530                   /usr/lib/x86_64-linux-gnu/libxcb-present.so.0.0.0
7fce076c0000-7fce076c2000 r-xp 00000000 08:01 35134526                   /usr/lib/x86_64-linux-gnu/libxcb-dri3.so.0.0.0
7fce076c2000-7fce078c1000 ---p 00002000 08:01 35134526                   /usr/lib/x86_64-linux-gnu/libxcb-dri3.so.0.0.0
7fce078c1000-7fce078c2000 r--p 00001000 08:01 35134526                   /usr/lib/x86_64-linux-gnu/libxcb-dri3.so.0.0.0
7fce078c2000-7fce078c3000 rw-p 00002000 08:01 35134526                   /usr/lib/x86_64-linux-gnu/libxcb-dri3.so.0.0.0
7fce078c3000-7fce078e9000 r-xp 00000000 08:01 3674279                    /lib/x86_64-linux-gnu/libexpat.so.1.6.0
7fce078e9000-7fce07ae9000 ---p 00026000 08:01 3674279                    /lib/x86_64-linux-gnu/libexpat.so.1.6.0
7fce07ae9000-7fce07aeb000 r--p 00026000 08:01 3674279                    /lib/x86_64-linux-gnu/libexpat.so.1.6.0
7fce07aeb000-7fce07aec000 rw-p 00028000 08:01 3674279                    /lib/x86_64-linux-gnu/libexpat.so.1.6.0
7fce07aec000-7fce07aef000 r-xp 00000000 08:01 3670534                    /lib/x86_64-linux-gnu/libdl-2.23.so
7fce07aef000-7fce07cee000 ---p 00003000 08:01 3670534                    /lib/x86_64-linux-gnu/libdl-2.23.so
7fce07cee000-7fce07cef000 r--p 00002000 08:01 3670534                    /lib/x86_64-linux-gnu/libdl-2.23.so
7fce07cef000-7fce07cf0000 rw-p 00003000 08:01 3670534                    /lib/x86_64-linux-gnu/libdl-2.23.so
7fce07cf0000-7fce07cf7000 r-xp 00000000 08:01 3670613                    /lib/x86_64-linux-gnu/librt-2.23.so
7fce07cf7000-7fce07ef6000 ---p 00007000 08:01 3670613                    /lib/x86_64-linux-gnu/librt-2.23.so
7fce07ef6000-7fce07ef7000 r--p 00006000 08:01 3670613                    /lib/x86_64-linux-gnu/librt-2.23.so
7fce07ef7000-7fce07ef8000 rw-p 00007000 08:01 3670613                    /lib/x86_64-linux-gnu/librt-2.23.so
7fce07ef8000-7fce07f11000 r-xp 00000000 08:01 3670643                    /lib/x86_64-linux-gnu/libz.so.1.2.8
7fce07f11000-7fce08110000 ---p 00019000 08:01 3670643                    /lib/x86_64-linux-gnu/libz.so.1.2.8
7fce08110000-7fce08111000 r--p 00018000 08:01 3670643                    /lib/x86_64-linux-gnu/libz.so.1.2.8
7fce08111000-7fce08112000 rw-p 00019000 08:01 3670643                    /lib/x86_64-linux-gnu/libz.so.1.2.8
7fce08112000-7fce08149000 r-xp 00000000 08:01 35134548                   /usr/lib/x86_64-linux-gnu/libtbb.so.2
7fce08149000-7fce08349000 ---p 00037000 08:01 35134548                   /usr/lib/x86_64-linux-gnu/libtbb.so.2
7fce08349000-7fce0834a000 r--p 00037000 08:01 35134548                   /usr/lib/x86_64-linux-gnu/libtbb.so.2
7fce0834a000-7fce0834c000 rw-p 00038000 08:01 35134548                   /usr/lib/x86_64-linux-gnu/libtbb.so.2
7fce0834c000-7fce0834f000 rw-p 00000000 00:00 0 
7fce0834f000-7fce083d4000 r-xp 00000000 08:01 35134585                   /usr/lib/x86_64-linux-gnu/libswscale-ffmpeg.so.3.1.101
7fce083d4000-7fce085d3000 ---p 00085000 08:01 35134585                   /usr/lib/x86_64-linux-gnu/libswscale-ffmpeg.so.3.1.101
7fce085d3000-7fce085d5000 r--p 00084000 08:01 35134585                   /usr/lib/x86_64-linux-gnu/libswscale-ffmpeg.so.3.1.101
7fce085d5000-7fce085d6000 rw-p 00086000 08:01 35134585                   /usr/lib/x86_64-linux-gnu/libswscale-ffmpeg.so.3.1.101
7fce085d6000-7fce085de000 rw-p 00000000 00:00 0 
7fce085de000-7fce08633000 r-xp 00000000 08:01 35134383                   /usr/lib/x86_64-linux-gnu/libavutil-ffmpeg.so.54.31.100
7fce08633000-7fce08833000 ---p 00055000 08:01 35134383                   /usr/lib/x86_64-linux-gnu/libavutil-ffmpeg.so.54.31.100
7fce08833000-7fce08839000 r--p 00055000 08:01 35134383                   /usr/lib/x86_64-linux-gnu/libavutil-ffmpeg.so.54.31.100
7fce08839000-7fce0883a000 rw-p 0005b000 08:01 35134383                   /usr/lib/x86_64-linux-gnu/libavutil-ffmpeg.so.54.31.100
7fce0883a000-7fce0884d000 rw-p 00000000 00:00 0 
7fce0884d000-7fce08a21000 r-xp 00000000 08:01 35134456                   /usr/lib/x86_64-linux-gnu/libavformat-ffmpeg.so.56.40.101
7fce08a21000-7fce08c21000 ---p 001d4000 08:01 35134456                   /usr/lib/x86_64-linux-gnu/libavformat-ffmpeg.so.56.40.101
7fce08c21000-7fce08c35000 r--p 001d4000 08:01 35134456                   /usr/lib/x86_64-linux-gnu/libavformat-ffmpeg.so.56.40.101
7fce08c35000-7fce08c4a000 rw-p 001e8000 08:01 35134456                   /usr/lib/x86_64-linux-gnu/libavformat-ffmpeg.so.56.40.101
7fce08c4a000-7fce09774000 r-xp 00000000 08:01 35134432                   /usr/lib/x86_64-linux-gnu/libavcodec-ffmpeg.so.56.60.100
7fce09774000-7fce09973000 ---p 00b2a000 08:01 35134432                   /usr/lib/x86_64-linux-gnu/libavcodec-ffmpeg.so.56.60.100
7fce09973000-7fce0999e000 r--p 00b29000 08:01 35134432                   /usr/lib/x86_64-linux-gnu/libavcodec-ffmpeg.so.56.60.100
7fce0999e000-7fce099c1000 rw-p 00b54000 08:01 35134432                   /usr/lib/x86_64-linux-gnu/libavcodec-ffmpeg.so.56.60.100
7fce099c1000-7fce0a074000 rw-p 00000000 00:00 0 
7fce0a074000-7fce0a079000 r-xp 00000000 08:01 35134590                   /usr/lib/x86_64-linux-gnu/libv4l1.so.0.0.0
7fce0a079000-7fce0a278000 ---p 00005000 08:01 35134590                   /usr/lib/x86_64-linux-gnu/libv4l1.so.0.0.0
7fce0a278000-7fce0a279000 r--p 00004000 08:01 35134590                   /usr/lib/x86_64-linux-gnu/libv4l1.so.0.0.0
7fce0a279000-7fce0a27a000 rw-p 00005000 08:01 35134590                   /usr/lib/x86_64-linux-gnu/libv4l1.so.0.0.0
7fce0a27a000-7fce0a2af000 r-xp 00000000 08:01 35134571                   /usr/lib/x86_64-linux-gnu/libdc1394.so.22.1.11
7fce0a2af000-7fce0a4ae000 ---p 00035000 08:01 35134571                   /usr/lib/x86_64-linux-gnu/libdc1394.so.22.1.11
7fce0a4ae000-7fce0a4af000 r--p 00034000 08:01 35134571                   /usr/lib/x86_64-linux-gnu/libdc1394.so.22.1.11
7fce0a4af000-7fce0a4b0000 rw-p 00035000 08:01 35134571                   /usr/lib/x86_64-linux-gnu/libdc1394.so.22.1.11
7fce0a4b0000-7fce0a4f0000 rw-p 00000000 00:00 0 
7fce0a4f0000-7fce0a54d000 r-xp 00000000 08:01 35134579                   /usr/lib/x86_64-linux-gnu/libgdkglext-x11-1.0.so.0.0.0
7fce0a54d000-7fce0a74c000 ---p 0005d000 08:01 35134579                   /usr/lib/x86_64-linux-gnu/libgdkglext-x11-1.0.so.0.0.0
7fce0a74c000-7fce0a74e000 r--p 0005c000 08:01 35134579                   /usr/lib/x86_64-linux-gnu/libgdkglext-x11-1.0.so.0.0.0
7fce0a74e000-7fce0a754000 rw-p 0005e000 08:01 35134579                   /usr/lib/x86_64-linux-gnu/libgdkglext-x11-1.0.so.0.0.0
7fce0a754000-7fce0a757000 r-xp 00000000 08:01 35134580                   /usr/lib/x86_64-linux-gnu/libgtkglext-x11-1.0.so.0.0.0
7fce0a757000-7fce0a956000 ---p 00003000 08:01 35134580                   /usr/lib/x86_64-linux-gnu/libgtkglext-x11-1.0.so.0.0.0
7fce0a956000-7fce0a957000 r--p 00002000 08:01 35134580                   /usr/lib/x86_64-linux-gnu/libgtkglext-x11-1.0.so.0.0.0
7fce0a957000-7fce0a958000 rw-p 00003000 08:01 35134580                   /usr/lib/x86_64-linux-gnu/libgtkglext-x11-1.0.so.0.0.0
7fce0a958000-7fce0aa66000 r-xp 00000000 08:01 3674052                    /lib/x86_64-linux-gnu/libglib-2.0.so.0.4800.0
7fce0aa66000-7fce0ac66000 ---p 0010e000 08:01 3674052                    /lib/x86_64-linux-gnu/libglib-2.0.so.0.4800.0
7fce0ac66000-7fce0ac67000 r--p 0010e000 08:01 3674052                    /lib/x86_64-linux-gnu/libglib-2.0.so.0.4800.0
7fce0ac67000-7fce0ac68000 rw-p 0010f000 08:01 3674052                    /lib/x86_64-linux-gnu/libglib-2.0.so.0.4800.0
7fce0ac68000-7fce0ac69000 rw-p 00000000 00:00 0 
7fce0ac69000-7fce0acbb000 r-xp 00000000 08:01 35132254                   /usr/lib/x86_64-linux-gnu/libgobject-2.0.so.0.4800.0
7fce0acbb000-7fce0aeba000 ---p 00052000 08:01 35132254                   /usr/lib/x86_64-linux-gnu/libgobject-2.0.so.0.4800.0
7fce0aeba000-7fce0aebb000 r--p 00051000 08:01 35132254                   /usr/lib/x86_64-linux-gnu/libgobject-2.0.so.0.4800.0
7fce0aebb000-7fce0aebc000 rw-p 00052000 08:01 35132254                   /usr/lib/x86_64-linux-gnu/libgobject-2.0.so.0.4800.0
7fce0aebc000-7fce0af6c000 r-xp 00000000 08:01 35134316                   /usr/lib/x86_64-linux-gnu/libgdk-x11-2.0.so.0.2400.30
7fce0af6c000-7fce0b16b000 ---p 000b0000 08:01 35134316                   /usr/lib/x86_64-linux-gnu/libgdk-x11-2.0.so.0.2400.30
7fce0b16b000-7fce0b16f000 r--p 000af000 08:01 35134316                   /usr/lib/x86_64-linux-gnu/libgdk-x11-2.0.so.0.2400.30
7fce0b16f000-7fce0b171000 rw-p 000b3000 08:01 35134316                   /usr/lib/x86_64-linux-gnu/libgdk-x11-2.0.so.0.2400.30
7fce0b171000-7fce0b5af000 r-xp 00000000 08:01 35134317                   /usr/lib/x86_64-linux-gnu/libgtk-x11-2.0.so.0.2400.30
7fce0b5af000-7fce0b7ae000 ---p 0043e000 08:01 35134317                   /usr/lib/x86_64-linux-gnu/libgtk-x11-2.0.so.0.2400.30
7fce0b7ae000-7fce0b7b5000 r--p 0043d000 08:01 35134317                   /usr/lib/x86_64-linux-gnu/libgtk-x11-2.0.so.0.2400.30
7fce0b7b5000-7fce0b7b9000 rw-p 00444000 08:01 35134317                   /usr/lib/x86_64-linux-gnu/libgtk-x11-2.0.so.0.2400.30
7fce0b7b9000-7fce0b7bc000 rw-p 00000000 00:00 0 
7fce0b7bc000-7fce0b7fe000 r-xp 00000000 08:01 35133674                   /usr/lib/x86_64-linux-gnu/libHalf.so.12.0.0
7fce0b7fe000-7fce0b9fd000 ---p 00042000 08:01 35133674                   /usr/lib/x86_64-linux-gnu/libHalf.so.12.0.0
7fce0b9fd000-7fce0b9fe000 r--p 00041000 08:01 35133674                   /usr/lib/x86_64-linux-gnu/libHalf.so.12.0.0
7fce0b9fe000-7fce0b9ff000 rw-p 00042000 08:01 35133674                   /usr/lib/x86_64-linux-gnu/libHalf.so.12.0.0
7fce0b9ff000-7fce0bbc9000 r-xp 00000000 08:01 35133687                   /usr/lib/x86_64-linux-gnu/libIlmImf-2_2.so.22.0.0
7fce0bbc9000-7fce0bdc8000 ---p 001ca000 08:01 35133687                   /usr/lib/x86_64-linux-gnu/libIlmImf-2_2.so.22.0.0
7fce0bdc8000-7fce0bdcb000 r--p 001c9000 08:01 35133687                   /usr/lib/x86_64-linux-gnu/libIlmImf-2_2.so.22.0.0
7fce0bdcb000-7fce0becc000 rw-p 001cc000 08:01 35133687                   /usr/lib/x86_64-linux-gnu/libIlmImf-2_2.so.22.0.0
7fce0becc000-7fce0becd000 rw-p 00000000 00:00 0 
7fce0becd000-7fce0bf19000 r-xp 00000000 08:01 35134583                   /usr/lib/x86_64-linux-gnu/libjasper.so.1.0.0
7fce0bf19000-7fce0c118000 ---p 0004c000 08:01 35134583                   /usr/lib/x86_64-linux-gnu/libjasper.so.1.0.0
7fce0c118000-7fce0c119000 r--p 0004b000 08:01 35134583                   /usr/lib/x86_64-linux-gnu/libjasper.so.1.0.0
7fce0c119000-7fce0c11d000 rw-p 0004c000 08:01 35134583                   /usr/lib/x86_64-linux-gnu/libjasper.so.1.0.0
7fce0c11d000-7fce0c124000 rw-p 00000000 00:00 0 
7fce0c124000-7fce0c193000 r-xp 00000000 08:01 35134282                   /usr/lib/x86_64-linux-gnu/libtiff.so.5.2.4
7fce0c193000-7fce0c393000 ---p 0006f000 08:01 35134282                   /usr/lib/x86_64-linux-gnu/libtiff.so.5.2.4
7fce0c393000-7fce0c394000 r--p 0006f000 08:01 35134282                   /usr/lib/x86_64-linux-gnu/libtiff.so.5.2.4
7fce0c394000-7fce0c397000 rw-p 00070000 08:01 35134282                   /usr/lib/x86_64-linux-gnu/libtiff.so.5.2.4
7fce0c397000-7fce0c3bb000 r-xp 00000000 08:01 3670602                    /lib/x86_64-linux-gnu/libpng12.so.0.54.0
7fce0c3bb000-7fce0c5ba000 ---p 00024000 08:01 3670602                    /lib/x86_64-linux-gnu/libpng12.so.0.54.0
7fce0c5ba000-7fce0c5bb000 r--p 00023000 08:01 3670602                    /lib/x86_64-linux-gnu/libpng12.so.0.54.0
7fce0c5bb000-7fce0c5bc000 rw-p 00024000 08:01 3670602                    /lib/x86_64-linux-gnu/libpng12.so.0.54.0
7fce0c5bc000-7fce0c613000 r-xp 00000000 08:01 35133668                   /usr/lib/x86_64-linux-gnu/libjpeg.so.8.0.2
7fce0c613000-7fce0c813000 ---p 00057000 08:01 35133668                   /usr/lib/x86_64-linux-gnu/libjpeg.so.8.0.2
7fce0c813000-7fce0c814000 r--p 00057000 08:01 35133668                   /usr/lib/x86_64-linux-gnu/libjpeg.so.8.0.2
7fce0c814000-7fce0c815000 rw-p 00058000 08:01 35133668                   /usr/lib/x86_64-linux-gnu/libjpeg.so.8.0.2
7fce0c815000-7fce0c882000 r-xp 00000000 08:01 37225348                   /usr/lib/x86_64-linux-gnu/mesa/libGL.so.1.2.0
7fce0c882000-7fce0ca81000 ---p 0006d000 08:01 37225348                   /usr/lib/x86_64-linux-gnu/mesa/libGL.so.1.2.0
7fce0ca81000-7fce0ca84000 r--p 0006c000 08:01 37225348                   /usr/lib/x86_64-linux-gnu/mesa/libGL.so.1.2.0
7fce0ca84000-7fce0ca85000 rw-p 0006f000 08:01 37225348                   /usr/lib/x86_64-linux-gnu/mesa/libGL.so.1.2.0
7fce0ca85000-7fce0ca86000 rw-p 00000000 00:00 0 
7fce0ca86000-7fce0caa7000 r-xp 00000000 08:01 35133993                   /usr/lib/x86_64-linux-gnu/libgomp.so.1.0.0
7fce0caa7000-7fce0cca6000 ---p 00021000 08:01 35133993                   /usr/lib/x86_64-linux-gnu/libgomp.so.1.0.0
7fce0cca6000-7fce0cca7000 r--p 00020000 08:01 35133993                   /usr/lib/x86_64-linux-gnu/libgomp.so.1.0.0
7fce0cca7000-7fce0cca8000 rw-p 00021000 08:01 35133993                   /usr/lib/x86_64-linux-gnu/libgomp.so.1.0.0
7fce0cca8000-7fce0cdb0000 r-xp 00000000 08:01 3670561                    /lib/x86_64-linux-gnu/libm-2.23.so
7fce0cdb0000-7fce0cfaf000 ---p 00108000 08:01 3670561                    /lib/x86_64-linux-gnu/libm-2.23.so
7fce0cfaf000-7fce0cfb0000 r--p 00107000 08:01 3670561                    /lib/x86_64-linux-gnu/libm-2.23.so
7fce0cfb0000-7fce0cfb1000 rw-p 00108000 08:01 3670561                    /lib/x86_64-linux-gnu/libm-2.23.so
7fce0cfb1000-7fce0d1ce000 r-xp 00000000 08:01 35134549                   /usr/lib/x86_64-linux-gnu/libopencv_core.so.2.4.9
7fce0d1ce000-7fce0d3ce000 ---p 0021d000 08:01 35134549                   /usr/lib/x86_64-linux-gnu/libopencv_core.so.2.4.9
7fce0d3ce000-7fce0d3d2000 r--p 0021d000 08:01 35134549                   /usr/lib/x86_64-linux-gnu/libopencv_core.so.2.4.9
7fce0d3d2000-7fce0d3d9000 rw-p 00221000 08:01 35134549                   /usr/lib/x86_64-linux-gnu/libopencv_core.so.2.4.9
7fce0d3d9000-7fce0d3db000 rw-p 00000000 00:00 0 
7fce0d3db000-7fce0d5cb000 r-xp 00000000 08:01 35134553                   /usr/lib/x86_64-linux-gnu/libopencv_imgproc.so.2.4.9
7fce0d5cb000-7fce0d7ca000 ---p 001f0000 08:01 35134553                   /usr/lib/x86_64-linux-gnu/libopencv_imgproc.so.2.4.9
7fce0d7ca000-7fce0d7d0000 r--p 001ef000 08:01 35134553                   /usr/lib/x86_64-linux-gnu/libopencv_imgproc.so.2.4.9
7fce0d7d0000-7fce0d7d1000 rw-p 001f5000 08:01 35134553                   /usr/lib/x86_64-linux-gnu/libopencv_imgproc.so.2.4.9
7fce0d7d1000-7fce0d866000 rw-p 00000000 00:00 0 
7fce0d866000-7fce0d8ac000 r-xp 00000000 08:01 35134593                   /usr/lib/x86_64-linux-gnu/libopencv_highgui.so.2.4.9
7fce0d8ac000-7fce0daab000 ---p 00046000 08:01 35134593                   /usr/lib/x86_64-linux-gnu/libopencv_highgui.so.2.4.9
7fce0daab000-7fce0daae000 r--p 00045000 08:01 35134593                   /usr/lib/x86_64-linux-gnu/libopencv_highgui.so.2.4.9
7fce0daae000-7fce0daaf000 rw-p 00048000 08:01 35134593                   /usr/lib/x86_64-linux-gnu/libopencv_highgui.so.2.4.9
7fce0daaf000-7fce0dc6f000 r-xp 00000000 08:01 3670520                    /lib/x86_64-linux-gnu/libc-2.23.so
7fce0dc6f000-7fce0de6e000 ---p 001c0000 08:01 3670520                    /lib/x86_64-linux-gnu/libc-2.23.so
7fce0de6e000-7fce0de72000 r--p 001bf000 08:01 3670520                    /lib/x86_64-linux-gnu/libc-2.23.so
7fce0de72000-7fce0de74000 rw-p 001c3000 08:01 3670520                    /lib/x86_64-linux-gnu/libc-2.23.so
7fce0de74000-7fce0de78000 rw-p 00000000 00:00 0 
7fce0de78000-7fce0de90000 r-xp 00000000 08:01 3670607                    /lib/x86_64-linux-gnu/libpthread-2.23.so
7fce0de90000-7fce0e08f000 ---p 00018000 08:01 3670607                    /lib/x86_64-linux-gnu/libpthread-2.23.so
7fce0e08f000-7fce0e090000 r--p 00017000 08:01 3670607                    /lib/x86_64-linux-gnu/libpthread-2.23.so
7fce0e090000-7fce0e091000 rw-p 00018000 08:01 3670607                    /lib/x86_64-linux-gnu/libpthread-2.23.so
7fce0e091000-7fce0e095000 rw-p 00000000 00:00 0 
7fce0e095000-7fce0e0ab000 r-xp 00000000 08:01 3670546                    /lib/x86_64-linux-gnu/libgcc_s.so.1
7fce0e0ab000-7fce0e2aa000 ---p 00016000 08:01 3670546                    /lib/x86_64-linux-gnu/libgcc_s.so.1
7fce0e2aa000-7fce0e2ab000 rw-p 00015000 08:01 3670546                    /lib/x86_64-linux-gnu/libgcc_s.so.1
7fce0e2ab000-7fce0e41d000 r-xp 00000000 08:01 35131430                   /usr/lib/x86_64-linux-gnu/libstdc++.so.6.0.21
7fce0e41d000-7fce0e61d000 ---p 00172000 08:01 35131430                   /usr/lib/x86_64-linux-gnu/libstdc++.so.6.0.21
7fce0e61d000-7fce0e627000 r--p 00172000 08:01 35131430                   /usr/lib/x86_64-linux-gnu/libstdc++.so.6.0.21
7fce0e627000-7fce0e629000 rw-p 0017c000 08:01 35131430                   /usr/lib/x86_64-linux-gnu/libstdc++.so.6.0.21
7fce0e629000-7fce0e62d000 rw-p 00000000 00:00 0 
7fce0e62d000-7fce0e675000 r-xp 00000000 00:2a 657865                     /home/sebastian/raytracing/build/DocOpt/libdocopt.so
7fce0e675000-7fce0e874000 ---p 00048000 00:2a 657865                     /home/sebastian/raytracing/build/DocOpt/libdocopt.so
7fce0e874000-7fce0e876000 r--p 00047000 00:2a 657865                     /home/sebastian/raytracing/build/DocOpt/libdocopt.so
7fce0e876000-7fce0e877000 rw-p 00049000 00:2a 657865                     /home/sebastian/raytracing/build/DocOpt/libdocopt.so
7fce0e877000-7fce0e9b7000 r-xp 00000000 00:2a 54001821                   /home/sebastian/raytracing/build/libmct.so
7fce0e9b7000-7fce0ebb6000 ---p 00140000 00:2a 54001821                   /home/sebastian/raytracing/build/libmct.so
7fce0ebb6000-7fce0ebb9000 r--p 0013f000 00:2a 54001821                   /home/sebastian/raytracing/build/libmct.so
7fce0ebb9000-7fce0ebbc000 rw-p 00142000 00:2a 54001821                   /home/sebastian/raytracing/build/libmct.so
7fce0ebbc000-7fce0ebcc000 rw-p 00000000 00:00 0 
7fce0ebcc000-7fce0ebf2000 r-xp 00000000 08:01 3670496                    /lib/x86_64-linux-gnu/ld-2.23.so
7fce0ed80000-7fce0ed9a000 rw-p 00000000 00:00 0 
7fce0ed9a000-7fce0edb8000 r-xp 00000000 08:01 3670633                    /lib/x86_64-linux-gnu/libudev.so.1.6.4
7fce0edb8000-7fce0edb9000 r--p 0001d000 08:01 3670633                    /lib/x86_64-linux-gnu/libudev.so.1.6.4
7fce0edb9000-7fce0edba000 rw-p 0001e000 08:01 3670633                    /lib/x86_64-linux-gnu/libudev.so.1.6.4
7fce0edba000-7fce0ede3000 rw-p 00000000 00:00 0 
7fce0eded000-7fce0edf1000 rw-p 00000000 00:00 0 
7fce0edf1000-7fce0edf2000 r--p 00025000 08:01 3670496                    /lib/x86_64-linux-gnu/ld-2.23.so
7fce0edf2000-7fce0edf3000 rw-p 00026000 08:01 3670496                    /lib/x86_64-linux-gnu/ld-2.23.so
7fce0edf3000-7fce0edf4000 rw-p 00000000 00:00 0 
7ffd5560f000-7ffd55652000 rw-p 00000000 00:00 0                          [stack]
7ffd556f3000-7ffd556f5000 r--p 00000000 00:00 0                          [vvar]
7ffd556f5000-7ffd556f7000 r-xp 00000000 00:00 0                          [vdso]
ffffffffff600000-ffffffffff601000 r-xp 00000000 00:00 0                  [vsyscall]
