*** Error in `/home/sebastian/raytracing/build/mctPlenoscopePropagation': munmap_chunk(): invalid pointer: 0x000000000154bfa0 ***
======= Backtrace: =========
/lib/x86_64-linux-gnu/libc.so.6(+0x77725)[0x7f79f2282725]
/lib/x86_64-linux-gnu/libc.so.6(cfree+0x1a8)[0x7f79f228ec18]
/home/sebastian/raytracing/build/libmct.so(_ZNSt6vectorIN12PhotonSensor11photon_infoESaIS1_EE19_M_emplace_back_auxIJRKS1_EEEvDpOT_+0xd6)[0x7f79f3092a16]
/home/sebastian/raytracing/build/libmct.so(_ZN12PhotonSensor6Sensor28assign_photon_to_this_sensorEPK6Photon+0x1c9)[0x7f79f30924f9]
/home/sebastian/raytracing/build/libmct.so(_ZN13PhotonSensors7Sensors13assign_photonEPK6Photon+0x5a)[0x7f79f3093b3a]
/home/sebastian/raytracing/build/libmct.so(_ZN13PhotonSensors7Sensors14assign_photonsEPKSt6vectorI6PhotonSaIS2_EE+0x27)[0x7f79f3093b87]
/home/sebastian/raytracing/build/mctPlenoscopePropagation(main+0x1939)[0x40ed99]
/lib/x86_64-linux-gnu/libc.so.6(__libc_start_main+0xf0)[0x7f79f222b830]
/home/sebastian/raytracing/build/mctPlenoscopePropagation(_start+0x29)[0x412369]
======= Memory map: ========
00400000-00432000 r-xp 00000000 00:2a 54001989                           /home/sebastian/raytracing/build/mctPlenoscopePropagation
00632000-00633000 r--p 00032000 00:2a 54001989                           /home/sebastian/raytracing/build/mctPlenoscopePropagation
00633000-00634000 rw-p 00033000 00:2a 54001989                           /home/sebastian/raytracing/build/mctPlenoscopePropagation
00634000-00635000 rw-p 00000000 00:00 0 
01045000-0218c000 rw-p 00000000 00:00 0                                  [heap]
7f79d9928000-7f79d9929000 ---p 00000000 00:00 0 
7f79d9929000-7f79da129000 rw-p 00000000 00:00 0 
7f79da129000-7f79db9df000 r-xp 00000000 08:01 15471497                   /usr/lib/x86_64-linux-gnu/libicudata.so.55.1
7f79db9df000-7f79dbbde000 ---p 018b6000 08:01 15471497                   /usr/lib/x86_64-linux-gnu/libicudata.so.55.1
7f79dbbde000-7f79dbbdf000 r--p 018b5000 08:01 15471497                   /usr/lib/x86_64-linux-gnu/libicudata.so.55.1
7f79dbbdf000-7f79dbbe0000 rw-p 018b6000 08:01 15471497                   /usr/lib/x86_64-linux-gnu/libicudata.so.55.1
7f79dbbe0000-7f79dbbe3000 r-xp 00000000 08:01 49287129                   /lib/x86_64-linux-gnu/libkeyutils.so.1.5
7f79dbbe3000-7f79dbde2000 ---p 00003000 08:01 49287129                   /lib/x86_64-linux-gnu/libkeyutils.so.1.5
7f79dbde2000-7f79dbde3000 r--p 00002000 08:01 49287129                   /lib/x86_64-linux-gnu/libkeyutils.so.1.5
7f79dbde3000-7f79dbde4000 rw-p 00003000 08:01 49287129                   /lib/x86_64-linux-gnu/libkeyutils.so.1.5
7f79dbde4000-7f79dbde8000 r-xp 00000000 08:01 49283695                   /lib/x86_64-linux-gnu/libuuid.so.1.3.0
7f79dbde8000-7f79dbfe7000 ---p 00004000 08:01 49283695                   /lib/x86_64-linux-gnu/libuuid.so.1.3.0
7f79dbfe7000-7f79dbfe8000 r--p 00003000 08:01 49283695                   /lib/x86_64-linux-gnu/libuuid.so.1.3.0
7f79dbfe8000-7f79dbfe9000 rw-p 00004000 08:01 49283695                   /lib/x86_64-linux-gnu/libuuid.so.1.3.0
7f79dbfe9000-7f79dc168000 r-xp 00000000 08:01 15471493                   /usr/lib/x86_64-linux-gnu/libicuuc.so.55.1
7f79dc168000-7f79dc368000 ---p 0017f000 08:01 15471493                   /usr/lib/x86_64-linux-gnu/libicuuc.so.55.1
7f79dc368000-7f79dc378000 r--p 0017f000 08:01 15471493                   /usr/lib/x86_64-linux-gnu/libicuuc.so.55.1
7f79dc378000-7f79dc379000 rw-p 0018f000 08:01 15471493                   /usr/lib/x86_64-linux-gnu/libicuuc.so.55.1
7f79dc379000-7f79dc37d000 rw-p 00000000 00:00 0 
7f79dc37d000-7f79dc387000 r-xp 00000000 08:01 15472158                   /usr/lib/x86_64-linux-gnu/libkrb5support.so.0.1
7f79dc387000-7f79dc586000 ---p 0000a000 08:01 15472158                   /usr/lib/x86_64-linux-gnu/libkrb5support.so.0.1
7f79dc586000-7f79dc587000 r--p 00009000 08:01 15472158                   /usr/lib/x86_64-linux-gnu/libkrb5support.so.0.1
7f79dc587000-7f79dc588000 rw-p 0000a000 08:01 15472158                   /usr/lib/x86_64-linux-gnu/libkrb5support.so.0.1
7f79dc588000-7f79dc58b000 r-xp 00000000 08:01 49283583                   /lib/x86_64-linux-gnu/libcom_err.so.2.1
7f79dc58b000-7f79dc78a000 ---p 00003000 08:01 49283583                   /lib/x86_64-linux-gnu/libcom_err.so.2.1
7f79dc78a000-7f79dc78b000 r--p 00002000 08:01 49283583                   /lib/x86_64-linux-gnu/libcom_err.so.2.1
7f79dc78b000-7f79dc78c000 rw-p 00003000 08:01 49283583                   /lib/x86_64-linux-gnu/libcom_err.so.2.1
7f79dc78c000-7f79dc7b8000 r-xp 00000000 08:01 15472160                   /usr/lib/x86_64-linux-gnu/libk5crypto.so.3.1
7f79dc7b8000-7f79dc9b7000 ---p 0002c000 08:01 15472160                   /usr/lib/x86_64-linux-gnu/libk5crypto.so.3.1
7f79dc9b7000-7f79dc9b9000 r--p 0002b000 08:01 15472160                   /usr/lib/x86_64-linux-gnu/libk5crypto.so.3.1
7f79dc9b9000-7f79dc9ba000 rw-p 0002d000 08:01 15472160                   /usr/lib/x86_64-linux-gnu/libk5crypto.so.3.1
7f79dc9ba000-7f79dc9bb000 rw-p 00000000 00:00 0 
7f79dc9bb000-7f79dca7e000 r-xp 00000000 08:01 15472162                   /usr/lib/x86_64-linux-gnu/libkrb5.so.3.3
7f79dca7e000-7f79dcc7e000 ---p 000c3000 08:01 15472162                   /usr/lib/x86_64-linux-gnu/libkrb5.so.3.3
7f79dcc7e000-7f79dcc8b000 r--p 000c3000 08:01 15472162                   /usr/lib/x86_64-linux-gnu/libkrb5.so.3.3
7f79dcc8b000-7f79dcc8d000 rw-p 000d0000 08:01 15472162                   /usr/lib/x86_64-linux-gnu/libkrb5.so.3.3
7f79dcc8d000-7f79dcc9f000 r-xp 00000000 08:01 49283606                   /lib/x86_64-linux-gnu/libgpg-error.so.0.17.0
7f79dcc9f000-7f79dce9f000 ---p 00012000 08:01 49283606                   /lib/x86_64-linux-gnu/libgpg-error.so.0.17.0
7f79dce9f000-7f79dcea0000 r--p 00012000 08:01 49283606                   /lib/x86_64-linux-gnu/libgpg-error.so.0.17.0
7f79dcea0000-7f79dcea1000 rw-p 00013000 08:01 49283606                   /lib/x86_64-linux-gnu/libgpg-error.so.0.17.0
7f79dcea1000-7f79dceb7000 r-xp 00000000 08:01 15472868                   /usr/lib/x86_64-linux-gnu/libICE.so.6.3.0
7f79dceb7000-7f79dd0b6000 ---p 00016000 08:01 15472868                   /usr/lib/x86_64-linux-gnu/libICE.so.6.3.0
7f79dd0b6000-7f79dd0b7000 r--p 00015000 08:01 15472868                   /usr/lib/x86_64-linux-gnu/libICE.so.6.3.0
7f79dd0b7000-7f79dd0b8000 rw-p 00016000 08:01 15472868                   /usr/lib/x86_64-linux-gnu/libICE.so.6.3.0
7f79dd0b8000-7f79dd0bb000 rw-p 00000000 00:00 0 
7f79dd0bb000-7f79dd0c2000 r-xp 00000000 08:01 15472905                   /usr/lib/x86_64-linux-gnu/libSM.so.6.0.1
7f79dd0c2000-7f79dd2c1000 ---p 00007000 08:01 15472905                   /usr/lib/x86_64-linux-gnu/libSM.so.6.0.1
7f79dd2c1000-7f79dd2c2000 r--p 00006000 08:01 15472905                   /usr/lib/x86_64-linux-gnu/libSM.so.6.0.1
7f79dd2c2000-7f79dd2c3000 rw-p 00007000 08:01 15472905                   /usr/lib/x86_64-linux-gnu/libSM.so.6.0.1
7f79dd2c3000-7f79dd2c9000 r-xp 00000000 08:01 15472969                   /usr/lib/x86_64-linux-gnu/libdatrie.so.1.3.3
7f79dd2c9000-7f79dd4c9000 ---p 00006000 08:01 15472969                   /usr/lib/x86_64-linux-gnu/libdatrie.so.1.3.3
7f79dd4c9000-7f79dd4ca000 r--p 00006000 08:01 15472969                   /usr/lib/x86_64-linux-gnu/libdatrie.so.1.3.3
7f79dd4ca000-7f79dd4cb000 rw-p 00007000 08:01 15472969                   /usr/lib/x86_64-linux-gnu/libdatrie.so.1.3.3
7f79dd4cb000-7f79dd4ee000 r-xp 00000000 08:01 15473498                   /usr/lib/x86_64-linux-gnu/libgraphite2.so.3.0.1
7f79dd4ee000-7f79dd6ed000 ---p 00023000 08:01 15473498                   /usr/lib/x86_64-linux-gnu/libgraphite2.so.3.0.1
7f79dd6ed000-7f79dd6ef000 r--p 00022000 08:01 15473498                   /usr/lib/x86_64-linux-gnu/libgraphite2.so.3.0.1
7f79dd6ef000-7f79dd6f0000 rw-p 00024000 08:01 15473498                   /usr/lib/x86_64-linux-gnu/libgraphite2.so.3.0.1
7f79dd6f0000-7f79dd701000 r-xp 00000000 08:01 15468880                   /usr/lib/x86_64-linux-gnu/libtasn1.so.6.5.1
7f79dd701000-7f79dd901000 ---p 00011000 08:01 15468880                   /usr/lib/x86_64-linux-gnu/libtasn1.so.6.5.1
7f79dd901000-7f79dd902000 r--p 00011000 08:01 15468880                   /usr/lib/x86_64-linux-gnu/libtasn1.so.6.5.1
7f79dd902000-7f79dd903000 rw-p 00012000 08:01 15468880                   /usr/lib/x86_64-linux-gnu/libtasn1.so.6.5.1
7f79dd903000-7f79dd934000 r-xp 00000000 08:01 15468852                   /usr/lib/x86_64-linux-gnu/libidn.so.11.6.15
7f79dd934000-7f79ddb34000 ---p 00031000 08:01 15468852                   /usr/lib/x86_64-linux-gnu/libidn.so.11.6.15
7f79ddb34000-7f79ddb35000 r--p 00031000 08:01 15468852                   /usr/lib/x86_64-linux-gnu/libidn.so.11.6.15
7f79ddb35000-7f79ddb36000 rw-p 00032000 08:01 15468852                   /usr/lib/x86_64-linux-gnu/libidn.so.11.6.15
7f79ddb36000-7f79ddb90000 r-xp 00000000 08:01 15468866                   /usr/lib/x86_64-linux-gnu/libp11-kit.so.0.1.0
7f79ddb90000-7f79ddd8f000 ---p 0005a000 08:01 15468866                   /usr/lib/x86_64-linux-gnu/libp11-kit.so.0.1.0
7f79ddd8f000-7f79ddd99000 r--p 00059000 08:01 15468866                   /usr/lib/x86_64-linux-gnu/libp11-kit.so.0.1.0
7f79ddd99000-7f79ddd9b000 rw-p 00063000 08:01 15468866                   /usr/lib/x86_64-linux-gnu/libp11-kit.so.0.1.0
7f79ddd9b000-7f79ddf4b000 r-xp 00000000 08:01 15471506                   /usr/lib/x86_64-linux-gnu/libxml2.so.2.9.3
7f79ddf4b000-7f79de14a000 ---p 001b0000 08:01 15471506                   /usr/lib/x86_64-linux-gnu/libxml2.so.2.9.3
7f79de14a000-7f79de152000 r--p 001af000 08:01 15471506                   /usr/lib/x86_64-linux-gnu/libxml2.so.2.9.3
7f79de152000-7f79de154000 rw-p 001b7000 08:01 15471506                   /usr/lib/x86_64-linux-gnu/libxml2.so.2.9.3
7f79de154000-7f79de155000 rw-p 00000000 00:00 0 
7f79de155000-7f79de1d4000 r-xp 00000000 08:01 15468844                   /usr/lib/x86_64-linux-gnu/libgmp.so.10.3.0
7f79de1d4000-7f79de3d3000 ---p 0007f000 08:01 15468844                   /usr/lib/x86_64-linux-gnu/libgmp.so.10.3.0
7f79de3d3000-7f79de3d4000 r--p 0007e000 08:01 15468844                   /usr/lib/x86_64-linux-gnu/libgmp.so.10.3.0
7f79de3d4000-7f79de3d5000 rw-p 0007f000 08:01 15468844                   /usr/lib/x86_64-linux-gnu/libgmp.so.10.3.0
7f79de3d5000-7f79de409000 r-xp 00000000 08:01 15468864                   /usr/lib/x86_64-linux-gnu/libnettle.so.6.2
7f79de409000-7f79de608000 ---p 00034000 08:01 15468864                   /usr/lib/x86_64-linux-gnu/libnettle.so.6.2
7f79de608000-7f79de60a000 r--p 00033000 08:01 15468864                   /usr/lib/x86_64-linux-gnu/libnettle.so.6.2
7f79de60a000-7f79de60b000 rw-p 00035000 08:01 15468864                   /usr/lib/x86_64-linux-gnu/libnettle.so.6.2
7f79de60b000-7f79de63d000 r-xp 00000000 08:01 15468850                   /usr/lib/x86_64-linux-gnu/libhogweed.so.4.2
7f79de63d000-7f79de83c000 ---p 00032000 08:01 15468850                   /usr/lib/x86_64-linux-gnu/libhogweed.so.4.2
7f79de83c000-7f79de83d000 r--p 00031000 08:01 15468850                   /usr/lib/x86_64-linux-gnu/libhogweed.so.4.2
7f79de83d000-7f79de83e000 rw-p 00032000 08:01 15468850                   /usr/lib/x86_64-linux-gnu/libhogweed.so.4.2
7f79de83e000-7f79de885000 r-xp 00000000 08:01 15472164                   /usr/lib/x86_64-linux-gnu/libgssapi_krb5.so.2.2
7f79de885000-7f79dea84000 ---p 00047000 08:01 15472164                   /usr/lib/x86_64-linux-gnu/libgssapi_krb5.so.2.2
7f79dea84000-7f79dea86000 r--p 00046000 08:01 15472164                   /usr/lib/x86_64-linux-gnu/libgssapi_krb5.so.2.2
7f79dea86000-7f79dea88000 rw-p 00048000 08:01 15472164                   /usr/lib/x86_64-linux-gnu/libgssapi_krb5.so.2.2
7f79dea88000-7f79deb60000 r-xp 00000000 08:01 49283604                   /lib/x86_64-linux-gnu/libgcrypt.so.20.0.5
7f79deb60000-7f79ded5f000 ---p 000d8000 08:01 49283604                   /lib/x86_64-linux-gnu/libgcrypt.so.20.0.5
7f79ded5f000-7f79ded60000 r--p 000d7000 08:01 49283604                   /lib/x86_64-linux-gnu/libgcrypt.so.20.0.5
7f79ded60000-7f79ded68000 rw-p 000d8000 08:01 49283604                   /lib/x86_64-linux-gnu/libgcrypt.so.20.0.5
7f79ded68000-7f79ded69000 rw-p 00000000 00:00 0 
7f79ded69000-7f79dede4000 r-xp 00000000 08:01 15472899                   /usr/lib/x86_64-linux-gnu/liborc-0.4.so.0.25.0
7f79dede4000-7f79defe3000 ---p 0007b000 08:01 15472899                   /usr/lib/x86_64-linux-gnu/liborc-0.4.so.0.25.0
7f79defe3000-7f79defe5000 r--p 0007a000 08:01 15472899                   /usr/lib/x86_64-linux-gnu/liborc-0.4.so.0.25.0
7f79defe5000-7f79defe9000 rw-p 0007c000 08:01 15472899                   /usr/lib/x86_64-linux-gnu/liborc-0.4.so.0.25.0
7f79defe9000-7f79deff0000 r-xp 00000000 08:01 15472872                   /usr/lib/x86_64-linux-gnu/libogg.so.0.8.2
7f79deff0000-7f79df1f0000 ---p 00007000 08:01 15472872                   /usr/lib/x86_64-linux-gnu/libogg.so.0.8.2
7f79df1f0000-7f79df1f1000 r--p 00007000 08:01 15472872                   /usr/lib/x86_64-linux-gnu/libogg.so.0.8.2
7f79df1f1000-7f79df1f2000 rw-p 00008000 08:01 15472872                   /usr/lib/x86_64-linux-gnu/libogg.so.0.8.2
7f79df1f2000-7f79df1fc000 r-xp 00000000 08:01 15472240                   /usr/lib/x86_64-linux-gnu/libnuma.so.1.0.0
7f79df1fc000-7f79df3fb000 ---p 0000a000 08:01 15472240                   /usr/lib/x86_64-linux-gnu/libnuma.so.1.0.0
7f79df3fb000-7f79df3fc000 r--p 00009000 08:01 15472240                   /usr/lib/x86_64-linux-gnu/libnuma.so.1.0.0
7f79df3fc000-7f79df3fd000 rw-p 0000a000 08:01 15472240                   /usr/lib/x86_64-linux-gnu/libnuma.so.1.0.0
7f79df3fd000-7f79df42b000 r-xp 00000000 08:01 15473601                   /usr/lib/x86_64-linux-gnu/libsoxr.so.0.1.1
7f79df42b000-7f79df62a000 ---p 0002e000 08:01 15473601                   /usr/lib/x86_64-linux-gnu/libsoxr.so.0.1.1
7f79df62a000-7f79df62c000 r--p 0002d000 08:01 15473601                   /usr/lib/x86_64-linux-gnu/libsoxr.so.0.1.1
7f79df62c000-7f79df62d000 rw-p 0002f000 08:01 15473601                   /usr/lib/x86_64-linux-gnu/libsoxr.so.0.1.1
7f79df62d000-7f79df662000 rw-p 00000000 00:00 0 
7f79df662000-7f79df687000 r-xp 00000000 08:01 15473789                   /usr/lib/x86_64-linux-gnu/libv4lconvert.so.0.0.0
7f79df687000-7f79df887000 ---p 00025000 08:01 15473789                   /usr/lib/x86_64-linux-gnu/libv4lconvert.so.0.0.0
7f79df887000-7f79df889000 r--p 00025000 08:01 15473789                   /usr/lib/x86_64-linux-gnu/libv4lconvert.so.0.0.0
7f79df889000-7f79df88a000 rw-p 00027000 08:01 15473789                   /usr/lib/x86_64-linux-gnu/libv4lconvert.so.0.0.0
7f79df88a000-7f79df8dc000 rw-p 00000000 00:00 0 
7f79df8dc000-7f79df93e000 r-xp 00000000 08:01 15473777                   /usr/lib/x86_64-linux-gnu/libXt.so.6.0.0
7f79df93e000-7f79dfb3e000 ---p 00062000 08:01 15473777                   /usr/lib/x86_64-linux-gnu/libXt.so.6.0.0
7f79dfb3e000-7f79dfb3f000 r--p 00062000 08:01 15473777                   /usr/lib/x86_64-linux-gnu/libXt.so.6.0.0
7f79dfb3f000-7f79dfb44000 rw-p 00063000 08:01 15473777                   /usr/lib/x86_64-linux-gnu/libXt.so.6.0.0
7f79dfb44000-7f79dfb45000 rw-p 00000000 00:00 0 
7f79dfb45000-7f79dfb4d000 r-xp 00000000 08:01 15472971                   /usr/lib/x86_64-linux-gnu/libthai.so.0.2.4
7f79dfb4d000-7f79dfd4c000 ---p 00008000 08:01 15472971                   /usr/lib/x86_64-linux-gnu/libthai.so.0.2.4
7f79dfd4c000-7f79dfd4d000 r--p 00007000 08:01 15472971                   /usr/lib/x86_64-linux-gnu/libthai.so.0.2.4
7f79dfd4d000-7f79dfd4e000 rw-p 00008000 08:01 15472971                   /usr/lib/x86_64-linux-gnu/libthai.so.0.2.4
7f79dfd4e000-7f79dfdaa000 r-xp 00000000 08:01 15473501                   /usr/lib/x86_64-linux-gnu/libharfbuzz.so.0.10000.1
7f79dfdaa000-7f79dffaa000 ---p 0005c000 08:01 15473501                   /usr/lib/x86_64-linux-gnu/libharfbuzz.so.0.10000.1
7f79dffaa000-7f79dffab000 r--p 0005c000 08:01 15473501                   /usr/lib/x86_64-linux-gnu/libharfbuzz.so.0.10000.1
7f79dffab000-7f79dffac000 rw-p 0005d000 08:01 15473501                   /usr/lib/x86_64-linux-gnu/libharfbuzz.so.0.10000.1
7f79dffac000-7f79dffc3000 r-xp 00000000 08:01 49283667                   /lib/x86_64-linux-gnu/libresolv-2.23.so
7f79dffc3000-7f79e01c3000 ---p 00017000 08:01 49283667                   /lib/x86_64-linux-gnu/libresolv-2.23.so
7f79e01c3000-7f79e01c4000 r--p 00017000 08:01 49283667                   /lib/x86_64-linux-gnu/libresolv-2.23.so
7f79e01c4000-7f79e01c5000 rw-p 00018000 08:01 49283667                   /lib/x86_64-linux-gnu/libresolv-2.23.so
7f79e01c5000-7f79e01c7000 rw-p 00000000 00:00 0 
7f79e01c7000-7f79e01e6000 r-xp 00000000 08:01 49283673                   /lib/x86_64-linux-gnu/libselinux.so.1
7f79e01e6000-7f79e03e5000 ---p 0001f000 08:01 49283673                   /lib/x86_64-linux-gnu/libselinux.so.1
7f79e03e5000-7f79e03e6000 r--p 0001e000 08:01 49283673                   /lib/x86_64-linux-gnu/libselinux.so.1
7f79e03e6000-7f79e03e7000 rw-p 0001f000 08:01 49283673                   /lib/x86_64-linux-gnu/libselinux.so.1
7f79e03e7000-7f79e03e9000 rw-p 00000000 00:00 0 
7f79e03e9000-7f79e03f1000 r-xp 00000000 08:01 15473492                   /usr/lib/x86_64-linux-gnu/libxcb-render.so.0.0.0
7f79e03f1000-7f79e05f1000 ---p 00008000 08:01 15473492                   /usr/lib/x86_64-linux-gnu/libxcb-render.so.0.0.0
7f79e05f1000-7f79e05f2000 r--p 00008000 08:01 15473492                   /usr/lib/x86_64-linux-gnu/libxcb-render.so.0.0.0
7f79e05f2000-7f79e05f3000 rw-p 00009000 08:01 15473492                   /usr/lib/x86_64-linux-gnu/libxcb-render.so.0.0.0
7f79e05f3000-7f79e05f5000 r-xp 00000000 08:01 15473494                   /usr/lib/x86_64-linux-gnu/libxcb-shm.so.0.0.0
7f79e05f5000-7f79e07f5000 ---p 00002000 08:01 15473494                   /usr/lib/x86_64-linux-gnu/libxcb-shm.so.0.0.0
7f79e07f5000-7f79e07f6000 r--p 00002000 08:01 15473494                   /usr/lib/x86_64-linux-gnu/libxcb-shm.so.0.0.0
7f79e07f6000-7f79e07f7000 rw-p 00003000 08:01 15473494                   /usr/lib/x86_64-linux-gnu/libxcb-shm.so.0.0.0
7f79e07f7000-7f79e0896000 r-xp 00000000 08:01 15473490                   /usr/lib/x86_64-linux-gnu/libpixman-1.so.0.33.6
7f79e0896000-7f79e0a96000 ---p 0009f000 08:01 15473490                   /usr/lib/x86_64-linux-gnu/libpixman-1.so.0.33.6
7f79e0a96000-7f79e0a9e000 r--p 0009f000 08:01 15473490                   /usr/lib/x86_64-linux-gnu/libpixman-1.so.0.33.6
7f79e0a9e000-7f79e0a9f000 rw-p 000a7000 08:01 15473490                   /usr/lib/x86_64-linux-gnu/libpixman-1.so.0.33.6
7f79e0a9f000-7f79e0b43000 r-xp 00000000 08:01 15471370                   /usr/lib/x86_64-linux-gnu/libfreetype.so.6.12.1
7f79e0b43000-7f79e0d42000 ---p 000a4000 08:01 15471370                   /usr/lib/x86_64-linux-gnu/libfreetype.so.6.12.1
7f79e0d42000-7f79e0d48000 r--p 000a3000 08:01 15471370                   /usr/lib/x86_64-linux-gnu/libfreetype.so.6.12.1
7f79e0d48000-7f79e0d49000 rw-p 000a9000 08:01 15471370                   /usr/lib/x86_64-linux-gnu/libfreetype.so.6.12.1
7f79e0d49000-7f79e0d4e000 r-xp 00000000 08:01 15472091                   /usr/lib/x86_64-linux-gnu/libXdmcp.so.6.0.0
7f79e0d4e000-7f79e0f4d000 ---p 00005000 08:01 15472091                   /usr/lib/x86_64-linux-gnu/libXdmcp.so.6.0.0
7f79e0f4d000-7f79e0f4e000 r--p 00004000 08:01 15472091                   /usr/lib/x86_64-linux-gnu/libXdmcp.so.6.0.0
7f79e0f4e000-7f79e0f4f000 rw-p 00005000 08:01 15472091                   /usr/lib/x86_64-linux-gnu/libXdmcp.so.6.0.0
7f79e0f4f000-7f79e0f51000 r-xp 00000000 08:01 15472089                   /usr/lib/x86_64-linux-gnu/libXau.so.6.0.0
7f79e0f51000-7f79e1151000 ---p 00002000 08:01 15472089                   /usr/lib/x86_64-linux-gnu/libXau.so.6.0.0
7f79e1151000-7f79e1152000 r--p 00002000 08:01 15472089                   /usr/lib/x86_64-linux-gnu/libXau.so.6.0.0
7f79e1152000-7f79e1153000 rw-p 00003000 08:01 15472089                   /usr/lib/x86_64-linux-gnu/libXau.so.6.0.0
7f79e1153000-7f79e1162000 r-xp 00000000 08:01 49283575                   /lib/x86_64-linux-gnu/libbz2.so.1.0.4
7f79e1162000-7f79e1361000 ---p 0000f000 08:01 49283575                   /lib/x86_64-linux-gnu/libbz2.so.1.0.4
7f79e1361000-7f79e1362000 r--p 0000e000 08:01 49283575                   /lib/x86_64-linux-gnu/libbz2.so.1.0.4
7f79e1362000-7f79e1363000 rw-p 0000f000 08:01 49283575                   /lib/x86_64-linux-gnu/libbz2.so.1.0.4
7f79e1363000-7f79e1487000 r-xp 00000000 08:01 15468848                   /usr/lib/x86_64-linux-gnu/libgnutls.so.30.6.2
7f79e1487000-7f79e1686000 ---p 00124000 08:01 15468848                   /usr/lib/x86_64-linux-gnu/libgnutls.so.30.6.2
7f79e1686000-7f79e1691000 r--p 00123000 08:01 15468848                   /usr/lib/x86_64-linux-gnu/libgnutls.so.30.6.2
7f79e1691000-7f79e1693000 rw-p 0012e000 08:01 15468848                   /usr/lib/x86_64-linux-gnu/libgnutls.so.30.6.2
7f79e1693000-7f79e1694000 rw-p 00000000 00:00 0 
7f79e1694000-7f79e16db000 r-xp 00000000 08:01 15473648                   /usr/lib/x86_64-linux-gnu/libbluray.so.1.9.2
7f79e16db000-7f79e18da000 ---p 00047000 08:01 15473648                   /usr/lib/x86_64-linux-gnu/libbluray.so.1.9.2
7f79e18da000-7f79e18dc000 r--p 00046000 08:01 15473648                   /usr/lib/x86_64-linux-gnu/libbluray.so.1.9.2
7f79e18dc000-7f79e18dd000 rw-p 00048000 08:01 15473648                   /usr/lib/x86_64-linux-gnu/libbluray.so.1.9.2
7f79e18dd000-7f79e1927000 r-xp 00000000 08:01 15473650                   /usr/lib/x86_64-linux-gnu/libgme.so.0.6.0
7f79e1927000-7f79e1b27000 ---p 0004a000 08:01 15473650                   /usr/lib/x86_64-linux-gnu/libgme.so.0.6.0
7f79e1b27000-7f79e1b2a000 r--p 0004a000 08:01 15473650                   /usr/lib/x86_64-linux-gnu/libgme.so.0.6.0
7f79e1b2a000-7f79e1b2b000 rw-p 0004d000 08:01 15473650                   /usr/lib/x86_64-linux-gnu/libgme.so.0.6.0
7f79e1b2b000-7f79e1b75000 r-xp 00000000 08:01 15473652                   /usr/lib/x86_64-linux-gnu/libmodplug.so.1.0.0
7f79e1b75000-7f79e1d75000 ---p 0004a000 08:01 15473652                   /usr/lib/x86_64-linux-gnu/libmodplug.so.1.0.0
7f79e1d75000-7f79e1d76000 r--p 0004a000 08:01 15473652                   /usr/lib/x86_64-linux-gnu/libmodplug.so.1.0.0
7f79e1d76000-7f79e1d77000 rw-p 0004b000 08:01 15473652                   /usr/lib/x86_64-linux-gnu/libmodplug.so.1.0.0
7f79e1d77000-7f79e1eb6000 rw-p 00000000 00:00 0 
7f79e1eb6000-7f79e1ed1000 r-xp 00000000 08:01 15472191                   /usr/lib/x86_64-linux-gnu/librtmp.so.1
7f79e1ed1000-7f79e20d0000 ---p 0001b000 08:01 15472191                   /usr/lib/x86_64-linux-gnu/librtmp.so.1
7f79e20d0000-7f79e20d1000 r--p 0001a000 08:01 15472191                   /usr/lib/x86_64-linux-gnu/librtmp.so.1
7f79e20d1000-7f79e20d2000 rw-p 0001b000 08:01 15472191                   /usr/lib/x86_64-linux-gnu/librtmp.so.1
7f79e20d2000-7f79e211a000 r-xp 00000000 08:01 15473654                   /usr/lib/x86_64-linux-gnu/libssh-gcrypt.so.4.4.1
7f79e211a000-7f79e2319000 ---p 00048000 08:01 15473654                   /usr/lib/x86_64-linux-gnu/libssh-gcrypt.so.4.4.1
7f79e2319000-7f79e231a000 r--p 00047000 08:01 15473654                   /usr/lib/x86_64-linux-gnu/libssh-gcrypt.so.4.4.1
7f79e231a000-7f79e231b000 rw-p 00048000 08:01 15473654                   /usr/lib/x86_64-linux-gnu/libssh-gcrypt.so.4.4.1
7f79e231b000-7f79e2335000 r-xp 00000000 08:01 15468877                   /usr/lib/x86_64-linux-gnu/libcrystalhd.so.3.6
7f79e2335000-7f79e2534000 ---p 0001a000 08:01 15468877                   /usr/lib/x86_64-linux-gnu/libcrystalhd.so.3.6
7f79e2534000-7f79e2535000 r--p 00019000 08:01 15468877                   /usr/lib/x86_64-linux-gnu/libcrystalhd.so.3.6
7f79e2535000-7f79e2536000 rw-p 0001a000 08:01 15468877                   /usr/lib/x86_64-linux-gnu/libcrystalhd.so.3.6
7f79e2536000-7f79e2543000 r-xp 00000000 08:01 15470633                   /usr/lib/x86_64-linux-gnu/libgsm.so.1.0.12
7f79e2543000-7f79e2742000 ---p 0000d000 08:01 15470633                   /usr/lib/x86_64-linux-gnu/libgsm.so.1.0.12
7f79e2742000-7f79e2743000 r--p 0000c000 08:01 15470633                   /usr/lib/x86_64-linux-gnu/libgsm.so.1.0.12
7f79e2743000-7f79e2744000 rw-p 0000d000 08:01 15470633                   /usr/lib/x86_64-linux-gnu/libgsm.so.1.0.12
7f79e2744000-7f79e2789000 r-xp 00000000 08:01 15473587                   /usr/lib/x86_64-linux-gnu/libmp3lame.so.0.0.0
7f79e2789000-7f79e2989000 ---p 00045000 08:01 15473587                   /usr/lib/x86_64-linux-gnu/libmp3lame.so.0.0.0
7f79e2989000-7f79e298a000 r--p 00045000 08:01 15473587                   /usr/lib/x86_64-linux-gnu/libmp3lame.so.0.0.0
7f79e298a000-7f79e298b000 rw-p 00046000 08:01 15473587                   /usr/lib/x86_64-linux-gnu/libmp3lame.so.0.0.0
7f79e298b000-7f79e29b9000 rw-p 00000000 00:00 0 
7f79e29b9000-7f79e29db000 r-xp 00000000 08:01 15473590                   /usr/lib/x86_64-linux-gnu/libopenjpeg.so.1.5.2
7f79e29db000-7f79e2bda000 ---p 00022000 08:01 15473590                   /usr/lib/x86_64-linux-gnu/libopenjpeg.so.1.5.2
7f79e2bda000-7f79e2bdb000 r--p 00021000 08:01 15473590                   /usr/lib/x86_64-linux-gnu/libopenjpeg.so.1.5.2
7f79e2bdb000-7f79e2bdc000 rw-p 00022000 08:01 15473590                   /usr/lib/x86_64-linux-gnu/libopenjpeg.so.1.5.2
7f79e2bdc000-7f79e2c25000 r-xp 00000000 08:01 15473593                   /usr/lib/x86_64-linux-gnu/libopus.so.0.5.2
7f79e2c25000-7f79e2e24000 ---p 00049000 08:01 15473593                   /usr/lib/x86_64-linux-gnu/libopus.so.0.5.2
7f79e2e24000-7f79e2e25000 r--p 00048000 08:01 15473593                   /usr/lib/x86_64-linux-gnu/libopus.so.0.5.2
7f79e2e25000-7f79e2e26000 rw-p 00049000 08:01 15473593                   /usr/lib/x86_64-linux-gnu/libopus.so.0.5.2
7f79e2e26000-7f79e2ef7000 r-xp 00000000 08:01 15472903                   /usr/lib/x86_64-linux-gnu/libschroedinger-1.0.so.0.11.0
7f79e2ef7000-7f79e30f7000 ---p 000d1000 08:01 15472903                   /usr/lib/x86_64-linux-gnu/libschroedinger-1.0.so.0.11.0
7f79e30f7000-7f79e30f9000 r--p 000d1000 08:01 15472903                   /usr/lib/x86_64-linux-gnu/libschroedinger-1.0.so.0.11.0
7f79e30f9000-7f79e30fa000 rw-p 000d3000 08:01 15472903                   /usr/lib/x86_64-linux-gnu/libschroedinger-1.0.so.0.11.0
7f79e30fa000-7f79e30fb000 rw-p 00000000 00:00 0 
7f79e30fb000-7f79e3107000 r-xp 00000000 08:01 15473595                   /usr/lib/x86_64-linux-gnu/libshine.so.3.0.1
7f79e3107000-7f79e3306000 ---p 0000c000 08:01 15473595                   /usr/lib/x86_64-linux-gnu/libshine.so.3.0.1
7f79e3306000-7f79e3307000 r--p 0000b000 08:01 15473595                   /usr/lib/x86_64-linux-gnu/libshine.so.3.0.1
7f79e3307000-7f79e3308000 rw-p 0000c000 08:01 15473595                   /usr/lib/x86_64-linux-gnu/libshine.so.3.0.1
7f79e3308000-7f79e330f000 r-xp 00000000 08:01 15473597                   /usr/lib/x86_64-linux-gnu/libsnappy.so.1.3.0
7f79e330f000-7f79e350e000 ---p 00007000 08:01 15473597                   /usr/lib/x86_64-linux-gnu/libsnappy.so.1.3.0
7f79e350e000-7f79e350f000 r--p 00006000 08:01 15473597                   /usr/lib/x86_64-linux-gnu/libsnappy.so.1.3.0
7f79e350f000-7f79e3510000 rw-p 00007000 08:01 15473597                   /usr/lib/x86_64-linux-gnu/libsnappy.so.1.3.0
7f79e3510000-7f79e3527000 r-xp 00000000 08:01 15473599                   /usr/lib/x86_64-linux-gnu/libspeex.so.1.5.0
7f79e3527000-7f79e3727000 ---p 00017000 08:01 15473599                   /usr/lib/x86_64-linux-gnu/libspeex.so.1.5.0
7f79e3727000-7f79e3728000 r--p 00017000 08:01 15473599                   /usr/lib/x86_64-linux-gnu/libspeex.so.1.5.0
7f79e3728000-7f79e3729000 rw-p 00018000 08:01 15473599                   /usr/lib/x86_64-linux-gnu/libspeex.so.1.5.0
7f79e3729000-7f79e3742000 r-xp 00000000 08:01 15473607                   /usr/lib/x86_64-linux-gnu/libtheoradec.so.1.1.4
7f79e3742000-7f79e3941000 ---p 00019000 08:01 15473607                   /usr/lib/x86_64-linux-gnu/libtheoradec.so.1.1.4
7f79e3941000-7f79e3942000 r--p 00018000 08:01 15473607                   /usr/lib/x86_64-linux-gnu/libtheoradec.so.1.1.4
7f79e3942000-7f79e3943000 rw-p 00019000 08:01 15473607                   /usr/lib/x86_64-linux-gnu/libtheoradec.so.1.1.4
7f79e3943000-7f79e3981000 r-xp 00000000 08:01 15473605                   /usr/lib/x86_64-linux-gnu/libtheoraenc.so.1.1.2
7f79e3981000-7f79e3b80000 ---p 0003e000 08:01 15473605                   /usr/lib/x86_64-linux-gnu/libtheoraenc.so.1.1.2
7f79e3b80000-7f79e3b81000 r--p 0003d000 08:01 15473605                   /usr/lib/x86_64-linux-gnu/libtheoraenc.so.1.1.2
7f79e3b81000-7f79e3b82000 rw-p 0003e000 08:01 15473605                   /usr/lib/x86_64-linux-gnu/libtheoraenc.so.1.1.2
7f79e3b82000-7f79e3ba0000 r-xp 00000000 08:01 15473611                   /usr/lib/x86_64-linux-gnu/libtwolame.so.0.0.0
7f79e3ba0000-7f79e3d9f000 ---p 0001e000 08:01 15473611                   /usr/lib/x86_64-linux-gnu/libtwolame.so.0.0.0
7f79e3d9f000-7f79e3da0000 r--p 0001d000 08:01 15473611                   /usr/lib/x86_64-linux-gnu/libtwolame.so.0.0.0
7f79e3da0000-7f79e3da1000 rw-p 0001e000 08:01 15473611                   /usr/lib/x86_64-linux-gnu/libtwolame.so.0.0.0
7f79e3da1000-7f79e3da5000 rw-p 00000000 00:00 0 
7f79e3da5000-7f79e3dcf000 r-xp 00000000 08:01 15473615                   /usr/lib/x86_64-linux-gnu/libvorbis.so.0.4.8
7f79e3dcf000-7f79e3fcf000 ---p 0002a000 08:01 15473615                   /usr/lib/x86_64-linux-gnu/libvorbis.so.0.4.8
7f79e3fcf000-7f79e3fd0000 r--p 0002a000 08:01 15473615                   /usr/lib/x86_64-linux-gnu/libvorbis.so.0.4.8
7f79e3fd0000-7f79e3fd1000 rw-p 0002b000 08:01 15473615                   /usr/lib/x86_64-linux-gnu/libvorbis.so.0.4.8
7f79e3fd1000-7f79e405e000 r-xp 00000000 08:01 15473617                   /usr/lib/x86_64-linux-gnu/libvorbisenc.so.2.0.11
7f79e405e000-7f79e425d000 ---p 0008d000 08:01 15473617                   /usr/lib/x86_64-linux-gnu/libvorbisenc.so.2.0.11
7f79e425d000-7f79e4279000 r--p 0008c000 08:01 15473617                   /usr/lib/x86_64-linux-gnu/libvorbisenc.so.2.0.11
7f79e4279000-7f79e427a000 rw-p 000a8000 08:01 15473617                   /usr/lib/x86_64-linux-gnu/libvorbisenc.so.2.0.11
7f79e427a000-7f79e4499000 r-xp 00000000 08:01 15473619                   /usr/lib/x86_64-linux-gnu/libvpx.so.3.0.0
7f79e4499000-7f79e4698000 ---p 0021f000 08:01 15473619                   /usr/lib/x86_64-linux-gnu/libvpx.so.3.0.0
7f79e4698000-7f79e469a000 r--p 0021e000 08:01 15473619                   /usr/lib/x86_64-linux-gnu/libvpx.so.3.0.0
7f79e469a000-7f79e469b000 rw-p 00220000 08:01 15473619                   /usr/lib/x86_64-linux-gnu/libvpx.so.3.0.0
7f79e469b000-7f79e469e000 rw-p 00000000 00:00 0 
7f79e469e000-7f79e46c6000 r-xp 00000000 08:01 15473622                   /usr/lib/x86_64-linux-gnu/libwavpack.so.1.1.7
7f79e46c6000-7f79e48c5000 ---p 00028000 08:01 15473622                   /usr/lib/x86_64-linux-gnu/libwavpack.so.1.1.7
7f79e48c5000-7f79e48c6000 r--p 00027000 08:01 15473622                   /usr/lib/x86_64-linux-gnu/libwavpack.so.1.1.7
7f79e48c6000-7f79e48c7000 rw-p 00028000 08:01 15473622                   /usr/lib/x86_64-linux-gnu/libwavpack.so.1.1.7
7f79e48c7000-7f79e4920000 r-xp 00000000 08:01 15473624                   /usr/lib/x86_64-linux-gnu/libwebp.so.5.0.4
7f79e4920000-7f79e4b20000 ---p 00059000 08:01 15473624                   /usr/lib/x86_64-linux-gnu/libwebp.so.5.0.4
7f79e4b20000-7f79e4b21000 r--p 00059000 08:01 15473624                   /usr/lib/x86_64-linux-gnu/libwebp.so.5.0.4
7f79e4b21000-7f79e4b23000 rw-p 0005a000 08:01 15473624                   /usr/lib/x86_64-linux-gnu/libwebp.so.5.0.4
7f79e4b23000-7f79e4c4b000 r-xp 00000000 08:01 15473626                   /usr/lib/x86_64-linux-gnu/libx264.so.148
7f79e4c4b000-7f79e4e4a000 ---p 00128000 08:01 15473626                   /usr/lib/x86_64-linux-gnu/libx264.so.148
7f79e4e4a000-7f79e4e4b000 r--p 00127000 08:01 15473626                   /usr/lib/x86_64-linux-gnu/libx264.so.148
7f79e4e4b000-7f79e4e4c000 rw-p 00128000 08:01 15473626                   /usr/lib/x86_64-linux-gnu/libx264.so.148
7f79e4e4c000-7f79e4ec7000 rw-p 00000000 00:00 0 
7f79e4ec7000-7f79e58d4000 r-xp 00000000 08:01 15473627                   /usr/lib/x86_64-linux-gnu/libx265.so.79
7f79e58d4000-7f79e5ad3000 ---p 00a0d000 08:01 15473627                   /usr/lib/x86_64-linux-gnu/libx265.so.79
7f79e5ad3000-7f79e5ad6000 r--p 00a0c000 08:01 15473627                   /usr/lib/x86_64-linux-gnu/libx265.so.79
7f79e5ad6000-7f79e5ad9000 rw-p 00a0f000 08:01 15473627                   /usr/lib/x86_64-linux-gnu/libx265.so.79
7f79e5ad9000-7f79e5ae6000 rw-p 00000000 00:00 0 
7f79e5ae6000-7f79e5b87000 r-xp 00000000 08:01 15473628                   /usr/lib/x86_64-linux-gnu/libxvidcore.so.4.3
7f79e5b87000-7f79e5d86000 ---p 000a1000 08:01 15473628                   /usr/lib/x86_64-linux-gnu/libxvidcore.so.4.3
7f79e5d86000-7f79e5d87000 r--p 000a0000 08:01 15473628                   /usr/lib/x86_64-linux-gnu/libxvidcore.so.4.3
7f79e5d87000-7f79e5d91000 rw-p 000a1000 08:01 15473628                   /usr/lib/x86_64-linux-gnu/libxvidcore.so.4.3
7f79e5d91000-7f79e5dfa000 rw-p 00000000 00:00 0 
7f79e5dfa000-7f79e5e71000 r-xp 00000000 08:01 15473630                   /usr/lib/x86_64-linux-gnu/libzvbi.so.0.13.2
7f79e5e71000-7f79e6070000 ---p 00077000 08:01 15473630                   /usr/lib/x86_64-linux-gnu/libzvbi.so.0.13.2
7f79e6070000-7f79e6079000 r--p 00076000 08:01 15473630                   /usr/lib/x86_64-linux-gnu/libzvbi.so.0.13.2
7f79e6079000-7f79e6085000 rw-p 0007f000 08:01 15473630                   /usr/lib/x86_64-linux-gnu/libzvbi.so.0.13.2
7f79e6085000-7f79e60a0000 r-xp 00000000 08:01 15473613                   /usr/lib/x86_64-linux-gnu/libva.so.1.3900.0
7f79e60a0000-7f79e629f000 ---p 0001b000 08:01 15473613                   /usr/lib/x86_64-linux-gnu/libva.so.1.3900.0
7f79e629f000-7f79e62a0000 r--p 0001a000 08:01 15473613                   /usr/lib/x86_64-linux-gnu/libva.so.1.3900.0
7f79e62a0000-7f79e62a1000 rw-p 0001b000 08:01 15473613                   /usr/lib/x86_64-linux-gnu/libva.so.1.3900.0
7f79e62a1000-7f79e62bb000 r-xp 00000000 08:01 15473603                   /usr/lib/x86_64-linux-gnu/libswresample-ffmpeg.so.1.2.101
7f79e62bb000-7f79e64ba000 ---p 0001a000 08:01 15473603                   /usr/lib/x86_64-linux-gnu/libswresample-ffmpeg.so.1.2.101
7f79e64ba000-7f79e64bc000 r--p 00019000 08:01 15473603                   /usr/lib/x86_64-linux-gnu/libswresample-ffmpeg.so.1.2.101
7f79e64bc000-7f79e64bd000 rw-p 0001b000 08:01 15473603                   /usr/lib/x86_64-linux-gnu/libswresample-ffmpeg.so.1.2.101
7f79e64bd000-7f79e64c6000 r-xp 00000000 08:01 15473791                   /usr/lib/x86_64-linux-gnu/libv4l2.so.0.0.0
7f79e64c6000-7f79e66c5000 ---p 00009000 08:01 15473791                   /usr/lib/x86_64-linux-gnu/libv4l2.so.0.0.0
7f79e66c5000-7f79e66c6000 r--p 00008000 08:01 15473791                   /usr/lib/x86_64-linux-gnu/libv4l2.so.0.0.0
7f79e66c6000-7f79e66cb000 rw-p 00009000 08:01 15473791                   /usr/lib/x86_64-linux-gnu/libv4l2.so.0.0.0
7f79e66cb000-7f79e66e2000 r-xp 00000000 08:01 49287106                   /lib/x86_64-linux-gnu/libusb-1.0.so.0.1.0
7f79e66e2000-7f79e68e1000 ---p 00017000 08:01 49287106                   /lib/x86_64-linux-gnu/libusb-1.0.so.0.1.0
7f79e68e1000-7f79e68e2000 r--p 00016000 08:01 49287106                   /lib/x86_64-linux-gnu/libusb-1.0.so.0.1.0
7f79e68e2000-7f79e68e3000 rw-p 00017000 08:01 49287106                   /lib/x86_64-linux-gnu/libusb-1.0.so.0.1.0
7f79e68e3000-7f79e68f0000 r-xp 00000000 08:01 15473771                   /usr/lib/x86_64-linux-gnu/libraw1394.so.11.1.0
7f79e68f0000-7f79e6af0000 ---p 0000d000 08:01 15473771                   /usr/lib/x86_64-linux-gnu/libraw1394.so.11.1.0
7f79e6af0000-7f79e6af1000 r--p 0000d000 08:01 15473771                   /usr/lib/x86_64-linux-gnu/libraw1394.so.11.1.0
7f79e6af1000-7f79e6af2000 rw-p 0000e000 08:01 15473771                   /usr/lib/x86_64-linux-gnu/libraw1394.so.11.1.0
7f79e6af2000-7f79e6b10000 r-xp 00000000 08:01 15472975                   /usr/lib/x86_64-linux-gnu/libpangox-1.0.so.0.0.0
7f79e6b10000-7f79e6d10000 ---p 0001e000 08:01 15472975                   /usr/lib/x86_64-linux-gnu/libpangox-1.0.so.0.0.0
7f79e6d10000-7f79e6d11000 r--p 0001e000 08:01 15472975                   /usr/lib/x86_64-linux-gnu/libpangox-1.0.so.0.0.0
7f79e6d11000-7f79e6d12000 rw-p 0001f000 08:01 15472975                   /usr/lib/x86_64-linux-gnu/libpangox-1.0.so.0.0.0
7f79e6d12000-7f79e6d2a000 r-xp 00000000 08:01 15473779                   /usr/lib/x86_64-linux-gnu/libXmu.so.6.2.0
7f79e6d2a000-7f79e6f29000 ---p 00018000 08:01 15473779                   /usr/lib/x86_64-linux-gnu/libXmu.so.6.2.0
7f79e6f29000-7f79e6f2a000 r--p 00017000 08:01 15473779                   /usr/lib/x86_64-linux-gnu/libXmu.so.6.2.0
7f79e6f2a000-7f79e6f2b000 rw-p 00018000 08:01 15473779                   /usr/lib/x86_64-linux-gnu/libXmu.so.6.2.0
7f79e6f2b000-7f79e6f98000 r-xp 00000000 08:01 15473775                   /usr/lib/x86_64-linux-gnu/libGLU.so.1.3.1
7f79e6f98000-7f79e7198000 ---p 0006d000 08:01 15473775                   /usr/lib/x86_64-linux-gnu/libGLU.so.1.3.1
7f79e7198000-7f79e7199000 r--p 0006d000 08:01 15473775                   /usr/lib/x86_64-linux-gnu/libGLU.so.1.3.1
7f79e7199000-7f79e719a000 rw-p 0006e000 08:01 15473775                   /usr/lib/x86_64-linux-gnu/libGLU.so.1.3.1
7f79e719a000-7f79e7208000 r-xp 00000000 08:01 49283656                   /lib/x86_64-linux-gnu/libpcre.so.3.13.2
7f79e7208000-7f79e7408000 ---p 0006e000 08:01 49283656                   /lib/x86_64-linux-gnu/libpcre.so.3.13.2
7f79e7408000-7f79e7409000 r--p 0006e000 08:01 49283656                   /lib/x86_64-linux-gnu/libpcre.so.3.13.2
7f79e7409000-7f79e740a000 rw-p 0006f000 08:01 49283656                   /lib/x86_64-linux-gnu/libpcre.so.3.13.2
7f79e740a000-7f79e7411000 r-xp 00000000 08:01 15468836                   /usr/lib/x86_64-linux-gnu/libffi.so.6.0.4
7f79e7411000-7f79e7610000 ---p 00007000 08:01 15468836                   /usr/lib/x86_64-linux-gnu/libffi.so.6.0.4
7f79e7610000-7f79e7611000 r--p 00006000 08:01 15468836                   /usr/lib/x86_64-linux-gnu/libffi.so.6.0.4
7f79e7611000-7f79e7612000 rw-p 00007000 08:01 15468836                   /usr/lib/x86_64-linux-gnu/libffi.so.6.0.4
7f79e7612000-7f79e7614000 r-xp 00000000 08:01 15472909                   /usr/lib/x86_64-linux-gnu/libXcomposite.so.1.0.0
7f79e7614000-7f79e7813000 ---p 00002000 08:01 15472909                   /usr/lib/x86_64-linux-gnu/libXcomposite.so.1.0.0
7f79e7813000-7f79e7814000 r--p 00001000 08:01 15472909                   /usr/lib/x86_64-linux-gnu/libXcomposite.so.1.0.0
7f79e7814000-7f79e7815000 rw-p 00002000 08:01 15472909                   /usr/lib/x86_64-linux-gnu/libXcomposite.so.1.0.0
7f79e7815000-7f79e781e000 r-xp 00000000 08:01 15472915                   /usr/lib/x86_64-linux-gnu/libXcursor.so.1.0.2
7f79e781e000-7f79e7a1d000 ---p 00009000 08:01 15472915                   /usr/lib/x86_64-linux-gnu/libXcursor.so.1.0.2
7f79e7a1d000-7f79e7a1e000 r--p 00008000 08:01 15472915                   /usr/lib/x86_64-linux-gnu/libXcursor.so.1.0.2
7f79e7a1e000-7f79e7a1f000 rw-p 00009000 08:01 15472915                   /usr/lib/x86_64-linux-gnu/libXcursor.so.1.0.2
7f79e7a1f000-7f79e7a29000 r-xp 00000000 08:01 15473516                   /usr/lib/x86_64-linux-gnu/libXrandr.so.2.2.0
7f79e7a29000-7f79e7c28000 ---p 0000a000 08:01 15473516                   /usr/lib/x86_64-linux-gnu/libXrandr.so.2.2.0
7f79e7c28000-7f79e7c29000 r--p 00009000 08:01 15473516                   /usr/lib/x86_64-linux-gnu/libXrandr.so.2.2.0
7f79e7c29000-7f79e7c2a000 rw-p 0000a000 08:01 15473516                   /usr/lib/x86_64-linux-gnu/libXrandr.so.2.2.0
7f79e7c2a000-7f79e7c39000 r-xp 00000000 08:01 15473514                   /usr/lib/x86_64-linux-gnu/libXi.so.6.1.0
7f79e7c39000-7f79e7e38000 ---p 0000f000 08:01 15473514                   /usr/lib/x86_64-linux-gnu/libXi.so.6.1.0
7f79e7e38000-7f79e7e39000 r--p 0000e000 08:01 15473514                   /usr/lib/x86_64-linux-gnu/libXi.so.6.1.0
7f79e7e39000-7f79e7e3a000 rw-p 0000f000 08:01 15473514                   /usr/lib/x86_64-linux-gnu/libXi.so.6.1.0
7f79e7e3a000-7f79e7e3c000 r-xp 00000000 08:01 15472921                   /usr/lib/x86_64-linux-gnu/libXinerama.so.1.0.0
7f79e7e3c000-7f79e803b000 ---p 00002000 08:01 15472921                   /usr/lib/x86_64-linux-gnu/libXinerama.so.1.0.0
7f79e803b000-7f79e803c000 r--p 00001000 08:01 15472921                   /usr/lib/x86_64-linux-gnu/libXinerama.so.1.0.0
7f79e803c000-7f79e803d000 rw-p 00002000 08:01 15472921                   /usr/lib/x86_64-linux-gnu/libXinerama.so.1.0.0
7f79e803d000-7f79e8046000 r-xp 00000000 08:01 15472913                   /usr/lib/x86_64-linux-gnu/libXrender.so.1.3.0
7f79e8046000-7f79e8245000 ---p 00009000 08:01 15472913                   /usr/lib/x86_64-linux-gnu/libXrender.so.1.3.0
7f79e8245000-7f79e8246000 r--p 00008000 08:01 15472913                   /usr/lib/x86_64-linux-gnu/libXrender.so.1.3.0
7f79e8246000-7f79e8247000 rw-p 00009000 08:01 15472913                   /usr/lib/x86_64-linux-gnu/libXrender.so.1.3.0
7f79e8247000-7f79e8284000 r-xp 00000000 08:01 15468833                   /usr/lib/x86_64-linux-gnu/libfontconfig.so.1.9.0
7f79e8284000-7f79e8483000 ---p 0003d000 08:01 15468833                   /usr/lib/x86_64-linux-gnu/libfontconfig.so.1.9.0
7f79e8483000-7f79e8485000 r--p 0003c000 08:01 15468833                   /usr/lib/x86_64-linux-gnu/libfontconfig.so.1.9.0
7f79e8485000-7f79e848a000 rw-p 0003e000 08:01 15468833                   /usr/lib/x86_64-linux-gnu/libfontconfig.so.1.9.0
7f79e848a000-7f79e84d3000 r-xp 00000000 08:01 15472973                   /usr/lib/x86_64-linux-gnu/libpango-1.0.so.0.3800.1
7f79e84d3000-7f79e86d3000 ---p 00049000 08:01 15472973                   /usr/lib/x86_64-linux-gnu/libpango-1.0.so.0.3800.1
7f79e86d3000-7f79e86d5000 r--p 00049000 08:01 15472973                   /usr/lib/x86_64-linux-gnu/libpango-1.0.so.0.3800.1
7f79e86d5000-7f79e86d6000 rw-p 0004b000 08:01 15472973                   /usr/lib/x86_64-linux-gnu/libpango-1.0.so.0.3800.1
7f79e86d6000-7f79e86ea000 r-xp 00000000 08:01 15473503                   /usr/lib/x86_64-linux-gnu/libpangoft2-1.0.so.0.3800.1
7f79e86ea000-7f79e88ea000 ---p 00014000 08:01 15473503                   /usr/lib/x86_64-linux-gnu/libpangoft2-1.0.so.0.3800.1
7f79e88ea000-7f79e88eb000 r--p 00014000 08:01 15473503                   /usr/lib/x86_64-linux-gnu/libpangoft2-1.0.so.0.3800.1
7f79e88eb000-7f79e88ec000 rw-p 00015000 08:01 15473503                   /usr/lib/x86_64-linux-gnu/libpangoft2-1.0.so.0.3800.1
7f79e88ec000-7f79e8a6c000 r-xp 00000000 08:01 15471455                   /usr/lib/x86_64-linux-gnu/libgio-2.0.so.0.4800.0
7f79e8a6c000-7f79e8c6c000 ---p 00180000 08:01 15471455                   /usr/lib/x86_64-linux-gnu/libgio-2.0.so.0.4800.0
7f79e8c6c000-7f79e8c70000 r--p 00180000 08:01 15471455                   /usr/lib/x86_64-linux-gnu/libgio-2.0.so.0.4800.0
7f79e8c70000-7f79e8c72000 rw-p 00184000 08:01 15471455                   /usr/lib/x86_64-linux-gnu/libgio-2.0.so.0.4800.0
7f79e8c72000-7f79e8c74000 rw-p 00000000 00:00 0 
7f79e8c74000-7f79e8c95000 r-xp 00000000 08:01 15473487                   /usr/lib/x86_64-linux-gnu/libgdk_pixbuf-2.0.so.0.3200.2
7f79e8c95000-7f79e8e94000 ---p 00021000 08:01 15473487                   /usr/lib/x86_64-linux-gnu/libgdk_pixbuf-2.0.so.0.3200.2
7f79e8e94000-7f79e8e95000 r--p 00020000 08:01 15473487                   /usr/lib/x86_64-linux-gnu/libgdk_pixbuf-2.0.so.0.3200.2
7f79e8e95000-7f79e8e96000 rw-p 00021000 08:01 15473487                   /usr/lib/x86_64-linux-gnu/libgdk_pixbuf-2.0.so.0.3200.2
7f79e8e96000-7f79e8fa4000 r-xp 00000000 08:01 15473496                   /usr/lib/x86_64-linux-gnu/libcairo.so.2.11400.6
7f79e8fa4000-7f79e91a4000 ---p 0010e000 08:01 15473496                   /usr/lib/x86_64-linux-gnu/libcairo.so.2.11400.6
7f79e91a4000-7f79e91a7000 r--p 0010e000 08:01 15473496                   /usr/lib/x86_64-linux-gnu/libcairo.so.2.11400.6
7f79e91a7000-7f79e91a8000 rw-p 00111000 08:01 15473496                   /usr/lib/x86_64-linux-gnu/libcairo.so.2.11400.6
7f79e91a8000-7f79e91aa000 rw-p 00000000 00:00 0 
7f79e91aa000-7f79e91cc000 r-xp 00000000 08:01 15473482                   /usr/lib/x86_64-linux-gnu/libatk-1.0.so.0.21809.1
7f79e91cc000-7f79e93cb000 ---p 00022000 08:01 15473482                   /usr/lib/x86_64-linux-gnu/libatk-1.0.so.0.21809.1
7f79e93cb000-7f79e93ce000 r--p 00021000 08:01 15473482                   /usr/lib/x86_64-linux-gnu/libatk-1.0.so.0.21809.1
7f79e93ce000-7f79e93cf000 rw-p 00024000 08:01 15473482                   /usr/lib/x86_64-linux-gnu/libatk-1.0.so.0.21809.1
7f79e93cf000-7f79e93db000 r-xp 00000000 08:01 15473505                   /usr/lib/x86_64-linux-gnu/libpangocairo-1.0.so.0.3800.1
7f79e93db000-7f79e95da000 ---p 0000c000 08:01 15473505                   /usr/lib/x86_64-linux-gnu/libpangocairo-1.0.so.0.3800.1
7f79e95da000-7f79e95db000 r--p 0000b000 08:01 15473505                   /usr/lib/x86_64-linux-gnu/libpangocairo-1.0.so.0.3800.1
7f79e95db000-7f79e95dc000 rw-p 0000c000 08:01 15473505                   /usr/lib/x86_64-linux-gnu/libpangocairo-1.0.so.0.3800.1
7f79e95dc000-7f79e95df000 r-xp 00000000 08:01 15471457                   /usr/lib/x86_64-linux-gnu/libgmodule-2.0.so.0.4800.0
7f79e95df000-7f79e97de000 ---p 00003000 08:01 15471457                   /usr/lib/x86_64-linux-gnu/libgmodule-2.0.so.0.4800.0
7f79e97de000-7f79e97df000 r--p 00002000 08:01 15471457                   /usr/lib/x86_64-linux-gnu/libgmodule-2.0.so.0.4800.0
7f79e97df000-7f79e97e0000 rw-p 00003000 08:01 15471457                   /usr/lib/x86_64-linux-gnu/libgmodule-2.0.so.0.4800.0
7f79e97e0000-7f79e97e5000 r-xp 00000000 08:01 15472878                   /usr/lib/x86_64-linux-gnu/libIlmThread-2_2.so.12.0.0
7f79e97e5000-7f79e99e5000 ---p 00005000 08:01 15472878                   /usr/lib/x86_64-linux-gnu/libIlmThread-2_2.so.12.0.0
7f79e99e5000-7f79e99e6000 r--p 00005000 08:01 15472878                   /usr/lib/x86_64-linux-gnu/libIlmThread-2_2.so.12.0.0
7f79e99e6000-7f79e99e7000 rw-p 00006000 08:01 15472878                   /usr/lib/x86_64-linux-gnu/libIlmThread-2_2.so.12.0.0
7f79e99e7000-7f79e9a02000 r-xp 00000000 08:01 15472877                   /usr/lib/x86_64-linux-gnu/libIex-2_2.so.12.0.0
7f79e9a02000-7f79e9c01000 ---p 0001b000 08:01 15472877                   /usr/lib/x86_64-linux-gnu/libIex-2_2.so.12.0.0
7f79e9c01000-7f79e9c04000 r--p 0001a000 08:01 15472877                   /usr/lib/x86_64-linux-gnu/libIex-2_2.so.12.0.0
7f79e9c04000-7f79e9c05000 rw-p 0001d000 08:01 15472877                   /usr/lib/x86_64-linux-gnu/libIex-2_2.so.12.0.0
7f79e9c05000-7f79e9c10000 r-xp 00000000 08:01 15472964                   /usr/lib/x86_64-linux-gnu/libjbig.so.0
7f79e9c10000-7f79e9e0f000 ---p 0000b000 08:01 15472964                   /usr/lib/x86_64-linux-gnu/libjbig.so.0
7f79e9e0f000-7f79e9e10000 r--p 0000a000 08:01 15472964                   /usr/lib/x86_64-linux-gnu/libjbig.so.0
7f79e9e10000-7f79e9e13000 rw-p 0000b000 08:01 15472964                   /usr/lib/x86_64-linux-gnu/libjbig.so.0
7f79e9e13000-7f79e9e34000 r-xp 00000000 08:01 49283616                   /lib/x86_64-linux-gnu/liblzma.so.5.0.0
7f79e9e34000-7f79ea033000 ---p 00021000 08:01 49283616                   /lib/x86_64-linux-gnu/liblzma.so.5.0.0
7f79ea033000-7f79ea034000 r--p 00020000 08:01 49283616                   /lib/x86_64-linux-gnu/liblzma.so.5.0.0
7f79ea034000-7f79ea035000 rw-p 00021000 08:01 49283616                   /lib/x86_64-linux-gnu/liblzma.so.5.0.0
7f79ea035000-7f79ea043000 r-xp 00000000 08:01 15472243                   /usr/lib/x86_64-linux-gnu/libdrm.so.2.4.0
7f79ea043000-7f79ea242000 ---p 0000e000 08:01 15472243                   /usr/lib/x86_64-linux-gnu/libdrm.so.2.4.0
7f79ea242000-7f79ea243000 r--p 0000d000 08:01 15472243                   /usr/lib/x86_64-linux-gnu/libdrm.so.2.4.0
7f79ea243000-7f79ea244000 rw-p 0000e000 08:01 15472243                   /usr/lib/x86_64-linux-gnu/libdrm.so.2.4.0
7f79ea244000-7f79ea249000 r-xp 00000000 08:01 15472925                   /usr/lib/x86_64-linux-gnu/libXxf86vm.so.1.0.0
7f79ea249000-7f79ea448000 ---p 00005000 08:01 15472925                   /usr/lib/x86_64-linux-gnu/libXxf86vm.so.1.0.0
7f79ea448000-7f79ea449000 r--p 00004000 08:01 15472925                   /usr/lib/x86_64-linux-gnu/libXxf86vm.so.1.0.0
7f79ea449000-7f79ea44a000 rw-p 00005000 08:01 15472925                   /usr/lib/x86_64-linux-gnu/libXxf86vm.so.1.0.0
7f79ea44a000-7f79ea46b000 r-xp 00000000 08:01 15472093                   /usr/lib/x86_64-linux-gnu/libxcb.so.1.1.0
7f79ea46b000-7f79ea66a000 ---p 00021000 08:01 15472093                   /usr/lib/x86_64-linux-gnu/libxcb.so.1.1.0
7f79ea66a000-7f79ea66b000 r--p 00020000 08:01 15472093                   /usr/lib/x86_64-linux-gnu/libxcb.so.1.1.0
7f79ea66b000-7f79ea66c000 rw-p 00021000 08:01 15472093                   /usr/lib/x86_64-linux-gnu/libxcb.so.1.1.0
7f79ea66c000-7f79ea670000 r-xp 00000000 08:01 15473726                   /usr/lib/x86_64-linux-gnu/libxcb-dri2.so.0.0.0
7f79ea670000-7f79ea86f000 ---p 00004000 08:01 15473726                   /usr/lib/x86_64-linux-gnu/libxcb-dri2.so.0.0.0
7f79ea86f000-7f79ea870000 r--p 00003000 08:01 15473726                   /usr/lib/x86_64-linux-gnu/libxcb-dri2.so.0.0.0
7f79ea870000-7f79ea871000 rw-p 00004000 08:01 15473726                   /usr/lib/x86_64-linux-gnu/libxcb-dri2.so.0.0.0
7f79ea871000-7f79ea888000 r-xp 00000000 08:01 15473730                   /usr/lib/x86_64-linux-gnu/libxcb-glx.so.0.0.0
7f79ea888000-7f79eaa87000 ---p 00017000 08:01 15473730                   /usr/lib/x86_64-linux-gnu/libxcb-glx.so.0.0.0
7f79eaa87000-7f79eaa89000 r--p 00016000 08:01 15473730                   /usr/lib/x86_64-linux-gnu/libxcb-glx.so.0.0.0
7f79eaa89000-7f79eaa8a000 rw-p 00018000 08:01 15473730                   /usr/lib/x86_64-linux-gnu/libxcb-glx.so.0.0.0
7f79eaa8a000-7f79eabbf000 r-xp 00000000 08:01 15472096                   /usr/lib/x86_64-linux-gnu/libX11.so.6.3.0
7f79eabbf000-7f79eadbf000 ---p 00135000 08:01 15472096                   /usr/lib/x86_64-linux-gnu/libX11.so.6.3.0
7f79eadbf000-7f79eadc0000 r--p 00135000 08:01 15472096                   /usr/lib/x86_64-linux-gnu/libX11.so.6.3.0
7f79eadc0000-7f79eadc4000 rw-p 00136000 08:01 15472096                   /usr/lib/x86_64-linux-gnu/libX11.so.6.3.0
7f79eadc4000-7f79eadc5000 r-xp 00000000 08:01 15473724                   /usr/lib/x86_64-linux-gnu/libX11-xcb.so.1.0.0
7f79eadc5000-7f79eafc4000 ---p 00001000 08:01 15473724                   /usr/lib/x86_64-linux-gnu/libX11-xcb.so.1.0.0
7f79eafc4000-7f79eafc5000 r--p 00000000 08:01 15473724                   /usr/lib/x86_64-linux-gnu/libX11-xcb.so.1.0.0
7f79eafc5000-7f79eafc6000 rw-p 00001000 08:01 15473724                   /usr/lib/x86_64-linux-gnu/libX11-xcb.so.1.0.0
7f79eafc6000-7f79eafcb000 r-xp 00000000 08:01 15472911                   /usr/lib/x86_64-linux-gnu/libXfixes.so.3.1.0
7f79eafcb000-7f79eb1ca000 ---p 00005000 08:01 15472911                   /usr/lib/x86_64-linux-gnu/libXfixes.so.3.1.0
7f79eb1ca000-7f79eb1cb000 r--p 00004000 08:01 15472911                   /usr/lib/x86_64-linux-gnu/libXfixes.so.3.1.0
7f79eb1cb000-7f79eb1cc000 rw-p 00005000 08:01 15472911                   /usr/lib/x86_64-linux-gnu/libXfixes.so.3.1.0
7f79eb1cc000-7f79eb1ce000 r-xp 00000000 08:01 15472917                   /usr/lib/x86_64-linux-gnu/libXdamage.so.1.1.0
7f79eb1ce000-7f79eb3cd000 ---p 00002000 08:01 15472917                   /usr/lib/x86_64-linux-gnu/libXdamage.so.1.1.0
7f79eb3cd000-7f79eb3ce000 r--p 00001000 08:01 15472917                   /usr/lib/x86_64-linux-gnu/libXdamage.so.1.1.0
7f79eb3ce000-7f79eb3cf000 rw-p 00002000 08:01 15472917                   /usr/lib/x86_64-linux-gnu/libXdamage.so.1.1.0
7f79eb3cf000-7f79eb3e0000 r-xp 00000000 08:01 15472098                   /usr/lib/x86_64-linux-gnu/libXext.so.6.4.0
7f79eb3e0000-7f79eb5df000 ---p 00011000 08:01 15472098                   /usr/lib/x86_64-linux-gnu/libXext.so.6.4.0
7f79eb5df000-7f79eb5e0000 r--p 00010000 08:01 15472098                   /usr/lib/x86_64-linux-gnu/libXext.so.6.4.0
7f79eb5e0000-7f79eb5e1000 rw-p 00011000 08:01 15472098                   /usr/lib/x86_64-linux-gnu/libXext.so.6.4.0
7f79eb5e1000-7f79eb60a000 r-xp 00000000 08:01 15473722                   /usr/lib/x86_64-linux-gnu/libglapi.so.0.0.0
7f79eb60a000-7f79eb809000 ---p 00029000 08:01 15473722                   /usr/lib/x86_64-linux-gnu/libglapi.so.0.0.0
7f79eb809000-7f79eb80d000 r--p 00028000 08:01 15473722                   /usr/lib/x86_64-linux-gnu/libglapi.so.0.0.0
7f79eb80d000-7f79eb80e000 rw-p 0002c000 08:01 15473722                   /usr/lib/x86_64-linux-gnu/libglapi.so.0.0.0
7f79eb80e000-7f79eb80f000 rw-p 00000000 00:00 0 
7f79eb80f000-7f79eb810000 r-xp 00000000 08:01 15472923                   /usr/lib/x86_64-linux-gnu/libxshmfence.so.1.0.0
7f79eb810000-7f79eba10000 ---p 00001000 08:01 15472923                   /usr/lib/x86_64-linux-gnu/libxshmfence.so.1.0.0
7f79eba10000-7f79eba11000 r--p 00001000 08:01 15472923                   /usr/lib/x86_64-linux-gnu/libxshmfence.so.1.0.0
7f79eba11000-7f79eba12000 rw-p 00002000 08:01 15472923                   /usr/lib/x86_64-linux-gnu/libxshmfence.so.1.0.0
7f79eba12000-7f79eba17000 r-xp 00000000 08:01 15473734                   /usr/lib/x86_64-linux-gnu/libxcb-sync.so.1.0.0
7f79eba17000-7f79ebc17000 ---p 00005000 08:01 15473734                   /usr/lib/x86_64-linux-gnu/libxcb-sync.so.1.0.0
7f79ebc17000-7f79ebc18000 r--p 00005000 08:01 15473734                   /usr/lib/x86_64-linux-gnu/libxcb-sync.so.1.0.0
7f79ebc18000-7f79ebc19000 rw-p 00006000 08:01 15473734                   /usr/lib/x86_64-linux-gnu/libxcb-sync.so.1.0.0
7f79ebc19000-7f79ebc1b000 r-xp 00000000 08:01 15473732                   /usr/lib/x86_64-linux-gnu/libxcb-present.so.0.0.0
7f79ebc1b000-7f79ebe1a000 ---p 00002000 08:01 15473732                   /usr/lib/x86_64-linux-gnu/libxcb-present.so.0.0.0
7f79ebe1a000-7f79ebe1b000 r--p 00001000 08:01 15473732                   /usr/lib/x86_64-linux-gnu/libxcb-present.so.0.0.0
7f79ebe1b000-7f79ebe1c000 rw-p 00002000 08:01 15473732                   /usr/lib/x86_64-linux-gnu/libxcb-present.so.0.0.0
7f79ebe1c000-7f79ebe1e000 r-xp 00000000 08:01 15473728                   /usr/lib/x86_64-linux-gnu/libxcb-dri3.so.0.0.0
7f79ebe1e000-7f79ec01d000 ---p 00002000 08:01 15473728                   /usr/lib/x86_64-linux-gnu/libxcb-dri3.so.0.0.0
7f79ec01d000-7f79ec01e000 r--p 00001000 08:01 15473728                   /usr/lib/x86_64-linux-gnu/libxcb-dri3.so.0.0.0
7f79ec01e000-7f79ec01f000 rw-p 00002000 08:01 15473728                   /usr/lib/x86_64-linux-gnu/libxcb-dri3.so.0.0.0
7f79ec01f000-7f79ec045000 r-xp 00000000 08:01 49287337                   /lib/x86_64-linux-gnu/libexpat.so.1.6.0
7f79ec045000-7f79ec245000 ---p 00026000 08:01 49287337                   /lib/x86_64-linux-gnu/libexpat.so.1.6.0
7f79ec245000-7f79ec247000 r--p 00026000 08:01 49287337                   /lib/x86_64-linux-gnu/libexpat.so.1.6.0
7f79ec247000-7f79ec248000 rw-p 00028000 08:01 49287337                   /lib/x86_64-linux-gnu/libexpat.so.1.6.0
7f79ec248000-7f79ec24b000 r-xp 00000000 08:01 49283590                   /lib/x86_64-linux-gnu/libdl-2.23.so
7f79ec24b000-7f79ec44a000 ---p 00003000 08:01 49283590                   /lib/x86_64-linux-gnu/libdl-2.23.so
7f79ec44a000-7f79ec44b000 r--p 00002000 08:01 49283590                   /lib/x86_64-linux-gnu/libdl-2.23.so
7f79ec44b000-7f79ec44c000 rw-p 00003000 08:01 49283590                   /lib/x86_64-linux-gnu/libdl-2.23.so
7f79ec44c000-7f79ec453000 r-xp 00000000 08:01 49283669                   /lib/x86_64-linux-gnu/librt-2.23.so
7f79ec453000-7f79ec652000 ---p 00007000 08:01 49283669                   /lib/x86_64-linux-gnu/librt-2.23.so
7f79ec652000-7f79ec653000 r--p 00006000 08:01 49283669                   /lib/x86_64-linux-gnu/librt-2.23.so
7f79ec653000-7f79ec654000 rw-p 00007000 08:01 49283669                   /lib/x86_64-linux-gnu/librt-2.23.so
7f79ec654000-7f79ec66d000 r-xp 00000000 08:01 49283699                   /lib/x86_64-linux-gnu/libz.so.1.2.8
7f79ec66d000-7f79ec86c000 ---p 00019000 08:01 49283699                   /lib/x86_64-linux-gnu/libz.so.1.2.8
7f79ec86c000-7f79ec86d000 r--p 00018000 08:01 49283699                   /lib/x86_64-linux-gnu/libz.so.1.2.8
7f79ec86d000-7f79ec86e000 rw-p 00019000 08:01 49283699                   /lib/x86_64-linux-gnu/libz.so.1.2.8
7f79ec86e000-7f79ec8a5000 r-xp 00000000 08:01 15473750                   /usr/lib/x86_64-linux-gnu/libtbb.so.2
7f79ec8a5000-7f79ecaa5000 ---p 00037000 08:01 15473750                   /usr/lib/x86_64-linux-gnu/libtbb.so.2
7f79ecaa5000-7f79ecaa6000 r--p 00037000 08:01 15473750                   /usr/lib/x86_64-linux-gnu/libtbb.so.2
7f79ecaa6000-7f79ecaa8000 rw-p 00038000 08:01 15473750                   /usr/lib/x86_64-linux-gnu/libtbb.so.2
7f79ecaa8000-7f79ecaab000 rw-p 00000000 00:00 0 
7f79ecaab000-7f79ecb30000 r-xp 00000000 08:01 15473787                   /usr/lib/x86_64-linux-gnu/libswscale-ffmpeg.so.3.1.101
7f79ecb30000-7f79ecd2f000 ---p 00085000 08:01 15473787                   /usr/lib/x86_64-linux-gnu/libswscale-ffmpeg.so.3.1.101
7f79ecd2f000-7f79ecd31000 r--p 00084000 08:01 15473787                   /usr/lib/x86_64-linux-gnu/libswscale-ffmpeg.so.3.1.101
7f79ecd31000-7f79ecd32000 rw-p 00086000 08:01 15473787                   /usr/lib/x86_64-linux-gnu/libswscale-ffmpeg.so.3.1.101
7f79ecd32000-7f79ecd3a000 rw-p 00000000 00:00 0 
7f79ecd3a000-7f79ecd8f000 r-xp 00000000 08:01 15473585                   /usr/lib/x86_64-linux-gnu/libavutil-ffmpeg.so.54.31.100
7f79ecd8f000-7f79ecf8f000 ---p 00055000 08:01 15473585                   /usr/lib/x86_64-linux-gnu/libavutil-ffmpeg.so.54.31.100
7f79ecf8f000-7f79ecf95000 r--p 00055000 08:01 15473585                   /usr/lib/x86_64-linux-gnu/libavutil-ffmpeg.so.54.31.100
7f79ecf95000-7f79ecf96000 rw-p 0005b000 08:01 15473585                   /usr/lib/x86_64-linux-gnu/libavutil-ffmpeg.so.54.31.100
7f79ecf96000-7f79ecfa9000 rw-p 00000000 00:00 0 
7f79ecfa9000-7f79ed17d000 r-xp 00000000 08:01 15473658                   /usr/lib/x86_64-linux-gnu/libavformat-ffmpeg.so.56.40.101
7f79ed17d000-7f79ed37d000 ---p 001d4000 08:01 15473658                   /usr/lib/x86_64-linux-gnu/libavformat-ffmpeg.so.56.40.101
7f79ed37d000-7f79ed391000 r--p 001d4000 08:01 15473658                   /usr/lib/x86_64-linux-gnu/libavformat-ffmpeg.so.56.40.101
7f79ed391000-7f79ed3a6000 rw-p 001e8000 08:01 15473658                   /usr/lib/x86_64-linux-gnu/libavformat-ffmpeg.so.56.40.101
7f79ed3a6000-7f79eded0000 r-xp 00000000 08:01 15473634                   /usr/lib/x86_64-linux-gnu/libavcodec-ffmpeg.so.56.60.100
7f79eded0000-7f79ee0cf000 ---p 00b2a000 08:01 15473634                   /usr/lib/x86_64-linux-gnu/libavcodec-ffmpeg.so.56.60.100
7f79ee0cf000-7f79ee0fa000 r--p 00b29000 08:01 15473634                   /usr/lib/x86_64-linux-gnu/libavcodec-ffmpeg.so.56.60.100
7f79ee0fa000-7f79ee11d000 rw-p 00b54000 08:01 15473634                   /usr/lib/x86_64-linux-gnu/libavcodec-ffmpeg.so.56.60.100
7f79ee11d000-7f79ee7d0000 rw-p 00000000 00:00 0 
7f79ee7d0000-7f79ee7d5000 r-xp 00000000 08:01 15473792                   /usr/lib/x86_64-linux-gnu/libv4l1.so.0.0.0
7f79ee7d5000-7f79ee9d4000 ---p 00005000 08:01 15473792                   /usr/lib/x86_64-linux-gnu/libv4l1.so.0.0.0
7f79ee9d4000-7f79ee9d5000 r--p 00004000 08:01 15473792                   /usr/lib/x86_64-linux-gnu/libv4l1.so.0.0.0
7f79ee9d5000-7f79ee9d6000 rw-p 00005000 08:01 15473792                   /usr/lib/x86_64-linux-gnu/libv4l1.so.0.0.0
7f79ee9d6000-7f79eea0b000 r-xp 00000000 08:01 15473773                   /usr/lib/x86_64-linux-gnu/libdc1394.so.22.1.11
7f79eea0b000-7f79eec0a000 ---p 00035000 08:01 15473773                   /usr/lib/x86_64-linux-gnu/libdc1394.so.22.1.11
7f79eec0a000-7f79eec0b000 r--p 00034000 08:01 15473773                   /usr/lib/x86_64-linux-gnu/libdc1394.so.22.1.11
7f79eec0b000-7f79eec0c000 rw-p 00035000 08:01 15473773                   /usr/lib/x86_64-linux-gnu/libdc1394.so.22.1.11
7f79eec0c000-7f79eec4c000 rw-p 00000000 00:00 0 
7f79eec4c000-7f79eeca9000 r-xp 00000000 08:01 15473781                   /usr/lib/x86_64-linux-gnu/libgdkglext-x11-1.0.so.0.0.0
7f79eeca9000-7f79eeea8000 ---p 0005d000 08:01 15473781                   /usr/lib/x86_64-linux-gnu/libgdkglext-x11-1.0.so.0.0.0
7f79eeea8000-7f79eeeaa000 r--p 0005c000 08:01 15473781                   /usr/lib/x86_64-linux-gnu/libgdkglext-x11-1.0.so.0.0.0
7f79eeeaa000-7f79eeeb0000 rw-p 0005e000 08:01 15473781                   /usr/lib/x86_64-linux-gnu/libgdkglext-x11-1.0.so.0.0.0
7f79eeeb0000-7f79eeeb3000 r-xp 00000000 08:01 15473782                   /usr/lib/x86_64-linux-gnu/libgtkglext-x11-1.0.so.0.0.0
7f79eeeb3000-7f79ef0b2000 ---p 00003000 08:01 15473782                   /usr/lib/x86_64-linux-gnu/libgtkglext-x11-1.0.so.0.0.0
7f79ef0b2000-7f79ef0b3000 r--p 00002000 08:01 15473782                   /usr/lib/x86_64-linux-gnu/libgtkglext-x11-1.0.so.0.0.0
7f79ef0b3000-7f79ef0b4000 rw-p 00003000 08:01 15473782                   /usr/lib/x86_64-linux-gnu/libgtkglext-x11-1.0.so.0.0.0
7f79ef0b4000-7f79ef1c2000 r-xp 00000000 08:01 49287110                   /lib/x86_64-linux-gnu/libglib-2.0.so.0.4800.0
7f79ef1c2000-7f79ef3c2000 ---p 0010e000 08:01 49287110                   /lib/x86_64-linux-gnu/libglib-2.0.so.0.4800.0
7f79ef3c2000-7f79ef3c3000 r--p 0010e000 08:01 49287110                   /lib/x86_64-linux-gnu/libglib-2.0.so.0.4800.0
7f79ef3c3000-7f79ef3c4000 rw-p 0010f000 08:01 49287110                   /lib/x86_64-linux-gnu/libglib-2.0.so.0.4800.0
7f79ef3c4000-7f79ef3c5000 rw-p 00000000 00:00 0 
7f79ef3c5000-7f79ef417000 r-xp 00000000 08:01 15471454                   /usr/lib/x86_64-linux-gnu/libgobject-2.0.so.0.4800.0
7f79ef417000-7f79ef616000 ---p 00052000 08:01 15471454                   /usr/lib/x86_64-linux-gnu/libgobject-2.0.so.0.4800.0
7f79ef616000-7f79ef617000 r--p 00051000 08:01 15471454                   /usr/lib/x86_64-linux-gnu/libgobject-2.0.so.0.4800.0
7f79ef617000-7f79ef618000 rw-p 00052000 08:01 15471454                   /usr/lib/x86_64-linux-gnu/libgobject-2.0.so.0.4800.0
7f79ef618000-7f79ef6c8000 r-xp 00000000 08:01 15473518                   /usr/lib/x86_64-linux-gnu/libgdk-x11-2.0.so.0.2400.30
7f79ef6c8000-7f79ef8c7000 ---p 000b0000 08:01 15473518                   /usr/lib/x86_64-linux-gnu/libgdk-x11-2.0.so.0.2400.30
7f79ef8c7000-7f79ef8cb000 r--p 000af000 08:01 15473518                   /usr/lib/x86_64-linux-gnu/libgdk-x11-2.0.so.0.2400.30
7f79ef8cb000-7f79ef8cd000 rw-p 000b3000 08:01 15473518                   /usr/lib/x86_64-linux-gnu/libgdk-x11-2.0.so.0.2400.30
7f79ef8cd000-7f79efd0b000 r-xp 00000000 08:01 15473519                   /usr/lib/x86_64-linux-gnu/libgtk-x11-2.0.so.0.2400.30
7f79efd0b000-7f79eff0a000 ---p 0043e000 08:01 15473519                   /usr/lib/x86_64-linux-gnu/libgtk-x11-2.0.so.0.2400.30
7f79eff0a000-7f79eff11000 r--p 0043d000 08:01 15473519                   /usr/lib/x86_64-linux-gnu/libgtk-x11-2.0.so.0.2400.30
7f79eff11000-7f79eff15000 rw-p 00444000 08:01 15473519                   /usr/lib/x86_64-linux-gnu/libgtk-x11-2.0.so.0.2400.30
7f79eff15000-7f79eff18000 rw-p 00000000 00:00 0 
7f79eff18000-7f79eff5a000 r-xp 00000000 08:01 15472876                   /usr/lib/x86_64-linux-gnu/libHalf.so.12.0.0
7f79eff5a000-7f79f0159000 ---p 00042000 08:01 15472876                   /usr/lib/x86_64-linux-gnu/libHalf.so.12.0.0
7f79f0159000-7f79f015a000 r--p 00041000 08:01 15472876                   /usr/lib/x86_64-linux-gnu/libHalf.so.12.0.0
7f79f015a000-7f79f015b000 rw-p 00042000 08:01 15472876                   /usr/lib/x86_64-linux-gnu/libHalf.so.12.0.0
7f79f015b000-7f79f0325000 r-xp 00000000 08:01 15472889                   /usr/lib/x86_64-linux-gnu/libIlmImf-2_2.so.22.0.0
7f79f0325000-7f79f0524000 ---p 001ca000 08:01 15472889                   /usr/lib/x86_64-linux-gnu/libIlmImf-2_2.so.22.0.0
7f79f0524000-7f79f0527000 r--p 001c9000 08:01 15472889                   /usr/lib/x86_64-linux-gnu/libIlmImf-2_2.so.22.0.0
7f79f0527000-7f79f0628000 rw-p 001cc000 08:01 15472889                   /usr/lib/x86_64-linux-gnu/libIlmImf-2_2.so.22.0.0
7f79f0628000-7f79f0629000 rw-p 00000000 00:00 0 
7f79f0629000-7f79f0675000 r-xp 00000000 08:01 15473785                   /usr/lib/x86_64-linux-gnu/libjasper.so.1.0.0
7f79f0675000-7f79f0874000 ---p 0004c000 08:01 15473785                   /usr/lib/x86_64-linux-gnu/libjasper.so.1.0.0
7f79f0874000-7f79f0875000 r--p 0004b000 08:01 15473785                   /usr/lib/x86_64-linux-gnu/libjasper.so.1.0.0
7f79f0875000-7f79f0879000 rw-p 0004c000 08:01 15473785                   /usr/lib/x86_64-linux-gnu/libjasper.so.1.0.0
7f79f0879000-7f79f0880000 rw-p 00000000 00:00 0 
7f79f0880000-7f79f08ef000 r-xp 00000000 08:01 15473484                   /usr/lib/x86_64-linux-gnu/libtiff.so.5.2.4
7f79f08ef000-7f79f0aef000 ---p 0006f000 08:01 15473484                   /usr/lib/x86_64-linux-gnu/libtiff.so.5.2.4
7f79f0aef000-7f79f0af0000 r--p 0006f000 08:01 15473484                   /usr/lib/x86_64-linux-gnu/libtiff.so.5.2.4
7f79f0af0000-7f79f0af3000 rw-p 00070000 08:01 15473484                   /usr/lib/x86_64-linux-gnu/libtiff.so.5.2.4
7f79f0af3000-7f79f0b17000 r-xp 00000000 08:01 49283658                   /lib/x86_64-linux-gnu/libpng12.so.0.54.0
7f79f0b17000-7f79f0d16000 ---p 00024000 08:01 49283658                   /lib/x86_64-linux-gnu/libpng12.so.0.54.0
7f79f0d16000-7f79f0d17000 r--p 00023000 08:01 49283658                   /lib/x86_64-linux-gnu/libpng12.so.0.54.0
7f79f0d17000-7f79f0d18000 rw-p 00024000 08:01 49283658                   /lib/x86_64-linux-gnu/libpng12.so.0.54.0
7f79f0d18000-7f79f0d6f000 r-xp 00000000 08:01 15472870                   /usr/lib/x86_64-linux-gnu/libjpeg.so.8.0.2
7f79f0d6f000-7f79f0f6f000 ---p 00057000 08:01 15472870                   /usr/lib/x86_64-linux-gnu/libjpeg.so.8.0.2
7f79f0f6f000-7f79f0f70000 r--p 00057000 08:01 15472870                   /usr/lib/x86_64-linux-gnu/libjpeg.so.8.0.2
7f79f0f70000-7f79f0f71000 rw-p 00058000 08:01 15472870                   /usr/lib/x86_64-linux-gnu/libjpeg.so.8.0.2
7f79f0f71000-7f79f0fde000 r-xp 00000000 08:01 17564551                   /usr/lib/x86_64-linux-gnu/mesa/libGL.so.1.2.0
7f79f0fde000-7f79f11dd000 ---p 0006d000 08:01 17564551                   /usr/lib/x86_64-linux-gnu/mesa/libGL.so.1.2.0
7f79f11dd000-7f79f11e0000 r--p 0006c000 08:01 17564551                   /usr/lib/x86_64-linux-gnu/mesa/libGL.so.1.2.0
7f79f11e0000-7f79f11e1000 rw-p 0006f000 08:01 17564551                   /usr/lib/x86_64-linux-gnu/mesa/libGL.so.1.2.0
7f79f11e1000-7f79f11e2000 rw-p 00000000 00:00 0 
7f79f11e2000-7f79f1203000 r-xp 00000000 08:01 15473195                   /usr/lib/x86_64-linux-gnu/libgomp.so.1.0.0
7f79f1203000-7f79f1402000 ---p 00021000 08:01 15473195                   /usr/lib/x86_64-linux-gnu/libgomp.so.1.0.0
7f79f1402000-7f79f1403000 r--p 00020000 08:01 15473195                   /usr/lib/x86_64-linux-gnu/libgomp.so.1.0.0
7f79f1403000-7f79f1404000 rw-p 00021000 08:01 15473195                   /usr/lib/x86_64-linux-gnu/libgomp.so.1.0.0
7f79f1404000-7f79f150c000 r-xp 00000000 08:01 49283617                   /lib/x86_64-linux-gnu/libm-2.23.so
7f79f150c000-7f79f170b000 ---p 00108000 08:01 49283617                   /lib/x86_64-linux-gnu/libm-2.23.so
7f79f170b000-7f79f170c000 r--p 00107000 08:01 49283617                   /lib/x86_64-linux-gnu/libm-2.23.so
7f79f170c000-7f79f170d000 rw-p 00108000 08:01 49283617                   /lib/x86_64-linux-gnu/libm-2.23.so
7f79f170d000-7f79f192a000 r-xp 00000000 08:01 15473751                   /usr/lib/x86_64-linux-gnu/libopencv_core.so.2.4.9
7f79f192a000-7f79f1b2a000 ---p 0021d000 08:01 15473751                   /usr/lib/x86_64-linux-gnu/libopencv_core.so.2.4.9
7f79f1b2a000-7f79f1b2e000 r--p 0021d000 08:01 15473751                   /usr/lib/x86_64-linux-gnu/libopencv_core.so.2.4.9
7f79f1b2e000-7f79f1b35000 rw-p 00221000 08:01 15473751                   /usr/lib/x86_64-linux-gnu/libopencv_core.so.2.4.9
7f79f1b35000-7f79f1b37000 rw-p 00000000 00:00 0 
7f79f1b37000-7f79f1d27000 r-xp 00000000 08:01 15473755                   /usr/lib/x86_64-linux-gnu/libopencv_imgproc.so.2.4.9
7f79f1d27000-7f79f1f26000 ---p 001f0000 08:01 15473755                   /usr/lib/x86_64-linux-gnu/libopencv_imgproc.so.2.4.9
7f79f1f26000-7f79f1f2c000 r--p 001ef000 08:01 15473755                   /usr/lib/x86_64-linux-gnu/libopencv_imgproc.so.2.4.9
7f79f1f2c000-7f79f1f2d000 rw-p 001f5000 08:01 15473755                   /usr/lib/x86_64-linux-gnu/libopencv_imgproc.so.2.4.9
7f79f1f2d000-7f79f1fc2000 rw-p 00000000 00:00 0 
7f79f1fc2000-7f79f2008000 r-xp 00000000 08:01 15473795                   /usr/lib/x86_64-linux-gnu/libopencv_highgui.so.2.4.9
7f79f2008000-7f79f2207000 ---p 00046000 08:01 15473795                   /usr/lib/x86_64-linux-gnu/libopencv_highgui.so.2.4.9
7f79f2207000-7f79f220a000 r--p 00045000 08:01 15473795                   /usr/lib/x86_64-linux-gnu/libopencv_highgui.so.2.4.9
7f79f220a000-7f79f220b000 rw-p 00048000 08:01 15473795                   /usr/lib/x86_64-linux-gnu/libopencv_highgui.so.2.4.9
7f79f220b000-7f79f23cb000 r-xp 00000000 08:01 49283576                   /lib/x86_64-linux-gnu/libc-2.23.so
7f79f23cb000-7f79f25ca000 ---p 001c0000 08:01 49283576                   /lib/x86_64-linux-gnu/libc-2.23.so
7f79f25ca000-7f79f25ce000 r--p 001bf000 08:01 49283576                   /lib/x86_64-linux-gnu/libc-2.23.so
7f79f25ce000-7f79f25d0000 rw-p 001c3000 08:01 49283576                   /lib/x86_64-linux-gnu/libc-2.23.so
7f79f25d0000-7f79f25d4000 rw-p 00000000 00:00 0 
7f79f25d4000-7f79f25ec000 r-xp 00000000 08:01 49283663                   /lib/x86_64-linux-gnu/libpthread-2.23.so
7f79f25ec000-7f79f27eb000 ---p 00018000 08:01 49283663                   /lib/x86_64-linux-gnu/libpthread-2.23.so
7f79f27eb000-7f79f27ec000 r--p 00017000 08:01 49283663                   /lib/x86_64-linux-gnu/libpthread-2.23.so
7f79f27ec000-7f79f27ed000 rw-p 00018000 08:01 49283663                   /lib/x86_64-linux-gnu/libpthread-2.23.so
7f79f27ed000-7f79f27f1000 rw-p 00000000 00:00 0 
7f79f27f1000-7f79f2807000 r-xp 00000000 08:01 49283602                   /lib/x86_64-linux-gnu/libgcc_s.so.1
7f79f2807000-7f79f2a06000 ---p 00016000 08:01 49283602                   /lib/x86_64-linux-gnu/libgcc_s.so.1
7f79f2a06000-7f79f2a07000 rw-p 00015000 08:01 49283602                   /lib/x86_64-linux-gnu/libgcc_s.so.1
7f79f2a07000-7f79f2b79000 r-xp 00000000 08:01 15470630                   /usr/lib/x86_64-linux-gnu/libstdc++.so.6.0.21
7f79f2b79000-7f79f2d79000 ---p 00172000 08:01 15470630                   /usr/lib/x86_64-linux-gnu/libstdc++.so.6.0.21
7f79f2d79000-7f79f2d83000 r--p 00172000 08:01 15470630                   /usr/lib/x86_64-linux-gnu/libstdc++.so.6.0.21
7f79f2d83000-7f79f2d85000 rw-p 0017c000 08:01 15470630                   /usr/lib/x86_64-linux-gnu/libstdc++.so.6.0.21
7f79f2d85000-7f79f2d89000 rw-p 00000000 00:00 0 
7f79f2d89000-7f79f2dd1000 r-xp 00000000 00:2a 657865                     /home/sebastian/raytracing/build/DocOpt/libdocopt.so
7f79f2dd1000-7f79f2fd0000 ---p 00048000 00:2a 657865                     /home/sebastian/raytracing/build/DocOpt/libdocopt.so
7f79f2fd0000-7f79f2fd2000 r--p 00047000 00:2a 657865                     /home/sebastian/raytracing/build/DocOpt/libdocopt.so
7f79f2fd2000-7f79f2fd3000 rw-p 00049000 00:2a 657865                     /home/sebastian/raytracing/build/DocOpt/libdocopt.so
7f79f2fd3000-7f79f3113000 r-xp 00000000 00:2a 54001821                   /home/sebastian/raytracing/build/libmct.so
7f79f3113000-7f79f3312000 ---p 00140000 00:2a 54001821                   /home/sebastian/raytracing/build/libmct.so
7f79f3312000-7f79f3315000 r--p 0013f000 00:2a 54001821                   /home/sebastian/raytracing/build/libmct.so
7f79f3315000-7f79f3318000 rw-p 00142000 00:2a 54001821                   /home/sebastian/raytracing/build/libmct.so
7f79f3318000-7f79f3328000 rw-p 00000000 00:00 0 
7f79f3328000-7f79f334e000 r-xp 00000000 08:01 49283552                   /lib/x86_64-linux-gnu/ld-2.23.so
7f79f34dc000-7f79f34f6000 rw-p 00000000 00:00 0 
7f79f34f6000-7f79f3514000 r-xp 00000000 08:01 49283689                   /lib/x86_64-linux-gnu/libudev.so.1.6.4
7f79f3514000-7f79f3515000 r--p 0001d000 08:01 49283689                   /lib/x86_64-linux-gnu/libudev.so.1.6.4
7f79f3515000-7f79f3516000 rw-p 0001e000 08:01 49283689                   /lib/x86_64-linux-gnu/libudev.so.1.6.4
7f79f3516000-7f79f353f000 rw-p 00000000 00:00 0 
7f79f3549000-7f79f354d000 rw-p 00000000 00:00 0 
7f79f354d000-7f79f354e000 r--p 00025000 08:01 49283552                   /lib/x86_64-linux-gnu/ld-2.23.so
7f79f354e000-7f79f354f000 rw-p 00026000 08:01 49283552                   /lib/x86_64-linux-gnu/ld-2.23.so
7f79f354f000-7f79f3550000 rw-p 00000000 00:00 0 
7ffde47c2000-7ffde4804000 rw-p 00000000 00:00 0                          [stack]
7ffde4876000-7ffde4878000 r--p 00000000 00:00 0                          [vvar]
7ffde4878000-7ffde487a000 r-xp 00000000 00:00 0                          [vdso]
ffffffffff600000-ffffffffff601000 r-xp 00000000 00:00 0                  [vsyscall]
