*** Error in `/home/sebastian/raytracing/build/mctPlenoscopePropagation': munmap_chunk(): invalid pointer: 0x000000000214fac0 ***
======= Backtrace: =========
/lib/x86_64-linux-gnu/libc.so.6(+0x77725)[0x7f0c076fd725]
/lib/x86_64-linux-gnu/libc.so.6(cfree+0x1a8)[0x7f0c07709c18]
/home/sebastian/raytracing/build/libmct.so(_ZN17RayForPropagationD1Ev+0x20)[0x7f0c084c2060]
/home/sebastian/raytracing/build/mctPlenoscopePropagation(main+0x39d8)[0x410e38]
/lib/x86_64-linux-gnu/libc.so.6(__libc_start_main+0xf0)[0x7f0c076a6830]
/home/sebastian/raytracing/build/mctPlenoscopePropagation(_start+0x29)[0x412369]
======= Memory map: ========
00400000-00432000 r-xp 00000000 00:2a 54001989                           /home/sebastian/raytracing/build/mctPlenoscopePropagation
00632000-00633000 r--p 00032000 00:2a 54001989                           /home/sebastian/raytracing/build/mctPlenoscopePropagation
00633000-00634000 rw-p 00033000 00:2a 54001989                           /home/sebastian/raytracing/build/mctPlenoscopePropagation
00634000-00635000 rw-p 00000000 00:00 0 
01af4000-0251e000 rw-p 00000000 00:00 0                                  [heap]
7f0beeda3000-7f0beeda4000 ---p 00000000 00:00 0 
7f0beeda4000-7f0bef5a4000 rw-p 00000000 00:00 0 
7f0bef5a4000-7f0bf0e5a000 r-xp 00000000 08:01 35132297                   /usr/lib/x86_64-linux-gnu/libicudata.so.55.1
7f0bf0e5a000-7f0bf1059000 ---p 018b6000 08:01 35132297                   /usr/lib/x86_64-linux-gnu/libicudata.so.55.1
7f0bf1059000-7f0bf105a000 r--p 018b5000 08:01 35132297                   /usr/lib/x86_64-linux-gnu/libicudata.so.55.1
7f0bf105a000-7f0bf105b000 rw-p 018b6000 08:01 35132297                   /usr/lib/x86_64-linux-gnu/libicudata.so.55.1
7f0bf105b000-7f0bf105e000 r-xp 00000000 08:01 3674071                    /lib/x86_64-linux-gnu/libkeyutils.so.1.5
7f0bf105e000-7f0bf125d000 ---p 00003000 08:01 3674071                    /lib/x86_64-linux-gnu/libkeyutils.so.1.5
7f0bf125d000-7f0bf125e000 r--p 00002000 08:01 3674071                    /lib/x86_64-linux-gnu/libkeyutils.so.1.5
7f0bf125e000-7f0bf125f000 rw-p 00003000 08:01 3674071                    /lib/x86_64-linux-gnu/libkeyutils.so.1.5
7f0bf125f000-7f0bf1263000 r-xp 00000000 08:01 3670639                    /lib/x86_64-linux-gnu/libuuid.so.1.3.0
7f0bf1263000-7f0bf1462000 ---p 00004000 08:01 3670639                    /lib/x86_64-linux-gnu/libuuid.so.1.3.0
7f0bf1462000-7f0bf1463000 r--p 00003000 08:01 3670639                    /lib/x86_64-linux-gnu/libuuid.so.1.3.0
7f0bf1463000-7f0bf1464000 rw-p 00004000 08:01 3670639                    /lib/x86_64-linux-gnu/libuuid.so.1.3.0
7f0bf1464000-7f0bf15e3000 r-xp 00000000 08:01 35132293                   /usr/lib/x86_64-linux-gnu/libicuuc.so.55.1
7f0bf15e3000-7f0bf17e3000 ---p 0017f000 08:01 35132293                   /usr/lib/x86_64-linux-gnu/libicuuc.so.55.1
7f0bf17e3000-7f0bf17f3000 r--p 0017f000 08:01 35132293                   /usr/lib/x86_64-linux-gnu/libicuuc.so.55.1
7f0bf17f3000-7f0bf17f4000 rw-p 0018f000 08:01 35132293                   /usr/lib/x86_64-linux-gnu/libicuuc.so.55.1
7f0bf17f4000-7f0bf17f8000 rw-p 00000000 00:00 0 
7f0bf17f8000-7f0bf1802000 r-xp 00000000 08:01 35132958                   /usr/lib/x86_64-linux-gnu/libkrb5support.so.0.1
7f0bf1802000-7f0bf1a01000 ---p 0000a000 08:01 35132958                   /usr/lib/x86_64-linux-gnu/libkrb5support.so.0.1
7f0bf1a01000-7f0bf1a02000 r--p 00009000 08:01 35132958                   /usr/lib/x86_64-linux-gnu/libkrb5support.so.0.1
7f0bf1a02000-7f0bf1a03000 rw-p 0000a000 08:01 35132958                   /usr/lib/x86_64-linux-gnu/libkrb5support.so.0.1
7f0bf1a03000-7f0bf1a06000 r-xp 00000000 08:01 3670527                    /lib/x86_64-linux-gnu/libcom_err.so.2.1
7f0bf1a06000-7f0bf1c05000 ---p 00003000 08:01 3670527                    /lib/x86_64-linux-gnu/libcom_err.so.2.1
7f0bf1c05000-7f0bf1c06000 r--p 00002000 08:01 3670527                    /lib/x86_64-linux-gnu/libcom_err.so.2.1
7f0bf1c06000-7f0bf1c07000 rw-p 00003000 08:01 3670527                    /lib/x86_64-linux-gnu/libcom_err.so.2.1
7f0bf1c07000-7f0bf1c33000 r-xp 00000000 08:01 35132960                   /usr/lib/x86_64-linux-gnu/libk5crypto.so.3.1
7f0bf1c33000-7f0bf1e32000 ---p 0002c000 08:01 35132960                   /usr/lib/x86_64-linux-gnu/libk5crypto.so.3.1
7f0bf1e32000-7f0bf1e34000 r--p 0002b000 08:01 35132960                   /usr/lib/x86_64-linux-gnu/libk5crypto.so.3.1
7f0bf1e34000-7f0bf1e35000 rw-p 0002d000 08:01 35132960                   /usr/lib/x86_64-linux-gnu/libk5crypto.so.3.1
7f0bf1e35000-7f0bf1e36000 rw-p 00000000 00:00 0 
7f0bf1e36000-7f0bf1ef9000 r-xp 00000000 08:01 35132962                   /usr/lib/x86_64-linux-gnu/libkrb5.so.3.3
7f0bf1ef9000-7f0bf20f9000 ---p 000c3000 08:01 35132962                   /usr/lib/x86_64-linux-gnu/libkrb5.so.3.3
7f0bf20f9000-7f0bf2106000 r--p 000c3000 08:01 35132962                   /usr/lib/x86_64-linux-gnu/libkrb5.so.3.3
7f0bf2106000-7f0bf2108000 rw-p 000d0000 08:01 35132962                   /usr/lib/x86_64-linux-gnu/libkrb5.so.3.3
7f0bf2108000-7f0bf211a000 r-xp 00000000 08:01 3670550                    /lib/x86_64-linux-gnu/libgpg-error.so.0.17.0
7f0bf211a000-7f0bf231a000 ---p 00012000 08:01 3670550                    /lib/x86_64-linux-gnu/libgpg-error.so.0.17.0
7f0bf231a000-7f0bf231b000 r--p 00012000 08:01 3670550                    /lib/x86_64-linux-gnu/libgpg-error.so.0.17.0
7f0bf231b000-7f0bf231c000 rw-p 00013000 08:01 3670550                    /lib/x86_64-linux-gnu/libgpg-error.so.0.17.0
7f0bf231c000-7f0bf2332000 r-xp 00000000 08:01 35133666                   /usr/lib/x86_64-linux-gnu/libICE.so.6.3.0
7f0bf2332000-7f0bf2531000 ---p 00016000 08:01 35133666                   /usr/lib/x86_64-linux-gnu/libICE.so.6.3.0
7f0bf2531000-7f0bf2532000 r--p 00015000 08:01 35133666                   /usr/lib/x86_64-linux-gnu/libICE.so.6.3.0
7f0bf2532000-7f0bf2533000 rw-p 00016000 08:01 35133666                   /usr/lib/x86_64-linux-gnu/libICE.so.6.3.0
7f0bf2533000-7f0bf2536000 rw-p 00000000 00:00 0 
7f0bf2536000-7f0bf253d000 r-xp 00000000 08:01 35133703                   /usr/lib/x86_64-linux-gnu/libSM.so.6.0.1
7f0bf253d000-7f0bf273c000 ---p 00007000 08:01 35133703                   /usr/lib/x86_64-linux-gnu/libSM.so.6.0.1
7f0bf273c000-7f0bf273d000 r--p 00006000 08:01 35133703                   /usr/lib/x86_64-linux-gnu/libSM.so.6.0.1
7f0bf273d000-7f0bf273e000 rw-p 00007000 08:01 35133703                   /usr/lib/x86_64-linux-gnu/libSM.so.6.0.1
7f0bf273e000-7f0bf2744000 r-xp 00000000 08:01 35133767                   /usr/lib/x86_64-linux-gnu/libdatrie.so.1.3.3
7f0bf2744000-7f0bf2944000 ---p 00006000 08:01 35133767                   /usr/lib/x86_64-linux-gnu/libdatrie.so.1.3.3
7f0bf2944000-7f0bf2945000 r--p 00006000 08:01 35133767                   /usr/lib/x86_64-linux-gnu/libdatrie.so.1.3.3
7f0bf2945000-7f0bf2946000 rw-p 00007000 08:01 35133767                   /usr/lib/x86_64-linux-gnu/libdatrie.so.1.3.3
7f0bf2946000-7f0bf2969000 r-xp 00000000 08:01 35134296                   /usr/lib/x86_64-linux-gnu/libgraphite2.so.3.0.1
7f0bf2969000-7f0bf2b68000 ---p 00023000 08:01 35134296                   /usr/lib/x86_64-linux-gnu/libgraphite2.so.3.0.1
7f0bf2b68000-7f0bf2b6a000 r--p 00022000 08:01 35134296                   /usr/lib/x86_64-linux-gnu/libgraphite2.so.3.0.1
7f0bf2b6a000-7f0bf2b6b000 rw-p 00024000 08:01 35134296                   /usr/lib/x86_64-linux-gnu/libgraphite2.so.3.0.1
7f0bf2b6b000-7f0bf2b7c000 r-xp 00000000 08:01 35129680                   /usr/lib/x86_64-linux-gnu/libtasn1.so.6.5.1
7f0bf2b7c000-7f0bf2d7c000 ---p 00011000 08:01 35129680                   /usr/lib/x86_64-linux-gnu/libtasn1.so.6.5.1
7f0bf2d7c000-7f0bf2d7d000 r--p 00011000 08:01 35129680                   /usr/lib/x86_64-linux-gnu/libtasn1.so.6.5.1
7f0bf2d7d000-7f0bf2d7e000 rw-p 00012000 08:01 35129680                   /usr/lib/x86_64-linux-gnu/libtasn1.so.6.5.1
7f0bf2d7e000-7f0bf2daf000 r-xp 00000000 08:01 35129652                   /usr/lib/x86_64-linux-gnu/libidn.so.11.6.15
7f0bf2daf000-7f0bf2faf000 ---p 00031000 08:01 35129652                   /usr/lib/x86_64-linux-gnu/libidn.so.11.6.15
7f0bf2faf000-7f0bf2fb0000 r--p 00031000 08:01 35129652                   /usr/lib/x86_64-linux-gnu/libidn.so.11.6.15
7f0bf2fb0000-7f0bf2fb1000 rw-p 00032000 08:01 35129652                   /usr/lib/x86_64-linux-gnu/libidn.so.11.6.15
7f0bf2fb1000-7f0bf300b000 r-xp 00000000 08:01 35129666                   /usr/lib/x86_64-linux-gnu/libp11-kit.so.0.1.0
7f0bf300b000-7f0bf320a000 ---p 0005a000 08:01 35129666                   /usr/lib/x86_64-linux-gnu/libp11-kit.so.0.1.0
7f0bf320a000-7f0bf3214000 r--p 00059000 08:01 35129666                   /usr/lib/x86_64-linux-gnu/libp11-kit.so.0.1.0
7f0bf3214000-7f0bf3216000 rw-p 00063000 08:01 35129666                   /usr/lib/x86_64-linux-gnu/libp11-kit.so.0.1.0
7f0bf3216000-7f0bf33c6000 r-xp 00000000 08:01 35132306                   /usr/lib/x86_64-linux-gnu/libxml2.so.2.9.3
7f0bf33c6000-7f0bf35c5000 ---p 001b0000 08:01 35132306                   /usr/lib/x86_64-linux-gnu/libxml2.so.2.9.3
7f0bf35c5000-7f0bf35cd000 r--p 001af000 08:01 35132306                   /usr/lib/x86_64-linux-gnu/libxml2.so.2.9.3
7f0bf35cd000-7f0bf35cf000 rw-p 001b7000 08:01 35132306                   /usr/lib/x86_64-linux-gnu/libxml2.so.2.9.3
7f0bf35cf000-7f0bf35d0000 rw-p 00000000 00:00 0 
7f0bf35d0000-7f0bf364f000 r-xp 00000000 08:01 35129644                   /usr/lib/x86_64-linux-gnu/libgmp.so.10.3.0
7f0bf364f000-7f0bf384e000 ---p 0007f000 08:01 35129644                   /usr/lib/x86_64-linux-gnu/libgmp.so.10.3.0
7f0bf384e000-7f0bf384f000 r--p 0007e000 08:01 35129644                   /usr/lib/x86_64-linux-gnu/libgmp.so.10.3.0
7f0bf384f000-7f0bf3850000 rw-p 0007f000 08:01 35129644                   /usr/lib/x86_64-linux-gnu/libgmp.so.10.3.0
7f0bf3850000-7f0bf3884000 r-xp 00000000 08:01 35129664                   /usr/lib/x86_64-linux-gnu/libnettle.so.6.2
7f0bf3884000-7f0bf3a83000 ---p 00034000 08:01 35129664                   /usr/lib/x86_64-linux-gnu/libnettle.so.6.2
7f0bf3a83000-7f0bf3a85000 r--p 00033000 08:01 35129664                   /usr/lib/x86_64-linux-gnu/libnettle.so.6.2
7f0bf3a85000-7f0bf3a86000 rw-p 00035000 08:01 35129664                   /usr/lib/x86_64-linux-gnu/libnettle.so.6.2
7f0bf3a86000-7f0bf3ab8000 r-xp 00000000 08:01 35129650                   /usr/lib/x86_64-linux-gnu/libhogweed.so.4.2
7f0bf3ab8000-7f0bf3cb7000 ---p 00032000 08:01 35129650                   /usr/lib/x86_64-linux-gnu/libhogweed.so.4.2
7f0bf3cb7000-7f0bf3cb8000 r--p 00031000 08:01 35129650                   /usr/lib/x86_64-linux-gnu/libhogweed.so.4.2
7f0bf3cb8000-7f0bf3cb9000 rw-p 00032000 08:01 35129650                   /usr/lib/x86_64-linux-gnu/libhogweed.so.4.2
7f0bf3cb9000-7f0bf3d00000 r-xp 00000000 08:01 35132964                   /usr/lib/x86_64-linux-gnu/libgssapi_krb5.so.2.2
7f0bf3d00000-7f0bf3eff000 ---p 00047000 08:01 35132964                   /usr/lib/x86_64-linux-gnu/libgssapi_krb5.so.2.2
7f0bf3eff000-7f0bf3f01000 r--p 00046000 08:01 35132964                   /usr/lib/x86_64-linux-gnu/libgssapi_krb5.so.2.2
7f0bf3f01000-7f0bf3f03000 rw-p 00048000 08:01 35132964                   /usr/lib/x86_64-linux-gnu/libgssapi_krb5.so.2.2
7f0bf3f03000-7f0bf3fdb000 r-xp 00000000 08:01 3670548                    /lib/x86_64-linux-gnu/libgcrypt.so.20.0.5
7f0bf3fdb000-7f0bf41da000 ---p 000d8000 08:01 3670548                    /lib/x86_64-linux-gnu/libgcrypt.so.20.0.5
7f0bf41da000-7f0bf41db000 r--p 000d7000 08:01 3670548                    /lib/x86_64-linux-gnu/libgcrypt.so.20.0.5
7f0bf41db000-7f0bf41e3000 rw-p 000d8000 08:01 3670548                    /lib/x86_64-linux-gnu/libgcrypt.so.20.0.5
7f0bf41e3000-7f0bf41e4000 rw-p 00000000 00:00 0 
7f0bf41e4000-7f0bf425f000 r-xp 00000000 08:01 35133697                   /usr/lib/x86_64-linux-gnu/liborc-0.4.so.0.25.0
7f0bf425f000-7f0bf445e000 ---p 0007b000 08:01 35133697                   /usr/lib/x86_64-linux-gnu/liborc-0.4.so.0.25.0
7f0bf445e000-7f0bf4460000 r--p 0007a000 08:01 35133697                   /usr/lib/x86_64-linux-gnu/liborc-0.4.so.0.25.0
7f0bf4460000-7f0bf4464000 rw-p 0007c000 08:01 35133697                   /usr/lib/x86_64-linux-gnu/liborc-0.4.so.0.25.0
7f0bf4464000-7f0bf446b000 r-xp 00000000 08:01 35133670                   /usr/lib/x86_64-linux-gnu/libogg.so.0.8.2
7f0bf446b000-7f0bf466b000 ---p 00007000 08:01 35133670                   /usr/lib/x86_64-linux-gnu/libogg.so.0.8.2
7f0bf466b000-7f0bf466c000 r--p 00007000 08:01 35133670                   /usr/lib/x86_64-linux-gnu/libogg.so.0.8.2
7f0bf466c000-7f0bf466d000 rw-p 00008000 08:01 35133670                   /usr/lib/x86_64-linux-gnu/libogg.so.0.8.2
7f0bf466d000-7f0bf4677000 r-xp 00000000 08:01 35133040                   /usr/lib/x86_64-linux-gnu/libnuma.so.1.0.0
7f0bf4677000-7f0bf4876000 ---p 0000a000 08:01 35133040                   /usr/lib/x86_64-linux-gnu/libnuma.so.1.0.0
7f0bf4876000-7f0bf4877000 r--p 00009000 08:01 35133040                   /usr/lib/x86_64-linux-gnu/libnuma.so.1.0.0
7f0bf4877000-7f0bf4878000 rw-p 0000a000 08:01 35133040                   /usr/lib/x86_64-linux-gnu/libnuma.so.1.0.0
7f0bf4878000-7f0bf48a6000 r-xp 00000000 08:01 35134399                   /usr/lib/x86_64-linux-gnu/libsoxr.so.0.1.1
7f0bf48a6000-7f0bf4aa5000 ---p 0002e000 08:01 35134399                   /usr/lib/x86_64-linux-gnu/libsoxr.so.0.1.1
7f0bf4aa5000-7f0bf4aa7000 r--p 0002d000 08:01 35134399                   /usr/lib/x86_64-linux-gnu/libsoxr.so.0.1.1
7f0bf4aa7000-7f0bf4aa8000 rw-p 0002f000 08:01 35134399                   /usr/lib/x86_64-linux-gnu/libsoxr.so.0.1.1
7f0bf4aa8000-7f0bf4add000 rw-p 00000000 00:00 0 
7f0bf4add000-7f0bf4b02000 r-xp 00000000 08:01 35134587                   /usr/lib/x86_64-linux-gnu/libv4lconvert.so.0.0.0
7f0bf4b02000-7f0bf4d02000 ---p 00025000 08:01 35134587                   /usr/lib/x86_64-linux-gnu/libv4lconvert.so.0.0.0
7f0bf4d02000-7f0bf4d04000 r--p 00025000 08:01 35134587                   /usr/lib/x86_64-linux-gnu/libv4lconvert.so.0.0.0
7f0bf4d04000-7f0bf4d05000 rw-p 00027000 08:01 35134587                   /usr/lib/x86_64-linux-gnu/libv4lconvert.so.0.0.0
7f0bf4d05000-7f0bf4d57000 rw-p 00000000 00:00 0 
7f0bf4d57000-7f0bf4db9000 r-xp 00000000 08:01 35134575                   /usr/lib/x86_64-linux-gnu/libXt.so.6.0.0
7f0bf4db9000-7f0bf4fb9000 ---p 00062000 08:01 35134575                   /usr/lib/x86_64-linux-gnu/libXt.so.6.0.0
7f0bf4fb9000-7f0bf4fba000 r--p 00062000 08:01 35134575                   /usr/lib/x86_64-linux-gnu/libXt.so.6.0.0
7f0bf4fba000-7f0bf4fbf000 rw-p 00063000 08:01 35134575                   /usr/lib/x86_64-linux-gnu/libXt.so.6.0.0
7f0bf4fbf000-7f0bf4fc0000 rw-p 00000000 00:00 0 
7f0bf4fc0000-7f0bf4fc8000 r-xp 00000000 08:01 35133769                   /usr/lib/x86_64-linux-gnu/libthai.so.0.2.4
7f0bf4fc8000-7f0bf51c7000 ---p 00008000 08:01 35133769                   /usr/lib/x86_64-linux-gnu/libthai.so.0.2.4
7f0bf51c7000-7f0bf51c8000 r--p 00007000 08:01 35133769                   /usr/lib/x86_64-linux-gnu/libthai.so.0.2.4
7f0bf51c8000-7f0bf51c9000 rw-p 00008000 08:01 35133769                   /usr/lib/x86_64-linux-gnu/libthai.so.0.2.4
7f0bf51c9000-7f0bf5225000 r-xp 00000000 08:01 35134299                   /usr/lib/x86_64-linux-gnu/libharfbuzz.so.0.10000.1
7f0bf5225000-7f0bf5425000 ---p 0005c000 08:01 35134299                   /usr/lib/x86_64-linux-gnu/libharfbuzz.so.0.10000.1
7f0bf5425000-7f0bf5426000 r--p 0005c000 08:01 35134299                   /usr/lib/x86_64-linux-gnu/libharfbuzz.so.0.10000.1
7f0bf5426000-7f0bf5427000 rw-p 0005d000 08:01 35134299                   /usr/lib/x86_64-linux-gnu/libharfbuzz.so.0.10000.1
7f0bf5427000-7f0bf543e000 r-xp 00000000 08:01 3670611                    /lib/x86_64-linux-gnu/libresolv-2.23.so
7f0bf543e000-7f0bf563e000 ---p 00017000 08:01 3670611                    /lib/x86_64-linux-gnu/libresolv-2.23.so
7f0bf563e000-7f0bf563f000 r--p 00017000 08:01 3670611                    /lib/x86_64-linux-gnu/libresolv-2.23.so
7f0bf563f000-7f0bf5640000 rw-p 00018000 08:01 3670611                    /lib/x86_64-linux-gnu/libresolv-2.23.so
7f0bf5640000-7f0bf5642000 rw-p 00000000 00:00 0 
7f0bf5642000-7f0bf5661000 r-xp 00000000 08:01 3670617                    /lib/x86_64-linux-gnu/libselinux.so.1
7f0bf5661000-7f0bf5860000 ---p 0001f000 08:01 3670617                    /lib/x86_64-linux-gnu/libselinux.so.1
7f0bf5860000-7f0bf5861000 r--p 0001e000 08:01 3670617                    /lib/x86_64-linux-gnu/libselinux.so.1
7f0bf5861000-7f0bf5862000 rw-p 0001f000 08:01 3670617                    /lib/x86_64-linux-gnu/libselinux.so.1
7f0bf5862000-7f0bf5864000 rw-p 00000000 00:00 0 
7f0bf5864000-7f0bf586c000 r-xp 00000000 08:01 35134290                   /usr/lib/x86_64-linux-gnu/libxcb-render.so.0.0.0
7f0bf586c000-7f0bf5a6c000 ---p 00008000 08:01 35134290                   /usr/lib/x86_64-linux-gnu/libxcb-render.so.0.0.0
7f0bf5a6c000-7f0bf5a6d000 r--p 00008000 08:01 35134290                   /usr/lib/x86_64-linux-gnu/libxcb-render.so.0.0.0
7f0bf5a6d000-7f0bf5a6e000 rw-p 00009000 08:01 35134290                   /usr/lib/x86_64-linux-gnu/libxcb-render.so.0.0.0
7f0bf5a6e000-7f0bf5a70000 r-xp 00000000 08:01 35134292                   /usr/lib/x86_64-linux-gnu/libxcb-shm.so.0.0.0
7f0bf5a70000-7f0bf5c70000 ---p 00002000 08:01 35134292                   /usr/lib/x86_64-linux-gnu/libxcb-shm.so.0.0.0
7f0bf5c70000-7f0bf5c71000 r--p 00002000 08:01 35134292                   /usr/lib/x86_64-linux-gnu/libxcb-shm.so.0.0.0
7f0bf5c71000-7f0bf5c72000 rw-p 00003000 08:01 35134292                   /usr/lib/x86_64-linux-gnu/libxcb-shm.so.0.0.0
7f0bf5c72000-7f0bf5d11000 r-xp 00000000 08:01 35134288                   /usr/lib/x86_64-linux-gnu/libpixman-1.so.0.33.6
7f0bf5d11000-7f0bf5f11000 ---p 0009f000 08:01 35134288                   /usr/lib/x86_64-linux-gnu/libpixman-1.so.0.33.6
7f0bf5f11000-7f0bf5f19000 r--p 0009f000 08:01 35134288                   /usr/lib/x86_64-linux-gnu/libpixman-1.so.0.33.6
7f0bf5f19000-7f0bf5f1a000 rw-p 000a7000 08:01 35134288                   /usr/lib/x86_64-linux-gnu/libpixman-1.so.0.33.6
7f0bf5f1a000-7f0bf5fbe000 r-xp 00000000 08:01 35132170                   /usr/lib/x86_64-linux-gnu/libfreetype.so.6.12.1
7f0bf5fbe000-7f0bf61bd000 ---p 000a4000 08:01 35132170                   /usr/lib/x86_64-linux-gnu/libfreetype.so.6.12.1
7f0bf61bd000-7f0bf61c3000 r--p 000a3000 08:01 35132170                   /usr/lib/x86_64-linux-gnu/libfreetype.so.6.12.1
7f0bf61c3000-7f0bf61c4000 rw-p 000a9000 08:01 35132170                   /usr/lib/x86_64-linux-gnu/libfreetype.so.6.12.1
7f0bf61c4000-7f0bf61c9000 r-xp 00000000 08:01 35132891                   /usr/lib/x86_64-linux-gnu/libXdmcp.so.6.0.0
7f0bf61c9000-7f0bf63c8000 ---p 00005000 08:01 35132891                   /usr/lib/x86_64-linux-gnu/libXdmcp.so.6.0.0
7f0bf63c8000-7f0bf63c9000 r--p 00004000 08:01 35132891                   /usr/lib/x86_64-linux-gnu/libXdmcp.so.6.0.0
7f0bf63c9000-7f0bf63ca000 rw-p 00005000 08:01 35132891                   /usr/lib/x86_64-linux-gnu/libXdmcp.so.6.0.0
7f0bf63ca000-7f0bf63cc000 r-xp 00000000 08:01 35132889                   /usr/lib/x86_64-linux-gnu/libXau.so.6.0.0
7f0bf63cc000-7f0bf65cc000 ---p 00002000 08:01 35132889                   /usr/lib/x86_64-linux-gnu/libXau.so.6.0.0
7f0bf65cc000-7f0bf65cd000 r--p 00002000 08:01 35132889                   /usr/lib/x86_64-linux-gnu/libXau.so.6.0.0
7f0bf65cd000-7f0bf65ce000 rw-p 00003000 08:01 35132889                   /usr/lib/x86_64-linux-gnu/libXau.so.6.0.0
7f0bf65ce000-7f0bf65dd000 r-xp 00000000 08:01 3670519                    /lib/x86_64-linux-gnu/libbz2.so.1.0.4
7f0bf65dd000-7f0bf67dc000 ---p 0000f000 08:01 3670519                    /lib/x86_64-linux-gnu/libbz2.so.1.0.4
7f0bf67dc000-7f0bf67dd000 r--p 0000e000 08:01 3670519                    /lib/x86_64-linux-gnu/libbz2.so.1.0.4
7f0bf67dd000-7f0bf67de000 rw-p 0000f000 08:01 3670519                    /lib/x86_64-linux-gnu/libbz2.so.1.0.4
7f0bf67de000-7f0bf6902000 r-xp 00000000 08:01 35129648                   /usr/lib/x86_64-linux-gnu/libgnutls.so.30.6.2
7f0bf6902000-7f0bf6b01000 ---p 00124000 08:01 35129648                   /usr/lib/x86_64-linux-gnu/libgnutls.so.30.6.2
7f0bf6b01000-7f0bf6b0c000 r--p 00123000 08:01 35129648                   /usr/lib/x86_64-linux-gnu/libgnutls.so.30.6.2
7f0bf6b0c000-7f0bf6b0e000 rw-p 0012e000 08:01 35129648                   /usr/lib/x86_64-linux-gnu/libgnutls.so.30.6.2
7f0bf6b0e000-7f0bf6b0f000 rw-p 00000000 00:00 0 
7f0bf6b0f000-7f0bf6b56000 r-xp 00000000 08:01 35134446                   /usr/lib/x86_64-linux-gnu/libbluray.so.1.9.2
7f0bf6b56000-7f0bf6d55000 ---p 00047000 08:01 35134446                   /usr/lib/x86_64-linux-gnu/libbluray.so.1.9.2
7f0bf6d55000-7f0bf6d57000 r--p 00046000 08:01 35134446                   /usr/lib/x86_64-linux-gnu/libbluray.so.1.9.2
7f0bf6d57000-7f0bf6d58000 rw-p 00048000 08:01 35134446                   /usr/lib/x86_64-linux-gnu/libbluray.so.1.9.2
7f0bf6d58000-7f0bf6da2000 r-xp 00000000 08:01 35134448                   /usr/lib/x86_64-linux-gnu/libgme.so.0.6.0
7f0bf6da2000-7f0bf6fa2000 ---p 0004a000 08:01 35134448                   /usr/lib/x86_64-linux-gnu/libgme.so.0.6.0
7f0bf6fa2000-7f0bf6fa5000 r--p 0004a000 08:01 35134448                   /usr/lib/x86_64-linux-gnu/libgme.so.0.6.0
7f0bf6fa5000-7f0bf6fa6000 rw-p 0004d000 08:01 35134448                   /usr/lib/x86_64-linux-gnu/libgme.so.0.6.0
7f0bf6fa6000-7f0bf6ff0000 r-xp 00000000 08:01 35134450                   /usr/lib/x86_64-linux-gnu/libmodplug.so.1.0.0
7f0bf6ff0000-7f0bf71f0000 ---p 0004a000 08:01 35134450                   /usr/lib/x86_64-linux-gnu/libmodplug.so.1.0.0
7f0bf71f0000-7f0bf71f1000 r--p 0004a000 08:01 35134450                   /usr/lib/x86_64-linux-gnu/libmodplug.so.1.0.0
7f0bf71f1000-7f0bf71f2000 rw-p 0004b000 08:01 35134450                   /usr/lib/x86_64-linux-gnu/libmodplug.so.1.0.0
7f0bf71f2000-7f0bf7331000 rw-p 00000000 00:00 0 
7f0bf7331000-7f0bf734c000 r-xp 00000000 08:01 35132991                   /usr/lib/x86_64-linux-gnu/librtmp.so.1
7f0bf734c000-7f0bf754b000 ---p 0001b000 08:01 35132991                   /usr/lib/x86_64-linux-gnu/librtmp.so.1
7f0bf754b000-7f0bf754c000 r--p 0001a000 08:01 35132991                   /usr/lib/x86_64-linux-gnu/librtmp.so.1
7f0bf754c000-7f0bf754d000 rw-p 0001b000 08:01 35132991                   /usr/lib/x86_64-linux-gnu/librtmp.so.1
7f0bf754d000-7f0bf7595000 r-xp 00000000 08:01 35134452                   /usr/lib/x86_64-linux-gnu/libssh-gcrypt.so.4.4.1
7f0bf7595000-7f0bf7794000 ---p 00048000 08:01 35134452                   /usr/lib/x86_64-linux-gnu/libssh-gcrypt.so.4.4.1
7f0bf7794000-7f0bf7795000 r--p 00047000 08:01 35134452                   /usr/lib/x86_64-linux-gnu/libssh-gcrypt.so.4.4.1
7f0bf7795000-7f0bf7796000 rw-p 00048000 08:01 35134452                   /usr/lib/x86_64-linux-gnu/libssh-gcrypt.so.4.4.1
7f0bf7796000-7f0bf77b0000 r-xp 00000000 08:01 35129677                   /usr/lib/x86_64-linux-gnu/libcrystalhd.so.3.6
7f0bf77b0000-7f0bf79af000 ---p 0001a000 08:01 35129677                   /usr/lib/x86_64-linux-gnu/libcrystalhd.so.3.6
7f0bf79af000-7f0bf79b0000 r--p 00019000 08:01 35129677                   /usr/lib/x86_64-linux-gnu/libcrystalhd.so.3.6
7f0bf79b0000-7f0bf79b1000 rw-p 0001a000 08:01 35129677                   /usr/lib/x86_64-linux-gnu/libcrystalhd.so.3.6
7f0bf79b1000-7f0bf79be000 r-xp 00000000 08:01 35131433                   /usr/lib/x86_64-linux-gnu/libgsm.so.1.0.12
7f0bf79be000-7f0bf7bbd000 ---p 0000d000 08:01 35131433                   /usr/lib/x86_64-linux-gnu/libgsm.so.1.0.12
7f0bf7bbd000-7f0bf7bbe000 r--p 0000c000 08:01 35131433                   /usr/lib/x86_64-linux-gnu/libgsm.so.1.0.12
7f0bf7bbe000-7f0bf7bbf000 rw-p 0000d000 08:01 35131433                   /usr/lib/x86_64-linux-gnu/libgsm.so.1.0.12
7f0bf7bbf000-7f0bf7c04000 r-xp 00000000 08:01 35134385                   /usr/lib/x86_64-linux-gnu/libmp3lame.so.0.0.0
7f0bf7c04000-7f0bf7e04000 ---p 00045000 08:01 35134385                   /usr/lib/x86_64-linux-gnu/libmp3lame.so.0.0.0
7f0bf7e04000-7f0bf7e05000 r--p 00045000 08:01 35134385                   /usr/lib/x86_64-linux-gnu/libmp3lame.so.0.0.0
7f0bf7e05000-7f0bf7e06000 rw-p 00046000 08:01 35134385                   /usr/lib/x86_64-linux-gnu/libmp3lame.so.0.0.0
7f0bf7e06000-7f0bf7e34000 rw-p 00000000 00:00 0 
7f0bf7e34000-7f0bf7e56000 r-xp 00000000 08:01 35134388                   /usr/lib/x86_64-linux-gnu/libopenjpeg.so.1.5.2
7f0bf7e56000-7f0bf8055000 ---p 00022000 08:01 35134388                   /usr/lib/x86_64-linux-gnu/libopenjpeg.so.1.5.2
7f0bf8055000-7f0bf8056000 r--p 00021000 08:01 35134388                   /usr/lib/x86_64-linux-gnu/libopenjpeg.so.1.5.2
7f0bf8056000-7f0bf8057000 rw-p 00022000 08:01 35134388                   /usr/lib/x86_64-linux-gnu/libopenjpeg.so.1.5.2
7f0bf8057000-7f0bf80a0000 r-xp 00000000 08:01 35134391                   /usr/lib/x86_64-linux-gnu/libopus.so.0.5.2
7f0bf80a0000-7f0bf829f000 ---p 00049000 08:01 35134391                   /usr/lib/x86_64-linux-gnu/libopus.so.0.5.2
7f0bf829f000-7f0bf82a0000 r--p 00048000 08:01 35134391                   /usr/lib/x86_64-linux-gnu/libopus.so.0.5.2
7f0bf82a0000-7f0bf82a1000 rw-p 00049000 08:01 35134391                   /usr/lib/x86_64-linux-gnu/libopus.so.0.5.2
7f0bf82a1000-7f0bf8372000 r-xp 00000000 08:01 35133701                   /usr/lib/x86_64-linux-gnu/libschroedinger-1.0.so.0.11.0
7f0bf8372000-7f0bf8572000 ---p 000d1000 08:01 35133701                   /usr/lib/x86_64-linux-gnu/libschroedinger-1.0.so.0.11.0
7f0bf8572000-7f0bf8574000 r--p 000d1000 08:01 35133701                   /usr/lib/x86_64-linux-gnu/libschroedinger-1.0.so.0.11.0
7f0bf8574000-7f0bf8575000 rw-p 000d3000 08:01 35133701                   /usr/lib/x86_64-linux-gnu/libschroedinger-1.0.so.0.11.0
7f0bf8575000-7f0bf8576000 rw-p 00000000 00:00 0 
7f0bf8576000-7f0bf8582000 r-xp 00000000 08:01 35134393                   /usr/lib/x86_64-linux-gnu/libshine.so.3.0.1
7f0bf8582000-7f0bf8781000 ---p 0000c000 08:01 35134393                   /usr/lib/x86_64-linux-gnu/libshine.so.3.0.1
7f0bf8781000-7f0bf8782000 r--p 0000b000 08:01 35134393                   /usr/lib/x86_64-linux-gnu/libshine.so.3.0.1
7f0bf8782000-7f0bf8783000 rw-p 0000c000 08:01 35134393                   /usr/lib/x86_64-linux-gnu/libshine.so.3.0.1
7f0bf8783000-7f0bf878a000 r-xp 00000000 08:01 35134395                   /usr/lib/x86_64-linux-gnu/libsnappy.so.1.3.0
7f0bf878a000-7f0bf8989000 ---p 00007000 08:01 35134395                   /usr/lib/x86_64-linux-gnu/libsnappy.so.1.3.0
7f0bf8989000-7f0bf898a000 r--p 00006000 08:01 35134395                   /usr/lib/x86_64-linux-gnu/libsnappy.so.1.3.0
7f0bf898a000-7f0bf898b000 rw-p 00007000 08:01 35134395                   /usr/lib/x86_64-linux-gnu/libsnappy.so.1.3.0
7f0bf898b000-7f0bf89a2000 r-xp 00000000 08:01 35134397                   /usr/lib/x86_64-linux-gnu/libspeex.so.1.5.0
7f0bf89a2000-7f0bf8ba2000 ---p 00017000 08:01 35134397                   /usr/lib/x86_64-linux-gnu/libspeex.so.1.5.0
7f0bf8ba2000-7f0bf8ba3000 r--p 00017000 08:01 35134397                   /usr/lib/x86_64-linux-gnu/libspeex.so.1.5.0
7f0bf8ba3000-7f0bf8ba4000 rw-p 00018000 08:01 35134397                   /usr/lib/x86_64-linux-gnu/libspeex.so.1.5.0
7f0bf8ba4000-7f0bf8bbd000 r-xp 00000000 08:01 35134405                   /usr/lib/x86_64-linux-gnu/libtheoradec.so.1.1.4
7f0bf8bbd000-7f0bf8dbc000 ---p 00019000 08:01 35134405                   /usr/lib/x86_64-linux-gnu/libtheoradec.so.1.1.4
7f0bf8dbc000-7f0bf8dbd000 r--p 00018000 08:01 35134405                   /usr/lib/x86_64-linux-gnu/libtheoradec.so.1.1.4
7f0bf8dbd000-7f0bf8dbe000 rw-p 00019000 08:01 35134405                   /usr/lib/x86_64-linux-gnu/libtheoradec.so.1.1.4
7f0bf8dbe000-7f0bf8dfc000 r-xp 00000000 08:01 35134403                   /usr/lib/x86_64-linux-gnu/libtheoraenc.so.1.1.2
7f0bf8dfc000-7f0bf8ffb000 ---p 0003e000 08:01 35134403                   /usr/lib/x86_64-linux-gnu/libtheoraenc.so.1.1.2
7f0bf8ffb000-7f0bf8ffc000 r--p 0003d000 08:01 35134403                   /usr/lib/x86_64-linux-gnu/libtheoraenc.so.1.1.2
7f0bf8ffc000-7f0bf8ffd000 rw-p 0003e000 08:01 35134403                   /usr/lib/x86_64-linux-gnu/libtheoraenc.so.1.1.2
7f0bf8ffd000-7f0bf901b000 r-xp 00000000 08:01 35134409                   /usr/lib/x86_64-linux-gnu/libtwolame.so.0.0.0
7f0bf901b000-7f0bf921a000 ---p 0001e000 08:01 35134409                   /usr/lib/x86_64-linux-gnu/libtwolame.so.0.0.0
7f0bf921a000-7f0bf921b000 r--p 0001d000 08:01 35134409                   /usr/lib/x86_64-linux-gnu/libtwolame.so.0.0.0
7f0bf921b000-7f0bf921c000 rw-p 0001e000 08:01 35134409                   /usr/lib/x86_64-linux-gnu/libtwolame.so.0.0.0
7f0bf921c000-7f0bf9220000 rw-p 00000000 00:00 0 
7f0bf9220000-7f0bf924a000 r-xp 00000000 08:01 35134413                   /usr/lib/x86_64-linux-gnu/libvorbis.so.0.4.8
7f0bf924a000-7f0bf944a000 ---p 0002a000 08:01 35134413                   /usr/lib/x86_64-linux-gnu/libvorbis.so.0.4.8
7f0bf944a000-7f0bf944b000 r--p 0002a000 08:01 35134413                   /usr/lib/x86_64-linux-gnu/libvorbis.so.0.4.8
7f0bf944b000-7f0bf944c000 rw-p 0002b000 08:01 35134413                   /usr/lib/x86_64-linux-gnu/libvorbis.so.0.4.8
7f0bf944c000-7f0bf94d9000 r-xp 00000000 08:01 35134415                   /usr/lib/x86_64-linux-gnu/libvorbisenc.so.2.0.11
7f0bf94d9000-7f0bf96d8000 ---p 0008d000 08:01 35134415                   /usr/lib/x86_64-linux-gnu/libvorbisenc.so.2.0.11
7f0bf96d8000-7f0bf96f4000 r--p 0008c000 08:01 35134415                   /usr/lib/x86_64-linux-gnu/libvorbisenc.so.2.0.11
7f0bf96f4000-7f0bf96f5000 rw-p 000a8000 08:01 35134415                   /usr/lib/x86_64-linux-gnu/libvorbisenc.so.2.0.11
7f0bf96f5000-7f0bf9914000 r-xp 00000000 08:01 35134417                   /usr/lib/x86_64-linux-gnu/libvpx.so.3.0.0
7f0bf9914000-7f0bf9b13000 ---p 0021f000 08:01 35134417                   /usr/lib/x86_64-linux-gnu/libvpx.so.3.0.0
7f0bf9b13000-7f0bf9b15000 r--p 0021e000 08:01 35134417                   /usr/lib/x86_64-linux-gnu/libvpx.so.3.0.0
7f0bf9b15000-7f0bf9b16000 rw-p 00220000 08:01 35134417                   /usr/lib/x86_64-linux-gnu/libvpx.so.3.0.0
7f0bf9b16000-7f0bf9b19000 rw-p 00000000 00:00 0 
7f0bf9b19000-7f0bf9b41000 r-xp 00000000 08:01 35134420                   /usr/lib/x86_64-linux-gnu/libwavpack.so.1.1.7
7f0bf9b41000-7f0bf9d40000 ---p 00028000 08:01 35134420                   /usr/lib/x86_64-linux-gnu/libwavpack.so.1.1.7
7f0bf9d40000-7f0bf9d41000 r--p 00027000 08:01 35134420                   /usr/lib/x86_64-linux-gnu/libwavpack.so.1.1.7
7f0bf9d41000-7f0bf9d42000 rw-p 00028000 08:01 35134420                   /usr/lib/x86_64-linux-gnu/libwavpack.so.1.1.7
7f0bf9d42000-7f0bf9d9b000 r-xp 00000000 08:01 35134422                   /usr/lib/x86_64-linux-gnu/libwebp.so.5.0.4
7f0bf9d9b000-7f0bf9f9b000 ---p 00059000 08:01 35134422                   /usr/lib/x86_64-linux-gnu/libwebp.so.5.0.4
7f0bf9f9b000-7f0bf9f9c000 r--p 00059000 08:01 35134422                   /usr/lib/x86_64-linux-gnu/libwebp.so.5.0.4
7f0bf9f9c000-7f0bf9f9e000 rw-p 0005a000 08:01 35134422                   /usr/lib/x86_64-linux-gnu/libwebp.so.5.0.4
7f0bf9f9e000-7f0bfa0c6000 r-xp 00000000 08:01 35134424                   /usr/lib/x86_64-linux-gnu/libx264.so.148
7f0bfa0c6000-7f0bfa2c5000 ---p 00128000 08:01 35134424                   /usr/lib/x86_64-linux-gnu/libx264.so.148
7f0bfa2c5000-7f0bfa2c6000 r--p 00127000 08:01 35134424                   /usr/lib/x86_64-linux-gnu/libx264.so.148
7f0bfa2c6000-7f0bfa2c7000 rw-p 00128000 08:01 35134424                   /usr/lib/x86_64-linux-gnu/libx264.so.148
7f0bfa2c7000-7f0bfa342000 rw-p 00000000 00:00 0 
7f0bfa342000-7f0bfad4f000 r-xp 00000000 08:01 35134425                   /usr/lib/x86_64-linux-gnu/libx265.so.79
7f0bfad4f000-7f0bfaf4e000 ---p 00a0d000 08:01 35134425                   /usr/lib/x86_64-linux-gnu/libx265.so.79
7f0bfaf4e000-7f0bfaf51000 r--p 00a0c000 08:01 35134425                   /usr/lib/x86_64-linux-gnu/libx265.so.79
7f0bfaf51000-7f0bfaf54000 rw-p 00a0f000 08:01 35134425                   /usr/lib/x86_64-linux-gnu/libx265.so.79
7f0bfaf54000-7f0bfaf61000 rw-p 00000000 00:00 0 
7f0bfaf61000-7f0bfb002000 r-xp 00000000 08:01 35134426                   /usr/lib/x86_64-linux-gnu/libxvidcore.so.4.3
7f0bfb002000-7f0bfb201000 ---p 000a1000 08:01 35134426                   /usr/lib/x86_64-linux-gnu/libxvidcore.so.4.3
7f0bfb201000-7f0bfb202000 r--p 000a0000 08:01 35134426                   /usr/lib/x86_64-linux-gnu/libxvidcore.so.4.3
7f0bfb202000-7f0bfb20c000 rw-p 000a1000 08:01 35134426                   /usr/lib/x86_64-linux-gnu/libxvidcore.so.4.3
7f0bfb20c000-7f0bfb275000 rw-p 00000000 00:00 0 
7f0bfb275000-7f0bfb2ec000 r-xp 00000000 08:01 35134428                   /usr/lib/x86_64-linux-gnu/libzvbi.so.0.13.2
7f0bfb2ec000-7f0bfb4eb000 ---p 00077000 08:01 35134428                   /usr/lib/x86_64-linux-gnu/libzvbi.so.0.13.2
7f0bfb4eb000-7f0bfb4f4000 r--p 00076000 08:01 35134428                   /usr/lib/x86_64-linux-gnu/libzvbi.so.0.13.2
7f0bfb4f4000-7f0bfb500000 rw-p 0007f000 08:01 35134428                   /usr/lib/x86_64-linux-gnu/libzvbi.so.0.13.2
7f0bfb500000-7f0bfb51b000 r-xp 00000000 08:01 35134411                   /usr/lib/x86_64-linux-gnu/libva.so.1.3900.0
7f0bfb51b000-7f0bfb71a000 ---p 0001b000 08:01 35134411                   /usr/lib/x86_64-linux-gnu/libva.so.1.3900.0
7f0bfb71a000-7f0bfb71b000 r--p 0001a000 08:01 35134411                   /usr/lib/x86_64-linux-gnu/libva.so.1.3900.0
7f0bfb71b000-7f0bfb71c000 rw-p 0001b000 08:01 35134411                   /usr/lib/x86_64-linux-gnu/libva.so.1.3900.0
7f0bfb71c000-7f0bfb736000 r-xp 00000000 08:01 35134401                   /usr/lib/x86_64-linux-gnu/libswresample-ffmpeg.so.1.2.101
7f0bfb736000-7f0bfb935000 ---p 0001a000 08:01 35134401                   /usr/lib/x86_64-linux-gnu/libswresample-ffmpeg.so.1.2.101
7f0bfb935000-7f0bfb937000 r--p 00019000 08:01 35134401                   /usr/lib/x86_64-linux-gnu/libswresample-ffmpeg.so.1.2.101
7f0bfb937000-7f0bfb938000 rw-p 0001b000 08:01 35134401                   /usr/lib/x86_64-linux-gnu/libswresample-ffmpeg.so.1.2.101
7f0bfb938000-7f0bfb941000 r-xp 00000000 08:01 35134589                   /usr/lib/x86_64-linux-gnu/libv4l2.so.0.0.0
7f0bfb941000-7f0bfbb40000 ---p 00009000 08:01 35134589                   /usr/lib/x86_64-linux-gnu/libv4l2.so.0.0.0
7f0bfbb40000-7f0bfbb41000 r--p 00008000 08:01 35134589                   /usr/lib/x86_64-linux-gnu/libv4l2.so.0.0.0
7f0bfbb41000-7f0bfbb46000 rw-p 00009000 08:01 35134589                   /usr/lib/x86_64-linux-gnu/libv4l2.so.0.0.0
7f0bfbb46000-7f0bfbb5d000 r-xp 00000000 08:01 3674048                    /lib/x86_64-linux-gnu/libusb-1.0.so.0.1.0
7f0bfbb5d000-7f0bfbd5c000 ---p 00017000 08:01 3674048                    /lib/x86_64-linux-gnu/libusb-1.0.so.0.1.0
7f0bfbd5c000-7f0bfbd5d000 r--p 00016000 08:01 3674048                    /lib/x86_64-linux-gnu/libusb-1.0.so.0.1.0
7f0bfbd5d000-7f0bfbd5e000 rw-p 00017000 08:01 3674048                    /lib/x86_64-linux-gnu/libusb-1.0.so.0.1.0
7f0bfbd5e000-7f0bfbd6b000 r-xp 00000000 08:01 35134569                   /usr/lib/x86_64-linux-gnu/libraw1394.so.11.1.0
7f0bfbd6b000-7f0bfbf6b000 ---p 0000d000 08:01 35134569                   /usr/lib/x86_64-linux-gnu/libraw1394.so.11.1.0
7f0bfbf6b000-7f0bfbf6c000 r--p 0000d000 08:01 35134569                   /usr/lib/x86_64-linux-gnu/libraw1394.so.11.1.0
7f0bfbf6c000-7f0bfbf6d000 rw-p 0000e000 08:01 35134569                   /usr/lib/x86_64-linux-gnu/libraw1394.so.11.1.0
7f0bfbf6d000-7f0bfbf8b000 r-xp 00000000 08:01 35133773                   /usr/lib/x86_64-linux-gnu/libpangox-1.0.so.0.0.0
7f0bfbf8b000-7f0bfc18b000 ---p 0001e000 08:01 35133773                   /usr/lib/x86_64-linux-gnu/libpangox-1.0.so.0.0.0
7f0bfc18b000-7f0bfc18c000 r--p 0001e000 08:01 35133773                   /usr/lib/x86_64-linux-gnu/libpangox-1.0.so.0.0.0
7f0bfc18c000-7f0bfc18d000 rw-p 0001f000 08:01 35133773                   /usr/lib/x86_64-linux-gnu/libpangox-1.0.so.0.0.0
7f0bfc18d000-7f0bfc1a5000 r-xp 00000000 08:01 35134577                   /usr/lib/x86_64-linux-gnu/libXmu.so.6.2.0
7f0bfc1a5000-7f0bfc3a4000 ---p 00018000 08:01 35134577                   /usr/lib/x86_64-linux-gnu/libXmu.so.6.2.0
7f0bfc3a4000-7f0bfc3a5000 r--p 00017000 08:01 35134577                   /usr/lib/x86_64-linux-gnu/libXmu.so.6.2.0
7f0bfc3a5000-7f0bfc3a6000 rw-p 00018000 08:01 35134577                   /usr/lib/x86_64-linux-gnu/libXmu.so.6.2.0
7f0bfc3a6000-7f0bfc413000 r-xp 00000000 08:01 35134573                   /usr/lib/x86_64-linux-gnu/libGLU.so.1.3.1
7f0bfc413000-7f0bfc613000 ---p 0006d000 08:01 35134573                   /usr/lib/x86_64-linux-gnu/libGLU.so.1.3.1
7f0bfc613000-7f0bfc614000 r--p 0006d000 08:01 35134573                   /usr/lib/x86_64-linux-gnu/libGLU.so.1.3.1
7f0bfc614000-7f0bfc615000 rw-p 0006e000 08:01 35134573                   /usr/lib/x86_64-linux-gnu/libGLU.so.1.3.1
7f0bfc615000-7f0bfc683000 r-xp 00000000 08:01 3670600                    /lib/x86_64-linux-gnu/libpcre.so.3.13.2
7f0bfc683000-7f0bfc883000 ---p 0006e000 08:01 3670600                    /lib/x86_64-linux-gnu/libpcre.so.3.13.2
7f0bfc883000-7f0bfc884000 r--p 0006e000 08:01 3670600                    /lib/x86_64-linux-gnu/libpcre.so.3.13.2
7f0bfc884000-7f0bfc885000 rw-p 0006f000 08:01 3670600                    /lib/x86_64-linux-gnu/libpcre.so.3.13.2
7f0bfc885000-7f0bfc88c000 r-xp 00000000 08:01 35129636                   /usr/lib/x86_64-linux-gnu/libffi.so.6.0.4
7f0bfc88c000-7f0bfca8b000 ---p 00007000 08:01 35129636                   /usr/lib/x86_64-linux-gnu/libffi.so.6.0.4
7f0bfca8b000-7f0bfca8c000 r--p 00006000 08:01 35129636                   /usr/lib/x86_64-linux-gnu/libffi.so.6.0.4
7f0bfca8c000-7f0bfca8d000 rw-p 00007000 08:01 35129636                   /usr/lib/x86_64-linux-gnu/libffi.so.6.0.4
7f0bfca8d000-7f0bfca8f000 r-xp 00000000 08:01 35133707                   /usr/lib/x86_64-linux-gnu/libXcomposite.so.1.0.0
7f0bfca8f000-7f0bfcc8e000 ---p 00002000 08:01 35133707                   /usr/lib/x86_64-linux-gnu/libXcomposite.so.1.0.0
7f0bfcc8e000-7f0bfcc8f000 r--p 00001000 08:01 35133707                   /usr/lib/x86_64-linux-gnu/libXcomposite.so.1.0.0
7f0bfcc8f000-7f0bfcc90000 rw-p 00002000 08:01 35133707                   /usr/lib/x86_64-linux-gnu/libXcomposite.so.1.0.0
7f0bfcc90000-7f0bfcc99000 r-xp 00000000 08:01 35133713                   /usr/lib/x86_64-linux-gnu/libXcursor.so.1.0.2
7f0bfcc99000-7f0bfce98000 ---p 00009000 08:01 35133713                   /usr/lib/x86_64-linux-gnu/libXcursor.so.1.0.2
7f0bfce98000-7f0bfce99000 r--p 00008000 08:01 35133713                   /usr/lib/x86_64-linux-gnu/libXcursor.so.1.0.2
7f0bfce99000-7f0bfce9a000 rw-p 00009000 08:01 35133713                   /usr/lib/x86_64-linux-gnu/libXcursor.so.1.0.2
7f0bfce9a000-7f0bfcea4000 r-xp 00000000 08:01 35134314                   /usr/lib/x86_64-linux-gnu/libXrandr.so.2.2.0
7f0bfcea4000-7f0bfd0a3000 ---p 0000a000 08:01 35134314                   /usr/lib/x86_64-linux-gnu/libXrandr.so.2.2.0
7f0bfd0a3000-7f0bfd0a4000 r--p 00009000 08:01 35134314                   /usr/lib/x86_64-linux-gnu/libXrandr.so.2.2.0
7f0bfd0a4000-7f0bfd0a5000 rw-p 0000a000 08:01 35134314                   /usr/lib/x86_64-linux-gnu/libXrandr.so.2.2.0
7f0bfd0a5000-7f0bfd0b4000 r-xp 00000000 08:01 35134312                   /usr/lib/x86_64-linux-gnu/libXi.so.6.1.0
7f0bfd0b4000-7f0bfd2b3000 ---p 0000f000 08:01 35134312                   /usr/lib/x86_64-linux-gnu/libXi.so.6.1.0
7f0bfd2b3000-7f0bfd2b4000 r--p 0000e000 08:01 35134312                   /usr/lib/x86_64-linux-gnu/libXi.so.6.1.0
7f0bfd2b4000-7f0bfd2b5000 rw-p 0000f000 08:01 35134312                   /usr/lib/x86_64-linux-gnu/libXi.so.6.1.0
7f0bfd2b5000-7f0bfd2b7000 r-xp 00000000 08:01 35133719                   /usr/lib/x86_64-linux-gnu/libXinerama.so.1.0.0
7f0bfd2b7000-7f0bfd4b6000 ---p 00002000 08:01 35133719                   /usr/lib/x86_64-linux-gnu/libXinerama.so.1.0.0
7f0bfd4b6000-7f0bfd4b7000 r--p 00001000 08:01 35133719                   /usr/lib/x86_64-linux-gnu/libXinerama.so.1.0.0
7f0bfd4b7000-7f0bfd4b8000 rw-p 00002000 08:01 35133719                   /usr/lib/x86_64-linux-gnu/libXinerama.so.1.0.0
7f0bfd4b8000-7f0bfd4c1000 r-xp 00000000 08:01 35133711                   /usr/lib/x86_64-linux-gnu/libXrender.so.1.3.0
7f0bfd4c1000-7f0bfd6c0000 ---p 00009000 08:01 35133711                   /usr/lib/x86_64-linux-gnu/libXrender.so.1.3.0
7f0bfd6c0000-7f0bfd6c1000 r--p 00008000 08:01 35133711                   /usr/lib/x86_64-linux-gnu/libXrender.so.1.3.0
7f0bfd6c1000-7f0bfd6c2000 rw-p 00009000 08:01 35133711                   /usr/lib/x86_64-linux-gnu/libXrender.so.1.3.0
7f0bfd6c2000-7f0bfd6ff000 r-xp 00000000 08:01 35129633                   /usr/lib/x86_64-linux-gnu/libfontconfig.so.1.9.0
7f0bfd6ff000-7f0bfd8fe000 ---p 0003d000 08:01 35129633                   /usr/lib/x86_64-linux-gnu/libfontconfig.so.1.9.0
7f0bfd8fe000-7f0bfd900000 r--p 0003c000 08:01 35129633                   /usr/lib/x86_64-linux-gnu/libfontconfig.so.1.9.0
7f0bfd900000-7f0bfd905000 rw-p 0003e000 08:01 35129633                   /usr/lib/x86_64-linux-gnu/libfontconfig.so.1.9.0
7f0bfd905000-7f0bfd94e000 r-xp 00000000 08:01 35133771                   /usr/lib/x86_64-linux-gnu/libpango-1.0.so.0.3800.1
7f0bfd94e000-7f0bfdb4e000 ---p 00049000 08:01 35133771                   /usr/lib/x86_64-linux-gnu/libpango-1.0.so.0.3800.1
7f0bfdb4e000-7f0bfdb50000 r--p 00049000 08:01 35133771                   /usr/lib/x86_64-linux-gnu/libpango-1.0.so.0.3800.1
7f0bfdb50000-7f0bfdb51000 rw-p 0004b000 08:01 35133771                   /usr/lib/x86_64-linux-gnu/libpango-1.0.so.0.3800.1
7f0bfdb51000-7f0bfdb65000 r-xp 00000000 08:01 35134301                   /usr/lib/x86_64-linux-gnu/libpangoft2-1.0.so.0.3800.1
7f0bfdb65000-7f0bfdd65000 ---p 00014000 08:01 35134301                   /usr/lib/x86_64-linux-gnu/libpangoft2-1.0.so.0.3800.1
7f0bfdd65000-7f0bfdd66000 r--p 00014000 08:01 35134301                   /usr/lib/x86_64-linux-gnu/libpangoft2-1.0.so.0.3800.1
7f0bfdd66000-7f0bfdd67000 rw-p 00015000 08:01 35134301                   /usr/lib/x86_64-linux-gnu/libpangoft2-1.0.so.0.3800.1
7f0bfdd67000-7f0bfdee7000 r-xp 00000000 08:01 35132255                   /usr/lib/x86_64-linux-gnu/libgio-2.0.so.0.4800.0
7f0bfdee7000-7f0bfe0e7000 ---p 00180000 08:01 35132255                   /usr/lib/x86_64-linux-gnu/libgio-2.0.so.0.4800.0
7f0bfe0e7000-7f0bfe0eb000 r--p 00180000 08:01 35132255                   /usr/lib/x86_64-linux-gnu/libgio-2.0.so.0.4800.0
7f0bfe0eb000-7f0bfe0ed000 rw-p 00184000 08:01 35132255                   /usr/lib/x86_64-linux-gnu/libgio-2.0.so.0.4800.0
7f0bfe0ed000-7f0bfe0ef000 rw-p 00000000 00:00 0 
7f0bfe0ef000-7f0bfe110000 r-xp 00000000 08:01 35134285                   /usr/lib/x86_64-linux-gnu/libgdk_pixbuf-2.0.so.0.3200.2
7f0bfe110000-7f0bfe30f000 ---p 00021000 08:01 35134285                   /usr/lib/x86_64-linux-gnu/libgdk_pixbuf-2.0.so.0.3200.2
7f0bfe30f000-7f0bfe310000 r--p 00020000 08:01 35134285                   /usr/lib/x86_64-linux-gnu/libgdk_pixbuf-2.0.so.0.3200.2
7f0bfe310000-7f0bfe311000 rw-p 00021000 08:01 35134285                   /usr/lib/x86_64-linux-gnu/libgdk_pixbuf-2.0.so.0.3200.2
7f0bfe311000-7f0bfe41f000 r-xp 00000000 08:01 35134294                   /usr/lib/x86_64-linux-gnu/libcairo.so.2.11400.6
7f0bfe41f000-7f0bfe61f000 ---p 0010e000 08:01 35134294                   /usr/lib/x86_64-linux-gnu/libcairo.so.2.11400.6
7f0bfe61f000-7f0bfe622000 r--p 0010e000 08:01 35134294                   /usr/lib/x86_64-linux-gnu/libcairo.so.2.11400.6
7f0bfe622000-7f0bfe623000 rw-p 00111000 08:01 35134294                   /usr/lib/x86_64-linux-gnu/libcairo.so.2.11400.6
7f0bfe623000-7f0bfe625000 rw-p 00000000 00:00 0 
7f0bfe625000-7f0bfe647000 r-xp 00000000 08:01 35134280                   /usr/lib/x86_64-linux-gnu/libatk-1.0.so.0.21809.1
7f0bfe647000-7f0bfe846000 ---p 00022000 08:01 35134280                   /usr/lib/x86_64-linux-gnu/libatk-1.0.so.0.21809.1
7f0bfe846000-7f0bfe849000 r--p 00021000 08:01 35134280                   /usr/lib/x86_64-linux-gnu/libatk-1.0.so.0.21809.1
7f0bfe849000-7f0bfe84a000 rw-p 00024000 08:01 35134280                   /usr/lib/x86_64-linux-gnu/libatk-1.0.so.0.21809.1
7f0bfe84a000-7f0bfe856000 r-xp 00000000 08:01 35134303                   /usr/lib/x86_64-linux-gnu/libpangocairo-1.0.so.0.3800.1
7f0bfe856000-7f0bfea55000 ---p 0000c000 08:01 35134303                   /usr/lib/x86_64-linux-gnu/libpangocairo-1.0.so.0.3800.1
7f0bfea55000-7f0bfea56000 r--p 0000b000 08:01 35134303                   /usr/lib/x86_64-linux-gnu/libpangocairo-1.0.so.0.3800.1
7f0bfea56000-7f0bfea57000 rw-p 0000c000 08:01 35134303                   /usr/lib/x86_64-linux-gnu/libpangocairo-1.0.so.0.3800.1
7f0bfea57000-7f0bfea5a000 r-xp 00000000 08:01 35132257                   /usr/lib/x86_64-linux-gnu/libgmodule-2.0.so.0.4800.0
7f0bfea5a000-7f0bfec59000 ---p 00003000 08:01 35132257                   /usr/lib/x86_64-linux-gnu/libgmodule-2.0.so.0.4800.0
7f0bfec59000-7f0bfec5a000 r--p 00002000 08:01 35132257                   /usr/lib/x86_64-linux-gnu/libgmodule-2.0.so.0.4800.0
7f0bfec5a000-7f0bfec5b000 rw-p 00003000 08:01 35132257                   /usr/lib/x86_64-linux-gnu/libgmodule-2.0.so.0.4800.0
7f0bfec5b000-7f0bfec60000 r-xp 00000000 08:01 35133676                   /usr/lib/x86_64-linux-gnu/libIlmThread-2_2.so.12.0.0
7f0bfec60000-7f0bfee60000 ---p 00005000 08:01 35133676                   /usr/lib/x86_64-linux-gnu/libIlmThread-2_2.so.12.0.0
7f0bfee60000-7f0bfee61000 r--p 00005000 08:01 35133676                   /usr/lib/x86_64-linux-gnu/libIlmThread-2_2.so.12.0.0
7f0bfee61000-7f0bfee62000 rw-p 00006000 08:01 35133676                   /usr/lib/x86_64-linux-gnu/libIlmThread-2_2.so.12.0.0
7f0bfee62000-7f0bfee7d000 r-xp 00000000 08:01 35133675                   /usr/lib/x86_64-linux-gnu/libIex-2_2.so.12.0.0
7f0bfee7d000-7f0bff07c000 ---p 0001b000 08:01 35133675                   /usr/lib/x86_64-linux-gnu/libIex-2_2.so.12.0.0
7f0bff07c000-7f0bff07f000 r--p 0001a000 08:01 35133675                   /usr/lib/x86_64-linux-gnu/libIex-2_2.so.12.0.0
7f0bff07f000-7f0bff080000 rw-p 0001d000 08:01 35133675                   /usr/lib/x86_64-linux-gnu/libIex-2_2.so.12.0.0
7f0bff080000-7f0bff08b000 r-xp 00000000 08:01 35133762                   /usr/lib/x86_64-linux-gnu/libjbig.so.0
7f0bff08b000-7f0bff28a000 ---p 0000b000 08:01 35133762                   /usr/lib/x86_64-linux-gnu/libjbig.so.0
7f0bff28a000-7f0bff28b000 r--p 0000a000 08:01 35133762                   /usr/lib/x86_64-linux-gnu/libjbig.so.0
7f0bff28b000-7f0bff28e000 rw-p 0000b000 08:01 35133762                   /usr/lib/x86_64-linux-gnu/libjbig.so.0
7f0bff28e000-7f0bff2af000 r-xp 00000000 08:01 3670560                    /lib/x86_64-linux-gnu/liblzma.so.5.0.0
7f0bff2af000-7f0bff4ae000 ---p 00021000 08:01 3670560                    /lib/x86_64-linux-gnu/liblzma.so.5.0.0
7f0bff4ae000-7f0bff4af000 r--p 00020000 08:01 3670560                    /lib/x86_64-linux-gnu/liblzma.so.5.0.0
7f0bff4af000-7f0bff4b0000 rw-p 00021000 08:01 3670560                    /lib/x86_64-linux-gnu/liblzma.so.5.0.0
7f0bff4b0000-7f0bff4be000 r-xp 00000000 08:01 35133043                   /usr/lib/x86_64-linux-gnu/libdrm.so.2.4.0
7f0bff4be000-7f0bff6bd000 ---p 0000e000 08:01 35133043                   /usr/lib/x86_64-linux-gnu/libdrm.so.2.4.0
7f0bff6bd000-7f0bff6be000 r--p 0000d000 08:01 35133043                   /usr/lib/x86_64-linux-gnu/libdrm.so.2.4.0
7f0bff6be000-7f0bff6bf000 rw-p 0000e000 08:01 35133043                   /usr/lib/x86_64-linux-gnu/libdrm.so.2.4.0
7f0bff6bf000-7f0bff6c4000 r-xp 00000000 08:01 35133723                   /usr/lib/x86_64-linux-gnu/libXxf86vm.so.1.0.0
7f0bff6c4000-7f0bff8c3000 ---p 00005000 08:01 35133723                   /usr/lib/x86_64-linux-gnu/libXxf86vm.so.1.0.0
7f0bff8c3000-7f0bff8c4000 r--p 00004000 08:01 35133723                   /usr/lib/x86_64-linux-gnu/libXxf86vm.so.1.0.0
7f0bff8c4000-7f0bff8c5000 rw-p 00005000 08:01 35133723                   /usr/lib/x86_64-linux-gnu/libXxf86vm.so.1.0.0
7f0bff8c5000-7f0bff8e6000 r-xp 00000000 08:01 35132893                   /usr/lib/x86_64-linux-gnu/libxcb.so.1.1.0
7f0bff8e6000-7f0bffae5000 ---p 00021000 08:01 35132893                   /usr/lib/x86_64-linux-gnu/libxcb.so.1.1.0
7f0bffae5000-7f0bffae6000 r--p 00020000 08:01 35132893                   /usr/lib/x86_64-linux-gnu/libxcb.so.1.1.0
7f0bffae6000-7f0bffae7000 rw-p 00021000 08:01 35132893                   /usr/lib/x86_64-linux-gnu/libxcb.so.1.1.0
7f0bffae7000-7f0bffaeb000 r-xp 00000000 08:01 35134524                   /usr/lib/x86_64-linux-gnu/libxcb-dri2.so.0.0.0
7f0bffaeb000-7f0bffcea000 ---p 00004000 08:01 35134524                   /usr/lib/x86_64-linux-gnu/libxcb-dri2.so.0.0.0
7f0bffcea000-7f0bffceb000 r--p 00003000 08:01 35134524                   /usr/lib/x86_64-linux-gnu/libxcb-dri2.so.0.0.0
7f0bffceb000-7f0bffcec000 rw-p 00004000 08:01 35134524                   /usr/lib/x86_64-linux-gnu/libxcb-dri2.so.0.0.0
7f0bffcec000-7f0bffd03000 r-xp 00000000 08:01 35134528                   /usr/lib/x86_64-linux-gnu/libxcb-glx.so.0.0.0
7f0bffd03000-7f0bfff02000 ---p 00017000 08:01 35134528                   /usr/lib/x86_64-linux-gnu/libxcb-glx.so.0.0.0
7f0bfff02000-7f0bfff04000 r--p 00016000 08:01 35134528                   /usr/lib/x86_64-linux-gnu/libxcb-glx.so.0.0.0
7f0bfff04000-7f0bfff05000 rw-p 00018000 08:01 35134528                   /usr/lib/x86_64-linux-gnu/libxcb-glx.so.0.0.0
7f0bfff05000-7f0c0003a000 r-xp 00000000 08:01 35132896                   /usr/lib/x86_64-linux-gnu/libX11.so.6.3.0
7f0c0003a000-7f0c0023a000 ---p 00135000 08:01 35132896                   /usr/lib/x86_64-linux-gnu/libX11.so.6.3.0
7f0c0023a000-7f0c0023b000 r--p 00135000 08:01 35132896                   /usr/lib/x86_64-linux-gnu/libX11.so.6.3.0
7f0c0023b000-7f0c0023f000 rw-p 00136000 08:01 35132896                   /usr/lib/x86_64-linux-gnu/libX11.so.6.3.0
7f0c0023f000-7f0c00240000 r-xp 00000000 08:01 35134522                   /usr/lib/x86_64-linux-gnu/libX11-xcb.so.1.0.0
7f0c00240000-7f0c0043f000 ---p 00001000 08:01 35134522                   /usr/lib/x86_64-linux-gnu/libX11-xcb.so.1.0.0
7f0c0043f000-7f0c00440000 r--p 00000000 08:01 35134522                   /usr/lib/x86_64-linux-gnu/libX11-xcb.so.1.0.0
7f0c00440000-7f0c00441000 rw-p 00001000 08:01 35134522                   /usr/lib/x86_64-linux-gnu/libX11-xcb.so.1.0.0
7f0c00441000-7f0c00446000 r-xp 00000000 08:01 35133709                   /usr/lib/x86_64-linux-gnu/libXfixes.so.3.1.0
7f0c00446000-7f0c00645000 ---p 00005000 08:01 35133709                   /usr/lib/x86_64-linux-gnu/libXfixes.so.3.1.0
7f0c00645000-7f0c00646000 r--p 00004000 08:01 35133709                   /usr/lib/x86_64-linux-gnu/libXfixes.so.3.1.0
7f0c00646000-7f0c00647000 rw-p 00005000 08:01 35133709                   /usr/lib/x86_64-linux-gnu/libXfixes.so.3.1.0
7f0c00647000-7f0c00649000 r-xp 00000000 08:01 35133715                   /usr/lib/x86_64-linux-gnu/libXdamage.so.1.1.0
7f0c00649000-7f0c00848000 ---p 00002000 08:01 35133715                   /usr/lib/x86_64-linux-gnu/libXdamage.so.1.1.0
7f0c00848000-7f0c00849000 r--p 00001000 08:01 35133715                   /usr/lib/x86_64-linux-gnu/libXdamage.so.1.1.0
7f0c00849000-7f0c0084a000 rw-p 00002000 08:01 35133715                   /usr/lib/x86_64-linux-gnu/libXdamage.so.1.1.0
7f0c0084a000-7f0c0085b000 r-xp 00000000 08:01 35132898                   /usr/lib/x86_64-linux-gnu/libXext.so.6.4.0
7f0c0085b000-7f0c00a5a000 ---p 00011000 08:01 35132898                   /usr/lib/x86_64-linux-gnu/libXext.so.6.4.0
7f0c00a5a000-7f0c00a5b000 r--p 00010000 08:01 35132898                   /usr/lib/x86_64-linux-gnu/libXext.so.6.4.0
7f0c00a5b000-7f0c00a5c000 rw-p 00011000 08:01 35132898                   /usr/lib/x86_64-linux-gnu/libXext.so.6.4.0
7f0c00a5c000-7f0c00a85000 r-xp 00000000 08:01 35134520                   /usr/lib/x86_64-linux-gnu/libglapi.so.0.0.0
7f0c00a85000-7f0c00c84000 ---p 00029000 08:01 35134520                   /usr/lib/x86_64-linux-gnu/libglapi.so.0.0.0
7f0c00c84000-7f0c00c88000 r--p 00028000 08:01 35134520                   /usr/lib/x86_64-linux-gnu/libglapi.so.0.0.0
7f0c00c88000-7f0c00c89000 rw-p 0002c000 08:01 35134520                   /usr/lib/x86_64-linux-gnu/libglapi.so.0.0.0
7f0c00c89000-7f0c00c8a000 rw-p 00000000 00:00 0 
7f0c00c8a000-7f0c00c8b000 r-xp 00000000 08:01 35133721                   /usr/lib/x86_64-linux-gnu/libxshmfence.so.1.0.0
7f0c00c8b000-7f0c00e8b000 ---p 00001000 08:01 35133721                   /usr/lib/x86_64-linux-gnu/libxshmfence.so.1.0.0
7f0c00e8b000-7f0c00e8c000 r--p 00001000 08:01 35133721                   /usr/lib/x86_64-linux-gnu/libxshmfence.so.1.0.0
7f0c00e8c000-7f0c00e8d000 rw-p 00002000 08:01 35133721                   /usr/lib/x86_64-linux-gnu/libxshmfence.so.1.0.0
7f0c00e8d000-7f0c00e92000 r-xp 00000000 08:01 35134532                   /usr/lib/x86_64-linux-gnu/libxcb-sync.so.1.0.0
7f0c00e92000-7f0c01092000 ---p 00005000 08:01 35134532                   /usr/lib/x86_64-linux-gnu/libxcb-sync.so.1.0.0
7f0c01092000-7f0c01093000 r--p 00005000 08:01 35134532                   /usr/lib/x86_64-linux-gnu/libxcb-sync.so.1.0.0
7f0c01093000-7f0c01094000 rw-p 00006000 08:01 35134532                   /usr/lib/x86_64-linux-gnu/libxcb-sync.so.1.0.0
7f0c01094000-7f0c01096000 r-xp 00000000 08:01 35134530                   /usr/lib/x86_64-linux-gnu/libxcb-present.so.0.0.0
7f0c01096000-7f0c01295000 ---p 00002000 08:01 35134530                   /usr/lib/x86_64-linux-gnu/libxcb-present.so.0.0.0
7f0c01295000-7f0c01296000 r--p 00001000 08:01 35134530                   /usr/lib/x86_64-linux-gnu/libxcb-present.so.0.0.0
7f0c01296000-7f0c01297000 rw-p 00002000 08:01 35134530                   /usr/lib/x86_64-linux-gnu/libxcb-present.so.0.0.0
7f0c01297000-7f0c01299000 r-xp 00000000 08:01 35134526                   /usr/lib/x86_64-linux-gnu/libxcb-dri3.so.0.0.0
7f0c01299000-7f0c01498000 ---p 00002000 08:01 35134526                   /usr/lib/x86_64-linux-gnu/libxcb-dri3.so.0.0.0
7f0c01498000-7f0c01499000 r--p 00001000 08:01 35134526                   /usr/lib/x86_64-linux-gnu/libxcb-dri3.so.0.0.0
7f0c01499000-7f0c0149a000 rw-p 00002000 08:01 35134526                   /usr/lib/x86_64-linux-gnu/libxcb-dri3.so.0.0.0
7f0c0149a000-7f0c014c0000 r-xp 00000000 08:01 3674279                    /lib/x86_64-linux-gnu/libexpat.so.1.6.0
7f0c014c0000-7f0c016c0000 ---p 00026000 08:01 3674279                    /lib/x86_64-linux-gnu/libexpat.so.1.6.0
7f0c016c0000-7f0c016c2000 r--p 00026000 08:01 3674279                    /lib/x86_64-linux-gnu/libexpat.so.1.6.0
7f0c016c2000-7f0c016c3000 rw-p 00028000 08:01 3674279                    /lib/x86_64-linux-gnu/libexpat.so.1.6.0
7f0c016c3000-7f0c016c6000 r-xp 00000000 08:01 3670534                    /lib/x86_64-linux-gnu/libdl-2.23.so
7f0c016c6000-7f0c018c5000 ---p 00003000 08:01 3670534                    /lib/x86_64-linux-gnu/libdl-2.23.so
7f0c018c5000-7f0c018c6000 r--p 00002000 08:01 3670534                    /lib/x86_64-linux-gnu/libdl-2.23.so
7f0c018c6000-7f0c018c7000 rw-p 00003000 08:01 3670534                    /lib/x86_64-linux-gnu/libdl-2.23.so
7f0c018c7000-7f0c018ce000 r-xp 00000000 08:01 3670613                    /lib/x86_64-linux-gnu/librt-2.23.so
7f0c018ce000-7f0c01acd000 ---p 00007000 08:01 3670613                    /lib/x86_64-linux-gnu/librt-2.23.so
7f0c01acd000-7f0c01ace000 r--p 00006000 08:01 3670613                    /lib/x86_64-linux-gnu/librt-2.23.so
7f0c01ace000-7f0c01acf000 rw-p 00007000 08:01 3670613                    /lib/x86_64-linux-gnu/librt-2.23.so
7f0c01acf000-7f0c01ae8000 r-xp 00000000 08:01 3670643                    /lib/x86_64-linux-gnu/libz.so.1.2.8
7f0c01ae8000-7f0c01ce7000 ---p 00019000 08:01 3670643                    /lib/x86_64-linux-gnu/libz.so.1.2.8
7f0c01ce7000-7f0c01ce8000 r--p 00018000 08:01 3670643                    /lib/x86_64-linux-gnu/libz.so.1.2.8
7f0c01ce8000-7f0c01ce9000 rw-p 00019000 08:01 3670643                    /lib/x86_64-linux-gnu/libz.so.1.2.8
7f0c01ce9000-7f0c01d20000 r-xp 00000000 08:01 35134548                   /usr/lib/x86_64-linux-gnu/libtbb.so.2
7f0c01d20000-7f0c01f20000 ---p 00037000 08:01 35134548                   /usr/lib/x86_64-linux-gnu/libtbb.so.2
7f0c01f20000-7f0c01f21000 r--p 00037000 08:01 35134548                   /usr/lib/x86_64-linux-gnu/libtbb.so.2
7f0c01f21000-7f0c01f23000 rw-p 00038000 08:01 35134548                   /usr/lib/x86_64-linux-gnu/libtbb.so.2
7f0c01f23000-7f0c01f26000 rw-p 00000000 00:00 0 
7f0c01f26000-7f0c01fab000 r-xp 00000000 08:01 35134585                   /usr/lib/x86_64-linux-gnu/libswscale-ffmpeg.so.3.1.101
7f0c01fab000-7f0c021aa000 ---p 00085000 08:01 35134585                   /usr/lib/x86_64-linux-gnu/libswscale-ffmpeg.so.3.1.101
7f0c021aa000-7f0c021ac000 r--p 00084000 08:01 35134585                   /usr/lib/x86_64-linux-gnu/libswscale-ffmpeg.so.3.1.101
7f0c021ac000-7f0c021ad000 rw-p 00086000 08:01 35134585                   /usr/lib/x86_64-linux-gnu/libswscale-ffmpeg.so.3.1.101
7f0c021ad000-7f0c021b5000 rw-p 00000000 00:00 0 
7f0c021b5000-7f0c0220a000 r-xp 00000000 08:01 35134383                   /usr/lib/x86_64-linux-gnu/libavutil-ffmpeg.so.54.31.100
7f0c0220a000-7f0c0240a000 ---p 00055000 08:01 35134383                   /usr/lib/x86_64-linux-gnu/libavutil-ffmpeg.so.54.31.100
7f0c0240a000-7f0c02410000 r--p 00055000 08:01 35134383                   /usr/lib/x86_64-linux-gnu/libavutil-ffmpeg.so.54.31.100
7f0c02410000-7f0c02411000 rw-p 0005b000 08:01 35134383                   /usr/lib/x86_64-linux-gnu/libavutil-ffmpeg.so.54.31.100
7f0c02411000-7f0c02424000 rw-p 00000000 00:00 0 
7f0c02424000-7f0c025f8000 r-xp 00000000 08:01 35134456                   /usr/lib/x86_64-linux-gnu/libavformat-ffmpeg.so.56.40.101
7f0c025f8000-7f0c027f8000 ---p 001d4000 08:01 35134456                   /usr/lib/x86_64-linux-gnu/libavformat-ffmpeg.so.56.40.101
7f0c027f8000-7f0c0280c000 r--p 001d4000 08:01 35134456                   /usr/lib/x86_64-linux-gnu/libavformat-ffmpeg.so.56.40.101
7f0c0280c000-7f0c02821000 rw-p 001e8000 08:01 35134456                   /usr/lib/x86_64-linux-gnu/libavformat-ffmpeg.so.56.40.101
7f0c02821000-7f0c0334b000 r-xp 00000000 08:01 35134432                   /usr/lib/x86_64-linux-gnu/libavcodec-ffmpeg.so.56.60.100
7f0c0334b000-7f0c0354a000 ---p 00b2a000 08:01 35134432                   /usr/lib/x86_64-linux-gnu/libavcodec-ffmpeg.so.56.60.100
7f0c0354a000-7f0c03575000 r--p 00b29000 08:01 35134432                   /usr/lib/x86_64-linux-gnu/libavcodec-ffmpeg.so.56.60.100
7f0c03575000-7f0c03598000 rw-p 00b54000 08:01 35134432                   /usr/lib/x86_64-linux-gnu/libavcodec-ffmpeg.so.56.60.100
7f0c03598000-7f0c03c4b000 rw-p 00000000 00:00 0 
7f0c03c4b000-7f0c03c50000 r-xp 00000000 08:01 35134590                   /usr/lib/x86_64-linux-gnu/libv4l1.so.0.0.0
7f0c03c50000-7f0c03e4f000 ---p 00005000 08:01 35134590                   /usr/lib/x86_64-linux-gnu/libv4l1.so.0.0.0
7f0c03e4f000-7f0c03e50000 r--p 00004000 08:01 35134590                   /usr/lib/x86_64-linux-gnu/libv4l1.so.0.0.0
7f0c03e50000-7f0c03e51000 rw-p 00005000 08:01 35134590                   /usr/lib/x86_64-linux-gnu/libv4l1.so.0.0.0
7f0c03e51000-7f0c03e86000 r-xp 00000000 08:01 35134571                   /usr/lib/x86_64-linux-gnu/libdc1394.so.22.1.11
7f0c03e86000-7f0c04085000 ---p 00035000 08:01 35134571                   /usr/lib/x86_64-linux-gnu/libdc1394.so.22.1.11
7f0c04085000-7f0c04086000 r--p 00034000 08:01 35134571                   /usr/lib/x86_64-linux-gnu/libdc1394.so.22.1.11
7f0c04086000-7f0c04087000 rw-p 00035000 08:01 35134571                   /usr/lib/x86_64-linux-gnu/libdc1394.so.22.1.11
7f0c04087000-7f0c040c7000 rw-p 00000000 00:00 0 
7f0c040c7000-7f0c04124000 r-xp 00000000 08:01 35134579                   /usr/lib/x86_64-linux-gnu/libgdkglext-x11-1.0.so.0.0.0
7f0c04124000-7f0c04323000 ---p 0005d000 08:01 35134579                   /usr/lib/x86_64-linux-gnu/libgdkglext-x11-1.0.so.0.0.0
7f0c04323000-7f0c04325000 r--p 0005c000 08:01 35134579                   /usr/lib/x86_64-linux-gnu/libgdkglext-x11-1.0.so.0.0.0
7f0c04325000-7f0c0432b000 rw-p 0005e000 08:01 35134579                   /usr/lib/x86_64-linux-gnu/libgdkglext-x11-1.0.so.0.0.0
7f0c0432b000-7f0c0432e000 r-xp 00000000 08:01 35134580                   /usr/lib/x86_64-linux-gnu/libgtkglext-x11-1.0.so.0.0.0
7f0c0432e000-7f0c0452d000 ---p 00003000 08:01 35134580                   /usr/lib/x86_64-linux-gnu/libgtkglext-x11-1.0.so.0.0.0
7f0c0452d000-7f0c0452e000 r--p 00002000 08:01 35134580                   /usr/lib/x86_64-linux-gnu/libgtkglext-x11-1.0.so.0.0.0
7f0c0452e000-7f0c0452f000 rw-p 00003000 08:01 35134580                   /usr/lib/x86_64-linux-gnu/libgtkglext-x11-1.0.so.0.0.0
7f0c0452f000-7f0c0463d000 r-xp 00000000 08:01 3674052                    /lib/x86_64-linux-gnu/libglib-2.0.so.0.4800.0
7f0c0463d000-7f0c0483d000 ---p 0010e000 08:01 3674052                    /lib/x86_64-linux-gnu/libglib-2.0.so.0.4800.0
7f0c0483d000-7f0c0483e000 r--p 0010e000 08:01 3674052                    /lib/x86_64-linux-gnu/libglib-2.0.so.0.4800.0
7f0c0483e000-7f0c0483f000 rw-p 0010f000 08:01 3674052                    /lib/x86_64-linux-gnu/libglib-2.0.so.0.4800.0
7f0c0483f000-7f0c04840000 rw-p 00000000 00:00 0 
7f0c04840000-7f0c04892000 r-xp 00000000 08:01 35132254                   /usr/lib/x86_64-linux-gnu/libgobject-2.0.so.0.4800.0
7f0c04892000-7f0c04a91000 ---p 00052000 08:01 35132254                   /usr/lib/x86_64-linux-gnu/libgobject-2.0.so.0.4800.0
7f0c04a91000-7f0c04a92000 r--p 00051000 08:01 35132254                   /usr/lib/x86_64-linux-gnu/libgobject-2.0.so.0.4800.0
7f0c04a92000-7f0c04a93000 rw-p 00052000 08:01 35132254                   /usr/lib/x86_64-linux-gnu/libgobject-2.0.so.0.4800.0
7f0c04a93000-7f0c04b43000 r-xp 00000000 08:01 35134316                   /usr/lib/x86_64-linux-gnu/libgdk-x11-2.0.so.0.2400.30
7f0c04b43000-7f0c04d42000 ---p 000b0000 08:01 35134316                   /usr/lib/x86_64-linux-gnu/libgdk-x11-2.0.so.0.2400.30
7f0c04d42000-7f0c04d46000 r--p 000af000 08:01 35134316                   /usr/lib/x86_64-linux-gnu/libgdk-x11-2.0.so.0.2400.30
7f0c04d46000-7f0c04d48000 rw-p 000b3000 08:01 35134316                   /usr/lib/x86_64-linux-gnu/libgdk-x11-2.0.so.0.2400.30
7f0c04d48000-7f0c05186000 r-xp 00000000 08:01 35134317                   /usr/lib/x86_64-linux-gnu/libgtk-x11-2.0.so.0.2400.30
7f0c05186000-7f0c05385000 ---p 0043e000 08:01 35134317                   /usr/lib/x86_64-linux-gnu/libgtk-x11-2.0.so.0.2400.30
7f0c05385000-7f0c0538c000 r--p 0043d000 08:01 35134317                   /usr/lib/x86_64-linux-gnu/libgtk-x11-2.0.so.0.2400.30
7f0c0538c000-7f0c05390000 rw-p 00444000 08:01 35134317                   /usr/lib/x86_64-linux-gnu/libgtk-x11-2.0.so.0.2400.30
7f0c05390000-7f0c05393000 rw-p 00000000 00:00 0 
7f0c05393000-7f0c053d5000 r-xp 00000000 08:01 35133674                   /usr/lib/x86_64-linux-gnu/libHalf.so.12.0.0
7f0c053d5000-7f0c055d4000 ---p 00042000 08:01 35133674                   /usr/lib/x86_64-linux-gnu/libHalf.so.12.0.0
7f0c055d4000-7f0c055d5000 r--p 00041000 08:01 35133674                   /usr/lib/x86_64-linux-gnu/libHalf.so.12.0.0
7f0c055d5000-7f0c055d6000 rw-p 00042000 08:01 35133674                   /usr/lib/x86_64-linux-gnu/libHalf.so.12.0.0
7f0c055d6000-7f0c057a0000 r-xp 00000000 08:01 35133687                   /usr/lib/x86_64-linux-gnu/libIlmImf-2_2.so.22.0.0
7f0c057a0000-7f0c0599f000 ---p 001ca000 08:01 35133687                   /usr/lib/x86_64-linux-gnu/libIlmImf-2_2.so.22.0.0
7f0c0599f000-7f0c059a2000 r--p 001c9000 08:01 35133687                   /usr/lib/x86_64-linux-gnu/libIlmImf-2_2.so.22.0.0
7f0c059a2000-7f0c05aa3000 rw-p 001cc000 08:01 35133687                   /usr/lib/x86_64-linux-gnu/libIlmImf-2_2.so.22.0.0
7f0c05aa3000-7f0c05aa4000 rw-p 00000000 00:00 0 
7f0c05aa4000-7f0c05af0000 r-xp 00000000 08:01 35134583                   /usr/lib/x86_64-linux-gnu/libjasper.so.1.0.0
7f0c05af0000-7f0c05cef000 ---p 0004c000 08:01 35134583                   /usr/lib/x86_64-linux-gnu/libjasper.so.1.0.0
7f0c05cef000-7f0c05cf0000 r--p 0004b000 08:01 35134583                   /usr/lib/x86_64-linux-gnu/libjasper.so.1.0.0
7f0c05cf0000-7f0c05cf4000 rw-p 0004c000 08:01 35134583                   /usr/lib/x86_64-linux-gnu/libjasper.so.1.0.0
7f0c05cf4000-7f0c05cfb000 rw-p 00000000 00:00 0 
7f0c05cfb000-7f0c05d6a000 r-xp 00000000 08:01 35134282                   /usr/lib/x86_64-linux-gnu/libtiff.so.5.2.4
7f0c05d6a000-7f0c05f6a000 ---p 0006f000 08:01 35134282                   /usr/lib/x86_64-linux-gnu/libtiff.so.5.2.4
7f0c05f6a000-7f0c05f6b000 r--p 0006f000 08:01 35134282                   /usr/lib/x86_64-linux-gnu/libtiff.so.5.2.4
7f0c05f6b000-7f0c05f6e000 rw-p 00070000 08:01 35134282                   /usr/lib/x86_64-linux-gnu/libtiff.so.5.2.4
7f0c05f6e000-7f0c05f92000 r-xp 00000000 08:01 3670602                    /lib/x86_64-linux-gnu/libpng12.so.0.54.0
7f0c05f92000-7f0c06191000 ---p 00024000 08:01 3670602                    /lib/x86_64-linux-gnu/libpng12.so.0.54.0
7f0c06191000-7f0c06192000 r--p 00023000 08:01 3670602                    /lib/x86_64-linux-gnu/libpng12.so.0.54.0
7f0c06192000-7f0c06193000 rw-p 00024000 08:01 3670602                    /lib/x86_64-linux-gnu/libpng12.so.0.54.0
7f0c06193000-7f0c061ea000 r-xp 00000000 08:01 35133668                   /usr/lib/x86_64-linux-gnu/libjpeg.so.8.0.2
7f0c061ea000-7f0c063ea000 ---p 00057000 08:01 35133668                   /usr/lib/x86_64-linux-gnu/libjpeg.so.8.0.2
7f0c063ea000-7f0c063eb000 r--p 00057000 08:01 35133668                   /usr/lib/x86_64-linux-gnu/libjpeg.so.8.0.2
7f0c063eb000-7f0c063ec000 rw-p 00058000 08:01 35133668                   /usr/lib/x86_64-linux-gnu/libjpeg.so.8.0.2
7f0c063ec000-7f0c06459000 r-xp 00000000 08:01 37225348                   /usr/lib/x86_64-linux-gnu/mesa/libGL.so.1.2.0
7f0c06459000-7f0c06658000 ---p 0006d000 08:01 37225348                   /usr/lib/x86_64-linux-gnu/mesa/libGL.so.1.2.0
7f0c06658000-7f0c0665b000 r--p 0006c000 08:01 37225348                   /usr/lib/x86_64-linux-gnu/mesa/libGL.so.1.2.0
7f0c0665b000-7f0c0665c000 rw-p 0006f000 08:01 37225348                   /usr/lib/x86_64-linux-gnu/mesa/libGL.so.1.2.0
7f0c0665c000-7f0c0665d000 rw-p 00000000 00:00 0 
7f0c0665d000-7f0c0667e000 r-xp 00000000 08:01 35133993                   /usr/lib/x86_64-linux-gnu/libgomp.so.1.0.0
7f0c0667e000-7f0c0687d000 ---p 00021000 08:01 35133993                   /usr/lib/x86_64-linux-gnu/libgomp.so.1.0.0
7f0c0687d000-7f0c0687e000 r--p 00020000 08:01 35133993                   /usr/lib/x86_64-linux-gnu/libgomp.so.1.0.0
7f0c0687e000-7f0c0687f000 rw-p 00021000 08:01 35133993                   /usr/lib/x86_64-linux-gnu/libgomp.so.1.0.0
7f0c0687f000-7f0c06987000 r-xp 00000000 08:01 3670561                    /lib/x86_64-linux-gnu/libm-2.23.so
7f0c06987000-7f0c06b86000 ---p 00108000 08:01 3670561                    /lib/x86_64-linux-gnu/libm-2.23.so
7f0c06b86000-7f0c06b87000 r--p 00107000 08:01 3670561                    /lib/x86_64-linux-gnu/libm-2.23.so
7f0c06b87000-7f0c06b88000 rw-p 00108000 08:01 3670561                    /lib/x86_64-linux-gnu/libm-2.23.so
7f0c06b88000-7f0c06da5000 r-xp 00000000 08:01 35134549                   /usr/lib/x86_64-linux-gnu/libopencv_core.so.2.4.9
7f0c06da5000-7f0c06fa5000 ---p 0021d000 08:01 35134549                   /usr/lib/x86_64-linux-gnu/libopencv_core.so.2.4.9
7f0c06fa5000-7f0c06fa9000 r--p 0021d000 08:01 35134549                   /usr/lib/x86_64-linux-gnu/libopencv_core.so.2.4.9
7f0c06fa9000-7f0c06fb0000 rw-p 00221000 08:01 35134549                   /usr/lib/x86_64-linux-gnu/libopencv_core.so.2.4.9
7f0c06fb0000-7f0c06fb2000 rw-p 00000000 00:00 0 
7f0c06fb2000-7f0c071a2000 r-xp 00000000 08:01 35134553                   /usr/lib/x86_64-linux-gnu/libopencv_imgproc.so.2.4.9
7f0c071a2000-7f0c073a1000 ---p 001f0000 08:01 35134553                   /usr/lib/x86_64-linux-gnu/libopencv_imgproc.so.2.4.9
7f0c073a1000-7f0c073a7000 r--p 001ef000 08:01 35134553                   /usr/lib/x86_64-linux-gnu/libopencv_imgproc.so.2.4.9
7f0c073a7000-7f0c073a8000 rw-p 001f5000 08:01 35134553                   /usr/lib/x86_64-linux-gnu/libopencv_imgproc.so.2.4.9
7f0c073a8000-7f0c0743d000 rw-p 00000000 00:00 0 
7f0c0743d000-7f0c07483000 r-xp 00000000 08:01 35134593                   /usr/lib/x86_64-linux-gnu/libopencv_highgui.so.2.4.9
7f0c07483000-7f0c07682000 ---p 00046000 08:01 35134593                   /usr/lib/x86_64-linux-gnu/libopencv_highgui.so.2.4.9
7f0c07682000-7f0c07685000 r--p 00045000 08:01 35134593                   /usr/lib/x86_64-linux-gnu/libopencv_highgui.so.2.4.9
7f0c07685000-7f0c07686000 rw-p 00048000 08:01 35134593                   /usr/lib/x86_64-linux-gnu/libopencv_highgui.so.2.4.9
7f0c07686000-7f0c07846000 r-xp 00000000 08:01 3670520                    /lib/x86_64-linux-gnu/libc-2.23.so
7f0c07846000-7f0c07a45000 ---p 001c0000 08:01 3670520                    /lib/x86_64-linux-gnu/libc-2.23.so
7f0c07a45000-7f0c07a49000 r--p 001bf000 08:01 3670520                    /lib/x86_64-linux-gnu/libc-2.23.so
7f0c07a49000-7f0c07a4b000 rw-p 001c3000 08:01 3670520                    /lib/x86_64-linux-gnu/libc-2.23.so
7f0c07a4b000-7f0c07a4f000 rw-p 00000000 00:00 0 
7f0c07a4f000-7f0c07a67000 r-xp 00000000 08:01 3670607                    /lib/x86_64-linux-gnu/libpthread-2.23.so
7f0c07a67000-7f0c07c66000 ---p 00018000 08:01 3670607                    /lib/x86_64-linux-gnu/libpthread-2.23.so
7f0c07c66000-7f0c07c67000 r--p 00017000 08:01 3670607                    /lib/x86_64-linux-gnu/libpthread-2.23.so
7f0c07c67000-7f0c07c68000 rw-p 00018000 08:01 3670607                    /lib/x86_64-linux-gnu/libpthread-2.23.so
7f0c07c68000-7f0c07c6c000 rw-p 00000000 00:00 0 
7f0c07c6c000-7f0c07c82000 r-xp 00000000 08:01 3670546                    /lib/x86_64-linux-gnu/libgcc_s.so.1
7f0c07c82000-7f0c07e81000 ---p 00016000 08:01 3670546                    /lib/x86_64-linux-gnu/libgcc_s.so.1
7f0c07e81000-7f0c07e82000 rw-p 00015000 08:01 3670546                    /lib/x86_64-linux-gnu/libgcc_s.so.1
7f0c07e82000-7f0c07ff4000 r-xp 00000000 08:01 35131430                   /usr/lib/x86_64-linux-gnu/libstdc++.so.6.0.21
7f0c07ff4000-7f0c081f4000 ---p 00172000 08:01 35131430                   /usr/lib/x86_64-linux-gnu/libstdc++.so.6.0.21
7f0c081f4000-7f0c081fe000 r--p 00172000 08:01 35131430                   /usr/lib/x86_64-linux-gnu/libstdc++.so.6.0.21
7f0c081fe000-7f0c08200000 rw-p 0017c000 08:01 35131430                   /usr/lib/x86_64-linux-gnu/libstdc++.so.6.0.21
7f0c08200000-7f0c08204000 rw-p 00000000 00:00 0 
7f0c08204000-7f0c0824c000 r-xp 00000000 00:2a 657865                     /home/sebastian/raytracing/build/DocOpt/libdocopt.so
7f0c0824c000-7f0c0844b000 ---p 00048000 00:2a 657865                     /home/sebastian/raytracing/build/DocOpt/libdocopt.so
7f0c0844b000-7f0c0844d000 r--p 00047000 00:2a 657865                     /home/sebastian/raytracing/build/DocOpt/libdocopt.so
7f0c0844d000-7f0c0844e000 rw-p 00049000 00:2a 657865                     /home/sebastian/raytracing/build/DocOpt/libdocopt.so
7f0c0844e000-7f0c0858e000 r-xp 00000000 00:2a 54001821                   /home/sebastian/raytracing/build/libmct.so
7f0c0858e000-7f0c0878d000 ---p 00140000 00:2a 54001821                   /home/sebastian/raytracing/build/libmct.so
7f0c0878d000-7f0c08790000 r--p 0013f000 00:2a 54001821                   /home/sebastian/raytracing/build/libmct.so
7f0c08790000-7f0c08793000 rw-p 00142000 00:2a 54001821                   /home/sebastian/raytracing/build/libmct.so
7f0c08793000-7f0c087a3000 rw-p 00000000 00:00 0 
7f0c087a3000-7f0c087c9000 r-xp 00000000 08:01 3670496                    /lib/x86_64-linux-gnu/ld-2.23.so
7f0c08957000-7f0c08971000 rw-p 00000000 00:00 0 
7f0c08971000-7f0c0898f000 r-xp 00000000 08:01 3670633                    /lib/x86_64-linux-gnu/libudev.so.1.6.4
7f0c0898f000-7f0c08990000 r--p 0001d000 08:01 3670633                    /lib/x86_64-linux-gnu/libudev.so.1.6.4
7f0c08990000-7f0c08991000 rw-p 0001e000 08:01 3670633                    /lib/x86_64-linux-gnu/libudev.so.1.6.4
7f0c08991000-7f0c089ba000 rw-p 00000000 00:00 0 
7f0c089c4000-7f0c089c8000 rw-p 00000000 00:00 0 
7f0c089c8000-7f0c089c9000 r--p 00025000 08:01 3670496                    /lib/x86_64-linux-gnu/ld-2.23.so
7f0c089c9000-7f0c089ca000 rw-p 00026000 08:01 3670496                    /lib/x86_64-linux-gnu/ld-2.23.so
7f0c089ca000-7f0c089cb000 rw-p 00000000 00:00 0 
7ffcff510000-7ffcff552000 rw-p 00000000 00:00 0                          [stack]
7ffcff5b0000-7ffcff5b2000 r--p 00000000 00:00 0                          [vvar]
7ffcff5b2000-7ffcff5b4000 r-xp 00000000 00:00 0                          [vdso]
ffffffffff600000-ffffffffff601000 r-xp 00000000 00:00 0                  [vsyscall]
