*** Error in `/home/sebastian/raytracing/build/mctPlenoscopePropagation': munmap_chunk(): invalid pointer: 0x0000000000bcc1d0 ***
======= Backtrace: =========
/lib/x86_64-linux-gnu/libc.so.6(+0x77725)[0x7f69cec04725]
/lib/x86_64-linux-gnu/libc.so.6(cfree+0x1a8)[0x7f69cec10c18]
/home/sebastian/raytracing/build/libmct.so(_ZNSt6vectorIN12PhotonSensor11photon_infoESaIS1_EE19_M_emplace_back_auxIJRKS1_EEEvDpOT_+0xd6)[0x7f69cfa14a16]
/home/sebastian/raytracing/build/libmct.so(_ZN12PhotonSensor6Sensor28assign_photon_to_this_sensorEPK6Photon+0x1c9)[0x7f69cfa144f9]
/home/sebastian/raytracing/build/libmct.so(_ZN13PhotonSensors7Sensors13assign_photonEPK6Photon+0x5a)[0x7f69cfa15b3a]
/home/sebastian/raytracing/build/libmct.so(_ZN13PhotonSensors7Sensors14assign_photonsEPKSt6vectorI6PhotonSaIS2_EE+0x27)[0x7f69cfa15b87]
/home/sebastian/raytracing/build/mctPlenoscopePropagation(main+0x1939)[0x40ed99]
/lib/x86_64-linux-gnu/libc.so.6(__libc_start_main+0xf0)[0x7f69cebad830]
/home/sebastian/raytracing/build/mctPlenoscopePropagation(_start+0x29)[0x412369]
======= Memory map: ========
00400000-00432000 r-xp 00000000 00:2a 54001989                           /home/sebastian/raytracing/build/mctPlenoscopePropagation
00632000-00633000 r--p 00032000 00:2a 54001989                           /home/sebastian/raytracing/build/mctPlenoscopePropagation
00633000-00634000 rw-p 00033000 00:2a 54001989                           /home/sebastian/raytracing/build/mctPlenoscopePropagation
00634000-00635000 rw-p 00000000 00:00 0 
0064f000-01518000 rw-p 00000000 00:00 0                                  [heap]
7f69b62aa000-7f69b62ab000 ---p 00000000 00:00 0 
7f69b62ab000-7f69b6aab000 rw-p 00000000 00:00 0 
7f69b6aab000-7f69b8361000 r-xp 00000000 08:01 5772156                    /usr/lib/x86_64-linux-gnu/libicudata.so.55.1
7f69b8361000-7f69b8560000 ---p 018b6000 08:01 5772156                    /usr/lib/x86_64-linux-gnu/libicudata.so.55.1
7f69b8560000-7f69b8561000 r--p 018b5000 08:01 5772156                    /usr/lib/x86_64-linux-gnu/libicudata.so.55.1
7f69b8561000-7f69b8562000 rw-p 018b6000 08:01 5772156                    /usr/lib/x86_64-linux-gnu/libicudata.so.55.1
7f69b8562000-7f69b8565000 r-xp 00000000 08:01 57937886                   /lib/x86_64-linux-gnu/libkeyutils.so.1.5
7f69b8565000-7f69b8764000 ---p 00003000 08:01 57937886                   /lib/x86_64-linux-gnu/libkeyutils.so.1.5
7f69b8764000-7f69b8765000 r--p 00002000 08:01 57937886                   /lib/x86_64-linux-gnu/libkeyutils.so.1.5
7f69b8765000-7f69b8766000 rw-p 00003000 08:01 57937886                   /lib/x86_64-linux-gnu/libkeyutils.so.1.5
7f69b8766000-7f69b876a000 r-xp 00000000 08:01 57934447                   /lib/x86_64-linux-gnu/libuuid.so.1.3.0
7f69b876a000-7f69b8969000 ---p 00004000 08:01 57934447                   /lib/x86_64-linux-gnu/libuuid.so.1.3.0
7f69b8969000-7f69b896a000 r--p 00003000 08:01 57934447                   /lib/x86_64-linux-gnu/libuuid.so.1.3.0
7f69b896a000-7f69b896b000 rw-p 00004000 08:01 57934447                   /lib/x86_64-linux-gnu/libuuid.so.1.3.0
7f69b896b000-7f69b8aea000 r-xp 00000000 08:01 5772152                    /usr/lib/x86_64-linux-gnu/libicuuc.so.55.1
7f69b8aea000-7f69b8cea000 ---p 0017f000 08:01 5772152                    /usr/lib/x86_64-linux-gnu/libicuuc.so.55.1
7f69b8cea000-7f69b8cfa000 r--p 0017f000 08:01 5772152                    /usr/lib/x86_64-linux-gnu/libicuuc.so.55.1
7f69b8cfa000-7f69b8cfb000 rw-p 0018f000 08:01 5772152                    /usr/lib/x86_64-linux-gnu/libicuuc.so.55.1
7f69b8cfb000-7f69b8cff000 rw-p 00000000 00:00 0 
7f69b8cff000-7f69b8d09000 r-xp 00000000 08:01 5772817                    /usr/lib/x86_64-linux-gnu/libkrb5support.so.0.1
7f69b8d09000-7f69b8f08000 ---p 0000a000 08:01 5772817                    /usr/lib/x86_64-linux-gnu/libkrb5support.so.0.1
7f69b8f08000-7f69b8f09000 r--p 00009000 08:01 5772817                    /usr/lib/x86_64-linux-gnu/libkrb5support.so.0.1
7f69b8f09000-7f69b8f0a000 rw-p 0000a000 08:01 5772817                    /usr/lib/x86_64-linux-gnu/libkrb5support.so.0.1
7f69b8f0a000-7f69b8f0d000 r-xp 00000000 08:01 57934335                   /lib/x86_64-linux-gnu/libcom_err.so.2.1
7f69b8f0d000-7f69b910c000 ---p 00003000 08:01 57934335                   /lib/x86_64-linux-gnu/libcom_err.so.2.1
7f69b910c000-7f69b910d000 r--p 00002000 08:01 57934335                   /lib/x86_64-linux-gnu/libcom_err.so.2.1
7f69b910d000-7f69b910e000 rw-p 00003000 08:01 57934335                   /lib/x86_64-linux-gnu/libcom_err.so.2.1
7f69b910e000-7f69b913a000 r-xp 00000000 08:01 5772819                    /usr/lib/x86_64-linux-gnu/libk5crypto.so.3.1
7f69b913a000-7f69b9339000 ---p 0002c000 08:01 5772819                    /usr/lib/x86_64-linux-gnu/libk5crypto.so.3.1
7f69b9339000-7f69b933b000 r--p 0002b000 08:01 5772819                    /usr/lib/x86_64-linux-gnu/libk5crypto.so.3.1
7f69b933b000-7f69b933c000 rw-p 0002d000 08:01 5772819                    /usr/lib/x86_64-linux-gnu/libk5crypto.so.3.1
7f69b933c000-7f69b933d000 rw-p 00000000 00:00 0 
7f69b933d000-7f69b9400000 r-xp 00000000 08:01 5772821                    /usr/lib/x86_64-linux-gnu/libkrb5.so.3.3
7f69b9400000-7f69b9600000 ---p 000c3000 08:01 5772821                    /usr/lib/x86_64-linux-gnu/libkrb5.so.3.3
7f69b9600000-7f69b960d000 r--p 000c3000 08:01 5772821                    /usr/lib/x86_64-linux-gnu/libkrb5.so.3.3
7f69b960d000-7f69b960f000 rw-p 000d0000 08:01 5772821                    /usr/lib/x86_64-linux-gnu/libkrb5.so.3.3
7f69b960f000-7f69b9621000 r-xp 00000000 08:01 57934358                   /lib/x86_64-linux-gnu/libgpg-error.so.0.17.0
7f69b9621000-7f69b9821000 ---p 00012000 08:01 57934358                   /lib/x86_64-linux-gnu/libgpg-error.so.0.17.0
7f69b9821000-7f69b9822000 r--p 00012000 08:01 57934358                   /lib/x86_64-linux-gnu/libgpg-error.so.0.17.0
7f69b9822000-7f69b9823000 rw-p 00013000 08:01 57934358                   /lib/x86_64-linux-gnu/libgpg-error.so.0.17.0
7f69b9823000-7f69b9839000 r-xp 00000000 08:01 5773734                    /usr/lib/x86_64-linux-gnu/libICE.so.6.3.0
7f69b9839000-7f69b9a38000 ---p 00016000 08:01 5773734                    /usr/lib/x86_64-linux-gnu/libICE.so.6.3.0
7f69b9a38000-7f69b9a39000 r--p 00015000 08:01 5773734                    /usr/lib/x86_64-linux-gnu/libICE.so.6.3.0
7f69b9a39000-7f69b9a3a000 rw-p 00016000 08:01 5773734                    /usr/lib/x86_64-linux-gnu/libICE.so.6.3.0
7f69b9a3a000-7f69b9a3d000 rw-p 00000000 00:00 0 
7f69b9a3d000-7f69b9a44000 r-xp 00000000 08:01 5773771                    /usr/lib/x86_64-linux-gnu/libSM.so.6.0.1
7f69b9a44000-7f69b9c43000 ---p 00007000 08:01 5773771                    /usr/lib/x86_64-linux-gnu/libSM.so.6.0.1
7f69b9c43000-7f69b9c44000 r--p 00006000 08:01 5773771                    /usr/lib/x86_64-linux-gnu/libSM.so.6.0.1
7f69b9c44000-7f69b9c45000 rw-p 00007000 08:01 5773771                    /usr/lib/x86_64-linux-gnu/libSM.so.6.0.1
7f69b9c45000-7f69b9c4b000 r-xp 00000000 08:01 5773873                    /usr/lib/x86_64-linux-gnu/libdatrie.so.1.3.3
7f69b9c4b000-7f69b9e4b000 ---p 00006000 08:01 5773873                    /usr/lib/x86_64-linux-gnu/libdatrie.so.1.3.3
7f69b9e4b000-7f69b9e4c000 r--p 00006000 08:01 5773873                    /usr/lib/x86_64-linux-gnu/libdatrie.so.1.3.3
7f69b9e4c000-7f69b9e4d000 rw-p 00007000 08:01 5773873                    /usr/lib/x86_64-linux-gnu/libdatrie.so.1.3.3
7f69b9e4d000-7f69b9e70000 r-xp 00000000 08:01 5774239                    /usr/lib/x86_64-linux-gnu/libgraphite2.so.3.0.1
7f69b9e70000-7f69ba06f000 ---p 00023000 08:01 5774239                    /usr/lib/x86_64-linux-gnu/libgraphite2.so.3.0.1
7f69ba06f000-7f69ba071000 r--p 00022000 08:01 5774239                    /usr/lib/x86_64-linux-gnu/libgraphite2.so.3.0.1
7f69ba071000-7f69ba072000 rw-p 00024000 08:01 5774239                    /usr/lib/x86_64-linux-gnu/libgraphite2.so.3.0.1
7f69ba072000-7f69ba083000 r-xp 00000000 08:01 5769552                    /usr/lib/x86_64-linux-gnu/libtasn1.so.6.5.1
7f69ba083000-7f69ba283000 ---p 00011000 08:01 5769552                    /usr/lib/x86_64-linux-gnu/libtasn1.so.6.5.1
7f69ba283000-7f69ba284000 r--p 00011000 08:01 5769552                    /usr/lib/x86_64-linux-gnu/libtasn1.so.6.5.1
7f69ba284000-7f69ba285000 rw-p 00012000 08:01 5769552                    /usr/lib/x86_64-linux-gnu/libtasn1.so.6.5.1
7f69ba285000-7f69ba2b6000 r-xp 00000000 08:01 5769524                    /usr/lib/x86_64-linux-gnu/libidn.so.11.6.15
7f69ba2b6000-7f69ba4b6000 ---p 00031000 08:01 5769524                    /usr/lib/x86_64-linux-gnu/libidn.so.11.6.15
7f69ba4b6000-7f69ba4b7000 r--p 00031000 08:01 5769524                    /usr/lib/x86_64-linux-gnu/libidn.so.11.6.15
7f69ba4b7000-7f69ba4b8000 rw-p 00032000 08:01 5769524                    /usr/lib/x86_64-linux-gnu/libidn.so.11.6.15
7f69ba4b8000-7f69ba512000 r-xp 00000000 08:01 5769538                    /usr/lib/x86_64-linux-gnu/libp11-kit.so.0.1.0
7f69ba512000-7f69ba711000 ---p 0005a000 08:01 5769538                    /usr/lib/x86_64-linux-gnu/libp11-kit.so.0.1.0
7f69ba711000-7f69ba71b000 r--p 00059000 08:01 5769538                    /usr/lib/x86_64-linux-gnu/libp11-kit.so.0.1.0
7f69ba71b000-7f69ba71d000 rw-p 00063000 08:01 5769538                    /usr/lib/x86_64-linux-gnu/libp11-kit.so.0.1.0
7f69ba71d000-7f69ba8cd000 r-xp 00000000 08:01 5772165                    /usr/lib/x86_64-linux-gnu/libxml2.so.2.9.3
7f69ba8cd000-7f69baacc000 ---p 001b0000 08:01 5772165                    /usr/lib/x86_64-linux-gnu/libxml2.so.2.9.3
7f69baacc000-7f69baad4000 r--p 001af000 08:01 5772165                    /usr/lib/x86_64-linux-gnu/libxml2.so.2.9.3
7f69baad4000-7f69baad6000 rw-p 001b7000 08:01 5772165                    /usr/lib/x86_64-linux-gnu/libxml2.so.2.9.3
7f69baad6000-7f69baad7000 rw-p 00000000 00:00 0 
7f69baad7000-7f69bab56000 r-xp 00000000 08:01 5769516                    /usr/lib/x86_64-linux-gnu/libgmp.so.10.3.0
7f69bab56000-7f69bad55000 ---p 0007f000 08:01 5769516                    /usr/lib/x86_64-linux-gnu/libgmp.so.10.3.0
7f69bad55000-7f69bad56000 r--p 0007e000 08:01 5769516                    /usr/lib/x86_64-linux-gnu/libgmp.so.10.3.0
7f69bad56000-7f69bad57000 rw-p 0007f000 08:01 5769516                    /usr/lib/x86_64-linux-gnu/libgmp.so.10.3.0
7f69bad57000-7f69bad8b000 r-xp 00000000 08:01 5769536                    /usr/lib/x86_64-linux-gnu/libnettle.so.6.2
7f69bad8b000-7f69baf8a000 ---p 00034000 08:01 5769536                    /usr/lib/x86_64-linux-gnu/libnettle.so.6.2
7f69baf8a000-7f69baf8c000 r--p 00033000 08:01 5769536                    /usr/lib/x86_64-linux-gnu/libnettle.so.6.2
7f69baf8c000-7f69baf8d000 rw-p 00035000 08:01 5769536                    /usr/lib/x86_64-linux-gnu/libnettle.so.6.2
7f69baf8d000-7f69bafbf000 r-xp 00000000 08:01 5769522                    /usr/lib/x86_64-linux-gnu/libhogweed.so.4.2
7f69bafbf000-7f69bb1be000 ---p 00032000 08:01 5769522                    /usr/lib/x86_64-linux-gnu/libhogweed.so.4.2
7f69bb1be000-7f69bb1bf000 r--p 00031000 08:01 5769522                    /usr/lib/x86_64-linux-gnu/libhogweed.so.4.2
7f69bb1bf000-7f69bb1c0000 rw-p 00032000 08:01 5769522                    /usr/lib/x86_64-linux-gnu/libhogweed.so.4.2
7f69bb1c0000-7f69bb207000 r-xp 00000000 08:01 5772823                    /usr/lib/x86_64-linux-gnu/libgssapi_krb5.so.2.2
7f69bb207000-7f69bb406000 ---p 00047000 08:01 5772823                    /usr/lib/x86_64-linux-gnu/libgssapi_krb5.so.2.2
7f69bb406000-7f69bb408000 r--p 00046000 08:01 5772823                    /usr/lib/x86_64-linux-gnu/libgssapi_krb5.so.2.2
7f69bb408000-7f69bb40a000 rw-p 00048000 08:01 5772823                    /usr/lib/x86_64-linux-gnu/libgssapi_krb5.so.2.2
7f69bb40a000-7f69bb4e2000 r-xp 00000000 08:01 57934356                   /lib/x86_64-linux-gnu/libgcrypt.so.20.0.5
7f69bb4e2000-7f69bb6e1000 ---p 000d8000 08:01 57934356                   /lib/x86_64-linux-gnu/libgcrypt.so.20.0.5
7f69bb6e1000-7f69bb6e2000 r--p 000d7000 08:01 57934356                   /lib/x86_64-linux-gnu/libgcrypt.so.20.0.5
7f69bb6e2000-7f69bb6ea000 rw-p 000d8000 08:01 57934356                   /lib/x86_64-linux-gnu/libgcrypt.so.20.0.5
7f69bb6ea000-7f69bb6eb000 rw-p 00000000 00:00 0 
7f69bb6eb000-7f69bb766000 r-xp 00000000 08:01 5773765                    /usr/lib/x86_64-linux-gnu/liborc-0.4.so.0.25.0
7f69bb766000-7f69bb965000 ---p 0007b000 08:01 5773765                    /usr/lib/x86_64-linux-gnu/liborc-0.4.so.0.25.0
7f69bb965000-7f69bb967000 r--p 0007a000 08:01 5773765                    /usr/lib/x86_64-linux-gnu/liborc-0.4.so.0.25.0
7f69bb967000-7f69bb96b000 rw-p 0007c000 08:01 5773765                    /usr/lib/x86_64-linux-gnu/liborc-0.4.so.0.25.0
7f69bb96b000-7f69bb972000 r-xp 00000000 08:01 5773738                    /usr/lib/x86_64-linux-gnu/libogg.so.0.8.2
7f69bb972000-7f69bbb72000 ---p 00007000 08:01 5773738                    /usr/lib/x86_64-linux-gnu/libogg.so.0.8.2
7f69bbb72000-7f69bbb73000 r--p 00007000 08:01 5773738                    /usr/lib/x86_64-linux-gnu/libogg.so.0.8.2
7f69bbb73000-7f69bbb74000 rw-p 00008000 08:01 5773738                    /usr/lib/x86_64-linux-gnu/libogg.so.0.8.2
7f69bbb74000-7f69bbb7e000 r-xp 00000000 08:01 5772899                    /usr/lib/x86_64-linux-gnu/libnuma.so.1.0.0
7f69bbb7e000-7f69bbd7d000 ---p 0000a000 08:01 5772899                    /usr/lib/x86_64-linux-gnu/libnuma.so.1.0.0
7f69bbd7d000-7f69bbd7e000 r--p 00009000 08:01 5772899                    /usr/lib/x86_64-linux-gnu/libnuma.so.1.0.0
7f69bbd7e000-7f69bbd7f000 rw-p 0000a000 08:01 5772899                    /usr/lib/x86_64-linux-gnu/libnuma.so.1.0.0
7f69bbd7f000-7f69bbdad000 r-xp 00000000 08:01 5774339                    /usr/lib/x86_64-linux-gnu/libsoxr.so.0.1.1
7f69bbdad000-7f69bbfac000 ---p 0002e000 08:01 5774339                    /usr/lib/x86_64-linux-gnu/libsoxr.so.0.1.1
7f69bbfac000-7f69bbfae000 r--p 0002d000 08:01 5774339                    /usr/lib/x86_64-linux-gnu/libsoxr.so.0.1.1
7f69bbfae000-7f69bbfaf000 rw-p 0002f000 08:01 5774339                    /usr/lib/x86_64-linux-gnu/libsoxr.so.0.1.1
7f69bbfaf000-7f69bbfe4000 rw-p 00000000 00:00 0 
7f69bbfe4000-7f69bc009000 r-xp 00000000 08:01 5774494                    /usr/lib/x86_64-linux-gnu/libv4lconvert.so.0.0.0
7f69bc009000-7f69bc209000 ---p 00025000 08:01 5774494                    /usr/lib/x86_64-linux-gnu/libv4lconvert.so.0.0.0
7f69bc209000-7f69bc20b000 r--p 00025000 08:01 5774494                    /usr/lib/x86_64-linux-gnu/libv4lconvert.so.0.0.0
7f69bc20b000-7f69bc20c000 rw-p 00027000 08:01 5774494                    /usr/lib/x86_64-linux-gnu/libv4lconvert.so.0.0.0
7f69bc20c000-7f69bc25e000 rw-p 00000000 00:00 0 
7f69bc25e000-7f69bc2c0000 r-xp 00000000 08:01 5774482                    /usr/lib/x86_64-linux-gnu/libXt.so.6.0.0
7f69bc2c0000-7f69bc4c0000 ---p 00062000 08:01 5774482                    /usr/lib/x86_64-linux-gnu/libXt.so.6.0.0
7f69bc4c0000-7f69bc4c1000 r--p 00062000 08:01 5774482                    /usr/lib/x86_64-linux-gnu/libXt.so.6.0.0
7f69bc4c1000-7f69bc4c6000 rw-p 00063000 08:01 5774482                    /usr/lib/x86_64-linux-gnu/libXt.so.6.0.0
7f69bc4c6000-7f69bc4c7000 rw-p 00000000 00:00 0 
7f69bc4c7000-7f69bc4cf000 r-xp 00000000 08:01 5773875                    /usr/lib/x86_64-linux-gnu/libthai.so.0.2.4
7f69bc4cf000-7f69bc6ce000 ---p 00008000 08:01 5773875                    /usr/lib/x86_64-linux-gnu/libthai.so.0.2.4
7f69bc6ce000-7f69bc6cf000 r--p 00007000 08:01 5773875                    /usr/lib/x86_64-linux-gnu/libthai.so.0.2.4
7f69bc6cf000-7f69bc6d0000 rw-p 00008000 08:01 5773875                    /usr/lib/x86_64-linux-gnu/libthai.so.0.2.4
7f69bc6d0000-7f69bc72c000 r-xp 00000000 08:01 5774242                    /usr/lib/x86_64-linux-gnu/libharfbuzz.so.0.10000.1
7f69bc72c000-7f69bc92c000 ---p 0005c000 08:01 5774242                    /usr/lib/x86_64-linux-gnu/libharfbuzz.so.0.10000.1
7f69bc92c000-7f69bc92d000 r--p 0005c000 08:01 5774242                    /usr/lib/x86_64-linux-gnu/libharfbuzz.so.0.10000.1
7f69bc92d000-7f69bc92e000 rw-p 0005d000 08:01 5774242                    /usr/lib/x86_64-linux-gnu/libharfbuzz.so.0.10000.1
7f69bc92e000-7f69bc945000 r-xp 00000000 08:01 57934419                   /lib/x86_64-linux-gnu/libresolv-2.23.so
7f69bc945000-7f69bcb45000 ---p 00017000 08:01 57934419                   /lib/x86_64-linux-gnu/libresolv-2.23.so
7f69bcb45000-7f69bcb46000 r--p 00017000 08:01 57934419                   /lib/x86_64-linux-gnu/libresolv-2.23.so
7f69bcb46000-7f69bcb47000 rw-p 00018000 08:01 57934419                   /lib/x86_64-linux-gnu/libresolv-2.23.so
7f69bcb47000-7f69bcb49000 rw-p 00000000 00:00 0 
7f69bcb49000-7f69bcb68000 r-xp 00000000 08:01 57934425                   /lib/x86_64-linux-gnu/libselinux.so.1
7f69bcb68000-7f69bcd67000 ---p 0001f000 08:01 57934425                   /lib/x86_64-linux-gnu/libselinux.so.1
7f69bcd67000-7f69bcd68000 r--p 0001e000 08:01 57934425                   /lib/x86_64-linux-gnu/libselinux.so.1
7f69bcd68000-7f69bcd69000 rw-p 0001f000 08:01 57934425                   /lib/x86_64-linux-gnu/libselinux.so.1
7f69bcd69000-7f69bcd6b000 rw-p 00000000 00:00 0 
7f69bcd6b000-7f69bcd73000 r-xp 00000000 08:01 5774233                    /usr/lib/x86_64-linux-gnu/libxcb-render.so.0.0.0
7f69bcd73000-7f69bcf73000 ---p 00008000 08:01 5774233                    /usr/lib/x86_64-linux-gnu/libxcb-render.so.0.0.0
7f69bcf73000-7f69bcf74000 r--p 00008000 08:01 5774233                    /usr/lib/x86_64-linux-gnu/libxcb-render.so.0.0.0
7f69bcf74000-7f69bcf75000 rw-p 00009000 08:01 5774233                    /usr/lib/x86_64-linux-gnu/libxcb-render.so.0.0.0
7f69bcf75000-7f69bcf77000 r-xp 00000000 08:01 5774235                    /usr/lib/x86_64-linux-gnu/libxcb-shm.so.0.0.0
7f69bcf77000-7f69bd177000 ---p 00002000 08:01 5774235                    /usr/lib/x86_64-linux-gnu/libxcb-shm.so.0.0.0
7f69bd177000-7f69bd178000 r--p 00002000 08:01 5774235                    /usr/lib/x86_64-linux-gnu/libxcb-shm.so.0.0.0
7f69bd178000-7f69bd179000 rw-p 00003000 08:01 5774235                    /usr/lib/x86_64-linux-gnu/libxcb-shm.so.0.0.0
7f69bd179000-7f69bd218000 r-xp 00000000 08:01 5774231                    /usr/lib/x86_64-linux-gnu/libpixman-1.so.0.33.6
7f69bd218000-7f69bd418000 ---p 0009f000 08:01 5774231                    /usr/lib/x86_64-linux-gnu/libpixman-1.so.0.33.6
7f69bd418000-7f69bd420000 r--p 0009f000 08:01 5774231                    /usr/lib/x86_64-linux-gnu/libpixman-1.so.0.33.6
7f69bd420000-7f69bd421000 rw-p 000a7000 08:01 5774231                    /usr/lib/x86_64-linux-gnu/libpixman-1.so.0.33.6
7f69bd421000-7f69bd4c5000 r-xp 00000000 08:01 5772064                    /usr/lib/x86_64-linux-gnu/libfreetype.so.6.12.1
7f69bd4c5000-7f69bd6c4000 ---p 000a4000 08:01 5772064                    /usr/lib/x86_64-linux-gnu/libfreetype.so.6.12.1
7f69bd6c4000-7f69bd6ca000 r--p 000a3000 08:01 5772064                    /usr/lib/x86_64-linux-gnu/libfreetype.so.6.12.1
7f69bd6ca000-7f69bd6cb000 rw-p 000a9000 08:01 5772064                    /usr/lib/x86_64-linux-gnu/libfreetype.so.6.12.1
7f69bd6cb000-7f69bd6d0000 r-xp 00000000 08:01 5772750                    /usr/lib/x86_64-linux-gnu/libXdmcp.so.6.0.0
7f69bd6d0000-7f69bd8cf000 ---p 00005000 08:01 5772750                    /usr/lib/x86_64-linux-gnu/libXdmcp.so.6.0.0
7f69bd8cf000-7f69bd8d0000 r--p 00004000 08:01 5772750                    /usr/lib/x86_64-linux-gnu/libXdmcp.so.6.0.0
7f69bd8d0000-7f69bd8d1000 rw-p 00005000 08:01 5772750                    /usr/lib/x86_64-linux-gnu/libXdmcp.so.6.0.0
7f69bd8d1000-7f69bd8d3000 r-xp 00000000 08:01 5772748                    /usr/lib/x86_64-linux-gnu/libXau.so.6.0.0
7f69bd8d3000-7f69bdad3000 ---p 00002000 08:01 5772748                    /usr/lib/x86_64-linux-gnu/libXau.so.6.0.0
7f69bdad3000-7f69bdad4000 r--p 00002000 08:01 5772748                    /usr/lib/x86_64-linux-gnu/libXau.so.6.0.0
7f69bdad4000-7f69bdad5000 rw-p 00003000 08:01 5772748                    /usr/lib/x86_64-linux-gnu/libXau.so.6.0.0
7f69bdad5000-7f69bdae4000 r-xp 00000000 08:01 57934327                   /lib/x86_64-linux-gnu/libbz2.so.1.0.4
7f69bdae4000-7f69bdce3000 ---p 0000f000 08:01 57934327                   /lib/x86_64-linux-gnu/libbz2.so.1.0.4
7f69bdce3000-7f69bdce4000 r--p 0000e000 08:01 57934327                   /lib/x86_64-linux-gnu/libbz2.so.1.0.4
7f69bdce4000-7f69bdce5000 rw-p 0000f000 08:01 57934327                   /lib/x86_64-linux-gnu/libbz2.so.1.0.4
7f69bdce5000-7f69bde09000 r-xp 00000000 08:01 5769520                    /usr/lib/x86_64-linux-gnu/libgnutls.so.30.6.2
7f69bde09000-7f69be008000 ---p 00124000 08:01 5769520                    /usr/lib/x86_64-linux-gnu/libgnutls.so.30.6.2
7f69be008000-7f69be013000 r--p 00123000 08:01 5769520                    /usr/lib/x86_64-linux-gnu/libgnutls.so.30.6.2
7f69be013000-7f69be015000 rw-p 0012e000 08:01 5769520                    /usr/lib/x86_64-linux-gnu/libgnutls.so.30.6.2
7f69be015000-7f69be016000 rw-p 00000000 00:00 0 
7f69be016000-7f69be05d000 r-xp 00000000 08:01 5774386                    /usr/lib/x86_64-linux-gnu/libbluray.so.1.9.2
7f69be05d000-7f69be25c000 ---p 00047000 08:01 5774386                    /usr/lib/x86_64-linux-gnu/libbluray.so.1.9.2
7f69be25c000-7f69be25e000 r--p 00046000 08:01 5774386                    /usr/lib/x86_64-linux-gnu/libbluray.so.1.9.2
7f69be25e000-7f69be25f000 rw-p 00048000 08:01 5774386                    /usr/lib/x86_64-linux-gnu/libbluray.so.1.9.2
7f69be25f000-7f69be2a9000 r-xp 00000000 08:01 5774388                    /usr/lib/x86_64-linux-gnu/libgme.so.0.6.0
7f69be2a9000-7f69be4a9000 ---p 0004a000 08:01 5774388                    /usr/lib/x86_64-linux-gnu/libgme.so.0.6.0
7f69be4a9000-7f69be4ac000 r--p 0004a000 08:01 5774388                    /usr/lib/x86_64-linux-gnu/libgme.so.0.6.0
7f69be4ac000-7f69be4ad000 rw-p 0004d000 08:01 5774388                    /usr/lib/x86_64-linux-gnu/libgme.so.0.6.0
7f69be4ad000-7f69be4f7000 r-xp 00000000 08:01 5774390                    /usr/lib/x86_64-linux-gnu/libmodplug.so.1.0.0
7f69be4f7000-7f69be6f7000 ---p 0004a000 08:01 5774390                    /usr/lib/x86_64-linux-gnu/libmodplug.so.1.0.0
7f69be6f7000-7f69be6f8000 r--p 0004a000 08:01 5774390                    /usr/lib/x86_64-linux-gnu/libmodplug.so.1.0.0
7f69be6f8000-7f69be6f9000 rw-p 0004b000 08:01 5774390                    /usr/lib/x86_64-linux-gnu/libmodplug.so.1.0.0
7f69be6f9000-7f69be838000 rw-p 00000000 00:00 0 
7f69be838000-7f69be853000 r-xp 00000000 08:01 5772850                    /usr/lib/x86_64-linux-gnu/librtmp.so.1
7f69be853000-7f69bea52000 ---p 0001b000 08:01 5772850                    /usr/lib/x86_64-linux-gnu/librtmp.so.1
7f69bea52000-7f69bea53000 r--p 0001a000 08:01 5772850                    /usr/lib/x86_64-linux-gnu/librtmp.so.1
7f69bea53000-7f69bea54000 rw-p 0001b000 08:01 5772850                    /usr/lib/x86_64-linux-gnu/librtmp.so.1
7f69bea54000-7f69bea9c000 r-xp 00000000 08:01 5774392                    /usr/lib/x86_64-linux-gnu/libssh-gcrypt.so.4.4.1
7f69bea9c000-7f69bec9b000 ---p 00048000 08:01 5774392                    /usr/lib/x86_64-linux-gnu/libssh-gcrypt.so.4.4.1
7f69bec9b000-7f69bec9c000 r--p 00047000 08:01 5774392                    /usr/lib/x86_64-linux-gnu/libssh-gcrypt.so.4.4.1
7f69bec9c000-7f69bec9d000 rw-p 00048000 08:01 5774392                    /usr/lib/x86_64-linux-gnu/libssh-gcrypt.so.4.4.1
7f69bec9d000-7f69becb7000 r-xp 00000000 08:01 5769549                    /usr/lib/x86_64-linux-gnu/libcrystalhd.so.3.6
7f69becb7000-7f69beeb6000 ---p 0001a000 08:01 5769549                    /usr/lib/x86_64-linux-gnu/libcrystalhd.so.3.6
7f69beeb6000-7f69beeb7000 r--p 00019000 08:01 5769549                    /usr/lib/x86_64-linux-gnu/libcrystalhd.so.3.6
7f69beeb7000-7f69beeb8000 rw-p 0001a000 08:01 5769549                    /usr/lib/x86_64-linux-gnu/libcrystalhd.so.3.6
7f69beeb8000-7f69beec5000 r-xp 00000000 08:01 5771305                    /usr/lib/x86_64-linux-gnu/libgsm.so.1.0.12
7f69beec5000-7f69bf0c4000 ---p 0000d000 08:01 5771305                    /usr/lib/x86_64-linux-gnu/libgsm.so.1.0.12
7f69bf0c4000-7f69bf0c5000 r--p 0000c000 08:01 5771305                    /usr/lib/x86_64-linux-gnu/libgsm.so.1.0.12
7f69bf0c5000-7f69bf0c6000 rw-p 0000d000 08:01 5771305                    /usr/lib/x86_64-linux-gnu/libgsm.so.1.0.12
7f69bf0c6000-7f69bf10b000 r-xp 00000000 08:01 5774325                    /usr/lib/x86_64-linux-gnu/libmp3lame.so.0.0.0
7f69bf10b000-7f69bf30b000 ---p 00045000 08:01 5774325                    /usr/lib/x86_64-linux-gnu/libmp3lame.so.0.0.0
7f69bf30b000-7f69bf30c000 r--p 00045000 08:01 5774325                    /usr/lib/x86_64-linux-gnu/libmp3lame.so.0.0.0
7f69bf30c000-7f69bf30d000 rw-p 00046000 08:01 5774325                    /usr/lib/x86_64-linux-gnu/libmp3lame.so.0.0.0
7f69bf30d000-7f69bf33b000 rw-p 00000000 00:00 0 
7f69bf33b000-7f69bf35d000 r-xp 00000000 08:01 5774328                    /usr/lib/x86_64-linux-gnu/libopenjpeg.so.1.5.2
7f69bf35d000-7f69bf55c000 ---p 00022000 08:01 5774328                    /usr/lib/x86_64-linux-gnu/libopenjpeg.so.1.5.2
7f69bf55c000-7f69bf55d000 r--p 00021000 08:01 5774328                    /usr/lib/x86_64-linux-gnu/libopenjpeg.so.1.5.2
7f69bf55d000-7f69bf55e000 rw-p 00022000 08:01 5774328                    /usr/lib/x86_64-linux-gnu/libopenjpeg.so.1.5.2
7f69bf55e000-7f69bf5a7000 r-xp 00000000 08:01 5774331                    /usr/lib/x86_64-linux-gnu/libopus.so.0.5.2
7f69bf5a7000-7f69bf7a6000 ---p 00049000 08:01 5774331                    /usr/lib/x86_64-linux-gnu/libopus.so.0.5.2
7f69bf7a6000-7f69bf7a7000 r--p 00048000 08:01 5774331                    /usr/lib/x86_64-linux-gnu/libopus.so.0.5.2
7f69bf7a7000-7f69bf7a8000 rw-p 00049000 08:01 5774331                    /usr/lib/x86_64-linux-gnu/libopus.so.0.5.2
7f69bf7a8000-7f69bf879000 r-xp 00000000 08:01 5773769                    /usr/lib/x86_64-linux-gnu/libschroedinger-1.0.so.0.11.0
7f69bf879000-7f69bfa79000 ---p 000d1000 08:01 5773769                    /usr/lib/x86_64-linux-gnu/libschroedinger-1.0.so.0.11.0
7f69bfa79000-7f69bfa7b000 r--p 000d1000 08:01 5773769                    /usr/lib/x86_64-linux-gnu/libschroedinger-1.0.so.0.11.0
7f69bfa7b000-7f69bfa7c000 rw-p 000d3000 08:01 5773769                    /usr/lib/x86_64-linux-gnu/libschroedinger-1.0.so.0.11.0
7f69bfa7c000-7f69bfa7d000 rw-p 00000000 00:00 0 
7f69bfa7d000-7f69bfa89000 r-xp 00000000 08:01 5774333                    /usr/lib/x86_64-linux-gnu/libshine.so.3.0.1
7f69bfa89000-7f69bfc88000 ---p 0000c000 08:01 5774333                    /usr/lib/x86_64-linux-gnu/libshine.so.3.0.1
7f69bfc88000-7f69bfc89000 r--p 0000b000 08:01 5774333                    /usr/lib/x86_64-linux-gnu/libshine.so.3.0.1
7f69bfc89000-7f69bfc8a000 rw-p 0000c000 08:01 5774333                    /usr/lib/x86_64-linux-gnu/libshine.so.3.0.1
7f69bfc8a000-7f69bfc91000 r-xp 00000000 08:01 5774335                    /usr/lib/x86_64-linux-gnu/libsnappy.so.1.3.0
7f69bfc91000-7f69bfe90000 ---p 00007000 08:01 5774335                    /usr/lib/x86_64-linux-gnu/libsnappy.so.1.3.0
7f69bfe90000-7f69bfe91000 r--p 00006000 08:01 5774335                    /usr/lib/x86_64-linux-gnu/libsnappy.so.1.3.0
7f69bfe91000-7f69bfe92000 rw-p 00007000 08:01 5774335                    /usr/lib/x86_64-linux-gnu/libsnappy.so.1.3.0
7f69bfe92000-7f69bfea9000 r-xp 00000000 08:01 5774337                    /usr/lib/x86_64-linux-gnu/libspeex.so.1.5.0
7f69bfea9000-7f69c00a9000 ---p 00017000 08:01 5774337                    /usr/lib/x86_64-linux-gnu/libspeex.so.1.5.0
7f69c00a9000-7f69c00aa000 r--p 00017000 08:01 5774337                    /usr/lib/x86_64-linux-gnu/libspeex.so.1.5.0
7f69c00aa000-7f69c00ab000 rw-p 00018000 08:01 5774337                    /usr/lib/x86_64-linux-gnu/libspeex.so.1.5.0
7f69c00ab000-7f69c00c4000 r-xp 00000000 08:01 5774345                    /usr/lib/x86_64-linux-gnu/libtheoradec.so.1.1.4
7f69c00c4000-7f69c02c3000 ---p 00019000 08:01 5774345                    /usr/lib/x86_64-linux-gnu/libtheoradec.so.1.1.4
7f69c02c3000-7f69c02c4000 r--p 00018000 08:01 5774345                    /usr/lib/x86_64-linux-gnu/libtheoradec.so.1.1.4
7f69c02c4000-7f69c02c5000 rw-p 00019000 08:01 5774345                    /usr/lib/x86_64-linux-gnu/libtheoradec.so.1.1.4
7f69c02c5000-7f69c0303000 r-xp 00000000 08:01 5774343                    /usr/lib/x86_64-linux-gnu/libtheoraenc.so.1.1.2
7f69c0303000-7f69c0502000 ---p 0003e000 08:01 5774343                    /usr/lib/x86_64-linux-gnu/libtheoraenc.so.1.1.2
7f69c0502000-7f69c0503000 r--p 0003d000 08:01 5774343                    /usr/lib/x86_64-linux-gnu/libtheoraenc.so.1.1.2
7f69c0503000-7f69c0504000 rw-p 0003e000 08:01 5774343                    /usr/lib/x86_64-linux-gnu/libtheoraenc.so.1.1.2
7f69c0504000-7f69c0522000 r-xp 00000000 08:01 5774349                    /usr/lib/x86_64-linux-gnu/libtwolame.so.0.0.0
7f69c0522000-7f69c0721000 ---p 0001e000 08:01 5774349                    /usr/lib/x86_64-linux-gnu/libtwolame.so.0.0.0
7f69c0721000-7f69c0722000 r--p 0001d000 08:01 5774349                    /usr/lib/x86_64-linux-gnu/libtwolame.so.0.0.0
7f69c0722000-7f69c0723000 rw-p 0001e000 08:01 5774349                    /usr/lib/x86_64-linux-gnu/libtwolame.so.0.0.0
7f69c0723000-7f69c0727000 rw-p 00000000 00:00 0 
7f69c0727000-7f69c0751000 r-xp 00000000 08:01 5774353                    /usr/lib/x86_64-linux-gnu/libvorbis.so.0.4.8
7f69c0751000-7f69c0951000 ---p 0002a000 08:01 5774353                    /usr/lib/x86_64-linux-gnu/libvorbis.so.0.4.8
7f69c0951000-7f69c0952000 r--p 0002a000 08:01 5774353                    /usr/lib/x86_64-linux-gnu/libvorbis.so.0.4.8
7f69c0952000-7f69c0953000 rw-p 0002b000 08:01 5774353                    /usr/lib/x86_64-linux-gnu/libvorbis.so.0.4.8
7f69c0953000-7f69c09e0000 r-xp 00000000 08:01 5774355                    /usr/lib/x86_64-linux-gnu/libvorbisenc.so.2.0.11
7f69c09e0000-7f69c0bdf000 ---p 0008d000 08:01 5774355                    /usr/lib/x86_64-linux-gnu/libvorbisenc.so.2.0.11
7f69c0bdf000-7f69c0bfb000 r--p 0008c000 08:01 5774355                    /usr/lib/x86_64-linux-gnu/libvorbisenc.so.2.0.11
7f69c0bfb000-7f69c0bfc000 rw-p 000a8000 08:01 5774355                    /usr/lib/x86_64-linux-gnu/libvorbisenc.so.2.0.11
7f69c0bfc000-7f69c0e1b000 r-xp 00000000 08:01 5774357                    /usr/lib/x86_64-linux-gnu/libvpx.so.3.0.0
7f69c0e1b000-7f69c101a000 ---p 0021f000 08:01 5774357                    /usr/lib/x86_64-linux-gnu/libvpx.so.3.0.0
7f69c101a000-7f69c101c000 r--p 0021e000 08:01 5774357                    /usr/lib/x86_64-linux-gnu/libvpx.so.3.0.0
7f69c101c000-7f69c101d000 rw-p 00220000 08:01 5774357                    /usr/lib/x86_64-linux-gnu/libvpx.so.3.0.0
7f69c101d000-7f69c1020000 rw-p 00000000 00:00 0 
7f69c1020000-7f69c1048000 r-xp 00000000 08:01 5774360                    /usr/lib/x86_64-linux-gnu/libwavpack.so.1.1.7
7f69c1048000-7f69c1247000 ---p 00028000 08:01 5774360                    /usr/lib/x86_64-linux-gnu/libwavpack.so.1.1.7
7f69c1247000-7f69c1248000 r--p 00027000 08:01 5774360                    /usr/lib/x86_64-linux-gnu/libwavpack.so.1.1.7
7f69c1248000-7f69c1249000 rw-p 00028000 08:01 5774360                    /usr/lib/x86_64-linux-gnu/libwavpack.so.1.1.7
7f69c1249000-7f69c12a2000 r-xp 00000000 08:01 5774362                    /usr/lib/x86_64-linux-gnu/libwebp.so.5.0.4
7f69c12a2000-7f69c14a2000 ---p 00059000 08:01 5774362                    /usr/lib/x86_64-linux-gnu/libwebp.so.5.0.4
7f69c14a2000-7f69c14a3000 r--p 00059000 08:01 5774362                    /usr/lib/x86_64-linux-gnu/libwebp.so.5.0.4
7f69c14a3000-7f69c14a5000 rw-p 0005a000 08:01 5774362                    /usr/lib/x86_64-linux-gnu/libwebp.so.5.0.4
7f69c14a5000-7f69c15cd000 r-xp 00000000 08:01 5774364                    /usr/lib/x86_64-linux-gnu/libx264.so.148
7f69c15cd000-7f69c17cc000 ---p 00128000 08:01 5774364                    /usr/lib/x86_64-linux-gnu/libx264.so.148
7f69c17cc000-7f69c17cd000 r--p 00127000 08:01 5774364                    /usr/lib/x86_64-linux-gnu/libx264.so.148
7f69c17cd000-7f69c17ce000 rw-p 00128000 08:01 5774364                    /usr/lib/x86_64-linux-gnu/libx264.so.148
7f69c17ce000-7f69c1849000 rw-p 00000000 00:00 0 
7f69c1849000-7f69c2256000 r-xp 00000000 08:01 5774365                    /usr/lib/x86_64-linux-gnu/libx265.so.79
7f69c2256000-7f69c2455000 ---p 00a0d000 08:01 5774365                    /usr/lib/x86_64-linux-gnu/libx265.so.79
7f69c2455000-7f69c2458000 r--p 00a0c000 08:01 5774365                    /usr/lib/x86_64-linux-gnu/libx265.so.79
7f69c2458000-7f69c245b000 rw-p 00a0f000 08:01 5774365                    /usr/lib/x86_64-linux-gnu/libx265.so.79
7f69c245b000-7f69c2468000 rw-p 00000000 00:00 0 
7f69c2468000-7f69c2509000 r-xp 00000000 08:01 5774366                    /usr/lib/x86_64-linux-gnu/libxvidcore.so.4.3
7f69c2509000-7f69c2708000 ---p 000a1000 08:01 5774366                    /usr/lib/x86_64-linux-gnu/libxvidcore.so.4.3
7f69c2708000-7f69c2709000 r--p 000a0000 08:01 5774366                    /usr/lib/x86_64-linux-gnu/libxvidcore.so.4.3
7f69c2709000-7f69c2713000 rw-p 000a1000 08:01 5774366                    /usr/lib/x86_64-linux-gnu/libxvidcore.so.4.3
7f69c2713000-7f69c277c000 rw-p 00000000 00:00 0 
7f69c277c000-7f69c27f3000 r-xp 00000000 08:01 5774368                    /usr/lib/x86_64-linux-gnu/libzvbi.so.0.13.2
7f69c27f3000-7f69c29f2000 ---p 00077000 08:01 5774368                    /usr/lib/x86_64-linux-gnu/libzvbi.so.0.13.2
7f69c29f2000-7f69c29fb000 r--p 00076000 08:01 5774368                    /usr/lib/x86_64-linux-gnu/libzvbi.so.0.13.2
7f69c29fb000-7f69c2a07000 rw-p 0007f000 08:01 5774368                    /usr/lib/x86_64-linux-gnu/libzvbi.so.0.13.2
7f69c2a07000-7f69c2a22000 r-xp 00000000 08:01 5774351                    /usr/lib/x86_64-linux-gnu/libva.so.1.3900.0
7f69c2a22000-7f69c2c21000 ---p 0001b000 08:01 5774351                    /usr/lib/x86_64-linux-gnu/libva.so.1.3900.0
7f69c2c21000-7f69c2c22000 r--p 0001a000 08:01 5774351                    /usr/lib/x86_64-linux-gnu/libva.so.1.3900.0
7f69c2c22000-7f69c2c23000 rw-p 0001b000 08:01 5774351                    /usr/lib/x86_64-linux-gnu/libva.so.1.3900.0
7f69c2c23000-7f69c2c3d000 r-xp 00000000 08:01 5774341                    /usr/lib/x86_64-linux-gnu/libswresample-ffmpeg.so.1.2.101
7f69c2c3d000-7f69c2e3c000 ---p 0001a000 08:01 5774341                    /usr/lib/x86_64-linux-gnu/libswresample-ffmpeg.so.1.2.101
7f69c2e3c000-7f69c2e3e000 r--p 00019000 08:01 5774341                    /usr/lib/x86_64-linux-gnu/libswresample-ffmpeg.so.1.2.101
7f69c2e3e000-7f69c2e3f000 rw-p 0001b000 08:01 5774341                    /usr/lib/x86_64-linux-gnu/libswresample-ffmpeg.so.1.2.101
7f69c2e3f000-7f69c2e48000 r-xp 00000000 08:01 5774496                    /usr/lib/x86_64-linux-gnu/libv4l2.so.0.0.0
7f69c2e48000-7f69c3047000 ---p 00009000 08:01 5774496                    /usr/lib/x86_64-linux-gnu/libv4l2.so.0.0.0
7f69c3047000-7f69c3048000 r--p 00008000 08:01 5774496                    /usr/lib/x86_64-linux-gnu/libv4l2.so.0.0.0
7f69c3048000-7f69c304d000 rw-p 00009000 08:01 5774496                    /usr/lib/x86_64-linux-gnu/libv4l2.so.0.0.0
7f69c304d000-7f69c3064000 r-xp 00000000 08:01 57937863                   /lib/x86_64-linux-gnu/libusb-1.0.so.0.1.0
7f69c3064000-7f69c3263000 ---p 00017000 08:01 57937863                   /lib/x86_64-linux-gnu/libusb-1.0.so.0.1.0
7f69c3263000-7f69c3264000 r--p 00016000 08:01 57937863                   /lib/x86_64-linux-gnu/libusb-1.0.so.0.1.0
7f69c3264000-7f69c3265000 rw-p 00017000 08:01 57937863                   /lib/x86_64-linux-gnu/libusb-1.0.so.0.1.0
7f69c3265000-7f69c3272000 r-xp 00000000 08:01 5774476                    /usr/lib/x86_64-linux-gnu/libraw1394.so.11.1.0
7f69c3272000-7f69c3472000 ---p 0000d000 08:01 5774476                    /usr/lib/x86_64-linux-gnu/libraw1394.so.11.1.0
7f69c3472000-7f69c3473000 r--p 0000d000 08:01 5774476                    /usr/lib/x86_64-linux-gnu/libraw1394.so.11.1.0
7f69c3473000-7f69c3474000 rw-p 0000e000 08:01 5774476                    /usr/lib/x86_64-linux-gnu/libraw1394.so.11.1.0
7f69c3474000-7f69c3492000 r-xp 00000000 08:01 5773879                    /usr/lib/x86_64-linux-gnu/libpangox-1.0.so.0.0.0
7f69c3492000-7f69c3692000 ---p 0001e000 08:01 5773879                    /usr/lib/x86_64-linux-gnu/libpangox-1.0.so.0.0.0
7f69c3692000-7f69c3693000 r--p 0001e000 08:01 5773879                    /usr/lib/x86_64-linux-gnu/libpangox-1.0.so.0.0.0
7f69c3693000-7f69c3694000 rw-p 0001f000 08:01 5773879                    /usr/lib/x86_64-linux-gnu/libpangox-1.0.so.0.0.0
7f69c3694000-7f69c36ac000 r-xp 00000000 08:01 5774484                    /usr/lib/x86_64-linux-gnu/libXmu.so.6.2.0
7f69c36ac000-7f69c38ab000 ---p 00018000 08:01 5774484                    /usr/lib/x86_64-linux-gnu/libXmu.so.6.2.0
7f69c38ab000-7f69c38ac000 r--p 00017000 08:01 5774484                    /usr/lib/x86_64-linux-gnu/libXmu.so.6.2.0
7f69c38ac000-7f69c38ad000 rw-p 00018000 08:01 5774484                    /usr/lib/x86_64-linux-gnu/libXmu.so.6.2.0
7f69c38ad000-7f69c391a000 r-xp 00000000 08:01 5774480                    /usr/lib/x86_64-linux-gnu/libGLU.so.1.3.1
7f69c391a000-7f69c3b1a000 ---p 0006d000 08:01 5774480                    /usr/lib/x86_64-linux-gnu/libGLU.so.1.3.1
7f69c3b1a000-7f69c3b1b000 r--p 0006d000 08:01 5774480                    /usr/lib/x86_64-linux-gnu/libGLU.so.1.3.1
7f69c3b1b000-7f69c3b1c000 rw-p 0006e000 08:01 5774480                    /usr/lib/x86_64-linux-gnu/libGLU.so.1.3.1
7f69c3b1c000-7f69c3b8a000 r-xp 00000000 08:01 57934408                   /lib/x86_64-linux-gnu/libpcre.so.3.13.2
7f69c3b8a000-7f69c3d8a000 ---p 0006e000 08:01 57934408                   /lib/x86_64-linux-gnu/libpcre.so.3.13.2
7f69c3d8a000-7f69c3d8b000 r--p 0006e000 08:01 57934408                   /lib/x86_64-linux-gnu/libpcre.so.3.13.2
7f69c3d8b000-7f69c3d8c000 rw-p 0006f000 08:01 57934408                   /lib/x86_64-linux-gnu/libpcre.so.3.13.2
7f69c3d8c000-7f69c3d93000 r-xp 00000000 08:01 5769508                    /usr/lib/x86_64-linux-gnu/libffi.so.6.0.4
7f69c3d93000-7f69c3f92000 ---p 00007000 08:01 5769508                    /usr/lib/x86_64-linux-gnu/libffi.so.6.0.4
7f69c3f92000-7f69c3f93000 r--p 00006000 08:01 5769508                    /usr/lib/x86_64-linux-gnu/libffi.so.6.0.4
7f69c3f93000-7f69c3f94000 rw-p 00007000 08:01 5769508                    /usr/lib/x86_64-linux-gnu/libffi.so.6.0.4
7f69c3f94000-7f69c3f96000 r-xp 00000000 08:01 5773775                    /usr/lib/x86_64-linux-gnu/libXcomposite.so.1.0.0
7f69c3f96000-7f69c4195000 ---p 00002000 08:01 5773775                    /usr/lib/x86_64-linux-gnu/libXcomposite.so.1.0.0
7f69c4195000-7f69c4196000 r--p 00001000 08:01 5773775                    /usr/lib/x86_64-linux-gnu/libXcomposite.so.1.0.0
7f69c4196000-7f69c4197000 rw-p 00002000 08:01 5773775                    /usr/lib/x86_64-linux-gnu/libXcomposite.so.1.0.0
7f69c4197000-7f69c41a0000 r-xp 00000000 08:01 5773779                    /usr/lib/x86_64-linux-gnu/libXcursor.so.1.0.2
7f69c41a0000-7f69c439f000 ---p 00009000 08:01 5773779                    /usr/lib/x86_64-linux-gnu/libXcursor.so.1.0.2
7f69c439f000-7f69c43a0000 r--p 00008000 08:01 5773779                    /usr/lib/x86_64-linux-gnu/libXcursor.so.1.0.2
7f69c43a0000-7f69c43a1000 rw-p 00009000 08:01 5773779                    /usr/lib/x86_64-linux-gnu/libXcursor.so.1.0.2
7f69c43a1000-7f69c43ab000 r-xp 00000000 08:01 5774257                    /usr/lib/x86_64-linux-gnu/libXrandr.so.2.2.0
7f69c43ab000-7f69c45aa000 ---p 0000a000 08:01 5774257                    /usr/lib/x86_64-linux-gnu/libXrandr.so.2.2.0
7f69c45aa000-7f69c45ab000 r--p 00009000 08:01 5774257                    /usr/lib/x86_64-linux-gnu/libXrandr.so.2.2.0
7f69c45ab000-7f69c45ac000 rw-p 0000a000 08:01 5774257                    /usr/lib/x86_64-linux-gnu/libXrandr.so.2.2.0
7f69c45ac000-7f69c45bb000 r-xp 00000000 08:01 5774255                    /usr/lib/x86_64-linux-gnu/libXi.so.6.1.0
7f69c45bb000-7f69c47ba000 ---p 0000f000 08:01 5774255                    /usr/lib/x86_64-linux-gnu/libXi.so.6.1.0
7f69c47ba000-7f69c47bb000 r--p 0000e000 08:01 5774255                    /usr/lib/x86_64-linux-gnu/libXi.so.6.1.0
7f69c47bb000-7f69c47bc000 rw-p 0000f000 08:01 5774255                    /usr/lib/x86_64-linux-gnu/libXi.so.6.1.0
7f69c47bc000-7f69c47be000 r-xp 00000000 08:01 5773783                    /usr/lib/x86_64-linux-gnu/libXinerama.so.1.0.0
7f69c47be000-7f69c49bd000 ---p 00002000 08:01 5773783                    /usr/lib/x86_64-linux-gnu/libXinerama.so.1.0.0
7f69c49bd000-7f69c49be000 r--p 00001000 08:01 5773783                    /usr/lib/x86_64-linux-gnu/libXinerama.so.1.0.0
7f69c49be000-7f69c49bf000 rw-p 00002000 08:01 5773783                    /usr/lib/x86_64-linux-gnu/libXinerama.so.1.0.0
7f69c49bf000-7f69c49c8000 r-xp 00000000 08:01 5773777                    /usr/lib/x86_64-linux-gnu/libXrender.so.1.3.0
7f69c49c8000-7f69c4bc7000 ---p 00009000 08:01 5773777                    /usr/lib/x86_64-linux-gnu/libXrender.so.1.3.0
7f69c4bc7000-7f69c4bc8000 r--p 00008000 08:01 5773777                    /usr/lib/x86_64-linux-gnu/libXrender.so.1.3.0
7f69c4bc8000-7f69c4bc9000 rw-p 00009000 08:01 5773777                    /usr/lib/x86_64-linux-gnu/libXrender.so.1.3.0
7f69c4bc9000-7f69c4c06000 r-xp 00000000 08:01 5769505                    /usr/lib/x86_64-linux-gnu/libfontconfig.so.1.9.0
7f69c4c06000-7f69c4e05000 ---p 0003d000 08:01 5769505                    /usr/lib/x86_64-linux-gnu/libfontconfig.so.1.9.0
7f69c4e05000-7f69c4e07000 r--p 0003c000 08:01 5769505                    /usr/lib/x86_64-linux-gnu/libfontconfig.so.1.9.0
7f69c4e07000-7f69c4e0c000 rw-p 0003e000 08:01 5769505                    /usr/lib/x86_64-linux-gnu/libfontconfig.so.1.9.0
7f69c4e0c000-7f69c4e55000 r-xp 00000000 08:01 5773877                    /usr/lib/x86_64-linux-gnu/libpango-1.0.so.0.3800.1
7f69c4e55000-7f69c5055000 ---p 00049000 08:01 5773877                    /usr/lib/x86_64-linux-gnu/libpango-1.0.so.0.3800.1
7f69c5055000-7f69c5057000 r--p 00049000 08:01 5773877                    /usr/lib/x86_64-linux-gnu/libpango-1.0.so.0.3800.1
7f69c5057000-7f69c5058000 rw-p 0004b000 08:01 5773877                    /usr/lib/x86_64-linux-gnu/libpango-1.0.so.0.3800.1
7f69c5058000-7f69c506c000 r-xp 00000000 08:01 5774244                    /usr/lib/x86_64-linux-gnu/libpangoft2-1.0.so.0.3800.1
7f69c506c000-7f69c526c000 ---p 00014000 08:01 5774244                    /usr/lib/x86_64-linux-gnu/libpangoft2-1.0.so.0.3800.1
7f69c526c000-7f69c526d000 r--p 00014000 08:01 5774244                    /usr/lib/x86_64-linux-gnu/libpangoft2-1.0.so.0.3800.1
7f69c526d000-7f69c526e000 rw-p 00015000 08:01 5774244                    /usr/lib/x86_64-linux-gnu/libpangoft2-1.0.so.0.3800.1
7f69c526e000-7f69c53ee000 r-xp 00000000 08:01 5772114                    /usr/lib/x86_64-linux-gnu/libgio-2.0.so.0.4800.0
7f69c53ee000-7f69c55ee000 ---p 00180000 08:01 5772114                    /usr/lib/x86_64-linux-gnu/libgio-2.0.so.0.4800.0
7f69c55ee000-7f69c55f2000 r--p 00180000 08:01 5772114                    /usr/lib/x86_64-linux-gnu/libgio-2.0.so.0.4800.0
7f69c55f2000-7f69c55f4000 rw-p 00184000 08:01 5772114                    /usr/lib/x86_64-linux-gnu/libgio-2.0.so.0.4800.0
7f69c55f4000-7f69c55f6000 rw-p 00000000 00:00 0 
7f69c55f6000-7f69c5617000 r-xp 00000000 08:01 5774228                    /usr/lib/x86_64-linux-gnu/libgdk_pixbuf-2.0.so.0.3200.2
7f69c5617000-7f69c5816000 ---p 00021000 08:01 5774228                    /usr/lib/x86_64-linux-gnu/libgdk_pixbuf-2.0.so.0.3200.2
7f69c5816000-7f69c5817000 r--p 00020000 08:01 5774228                    /usr/lib/x86_64-linux-gnu/libgdk_pixbuf-2.0.so.0.3200.2
7f69c5817000-7f69c5818000 rw-p 00021000 08:01 5774228                    /usr/lib/x86_64-linux-gnu/libgdk_pixbuf-2.0.so.0.3200.2
7f69c5818000-7f69c5926000 r-xp 00000000 08:01 5774237                    /usr/lib/x86_64-linux-gnu/libcairo.so.2.11400.6
7f69c5926000-7f69c5b26000 ---p 0010e000 08:01 5774237                    /usr/lib/x86_64-linux-gnu/libcairo.so.2.11400.6
7f69c5b26000-7f69c5b29000 r--p 0010e000 08:01 5774237                    /usr/lib/x86_64-linux-gnu/libcairo.so.2.11400.6
7f69c5b29000-7f69c5b2a000 rw-p 00111000 08:01 5774237                    /usr/lib/x86_64-linux-gnu/libcairo.so.2.11400.6
7f69c5b2a000-7f69c5b2c000 rw-p 00000000 00:00 0 
7f69c5b2c000-7f69c5b4e000 r-xp 00000000 08:01 5774223                    /usr/lib/x86_64-linux-gnu/libatk-1.0.so.0.21809.1
7f69c5b4e000-7f69c5d4d000 ---p 00022000 08:01 5774223                    /usr/lib/x86_64-linux-gnu/libatk-1.0.so.0.21809.1
7f69c5d4d000-7f69c5d50000 r--p 00021000 08:01 5774223                    /usr/lib/x86_64-linux-gnu/libatk-1.0.so.0.21809.1
7f69c5d50000-7f69c5d51000 rw-p 00024000 08:01 5774223                    /usr/lib/x86_64-linux-gnu/libatk-1.0.so.0.21809.1
7f69c5d51000-7f69c5d5d000 r-xp 00000000 08:01 5774246                    /usr/lib/x86_64-linux-gnu/libpangocairo-1.0.so.0.3800.1
7f69c5d5d000-7f69c5f5c000 ---p 0000c000 08:01 5774246                    /usr/lib/x86_64-linux-gnu/libpangocairo-1.0.so.0.3800.1
7f69c5f5c000-7f69c5f5d000 r--p 0000b000 08:01 5774246                    /usr/lib/x86_64-linux-gnu/libpangocairo-1.0.so.0.3800.1
7f69c5f5d000-7f69c5f5e000 rw-p 0000c000 08:01 5774246                    /usr/lib/x86_64-linux-gnu/libpangocairo-1.0.so.0.3800.1
7f69c5f5e000-7f69c5f61000 r-xp 00000000 08:01 5772116                    /usr/lib/x86_64-linux-gnu/libgmodule-2.0.so.0.4800.0
7f69c5f61000-7f69c6160000 ---p 00003000 08:01 5772116                    /usr/lib/x86_64-linux-gnu/libgmodule-2.0.so.0.4800.0
7f69c6160000-7f69c6161000 r--p 00002000 08:01 5772116                    /usr/lib/x86_64-linux-gnu/libgmodule-2.0.so.0.4800.0
7f69c6161000-7f69c6162000 rw-p 00003000 08:01 5772116                    /usr/lib/x86_64-linux-gnu/libgmodule-2.0.so.0.4800.0
7f69c6162000-7f69c6167000 r-xp 00000000 08:01 5773744                    /usr/lib/x86_64-linux-gnu/libIlmThread-2_2.so.12.0.0
7f69c6167000-7f69c6367000 ---p 00005000 08:01 5773744                    /usr/lib/x86_64-linux-gnu/libIlmThread-2_2.so.12.0.0
7f69c6367000-7f69c6368000 r--p 00005000 08:01 5773744                    /usr/lib/x86_64-linux-gnu/libIlmThread-2_2.so.12.0.0
7f69c6368000-7f69c6369000 rw-p 00006000 08:01 5773744                    /usr/lib/x86_64-linux-gnu/libIlmThread-2_2.so.12.0.0
7f69c6369000-7f69c6384000 r-xp 00000000 08:01 5773743                    /usr/lib/x86_64-linux-gnu/libIex-2_2.so.12.0.0
7f69c6384000-7f69c6583000 ---p 0001b000 08:01 5773743                    /usr/lib/x86_64-linux-gnu/libIex-2_2.so.12.0.0
7f69c6583000-7f69c6586000 r--p 0001a000 08:01 5773743                    /usr/lib/x86_64-linux-gnu/libIex-2_2.so.12.0.0
7f69c6586000-7f69c6587000 rw-p 0001d000 08:01 5773743                    /usr/lib/x86_64-linux-gnu/libIex-2_2.so.12.0.0
7f69c6587000-7f69c6592000 r-xp 00000000 08:01 5773868                    /usr/lib/x86_64-linux-gnu/libjbig.so.0
7f69c6592000-7f69c6791000 ---p 0000b000 08:01 5773868                    /usr/lib/x86_64-linux-gnu/libjbig.so.0
7f69c6791000-7f69c6792000 r--p 0000a000 08:01 5773868                    /usr/lib/x86_64-linux-gnu/libjbig.so.0
7f69c6792000-7f69c6795000 rw-p 0000b000 08:01 5773868                    /usr/lib/x86_64-linux-gnu/libjbig.so.0
7f69c6795000-7f69c67b6000 r-xp 00000000 08:01 57934368                   /lib/x86_64-linux-gnu/liblzma.so.5.0.0
7f69c67b6000-7f69c69b5000 ---p 00021000 08:01 57934368                   /lib/x86_64-linux-gnu/liblzma.so.5.0.0
7f69c69b5000-7f69c69b6000 r--p 00020000 08:01 57934368                   /lib/x86_64-linux-gnu/liblzma.so.5.0.0
7f69c69b6000-7f69c69b7000 rw-p 00021000 08:01 57934368                   /lib/x86_64-linux-gnu/liblzma.so.5.0.0
7f69c69b7000-7f69c69c5000 r-xp 00000000 08:01 5772902                    /usr/lib/x86_64-linux-gnu/libdrm.so.2.4.0
7f69c69c5000-7f69c6bc4000 ---p 0000e000 08:01 5772902                    /usr/lib/x86_64-linux-gnu/libdrm.so.2.4.0
7f69c6bc4000-7f69c6bc5000 r--p 0000d000 08:01 5772902                    /usr/lib/x86_64-linux-gnu/libdrm.so.2.4.0
7f69c6bc5000-7f69c6bc6000 rw-p 0000e000 08:01 5772902                    /usr/lib/x86_64-linux-gnu/libdrm.so.2.4.0
7f69c6bc6000-7f69c6bcb000 r-xp 00000000 08:01 5773515                    /usr/lib/x86_64-linux-gnu/libXxf86vm.so.1.0.0
7f69c6bcb000-7f69c6dca000 ---p 00005000 08:01 5773515                    /usr/lib/x86_64-linux-gnu/libXxf86vm.so.1.0.0
7f69c6dca000-7f69c6dcb000 r--p 00004000 08:01 5773515                    /usr/lib/x86_64-linux-gnu/libXxf86vm.so.1.0.0
7f69c6dcb000-7f69c6dcc000 rw-p 00005000 08:01 5773515                    /usr/lib/x86_64-linux-gnu/libXxf86vm.so.1.0.0
7f69c6dcc000-7f69c6ded000 r-xp 00000000 08:01 5772752                    /usr/lib/x86_64-linux-gnu/libxcb.so.1.1.0
7f69c6ded000-7f69c6fec000 ---p 00021000 08:01 5772752                    /usr/lib/x86_64-linux-gnu/libxcb.so.1.1.0
7f69c6fec000-7f69c6fed000 r--p 00020000 08:01 5772752                    /usr/lib/x86_64-linux-gnu/libxcb.so.1.1.0
7f69c6fed000-7f69c6fee000 rw-p 00021000 08:01 5772752                    /usr/lib/x86_64-linux-gnu/libxcb.so.1.1.0
7f69c6fee000-7f69c6ff2000 r-xp 00000000 08:01 5773694                    /usr/lib/x86_64-linux-gnu/libxcb-dri2.so.0.0.0
7f69c6ff2000-7f69c71f1000 ---p 00004000 08:01 5773694                    /usr/lib/x86_64-linux-gnu/libxcb-dri2.so.0.0.0
7f69c71f1000-7f69c71f2000 r--p 00003000 08:01 5773694                    /usr/lib/x86_64-linux-gnu/libxcb-dri2.so.0.0.0
7f69c71f2000-7f69c71f3000 rw-p 00004000 08:01 5773694                    /usr/lib/x86_64-linux-gnu/libxcb-dri2.so.0.0.0
7f69c71f3000-7f69c720a000 r-xp 00000000 08:01 5773698                    /usr/lib/x86_64-linux-gnu/libxcb-glx.so.0.0.0
7f69c720a000-7f69c7409000 ---p 00017000 08:01 5773698                    /usr/lib/x86_64-linux-gnu/libxcb-glx.so.0.0.0
7f69c7409000-7f69c740b000 r--p 00016000 08:01 5773698                    /usr/lib/x86_64-linux-gnu/libxcb-glx.so.0.0.0
7f69c740b000-7f69c740c000 rw-p 00018000 08:01 5773698                    /usr/lib/x86_64-linux-gnu/libxcb-glx.so.0.0.0
7f69c740c000-7f69c7541000 r-xp 00000000 08:01 5772755                    /usr/lib/x86_64-linux-gnu/libX11.so.6.3.0
7f69c7541000-7f69c7741000 ---p 00135000 08:01 5772755                    /usr/lib/x86_64-linux-gnu/libX11.so.6.3.0
7f69c7741000-7f69c7742000 r--p 00135000 08:01 5772755                    /usr/lib/x86_64-linux-gnu/libX11.so.6.3.0
7f69c7742000-7f69c7746000 rw-p 00136000 08:01 5772755                    /usr/lib/x86_64-linux-gnu/libX11.so.6.3.0
7f69c7746000-7f69c7747000 r-xp 00000000 08:01 5773692                    /usr/lib/x86_64-linux-gnu/libX11-xcb.so.1.0.0
7f69c7747000-7f69c7946000 ---p 00001000 08:01 5773692                    /usr/lib/x86_64-linux-gnu/libX11-xcb.so.1.0.0
7f69c7946000-7f69c7947000 r--p 00000000 08:01 5773692                    /usr/lib/x86_64-linux-gnu/libX11-xcb.so.1.0.0
7f69c7947000-7f69c7948000 rw-p 00001000 08:01 5773692                    /usr/lib/x86_64-linux-gnu/libX11-xcb.so.1.0.0
7f69c7948000-7f69c794d000 r-xp 00000000 08:01 5773511                    /usr/lib/x86_64-linux-gnu/libXfixes.so.3.1.0
7f69c794d000-7f69c7b4c000 ---p 00005000 08:01 5773511                    /usr/lib/x86_64-linux-gnu/libXfixes.so.3.1.0
7f69c7b4c000-7f69c7b4d000 r--p 00004000 08:01 5773511                    /usr/lib/x86_64-linux-gnu/libXfixes.so.3.1.0
7f69c7b4d000-7f69c7b4e000 rw-p 00005000 08:01 5773511                    /usr/lib/x86_64-linux-gnu/libXfixes.so.3.1.0
7f69c7b4e000-7f69c7b50000 r-xp 00000000 08:01 5773509                    /usr/lib/x86_64-linux-gnu/libXdamage.so.1.1.0
7f69c7b50000-7f69c7d4f000 ---p 00002000 08:01 5773509                    /usr/lib/x86_64-linux-gnu/libXdamage.so.1.1.0
7f69c7d4f000-7f69c7d50000 r--p 00001000 08:01 5773509                    /usr/lib/x86_64-linux-gnu/libXdamage.so.1.1.0
7f69c7d50000-7f69c7d51000 rw-p 00002000 08:01 5773509                    /usr/lib/x86_64-linux-gnu/libXdamage.so.1.1.0
7f69c7d51000-7f69c7d62000 r-xp 00000000 08:01 5772757                    /usr/lib/x86_64-linux-gnu/libXext.so.6.4.0
7f69c7d62000-7f69c7f61000 ---p 00011000 08:01 5772757                    /usr/lib/x86_64-linux-gnu/libXext.so.6.4.0
7f69c7f61000-7f69c7f62000 r--p 00010000 08:01 5772757                    /usr/lib/x86_64-linux-gnu/libXext.so.6.4.0
7f69c7f62000-7f69c7f63000 rw-p 00011000 08:01 5772757                    /usr/lib/x86_64-linux-gnu/libXext.so.6.4.0
7f69c7f63000-7f69c7f8c000 r-xp 00000000 08:01 5773690                    /usr/lib/x86_64-linux-gnu/libglapi.so.0.0.0
7f69c7f8c000-7f69c818b000 ---p 00029000 08:01 5773690                    /usr/lib/x86_64-linux-gnu/libglapi.so.0.0.0
7f69c818b000-7f69c818f000 r--p 00028000 08:01 5773690                    /usr/lib/x86_64-linux-gnu/libglapi.so.0.0.0
7f69c818f000-7f69c8190000 rw-p 0002c000 08:01 5773690                    /usr/lib/x86_64-linux-gnu/libglapi.so.0.0.0
7f69c8190000-7f69c8191000 rw-p 00000000 00:00 0 
7f69c8191000-7f69c8192000 r-xp 00000000 08:01 5773513                    /usr/lib/x86_64-linux-gnu/libxshmfence.so.1.0.0
7f69c8192000-7f69c8392000 ---p 00001000 08:01 5773513                    /usr/lib/x86_64-linux-gnu/libxshmfence.so.1.0.0
7f69c8392000-7f69c8393000 r--p 00001000 08:01 5773513                    /usr/lib/x86_64-linux-gnu/libxshmfence.so.1.0.0
7f69c8393000-7f69c8394000 rw-p 00002000 08:01 5773513                    /usr/lib/x86_64-linux-gnu/libxshmfence.so.1.0.0
7f69c8394000-7f69c8399000 r-xp 00000000 08:01 5773702                    /usr/lib/x86_64-linux-gnu/libxcb-sync.so.1.0.0
7f69c8399000-7f69c8599000 ---p 00005000 08:01 5773702                    /usr/lib/x86_64-linux-gnu/libxcb-sync.so.1.0.0
7f69c8599000-7f69c859a000 r--p 00005000 08:01 5773702                    /usr/lib/x86_64-linux-gnu/libxcb-sync.so.1.0.0
7f69c859a000-7f69c859b000 rw-p 00006000 08:01 5773702                    /usr/lib/x86_64-linux-gnu/libxcb-sync.so.1.0.0
7f69c859b000-7f69c859d000 r-xp 00000000 08:01 5773700                    /usr/lib/x86_64-linux-gnu/libxcb-present.so.0.0.0
7f69c859d000-7f69c879c000 ---p 00002000 08:01 5773700                    /usr/lib/x86_64-linux-gnu/libxcb-present.so.0.0.0
7f69c879c000-7f69c879d000 r--p 00001000 08:01 5773700                    /usr/lib/x86_64-linux-gnu/libxcb-present.so.0.0.0
7f69c879d000-7f69c879e000 rw-p 00002000 08:01 5773700                    /usr/lib/x86_64-linux-gnu/libxcb-present.so.0.0.0
7f69c879e000-7f69c87a0000 r-xp 00000000 08:01 5773696                    /usr/lib/x86_64-linux-gnu/libxcb-dri3.so.0.0.0
7f69c87a0000-7f69c899f000 ---p 00002000 08:01 5773696                    /usr/lib/x86_64-linux-gnu/libxcb-dri3.so.0.0.0
7f69c899f000-7f69c89a0000 r--p 00001000 08:01 5773696                    /usr/lib/x86_64-linux-gnu/libxcb-dri3.so.0.0.0
7f69c89a0000-7f69c89a1000 rw-p 00002000 08:01 5773696                    /usr/lib/x86_64-linux-gnu/libxcb-dri3.so.0.0.0
7f69c89a1000-7f69c89c7000 r-xp 00000000 08:01 57938095                   /lib/x86_64-linux-gnu/libexpat.so.1.6.0
7f69c89c7000-7f69c8bc7000 ---p 00026000 08:01 57938095                   /lib/x86_64-linux-gnu/libexpat.so.1.6.0
7f69c8bc7000-7f69c8bc9000 r--p 00026000 08:01 57938095                   /lib/x86_64-linux-gnu/libexpat.so.1.6.0
7f69c8bc9000-7f69c8bca000 rw-p 00028000 08:01 57938095                   /lib/x86_64-linux-gnu/libexpat.so.1.6.0
7f69c8bca000-7f69c8bcd000 r-xp 00000000 08:01 57934342                   /lib/x86_64-linux-gnu/libdl-2.23.so
7f69c8bcd000-7f69c8dcc000 ---p 00003000 08:01 57934342                   /lib/x86_64-linux-gnu/libdl-2.23.so
7f69c8dcc000-7f69c8dcd000 r--p 00002000 08:01 57934342                   /lib/x86_64-linux-gnu/libdl-2.23.so
7f69c8dcd000-7f69c8dce000 rw-p 00003000 08:01 57934342                   /lib/x86_64-linux-gnu/libdl-2.23.so
7f69c8dce000-7f69c8dd5000 r-xp 00000000 08:01 57934421                   /lib/x86_64-linux-gnu/librt-2.23.so
7f69c8dd5000-7f69c8fd4000 ---p 00007000 08:01 57934421                   /lib/x86_64-linux-gnu/librt-2.23.so
7f69c8fd4000-7f69c8fd5000 r--p 00006000 08:01 57934421                   /lib/x86_64-linux-gnu/librt-2.23.so
7f69c8fd5000-7f69c8fd6000 rw-p 00007000 08:01 57934421                   /lib/x86_64-linux-gnu/librt-2.23.so
7f69c8fd6000-7f69c8fef000 r-xp 00000000 08:01 57934451                   /lib/x86_64-linux-gnu/libz.so.1.2.8
7f69c8fef000-7f69c91ee000 ---p 00019000 08:01 57934451                   /lib/x86_64-linux-gnu/libz.so.1.2.8
7f69c91ee000-7f69c91ef000 r--p 00018000 08:01 57934451                   /lib/x86_64-linux-gnu/libz.so.1.2.8
7f69c91ef000-7f69c91f0000 rw-p 00019000 08:01 57934451                   /lib/x86_64-linux-gnu/libz.so.1.2.8
7f69c91f0000-7f69c9227000 r-xp 00000000 08:01 5773706                    /usr/lib/x86_64-linux-gnu/libtbb.so.2
7f69c9227000-7f69c9427000 ---p 00037000 08:01 5773706                    /usr/lib/x86_64-linux-gnu/libtbb.so.2
7f69c9427000-7f69c9428000 r--p 00037000 08:01 5773706                    /usr/lib/x86_64-linux-gnu/libtbb.so.2
7f69c9428000-7f69c942a000 rw-p 00038000 08:01 5773706                    /usr/lib/x86_64-linux-gnu/libtbb.so.2
7f69c942a000-7f69c942d000 rw-p 00000000 00:00 0 
7f69c942d000-7f69c94b2000 r-xp 00000000 08:01 5774492                    /usr/lib/x86_64-linux-gnu/libswscale-ffmpeg.so.3.1.101
7f69c94b2000-7f69c96b1000 ---p 00085000 08:01 5774492                    /usr/lib/x86_64-linux-gnu/libswscale-ffmpeg.so.3.1.101
7f69c96b1000-7f69c96b3000 r--p 00084000 08:01 5774492                    /usr/lib/x86_64-linux-gnu/libswscale-ffmpeg.so.3.1.101
7f69c96b3000-7f69c96b4000 rw-p 00086000 08:01 5774492                    /usr/lib/x86_64-linux-gnu/libswscale-ffmpeg.so.3.1.101
7f69c96b4000-7f69c96bc000 rw-p 00000000 00:00 0 
7f69c96bc000-7f69c9711000 r-xp 00000000 08:01 5774323                    /usr/lib/x86_64-linux-gnu/libavutil-ffmpeg.so.54.31.100
7f69c9711000-7f69c9911000 ---p 00055000 08:01 5774323                    /usr/lib/x86_64-linux-gnu/libavutil-ffmpeg.so.54.31.100
7f69c9911000-7f69c9917000 r--p 00055000 08:01 5774323                    /usr/lib/x86_64-linux-gnu/libavutil-ffmpeg.so.54.31.100
7f69c9917000-7f69c9918000 rw-p 0005b000 08:01 5774323                    /usr/lib/x86_64-linux-gnu/libavutil-ffmpeg.so.54.31.100
7f69c9918000-7f69c992b000 rw-p 00000000 00:00 0 
7f69c992b000-7f69c9aff000 r-xp 00000000 08:01 5774396                    /usr/lib/x86_64-linux-gnu/libavformat-ffmpeg.so.56.40.101
7f69c9aff000-7f69c9cff000 ---p 001d4000 08:01 5774396                    /usr/lib/x86_64-linux-gnu/libavformat-ffmpeg.so.56.40.101
7f69c9cff000-7f69c9d13000 r--p 001d4000 08:01 5774396                    /usr/lib/x86_64-linux-gnu/libavformat-ffmpeg.so.56.40.101
7f69c9d13000-7f69c9d28000 rw-p 001e8000 08:01 5774396                    /usr/lib/x86_64-linux-gnu/libavformat-ffmpeg.so.56.40.101
7f69c9d28000-7f69ca852000 r-xp 00000000 08:01 5774372                    /usr/lib/x86_64-linux-gnu/libavcodec-ffmpeg.so.56.60.100
7f69ca852000-7f69caa51000 ---p 00b2a000 08:01 5774372                    /usr/lib/x86_64-linux-gnu/libavcodec-ffmpeg.so.56.60.100
7f69caa51000-7f69caa7c000 r--p 00b29000 08:01 5774372                    /usr/lib/x86_64-linux-gnu/libavcodec-ffmpeg.so.56.60.100
7f69caa7c000-7f69caa9f000 rw-p 00b54000 08:01 5774372                    /usr/lib/x86_64-linux-gnu/libavcodec-ffmpeg.so.56.60.100
7f69caa9f000-7f69cb152000 rw-p 00000000 00:00 0 
7f69cb152000-7f69cb157000 r-xp 00000000 08:01 5774497                    /usr/lib/x86_64-linux-gnu/libv4l1.so.0.0.0
7f69cb157000-7f69cb356000 ---p 00005000 08:01 5774497                    /usr/lib/x86_64-linux-gnu/libv4l1.so.0.0.0
7f69cb356000-7f69cb357000 r--p 00004000 08:01 5774497                    /usr/lib/x86_64-linux-gnu/libv4l1.so.0.0.0
7f69cb357000-7f69cb358000 rw-p 00005000 08:01 5774497                    /usr/lib/x86_64-linux-gnu/libv4l1.so.0.0.0
7f69cb358000-7f69cb38d000 r-xp 00000000 08:01 5774478                    /usr/lib/x86_64-linux-gnu/libdc1394.so.22.1.11
7f69cb38d000-7f69cb58c000 ---p 00035000 08:01 5774478                    /usr/lib/x86_64-linux-gnu/libdc1394.so.22.1.11
7f69cb58c000-7f69cb58d000 r--p 00034000 08:01 5774478                    /usr/lib/x86_64-linux-gnu/libdc1394.so.22.1.11
7f69cb58d000-7f69cb58e000 rw-p 00035000 08:01 5774478                    /usr/lib/x86_64-linux-gnu/libdc1394.so.22.1.11
7f69cb58e000-7f69cb5ce000 rw-p 00000000 00:00 0 
7f69cb5ce000-7f69cb62b000 r-xp 00000000 08:01 5774486                    /usr/lib/x86_64-linux-gnu/libgdkglext-x11-1.0.so.0.0.0
7f69cb62b000-7f69cb82a000 ---p 0005d000 08:01 5774486                    /usr/lib/x86_64-linux-gnu/libgdkglext-x11-1.0.so.0.0.0
7f69cb82a000-7f69cb82c000 r--p 0005c000 08:01 5774486                    /usr/lib/x86_64-linux-gnu/libgdkglext-x11-1.0.so.0.0.0
7f69cb82c000-7f69cb832000 rw-p 0005e000 08:01 5774486                    /usr/lib/x86_64-linux-gnu/libgdkglext-x11-1.0.so.0.0.0
7f69cb832000-7f69cb835000 r-xp 00000000 08:01 5774487                    /usr/lib/x86_64-linux-gnu/libgtkglext-x11-1.0.so.0.0.0
7f69cb835000-7f69cba34000 ---p 00003000 08:01 5774487                    /usr/lib/x86_64-linux-gnu/libgtkglext-x11-1.0.so.0.0.0
7f69cba34000-7f69cba35000 r--p 00002000 08:01 5774487                    /usr/lib/x86_64-linux-gnu/libgtkglext-x11-1.0.so.0.0.0
7f69cba35000-7f69cba36000 rw-p 00003000 08:01 5774487                    /usr/lib/x86_64-linux-gnu/libgtkglext-x11-1.0.so.0.0.0
7f69cba36000-7f69cbb44000 r-xp 00000000 08:01 57937867                   /lib/x86_64-linux-gnu/libglib-2.0.so.0.4800.0
7f69cbb44000-7f69cbd44000 ---p 0010e000 08:01 57937867                   /lib/x86_64-linux-gnu/libglib-2.0.so.0.4800.0
7f69cbd44000-7f69cbd45000 r--p 0010e000 08:01 57937867                   /lib/x86_64-linux-gnu/libglib-2.0.so.0.4800.0
7f69cbd45000-7f69cbd46000 rw-p 0010f000 08:01 57937867                   /lib/x86_64-linux-gnu/libglib-2.0.so.0.4800.0
7f69cbd46000-7f69cbd47000 rw-p 00000000 00:00 0 
7f69cbd47000-7f69cbd99000 r-xp 00000000 08:01 5772113                    /usr/lib/x86_64-linux-gnu/libgobject-2.0.so.0.4800.0
7f69cbd99000-7f69cbf98000 ---p 00052000 08:01 5772113                    /usr/lib/x86_64-linux-gnu/libgobject-2.0.so.0.4800.0
7f69cbf98000-7f69cbf99000 r--p 00051000 08:01 5772113                    /usr/lib/x86_64-linux-gnu/libgobject-2.0.so.0.4800.0
7f69cbf99000-7f69cbf9a000 rw-p 00052000 08:01 5772113                    /usr/lib/x86_64-linux-gnu/libgobject-2.0.so.0.4800.0
7f69cbf9a000-7f69cc04a000 r-xp 00000000 08:01 5774259                    /usr/lib/x86_64-linux-gnu/libgdk-x11-2.0.so.0.2400.30
7f69cc04a000-7f69cc249000 ---p 000b0000 08:01 5774259                    /usr/lib/x86_64-linux-gnu/libgdk-x11-2.0.so.0.2400.30
7f69cc249000-7f69cc24d000 r--p 000af000 08:01 5774259                    /usr/lib/x86_64-linux-gnu/libgdk-x11-2.0.so.0.2400.30
7f69cc24d000-7f69cc24f000 rw-p 000b3000 08:01 5774259                    /usr/lib/x86_64-linux-gnu/libgdk-x11-2.0.so.0.2400.30
7f69cc24f000-7f69cc68d000 r-xp 00000000 08:01 5774260                    /usr/lib/x86_64-linux-gnu/libgtk-x11-2.0.so.0.2400.30
7f69cc68d000-7f69cc88c000 ---p 0043e000 08:01 5774260                    /usr/lib/x86_64-linux-gnu/libgtk-x11-2.0.so.0.2400.30
7f69cc88c000-7f69cc893000 r--p 0043d000 08:01 5774260                    /usr/lib/x86_64-linux-gnu/libgtk-x11-2.0.so.0.2400.30
7f69cc893000-7f69cc897000 rw-p 00444000 08:01 5774260                    /usr/lib/x86_64-linux-gnu/libgtk-x11-2.0.so.0.2400.30
7f69cc897000-7f69cc89a000 rw-p 00000000 00:00 0 
7f69cc89a000-7f69cc8dc000 r-xp 00000000 08:01 5773742                    /usr/lib/x86_64-linux-gnu/libHalf.so.12.0.0
7f69cc8dc000-7f69ccadb000 ---p 00042000 08:01 5773742                    /usr/lib/x86_64-linux-gnu/libHalf.so.12.0.0
7f69ccadb000-7f69ccadc000 r--p 00041000 08:01 5773742                    /usr/lib/x86_64-linux-gnu/libHalf.so.12.0.0
7f69ccadc000-7f69ccadd000 rw-p 00042000 08:01 5773742                    /usr/lib/x86_64-linux-gnu/libHalf.so.12.0.0
7f69ccadd000-7f69ccca7000 r-xp 00000000 08:01 5773755                    /usr/lib/x86_64-linux-gnu/libIlmImf-2_2.so.22.0.0
7f69ccca7000-7f69ccea6000 ---p 001ca000 08:01 5773755                    /usr/lib/x86_64-linux-gnu/libIlmImf-2_2.so.22.0.0
7f69ccea6000-7f69ccea9000 r--p 001c9000 08:01 5773755                    /usr/lib/x86_64-linux-gnu/libIlmImf-2_2.so.22.0.0
7f69ccea9000-7f69ccfaa000 rw-p 001cc000 08:01 5773755                    /usr/lib/x86_64-linux-gnu/libIlmImf-2_2.so.22.0.0
7f69ccfaa000-7f69ccfab000 rw-p 00000000 00:00 0 
7f69ccfab000-7f69ccff7000 r-xp 00000000 08:01 5774490                    /usr/lib/x86_64-linux-gnu/libjasper.so.1.0.0
7f69ccff7000-7f69cd1f6000 ---p 0004c000 08:01 5774490                    /usr/lib/x86_64-linux-gnu/libjasper.so.1.0.0
7f69cd1f6000-7f69cd1f7000 r--p 0004b000 08:01 5774490                    /usr/lib/x86_64-linux-gnu/libjasper.so.1.0.0
7f69cd1f7000-7f69cd1fb000 rw-p 0004c000 08:01 5774490                    /usr/lib/x86_64-linux-gnu/libjasper.so.1.0.0
7f69cd1fb000-7f69cd202000 rw-p 00000000 00:00 0 
7f69cd202000-7f69cd271000 r-xp 00000000 08:01 5774225                    /usr/lib/x86_64-linux-gnu/libtiff.so.5.2.4
7f69cd271000-7f69cd471000 ---p 0006f000 08:01 5774225                    /usr/lib/x86_64-linux-gnu/libtiff.so.5.2.4
7f69cd471000-7f69cd472000 r--p 0006f000 08:01 5774225                    /usr/lib/x86_64-linux-gnu/libtiff.so.5.2.4
7f69cd472000-7f69cd475000 rw-p 00070000 08:01 5774225                    /usr/lib/x86_64-linux-gnu/libtiff.so.5.2.4
7f69cd475000-7f69cd499000 r-xp 00000000 08:01 57934410                   /lib/x86_64-linux-gnu/libpng12.so.0.54.0
7f69cd499000-7f69cd698000 ---p 00024000 08:01 57934410                   /lib/x86_64-linux-gnu/libpng12.so.0.54.0
7f69cd698000-7f69cd699000 r--p 00023000 08:01 57934410                   /lib/x86_64-linux-gnu/libpng12.so.0.54.0
7f69cd699000-7f69cd69a000 rw-p 00024000 08:01 57934410                   /lib/x86_64-linux-gnu/libpng12.so.0.54.0
7f69cd69a000-7f69cd6f1000 r-xp 00000000 08:01 5773736                    /usr/lib/x86_64-linux-gnu/libjpeg.so.8.0.2
7f69cd6f1000-7f69cd8f1000 ---p 00057000 08:01 5773736                    /usr/lib/x86_64-linux-gnu/libjpeg.so.8.0.2
7f69cd8f1000-7f69cd8f2000 r--p 00057000 08:01 5773736                    /usr/lib/x86_64-linux-gnu/libjpeg.so.8.0.2
7f69cd8f2000-7f69cd8f3000 rw-p 00058000 08:01 5773736                    /usr/lib/x86_64-linux-gnu/libjpeg.so.8.0.2
7f69cd8f3000-7f69cd960000 r-xp 00000000 08:01 7604527                    /usr/lib/x86_64-linux-gnu/mesa/libGL.so.1.2.0
7f69cd960000-7f69cdb5f000 ---p 0006d000 08:01 7604527                    /usr/lib/x86_64-linux-gnu/mesa/libGL.so.1.2.0
7f69cdb5f000-7f69cdb62000 r--p 0006c000 08:01 7604527                    /usr/lib/x86_64-linux-gnu/mesa/libGL.so.1.2.0
7f69cdb62000-7f69cdb63000 rw-p 0006f000 08:01 7604527                    /usr/lib/x86_64-linux-gnu/mesa/libGL.so.1.2.0
7f69cdb63000-7f69cdb64000 rw-p 00000000 00:00 0 
7f69cdb64000-7f69cdb85000 r-xp 00000000 08:01 5773936                    /usr/lib/x86_64-linux-gnu/libgomp.so.1.0.0
7f69cdb85000-7f69cdd84000 ---p 00021000 08:01 5773936                    /usr/lib/x86_64-linux-gnu/libgomp.so.1.0.0
7f69cdd84000-7f69cdd85000 r--p 00020000 08:01 5773936                    /usr/lib/x86_64-linux-gnu/libgomp.so.1.0.0
7f69cdd85000-7f69cdd86000 rw-p 00021000 08:01 5773936                    /usr/lib/x86_64-linux-gnu/libgomp.so.1.0.0
7f69cdd86000-7f69cde8e000 r-xp 00000000 08:01 57934369                   /lib/x86_64-linux-gnu/libm-2.23.so
7f69cde8e000-7f69ce08d000 ---p 00108000 08:01 57934369                   /lib/x86_64-linux-gnu/libm-2.23.so
7f69ce08d000-7f69ce08e000 r--p 00107000 08:01 57934369                   /lib/x86_64-linux-gnu/libm-2.23.so
7f69ce08e000-7f69ce08f000 rw-p 00108000 08:01 57934369                   /lib/x86_64-linux-gnu/libm-2.23.so
7f69ce08f000-7f69ce2ac000 r-xp 00000000 08:01 5773707                    /usr/lib/x86_64-linux-gnu/libopencv_core.so.2.4.9
7f69ce2ac000-7f69ce4ac000 ---p 0021d000 08:01 5773707                    /usr/lib/x86_64-linux-gnu/libopencv_core.so.2.4.9
7f69ce4ac000-7f69ce4b0000 r--p 0021d000 08:01 5773707                    /usr/lib/x86_64-linux-gnu/libopencv_core.so.2.4.9
7f69ce4b0000-7f69ce4b7000 rw-p 00221000 08:01 5773707                    /usr/lib/x86_64-linux-gnu/libopencv_core.so.2.4.9
7f69ce4b7000-7f69ce4b9000 rw-p 00000000 00:00 0 
7f69ce4b9000-7f69ce6a9000 r-xp 00000000 08:01 5774460                    /usr/lib/x86_64-linux-gnu/libopencv_imgproc.so.2.4.9
7f69ce6a9000-7f69ce8a8000 ---p 001f0000 08:01 5774460                    /usr/lib/x86_64-linux-gnu/libopencv_imgproc.so.2.4.9
7f69ce8a8000-7f69ce8ae000 r--p 001ef000 08:01 5774460                    /usr/lib/x86_64-linux-gnu/libopencv_imgproc.so.2.4.9
7f69ce8ae000-7f69ce8af000 rw-p 001f5000 08:01 5774460                    /usr/lib/x86_64-linux-gnu/libopencv_imgproc.so.2.4.9
7f69ce8af000-7f69ce944000 rw-p 00000000 00:00 0 
7f69ce944000-7f69ce98a000 r-xp 00000000 08:01 5774500                    /usr/lib/x86_64-linux-gnu/libopencv_highgui.so.2.4.9
7f69ce98a000-7f69ceb89000 ---p 00046000 08:01 5774500                    /usr/lib/x86_64-linux-gnu/libopencv_highgui.so.2.4.9
7f69ceb89000-7f69ceb8c000 r--p 00045000 08:01 5774500                    /usr/lib/x86_64-linux-gnu/libopencv_highgui.so.2.4.9
7f69ceb8c000-7f69ceb8d000 rw-p 00048000 08:01 5774500                    /usr/lib/x86_64-linux-gnu/libopencv_highgui.so.2.4.9
7f69ceb8d000-7f69ced4d000 r-xp 00000000 08:01 57934328                   /lib/x86_64-linux-gnu/libc-2.23.so
7f69ced4d000-7f69cef4c000 ---p 001c0000 08:01 57934328                   /lib/x86_64-linux-gnu/libc-2.23.so
7f69cef4c000-7f69cef50000 r--p 001bf000 08:01 57934328                   /lib/x86_64-linux-gnu/libc-2.23.so
7f69cef50000-7f69cef52000 rw-p 001c3000 08:01 57934328                   /lib/x86_64-linux-gnu/libc-2.23.so
7f69cef52000-7f69cef56000 rw-p 00000000 00:00 0 
7f69cef56000-7f69cef6e000 r-xp 00000000 08:01 57934415                   /lib/x86_64-linux-gnu/libpthread-2.23.so
7f69cef6e000-7f69cf16d000 ---p 00018000 08:01 57934415                   /lib/x86_64-linux-gnu/libpthread-2.23.so
7f69cf16d000-7f69cf16e000 r--p 00017000 08:01 57934415                   /lib/x86_64-linux-gnu/libpthread-2.23.so
7f69cf16e000-7f69cf16f000 rw-p 00018000 08:01 57934415                   /lib/x86_64-linux-gnu/libpthread-2.23.so
7f69cf16f000-7f69cf173000 rw-p 00000000 00:00 0 
7f69cf173000-7f69cf189000 r-xp 00000000 08:01 57934354                   /lib/x86_64-linux-gnu/libgcc_s.so.1
7f69cf189000-7f69cf388000 ---p 00016000 08:01 57934354                   /lib/x86_64-linux-gnu/libgcc_s.so.1
7f69cf388000-7f69cf389000 rw-p 00015000 08:01 57934354                   /lib/x86_64-linux-gnu/libgcc_s.so.1
7f69cf389000-7f69cf4fb000 r-xp 00000000 08:01 5771302                    /usr/lib/x86_64-linux-gnu/libstdc++.so.6.0.21
7f69cf4fb000-7f69cf6fb000 ---p 00172000 08:01 5771302                    /usr/lib/x86_64-linux-gnu/libstdc++.so.6.0.21
7f69cf6fb000-7f69cf705000 r--p 00172000 08:01 5771302                    /usr/lib/x86_64-linux-gnu/libstdc++.so.6.0.21
7f69cf705000-7f69cf707000 rw-p 0017c000 08:01 5771302                    /usr/lib/x86_64-linux-gnu/libstdc++.so.6.0.21
7f69cf707000-7f69cf70b000 rw-p 00000000 00:00 0 
7f69cf70b000-7f69cf753000 r-xp 00000000 00:2a 657865                     /home/sebastian/raytracing/build/DocOpt/libdocopt.so
7f69cf753000-7f69cf952000 ---p 00048000 00:2a 657865                     /home/sebastian/raytracing/build/DocOpt/libdocopt.so
7f69cf952000-7f69cf954000 r--p 00047000 00:2a 657865                     /home/sebastian/raytracing/build/DocOpt/libdocopt.so
7f69cf954000-7f69cf955000 rw-p 00049000 00:2a 657865                     /home/sebastian/raytracing/build/DocOpt/libdocopt.so
7f69cf955000-7f69cfa95000 r-xp 00000000 00:2a 54001821                   /home/sebastian/raytracing/build/libmct.so
7f69cfa95000-7f69cfc94000 ---p 00140000 00:2a 54001821                   /home/sebastian/raytracing/build/libmct.so
7f69cfc94000-7f69cfc97000 r--p 0013f000 00:2a 54001821                   /home/sebastian/raytracing/build/libmct.so
7f69cfc97000-7f69cfc9a000 rw-p 00142000 00:2a 54001821                   /home/sebastian/raytracing/build/libmct.so
7f69cfc9a000-7f69cfcaa000 rw-p 00000000 00:00 0 
7f69cfcaa000-7f69cfcd0000 r-xp 00000000 08:01 57934304                   /lib/x86_64-linux-gnu/ld-2.23.so
7f69cfe5e000-7f69cfe78000 rw-p 00000000 00:00 0 
7f69cfe78000-7f69cfe96000 r-xp 00000000 08:01 57934441                   /lib/x86_64-linux-gnu/libudev.so.1.6.4
7f69cfe96000-7f69cfe97000 r--p 0001d000 08:01 57934441                   /lib/x86_64-linux-gnu/libudev.so.1.6.4
7f69cfe97000-7f69cfe98000 rw-p 0001e000 08:01 57934441                   /lib/x86_64-linux-gnu/libudev.so.1.6.4
7f69cfe98000-7f69cfec1000 rw-p 00000000 00:00 0 
7f69cfecb000-7f69cfecf000 rw-p 00000000 00:00 0 
7f69cfecf000-7f69cfed0000 r--p 00025000 08:01 57934304                   /lib/x86_64-linux-gnu/ld-2.23.so
7f69cfed0000-7f69cfed1000 rw-p 00026000 08:01 57934304                   /lib/x86_64-linux-gnu/ld-2.23.so
7f69cfed1000-7f69cfed2000 rw-p 00000000 00:00 0 
7fff0ccac000-7fff0ccef000 rw-p 00000000 00:00 0                          [stack]
7fff0cd64000-7fff0cd66000 r--p 00000000 00:00 0                          [vvar]
7fff0cd66000-7fff0cd68000 r-xp 00000000 00:00 0                          [vdso]
ffffffffff600000-ffffffffff601000 r-xp 00000000 00:00 0                  [vsyscall]
