*** Error in `/home/sebastian/raytracing/build/mctPlenoscopePropagation': munmap_chunk(): invalid pointer: 0x000000000225df90 ***
======= Backtrace: =========
/lib/x86_64-linux-gnu/libc.so.6(+0x77725)[0x7fcc4ae33725]
/lib/x86_64-linux-gnu/libc.so.6(cfree+0x1a8)[0x7fcc4ae3fc18]
/home/sebastian/raytracing/build/libmct.so(_ZNSt6vectorIN12PhotonSensor11photon_infoESaIS1_EE19_M_emplace_back_auxIJRKS1_EEEvDpOT_+0xd6)[0x7fcc4bc43a16]
/home/sebastian/raytracing/build/libmct.so(_ZN12PhotonSensor6Sensor28assign_photon_to_this_sensorEPK6Photon+0x1c9)[0x7fcc4bc434f9]
/home/sebastian/raytracing/build/libmct.so(_ZN13PhotonSensors7Sensors13assign_photonEPK6Photon+0x5a)[0x7fcc4bc44b3a]
/home/sebastian/raytracing/build/libmct.so(_ZN13PhotonSensors7Sensors14assign_photonsEPKSt6vectorI6PhotonSaIS2_EE+0x27)[0x7fcc4bc44b87]
/home/sebastian/raytracing/build/mctPlenoscopePropagation(main+0x1939)[0x40ed99]
/lib/x86_64-linux-gnu/libc.so.6(__libc_start_main+0xf0)[0x7fcc4addc830]
/home/sebastian/raytracing/build/mctPlenoscopePropagation(_start+0x29)[0x412369]
======= Memory map: ========
00400000-00432000 r-xp 00000000 00:2a 54001989                           /home/sebastian/raytracing/build/mctPlenoscopePropagation
00632000-00633000 r--p 00032000 00:2a 54001989                           /home/sebastian/raytracing/build/mctPlenoscopePropagation
00633000-00634000 rw-p 00033000 00:2a 54001989                           /home/sebastian/raytracing/build/mctPlenoscopePropagation
00634000-00635000 rw-p 00000000 00:00 0 
01e31000-02fa4000 rw-p 00000000 00:00 0                                  [heap]
7fcc31d58000-7fcc324d9000 rw-p 00000000 00:00 0 
7fcc324d9000-7fcc324da000 ---p 00000000 00:00 0 
7fcc324da000-7fcc32cda000 rw-p 00000000 00:00 0 
7fcc32cda000-7fcc34590000 r-xp 00000000 08:01 5772156                    /usr/lib/x86_64-linux-gnu/libicudata.so.55.1
7fcc34590000-7fcc3478f000 ---p 018b6000 08:01 5772156                    /usr/lib/x86_64-linux-gnu/libicudata.so.55.1
7fcc3478f000-7fcc34790000 r--p 018b5000 08:01 5772156                    /usr/lib/x86_64-linux-gnu/libicudata.so.55.1
7fcc34790000-7fcc34791000 rw-p 018b6000 08:01 5772156                    /usr/lib/x86_64-linux-gnu/libicudata.so.55.1
7fcc34791000-7fcc34794000 r-xp 00000000 08:01 57937886                   /lib/x86_64-linux-gnu/libkeyutils.so.1.5
7fcc34794000-7fcc34993000 ---p 00003000 08:01 57937886                   /lib/x86_64-linux-gnu/libkeyutils.so.1.5
7fcc34993000-7fcc34994000 r--p 00002000 08:01 57937886                   /lib/x86_64-linux-gnu/libkeyutils.so.1.5
7fcc34994000-7fcc34995000 rw-p 00003000 08:01 57937886                   /lib/x86_64-linux-gnu/libkeyutils.so.1.5
7fcc34995000-7fcc34999000 r-xp 00000000 08:01 57934447                   /lib/x86_64-linux-gnu/libuuid.so.1.3.0
7fcc34999000-7fcc34b98000 ---p 00004000 08:01 57934447                   /lib/x86_64-linux-gnu/libuuid.so.1.3.0
7fcc34b98000-7fcc34b99000 r--p 00003000 08:01 57934447                   /lib/x86_64-linux-gnu/libuuid.so.1.3.0
7fcc34b99000-7fcc34b9a000 rw-p 00004000 08:01 57934447                   /lib/x86_64-linux-gnu/libuuid.so.1.3.0
7fcc34b9a000-7fcc34d19000 r-xp 00000000 08:01 5772152                    /usr/lib/x86_64-linux-gnu/libicuuc.so.55.1
7fcc34d19000-7fcc34f19000 ---p 0017f000 08:01 5772152                    /usr/lib/x86_64-linux-gnu/libicuuc.so.55.1
7fcc34f19000-7fcc34f29000 r--p 0017f000 08:01 5772152                    /usr/lib/x86_64-linux-gnu/libicuuc.so.55.1
7fcc34f29000-7fcc34f2a000 rw-p 0018f000 08:01 5772152                    /usr/lib/x86_64-linux-gnu/libicuuc.so.55.1
7fcc34f2a000-7fcc34f2e000 rw-p 00000000 00:00 0 
7fcc34f2e000-7fcc34f38000 r-xp 00000000 08:01 5772817                    /usr/lib/x86_64-linux-gnu/libkrb5support.so.0.1
7fcc34f38000-7fcc35137000 ---p 0000a000 08:01 5772817                    /usr/lib/x86_64-linux-gnu/libkrb5support.so.0.1
7fcc35137000-7fcc35138000 r--p 00009000 08:01 5772817                    /usr/lib/x86_64-linux-gnu/libkrb5support.so.0.1
7fcc35138000-7fcc35139000 rw-p 0000a000 08:01 5772817                    /usr/lib/x86_64-linux-gnu/libkrb5support.so.0.1
7fcc35139000-7fcc3513c000 r-xp 00000000 08:01 57934335                   /lib/x86_64-linux-gnu/libcom_err.so.2.1
7fcc3513c000-7fcc3533b000 ---p 00003000 08:01 57934335                   /lib/x86_64-linux-gnu/libcom_err.so.2.1
7fcc3533b000-7fcc3533c000 r--p 00002000 08:01 57934335                   /lib/x86_64-linux-gnu/libcom_err.so.2.1
7fcc3533c000-7fcc3533d000 rw-p 00003000 08:01 57934335                   /lib/x86_64-linux-gnu/libcom_err.so.2.1
7fcc3533d000-7fcc35369000 r-xp 00000000 08:01 5772819                    /usr/lib/x86_64-linux-gnu/libk5crypto.so.3.1
7fcc35369000-7fcc35568000 ---p 0002c000 08:01 5772819                    /usr/lib/x86_64-linux-gnu/libk5crypto.so.3.1
7fcc35568000-7fcc3556a000 r--p 0002b000 08:01 5772819                    /usr/lib/x86_64-linux-gnu/libk5crypto.so.3.1
7fcc3556a000-7fcc3556b000 rw-p 0002d000 08:01 5772819                    /usr/lib/x86_64-linux-gnu/libk5crypto.so.3.1
7fcc3556b000-7fcc3556c000 rw-p 00000000 00:00 0 
7fcc3556c000-7fcc3562f000 r-xp 00000000 08:01 5772821                    /usr/lib/x86_64-linux-gnu/libkrb5.so.3.3
7fcc3562f000-7fcc3582f000 ---p 000c3000 08:01 5772821                    /usr/lib/x86_64-linux-gnu/libkrb5.so.3.3
7fcc3582f000-7fcc3583c000 r--p 000c3000 08:01 5772821                    /usr/lib/x86_64-linux-gnu/libkrb5.so.3.3
7fcc3583c000-7fcc3583e000 rw-p 000d0000 08:01 5772821                    /usr/lib/x86_64-linux-gnu/libkrb5.so.3.3
7fcc3583e000-7fcc35850000 r-xp 00000000 08:01 57934358                   /lib/x86_64-linux-gnu/libgpg-error.so.0.17.0
7fcc35850000-7fcc35a50000 ---p 00012000 08:01 57934358                   /lib/x86_64-linux-gnu/libgpg-error.so.0.17.0
7fcc35a50000-7fcc35a51000 r--p 00012000 08:01 57934358                   /lib/x86_64-linux-gnu/libgpg-error.so.0.17.0
7fcc35a51000-7fcc35a52000 rw-p 00013000 08:01 57934358                   /lib/x86_64-linux-gnu/libgpg-error.so.0.17.0
7fcc35a52000-7fcc35a68000 r-xp 00000000 08:01 5773734                    /usr/lib/x86_64-linux-gnu/libICE.so.6.3.0
7fcc35a68000-7fcc35c67000 ---p 00016000 08:01 5773734                    /usr/lib/x86_64-linux-gnu/libICE.so.6.3.0
7fcc35c67000-7fcc35c68000 r--p 00015000 08:01 5773734                    /usr/lib/x86_64-linux-gnu/libICE.so.6.3.0
7fcc35c68000-7fcc35c69000 rw-p 00016000 08:01 5773734                    /usr/lib/x86_64-linux-gnu/libICE.so.6.3.0
7fcc35c69000-7fcc35c6c000 rw-p 00000000 00:00 0 
7fcc35c6c000-7fcc35c73000 r-xp 00000000 08:01 5773771                    /usr/lib/x86_64-linux-gnu/libSM.so.6.0.1
7fcc35c73000-7fcc35e72000 ---p 00007000 08:01 5773771                    /usr/lib/x86_64-linux-gnu/libSM.so.6.0.1
7fcc35e72000-7fcc35e73000 r--p 00006000 08:01 5773771                    /usr/lib/x86_64-linux-gnu/libSM.so.6.0.1
7fcc35e73000-7fcc35e74000 rw-p 00007000 08:01 5773771                    /usr/lib/x86_64-linux-gnu/libSM.so.6.0.1
7fcc35e74000-7fcc35e7a000 r-xp 00000000 08:01 5773873                    /usr/lib/x86_64-linux-gnu/libdatrie.so.1.3.3
7fcc35e7a000-7fcc3607a000 ---p 00006000 08:01 5773873                    /usr/lib/x86_64-linux-gnu/libdatrie.so.1.3.3
7fcc3607a000-7fcc3607b000 r--p 00006000 08:01 5773873                    /usr/lib/x86_64-linux-gnu/libdatrie.so.1.3.3
7fcc3607b000-7fcc3607c000 rw-p 00007000 08:01 5773873                    /usr/lib/x86_64-linux-gnu/libdatrie.so.1.3.3
7fcc3607c000-7fcc3609f000 r-xp 00000000 08:01 5774239                    /usr/lib/x86_64-linux-gnu/libgraphite2.so.3.0.1
7fcc3609f000-7fcc3629e000 ---p 00023000 08:01 5774239                    /usr/lib/x86_64-linux-gnu/libgraphite2.so.3.0.1
7fcc3629e000-7fcc362a0000 r--p 00022000 08:01 5774239                    /usr/lib/x86_64-linux-gnu/libgraphite2.so.3.0.1
7fcc362a0000-7fcc362a1000 rw-p 00024000 08:01 5774239                    /usr/lib/x86_64-linux-gnu/libgraphite2.so.3.0.1
7fcc362a1000-7fcc362b2000 r-xp 00000000 08:01 5769552                    /usr/lib/x86_64-linux-gnu/libtasn1.so.6.5.1
7fcc362b2000-7fcc364b2000 ---p 00011000 08:01 5769552                    /usr/lib/x86_64-linux-gnu/libtasn1.so.6.5.1
7fcc364b2000-7fcc364b3000 r--p 00011000 08:01 5769552                    /usr/lib/x86_64-linux-gnu/libtasn1.so.6.5.1
7fcc364b3000-7fcc364b4000 rw-p 00012000 08:01 5769552                    /usr/lib/x86_64-linux-gnu/libtasn1.so.6.5.1
7fcc364b4000-7fcc364e5000 r-xp 00000000 08:01 5769524                    /usr/lib/x86_64-linux-gnu/libidn.so.11.6.15
7fcc364e5000-7fcc366e5000 ---p 00031000 08:01 5769524                    /usr/lib/x86_64-linux-gnu/libidn.so.11.6.15
7fcc366e5000-7fcc366e6000 r--p 00031000 08:01 5769524                    /usr/lib/x86_64-linux-gnu/libidn.so.11.6.15
7fcc366e6000-7fcc366e7000 rw-p 00032000 08:01 5769524                    /usr/lib/x86_64-linux-gnu/libidn.so.11.6.15
7fcc366e7000-7fcc36741000 r-xp 00000000 08:01 5769538                    /usr/lib/x86_64-linux-gnu/libp11-kit.so.0.1.0
7fcc36741000-7fcc36940000 ---p 0005a000 08:01 5769538                    /usr/lib/x86_64-linux-gnu/libp11-kit.so.0.1.0
7fcc36940000-7fcc3694a000 r--p 00059000 08:01 5769538                    /usr/lib/x86_64-linux-gnu/libp11-kit.so.0.1.0
7fcc3694a000-7fcc3694c000 rw-p 00063000 08:01 5769538                    /usr/lib/x86_64-linux-gnu/libp11-kit.so.0.1.0
7fcc3694c000-7fcc36afc000 r-xp 00000000 08:01 5772165                    /usr/lib/x86_64-linux-gnu/libxml2.so.2.9.3
7fcc36afc000-7fcc36cfb000 ---p 001b0000 08:01 5772165                    /usr/lib/x86_64-linux-gnu/libxml2.so.2.9.3
7fcc36cfb000-7fcc36d03000 r--p 001af000 08:01 5772165                    /usr/lib/x86_64-linux-gnu/libxml2.so.2.9.3
7fcc36d03000-7fcc36d05000 rw-p 001b7000 08:01 5772165                    /usr/lib/x86_64-linux-gnu/libxml2.so.2.9.3
7fcc36d05000-7fcc36d06000 rw-p 00000000 00:00 0 
7fcc36d06000-7fcc36d85000 r-xp 00000000 08:01 5769516                    /usr/lib/x86_64-linux-gnu/libgmp.so.10.3.0
7fcc36d85000-7fcc36f84000 ---p 0007f000 08:01 5769516                    /usr/lib/x86_64-linux-gnu/libgmp.so.10.3.0
7fcc36f84000-7fcc36f85000 r--p 0007e000 08:01 5769516                    /usr/lib/x86_64-linux-gnu/libgmp.so.10.3.0
7fcc36f85000-7fcc36f86000 rw-p 0007f000 08:01 5769516                    /usr/lib/x86_64-linux-gnu/libgmp.so.10.3.0
7fcc36f86000-7fcc36fba000 r-xp 00000000 08:01 5769536                    /usr/lib/x86_64-linux-gnu/libnettle.so.6.2
7fcc36fba000-7fcc371b9000 ---p 00034000 08:01 5769536                    /usr/lib/x86_64-linux-gnu/libnettle.so.6.2
7fcc371b9000-7fcc371bb000 r--p 00033000 08:01 5769536                    /usr/lib/x86_64-linux-gnu/libnettle.so.6.2
7fcc371bb000-7fcc371bc000 rw-p 00035000 08:01 5769536                    /usr/lib/x86_64-linux-gnu/libnettle.so.6.2
7fcc371bc000-7fcc371ee000 r-xp 00000000 08:01 5769522                    /usr/lib/x86_64-linux-gnu/libhogweed.so.4.2
7fcc371ee000-7fcc373ed000 ---p 00032000 08:01 5769522                    /usr/lib/x86_64-linux-gnu/libhogweed.so.4.2
7fcc373ed000-7fcc373ee000 r--p 00031000 08:01 5769522                    /usr/lib/x86_64-linux-gnu/libhogweed.so.4.2
7fcc373ee000-7fcc373ef000 rw-p 00032000 08:01 5769522                    /usr/lib/x86_64-linux-gnu/libhogweed.so.4.2
7fcc373ef000-7fcc37436000 r-xp 00000000 08:01 5772823                    /usr/lib/x86_64-linux-gnu/libgssapi_krb5.so.2.2
7fcc37436000-7fcc37635000 ---p 00047000 08:01 5772823                    /usr/lib/x86_64-linux-gnu/libgssapi_krb5.so.2.2
7fcc37635000-7fcc37637000 r--p 00046000 08:01 5772823                    /usr/lib/x86_64-linux-gnu/libgssapi_krb5.so.2.2
7fcc37637000-7fcc37639000 rw-p 00048000 08:01 5772823                    /usr/lib/x86_64-linux-gnu/libgssapi_krb5.so.2.2
7fcc37639000-7fcc37711000 r-xp 00000000 08:01 57934356                   /lib/x86_64-linux-gnu/libgcrypt.so.20.0.5
7fcc37711000-7fcc37910000 ---p 000d8000 08:01 57934356                   /lib/x86_64-linux-gnu/libgcrypt.so.20.0.5
7fcc37910000-7fcc37911000 r--p 000d7000 08:01 57934356                   /lib/x86_64-linux-gnu/libgcrypt.so.20.0.5
7fcc37911000-7fcc37919000 rw-p 000d8000 08:01 57934356                   /lib/x86_64-linux-gnu/libgcrypt.so.20.0.5
7fcc37919000-7fcc3791a000 rw-p 00000000 00:00 0 
7fcc3791a000-7fcc37995000 r-xp 00000000 08:01 5773765                    /usr/lib/x86_64-linux-gnu/liborc-0.4.so.0.25.0
7fcc37995000-7fcc37b94000 ---p 0007b000 08:01 5773765                    /usr/lib/x86_64-linux-gnu/liborc-0.4.so.0.25.0
7fcc37b94000-7fcc37b96000 r--p 0007a000 08:01 5773765                    /usr/lib/x86_64-linux-gnu/liborc-0.4.so.0.25.0
7fcc37b96000-7fcc37b9a000 rw-p 0007c000 08:01 5773765                    /usr/lib/x86_64-linux-gnu/liborc-0.4.so.0.25.0
7fcc37b9a000-7fcc37ba1000 r-xp 00000000 08:01 5773738                    /usr/lib/x86_64-linux-gnu/libogg.so.0.8.2
7fcc37ba1000-7fcc37da1000 ---p 00007000 08:01 5773738                    /usr/lib/x86_64-linux-gnu/libogg.so.0.8.2
7fcc37da1000-7fcc37da2000 r--p 00007000 08:01 5773738                    /usr/lib/x86_64-linux-gnu/libogg.so.0.8.2
7fcc37da2000-7fcc37da3000 rw-p 00008000 08:01 5773738                    /usr/lib/x86_64-linux-gnu/libogg.so.0.8.2
7fcc37da3000-7fcc37dad000 r-xp 00000000 08:01 5772899                    /usr/lib/x86_64-linux-gnu/libnuma.so.1.0.0
7fcc37dad000-7fcc37fac000 ---p 0000a000 08:01 5772899                    /usr/lib/x86_64-linux-gnu/libnuma.so.1.0.0
7fcc37fac000-7fcc37fad000 r--p 00009000 08:01 5772899                    /usr/lib/x86_64-linux-gnu/libnuma.so.1.0.0
7fcc37fad000-7fcc37fae000 rw-p 0000a000 08:01 5772899                    /usr/lib/x86_64-linux-gnu/libnuma.so.1.0.0
7fcc37fae000-7fcc37fdc000 r-xp 00000000 08:01 5774339                    /usr/lib/x86_64-linux-gnu/libsoxr.so.0.1.1
7fcc37fdc000-7fcc381db000 ---p 0002e000 08:01 5774339                    /usr/lib/x86_64-linux-gnu/libsoxr.so.0.1.1
7fcc381db000-7fcc381dd000 r--p 0002d000 08:01 5774339                    /usr/lib/x86_64-linux-gnu/libsoxr.so.0.1.1
7fcc381dd000-7fcc381de000 rw-p 0002f000 08:01 5774339                    /usr/lib/x86_64-linux-gnu/libsoxr.so.0.1.1
7fcc381de000-7fcc38213000 rw-p 00000000 00:00 0 
7fcc38213000-7fcc38238000 r-xp 00000000 08:01 5774494                    /usr/lib/x86_64-linux-gnu/libv4lconvert.so.0.0.0
7fcc38238000-7fcc38438000 ---p 00025000 08:01 5774494                    /usr/lib/x86_64-linux-gnu/libv4lconvert.so.0.0.0
7fcc38438000-7fcc3843a000 r--p 00025000 08:01 5774494                    /usr/lib/x86_64-linux-gnu/libv4lconvert.so.0.0.0
7fcc3843a000-7fcc3843b000 rw-p 00027000 08:01 5774494                    /usr/lib/x86_64-linux-gnu/libv4lconvert.so.0.0.0
7fcc3843b000-7fcc3848d000 rw-p 00000000 00:00 0 
7fcc3848d000-7fcc384ef000 r-xp 00000000 08:01 5774482                    /usr/lib/x86_64-linux-gnu/libXt.so.6.0.0
7fcc384ef000-7fcc386ef000 ---p 00062000 08:01 5774482                    /usr/lib/x86_64-linux-gnu/libXt.so.6.0.0
7fcc386ef000-7fcc386f0000 r--p 00062000 08:01 5774482                    /usr/lib/x86_64-linux-gnu/libXt.so.6.0.0
7fcc386f0000-7fcc386f5000 rw-p 00063000 08:01 5774482                    /usr/lib/x86_64-linux-gnu/libXt.so.6.0.0
7fcc386f5000-7fcc386f6000 rw-p 00000000 00:00 0 
7fcc386f6000-7fcc386fe000 r-xp 00000000 08:01 5773875                    /usr/lib/x86_64-linux-gnu/libthai.so.0.2.4
7fcc386fe000-7fcc388fd000 ---p 00008000 08:01 5773875                    /usr/lib/x86_64-linux-gnu/libthai.so.0.2.4
7fcc388fd000-7fcc388fe000 r--p 00007000 08:01 5773875                    /usr/lib/x86_64-linux-gnu/libthai.so.0.2.4
7fcc388fe000-7fcc388ff000 rw-p 00008000 08:01 5773875                    /usr/lib/x86_64-linux-gnu/libthai.so.0.2.4
7fcc388ff000-7fcc3895b000 r-xp 00000000 08:01 5774242                    /usr/lib/x86_64-linux-gnu/libharfbuzz.so.0.10000.1
7fcc3895b000-7fcc38b5b000 ---p 0005c000 08:01 5774242                    /usr/lib/x86_64-linux-gnu/libharfbuzz.so.0.10000.1
7fcc38b5b000-7fcc38b5c000 r--p 0005c000 08:01 5774242                    /usr/lib/x86_64-linux-gnu/libharfbuzz.so.0.10000.1
7fcc38b5c000-7fcc38b5d000 rw-p 0005d000 08:01 5774242                    /usr/lib/x86_64-linux-gnu/libharfbuzz.so.0.10000.1
7fcc38b5d000-7fcc38b74000 r-xp 00000000 08:01 57934419                   /lib/x86_64-linux-gnu/libresolv-2.23.so
7fcc38b74000-7fcc38d74000 ---p 00017000 08:01 57934419                   /lib/x86_64-linux-gnu/libresolv-2.23.so
7fcc38d74000-7fcc38d75000 r--p 00017000 08:01 57934419                   /lib/x86_64-linux-gnu/libresolv-2.23.so
7fcc38d75000-7fcc38d76000 rw-p 00018000 08:01 57934419                   /lib/x86_64-linux-gnu/libresolv-2.23.so
7fcc38d76000-7fcc38d78000 rw-p 00000000 00:00 0 
7fcc38d78000-7fcc38d97000 r-xp 00000000 08:01 57934425                   /lib/x86_64-linux-gnu/libselinux.so.1
7fcc38d97000-7fcc38f96000 ---p 0001f000 08:01 57934425                   /lib/x86_64-linux-gnu/libselinux.so.1
7fcc38f96000-7fcc38f97000 r--p 0001e000 08:01 57934425                   /lib/x86_64-linux-gnu/libselinux.so.1
7fcc38f97000-7fcc38f98000 rw-p 0001f000 08:01 57934425                   /lib/x86_64-linux-gnu/libselinux.so.1
7fcc38f98000-7fcc38f9a000 rw-p 00000000 00:00 0 
7fcc38f9a000-7fcc38fa2000 r-xp 00000000 08:01 5774233                    /usr/lib/x86_64-linux-gnu/libxcb-render.so.0.0.0
7fcc38fa2000-7fcc391a2000 ---p 00008000 08:01 5774233                    /usr/lib/x86_64-linux-gnu/libxcb-render.so.0.0.0
7fcc391a2000-7fcc391a3000 r--p 00008000 08:01 5774233                    /usr/lib/x86_64-linux-gnu/libxcb-render.so.0.0.0
7fcc391a3000-7fcc391a4000 rw-p 00009000 08:01 5774233                    /usr/lib/x86_64-linux-gnu/libxcb-render.so.0.0.0
7fcc391a4000-7fcc391a6000 r-xp 00000000 08:01 5774235                    /usr/lib/x86_64-linux-gnu/libxcb-shm.so.0.0.0
7fcc391a6000-7fcc393a6000 ---p 00002000 08:01 5774235                    /usr/lib/x86_64-linux-gnu/libxcb-shm.so.0.0.0
7fcc393a6000-7fcc393a7000 r--p 00002000 08:01 5774235                    /usr/lib/x86_64-linux-gnu/libxcb-shm.so.0.0.0
7fcc393a7000-7fcc393a8000 rw-p 00003000 08:01 5774235                    /usr/lib/x86_64-linux-gnu/libxcb-shm.so.0.0.0
7fcc393a8000-7fcc39447000 r-xp 00000000 08:01 5774231                    /usr/lib/x86_64-linux-gnu/libpixman-1.so.0.33.6
7fcc39447000-7fcc39647000 ---p 0009f000 08:01 5774231                    /usr/lib/x86_64-linux-gnu/libpixman-1.so.0.33.6
7fcc39647000-7fcc3964f000 r--p 0009f000 08:01 5774231                    /usr/lib/x86_64-linux-gnu/libpixman-1.so.0.33.6
7fcc3964f000-7fcc39650000 rw-p 000a7000 08:01 5774231                    /usr/lib/x86_64-linux-gnu/libpixman-1.so.0.33.6
7fcc39650000-7fcc396f4000 r-xp 00000000 08:01 5772064                    /usr/lib/x86_64-linux-gnu/libfreetype.so.6.12.1
7fcc396f4000-7fcc398f3000 ---p 000a4000 08:01 5772064                    /usr/lib/x86_64-linux-gnu/libfreetype.so.6.12.1
7fcc398f3000-7fcc398f9000 r--p 000a3000 08:01 5772064                    /usr/lib/x86_64-linux-gnu/libfreetype.so.6.12.1
7fcc398f9000-7fcc398fa000 rw-p 000a9000 08:01 5772064                    /usr/lib/x86_64-linux-gnu/libfreetype.so.6.12.1
7fcc398fa000-7fcc398ff000 r-xp 00000000 08:01 5772750                    /usr/lib/x86_64-linux-gnu/libXdmcp.so.6.0.0
7fcc398ff000-7fcc39afe000 ---p 00005000 08:01 5772750                    /usr/lib/x86_64-linux-gnu/libXdmcp.so.6.0.0
7fcc39afe000-7fcc39aff000 r--p 00004000 08:01 5772750                    /usr/lib/x86_64-linux-gnu/libXdmcp.so.6.0.0
7fcc39aff000-7fcc39b00000 rw-p 00005000 08:01 5772750                    /usr/lib/x86_64-linux-gnu/libXdmcp.so.6.0.0
7fcc39b00000-7fcc39b02000 r-xp 00000000 08:01 5772748                    /usr/lib/x86_64-linux-gnu/libXau.so.6.0.0
7fcc39b02000-7fcc39d02000 ---p 00002000 08:01 5772748                    /usr/lib/x86_64-linux-gnu/libXau.so.6.0.0
7fcc39d02000-7fcc39d03000 r--p 00002000 08:01 5772748                    /usr/lib/x86_64-linux-gnu/libXau.so.6.0.0
7fcc39d03000-7fcc39d04000 rw-p 00003000 08:01 5772748                    /usr/lib/x86_64-linux-gnu/libXau.so.6.0.0
7fcc39d04000-7fcc39d13000 r-xp 00000000 08:01 57934327                   /lib/x86_64-linux-gnu/libbz2.so.1.0.4
7fcc39d13000-7fcc39f12000 ---p 0000f000 08:01 57934327                   /lib/x86_64-linux-gnu/libbz2.so.1.0.4
7fcc39f12000-7fcc39f13000 r--p 0000e000 08:01 57934327                   /lib/x86_64-linux-gnu/libbz2.so.1.0.4
7fcc39f13000-7fcc39f14000 rw-p 0000f000 08:01 57934327                   /lib/x86_64-linux-gnu/libbz2.so.1.0.4
7fcc39f14000-7fcc3a038000 r-xp 00000000 08:01 5769520                    /usr/lib/x86_64-linux-gnu/libgnutls.so.30.6.2
7fcc3a038000-7fcc3a237000 ---p 00124000 08:01 5769520                    /usr/lib/x86_64-linux-gnu/libgnutls.so.30.6.2
7fcc3a237000-7fcc3a242000 r--p 00123000 08:01 5769520                    /usr/lib/x86_64-linux-gnu/libgnutls.so.30.6.2
7fcc3a242000-7fcc3a244000 rw-p 0012e000 08:01 5769520                    /usr/lib/x86_64-linux-gnu/libgnutls.so.30.6.2
7fcc3a244000-7fcc3a245000 rw-p 00000000 00:00 0 
7fcc3a245000-7fcc3a28c000 r-xp 00000000 08:01 5774386                    /usr/lib/x86_64-linux-gnu/libbluray.so.1.9.2
7fcc3a28c000-7fcc3a48b000 ---p 00047000 08:01 5774386                    /usr/lib/x86_64-linux-gnu/libbluray.so.1.9.2
7fcc3a48b000-7fcc3a48d000 r--p 00046000 08:01 5774386                    /usr/lib/x86_64-linux-gnu/libbluray.so.1.9.2
7fcc3a48d000-7fcc3a48e000 rw-p 00048000 08:01 5774386                    /usr/lib/x86_64-linux-gnu/libbluray.so.1.9.2
7fcc3a48e000-7fcc3a4d8000 r-xp 00000000 08:01 5774388                    /usr/lib/x86_64-linux-gnu/libgme.so.0.6.0
7fcc3a4d8000-7fcc3a6d8000 ---p 0004a000 08:01 5774388                    /usr/lib/x86_64-linux-gnu/libgme.so.0.6.0
7fcc3a6d8000-7fcc3a6db000 r--p 0004a000 08:01 5774388                    /usr/lib/x86_64-linux-gnu/libgme.so.0.6.0
7fcc3a6db000-7fcc3a6dc000 rw-p 0004d000 08:01 5774388                    /usr/lib/x86_64-linux-gnu/libgme.so.0.6.0
7fcc3a6dc000-7fcc3a726000 r-xp 00000000 08:01 5774390                    /usr/lib/x86_64-linux-gnu/libmodplug.so.1.0.0
7fcc3a726000-7fcc3a926000 ---p 0004a000 08:01 5774390                    /usr/lib/x86_64-linux-gnu/libmodplug.so.1.0.0
7fcc3a926000-7fcc3a927000 r--p 0004a000 08:01 5774390                    /usr/lib/x86_64-linux-gnu/libmodplug.so.1.0.0
7fcc3a927000-7fcc3a928000 rw-p 0004b000 08:01 5774390                    /usr/lib/x86_64-linux-gnu/libmodplug.so.1.0.0
7fcc3a928000-7fcc3aa67000 rw-p 00000000 00:00 0 
7fcc3aa67000-7fcc3aa82000 r-xp 00000000 08:01 5772850                    /usr/lib/x86_64-linux-gnu/librtmp.so.1
7fcc3aa82000-7fcc3ac81000 ---p 0001b000 08:01 5772850                    /usr/lib/x86_64-linux-gnu/librtmp.so.1
7fcc3ac81000-7fcc3ac82000 r--p 0001a000 08:01 5772850                    /usr/lib/x86_64-linux-gnu/librtmp.so.1
7fcc3ac82000-7fcc3ac83000 rw-p 0001b000 08:01 5772850                    /usr/lib/x86_64-linux-gnu/librtmp.so.1
7fcc3ac83000-7fcc3accb000 r-xp 00000000 08:01 5774392                    /usr/lib/x86_64-linux-gnu/libssh-gcrypt.so.4.4.1
7fcc3accb000-7fcc3aeca000 ---p 00048000 08:01 5774392                    /usr/lib/x86_64-linux-gnu/libssh-gcrypt.so.4.4.1
7fcc3aeca000-7fcc3aecb000 r--p 00047000 08:01 5774392                    /usr/lib/x86_64-linux-gnu/libssh-gcrypt.so.4.4.1
7fcc3aecb000-7fcc3aecc000 rw-p 00048000 08:01 5774392                    /usr/lib/x86_64-linux-gnu/libssh-gcrypt.so.4.4.1
7fcc3aecc000-7fcc3aee6000 r-xp 00000000 08:01 5769549                    /usr/lib/x86_64-linux-gnu/libcrystalhd.so.3.6
7fcc3aee6000-7fcc3b0e5000 ---p 0001a000 08:01 5769549                    /usr/lib/x86_64-linux-gnu/libcrystalhd.so.3.6
7fcc3b0e5000-7fcc3b0e6000 r--p 00019000 08:01 5769549                    /usr/lib/x86_64-linux-gnu/libcrystalhd.so.3.6
7fcc3b0e6000-7fcc3b0e7000 rw-p 0001a000 08:01 5769549                    /usr/lib/x86_64-linux-gnu/libcrystalhd.so.3.6
7fcc3b0e7000-7fcc3b0f4000 r-xp 00000000 08:01 5771305                    /usr/lib/x86_64-linux-gnu/libgsm.so.1.0.12
7fcc3b0f4000-7fcc3b2f3000 ---p 0000d000 08:01 5771305                    /usr/lib/x86_64-linux-gnu/libgsm.so.1.0.12
7fcc3b2f3000-7fcc3b2f4000 r--p 0000c000 08:01 5771305                    /usr/lib/x86_64-linux-gnu/libgsm.so.1.0.12
7fcc3b2f4000-7fcc3b2f5000 rw-p 0000d000 08:01 5771305                    /usr/lib/x86_64-linux-gnu/libgsm.so.1.0.12
7fcc3b2f5000-7fcc3b33a000 r-xp 00000000 08:01 5774325                    /usr/lib/x86_64-linux-gnu/libmp3lame.so.0.0.0
7fcc3b33a000-7fcc3b53a000 ---p 00045000 08:01 5774325                    /usr/lib/x86_64-linux-gnu/libmp3lame.so.0.0.0
7fcc3b53a000-7fcc3b53b000 r--p 00045000 08:01 5774325                    /usr/lib/x86_64-linux-gnu/libmp3lame.so.0.0.0
7fcc3b53b000-7fcc3b53c000 rw-p 00046000 08:01 5774325                    /usr/lib/x86_64-linux-gnu/libmp3lame.so.0.0.0
7fcc3b53c000-7fcc3b56a000 rw-p 00000000 00:00 0 
7fcc3b56a000-7fcc3b58c000 r-xp 00000000 08:01 5774328                    /usr/lib/x86_64-linux-gnu/libopenjpeg.so.1.5.2
7fcc3b58c000-7fcc3b78b000 ---p 00022000 08:01 5774328                    /usr/lib/x86_64-linux-gnu/libopenjpeg.so.1.5.2
7fcc3b78b000-7fcc3b78c000 r--p 00021000 08:01 5774328                    /usr/lib/x86_64-linux-gnu/libopenjpeg.so.1.5.2
7fcc3b78c000-7fcc3b78d000 rw-p 00022000 08:01 5774328                    /usr/lib/x86_64-linux-gnu/libopenjpeg.so.1.5.2
7fcc3b78d000-7fcc3b7d6000 r-xp 00000000 08:01 5774331                    /usr/lib/x86_64-linux-gnu/libopus.so.0.5.2
7fcc3b7d6000-7fcc3b9d5000 ---p 00049000 08:01 5774331                    /usr/lib/x86_64-linux-gnu/libopus.so.0.5.2
7fcc3b9d5000-7fcc3b9d6000 r--p 00048000 08:01 5774331                    /usr/lib/x86_64-linux-gnu/libopus.so.0.5.2
7fcc3b9d6000-7fcc3b9d7000 rw-p 00049000 08:01 5774331                    /usr/lib/x86_64-linux-gnu/libopus.so.0.5.2
7fcc3b9d7000-7fcc3baa8000 r-xp 00000000 08:01 5773769                    /usr/lib/x86_64-linux-gnu/libschroedinger-1.0.so.0.11.0
7fcc3baa8000-7fcc3bca8000 ---p 000d1000 08:01 5773769                    /usr/lib/x86_64-linux-gnu/libschroedinger-1.0.so.0.11.0
7fcc3bca8000-7fcc3bcaa000 r--p 000d1000 08:01 5773769                    /usr/lib/x86_64-linux-gnu/libschroedinger-1.0.so.0.11.0
7fcc3bcaa000-7fcc3bcab000 rw-p 000d3000 08:01 5773769                    /usr/lib/x86_64-linux-gnu/libschroedinger-1.0.so.0.11.0
7fcc3bcab000-7fcc3bcac000 rw-p 00000000 00:00 0 
7fcc3bcac000-7fcc3bcb8000 r-xp 00000000 08:01 5774333                    /usr/lib/x86_64-linux-gnu/libshine.so.3.0.1
7fcc3bcb8000-7fcc3beb7000 ---p 0000c000 08:01 5774333                    /usr/lib/x86_64-linux-gnu/libshine.so.3.0.1
7fcc3beb7000-7fcc3beb8000 r--p 0000b000 08:01 5774333                    /usr/lib/x86_64-linux-gnu/libshine.so.3.0.1
7fcc3beb8000-7fcc3beb9000 rw-p 0000c000 08:01 5774333                    /usr/lib/x86_64-linux-gnu/libshine.so.3.0.1
7fcc3beb9000-7fcc3bec0000 r-xp 00000000 08:01 5774335                    /usr/lib/x86_64-linux-gnu/libsnappy.so.1.3.0
7fcc3bec0000-7fcc3c0bf000 ---p 00007000 08:01 5774335                    /usr/lib/x86_64-linux-gnu/libsnappy.so.1.3.0
7fcc3c0bf000-7fcc3c0c0000 r--p 00006000 08:01 5774335                    /usr/lib/x86_64-linux-gnu/libsnappy.so.1.3.0
7fcc3c0c0000-7fcc3c0c1000 rw-p 00007000 08:01 5774335                    /usr/lib/x86_64-linux-gnu/libsnappy.so.1.3.0
7fcc3c0c1000-7fcc3c0d8000 r-xp 00000000 08:01 5774337                    /usr/lib/x86_64-linux-gnu/libspeex.so.1.5.0
7fcc3c0d8000-7fcc3c2d8000 ---p 00017000 08:01 5774337                    /usr/lib/x86_64-linux-gnu/libspeex.so.1.5.0
7fcc3c2d8000-7fcc3c2d9000 r--p 00017000 08:01 5774337                    /usr/lib/x86_64-linux-gnu/libspeex.so.1.5.0
7fcc3c2d9000-7fcc3c2da000 rw-p 00018000 08:01 5774337                    /usr/lib/x86_64-linux-gnu/libspeex.so.1.5.0
7fcc3c2da000-7fcc3c2f3000 r-xp 00000000 08:01 5774345                    /usr/lib/x86_64-linux-gnu/libtheoradec.so.1.1.4
7fcc3c2f3000-7fcc3c4f2000 ---p 00019000 08:01 5774345                    /usr/lib/x86_64-linux-gnu/libtheoradec.so.1.1.4
7fcc3c4f2000-7fcc3c4f3000 r--p 00018000 08:01 5774345                    /usr/lib/x86_64-linux-gnu/libtheoradec.so.1.1.4
7fcc3c4f3000-7fcc3c4f4000 rw-p 00019000 08:01 5774345                    /usr/lib/x86_64-linux-gnu/libtheoradec.so.1.1.4
7fcc3c4f4000-7fcc3c532000 r-xp 00000000 08:01 5774343                    /usr/lib/x86_64-linux-gnu/libtheoraenc.so.1.1.2
7fcc3c532000-7fcc3c731000 ---p 0003e000 08:01 5774343                    /usr/lib/x86_64-linux-gnu/libtheoraenc.so.1.1.2
7fcc3c731000-7fcc3c732000 r--p 0003d000 08:01 5774343                    /usr/lib/x86_64-linux-gnu/libtheoraenc.so.1.1.2
7fcc3c732000-7fcc3c733000 rw-p 0003e000 08:01 5774343                    /usr/lib/x86_64-linux-gnu/libtheoraenc.so.1.1.2
7fcc3c733000-7fcc3c751000 r-xp 00000000 08:01 5774349                    /usr/lib/x86_64-linux-gnu/libtwolame.so.0.0.0
7fcc3c751000-7fcc3c950000 ---p 0001e000 08:01 5774349                    /usr/lib/x86_64-linux-gnu/libtwolame.so.0.0.0
7fcc3c950000-7fcc3c951000 r--p 0001d000 08:01 5774349                    /usr/lib/x86_64-linux-gnu/libtwolame.so.0.0.0
7fcc3c951000-7fcc3c952000 rw-p 0001e000 08:01 5774349                    /usr/lib/x86_64-linux-gnu/libtwolame.so.0.0.0
7fcc3c952000-7fcc3c956000 rw-p 00000000 00:00 0 
7fcc3c956000-7fcc3c980000 r-xp 00000000 08:01 5774353                    /usr/lib/x86_64-linux-gnu/libvorbis.so.0.4.8
7fcc3c980000-7fcc3cb80000 ---p 0002a000 08:01 5774353                    /usr/lib/x86_64-linux-gnu/libvorbis.so.0.4.8
7fcc3cb80000-7fcc3cb81000 r--p 0002a000 08:01 5774353                    /usr/lib/x86_64-linux-gnu/libvorbis.so.0.4.8
7fcc3cb81000-7fcc3cb82000 rw-p 0002b000 08:01 5774353                    /usr/lib/x86_64-linux-gnu/libvorbis.so.0.4.8
7fcc3cb82000-7fcc3cc0f000 r-xp 00000000 08:01 5774355                    /usr/lib/x86_64-linux-gnu/libvorbisenc.so.2.0.11
7fcc3cc0f000-7fcc3ce0e000 ---p 0008d000 08:01 5774355                    /usr/lib/x86_64-linux-gnu/libvorbisenc.so.2.0.11
7fcc3ce0e000-7fcc3ce2a000 r--p 0008c000 08:01 5774355                    /usr/lib/x86_64-linux-gnu/libvorbisenc.so.2.0.11
7fcc3ce2a000-7fcc3ce2b000 rw-p 000a8000 08:01 5774355                    /usr/lib/x86_64-linux-gnu/libvorbisenc.so.2.0.11
7fcc3ce2b000-7fcc3d04a000 r-xp 00000000 08:01 5774357                    /usr/lib/x86_64-linux-gnu/libvpx.so.3.0.0
7fcc3d04a000-7fcc3d249000 ---p 0021f000 08:01 5774357                    /usr/lib/x86_64-linux-gnu/libvpx.so.3.0.0
7fcc3d249000-7fcc3d24b000 r--p 0021e000 08:01 5774357                    /usr/lib/x86_64-linux-gnu/libvpx.so.3.0.0
7fcc3d24b000-7fcc3d24c000 rw-p 00220000 08:01 5774357                    /usr/lib/x86_64-linux-gnu/libvpx.so.3.0.0
7fcc3d24c000-7fcc3d24f000 rw-p 00000000 00:00 0 
7fcc3d24f000-7fcc3d277000 r-xp 00000000 08:01 5774360                    /usr/lib/x86_64-linux-gnu/libwavpack.so.1.1.7
7fcc3d277000-7fcc3d476000 ---p 00028000 08:01 5774360                    /usr/lib/x86_64-linux-gnu/libwavpack.so.1.1.7
7fcc3d476000-7fcc3d477000 r--p 00027000 08:01 5774360                    /usr/lib/x86_64-linux-gnu/libwavpack.so.1.1.7
7fcc3d477000-7fcc3d478000 rw-p 00028000 08:01 5774360                    /usr/lib/x86_64-linux-gnu/libwavpack.so.1.1.7
7fcc3d478000-7fcc3d4d1000 r-xp 00000000 08:01 5774362                    /usr/lib/x86_64-linux-gnu/libwebp.so.5.0.4
7fcc3d4d1000-7fcc3d6d1000 ---p 00059000 08:01 5774362                    /usr/lib/x86_64-linux-gnu/libwebp.so.5.0.4
7fcc3d6d1000-7fcc3d6d2000 r--p 00059000 08:01 5774362                    /usr/lib/x86_64-linux-gnu/libwebp.so.5.0.4
7fcc3d6d2000-7fcc3d6d4000 rw-p 0005a000 08:01 5774362                    /usr/lib/x86_64-linux-gnu/libwebp.so.5.0.4
7fcc3d6d4000-7fcc3d7fc000 r-xp 00000000 08:01 5774364                    /usr/lib/x86_64-linux-gnu/libx264.so.148
7fcc3d7fc000-7fcc3d9fb000 ---p 00128000 08:01 5774364                    /usr/lib/x86_64-linux-gnu/libx264.so.148
7fcc3d9fb000-7fcc3d9fc000 r--p 00127000 08:01 5774364                    /usr/lib/x86_64-linux-gnu/libx264.so.148
7fcc3d9fc000-7fcc3d9fd000 rw-p 00128000 08:01 5774364                    /usr/lib/x86_64-linux-gnu/libx264.so.148
7fcc3d9fd000-7fcc3da78000 rw-p 00000000 00:00 0 
7fcc3da78000-7fcc3e485000 r-xp 00000000 08:01 5774365                    /usr/lib/x86_64-linux-gnu/libx265.so.79
7fcc3e485000-7fcc3e684000 ---p 00a0d000 08:01 5774365                    /usr/lib/x86_64-linux-gnu/libx265.so.79
7fcc3e684000-7fcc3e687000 r--p 00a0c000 08:01 5774365                    /usr/lib/x86_64-linux-gnu/libx265.so.79
7fcc3e687000-7fcc3e68a000 rw-p 00a0f000 08:01 5774365                    /usr/lib/x86_64-linux-gnu/libx265.so.79
7fcc3e68a000-7fcc3e697000 rw-p 00000000 00:00 0 
7fcc3e697000-7fcc3e738000 r-xp 00000000 08:01 5774366                    /usr/lib/x86_64-linux-gnu/libxvidcore.so.4.3
7fcc3e738000-7fcc3e937000 ---p 000a1000 08:01 5774366                    /usr/lib/x86_64-linux-gnu/libxvidcore.so.4.3
7fcc3e937000-7fcc3e938000 r--p 000a0000 08:01 5774366                    /usr/lib/x86_64-linux-gnu/libxvidcore.so.4.3
7fcc3e938000-7fcc3e942000 rw-p 000a1000 08:01 5774366                    /usr/lib/x86_64-linux-gnu/libxvidcore.so.4.3
7fcc3e942000-7fcc3e9ab000 rw-p 00000000 00:00 0 
7fcc3e9ab000-7fcc3ea22000 r-xp 00000000 08:01 5774368                    /usr/lib/x86_64-linux-gnu/libzvbi.so.0.13.2
7fcc3ea22000-7fcc3ec21000 ---p 00077000 08:01 5774368                    /usr/lib/x86_64-linux-gnu/libzvbi.so.0.13.2
7fcc3ec21000-7fcc3ec2a000 r--p 00076000 08:01 5774368                    /usr/lib/x86_64-linux-gnu/libzvbi.so.0.13.2
7fcc3ec2a000-7fcc3ec36000 rw-p 0007f000 08:01 5774368                    /usr/lib/x86_64-linux-gnu/libzvbi.so.0.13.2
7fcc3ec36000-7fcc3ec51000 r-xp 00000000 08:01 5774351                    /usr/lib/x86_64-linux-gnu/libva.so.1.3900.0
7fcc3ec51000-7fcc3ee50000 ---p 0001b000 08:01 5774351                    /usr/lib/x86_64-linux-gnu/libva.so.1.3900.0
7fcc3ee50000-7fcc3ee51000 r--p 0001a000 08:01 5774351                    /usr/lib/x86_64-linux-gnu/libva.so.1.3900.0
7fcc3ee51000-7fcc3ee52000 rw-p 0001b000 08:01 5774351                    /usr/lib/x86_64-linux-gnu/libva.so.1.3900.0
7fcc3ee52000-7fcc3ee6c000 r-xp 00000000 08:01 5774341                    /usr/lib/x86_64-linux-gnu/libswresample-ffmpeg.so.1.2.101
7fcc3ee6c000-7fcc3f06b000 ---p 0001a000 08:01 5774341                    /usr/lib/x86_64-linux-gnu/libswresample-ffmpeg.so.1.2.101
7fcc3f06b000-7fcc3f06d000 r--p 00019000 08:01 5774341                    /usr/lib/x86_64-linux-gnu/libswresample-ffmpeg.so.1.2.101
7fcc3f06d000-7fcc3f06e000 rw-p 0001b000 08:01 5774341                    /usr/lib/x86_64-linux-gnu/libswresample-ffmpeg.so.1.2.101
7fcc3f06e000-7fcc3f077000 r-xp 00000000 08:01 5774496                    /usr/lib/x86_64-linux-gnu/libv4l2.so.0.0.0
7fcc3f077000-7fcc3f276000 ---p 00009000 08:01 5774496                    /usr/lib/x86_64-linux-gnu/libv4l2.so.0.0.0
7fcc3f276000-7fcc3f277000 r--p 00008000 08:01 5774496                    /usr/lib/x86_64-linux-gnu/libv4l2.so.0.0.0
7fcc3f277000-7fcc3f27c000 rw-p 00009000 08:01 5774496                    /usr/lib/x86_64-linux-gnu/libv4l2.so.0.0.0
7fcc3f27c000-7fcc3f293000 r-xp 00000000 08:01 57937863                   /lib/x86_64-linux-gnu/libusb-1.0.so.0.1.0
7fcc3f293000-7fcc3f492000 ---p 00017000 08:01 57937863                   /lib/x86_64-linux-gnu/libusb-1.0.so.0.1.0
7fcc3f492000-7fcc3f493000 r--p 00016000 08:01 57937863                   /lib/x86_64-linux-gnu/libusb-1.0.so.0.1.0
7fcc3f493000-7fcc3f494000 rw-p 00017000 08:01 57937863                   /lib/x86_64-linux-gnu/libusb-1.0.so.0.1.0
7fcc3f494000-7fcc3f4a1000 r-xp 00000000 08:01 5774476                    /usr/lib/x86_64-linux-gnu/libraw1394.so.11.1.0
7fcc3f4a1000-7fcc3f6a1000 ---p 0000d000 08:01 5774476                    /usr/lib/x86_64-linux-gnu/libraw1394.so.11.1.0
7fcc3f6a1000-7fcc3f6a2000 r--p 0000d000 08:01 5774476                    /usr/lib/x86_64-linux-gnu/libraw1394.so.11.1.0
7fcc3f6a2000-7fcc3f6a3000 rw-p 0000e000 08:01 5774476                    /usr/lib/x86_64-linux-gnu/libraw1394.so.11.1.0
7fcc3f6a3000-7fcc3f6c1000 r-xp 00000000 08:01 5773879                    /usr/lib/x86_64-linux-gnu/libpangox-1.0.so.0.0.0
7fcc3f6c1000-7fcc3f8c1000 ---p 0001e000 08:01 5773879                    /usr/lib/x86_64-linux-gnu/libpangox-1.0.so.0.0.0
7fcc3f8c1000-7fcc3f8c2000 r--p 0001e000 08:01 5773879                    /usr/lib/x86_64-linux-gnu/libpangox-1.0.so.0.0.0
7fcc3f8c2000-7fcc3f8c3000 rw-p 0001f000 08:01 5773879                    /usr/lib/x86_64-linux-gnu/libpangox-1.0.so.0.0.0
7fcc3f8c3000-7fcc3f8db000 r-xp 00000000 08:01 5774484                    /usr/lib/x86_64-linux-gnu/libXmu.so.6.2.0
7fcc3f8db000-7fcc3fada000 ---p 00018000 08:01 5774484                    /usr/lib/x86_64-linux-gnu/libXmu.so.6.2.0
7fcc3fada000-7fcc3fadb000 r--p 00017000 08:01 5774484                    /usr/lib/x86_64-linux-gnu/libXmu.so.6.2.0
7fcc3fadb000-7fcc3fadc000 rw-p 00018000 08:01 5774484                    /usr/lib/x86_64-linux-gnu/libXmu.so.6.2.0
7fcc3fadc000-7fcc3fb49000 r-xp 00000000 08:01 5774480                    /usr/lib/x86_64-linux-gnu/libGLU.so.1.3.1
7fcc3fb49000-7fcc3fd49000 ---p 0006d000 08:01 5774480                    /usr/lib/x86_64-linux-gnu/libGLU.so.1.3.1
7fcc3fd49000-7fcc3fd4a000 r--p 0006d000 08:01 5774480                    /usr/lib/x86_64-linux-gnu/libGLU.so.1.3.1
7fcc3fd4a000-7fcc3fd4b000 rw-p 0006e000 08:01 5774480                    /usr/lib/x86_64-linux-gnu/libGLU.so.1.3.1
7fcc3fd4b000-7fcc3fdb9000 r-xp 00000000 08:01 57934408                   /lib/x86_64-linux-gnu/libpcre.so.3.13.2
7fcc3fdb9000-7fcc3ffb9000 ---p 0006e000 08:01 57934408                   /lib/x86_64-linux-gnu/libpcre.so.3.13.2
7fcc3ffb9000-7fcc3ffba000 r--p 0006e000 08:01 57934408                   /lib/x86_64-linux-gnu/libpcre.so.3.13.2
7fcc3ffba000-7fcc3ffbb000 rw-p 0006f000 08:01 57934408                   /lib/x86_64-linux-gnu/libpcre.so.3.13.2
7fcc3ffbb000-7fcc3ffc2000 r-xp 00000000 08:01 5769508                    /usr/lib/x86_64-linux-gnu/libffi.so.6.0.4
7fcc3ffc2000-7fcc401c1000 ---p 00007000 08:01 5769508                    /usr/lib/x86_64-linux-gnu/libffi.so.6.0.4
7fcc401c1000-7fcc401c2000 r--p 00006000 08:01 5769508                    /usr/lib/x86_64-linux-gnu/libffi.so.6.0.4
7fcc401c2000-7fcc401c3000 rw-p 00007000 08:01 5769508                    /usr/lib/x86_64-linux-gnu/libffi.so.6.0.4
7fcc401c3000-7fcc401c5000 r-xp 00000000 08:01 5773775                    /usr/lib/x86_64-linux-gnu/libXcomposite.so.1.0.0
7fcc401c5000-7fcc403c4000 ---p 00002000 08:01 5773775                    /usr/lib/x86_64-linux-gnu/libXcomposite.so.1.0.0
7fcc403c4000-7fcc403c5000 r--p 00001000 08:01 5773775                    /usr/lib/x86_64-linux-gnu/libXcomposite.so.1.0.0
7fcc403c5000-7fcc403c6000 rw-p 00002000 08:01 5773775                    /usr/lib/x86_64-linux-gnu/libXcomposite.so.1.0.0
7fcc403c6000-7fcc403cf000 r-xp 00000000 08:01 5773779                    /usr/lib/x86_64-linux-gnu/libXcursor.so.1.0.2
7fcc403cf000-7fcc405ce000 ---p 00009000 08:01 5773779                    /usr/lib/x86_64-linux-gnu/libXcursor.so.1.0.2
7fcc405ce000-7fcc405cf000 r--p 00008000 08:01 5773779                    /usr/lib/x86_64-linux-gnu/libXcursor.so.1.0.2
7fcc405cf000-7fcc405d0000 rw-p 00009000 08:01 5773779                    /usr/lib/x86_64-linux-gnu/libXcursor.so.1.0.2
7fcc405d0000-7fcc405da000 r-xp 00000000 08:01 5774257                    /usr/lib/x86_64-linux-gnu/libXrandr.so.2.2.0
7fcc405da000-7fcc407d9000 ---p 0000a000 08:01 5774257                    /usr/lib/x86_64-linux-gnu/libXrandr.so.2.2.0
7fcc407d9000-7fcc407da000 r--p 00009000 08:01 5774257                    /usr/lib/x86_64-linux-gnu/libXrandr.so.2.2.0
7fcc407da000-7fcc407db000 rw-p 0000a000 08:01 5774257                    /usr/lib/x86_64-linux-gnu/libXrandr.so.2.2.0
7fcc407db000-7fcc407ea000 r-xp 00000000 08:01 5774255                    /usr/lib/x86_64-linux-gnu/libXi.so.6.1.0
7fcc407ea000-7fcc409e9000 ---p 0000f000 08:01 5774255                    /usr/lib/x86_64-linux-gnu/libXi.so.6.1.0
7fcc409e9000-7fcc409ea000 r--p 0000e000 08:01 5774255                    /usr/lib/x86_64-linux-gnu/libXi.so.6.1.0
7fcc409ea000-7fcc409eb000 rw-p 0000f000 08:01 5774255                    /usr/lib/x86_64-linux-gnu/libXi.so.6.1.0
7fcc409eb000-7fcc409ed000 r-xp 00000000 08:01 5773783                    /usr/lib/x86_64-linux-gnu/libXinerama.so.1.0.0
7fcc409ed000-7fcc40bec000 ---p 00002000 08:01 5773783                    /usr/lib/x86_64-linux-gnu/libXinerama.so.1.0.0
7fcc40bec000-7fcc40bed000 r--p 00001000 08:01 5773783                    /usr/lib/x86_64-linux-gnu/libXinerama.so.1.0.0
7fcc40bed000-7fcc40bee000 rw-p 00002000 08:01 5773783                    /usr/lib/x86_64-linux-gnu/libXinerama.so.1.0.0
7fcc40bee000-7fcc40bf7000 r-xp 00000000 08:01 5773777                    /usr/lib/x86_64-linux-gnu/libXrender.so.1.3.0
7fcc40bf7000-7fcc40df6000 ---p 00009000 08:01 5773777                    /usr/lib/x86_64-linux-gnu/libXrender.so.1.3.0
7fcc40df6000-7fcc40df7000 r--p 00008000 08:01 5773777                    /usr/lib/x86_64-linux-gnu/libXrender.so.1.3.0
7fcc40df7000-7fcc40df8000 rw-p 00009000 08:01 5773777                    /usr/lib/x86_64-linux-gnu/libXrender.so.1.3.0
7fcc40df8000-7fcc40e35000 r-xp 00000000 08:01 5769505                    /usr/lib/x86_64-linux-gnu/libfontconfig.so.1.9.0
7fcc40e35000-7fcc41034000 ---p 0003d000 08:01 5769505                    /usr/lib/x86_64-linux-gnu/libfontconfig.so.1.9.0
7fcc41034000-7fcc41036000 r--p 0003c000 08:01 5769505                    /usr/lib/x86_64-linux-gnu/libfontconfig.so.1.9.0
7fcc41036000-7fcc4103b000 rw-p 0003e000 08:01 5769505                    /usr/lib/x86_64-linux-gnu/libfontconfig.so.1.9.0
7fcc4103b000-7fcc41084000 r-xp 00000000 08:01 5773877                    /usr/lib/x86_64-linux-gnu/libpango-1.0.so.0.3800.1
7fcc41084000-7fcc41284000 ---p 00049000 08:01 5773877                    /usr/lib/x86_64-linux-gnu/libpango-1.0.so.0.3800.1
7fcc41284000-7fcc41286000 r--p 00049000 08:01 5773877                    /usr/lib/x86_64-linux-gnu/libpango-1.0.so.0.3800.1
7fcc41286000-7fcc41287000 rw-p 0004b000 08:01 5773877                    /usr/lib/x86_64-linux-gnu/libpango-1.0.so.0.3800.1
7fcc41287000-7fcc4129b000 r-xp 00000000 08:01 5774244                    /usr/lib/x86_64-linux-gnu/libpangoft2-1.0.so.0.3800.1
7fcc4129b000-7fcc4149b000 ---p 00014000 08:01 5774244                    /usr/lib/x86_64-linux-gnu/libpangoft2-1.0.so.0.3800.1
7fcc4149b000-7fcc4149c000 r--p 00014000 08:01 5774244                    /usr/lib/x86_64-linux-gnu/libpangoft2-1.0.so.0.3800.1
7fcc4149c000-7fcc4149d000 rw-p 00015000 08:01 5774244                    /usr/lib/x86_64-linux-gnu/libpangoft2-1.0.so.0.3800.1
7fcc4149d000-7fcc4161d000 r-xp 00000000 08:01 5772114                    /usr/lib/x86_64-linux-gnu/libgio-2.0.so.0.4800.0
7fcc4161d000-7fcc4181d000 ---p 00180000 08:01 5772114                    /usr/lib/x86_64-linux-gnu/libgio-2.0.so.0.4800.0
7fcc4181d000-7fcc41821000 r--p 00180000 08:01 5772114                    /usr/lib/x86_64-linux-gnu/libgio-2.0.so.0.4800.0
7fcc41821000-7fcc41823000 rw-p 00184000 08:01 5772114                    /usr/lib/x86_64-linux-gnu/libgio-2.0.so.0.4800.0
7fcc41823000-7fcc41825000 rw-p 00000000 00:00 0 
7fcc41825000-7fcc41846000 r-xp 00000000 08:01 5774228                    /usr/lib/x86_64-linux-gnu/libgdk_pixbuf-2.0.so.0.3200.2
7fcc41846000-7fcc41a45000 ---p 00021000 08:01 5774228                    /usr/lib/x86_64-linux-gnu/libgdk_pixbuf-2.0.so.0.3200.2
7fcc41a45000-7fcc41a46000 r--p 00020000 08:01 5774228                    /usr/lib/x86_64-linux-gnu/libgdk_pixbuf-2.0.so.0.3200.2
7fcc41a46000-7fcc41a47000 rw-p 00021000 08:01 5774228                    /usr/lib/x86_64-linux-gnu/libgdk_pixbuf-2.0.so.0.3200.2
7fcc41a47000-7fcc41b55000 r-xp 00000000 08:01 5774237                    /usr/lib/x86_64-linux-gnu/libcairo.so.2.11400.6
7fcc41b55000-7fcc41d55000 ---p 0010e000 08:01 5774237                    /usr/lib/x86_64-linux-gnu/libcairo.so.2.11400.6
7fcc41d55000-7fcc41d58000 r--p 0010e000 08:01 5774237                    /usr/lib/x86_64-linux-gnu/libcairo.so.2.11400.6
7fcc41d58000-7fcc41d59000 rw-p 00111000 08:01 5774237                    /usr/lib/x86_64-linux-gnu/libcairo.so.2.11400.6
7fcc41d59000-7fcc41d5b000 rw-p 00000000 00:00 0 
7fcc41d5b000-7fcc41d7d000 r-xp 00000000 08:01 5774223                    /usr/lib/x86_64-linux-gnu/libatk-1.0.so.0.21809.1
7fcc41d7d000-7fcc41f7c000 ---p 00022000 08:01 5774223                    /usr/lib/x86_64-linux-gnu/libatk-1.0.so.0.21809.1
7fcc41f7c000-7fcc41f7f000 r--p 00021000 08:01 5774223                    /usr/lib/x86_64-linux-gnu/libatk-1.0.so.0.21809.1
7fcc41f7f000-7fcc41f80000 rw-p 00024000 08:01 5774223                    /usr/lib/x86_64-linux-gnu/libatk-1.0.so.0.21809.1
7fcc41f80000-7fcc41f8c000 r-xp 00000000 08:01 5774246                    /usr/lib/x86_64-linux-gnu/libpangocairo-1.0.so.0.3800.1
7fcc41f8c000-7fcc4218b000 ---p 0000c000 08:01 5774246                    /usr/lib/x86_64-linux-gnu/libpangocairo-1.0.so.0.3800.1
7fcc4218b000-7fcc4218c000 r--p 0000b000 08:01 5774246                    /usr/lib/x86_64-linux-gnu/libpangocairo-1.0.so.0.3800.1
7fcc4218c000-7fcc4218d000 rw-p 0000c000 08:01 5774246                    /usr/lib/x86_64-linux-gnu/libpangocairo-1.0.so.0.3800.1
7fcc4218d000-7fcc42190000 r-xp 00000000 08:01 5772116                    /usr/lib/x86_64-linux-gnu/libgmodule-2.0.so.0.4800.0
7fcc42190000-7fcc4238f000 ---p 00003000 08:01 5772116                    /usr/lib/x86_64-linux-gnu/libgmodule-2.0.so.0.4800.0
7fcc4238f000-7fcc42390000 r--p 00002000 08:01 5772116                    /usr/lib/x86_64-linux-gnu/libgmodule-2.0.so.0.4800.0
7fcc42390000-7fcc42391000 rw-p 00003000 08:01 5772116                    /usr/lib/x86_64-linux-gnu/libgmodule-2.0.so.0.4800.0
7fcc42391000-7fcc42396000 r-xp 00000000 08:01 5773744                    /usr/lib/x86_64-linux-gnu/libIlmThread-2_2.so.12.0.0
7fcc42396000-7fcc42596000 ---p 00005000 08:01 5773744                    /usr/lib/x86_64-linux-gnu/libIlmThread-2_2.so.12.0.0
7fcc42596000-7fcc42597000 r--p 00005000 08:01 5773744                    /usr/lib/x86_64-linux-gnu/libIlmThread-2_2.so.12.0.0
7fcc42597000-7fcc42598000 rw-p 00006000 08:01 5773744                    /usr/lib/x86_64-linux-gnu/libIlmThread-2_2.so.12.0.0
7fcc42598000-7fcc425b3000 r-xp 00000000 08:01 5773743                    /usr/lib/x86_64-linux-gnu/libIex-2_2.so.12.0.0
7fcc425b3000-7fcc427b2000 ---p 0001b000 08:01 5773743                    /usr/lib/x86_64-linux-gnu/libIex-2_2.so.12.0.0
7fcc427b2000-7fcc427b5000 r--p 0001a000 08:01 5773743                    /usr/lib/x86_64-linux-gnu/libIex-2_2.so.12.0.0
7fcc427b5000-7fcc427b6000 rw-p 0001d000 08:01 5773743                    /usr/lib/x86_64-linux-gnu/libIex-2_2.so.12.0.0
7fcc427b6000-7fcc427c1000 r-xp 00000000 08:01 5773868                    /usr/lib/x86_64-linux-gnu/libjbig.so.0
7fcc427c1000-7fcc429c0000 ---p 0000b000 08:01 5773868                    /usr/lib/x86_64-linux-gnu/libjbig.so.0
7fcc429c0000-7fcc429c1000 r--p 0000a000 08:01 5773868                    /usr/lib/x86_64-linux-gnu/libjbig.so.0
7fcc429c1000-7fcc429c4000 rw-p 0000b000 08:01 5773868                    /usr/lib/x86_64-linux-gnu/libjbig.so.0
7fcc429c4000-7fcc429e5000 r-xp 00000000 08:01 57934368                   /lib/x86_64-linux-gnu/liblzma.so.5.0.0
7fcc429e5000-7fcc42be4000 ---p 00021000 08:01 57934368                   /lib/x86_64-linux-gnu/liblzma.so.5.0.0
7fcc42be4000-7fcc42be5000 r--p 00020000 08:01 57934368                   /lib/x86_64-linux-gnu/liblzma.so.5.0.0
7fcc42be5000-7fcc42be6000 rw-p 00021000 08:01 57934368                   /lib/x86_64-linux-gnu/liblzma.so.5.0.0
7fcc42be6000-7fcc42bf4000 r-xp 00000000 08:01 5772902                    /usr/lib/x86_64-linux-gnu/libdrm.so.2.4.0
7fcc42bf4000-7fcc42df3000 ---p 0000e000 08:01 5772902                    /usr/lib/x86_64-linux-gnu/libdrm.so.2.4.0
7fcc42df3000-7fcc42df4000 r--p 0000d000 08:01 5772902                    /usr/lib/x86_64-linux-gnu/libdrm.so.2.4.0
7fcc42df4000-7fcc42df5000 rw-p 0000e000 08:01 5772902                    /usr/lib/x86_64-linux-gnu/libdrm.so.2.4.0
7fcc42df5000-7fcc42dfa000 r-xp 00000000 08:01 5773515                    /usr/lib/x86_64-linux-gnu/libXxf86vm.so.1.0.0
7fcc42dfa000-7fcc42ff9000 ---p 00005000 08:01 5773515                    /usr/lib/x86_64-linux-gnu/libXxf86vm.so.1.0.0
7fcc42ff9000-7fcc42ffa000 r--p 00004000 08:01 5773515                    /usr/lib/x86_64-linux-gnu/libXxf86vm.so.1.0.0
7fcc42ffa000-7fcc42ffb000 rw-p 00005000 08:01 5773515                    /usr/lib/x86_64-linux-gnu/libXxf86vm.so.1.0.0
7fcc42ffb000-7fcc4301c000 r-xp 00000000 08:01 5772752                    /usr/lib/x86_64-linux-gnu/libxcb.so.1.1.0
7fcc4301c000-7fcc4321b000 ---p 00021000 08:01 5772752                    /usr/lib/x86_64-linux-gnu/libxcb.so.1.1.0
7fcc4321b000-7fcc4321c000 r--p 00020000 08:01 5772752                    /usr/lib/x86_64-linux-gnu/libxcb.so.1.1.0
7fcc4321c000-7fcc4321d000 rw-p 00021000 08:01 5772752                    /usr/lib/x86_64-linux-gnu/libxcb.so.1.1.0
7fcc4321d000-7fcc43221000 r-xp 00000000 08:01 5773694                    /usr/lib/x86_64-linux-gnu/libxcb-dri2.so.0.0.0
7fcc43221000-7fcc43420000 ---p 00004000 08:01 5773694                    /usr/lib/x86_64-linux-gnu/libxcb-dri2.so.0.0.0
7fcc43420000-7fcc43421000 r--p 00003000 08:01 5773694                    /usr/lib/x86_64-linux-gnu/libxcb-dri2.so.0.0.0
7fcc43421000-7fcc43422000 rw-p 00004000 08:01 5773694                    /usr/lib/x86_64-linux-gnu/libxcb-dri2.so.0.0.0
7fcc43422000-7fcc43439000 r-xp 00000000 08:01 5773698                    /usr/lib/x86_64-linux-gnu/libxcb-glx.so.0.0.0
7fcc43439000-7fcc43638000 ---p 00017000 08:01 5773698                    /usr/lib/x86_64-linux-gnu/libxcb-glx.so.0.0.0
7fcc43638000-7fcc4363a000 r--p 00016000 08:01 5773698                    /usr/lib/x86_64-linux-gnu/libxcb-glx.so.0.0.0
7fcc4363a000-7fcc4363b000 rw-p 00018000 08:01 5773698                    /usr/lib/x86_64-linux-gnu/libxcb-glx.so.0.0.0
7fcc4363b000-7fcc43770000 r-xp 00000000 08:01 5772755                    /usr/lib/x86_64-linux-gnu/libX11.so.6.3.0
7fcc43770000-7fcc43970000 ---p 00135000 08:01 5772755                    /usr/lib/x86_64-linux-gnu/libX11.so.6.3.0
7fcc43970000-7fcc43971000 r--p 00135000 08:01 5772755                    /usr/lib/x86_64-linux-gnu/libX11.so.6.3.0
7fcc43971000-7fcc43975000 rw-p 00136000 08:01 5772755                    /usr/lib/x86_64-linux-gnu/libX11.so.6.3.0
7fcc43975000-7fcc43976000 r-xp 00000000 08:01 5773692                    /usr/lib/x86_64-linux-gnu/libX11-xcb.so.1.0.0
7fcc43976000-7fcc43b75000 ---p 00001000 08:01 5773692                    /usr/lib/x86_64-linux-gnu/libX11-xcb.so.1.0.0
7fcc43b75000-7fcc43b76000 r--p 00000000 08:01 5773692                    /usr/lib/x86_64-linux-gnu/libX11-xcb.so.1.0.0
7fcc43b76000-7fcc43b77000 rw-p 00001000 08:01 5773692                    /usr/lib/x86_64-linux-gnu/libX11-xcb.so.1.0.0
7fcc43b77000-7fcc43b7c000 r-xp 00000000 08:01 5773511                    /usr/lib/x86_64-linux-gnu/libXfixes.so.3.1.0
7fcc43b7c000-7fcc43d7b000 ---p 00005000 08:01 5773511                    /usr/lib/x86_64-linux-gnu/libXfixes.so.3.1.0
7fcc43d7b000-7fcc43d7c000 r--p 00004000 08:01 5773511                    /usr/lib/x86_64-linux-gnu/libXfixes.so.3.1.0
7fcc43d7c000-7fcc43d7d000 rw-p 00005000 08:01 5773511                    /usr/lib/x86_64-linux-gnu/libXfixes.so.3.1.0
7fcc43d7d000-7fcc43d7f000 r-xp 00000000 08:01 5773509                    /usr/lib/x86_64-linux-gnu/libXdamage.so.1.1.0
7fcc43d7f000-7fcc43f7e000 ---p 00002000 08:01 5773509                    /usr/lib/x86_64-linux-gnu/libXdamage.so.1.1.0
7fcc43f7e000-7fcc43f7f000 r--p 00001000 08:01 5773509                    /usr/lib/x86_64-linux-gnu/libXdamage.so.1.1.0
7fcc43f7f000-7fcc43f80000 rw-p 00002000 08:01 5773509                    /usr/lib/x86_64-linux-gnu/libXdamage.so.1.1.0
7fcc43f80000-7fcc43f91000 r-xp 00000000 08:01 5772757                    /usr/lib/x86_64-linux-gnu/libXext.so.6.4.0
7fcc43f91000-7fcc44190000 ---p 00011000 08:01 5772757                    /usr/lib/x86_64-linux-gnu/libXext.so.6.4.0
7fcc44190000-7fcc44191000 r--p 00010000 08:01 5772757                    /usr/lib/x86_64-linux-gnu/libXext.so.6.4.0
7fcc44191000-7fcc44192000 rw-p 00011000 08:01 5772757                    /usr/lib/x86_64-linux-gnu/libXext.so.6.4.0
7fcc44192000-7fcc441bb000 r-xp 00000000 08:01 5773690                    /usr/lib/x86_64-linux-gnu/libglapi.so.0.0.0
7fcc441bb000-7fcc443ba000 ---p 00029000 08:01 5773690                    /usr/lib/x86_64-linux-gnu/libglapi.so.0.0.0
7fcc443ba000-7fcc443be000 r--p 00028000 08:01 5773690                    /usr/lib/x86_64-linux-gnu/libglapi.so.0.0.0
7fcc443be000-7fcc443bf000 rw-p 0002c000 08:01 5773690                    /usr/lib/x86_64-linux-gnu/libglapi.so.0.0.0
7fcc443bf000-7fcc443c0000 rw-p 00000000 00:00 0 
7fcc443c0000-7fcc443c1000 r-xp 00000000 08:01 5773513                    /usr/lib/x86_64-linux-gnu/libxshmfence.so.1.0.0
7fcc443c1000-7fcc445c1000 ---p 00001000 08:01 5773513                    /usr/lib/x86_64-linux-gnu/libxshmfence.so.1.0.0
7fcc445c1000-7fcc445c2000 r--p 00001000 08:01 5773513                    /usr/lib/x86_64-linux-gnu/libxshmfence.so.1.0.0
7fcc445c2000-7fcc445c3000 rw-p 00002000 08:01 5773513                    /usr/lib/x86_64-linux-gnu/libxshmfence.so.1.0.0
7fcc445c3000-7fcc445c8000 r-xp 00000000 08:01 5773702                    /usr/lib/x86_64-linux-gnu/libxcb-sync.so.1.0.0
7fcc445c8000-7fcc447c8000 ---p 00005000 08:01 5773702                    /usr/lib/x86_64-linux-gnu/libxcb-sync.so.1.0.0
7fcc447c8000-7fcc447c9000 r--p 00005000 08:01 5773702                    /usr/lib/x86_64-linux-gnu/libxcb-sync.so.1.0.0
7fcc447c9000-7fcc447ca000 rw-p 00006000 08:01 5773702                    /usr/lib/x86_64-linux-gnu/libxcb-sync.so.1.0.0
7fcc447ca000-7fcc447cc000 r-xp 00000000 08:01 5773700                    /usr/lib/x86_64-linux-gnu/libxcb-present.so.0.0.0
7fcc447cc000-7fcc449cb000 ---p 00002000 08:01 5773700                    /usr/lib/x86_64-linux-gnu/libxcb-present.so.0.0.0
7fcc449cb000-7fcc449cc000 r--p 00001000 08:01 5773700                    /usr/lib/x86_64-linux-gnu/libxcb-present.so.0.0.0
7fcc449cc000-7fcc449cd000 rw-p 00002000 08:01 5773700                    /usr/lib/x86_64-linux-gnu/libxcb-present.so.0.0.0
7fcc449cd000-7fcc449cf000 r-xp 00000000 08:01 5773696                    /usr/lib/x86_64-linux-gnu/libxcb-dri3.so.0.0.0
7fcc449cf000-7fcc44bce000 ---p 00002000 08:01 5773696                    /usr/lib/x86_64-linux-gnu/libxcb-dri3.so.0.0.0
7fcc44bce000-7fcc44bcf000 r--p 00001000 08:01 5773696                    /usr/lib/x86_64-linux-gnu/libxcb-dri3.so.0.0.0
7fcc44bcf000-7fcc44bd0000 rw-p 00002000 08:01 5773696                    /usr/lib/x86_64-linux-gnu/libxcb-dri3.so.0.0.0
7fcc44bd0000-7fcc44bf6000 r-xp 00000000 08:01 57938095                   /lib/x86_64-linux-gnu/libexpat.so.1.6.0
7fcc44bf6000-7fcc44df6000 ---p 00026000 08:01 57938095                   /lib/x86_64-linux-gnu/libexpat.so.1.6.0
7fcc44df6000-7fcc44df8000 r--p 00026000 08:01 57938095                   /lib/x86_64-linux-gnu/libexpat.so.1.6.0
7fcc44df8000-7fcc44df9000 rw-p 00028000 08:01 57938095                   /lib/x86_64-linux-gnu/libexpat.so.1.6.0
7fcc44df9000-7fcc44dfc000 r-xp 00000000 08:01 57934342                   /lib/x86_64-linux-gnu/libdl-2.23.so
7fcc44dfc000-7fcc44ffb000 ---p 00003000 08:01 57934342                   /lib/x86_64-linux-gnu/libdl-2.23.so
7fcc44ffb000-7fcc44ffc000 r--p 00002000 08:01 57934342                   /lib/x86_64-linux-gnu/libdl-2.23.so
7fcc44ffc000-7fcc44ffd000 rw-p 00003000 08:01 57934342                   /lib/x86_64-linux-gnu/libdl-2.23.so
7fcc44ffd000-7fcc45004000 r-xp 00000000 08:01 57934421                   /lib/x86_64-linux-gnu/librt-2.23.so
7fcc45004000-7fcc45203000 ---p 00007000 08:01 57934421                   /lib/x86_64-linux-gnu/librt-2.23.so
7fcc45203000-7fcc45204000 r--p 00006000 08:01 57934421                   /lib/x86_64-linux-gnu/librt-2.23.so
7fcc45204000-7fcc45205000 rw-p 00007000 08:01 57934421                   /lib/x86_64-linux-gnu/librt-2.23.so
7fcc45205000-7fcc4521e000 r-xp 00000000 08:01 57934451                   /lib/x86_64-linux-gnu/libz.so.1.2.8
7fcc4521e000-7fcc4541d000 ---p 00019000 08:01 57934451                   /lib/x86_64-linux-gnu/libz.so.1.2.8
7fcc4541d000-7fcc4541e000 r--p 00018000 08:01 57934451                   /lib/x86_64-linux-gnu/libz.so.1.2.8
7fcc4541e000-7fcc4541f000 rw-p 00019000 08:01 57934451                   /lib/x86_64-linux-gnu/libz.so.1.2.8
7fcc4541f000-7fcc45456000 r-xp 00000000 08:01 5773706                    /usr/lib/x86_64-linux-gnu/libtbb.so.2
7fcc45456000-7fcc45656000 ---p 00037000 08:01 5773706                    /usr/lib/x86_64-linux-gnu/libtbb.so.2
7fcc45656000-7fcc45657000 r--p 00037000 08:01 5773706                    /usr/lib/x86_64-linux-gnu/libtbb.so.2
7fcc45657000-7fcc45659000 rw-p 00038000 08:01 5773706                    /usr/lib/x86_64-linux-gnu/libtbb.so.2
7fcc45659000-7fcc4565c000 rw-p 00000000 00:00 0 
7fcc4565c000-7fcc456e1000 r-xp 00000000 08:01 5774492                    /usr/lib/x86_64-linux-gnu/libswscale-ffmpeg.so.3.1.101
7fcc456e1000-7fcc458e0000 ---p 00085000 08:01 5774492                    /usr/lib/x86_64-linux-gnu/libswscale-ffmpeg.so.3.1.101
7fcc458e0000-7fcc458e2000 r--p 00084000 08:01 5774492                    /usr/lib/x86_64-linux-gnu/libswscale-ffmpeg.so.3.1.101
7fcc458e2000-7fcc458e3000 rw-p 00086000 08:01 5774492                    /usr/lib/x86_64-linux-gnu/libswscale-ffmpeg.so.3.1.101
7fcc458e3000-7fcc458eb000 rw-p 00000000 00:00 0 
7fcc458eb000-7fcc45940000 r-xp 00000000 08:01 5774323                    /usr/lib/x86_64-linux-gnu/libavutil-ffmpeg.so.54.31.100
7fcc45940000-7fcc45b40000 ---p 00055000 08:01 5774323                    /usr/lib/x86_64-linux-gnu/libavutil-ffmpeg.so.54.31.100
7fcc45b40000-7fcc45b46000 r--p 00055000 08:01 5774323                    /usr/lib/x86_64-linux-gnu/libavutil-ffmpeg.so.54.31.100
7fcc45b46000-7fcc45b47000 rw-p 0005b000 08:01 5774323                    /usr/lib/x86_64-linux-gnu/libavutil-ffmpeg.so.54.31.100
7fcc45b47000-7fcc45b5a000 rw-p 00000000 00:00 0 
7fcc45b5a000-7fcc45d2e000 r-xp 00000000 08:01 5774396                    /usr/lib/x86_64-linux-gnu/libavformat-ffmpeg.so.56.40.101
7fcc45d2e000-7fcc45f2e000 ---p 001d4000 08:01 5774396                    /usr/lib/x86_64-linux-gnu/libavformat-ffmpeg.so.56.40.101
7fcc45f2e000-7fcc45f42000 r--p 001d4000 08:01 5774396                    /usr/lib/x86_64-linux-gnu/libavformat-ffmpeg.so.56.40.101
7fcc45f42000-7fcc45f57000 rw-p 001e8000 08:01 5774396                    /usr/lib/x86_64-linux-gnu/libavformat-ffmpeg.so.56.40.101
7fcc45f57000-7fcc46a81000 r-xp 00000000 08:01 5774372                    /usr/lib/x86_64-linux-gnu/libavcodec-ffmpeg.so.56.60.100
7fcc46a81000-7fcc46c80000 ---p 00b2a000 08:01 5774372                    /usr/lib/x86_64-linux-gnu/libavcodec-ffmpeg.so.56.60.100
7fcc46c80000-7fcc46cab000 r--p 00b29000 08:01 5774372                    /usr/lib/x86_64-linux-gnu/libavcodec-ffmpeg.so.56.60.100
7fcc46cab000-7fcc46cce000 rw-p 00b54000 08:01 5774372                    /usr/lib/x86_64-linux-gnu/libavcodec-ffmpeg.so.56.60.100
7fcc46cce000-7fcc47381000 rw-p 00000000 00:00 0 
7fcc47381000-7fcc47386000 r-xp 00000000 08:01 5774497                    /usr/lib/x86_64-linux-gnu/libv4l1.so.0.0.0
7fcc47386000-7fcc47585000 ---p 00005000 08:01 5774497                    /usr/lib/x86_64-linux-gnu/libv4l1.so.0.0.0
7fcc47585000-7fcc47586000 r--p 00004000 08:01 5774497                    /usr/lib/x86_64-linux-gnu/libv4l1.so.0.0.0
7fcc47586000-7fcc47587000 rw-p 00005000 08:01 5774497                    /usr/lib/x86_64-linux-gnu/libv4l1.so.0.0.0
7fcc47587000-7fcc475bc000 r-xp 00000000 08:01 5774478                    /usr/lib/x86_64-linux-gnu/libdc1394.so.22.1.11
7fcc475bc000-7fcc477bb000 ---p 00035000 08:01 5774478                    /usr/lib/x86_64-linux-gnu/libdc1394.so.22.1.11
7fcc477bb000-7fcc477bc000 r--p 00034000 08:01 5774478                    /usr/lib/x86_64-linux-gnu/libdc1394.so.22.1.11
7fcc477bc000-7fcc477bd000 rw-p 00035000 08:01 5774478                    /usr/lib/x86_64-linux-gnu/libdc1394.so.22.1.11
7fcc477bd000-7fcc477fd000 rw-p 00000000 00:00 0 
7fcc477fd000-7fcc4785a000 r-xp 00000000 08:01 5774486                    /usr/lib/x86_64-linux-gnu/libgdkglext-x11-1.0.so.0.0.0
7fcc4785a000-7fcc47a59000 ---p 0005d000 08:01 5774486                    /usr/lib/x86_64-linux-gnu/libgdkglext-x11-1.0.so.0.0.0
7fcc47a59000-7fcc47a5b000 r--p 0005c000 08:01 5774486                    /usr/lib/x86_64-linux-gnu/libgdkglext-x11-1.0.so.0.0.0
7fcc47a5b000-7fcc47a61000 rw-p 0005e000 08:01 5774486                    /usr/lib/x86_64-linux-gnu/libgdkglext-x11-1.0.so.0.0.0
7fcc47a61000-7fcc47a64000 r-xp 00000000 08:01 5774487                    /usr/lib/x86_64-linux-gnu/libgtkglext-x11-1.0.so.0.0.0
7fcc47a64000-7fcc47c63000 ---p 00003000 08:01 5774487                    /usr/lib/x86_64-linux-gnu/libgtkglext-x11-1.0.so.0.0.0
7fcc47c63000-7fcc47c64000 r--p 00002000 08:01 5774487                    /usr/lib/x86_64-linux-gnu/libgtkglext-x11-1.0.so.0.0.0
7fcc47c64000-7fcc47c65000 rw-p 00003000 08:01 5774487                    /usr/lib/x86_64-linux-gnu/libgtkglext-x11-1.0.so.0.0.0
7fcc47c65000-7fcc47d73000 r-xp 00000000 08:01 57937867                   /lib/x86_64-linux-gnu/libglib-2.0.so.0.4800.0
7fcc47d73000-7fcc47f73000 ---p 0010e000 08:01 57937867                   /lib/x86_64-linux-gnu/libglib-2.0.so.0.4800.0
7fcc47f73000-7fcc47f74000 r--p 0010e000 08:01 57937867                   /lib/x86_64-linux-gnu/libglib-2.0.so.0.4800.0
7fcc47f74000-7fcc47f75000 rw-p 0010f000 08:01 57937867                   /lib/x86_64-linux-gnu/libglib-2.0.so.0.4800.0
7fcc47f75000-7fcc47f76000 rw-p 00000000 00:00 0 
7fcc47f76000-7fcc47fc8000 r-xp 00000000 08:01 5772113                    /usr/lib/x86_64-linux-gnu/libgobject-2.0.so.0.4800.0
7fcc47fc8000-7fcc481c7000 ---p 00052000 08:01 5772113                    /usr/lib/x86_64-linux-gnu/libgobject-2.0.so.0.4800.0
7fcc481c7000-7fcc481c8000 r--p 00051000 08:01 5772113                    /usr/lib/x86_64-linux-gnu/libgobject-2.0.so.0.4800.0
7fcc481c8000-7fcc481c9000 rw-p 00052000 08:01 5772113                    /usr/lib/x86_64-linux-gnu/libgobject-2.0.so.0.4800.0
7fcc481c9000-7fcc48279000 r-xp 00000000 08:01 5774259                    /usr/lib/x86_64-linux-gnu/libgdk-x11-2.0.so.0.2400.30
7fcc48279000-7fcc48478000 ---p 000b0000 08:01 5774259                    /usr/lib/x86_64-linux-gnu/libgdk-x11-2.0.so.0.2400.30
7fcc48478000-7fcc4847c000 r--p 000af000 08:01 5774259                    /usr/lib/x86_64-linux-gnu/libgdk-x11-2.0.so.0.2400.30
7fcc4847c000-7fcc4847e000 rw-p 000b3000 08:01 5774259                    /usr/lib/x86_64-linux-gnu/libgdk-x11-2.0.so.0.2400.30
7fcc4847e000-7fcc488bc000 r-xp 00000000 08:01 5774260                    /usr/lib/x86_64-linux-gnu/libgtk-x11-2.0.so.0.2400.30
7fcc488bc000-7fcc48abb000 ---p 0043e000 08:01 5774260                    /usr/lib/x86_64-linux-gnu/libgtk-x11-2.0.so.0.2400.30
7fcc48abb000-7fcc48ac2000 r--p 0043d000 08:01 5774260                    /usr/lib/x86_64-linux-gnu/libgtk-x11-2.0.so.0.2400.30
7fcc48ac2000-7fcc48ac6000 rw-p 00444000 08:01 5774260                    /usr/lib/x86_64-linux-gnu/libgtk-x11-2.0.so.0.2400.30
7fcc48ac6000-7fcc48ac9000 rw-p 00000000 00:00 0 
7fcc48ac9000-7fcc48b0b000 r-xp 00000000 08:01 5773742                    /usr/lib/x86_64-linux-gnu/libHalf.so.12.0.0
7fcc48b0b000-7fcc48d0a000 ---p 00042000 08:01 5773742                    /usr/lib/x86_64-linux-gnu/libHalf.so.12.0.0
7fcc48d0a000-7fcc48d0b000 r--p 00041000 08:01 5773742                    /usr/lib/x86_64-linux-gnu/libHalf.so.12.0.0
7fcc48d0b000-7fcc48d0c000 rw-p 00042000 08:01 5773742                    /usr/lib/x86_64-linux-gnu/libHalf.so.12.0.0
7fcc48d0c000-7fcc48ed6000 r-xp 00000000 08:01 5773755                    /usr/lib/x86_64-linux-gnu/libIlmImf-2_2.so.22.0.0
7fcc48ed6000-7fcc490d5000 ---p 001ca000 08:01 5773755                    /usr/lib/x86_64-linux-gnu/libIlmImf-2_2.so.22.0.0
7fcc490d5000-7fcc490d8000 r--p 001c9000 08:01 5773755                    /usr/lib/x86_64-linux-gnu/libIlmImf-2_2.so.22.0.0
7fcc490d8000-7fcc491d9000 rw-p 001cc000 08:01 5773755                    /usr/lib/x86_64-linux-gnu/libIlmImf-2_2.so.22.0.0
7fcc491d9000-7fcc491da000 rw-p 00000000 00:00 0 
7fcc491da000-7fcc49226000 r-xp 00000000 08:01 5774490                    /usr/lib/x86_64-linux-gnu/libjasper.so.1.0.0
7fcc49226000-7fcc49425000 ---p 0004c000 08:01 5774490                    /usr/lib/x86_64-linux-gnu/libjasper.so.1.0.0
7fcc49425000-7fcc49426000 r--p 0004b000 08:01 5774490                    /usr/lib/x86_64-linux-gnu/libjasper.so.1.0.0
7fcc49426000-7fcc4942a000 rw-p 0004c000 08:01 5774490                    /usr/lib/x86_64-linux-gnu/libjasper.so.1.0.0
7fcc4942a000-7fcc49431000 rw-p 00000000 00:00 0 
7fcc49431000-7fcc494a0000 r-xp 00000000 08:01 5774225                    /usr/lib/x86_64-linux-gnu/libtiff.so.5.2.4
7fcc494a0000-7fcc496a0000 ---p 0006f000 08:01 5774225                    /usr/lib/x86_64-linux-gnu/libtiff.so.5.2.4
7fcc496a0000-7fcc496a1000 r--p 0006f000 08:01 5774225                    /usr/lib/x86_64-linux-gnu/libtiff.so.5.2.4
7fcc496a1000-7fcc496a4000 rw-p 00070000 08:01 5774225                    /usr/lib/x86_64-linux-gnu/libtiff.so.5.2.4
7fcc496a4000-7fcc496c8000 r-xp 00000000 08:01 57934410                   /lib/x86_64-linux-gnu/libpng12.so.0.54.0
7fcc496c8000-7fcc498c7000 ---p 00024000 08:01 57934410                   /lib/x86_64-linux-gnu/libpng12.so.0.54.0
7fcc498c7000-7fcc498c8000 r--p 00023000 08:01 57934410                   /lib/x86_64-linux-gnu/libpng12.so.0.54.0
7fcc498c8000-7fcc498c9000 rw-p 00024000 08:01 57934410                   /lib/x86_64-linux-gnu/libpng12.so.0.54.0
7fcc498c9000-7fcc49920000 r-xp 00000000 08:01 5773736                    /usr/lib/x86_64-linux-gnu/libjpeg.so.8.0.2
7fcc49920000-7fcc49b20000 ---p 00057000 08:01 5773736                    /usr/lib/x86_64-linux-gnu/libjpeg.so.8.0.2
7fcc49b20000-7fcc49b21000 r--p 00057000 08:01 5773736                    /usr/lib/x86_64-linux-gnu/libjpeg.so.8.0.2
7fcc49b21000-7fcc49b22000 rw-p 00058000 08:01 5773736                    /usr/lib/x86_64-linux-gnu/libjpeg.so.8.0.2
7fcc49b22000-7fcc49b8f000 r-xp 00000000 08:01 7604527                    /usr/lib/x86_64-linux-gnu/mesa/libGL.so.1.2.0
7fcc49b8f000-7fcc49d8e000 ---p 0006d000 08:01 7604527                    /usr/lib/x86_64-linux-gnu/mesa/libGL.so.1.2.0
7fcc49d8e000-7fcc49d91000 r--p 0006c000 08:01 7604527                    /usr/lib/x86_64-linux-gnu/mesa/libGL.so.1.2.0
7fcc49d91000-7fcc49d92000 rw-p 0006f000 08:01 7604527                    /usr/lib/x86_64-linux-gnu/mesa/libGL.so.1.2.0
7fcc49d92000-7fcc49d93000 rw-p 00000000 00:00 0 
7fcc49d93000-7fcc49db4000 r-xp 00000000 08:01 5773936                    /usr/lib/x86_64-linux-gnu/libgomp.so.1.0.0
7fcc49db4000-7fcc49fb3000 ---p 00021000 08:01 5773936                    /usr/lib/x86_64-linux-gnu/libgomp.so.1.0.0
7fcc49fb3000-7fcc49fb4000 r--p 00020000 08:01 5773936                    /usr/lib/x86_64-linux-gnu/libgomp.so.1.0.0
7fcc49fb4000-7fcc49fb5000 rw-p 00021000 08:01 5773936                    /usr/lib/x86_64-linux-gnu/libgomp.so.1.0.0
7fcc49fb5000-7fcc4a0bd000 r-xp 00000000 08:01 57934369                   /lib/x86_64-linux-gnu/libm-2.23.so
7fcc4a0bd000-7fcc4a2bc000 ---p 00108000 08:01 57934369                   /lib/x86_64-linux-gnu/libm-2.23.so
7fcc4a2bc000-7fcc4a2bd000 r--p 00107000 08:01 57934369                   /lib/x86_64-linux-gnu/libm-2.23.so
7fcc4a2bd000-7fcc4a2be000 rw-p 00108000 08:01 57934369                   /lib/x86_64-linux-gnu/libm-2.23.so
7fcc4a2be000-7fcc4a4db000 r-xp 00000000 08:01 5773707                    /usr/lib/x86_64-linux-gnu/libopencv_core.so.2.4.9
7fcc4a4db000-7fcc4a6db000 ---p 0021d000 08:01 5773707                    /usr/lib/x86_64-linux-gnu/libopencv_core.so.2.4.9
7fcc4a6db000-7fcc4a6df000 r--p 0021d000 08:01 5773707                    /usr/lib/x86_64-linux-gnu/libopencv_core.so.2.4.9
7fcc4a6df000-7fcc4a6e6000 rw-p 00221000 08:01 5773707                    /usr/lib/x86_64-linux-gnu/libopencv_core.so.2.4.9
7fcc4a6e6000-7fcc4a6e8000 rw-p 00000000 00:00 0 
7fcc4a6e8000-7fcc4a8d8000 r-xp 00000000 08:01 5774460                    /usr/lib/x86_64-linux-gnu/libopencv_imgproc.so.2.4.9
7fcc4a8d8000-7fcc4aad7000 ---p 001f0000 08:01 5774460                    /usr/lib/x86_64-linux-gnu/libopencv_imgproc.so.2.4.9
7fcc4aad7000-7fcc4aadd000 r--p 001ef000 08:01 5774460                    /usr/lib/x86_64-linux-gnu/libopencv_imgproc.so.2.4.9
7fcc4aadd000-7fcc4aade000 rw-p 001f5000 08:01 5774460                    /usr/lib/x86_64-linux-gnu/libopencv_imgproc.so.2.4.9
7fcc4aade000-7fcc4ab73000 rw-p 00000000 00:00 0 
7fcc4ab73000-7fcc4abb9000 r-xp 00000000 08:01 5774500                    /usr/lib/x86_64-linux-gnu/libopencv_highgui.so.2.4.9
7fcc4abb9000-7fcc4adb8000 ---p 00046000 08:01 5774500                    /usr/lib/x86_64-linux-gnu/libopencv_highgui.so.2.4.9
7fcc4adb8000-7fcc4adbb000 r--p 00045000 08:01 5774500                    /usr/lib/x86_64-linux-gnu/libopencv_highgui.so.2.4.9
7fcc4adbb000-7fcc4adbc000 rw-p 00048000 08:01 5774500                    /usr/lib/x86_64-linux-gnu/libopencv_highgui.so.2.4.9
7fcc4adbc000-7fcc4af7c000 r-xp 00000000 08:01 57934328                   /lib/x86_64-linux-gnu/libc-2.23.so
7fcc4af7c000-7fcc4b17b000 ---p 001c0000 08:01 57934328                   /lib/x86_64-linux-gnu/libc-2.23.so
7fcc4b17b000-7fcc4b17f000 r--p 001bf000 08:01 57934328                   /lib/x86_64-linux-gnu/libc-2.23.so
7fcc4b17f000-7fcc4b181000 rw-p 001c3000 08:01 57934328                   /lib/x86_64-linux-gnu/libc-2.23.so
7fcc4b181000-7fcc4b185000 rw-p 00000000 00:00 0 
7fcc4b185000-7fcc4b19d000 r-xp 00000000 08:01 57934415                   /lib/x86_64-linux-gnu/libpthread-2.23.so
7fcc4b19d000-7fcc4b39c000 ---p 00018000 08:01 57934415                   /lib/x86_64-linux-gnu/libpthread-2.23.so
7fcc4b39c000-7fcc4b39d000 r--p 00017000 08:01 57934415                   /lib/x86_64-linux-gnu/libpthread-2.23.so
7fcc4b39d000-7fcc4b39e000 rw-p 00018000 08:01 57934415                   /lib/x86_64-linux-gnu/libpthread-2.23.so
7fcc4b39e000-7fcc4b3a2000 rw-p 00000000 00:00 0 
7fcc4b3a2000-7fcc4b3b8000 r-xp 00000000 08:01 57934354                   /lib/x86_64-linux-gnu/libgcc_s.so.1
7fcc4b3b8000-7fcc4b5b7000 ---p 00016000 08:01 57934354                   /lib/x86_64-linux-gnu/libgcc_s.so.1
7fcc4b5b7000-7fcc4b5b8000 rw-p 00015000 08:01 57934354                   /lib/x86_64-linux-gnu/libgcc_s.so.1
7fcc4b5b8000-7fcc4b72a000 r-xp 00000000 08:01 5771302                    /usr/lib/x86_64-linux-gnu/libstdc++.so.6.0.21
7fcc4b72a000-7fcc4b92a000 ---p 00172000 08:01 5771302                    /usr/lib/x86_64-linux-gnu/libstdc++.so.6.0.21
7fcc4b92a000-7fcc4b934000 r--p 00172000 08:01 5771302                    /usr/lib/x86_64-linux-gnu/libstdc++.so.6.0.21
7fcc4b934000-7fcc4b936000 rw-p 0017c000 08:01 5771302                    /usr/lib/x86_64-linux-gnu/libstdc++.so.6.0.21
7fcc4b936000-7fcc4b93a000 rw-p 00000000 00:00 0 
7fcc4b93a000-7fcc4b982000 r-xp 00000000 00:2a 657865                     /home/sebastian/raytracing/build/DocOpt/libdocopt.so
7fcc4b982000-7fcc4bb81000 ---p 00048000 00:2a 657865                     /home/sebastian/raytracing/build/DocOpt/libdocopt.so
7fcc4bb81000-7fcc4bb83000 r--p 00047000 00:2a 657865                     /home/sebastian/raytracing/build/DocOpt/libdocopt.so
7fcc4bb83000-7fcc4bb84000 rw-p 00049000 00:2a 657865                     /home/sebastian/raytracing/build/DocOpt/libdocopt.so
7fcc4bb84000-7fcc4bcc4000 r-xp 00000000 00:2a 54001821                   /home/sebastian/raytracing/build/libmct.so
7fcc4bcc4000-7fcc4bec3000 ---p 00140000 00:2a 54001821                   /home/sebastian/raytracing/build/libmct.so
7fcc4bec3000-7fcc4bec6000 r--p 0013f000 00:2a 54001821                   /home/sebastian/raytracing/build/libmct.so
7fcc4bec6000-7fcc4bec9000 rw-p 00142000 00:2a 54001821                   /home/sebastian/raytracing/build/libmct.so
7fcc4bec9000-7fcc4bed9000 rw-p 00000000 00:00 0 
7fcc4bed9000-7fcc4beff000 r-xp 00000000 08:01 57934304                   /lib/x86_64-linux-gnu/ld-2.23.so
7fcc4c08d000-7fcc4c0a7000 rw-p 00000000 00:00 0 
7fcc4c0a7000-7fcc4c0c5000 r-xp 00000000 08:01 57934441                   /lib/x86_64-linux-gnu/libudev.so.1.6.4
7fcc4c0c5000-7fcc4c0c6000 r--p 0001d000 08:01 57934441                   /lib/x86_64-linux-gnu/libudev.so.1.6.4
7fcc4c0c6000-7fcc4c0c7000 rw-p 0001e000 08:01 57934441                   /lib/x86_64-linux-gnu/libudev.so.1.6.4
7fcc4c0c7000-7fcc4c0f0000 rw-p 00000000 00:00 0 
7fcc4c0fa000-7fcc4c0fe000 rw-p 00000000 00:00 0 
7fcc4c0fe000-7fcc4c0ff000 r--p 00025000 08:01 57934304                   /lib/x86_64-linux-gnu/ld-2.23.so
7fcc4c0ff000-7fcc4c100000 rw-p 00026000 08:01 57934304                   /lib/x86_64-linux-gnu/ld-2.23.so
7fcc4c100000-7fcc4c101000 rw-p 00000000 00:00 0 
7fff81324000-7fff81367000 rw-p 00000000 00:00 0                          [stack]
7fff81388000-7fff8138a000 r--p 00000000 00:00 0                          [vvar]
7fff8138a000-7fff8138c000 r-xp 00000000 00:00 0                          [vdso]
ffffffffff600000-ffffffffff601000 r-xp 00000000 00:00 0                  [vsyscall]
