*** Error in `/home/sebastian/raytracing/build/mctPlenoscopePropagation': munmap_chunk(): invalid pointer: 0x00000000023699f0 ***
======= Backtrace: =========
/lib/x86_64-linux-gnu/libc.so.6(+0x77725)[0x7f31c2791725]
/lib/x86_64-linux-gnu/libc.so.6(cfree+0x1a8)[0x7f31c279dc18]
/home/sebastian/raytracing/build/libmct.so(_ZNSt6vectorIN12PhotonSensor11photon_infoESaIS1_EE19_M_emplace_back_auxIJRKS1_EEEvDpOT_+0xd6)[0x7f31c35a1a16]
/home/sebastian/raytracing/build/libmct.so(_ZN12PhotonSensor6Sensor28assign_photon_to_this_sensorEPK6Photon+0x1c9)[0x7f31c35a14f9]
/home/sebastian/raytracing/build/libmct.so(_ZN13PhotonSensors7Sensors13assign_photonEPK6Photon+0x5a)[0x7f31c35a2b3a]
/home/sebastian/raytracing/build/libmct.so(_ZN13PhotonSensors7Sensors14assign_photonsEPKSt6vectorI6PhotonSaIS2_EE+0x27)[0x7f31c35a2b87]
/home/sebastian/raytracing/build/mctPlenoscopePropagation(main+0x1939)[0x40ed99]
/lib/x86_64-linux-gnu/libc.so.6(__libc_start_main+0xf0)[0x7f31c273a830]
/home/sebastian/raytracing/build/mctPlenoscopePropagation(_start+0x29)[0x412369]
======= Memory map: ========
00400000-00432000 r-xp 00000000 08:01 54001989                           /home/sebastian/raytracing/build/mctPlenoscopePropagation
00632000-00633000 r--p 00032000 08:01 54001989                           /home/sebastian/raytracing/build/mctPlenoscopePropagation
00633000-00634000 rw-p 00033000 08:01 54001989                           /home/sebastian/raytracing/build/mctPlenoscopePropagation
00634000-00635000 rw-p 00000000 00:00 0 
01fdf000-0357b000 rw-p 00000000 00:00 0                                  [heap]
7f31a9e37000-7f31a9e38000 ---p 00000000 00:00 0 
7f31a9e38000-7f31aa638000 rw-p 00000000 00:00 0 
7f31aa638000-7f31abeee000 r-xp 00000000 08:01 41161944                   /usr/lib/x86_64-linux-gnu/libicudata.so.55.1
7f31abeee000-7f31ac0ed000 ---p 018b6000 08:01 41161944                   /usr/lib/x86_64-linux-gnu/libicudata.so.55.1
7f31ac0ed000-7f31ac0ee000 r--p 018b5000 08:01 41161944                   /usr/lib/x86_64-linux-gnu/libicudata.so.55.1
7f31ac0ee000-7f31ac0ef000 rw-p 018b6000 08:01 41161944                   /usr/lib/x86_64-linux-gnu/libicudata.so.55.1
7f31ac0ef000-7f31ac0f2000 r-xp 00000000 08:01 25956330                   /lib/x86_64-linux-gnu/libkeyutils.so.1.5
7f31ac0f2000-7f31ac2f1000 ---p 00003000 08:01 25956330                   /lib/x86_64-linux-gnu/libkeyutils.so.1.5
7f31ac2f1000-7f31ac2f2000 r--p 00002000 08:01 25956330                   /lib/x86_64-linux-gnu/libkeyutils.so.1.5
7f31ac2f2000-7f31ac2f3000 rw-p 00003000 08:01 25956330                   /lib/x86_64-linux-gnu/libkeyutils.so.1.5
7f31ac2f3000-7f31ac2f7000 r-xp 00000000 08:01 25952372                   /lib/x86_64-linux-gnu/libuuid.so.1.3.0
7f31ac2f7000-7f31ac4f6000 ---p 00004000 08:01 25952372                   /lib/x86_64-linux-gnu/libuuid.so.1.3.0
7f31ac4f6000-7f31ac4f7000 r--p 00003000 08:01 25952372                   /lib/x86_64-linux-gnu/libuuid.so.1.3.0
7f31ac4f7000-7f31ac4f8000 rw-p 00004000 08:01 25952372                   /lib/x86_64-linux-gnu/libuuid.so.1.3.0
7f31ac4f8000-7f31ac677000 r-xp 00000000 08:01 41161940                   /usr/lib/x86_64-linux-gnu/libicuuc.so.55.1
7f31ac677000-7f31ac877000 ---p 0017f000 08:01 41161940                   /usr/lib/x86_64-linux-gnu/libicuuc.so.55.1
7f31ac877000-7f31ac887000 r--p 0017f000 08:01 41161940                   /usr/lib/x86_64-linux-gnu/libicuuc.so.55.1
7f31ac887000-7f31ac888000 rw-p 0018f000 08:01 41161940                   /usr/lib/x86_64-linux-gnu/libicuuc.so.55.1
7f31ac888000-7f31ac88c000 rw-p 00000000 00:00 0 
7f31ac88c000-7f31ac896000 r-xp 00000000 08:01 41164127                   /usr/lib/x86_64-linux-gnu/libkrb5support.so.0.1
7f31ac896000-7f31aca95000 ---p 0000a000 08:01 41164127                   /usr/lib/x86_64-linux-gnu/libkrb5support.so.0.1
7f31aca95000-7f31aca96000 r--p 00009000 08:01 41164127                   /usr/lib/x86_64-linux-gnu/libkrb5support.so.0.1
7f31aca96000-7f31aca97000 rw-p 0000a000 08:01 41164127                   /usr/lib/x86_64-linux-gnu/libkrb5support.so.0.1
7f31aca97000-7f31aca9a000 r-xp 00000000 08:01 25952307                   /lib/x86_64-linux-gnu/libcom_err.so.2.1
7f31aca9a000-7f31acc99000 ---p 00003000 08:01 25952307                   /lib/x86_64-linux-gnu/libcom_err.so.2.1
7f31acc99000-7f31acc9a000 r--p 00002000 08:01 25952307                   /lib/x86_64-linux-gnu/libcom_err.so.2.1
7f31acc9a000-7f31acc9b000 rw-p 00003000 08:01 25952307                   /lib/x86_64-linux-gnu/libcom_err.so.2.1
7f31acc9b000-7f31accc7000 r-xp 00000000 08:01 41164131                   /usr/lib/x86_64-linux-gnu/libk5crypto.so.3.1
7f31accc7000-7f31acec6000 ---p 0002c000 08:01 41164131                   /usr/lib/x86_64-linux-gnu/libk5crypto.so.3.1
7f31acec6000-7f31acec8000 r--p 0002b000 08:01 41164131                   /usr/lib/x86_64-linux-gnu/libk5crypto.so.3.1
7f31acec8000-7f31acec9000 rw-p 0002d000 08:01 41164131                   /usr/lib/x86_64-linux-gnu/libk5crypto.so.3.1
7f31acec9000-7f31aceca000 rw-p 00000000 00:00 0 
7f31aceca000-7f31acf8d000 r-xp 00000000 08:01 41164135                   /usr/lib/x86_64-linux-gnu/libkrb5.so.3.3
7f31acf8d000-7f31ad18d000 ---p 000c3000 08:01 41164135                   /usr/lib/x86_64-linux-gnu/libkrb5.so.3.3
7f31ad18d000-7f31ad19a000 r--p 000c3000 08:01 41164135                   /usr/lib/x86_64-linux-gnu/libkrb5.so.3.3
7f31ad19a000-7f31ad19c000 rw-p 000d0000 08:01 41164135                   /usr/lib/x86_64-linux-gnu/libkrb5.so.3.3
7f31ad19c000-7f31ad1ae000 r-xp 00000000 08:01 25952325                   /lib/x86_64-linux-gnu/libgpg-error.so.0.17.0
7f31ad1ae000-7f31ad3ae000 ---p 00012000 08:01 25952325                   /lib/x86_64-linux-gnu/libgpg-error.so.0.17.0
7f31ad3ae000-7f31ad3af000 r--p 00012000 08:01 25952325                   /lib/x86_64-linux-gnu/libgpg-error.so.0.17.0
7f31ad3af000-7f31ad3b0000 rw-p 00013000 08:01 25952325                   /lib/x86_64-linux-gnu/libgpg-error.so.0.17.0
7f31ad3b0000-7f31ad3c6000 r-xp 00000000 08:01 41165418                   /usr/lib/x86_64-linux-gnu/libICE.so.6.3.0
7f31ad3c6000-7f31ad5c5000 ---p 00016000 08:01 41165418                   /usr/lib/x86_64-linux-gnu/libICE.so.6.3.0
7f31ad5c5000-7f31ad5c6000 r--p 00015000 08:01 41165418                   /usr/lib/x86_64-linux-gnu/libICE.so.6.3.0
7f31ad5c6000-7f31ad5c7000 rw-p 00016000 08:01 41165418                   /usr/lib/x86_64-linux-gnu/libICE.so.6.3.0
7f31ad5c7000-7f31ad5ca000 rw-p 00000000 00:00 0 
7f31ad5ca000-7f31ad5d1000 r-xp 00000000 08:01 41165458                   /usr/lib/x86_64-linux-gnu/libSM.so.6.0.1
7f31ad5d1000-7f31ad7d0000 ---p 00007000 08:01 41165458                   /usr/lib/x86_64-linux-gnu/libSM.so.6.0.1
7f31ad7d0000-7f31ad7d1000 r--p 00006000 08:01 41165458                   /usr/lib/x86_64-linux-gnu/libSM.so.6.0.1
7f31ad7d1000-7f31ad7d2000 rw-p 00007000 08:01 41165458                   /usr/lib/x86_64-linux-gnu/libSM.so.6.0.1
7f31ad7d2000-7f31ad7d8000 r-xp 00000000 08:01 41165804                   /usr/lib/x86_64-linux-gnu/libdatrie.so.1.3.3
7f31ad7d8000-7f31ad9d8000 ---p 00006000 08:01 41165804                   /usr/lib/x86_64-linux-gnu/libdatrie.so.1.3.3
7f31ad9d8000-7f31ad9d9000 r--p 00006000 08:01 41165804                   /usr/lib/x86_64-linux-gnu/libdatrie.so.1.3.3
7f31ad9d9000-7f31ad9da000 rw-p 00007000 08:01 41165804                   /usr/lib/x86_64-linux-gnu/libdatrie.so.1.3.3
7f31ad9da000-7f31ad9fd000 r-xp 00000000 08:01 41166863                   /usr/lib/x86_64-linux-gnu/libgraphite2.so.3.0.1
7f31ad9fd000-7f31adbfc000 ---p 00023000 08:01 41166863                   /usr/lib/x86_64-linux-gnu/libgraphite2.so.3.0.1
7f31adbfc000-7f31adbfe000 r--p 00022000 08:01 41166863                   /usr/lib/x86_64-linux-gnu/libgraphite2.so.3.0.1
7f31adbfe000-7f31adbff000 rw-p 00024000 08:01 41166863                   /usr/lib/x86_64-linux-gnu/libgraphite2.so.3.0.1
7f31adbff000-7f31adc10000 r-xp 00000000 08:01 41161294                   /usr/lib/x86_64-linux-gnu/libtasn1.so.6.5.1
7f31adc10000-7f31ade10000 ---p 00011000 08:01 41161294                   /usr/lib/x86_64-linux-gnu/libtasn1.so.6.5.1
7f31ade10000-7f31ade11000 r--p 00011000 08:01 41161294                   /usr/lib/x86_64-linux-gnu/libtasn1.so.6.5.1
7f31ade11000-7f31ade12000 rw-p 00012000 08:01 41161294                   /usr/lib/x86_64-linux-gnu/libtasn1.so.6.5.1
7f31ade12000-7f31ade43000 r-xp 00000000 08:01 41161269                   /usr/lib/x86_64-linux-gnu/libidn.so.11.6.15
7f31ade43000-7f31ae043000 ---p 00031000 08:01 41161269                   /usr/lib/x86_64-linux-gnu/libidn.so.11.6.15
7f31ae043000-7f31ae044000 r--p 00031000 08:01 41161269                   /usr/lib/x86_64-linux-gnu/libidn.so.11.6.15
7f31ae044000-7f31ae045000 rw-p 00032000 08:01 41161269                   /usr/lib/x86_64-linux-gnu/libidn.so.11.6.15
7f31ae045000-7f31ae09f000 r-xp 00000000 08:01 41161284                   /usr/lib/x86_64-linux-gnu/libp11-kit.so.0.1.0
7f31ae09f000-7f31ae29e000 ---p 0005a000 08:01 41161284                   /usr/lib/x86_64-linux-gnu/libp11-kit.so.0.1.0
7f31ae29e000-7f31ae2a8000 r--p 00059000 08:01 41161284                   /usr/lib/x86_64-linux-gnu/libp11-kit.so.0.1.0
7f31ae2a8000-7f31ae2aa000 rw-p 00063000 08:01 41161284                   /usr/lib/x86_64-linux-gnu/libp11-kit.so.0.1.0
7f31ae2aa000-7f31ae45a000 r-xp 00000000 08:01 41161954                   /usr/lib/x86_64-linux-gnu/libxml2.so.2.9.3
7f31ae45a000-7f31ae659000 ---p 001b0000 08:01 41161954                   /usr/lib/x86_64-linux-gnu/libxml2.so.2.9.3
7f31ae659000-7f31ae661000 r--p 001af000 08:01 41161954                   /usr/lib/x86_64-linux-gnu/libxml2.so.2.9.3
7f31ae661000-7f31ae663000 rw-p 001b7000 08:01 41161954                   /usr/lib/x86_64-linux-gnu/libxml2.so.2.9.3
7f31ae663000-7f31ae664000 rw-p 00000000 00:00 0 
7f31ae664000-7f31ae6e3000 r-xp 00000000 08:01 41161260                   /usr/lib/x86_64-linux-gnu/libgmp.so.10.3.0
7f31ae6e3000-7f31ae8e2000 ---p 0007f000 08:01 41161260                   /usr/lib/x86_64-linux-gnu/libgmp.so.10.3.0
7f31ae8e2000-7f31ae8e3000 r--p 0007e000 08:01 41161260                   /usr/lib/x86_64-linux-gnu/libgmp.so.10.3.0
7f31ae8e3000-7f31ae8e4000 rw-p 0007f000 08:01 41161260                   /usr/lib/x86_64-linux-gnu/libgmp.so.10.3.0
7f31ae8e4000-7f31ae918000 r-xp 00000000 08:01 41161282                   /usr/lib/x86_64-linux-gnu/libnettle.so.6.2
7f31ae918000-7f31aeb17000 ---p 00034000 08:01 41161282                   /usr/lib/x86_64-linux-gnu/libnettle.so.6.2
7f31aeb17000-7f31aeb19000 r--p 00033000 08:01 41161282                   /usr/lib/x86_64-linux-gnu/libnettle.so.6.2
7f31aeb19000-7f31aeb1a000 rw-p 00035000 08:01 41161282                   /usr/lib/x86_64-linux-gnu/libnettle.so.6.2
7f31aeb1a000-7f31aeb4c000 r-xp 00000000 08:01 41161266                   /usr/lib/x86_64-linux-gnu/libhogweed.so.4.2
7f31aeb4c000-7f31aed4b000 ---p 00032000 08:01 41161266                   /usr/lib/x86_64-linux-gnu/libhogweed.so.4.2
7f31aed4b000-7f31aed4c000 r--p 00031000 08:01 41161266                   /usr/lib/x86_64-linux-gnu/libhogweed.so.4.2
7f31aed4c000-7f31aed4d000 rw-p 00032000 08:01 41161266                   /usr/lib/x86_64-linux-gnu/libhogweed.so.4.2
7f31aed4d000-7f31aed94000 r-xp 00000000 08:01 41164141                   /usr/lib/x86_64-linux-gnu/libgssapi_krb5.so.2.2
7f31aed94000-7f31aef93000 ---p 00047000 08:01 41164141                   /usr/lib/x86_64-linux-gnu/libgssapi_krb5.so.2.2
7f31aef93000-7f31aef95000 r--p 00046000 08:01 41164141                   /usr/lib/x86_64-linux-gnu/libgssapi_krb5.so.2.2
7f31aef95000-7f31aef97000 rw-p 00048000 08:01 41164141                   /usr/lib/x86_64-linux-gnu/libgssapi_krb5.so.2.2
7f31aef97000-7f31af06f000 r-xp 00000000 08:01 25952323                   /lib/x86_64-linux-gnu/libgcrypt.so.20.0.5
7f31af06f000-7f31af26e000 ---p 000d8000 08:01 25952323                   /lib/x86_64-linux-gnu/libgcrypt.so.20.0.5
7f31af26e000-7f31af26f000 r--p 000d7000 08:01 25952323                   /lib/x86_64-linux-gnu/libgcrypt.so.20.0.5
7f31af26f000-7f31af277000 rw-p 000d8000 08:01 25952323                   /lib/x86_64-linux-gnu/libgcrypt.so.20.0.5
7f31af277000-7f31af278000 rw-p 00000000 00:00 0 
7f31af278000-7f31af2f3000 r-xp 00000000 08:01 41165452                   /usr/lib/x86_64-linux-gnu/liborc-0.4.so.0.25.0
7f31af2f3000-7f31af4f2000 ---p 0007b000 08:01 41165452                   /usr/lib/x86_64-linux-gnu/liborc-0.4.so.0.25.0
7f31af4f2000-7f31af4f4000 r--p 0007a000 08:01 41165452                   /usr/lib/x86_64-linux-gnu/liborc-0.4.so.0.25.0
7f31af4f4000-7f31af4f8000 rw-p 0007c000 08:01 41165452                   /usr/lib/x86_64-linux-gnu/liborc-0.4.so.0.25.0
7f31af4f8000-7f31af4ff000 r-xp 00000000 08:01 41165423                   /usr/lib/x86_64-linux-gnu/libogg.so.0.8.2
7f31af4ff000-7f31af6ff000 ---p 00007000 08:01 41165423                   /usr/lib/x86_64-linux-gnu/libogg.so.0.8.2
7f31af6ff000-7f31af700000 r--p 00007000 08:01 41165423                   /usr/lib/x86_64-linux-gnu/libogg.so.0.8.2
7f31af700000-7f31af701000 rw-p 00008000 08:01 41165423                   /usr/lib/x86_64-linux-gnu/libogg.so.0.8.2
7f31af701000-7f31af70b000 r-xp 00000000 08:01 41164557                   /usr/lib/x86_64-linux-gnu/libnuma.so.1.0.0
7f31af70b000-7f31af90a000 ---p 0000a000 08:01 41164557                   /usr/lib/x86_64-linux-gnu/libnuma.so.1.0.0
7f31af90a000-7f31af90b000 r--p 00009000 08:01 41164557                   /usr/lib/x86_64-linux-gnu/libnuma.so.1.0.0
7f31af90b000-7f31af90c000 rw-p 0000a000 08:01 41164557                   /usr/lib/x86_64-linux-gnu/libnuma.so.1.0.0
7f31af90c000-7f31af93a000 r-xp 00000000 08:01 41167087                   /usr/lib/x86_64-linux-gnu/libsoxr.so.0.1.1
7f31af93a000-7f31afb39000 ---p 0002e000 08:01 41167087                   /usr/lib/x86_64-linux-gnu/libsoxr.so.0.1.1
7f31afb39000-7f31afb3b000 r--p 0002d000 08:01 41167087                   /usr/lib/x86_64-linux-gnu/libsoxr.so.0.1.1
7f31afb3b000-7f31afb3c000 rw-p 0002f000 08:01 41167087                   /usr/lib/x86_64-linux-gnu/libsoxr.so.0.1.1
7f31afb3c000-7f31afb71000 rw-p 00000000 00:00 0 
7f31afb71000-7f31afb96000 r-xp 00000000 08:01 41167577                   /usr/lib/x86_64-linux-gnu/libv4lconvert.so.0.0.0
7f31afb96000-7f31afd96000 ---p 00025000 08:01 41167577                   /usr/lib/x86_64-linux-gnu/libv4lconvert.so.0.0.0
7f31afd96000-7f31afd98000 r--p 00025000 08:01 41167577                   /usr/lib/x86_64-linux-gnu/libv4lconvert.so.0.0.0
7f31afd98000-7f31afd99000 rw-p 00027000 08:01 41167577                   /usr/lib/x86_64-linux-gnu/libv4lconvert.so.0.0.0
7f31afd99000-7f31afdeb000 rw-p 00000000 00:00 0 
7f31afdeb000-7f31afe4d000 r-xp 00000000 08:01 41167563                   /usr/lib/x86_64-linux-gnu/libXt.so.6.0.0
7f31afe4d000-7f31b004d000 ---p 00062000 08:01 41167563                   /usr/lib/x86_64-linux-gnu/libXt.so.6.0.0
7f31b004d000-7f31b004e000 r--p 00062000 08:01 41167563                   /usr/lib/x86_64-linux-gnu/libXt.so.6.0.0
7f31b004e000-7f31b0053000 rw-p 00063000 08:01 41167563                   /usr/lib/x86_64-linux-gnu/libXt.so.6.0.0
7f31b0053000-7f31b0054000 rw-p 00000000 00:00 0 
7f31b0054000-7f31b005c000 r-xp 00000000 08:01 41165806                   /usr/lib/x86_64-linux-gnu/libthai.so.0.2.4
7f31b005c000-7f31b025b000 ---p 00008000 08:01 41165806                   /usr/lib/x86_64-linux-gnu/libthai.so.0.2.4
7f31b025b000-7f31b025c000 r--p 00007000 08:01 41165806                   /usr/lib/x86_64-linux-gnu/libthai.so.0.2.4
7f31b025c000-7f31b025d000 rw-p 00008000 08:01 41165806                   /usr/lib/x86_64-linux-gnu/libthai.so.0.2.4
7f31b025d000-7f31b02b9000 r-xp 00000000 08:01 41166866                   /usr/lib/x86_64-linux-gnu/libharfbuzz.so.0.10000.1
7f31b02b9000-7f31b04b9000 ---p 0005c000 08:01 41166866                   /usr/lib/x86_64-linux-gnu/libharfbuzz.so.0.10000.1
7f31b04b9000-7f31b04ba000 r--p 0005c000 08:01 41166866                   /usr/lib/x86_64-linux-gnu/libharfbuzz.so.0.10000.1
7f31b04ba000-7f31b04bb000 rw-p 0005d000 08:01 41166866                   /usr/lib/x86_64-linux-gnu/libharfbuzz.so.0.10000.1
7f31b04bb000-7f31b04d2000 r-xp 00000000 08:01 25952291                   /lib/x86_64-linux-gnu/libresolv-2.23.so
7f31b04d2000-7f31b06d2000 ---p 00017000 08:01 25952291                   /lib/x86_64-linux-gnu/libresolv-2.23.so
7f31b06d2000-7f31b06d3000 r--p 00017000 08:01 25952291                   /lib/x86_64-linux-gnu/libresolv-2.23.so
7f31b06d3000-7f31b06d4000 rw-p 00018000 08:01 25952291                   /lib/x86_64-linux-gnu/libresolv-2.23.so
7f31b06d4000-7f31b06d6000 rw-p 00000000 00:00 0 
7f31b06d6000-7f31b06f5000 r-xp 00000000 08:01 25952360                   /lib/x86_64-linux-gnu/libselinux.so.1
7f31b06f5000-7f31b08f4000 ---p 0001f000 08:01 25952360                   /lib/x86_64-linux-gnu/libselinux.so.1
7f31b08f4000-7f31b08f5000 r--p 0001e000 08:01 25952360                   /lib/x86_64-linux-gnu/libselinux.so.1
7f31b08f5000-7f31b08f6000 rw-p 0001f000 08:01 25952360                   /lib/x86_64-linux-gnu/libselinux.so.1
7f31b08f6000-7f31b08f8000 rw-p 00000000 00:00 0 
7f31b08f8000-7f31b0900000 r-xp 00000000 08:01 41166856                   /usr/lib/x86_64-linux-gnu/libxcb-render.so.0.0.0
7f31b0900000-7f31b0b00000 ---p 00008000 08:01 41166856                   /usr/lib/x86_64-linux-gnu/libxcb-render.so.0.0.0
7f31b0b00000-7f31b0b01000 r--p 00008000 08:01 41166856                   /usr/lib/x86_64-linux-gnu/libxcb-render.so.0.0.0
7f31b0b01000-7f31b0b02000 rw-p 00009000 08:01 41166856                   /usr/lib/x86_64-linux-gnu/libxcb-render.so.0.0.0
7f31b0b02000-7f31b0b04000 r-xp 00000000 08:01 41166858                   /usr/lib/x86_64-linux-gnu/libxcb-shm.so.0.0.0
7f31b0b04000-7f31b0d04000 ---p 00002000 08:01 41166858                   /usr/lib/x86_64-linux-gnu/libxcb-shm.so.0.0.0
7f31b0d04000-7f31b0d05000 r--p 00002000 08:01 41166858                   /usr/lib/x86_64-linux-gnu/libxcb-shm.so.0.0.0
7f31b0d05000-7f31b0d06000 rw-p 00003000 08:01 41166858                   /usr/lib/x86_64-linux-gnu/libxcb-shm.so.0.0.0
7f31b0d06000-7f31b0da5000 r-xp 00000000 08:01 41166854                   /usr/lib/x86_64-linux-gnu/libpixman-1.so.0.33.6
7f31b0da5000-7f31b0fa5000 ---p 0009f000 08:01 41166854                   /usr/lib/x86_64-linux-gnu/libpixman-1.so.0.33.6
7f31b0fa5000-7f31b0fad000 r--p 0009f000 08:01 41166854                   /usr/lib/x86_64-linux-gnu/libpixman-1.so.0.33.6
7f31b0fad000-7f31b0fae000 rw-p 000a7000 08:01 41166854                   /usr/lib/x86_64-linux-gnu/libpixman-1.so.0.33.6
7f31b0fae000-7f31b1052000 r-xp 00000000 08:01 41161571                   /usr/lib/x86_64-linux-gnu/libfreetype.so.6.12.1
7f31b1052000-7f31b1251000 ---p 000a4000 08:01 41161571                   /usr/lib/x86_64-linux-gnu/libfreetype.so.6.12.1
7f31b1251000-7f31b1257000 r--p 000a3000 08:01 41161571                   /usr/lib/x86_64-linux-gnu/libfreetype.so.6.12.1
7f31b1257000-7f31b1258000 rw-p 000a9000 08:01 41161571                   /usr/lib/x86_64-linux-gnu/libfreetype.so.6.12.1
7f31b1258000-7f31b125d000 r-xp 00000000 08:01 41163605                   /usr/lib/x86_64-linux-gnu/libXdmcp.so.6.0.0
7f31b125d000-7f31b145c000 ---p 00005000 08:01 41163605                   /usr/lib/x86_64-linux-gnu/libXdmcp.so.6.0.0
7f31b145c000-7f31b145d000 r--p 00004000 08:01 41163605                   /usr/lib/x86_64-linux-gnu/libXdmcp.so.6.0.0
7f31b145d000-7f31b145e000 rw-p 00005000 08:01 41163605                   /usr/lib/x86_64-linux-gnu/libXdmcp.so.6.0.0
7f31b145e000-7f31b1460000 r-xp 00000000 08:01 41163601                   /usr/lib/x86_64-linux-gnu/libXau.so.6.0.0
7f31b1460000-7f31b1660000 ---p 00002000 08:01 41163601                   /usr/lib/x86_64-linux-gnu/libXau.so.6.0.0
7f31b1660000-7f31b1661000 r--p 00002000 08:01 41163601                   /usr/lib/x86_64-linux-gnu/libXau.so.6.0.0
7f31b1661000-7f31b1662000 rw-p 00003000 08:01 41163601                   /usr/lib/x86_64-linux-gnu/libXau.so.6.0.0
7f31b1662000-7f31b1671000 r-xp 00000000 08:01 25952271                   /lib/x86_64-linux-gnu/libbz2.so.1.0.4
7f31b1671000-7f31b1870000 ---p 0000f000 08:01 25952271                   /lib/x86_64-linux-gnu/libbz2.so.1.0.4
7f31b1870000-7f31b1871000 r--p 0000e000 08:01 25952271                   /lib/x86_64-linux-gnu/libbz2.so.1.0.4
7f31b1871000-7f31b1872000 rw-p 0000f000 08:01 25952271                   /lib/x86_64-linux-gnu/libbz2.so.1.0.4
7f31b1872000-7f31b1996000 r-xp 00000000 08:01 41161264                   /usr/lib/x86_64-linux-gnu/libgnutls.so.30.6.2
7f31b1996000-7f31b1b95000 ---p 00124000 08:01 41161264                   /usr/lib/x86_64-linux-gnu/libgnutls.so.30.6.2
7f31b1b95000-7f31b1ba0000 r--p 00123000 08:01 41161264                   /usr/lib/x86_64-linux-gnu/libgnutls.so.30.6.2
7f31b1ba0000-7f31b1ba2000 rw-p 0012e000 08:01 41161264                   /usr/lib/x86_64-linux-gnu/libgnutls.so.30.6.2
7f31b1ba2000-7f31b1ba3000 rw-p 00000000 00:00 0 
7f31b1ba3000-7f31b1bea000 r-xp 00000000 08:01 41167143                   /usr/lib/x86_64-linux-gnu/libbluray.so.1.9.2
7f31b1bea000-7f31b1de9000 ---p 00047000 08:01 41167143                   /usr/lib/x86_64-linux-gnu/libbluray.so.1.9.2
7f31b1de9000-7f31b1deb000 r--p 00046000 08:01 41167143                   /usr/lib/x86_64-linux-gnu/libbluray.so.1.9.2
7f31b1deb000-7f31b1dec000 rw-p 00048000 08:01 41167143                   /usr/lib/x86_64-linux-gnu/libbluray.so.1.9.2
7f31b1dec000-7f31b1e36000 r-xp 00000000 08:01 41167145                   /usr/lib/x86_64-linux-gnu/libgme.so.0.6.0
7f31b1e36000-7f31b2036000 ---p 0004a000 08:01 41167145                   /usr/lib/x86_64-linux-gnu/libgme.so.0.6.0
7f31b2036000-7f31b2039000 r--p 0004a000 08:01 41167145                   /usr/lib/x86_64-linux-gnu/libgme.so.0.6.0
7f31b2039000-7f31b203a000 rw-p 0004d000 08:01 41167145                   /usr/lib/x86_64-linux-gnu/libgme.so.0.6.0
7f31b203a000-7f31b2084000 r-xp 00000000 08:01 41167147                   /usr/lib/x86_64-linux-gnu/libmodplug.so.1.0.0
7f31b2084000-7f31b2284000 ---p 0004a000 08:01 41167147                   /usr/lib/x86_64-linux-gnu/libmodplug.so.1.0.0
7f31b2284000-7f31b2285000 r--p 0004a000 08:01 41167147                   /usr/lib/x86_64-linux-gnu/libmodplug.so.1.0.0
7f31b2285000-7f31b2286000 rw-p 0004b000 08:01 41167147                   /usr/lib/x86_64-linux-gnu/libmodplug.so.1.0.0
7f31b2286000-7f31b23c5000 rw-p 00000000 00:00 0 
7f31b23c5000-7f31b23e0000 r-xp 00000000 08:01 41164217                   /usr/lib/x86_64-linux-gnu/librtmp.so.1
7f31b23e0000-7f31b25df000 ---p 0001b000 08:01 41164217                   /usr/lib/x86_64-linux-gnu/librtmp.so.1
7f31b25df000-7f31b25e0000 r--p 0001a000 08:01 41164217                   /usr/lib/x86_64-linux-gnu/librtmp.so.1
7f31b25e0000-7f31b25e1000 rw-p 0001b000 08:01 41164217                   /usr/lib/x86_64-linux-gnu/librtmp.so.1
7f31b25e1000-7f31b2629000 r-xp 00000000 08:01 41167149                   /usr/lib/x86_64-linux-gnu/libssh-gcrypt.so.4.4.1
7f31b2629000-7f31b2828000 ---p 00048000 08:01 41167149                   /usr/lib/x86_64-linux-gnu/libssh-gcrypt.so.4.4.1
7f31b2828000-7f31b2829000 r--p 00047000 08:01 41167149                   /usr/lib/x86_64-linux-gnu/libssh-gcrypt.so.4.4.1
7f31b2829000-7f31b282a000 rw-p 00048000 08:01 41167149                   /usr/lib/x86_64-linux-gnu/libssh-gcrypt.so.4.4.1
7f31b282a000-7f31b2844000 r-xp 00000000 08:01 41165410                   /usr/lib/x86_64-linux-gnu/libcrystalhd.so.3.6
7f31b2844000-7f31b2a43000 ---p 0001a000 08:01 41165410                   /usr/lib/x86_64-linux-gnu/libcrystalhd.so.3.6
7f31b2a43000-7f31b2a44000 r--p 00019000 08:01 41165410                   /usr/lib/x86_64-linux-gnu/libcrystalhd.so.3.6
7f31b2a44000-7f31b2a45000 rw-p 0001a000 08:01 41165410                   /usr/lib/x86_64-linux-gnu/libcrystalhd.so.3.6
7f31b2a45000-7f31b2a52000 r-xp 00000000 08:01 41165412                   /usr/lib/x86_64-linux-gnu/libgsm.so.1.0.12
7f31b2a52000-7f31b2c51000 ---p 0000d000 08:01 41165412                   /usr/lib/x86_64-linux-gnu/libgsm.so.1.0.12
7f31b2c51000-7f31b2c52000 r--p 0000c000 08:01 41165412                   /usr/lib/x86_64-linux-gnu/libgsm.so.1.0.12
7f31b2c52000-7f31b2c53000 rw-p 0000d000 08:01 41165412                   /usr/lib/x86_64-linux-gnu/libgsm.so.1.0.12
7f31b2c53000-7f31b2c98000 r-xp 00000000 08:01 41167073                   /usr/lib/x86_64-linux-gnu/libmp3lame.so.0.0.0
7f31b2c98000-7f31b2e98000 ---p 00045000 08:01 41167073                   /usr/lib/x86_64-linux-gnu/libmp3lame.so.0.0.0
7f31b2e98000-7f31b2e99000 r--p 00045000 08:01 41167073                   /usr/lib/x86_64-linux-gnu/libmp3lame.so.0.0.0
7f31b2e99000-7f31b2e9a000 rw-p 00046000 08:01 41167073                   /usr/lib/x86_64-linux-gnu/libmp3lame.so.0.0.0
7f31b2e9a000-7f31b2ec8000 rw-p 00000000 00:00 0 
7f31b2ec8000-7f31b2eea000 r-xp 00000000 08:01 41167076                   /usr/lib/x86_64-linux-gnu/libopenjpeg.so.1.5.2
7f31b2eea000-7f31b30e9000 ---p 00022000 08:01 41167076                   /usr/lib/x86_64-linux-gnu/libopenjpeg.so.1.5.2
7f31b30e9000-7f31b30ea000 r--p 00021000 08:01 41167076                   /usr/lib/x86_64-linux-gnu/libopenjpeg.so.1.5.2
7f31b30ea000-7f31b30eb000 rw-p 00022000 08:01 41167076                   /usr/lib/x86_64-linux-gnu/libopenjpeg.so.1.5.2
7f31b30eb000-7f31b3134000 r-xp 00000000 08:01 41167079                   /usr/lib/x86_64-linux-gnu/libopus.so.0.5.2
7f31b3134000-7f31b3333000 ---p 00049000 08:01 41167079                   /usr/lib/x86_64-linux-gnu/libopus.so.0.5.2
7f31b3333000-7f31b3334000 r--p 00048000 08:01 41167079                   /usr/lib/x86_64-linux-gnu/libopus.so.0.5.2
7f31b3334000-7f31b3335000 rw-p 00049000 08:01 41167079                   /usr/lib/x86_64-linux-gnu/libopus.so.0.5.2
7f31b3335000-7f31b3406000 r-xp 00000000 08:01 41165456                   /usr/lib/x86_64-linux-gnu/libschroedinger-1.0.so.0.11.0
7f31b3406000-7f31b3606000 ---p 000d1000 08:01 41165456                   /usr/lib/x86_64-linux-gnu/libschroedinger-1.0.so.0.11.0
7f31b3606000-7f31b3608000 r--p 000d1000 08:01 41165456                   /usr/lib/x86_64-linux-gnu/libschroedinger-1.0.so.0.11.0
7f31b3608000-7f31b3609000 rw-p 000d3000 08:01 41165456                   /usr/lib/x86_64-linux-gnu/libschroedinger-1.0.so.0.11.0
7f31b3609000-7f31b360a000 rw-p 00000000 00:00 0 
7f31b360a000-7f31b3616000 r-xp 00000000 08:01 41167081                   /usr/lib/x86_64-linux-gnu/libshine.so.3.0.1
7f31b3616000-7f31b3815000 ---p 0000c000 08:01 41167081                   /usr/lib/x86_64-linux-gnu/libshine.so.3.0.1
7f31b3815000-7f31b3816000 r--p 0000b000 08:01 41167081                   /usr/lib/x86_64-linux-gnu/libshine.so.3.0.1
7f31b3816000-7f31b3817000 rw-p 0000c000 08:01 41167081                   /usr/lib/x86_64-linux-gnu/libshine.so.3.0.1
7f31b3817000-7f31b381e000 r-xp 00000000 08:01 41167083                   /usr/lib/x86_64-linux-gnu/libsnappy.so.1.3.0
7f31b381e000-7f31b3a1d000 ---p 00007000 08:01 41167083                   /usr/lib/x86_64-linux-gnu/libsnappy.so.1.3.0
7f31b3a1d000-7f31b3a1e000 r--p 00006000 08:01 41167083                   /usr/lib/x86_64-linux-gnu/libsnappy.so.1.3.0
7f31b3a1e000-7f31b3a1f000 rw-p 00007000 08:01 41167083                   /usr/lib/x86_64-linux-gnu/libsnappy.so.1.3.0
7f31b3a1f000-7f31b3a36000 r-xp 00000000 08:01 41167085                   /usr/lib/x86_64-linux-gnu/libspeex.so.1.5.0
7f31b3a36000-7f31b3c36000 ---p 00017000 08:01 41167085                   /usr/lib/x86_64-linux-gnu/libspeex.so.1.5.0
7f31b3c36000-7f31b3c37000 r--p 00017000 08:01 41167085                   /usr/lib/x86_64-linux-gnu/libspeex.so.1.5.0
7f31b3c37000-7f31b3c38000 rw-p 00018000 08:01 41167085                   /usr/lib/x86_64-linux-gnu/libspeex.so.1.5.0
7f31b3c38000-7f31b3c51000 r-xp 00000000 08:01 41167094                   /usr/lib/x86_64-linux-gnu/libtheoradec.so.1.1.4
7f31b3c51000-7f31b3e50000 ---p 00019000 08:01 41167094                   /usr/lib/x86_64-linux-gnu/libtheoradec.so.1.1.4
7f31b3e50000-7f31b3e51000 r--p 00018000 08:01 41167094                   /usr/lib/x86_64-linux-gnu/libtheoradec.so.1.1.4
7f31b3e51000-7f31b3e52000 rw-p 00019000 08:01 41167094                   /usr/lib/x86_64-linux-gnu/libtheoradec.so.1.1.4
7f31b3e52000-7f31b3e90000 r-xp 00000000 08:01 41167092                   /usr/lib/x86_64-linux-gnu/libtheoraenc.so.1.1.2
7f31b3e90000-7f31b408f000 ---p 0003e000 08:01 41167092                   /usr/lib/x86_64-linux-gnu/libtheoraenc.so.1.1.2
7f31b408f000-7f31b4090000 r--p 0003d000 08:01 41167092                   /usr/lib/x86_64-linux-gnu/libtheoraenc.so.1.1.2
7f31b4090000-7f31b4091000 rw-p 0003e000 08:01 41167092                   /usr/lib/x86_64-linux-gnu/libtheoraenc.so.1.1.2
7f31b4091000-7f31b40af000 r-xp 00000000 08:01 41167098                   /usr/lib/x86_64-linux-gnu/libtwolame.so.0.0.0
7f31b40af000-7f31b42ae000 ---p 0001e000 08:01 41167098                   /usr/lib/x86_64-linux-gnu/libtwolame.so.0.0.0
7f31b42ae000-7f31b42af000 r--p 0001d000 08:01 41167098                   /usr/lib/x86_64-linux-gnu/libtwolame.so.0.0.0
7f31b42af000-7f31b42b0000 rw-p 0001e000 08:01 41167098                   /usr/lib/x86_64-linux-gnu/libtwolame.so.0.0.0
7f31b42b0000-7f31b42b4000 rw-p 00000000 00:00 0 
7f31b42b4000-7f31b42de000 r-xp 00000000 08:01 41167102                   /usr/lib/x86_64-linux-gnu/libvorbis.so.0.4.8
7f31b42de000-7f31b44de000 ---p 0002a000 08:01 41167102                   /usr/lib/x86_64-linux-gnu/libvorbis.so.0.4.8
7f31b44de000-7f31b44df000 r--p 0002a000 08:01 41167102                   /usr/lib/x86_64-linux-gnu/libvorbis.so.0.4.8
7f31b44df000-7f31b44e0000 rw-p 0002b000 08:01 41167102                   /usr/lib/x86_64-linux-gnu/libvorbis.so.0.4.8
7f31b44e0000-7f31b456d000 r-xp 00000000 08:01 41167105                   /usr/lib/x86_64-linux-gnu/libvorbisenc.so.2.0.11
7f31b456d000-7f31b476c000 ---p 0008d000 08:01 41167105                   /usr/lib/x86_64-linux-gnu/libvorbisenc.so.2.0.11
7f31b476c000-7f31b4788000 r--p 0008c000 08:01 41167105                   /usr/lib/x86_64-linux-gnu/libvorbisenc.so.2.0.11
7f31b4788000-7f31b4789000 rw-p 000a8000 08:01 41167105                   /usr/lib/x86_64-linux-gnu/libvorbisenc.so.2.0.11
7f31b4789000-7f31b49a8000 r-xp 00000000 08:01 41167107                   /usr/lib/x86_64-linux-gnu/libvpx.so.3.0.0
7f31b49a8000-7f31b4ba7000 ---p 0021f000 08:01 41167107                   /usr/lib/x86_64-linux-gnu/libvpx.so.3.0.0
7f31b4ba7000-7f31b4ba9000 r--p 0021e000 08:01 41167107                   /usr/lib/x86_64-linux-gnu/libvpx.so.3.0.0
7f31b4ba9000-7f31b4baa000 rw-p 00220000 08:01 41167107                   /usr/lib/x86_64-linux-gnu/libvpx.so.3.0.0
7f31b4baa000-7f31b4bad000 rw-p 00000000 00:00 0 
7f31b4bad000-7f31b4bd5000 r-xp 00000000 08:01 41167110                   /usr/lib/x86_64-linux-gnu/libwavpack.so.1.1.7
7f31b4bd5000-7f31b4dd4000 ---p 00028000 08:01 41167110                   /usr/lib/x86_64-linux-gnu/libwavpack.so.1.1.7
7f31b4dd4000-7f31b4dd5000 r--p 00027000 08:01 41167110                   /usr/lib/x86_64-linux-gnu/libwavpack.so.1.1.7
7f31b4dd5000-7f31b4dd6000 rw-p 00028000 08:01 41167110                   /usr/lib/x86_64-linux-gnu/libwavpack.so.1.1.7
7f31b4dd6000-7f31b4e2f000 r-xp 00000000 08:01 41167112                   /usr/lib/x86_64-linux-gnu/libwebp.so.5.0.4
7f31b4e2f000-7f31b502f000 ---p 00059000 08:01 41167112                   /usr/lib/x86_64-linux-gnu/libwebp.so.5.0.4
7f31b502f000-7f31b5030000 r--p 00059000 08:01 41167112                   /usr/lib/x86_64-linux-gnu/libwebp.so.5.0.4
7f31b5030000-7f31b5032000 rw-p 0005a000 08:01 41167112                   /usr/lib/x86_64-linux-gnu/libwebp.so.5.0.4
7f31b5032000-7f31b515a000 r-xp 00000000 08:01 41167114                   /usr/lib/x86_64-linux-gnu/libx264.so.148
7f31b515a000-7f31b5359000 ---p 00128000 08:01 41167114                   /usr/lib/x86_64-linux-gnu/libx264.so.148
7f31b5359000-7f31b535a000 r--p 00127000 08:01 41167114                   /usr/lib/x86_64-linux-gnu/libx264.so.148
7f31b535a000-7f31b535b000 rw-p 00128000 08:01 41167114                   /usr/lib/x86_64-linux-gnu/libx264.so.148
7f31b535b000-7f31b53d6000 rw-p 00000000 00:00 0 
7f31b53d6000-7f31b5de3000 r-xp 00000000 08:01 41167115                   /usr/lib/x86_64-linux-gnu/libx265.so.79
7f31b5de3000-7f31b5fe2000 ---p 00a0d000 08:01 41167115                   /usr/lib/x86_64-linux-gnu/libx265.so.79
7f31b5fe2000-7f31b5fe5000 r--p 00a0c000 08:01 41167115                   /usr/lib/x86_64-linux-gnu/libx265.so.79
7f31b5fe5000-7f31b5fe8000 rw-p 00a0f000 08:01 41167115                   /usr/lib/x86_64-linux-gnu/libx265.so.79
7f31b5fe8000-7f31b5ff5000 rw-p 00000000 00:00 0 
7f31b5ff5000-7f31b6096000 r-xp 00000000 08:01 41167116                   /usr/lib/x86_64-linux-gnu/libxvidcore.so.4.3
7f31b6096000-7f31b6295000 ---p 000a1000 08:01 41167116                   /usr/lib/x86_64-linux-gnu/libxvidcore.so.4.3
7f31b6295000-7f31b6296000 r--p 000a0000 08:01 41167116                   /usr/lib/x86_64-linux-gnu/libxvidcore.so.4.3
7f31b6296000-7f31b62a0000 rw-p 000a1000 08:01 41167116                   /usr/lib/x86_64-linux-gnu/libxvidcore.so.4.3
7f31b62a0000-7f31b6309000 rw-p 00000000 00:00 0 
7f31b6309000-7f31b6380000 r-xp 00000000 08:01 41167124                   /usr/lib/x86_64-linux-gnu/libzvbi.so.0.13.2
7f31b6380000-7f31b657f000 ---p 00077000 08:01 41167124                   /usr/lib/x86_64-linux-gnu/libzvbi.so.0.13.2
7f31b657f000-7f31b6588000 r--p 00076000 08:01 41167124                   /usr/lib/x86_64-linux-gnu/libzvbi.so.0.13.2
7f31b6588000-7f31b6594000 rw-p 0007f000 08:01 41167124                   /usr/lib/x86_64-linux-gnu/libzvbi.so.0.13.2
7f31b6594000-7f31b65af000 r-xp 00000000 08:01 41167100                   /usr/lib/x86_64-linux-gnu/libva.so.1.3900.0
7f31b65af000-7f31b67ae000 ---p 0001b000 08:01 41167100                   /usr/lib/x86_64-linux-gnu/libva.so.1.3900.0
7f31b67ae000-7f31b67af000 r--p 0001a000 08:01 41167100                   /usr/lib/x86_64-linux-gnu/libva.so.1.3900.0
7f31b67af000-7f31b67b0000 rw-p 0001b000 08:01 41167100                   /usr/lib/x86_64-linux-gnu/libva.so.1.3900.0
7f31b67b0000-7f31b67ca000 r-xp 00000000 08:01 41167089                   /usr/lib/x86_64-linux-gnu/libswresample-ffmpeg.so.1.2.101
7f31b67ca000-7f31b69c9000 ---p 0001a000 08:01 41167089                   /usr/lib/x86_64-linux-gnu/libswresample-ffmpeg.so.1.2.101
7f31b69c9000-7f31b69cb000 r--p 00019000 08:01 41167089                   /usr/lib/x86_64-linux-gnu/libswresample-ffmpeg.so.1.2.101
7f31b69cb000-7f31b69cc000 rw-p 0001b000 08:01 41167089                   /usr/lib/x86_64-linux-gnu/libswresample-ffmpeg.so.1.2.101
7f31b69cc000-7f31b69d5000 r-xp 00000000 08:01 41167580                   /usr/lib/x86_64-linux-gnu/libv4l2.so.0.0.0
7f31b69d5000-7f31b6bd4000 ---p 00009000 08:01 41167580                   /usr/lib/x86_64-linux-gnu/libv4l2.so.0.0.0
7f31b6bd4000-7f31b6bd5000 r--p 00008000 08:01 41167580                   /usr/lib/x86_64-linux-gnu/libv4l2.so.0.0.0
7f31b6bd5000-7f31b6bda000 rw-p 00009000 08:01 41167580                   /usr/lib/x86_64-linux-gnu/libv4l2.so.0.0.0
7f31b6bda000-7f31b6bf1000 r-xp 00000000 08:01 25956289                   /lib/x86_64-linux-gnu/libusb-1.0.so.0.1.0
7f31b6bf1000-7f31b6df0000 ---p 00017000 08:01 25956289                   /lib/x86_64-linux-gnu/libusb-1.0.so.0.1.0
7f31b6df0000-7f31b6df1000 r--p 00016000 08:01 25956289                   /lib/x86_64-linux-gnu/libusb-1.0.so.0.1.0
7f31b6df1000-7f31b6df2000 rw-p 00017000 08:01 25956289                   /lib/x86_64-linux-gnu/libusb-1.0.so.0.1.0
7f31b6df2000-7f31b6dff000 r-xp 00000000 08:01 41167556                   /usr/lib/x86_64-linux-gnu/libraw1394.so.11.1.0
7f31b6dff000-7f31b6fff000 ---p 0000d000 08:01 41167556                   /usr/lib/x86_64-linux-gnu/libraw1394.so.11.1.0
7f31b6fff000-7f31b7000000 r--p 0000d000 08:01 41167556                   /usr/lib/x86_64-linux-gnu/libraw1394.so.11.1.0
7f31b7000000-7f31b7001000 rw-p 0000e000 08:01 41167556                   /usr/lib/x86_64-linux-gnu/libraw1394.so.11.1.0
7f31b7001000-7f31b701f000 r-xp 00000000 08:01 41165810                   /usr/lib/x86_64-linux-gnu/libpangox-1.0.so.0.0.0
7f31b701f000-7f31b721f000 ---p 0001e000 08:01 41165810                   /usr/lib/x86_64-linux-gnu/libpangox-1.0.so.0.0.0
7f31b721f000-7f31b7220000 r--p 0001e000 08:01 41165810                   /usr/lib/x86_64-linux-gnu/libpangox-1.0.so.0.0.0
7f31b7220000-7f31b7221000 rw-p 0001f000 08:01 41165810                   /usr/lib/x86_64-linux-gnu/libpangox-1.0.so.0.0.0
7f31b7221000-7f31b7239000 r-xp 00000000 08:01 41167565                   /usr/lib/x86_64-linux-gnu/libXmu.so.6.2.0
7f31b7239000-7f31b7438000 ---p 00018000 08:01 41167565                   /usr/lib/x86_64-linux-gnu/libXmu.so.6.2.0
7f31b7438000-7f31b7439000 r--p 00017000 08:01 41167565                   /usr/lib/x86_64-linux-gnu/libXmu.so.6.2.0
7f31b7439000-7f31b743a000 rw-p 00018000 08:01 41167565                   /usr/lib/x86_64-linux-gnu/libXmu.so.6.2.0
7f31b743a000-7f31b74a7000 r-xp 00000000 08:01 41167561                   /usr/lib/x86_64-linux-gnu/libGLU.so.1.3.1
7f31b74a7000-7f31b76a7000 ---p 0006d000 08:01 41167561                   /usr/lib/x86_64-linux-gnu/libGLU.so.1.3.1
7f31b76a7000-7f31b76a8000 r--p 0006d000 08:01 41167561                   /usr/lib/x86_64-linux-gnu/libGLU.so.1.3.1
7f31b76a8000-7f31b76a9000 rw-p 0006e000 08:01 41167561                   /usr/lib/x86_64-linux-gnu/libGLU.so.1.3.1
7f31b76a9000-7f31b7717000 r-xp 00000000 08:01 25952352                   /lib/x86_64-linux-gnu/libpcre.so.3.13.2
7f31b7717000-7f31b7917000 ---p 0006e000 08:01 25952352                   /lib/x86_64-linux-gnu/libpcre.so.3.13.2
7f31b7917000-7f31b7918000 r--p 0006e000 08:01 25952352                   /lib/x86_64-linux-gnu/libpcre.so.3.13.2
7f31b7918000-7f31b7919000 rw-p 0006f000 08:01 25952352                   /lib/x86_64-linux-gnu/libpcre.so.3.13.2
7f31b7919000-7f31b7920000 r-xp 00000000 08:01 41161256                   /usr/lib/x86_64-linux-gnu/libffi.so.6.0.4
7f31b7920000-7f31b7b1f000 ---p 00007000 08:01 41161256                   /usr/lib/x86_64-linux-gnu/libffi.so.6.0.4
7f31b7b1f000-7f31b7b20000 r--p 00006000 08:01 41161256                   /usr/lib/x86_64-linux-gnu/libffi.so.6.0.4
7f31b7b20000-7f31b7b21000 rw-p 00007000 08:01 41161256                   /usr/lib/x86_64-linux-gnu/libffi.so.6.0.4
7f31b7b21000-7f31b7b23000 r-xp 00000000 08:01 41165462                   /usr/lib/x86_64-linux-gnu/libXcomposite.so.1.0.0
7f31b7b23000-7f31b7d22000 ---p 00002000 08:01 41165462                   /usr/lib/x86_64-linux-gnu/libXcomposite.so.1.0.0
7f31b7d22000-7f31b7d23000 r--p 00001000 08:01 41165462                   /usr/lib/x86_64-linux-gnu/libXcomposite.so.1.0.0
7f31b7d23000-7f31b7d24000 rw-p 00002000 08:01 41165462                   /usr/lib/x86_64-linux-gnu/libXcomposite.so.1.0.0
7f31b7d24000-7f31b7d2d000 r-xp 00000000 08:01 41165468                   /usr/lib/x86_64-linux-gnu/libXcursor.so.1.0.2
7f31b7d2d000-7f31b7f2c000 ---p 00009000 08:01 41165468                   /usr/lib/x86_64-linux-gnu/libXcursor.so.1.0.2
7f31b7f2c000-7f31b7f2d000 r--p 00008000 08:01 41165468                   /usr/lib/x86_64-linux-gnu/libXcursor.so.1.0.2
7f31b7f2d000-7f31b7f2e000 rw-p 00009000 08:01 41165468                   /usr/lib/x86_64-linux-gnu/libXcursor.so.1.0.2
7f31b7f2e000-7f31b7f38000 r-xp 00000000 08:01 41166881                   /usr/lib/x86_64-linux-gnu/libXrandr.so.2.2.0
7f31b7f38000-7f31b8137000 ---p 0000a000 08:01 41166881                   /usr/lib/x86_64-linux-gnu/libXrandr.so.2.2.0
7f31b8137000-7f31b8138000 r--p 00009000 08:01 41166881                   /usr/lib/x86_64-linux-gnu/libXrandr.so.2.2.0
7f31b8138000-7f31b8139000 rw-p 0000a000 08:01 41166881                   /usr/lib/x86_64-linux-gnu/libXrandr.so.2.2.0
7f31b8139000-7f31b8148000 r-xp 00000000 08:01 41166879                   /usr/lib/x86_64-linux-gnu/libXi.so.6.1.0
7f31b8148000-7f31b8347000 ---p 0000f000 08:01 41166879                   /usr/lib/x86_64-linux-gnu/libXi.so.6.1.0
7f31b8347000-7f31b8348000 r--p 0000e000 08:01 41166879                   /usr/lib/x86_64-linux-gnu/libXi.so.6.1.0
7f31b8348000-7f31b8349000 rw-p 0000f000 08:01 41166879                   /usr/lib/x86_64-linux-gnu/libXi.so.6.1.0
7f31b8349000-7f31b834b000 r-xp 00000000 08:01 41165474                   /usr/lib/x86_64-linux-gnu/libXinerama.so.1.0.0
7f31b834b000-7f31b854a000 ---p 00002000 08:01 41165474                   /usr/lib/x86_64-linux-gnu/libXinerama.so.1.0.0
7f31b854a000-7f31b854b000 r--p 00001000 08:01 41165474                   /usr/lib/x86_64-linux-gnu/libXinerama.so.1.0.0
7f31b854b000-7f31b854c000 rw-p 00002000 08:01 41165474                   /usr/lib/x86_64-linux-gnu/libXinerama.so.1.0.0
7f31b854c000-7f31b8555000 r-xp 00000000 08:01 41165466                   /usr/lib/x86_64-linux-gnu/libXrender.so.1.3.0
7f31b8555000-7f31b8754000 ---p 00009000 08:01 41165466                   /usr/lib/x86_64-linux-gnu/libXrender.so.1.3.0
7f31b8754000-7f31b8755000 r--p 00008000 08:01 41165466                   /usr/lib/x86_64-linux-gnu/libXrender.so.1.3.0
7f31b8755000-7f31b8756000 rw-p 00009000 08:01 41165466                   /usr/lib/x86_64-linux-gnu/libXrender.so.1.3.0
7f31b8756000-7f31b8793000 r-xp 00000000 08:01 41165389                   /usr/lib/x86_64-linux-gnu/libfontconfig.so.1.9.0
7f31b8793000-7f31b8992000 ---p 0003d000 08:01 41165389                   /usr/lib/x86_64-linux-gnu/libfontconfig.so.1.9.0
7f31b8992000-7f31b8994000 r--p 0003c000 08:01 41165389                   /usr/lib/x86_64-linux-gnu/libfontconfig.so.1.9.0
7f31b8994000-7f31b8999000 rw-p 0003e000 08:01 41165389                   /usr/lib/x86_64-linux-gnu/libfontconfig.so.1.9.0
7f31b8999000-7f31b89e2000 r-xp 00000000 08:01 41165808                   /usr/lib/x86_64-linux-gnu/libpango-1.0.so.0.3800.1
7f31b89e2000-7f31b8be2000 ---p 00049000 08:01 41165808                   /usr/lib/x86_64-linux-gnu/libpango-1.0.so.0.3800.1
7f31b8be2000-7f31b8be4000 r--p 00049000 08:01 41165808                   /usr/lib/x86_64-linux-gnu/libpango-1.0.so.0.3800.1
7f31b8be4000-7f31b8be5000 rw-p 0004b000 08:01 41165808                   /usr/lib/x86_64-linux-gnu/libpango-1.0.so.0.3800.1
7f31b8be5000-7f31b8bf9000 r-xp 00000000 08:01 41166868                   /usr/lib/x86_64-linux-gnu/libpangoft2-1.0.so.0.3800.1
7f31b8bf9000-7f31b8df9000 ---p 00014000 08:01 41166868                   /usr/lib/x86_64-linux-gnu/libpangoft2-1.0.so.0.3800.1
7f31b8df9000-7f31b8dfa000 r--p 00014000 08:01 41166868                   /usr/lib/x86_64-linux-gnu/libpangoft2-1.0.so.0.3800.1
7f31b8dfa000-7f31b8dfb000 rw-p 00015000 08:01 41166868                   /usr/lib/x86_64-linux-gnu/libpangoft2-1.0.so.0.3800.1
7f31b8dfb000-7f31b8f7b000 r-xp 00000000 08:01 41161844                   /usr/lib/x86_64-linux-gnu/libgio-2.0.so.0.4800.0
7f31b8f7b000-7f31b917b000 ---p 00180000 08:01 41161844                   /usr/lib/x86_64-linux-gnu/libgio-2.0.so.0.4800.0
7f31b917b000-7f31b917f000 r--p 00180000 08:01 41161844                   /usr/lib/x86_64-linux-gnu/libgio-2.0.so.0.4800.0
7f31b917f000-7f31b9181000 rw-p 00184000 08:01 41161844                   /usr/lib/x86_64-linux-gnu/libgio-2.0.so.0.4800.0
7f31b9181000-7f31b9183000 rw-p 00000000 00:00 0 
7f31b9183000-7f31b91a4000 r-xp 00000000 08:01 41166850                   /usr/lib/x86_64-linux-gnu/libgdk_pixbuf-2.0.so.0.3200.2
7f31b91a4000-7f31b93a3000 ---p 00021000 08:01 41166850                   /usr/lib/x86_64-linux-gnu/libgdk_pixbuf-2.0.so.0.3200.2
7f31b93a3000-7f31b93a4000 r--p 00020000 08:01 41166850                   /usr/lib/x86_64-linux-gnu/libgdk_pixbuf-2.0.so.0.3200.2
7f31b93a4000-7f31b93a5000 rw-p 00021000 08:01 41166850                   /usr/lib/x86_64-linux-gnu/libgdk_pixbuf-2.0.so.0.3200.2
7f31b93a5000-7f31b94b3000 r-xp 00000000 08:01 41166860                   /usr/lib/x86_64-linux-gnu/libcairo.so.2.11400.6
7f31b94b3000-7f31b96b3000 ---p 0010e000 08:01 41166860                   /usr/lib/x86_64-linux-gnu/libcairo.so.2.11400.6
7f31b96b3000-7f31b96b6000 r--p 0010e000 08:01 41166860                   /usr/lib/x86_64-linux-gnu/libcairo.so.2.11400.6
7f31b96b6000-7f31b96b7000 rw-p 00111000 08:01 41166860                   /usr/lib/x86_64-linux-gnu/libcairo.so.2.11400.6
7f31b96b7000-7f31b96b9000 rw-p 00000000 00:00 0 
7f31b96b9000-7f31b96db000 r-xp 00000000 08:01 41166844                   /usr/lib/x86_64-linux-gnu/libatk-1.0.so.0.21809.1
7f31b96db000-7f31b98da000 ---p 00022000 08:01 41166844                   /usr/lib/x86_64-linux-gnu/libatk-1.0.so.0.21809.1
7f31b98da000-7f31b98dd000 r--p 00021000 08:01 41166844                   /usr/lib/x86_64-linux-gnu/libatk-1.0.so.0.21809.1
7f31b98dd000-7f31b98de000 rw-p 00024000 08:01 41166844                   /usr/lib/x86_64-linux-gnu/libatk-1.0.so.0.21809.1
7f31b98de000-7f31b98ea000 r-xp 00000000 08:01 41166870                   /usr/lib/x86_64-linux-gnu/libpangocairo-1.0.so.0.3800.1
7f31b98ea000-7f31b9ae9000 ---p 0000c000 08:01 41166870                   /usr/lib/x86_64-linux-gnu/libpangocairo-1.0.so.0.3800.1
7f31b9ae9000-7f31b9aea000 r--p 0000b000 08:01 41166870                   /usr/lib/x86_64-linux-gnu/libpangocairo-1.0.so.0.3800.1
7f31b9aea000-7f31b9aeb000 rw-p 0000c000 08:01 41166870                   /usr/lib/x86_64-linux-gnu/libpangocairo-1.0.so.0.3800.1
7f31b9aeb000-7f31b9aee000 r-xp 00000000 08:01 41161846                   /usr/lib/x86_64-linux-gnu/libgmodule-2.0.so.0.4800.0
7f31b9aee000-7f31b9ced000 ---p 00003000 08:01 41161846                   /usr/lib/x86_64-linux-gnu/libgmodule-2.0.so.0.4800.0
7f31b9ced000-7f31b9cee000 r--p 00002000 08:01 41161846                   /usr/lib/x86_64-linux-gnu/libgmodule-2.0.so.0.4800.0
7f31b9cee000-7f31b9cef000 rw-p 00003000 08:01 41161846                   /usr/lib/x86_64-linux-gnu/libgmodule-2.0.so.0.4800.0
7f31b9cef000-7f31b9cf4000 r-xp 00000000 08:01 41165429                   /usr/lib/x86_64-linux-gnu/libIlmThread-2_2.so.12.0.0
7f31b9cf4000-7f31b9ef4000 ---p 00005000 08:01 41165429                   /usr/lib/x86_64-linux-gnu/libIlmThread-2_2.so.12.0.0
7f31b9ef4000-7f31b9ef5000 r--p 00005000 08:01 41165429                   /usr/lib/x86_64-linux-gnu/libIlmThread-2_2.so.12.0.0
7f31b9ef5000-7f31b9ef6000 rw-p 00006000 08:01 41165429                   /usr/lib/x86_64-linux-gnu/libIlmThread-2_2.so.12.0.0
7f31b9ef6000-7f31b9f11000 r-xp 00000000 08:01 41165428                   /usr/lib/x86_64-linux-gnu/libIex-2_2.so.12.0.0
7f31b9f11000-7f31ba110000 ---p 0001b000 08:01 41165428                   /usr/lib/x86_64-linux-gnu/libIex-2_2.so.12.0.0
7f31ba110000-7f31ba113000 r--p 0001a000 08:01 41165428                   /usr/lib/x86_64-linux-gnu/libIex-2_2.so.12.0.0
7f31ba113000-7f31ba114000 rw-p 0001d000 08:01 41165428                   /usr/lib/x86_64-linux-gnu/libIex-2_2.so.12.0.0
7f31ba114000-7f31ba11f000 r-xp 00000000 08:01 41165799                   /usr/lib/x86_64-linux-gnu/libjbig.so.0
7f31ba11f000-7f31ba31e000 ---p 0000b000 08:01 41165799                   /usr/lib/x86_64-linux-gnu/libjbig.so.0
7f31ba31e000-7f31ba31f000 r--p 0000a000 08:01 41165799                   /usr/lib/x86_64-linux-gnu/libjbig.so.0
7f31ba31f000-7f31ba322000 rw-p 0000b000 08:01 41165799                   /usr/lib/x86_64-linux-gnu/libjbig.so.0
7f31ba322000-7f31ba343000 r-xp 00000000 08:01 25952329                   /lib/x86_64-linux-gnu/liblzma.so.5.0.0
7f31ba343000-7f31ba542000 ---p 00021000 08:01 25952329                   /lib/x86_64-linux-gnu/liblzma.so.5.0.0
7f31ba542000-7f31ba543000 r--p 00020000 08:01 25952329                   /lib/x86_64-linux-gnu/liblzma.so.5.0.0
7f31ba543000-7f31ba544000 rw-p 00021000 08:01 25952329                   /lib/x86_64-linux-gnu/liblzma.so.5.0.0
7f31ba544000-7f31ba552000 r-xp 00000000 08:01 41164565                   /usr/lib/x86_64-linux-gnu/libdrm.so.2.4.0
7f31ba552000-7f31ba751000 ---p 0000e000 08:01 41164565                   /usr/lib/x86_64-linux-gnu/libdrm.so.2.4.0
7f31ba751000-7f31ba752000 r--p 0000d000 08:01 41164565                   /usr/lib/x86_64-linux-gnu/libdrm.so.2.4.0
7f31ba752000-7f31ba753000 rw-p 0000e000 08:01 41164565                   /usr/lib/x86_64-linux-gnu/libdrm.so.2.4.0
7f31ba753000-7f31ba758000 r-xp 00000000 08:01 41165478                   /usr/lib/x86_64-linux-gnu/libXxf86vm.so.1.0.0
7f31ba758000-7f31ba957000 ---p 00005000 08:01 41165478                   /usr/lib/x86_64-linux-gnu/libXxf86vm.so.1.0.0
7f31ba957000-7f31ba958000 r--p 00004000 08:01 41165478                   /usr/lib/x86_64-linux-gnu/libXxf86vm.so.1.0.0
7f31ba958000-7f31ba959000 rw-p 00005000 08:01 41165478                   /usr/lib/x86_64-linux-gnu/libXxf86vm.so.1.0.0
7f31ba959000-7f31ba97a000 r-xp 00000000 08:01 41163609                   /usr/lib/x86_64-linux-gnu/libxcb.so.1.1.0
7f31ba97a000-7f31bab79000 ---p 00021000 08:01 41163609                   /usr/lib/x86_64-linux-gnu/libxcb.so.1.1.0
7f31bab79000-7f31bab7a000 r--p 00020000 08:01 41163609                   /usr/lib/x86_64-linux-gnu/libxcb.so.1.1.0
7f31bab7a000-7f31bab7b000 rw-p 00021000 08:01 41163609                   /usr/lib/x86_64-linux-gnu/libxcb.so.1.1.0
7f31bab7b000-7f31bab7f000 r-xp 00000000 08:01 41167507                   /usr/lib/x86_64-linux-gnu/libxcb-dri2.so.0.0.0
7f31bab7f000-7f31bad7e000 ---p 00004000 08:01 41167507                   /usr/lib/x86_64-linux-gnu/libxcb-dri2.so.0.0.0
7f31bad7e000-7f31bad7f000 r--p 00003000 08:01 41167507                   /usr/lib/x86_64-linux-gnu/libxcb-dri2.so.0.0.0
7f31bad7f000-7f31bad80000 rw-p 00004000 08:01 41167507                   /usr/lib/x86_64-linux-gnu/libxcb-dri2.so.0.0.0
7f31bad80000-7f31bad97000 r-xp 00000000 08:01 41167511                   /usr/lib/x86_64-linux-gnu/libxcb-glx.so.0.0.0
7f31bad97000-7f31baf96000 ---p 00017000 08:01 41167511                   /usr/lib/x86_64-linux-gnu/libxcb-glx.so.0.0.0
7f31baf96000-7f31baf98000 r--p 00016000 08:01 41167511                   /usr/lib/x86_64-linux-gnu/libxcb-glx.so.0.0.0
7f31baf98000-7f31baf99000 rw-p 00018000 08:01 41167511                   /usr/lib/x86_64-linux-gnu/libxcb-glx.so.0.0.0
7f31baf99000-7f31bb0ce000 r-xp 00000000 08:01 41163619                   /usr/lib/x86_64-linux-gnu/libX11.so.6.3.0
7f31bb0ce000-7f31bb2ce000 ---p 00135000 08:01 41163619                   /usr/lib/x86_64-linux-gnu/libX11.so.6.3.0
7f31bb2ce000-7f31bb2cf000 r--p 00135000 08:01 41163619                   /usr/lib/x86_64-linux-gnu/libX11.so.6.3.0
7f31bb2cf000-7f31bb2d3000 rw-p 00136000 08:01 41163619                   /usr/lib/x86_64-linux-gnu/libX11.so.6.3.0
7f31bb2d3000-7f31bb2d4000 r-xp 00000000 08:01 41167505                   /usr/lib/x86_64-linux-gnu/libX11-xcb.so.1.0.0
7f31bb2d4000-7f31bb4d3000 ---p 00001000 08:01 41167505                   /usr/lib/x86_64-linux-gnu/libX11-xcb.so.1.0.0
7f31bb4d3000-7f31bb4d4000 r--p 00000000 08:01 41167505                   /usr/lib/x86_64-linux-gnu/libX11-xcb.so.1.0.0
7f31bb4d4000-7f31bb4d5000 rw-p 00001000 08:01 41167505                   /usr/lib/x86_64-linux-gnu/libX11-xcb.so.1.0.0
7f31bb4d5000-7f31bb4da000 r-xp 00000000 08:01 41165464                   /usr/lib/x86_64-linux-gnu/libXfixes.so.3.1.0
7f31bb4da000-7f31bb6d9000 ---p 00005000 08:01 41165464                   /usr/lib/x86_64-linux-gnu/libXfixes.so.3.1.0
7f31bb6d9000-7f31bb6da000 r--p 00004000 08:01 41165464                   /usr/lib/x86_64-linux-gnu/libXfixes.so.3.1.0
7f31bb6da000-7f31bb6db000 rw-p 00005000 08:01 41165464                   /usr/lib/x86_64-linux-gnu/libXfixes.so.3.1.0
7f31bb6db000-7f31bb6dd000 r-xp 00000000 08:01 41165470                   /usr/lib/x86_64-linux-gnu/libXdamage.so.1.1.0
7f31bb6dd000-7f31bb8dc000 ---p 00002000 08:01 41165470                   /usr/lib/x86_64-linux-gnu/libXdamage.so.1.1.0
7f31bb8dc000-7f31bb8dd000 r--p 00001000 08:01 41165470                   /usr/lib/x86_64-linux-gnu/libXdamage.so.1.1.0
7f31bb8dd000-7f31bb8de000 rw-p 00002000 08:01 41165470                   /usr/lib/x86_64-linux-gnu/libXdamage.so.1.1.0
7f31bb8de000-7f31bb8ef000 r-xp 00000000 08:01 41163623                   /usr/lib/x86_64-linux-gnu/libXext.so.6.4.0
7f31bb8ef000-7f31bbaee000 ---p 00011000 08:01 41163623                   /usr/lib/x86_64-linux-gnu/libXext.so.6.4.0
7f31bbaee000-7f31bbaef000 r--p 00010000 08:01 41163623                   /usr/lib/x86_64-linux-gnu/libXext.so.6.4.0
7f31bbaef000-7f31bbaf0000 rw-p 00011000 08:01 41163623                   /usr/lib/x86_64-linux-gnu/libXext.so.6.4.0
7f31bbaf0000-7f31bbb19000 r-xp 00000000 08:01 41167502                   /usr/lib/x86_64-linux-gnu/libglapi.so.0.0.0
7f31bbb19000-7f31bbd18000 ---p 00029000 08:01 41167502                   /usr/lib/x86_64-linux-gnu/libglapi.so.0.0.0
7f31bbd18000-7f31bbd1c000 r--p 00028000 08:01 41167502                   /usr/lib/x86_64-linux-gnu/libglapi.so.0.0.0
7f31bbd1c000-7f31bbd1d000 rw-p 0002c000 08:01 41167502                   /usr/lib/x86_64-linux-gnu/libglapi.so.0.0.0
7f31bbd1d000-7f31bbd1e000 rw-p 00000000 00:00 0 
7f31bbd1e000-7f31bbd1f000 r-xp 00000000 08:01 41165476                   /usr/lib/x86_64-linux-gnu/libxshmfence.so.1.0.0
7f31bbd1f000-7f31bbf1f000 ---p 00001000 08:01 41165476                   /usr/lib/x86_64-linux-gnu/libxshmfence.so.1.0.0
7f31bbf1f000-7f31bbf20000 r--p 00001000 08:01 41165476                   /usr/lib/x86_64-linux-gnu/libxshmfence.so.1.0.0
7f31bbf20000-7f31bbf21000 rw-p 00002000 08:01 41165476                   /usr/lib/x86_64-linux-gnu/libxshmfence.so.1.0.0
7f31bbf21000-7f31bbf26000 r-xp 00000000 08:01 41167515                   /usr/lib/x86_64-linux-gnu/libxcb-sync.so.1.0.0
7f31bbf26000-7f31bc126000 ---p 00005000 08:01 41167515                   /usr/lib/x86_64-linux-gnu/libxcb-sync.so.1.0.0
7f31bc126000-7f31bc127000 r--p 00005000 08:01 41167515                   /usr/lib/x86_64-linux-gnu/libxcb-sync.so.1.0.0
7f31bc127000-7f31bc128000 rw-p 00006000 08:01 41167515                   /usr/lib/x86_64-linux-gnu/libxcb-sync.so.1.0.0
7f31bc128000-7f31bc12a000 r-xp 00000000 08:01 41167513                   /usr/lib/x86_64-linux-gnu/libxcb-present.so.0.0.0
7f31bc12a000-7f31bc329000 ---p 00002000 08:01 41167513                   /usr/lib/x86_64-linux-gnu/libxcb-present.so.0.0.0
7f31bc329000-7f31bc32a000 r--p 00001000 08:01 41167513                   /usr/lib/x86_64-linux-gnu/libxcb-present.so.0.0.0
7f31bc32a000-7f31bc32b000 rw-p 00002000 08:01 41167513                   /usr/lib/x86_64-linux-gnu/libxcb-present.so.0.0.0
7f31bc32b000-7f31bc32d000 r-xp 00000000 08:01 41167509                   /usr/lib/x86_64-linux-gnu/libxcb-dri3.so.0.0.0
7f31bc32d000-7f31bc52c000 ---p 00002000 08:01 41167509                   /usr/lib/x86_64-linux-gnu/libxcb-dri3.so.0.0.0
7f31bc52c000-7f31bc52d000 r--p 00001000 08:01 41167509                   /usr/lib/x86_64-linux-gnu/libxcb-dri3.so.0.0.0
7f31bc52d000-7f31bc52e000 rw-p 00002000 08:01 41167509                   /usr/lib/x86_64-linux-gnu/libxcb-dri3.so.0.0.0
7f31bc52e000-7f31bc554000 r-xp 00000000 08:01 25952398                   /lib/x86_64-linux-gnu/libexpat.so.1.6.0
7f31bc554000-7f31bc754000 ---p 00026000 08:01 25952398                   /lib/x86_64-linux-gnu/libexpat.so.1.6.0
7f31bc754000-7f31bc756000 r--p 00026000 08:01 25952398                   /lib/x86_64-linux-gnu/libexpat.so.1.6.0
7f31bc756000-7f31bc757000 rw-p 00028000 08:01 25952398                   /lib/x86_64-linux-gnu/libexpat.so.1.6.0
7f31bc757000-7f31bc75a000 r-xp 00000000 08:01 25952301                   /lib/x86_64-linux-gnu/libdl-2.23.so
7f31bc75a000-7f31bc959000 ---p 00003000 08:01 25952301                   /lib/x86_64-linux-gnu/libdl-2.23.so
7f31bc959000-7f31bc95a000 r--p 00002000 08:01 25952301                   /lib/x86_64-linux-gnu/libdl-2.23.so
7f31bc95a000-7f31bc95b000 rw-p 00003000 08:01 25952301                   /lib/x86_64-linux-gnu/libdl-2.23.so
7f31bc95b000-7f31bc962000 r-xp 00000000 08:01 25952295                   /lib/x86_64-linux-gnu/librt-2.23.so
7f31bc962000-7f31bcb61000 ---p 00007000 08:01 25952295                   /lib/x86_64-linux-gnu/librt-2.23.so
7f31bcb61000-7f31bcb62000 r--p 00006000 08:01 25952295                   /lib/x86_64-linux-gnu/librt-2.23.so
7f31bcb62000-7f31bcb63000 rw-p 00007000 08:01 25952295                   /lib/x86_64-linux-gnu/librt-2.23.so
7f31bcb63000-7f31bcb7c000 r-xp 00000000 08:01 25952483                   /lib/x86_64-linux-gnu/libz.so.1.2.8
7f31bcb7c000-7f31bcd7b000 ---p 00019000 08:01 25952483                   /lib/x86_64-linux-gnu/libz.so.1.2.8
7f31bcd7b000-7f31bcd7c000 r--p 00018000 08:01 25952483                   /lib/x86_64-linux-gnu/libz.so.1.2.8
7f31bcd7c000-7f31bcd7d000 rw-p 00019000 08:01 25952483                   /lib/x86_64-linux-gnu/libz.so.1.2.8
7f31bcd7d000-7f31bcdb4000 r-xp 00000000 08:01 41167534                   /usr/lib/x86_64-linux-gnu/libtbb.so.2
7f31bcdb4000-7f31bcfb4000 ---p 00037000 08:01 41167534                   /usr/lib/x86_64-linux-gnu/libtbb.so.2
7f31bcfb4000-7f31bcfb5000 r--p 00037000 08:01 41167534                   /usr/lib/x86_64-linux-gnu/libtbb.so.2
7f31bcfb5000-7f31bcfb7000 rw-p 00038000 08:01 41167534                   /usr/lib/x86_64-linux-gnu/libtbb.so.2
7f31bcfb7000-7f31bcfba000 rw-p 00000000 00:00 0 
7f31bcfba000-7f31bd03f000 r-xp 00000000 08:01 41167574                   /usr/lib/x86_64-linux-gnu/libswscale-ffmpeg.so.3.1.101
7f31bd03f000-7f31bd23e000 ---p 00085000 08:01 41167574                   /usr/lib/x86_64-linux-gnu/libswscale-ffmpeg.so.3.1.101
7f31bd23e000-7f31bd240000 r--p 00084000 08:01 41167574                   /usr/lib/x86_64-linux-gnu/libswscale-ffmpeg.so.3.1.101
7f31bd240000-7f31bd241000 rw-p 00086000 08:01 41167574                   /usr/lib/x86_64-linux-gnu/libswscale-ffmpeg.so.3.1.101
7f31bd241000-7f31bd249000 rw-p 00000000 00:00 0 
7f31bd249000-7f31bd29e000 r-xp 00000000 08:01 41167070                   /usr/lib/x86_64-linux-gnu/libavutil-ffmpeg.so.54.31.100
7f31bd29e000-7f31bd49e000 ---p 00055000 08:01 41167070                   /usr/lib/x86_64-linux-gnu/libavutil-ffmpeg.so.54.31.100
7f31bd49e000-7f31bd4a4000 r--p 00055000 08:01 41167070                   /usr/lib/x86_64-linux-gnu/libavutil-ffmpeg.so.54.31.100
7f31bd4a4000-7f31bd4a5000 rw-p 0005b000 08:01 41167070                   /usr/lib/x86_64-linux-gnu/libavutil-ffmpeg.so.54.31.100
7f31bd4a5000-7f31bd4b8000 rw-p 00000000 00:00 0 
7f31bd4b8000-7f31bd68c000 r-xp 00000000 08:01 41167154                   /usr/lib/x86_64-linux-gnu/libavformat-ffmpeg.so.56.40.101
7f31bd68c000-7f31bd88c000 ---p 001d4000 08:01 41167154                   /usr/lib/x86_64-linux-gnu/libavformat-ffmpeg.so.56.40.101
7f31bd88c000-7f31bd8a0000 r--p 001d4000 08:01 41167154                   /usr/lib/x86_64-linux-gnu/libavformat-ffmpeg.so.56.40.101
7f31bd8a0000-7f31bd8b5000 rw-p 001e8000 08:01 41167154                   /usr/lib/x86_64-linux-gnu/libavformat-ffmpeg.so.56.40.101
7f31bd8b5000-7f31be3df000 r-xp 00000000 08:01 41167128                   /usr/lib/x86_64-linux-gnu/libavcodec-ffmpeg.so.56.60.100
7f31be3df000-7f31be5de000 ---p 00b2a000 08:01 41167128                   /usr/lib/x86_64-linux-gnu/libavcodec-ffmpeg.so.56.60.100
7f31be5de000-7f31be609000 r--p 00b29000 08:01 41167128                   /usr/lib/x86_64-linux-gnu/libavcodec-ffmpeg.so.56.60.100
7f31be609000-7f31be62c000 rw-p 00b54000 08:01 41167128                   /usr/lib/x86_64-linux-gnu/libavcodec-ffmpeg.so.56.60.100
7f31be62c000-7f31becdf000 rw-p 00000000 00:00 0 
7f31becdf000-7f31bece4000 r-xp 00000000 08:01 41167581                   /usr/lib/x86_64-linux-gnu/libv4l1.so.0.0.0
7f31bece4000-7f31beee3000 ---p 00005000 08:01 41167581                   /usr/lib/x86_64-linux-gnu/libv4l1.so.0.0.0
7f31beee3000-7f31beee4000 r--p 00004000 08:01 41167581                   /usr/lib/x86_64-linux-gnu/libv4l1.so.0.0.0
7f31beee4000-7f31beee5000 rw-p 00005000 08:01 41167581                   /usr/lib/x86_64-linux-gnu/libv4l1.so.0.0.0
7f31beee5000-7f31bef1a000 r-xp 00000000 08:01 41167558                   /usr/lib/x86_64-linux-gnu/libdc1394.so.22.1.11
7f31bef1a000-7f31bf119000 ---p 00035000 08:01 41167558                   /usr/lib/x86_64-linux-gnu/libdc1394.so.22.1.11
7f31bf119000-7f31bf11a000 r--p 00034000 08:01 41167558                   /usr/lib/x86_64-linux-gnu/libdc1394.so.22.1.11
7f31bf11a000-7f31bf11b000 rw-p 00035000 08:01 41167558                   /usr/lib/x86_64-linux-gnu/libdc1394.so.22.1.11
7f31bf11b000-7f31bf15b000 rw-p 00000000 00:00 0 
7f31bf15b000-7f31bf1b8000 r-xp 00000000 08:01 41167568                   /usr/lib/x86_64-linux-gnu/libgdkglext-x11-1.0.so.0.0.0
7f31bf1b8000-7f31bf3b7000 ---p 0005d000 08:01 41167568                   /usr/lib/x86_64-linux-gnu/libgdkglext-x11-1.0.so.0.0.0
7f31bf3b7000-7f31bf3b9000 r--p 0005c000 08:01 41167568                   /usr/lib/x86_64-linux-gnu/libgdkglext-x11-1.0.so.0.0.0
7f31bf3b9000-7f31bf3bf000 rw-p 0005e000 08:01 41167568                   /usr/lib/x86_64-linux-gnu/libgdkglext-x11-1.0.so.0.0.0
7f31bf3bf000-7f31bf3c2000 r-xp 00000000 08:01 41167569                   /usr/lib/x86_64-linux-gnu/libgtkglext-x11-1.0.so.0.0.0
7f31bf3c2000-7f31bf5c1000 ---p 00003000 08:01 41167569                   /usr/lib/x86_64-linux-gnu/libgtkglext-x11-1.0.so.0.0.0
7f31bf5c1000-7f31bf5c2000 r--p 00002000 08:01 41167569                   /usr/lib/x86_64-linux-gnu/libgtkglext-x11-1.0.so.0.0.0
7f31bf5c2000-7f31bf5c3000 rw-p 00003000 08:01 41167569                   /usr/lib/x86_64-linux-gnu/libgtkglext-x11-1.0.so.0.0.0
7f31bf5c3000-7f31bf6d1000 r-xp 00000000 08:01 25956311                   /lib/x86_64-linux-gnu/libglib-2.0.so.0.4800.0
7f31bf6d1000-7f31bf8d1000 ---p 0010e000 08:01 25956311                   /lib/x86_64-linux-gnu/libglib-2.0.so.0.4800.0
7f31bf8d1000-7f31bf8d2000 r--p 0010e000 08:01 25956311                   /lib/x86_64-linux-gnu/libglib-2.0.so.0.4800.0
7f31bf8d2000-7f31bf8d3000 rw-p 0010f000 08:01 25956311                   /lib/x86_64-linux-gnu/libglib-2.0.so.0.4800.0
7f31bf8d3000-7f31bf8d4000 rw-p 00000000 00:00 0 
7f31bf8d4000-7f31bf926000 r-xp 00000000 08:01 41161843                   /usr/lib/x86_64-linux-gnu/libgobject-2.0.so.0.4800.0
7f31bf926000-7f31bfb25000 ---p 00052000 08:01 41161843                   /usr/lib/x86_64-linux-gnu/libgobject-2.0.so.0.4800.0
7f31bfb25000-7f31bfb26000 r--p 00051000 08:01 41161843                   /usr/lib/x86_64-linux-gnu/libgobject-2.0.so.0.4800.0
7f31bfb26000-7f31bfb27000 rw-p 00052000 08:01 41161843                   /usr/lib/x86_64-linux-gnu/libgobject-2.0.so.0.4800.0
7f31bfb27000-7f31bfbd7000 r-xp 00000000 08:01 41166883                   /usr/lib/x86_64-linux-gnu/libgdk-x11-2.0.so.0.2400.30
7f31bfbd7000-7f31bfdd6000 ---p 000b0000 08:01 41166883                   /usr/lib/x86_64-linux-gnu/libgdk-x11-2.0.so.0.2400.30
7f31bfdd6000-7f31bfdda000 r--p 000af000 08:01 41166883                   /usr/lib/x86_64-linux-gnu/libgdk-x11-2.0.so.0.2400.30
7f31bfdda000-7f31bfddc000 rw-p 000b3000 08:01 41166883                   /usr/lib/x86_64-linux-gnu/libgdk-x11-2.0.so.0.2400.30
7f31bfddc000-7f31c021a000 r-xp 00000000 08:01 41166884                   /usr/lib/x86_64-linux-gnu/libgtk-x11-2.0.so.0.2400.30
7f31c021a000-7f31c0419000 ---p 0043e000 08:01 41166884                   /usr/lib/x86_64-linux-gnu/libgtk-x11-2.0.so.0.2400.30
7f31c0419000-7f31c0420000 r--p 0043d000 08:01 41166884                   /usr/lib/x86_64-linux-gnu/libgtk-x11-2.0.so.0.2400.30
7f31c0420000-7f31c0424000 rw-p 00444000 08:01 41166884                   /usr/lib/x86_64-linux-gnu/libgtk-x11-2.0.so.0.2400.30
7f31c0424000-7f31c0427000 rw-p 00000000 00:00 0 
7f31c0427000-7f31c0469000 r-xp 00000000 08:01 41165427                   /usr/lib/x86_64-linux-gnu/libHalf.so.12.0.0
7f31c0469000-7f31c0668000 ---p 00042000 08:01 41165427                   /usr/lib/x86_64-linux-gnu/libHalf.so.12.0.0
7f31c0668000-7f31c0669000 r--p 00041000 08:01 41165427                   /usr/lib/x86_64-linux-gnu/libHalf.so.12.0.0
7f31c0669000-7f31c066a000 rw-p 00042000 08:01 41165427                   /usr/lib/x86_64-linux-gnu/libHalf.so.12.0.0
7f31c066a000-7f31c0834000 r-xp 00000000 08:01 41165441                   /usr/lib/x86_64-linux-gnu/libIlmImf-2_2.so.22.0.0
7f31c0834000-7f31c0a33000 ---p 001ca000 08:01 41165441                   /usr/lib/x86_64-linux-gnu/libIlmImf-2_2.so.22.0.0
7f31c0a33000-7f31c0a36000 r--p 001c9000 08:01 41165441                   /usr/lib/x86_64-linux-gnu/libIlmImf-2_2.so.22.0.0
7f31c0a36000-7f31c0b37000 rw-p 001cc000 08:01 41165441                   /usr/lib/x86_64-linux-gnu/libIlmImf-2_2.so.22.0.0
7f31c0b37000-7f31c0b38000 rw-p 00000000 00:00 0 
7f31c0b38000-7f31c0b84000 r-xp 00000000 08:01 41167572                   /usr/lib/x86_64-linux-gnu/libjasper.so.1.0.0
7f31c0b84000-7f31c0d83000 ---p 0004c000 08:01 41167572                   /usr/lib/x86_64-linux-gnu/libjasper.so.1.0.0
7f31c0d83000-7f31c0d84000 r--p 0004b000 08:01 41167572                   /usr/lib/x86_64-linux-gnu/libjasper.so.1.0.0
7f31c0d84000-7f31c0d88000 rw-p 0004c000 08:01 41167572                   /usr/lib/x86_64-linux-gnu/libjasper.so.1.0.0
7f31c0d88000-7f31c0d8f000 rw-p 00000000 00:00 0 
7f31c0d8f000-7f31c0dfe000 r-xp 00000000 08:01 41166847                   /usr/lib/x86_64-linux-gnu/libtiff.so.5.2.4
7f31c0dfe000-7f31c0ffe000 ---p 0006f000 08:01 41166847                   /usr/lib/x86_64-linux-gnu/libtiff.so.5.2.4
7f31c0ffe000-7f31c0fff000 r--p 0006f000 08:01 41166847                   /usr/lib/x86_64-linux-gnu/libtiff.so.5.2.4
7f31c0fff000-7f31c1002000 rw-p 00070000 08:01 41166847                   /usr/lib/x86_64-linux-gnu/libtiff.so.5.2.4
7f31c1002000-7f31c1026000 r-xp 00000000 08:01 25952527                   /lib/x86_64-linux-gnu/libpng12.so.0.54.0
7f31c1026000-7f31c1225000 ---p 00024000 08:01 25952527                   /lib/x86_64-linux-gnu/libpng12.so.0.54.0
7f31c1225000-7f31c1226000 r--p 00023000 08:01 25952527                   /lib/x86_64-linux-gnu/libpng12.so.0.54.0
7f31c1226000-7f31c1227000 rw-p 00024000 08:01 25952527                   /lib/x86_64-linux-gnu/libpng12.so.0.54.0
7f31c1227000-7f31c127e000 r-xp 00000000 08:01 41165421                   /usr/lib/x86_64-linux-gnu/libjpeg.so.8.0.2
7f31c127e000-7f31c147e000 ---p 00057000 08:01 41165421                   /usr/lib/x86_64-linux-gnu/libjpeg.so.8.0.2
7f31c147e000-7f31c147f000 r--p 00057000 08:01 41165421                   /usr/lib/x86_64-linux-gnu/libjpeg.so.8.0.2
7f31c147f000-7f31c1480000 rw-p 00058000 08:01 41165421                   /usr/lib/x86_64-linux-gnu/libjpeg.so.8.0.2
7f31c1480000-7f31c14ed000 r-xp 00000000 08:01 43253838                   /usr/lib/x86_64-linux-gnu/mesa/libGL.so.1.2.0
7f31c14ed000-7f31c16ec000 ---p 0006d000 08:01 43253838                   /usr/lib/x86_64-linux-gnu/mesa/libGL.so.1.2.0
7f31c16ec000-7f31c16ef000 r--p 0006c000 08:01 43253838                   /usr/lib/x86_64-linux-gnu/mesa/libGL.so.1.2.0
7f31c16ef000-7f31c16f0000 rw-p 0006f000 08:01 43253838                   /usr/lib/x86_64-linux-gnu/mesa/libGL.so.1.2.0
7f31c16f0000-7f31c16f1000 rw-p 00000000 00:00 0 
7f31c16f1000-7f31c1712000 r-xp 00000000 08:01 41166078                   /usr/lib/x86_64-linux-gnu/libgomp.so.1.0.0
7f31c1712000-7f31c1911000 ---p 00021000 08:01 41166078                   /usr/lib/x86_64-linux-gnu/libgomp.so.1.0.0
7f31c1911000-7f31c1912000 r--p 00020000 08:01 41166078                   /usr/lib/x86_64-linux-gnu/libgomp.so.1.0.0
7f31c1912000-7f31c1913000 rw-p 00021000 08:01 41166078                   /usr/lib/x86_64-linux-gnu/libgomp.so.1.0.0
7f31c1913000-7f31c1a1b000 r-xp 00000000 08:01 25952292                   /lib/x86_64-linux-gnu/libm-2.23.so
7f31c1a1b000-7f31c1c1a000 ---p 00108000 08:01 25952292                   /lib/x86_64-linux-gnu/libm-2.23.so
7f31c1c1a000-7f31c1c1b000 r--p 00107000 08:01 25952292                   /lib/x86_64-linux-gnu/libm-2.23.so
7f31c1c1b000-7f31c1c1c000 rw-p 00108000 08:01 25952292                   /lib/x86_64-linux-gnu/libm-2.23.so
7f31c1c1c000-7f31c1e39000 r-xp 00000000 08:01 41167535                   /usr/lib/x86_64-linux-gnu/libopencv_core.so.2.4.9
7f31c1e39000-7f31c2039000 ---p 0021d000 08:01 41167535                   /usr/lib/x86_64-linux-gnu/libopencv_core.so.2.4.9
7f31c2039000-7f31c203d000 r--p 0021d000 08:01 41167535                   /usr/lib/x86_64-linux-gnu/libopencv_core.so.2.4.9
7f31c203d000-7f31c2044000 rw-p 00221000 08:01 41167535                   /usr/lib/x86_64-linux-gnu/libopencv_core.so.2.4.9
7f31c2044000-7f31c2046000 rw-p 00000000 00:00 0 
7f31c2046000-7f31c2236000 r-xp 00000000 08:01 41167540                   /usr/lib/x86_64-linux-gnu/libopencv_imgproc.so.2.4.9
7f31c2236000-7f31c2435000 ---p 001f0000 08:01 41167540                   /usr/lib/x86_64-linux-gnu/libopencv_imgproc.so.2.4.9
7f31c2435000-7f31c243b000 r--p 001ef000 08:01 41167540                   /usr/lib/x86_64-linux-gnu/libopencv_imgproc.so.2.4.9
7f31c243b000-7f31c243c000 rw-p 001f5000 08:01 41167540                   /usr/lib/x86_64-linux-gnu/libopencv_imgproc.so.2.4.9
7f31c243c000-7f31c24d1000 rw-p 00000000 00:00 0 
7f31c24d1000-7f31c2517000 r-xp 00000000 08:01 41167584                   /usr/lib/x86_64-linux-gnu/libopencv_highgui.so.2.4.9
7f31c2517000-7f31c2716000 ---p 00046000 08:01 41167584                   /usr/lib/x86_64-linux-gnu/libopencv_highgui.so.2.4.9
7f31c2716000-7f31c2719000 r--p 00045000 08:01 41167584                   /usr/lib/x86_64-linux-gnu/libopencv_highgui.so.2.4.9
7f31c2719000-7f31c271a000 rw-p 00048000 08:01 41167584                   /usr/lib/x86_64-linux-gnu/libopencv_highgui.so.2.4.9
7f31c271a000-7f31c28da000 r-xp 00000000 08:01 25952300                   /lib/x86_64-linux-gnu/libc-2.23.so
7f31c28da000-7f31c2ad9000 ---p 001c0000 08:01 25952300                   /lib/x86_64-linux-gnu/libc-2.23.so
7f31c2ad9000-7f31c2add000 r--p 001bf000 08:01 25952300                   /lib/x86_64-linux-gnu/libc-2.23.so
7f31c2add000-7f31c2adf000 rw-p 001c3000 08:01 25952300                   /lib/x86_64-linux-gnu/libc-2.23.so
7f31c2adf000-7f31c2ae3000 rw-p 00000000 00:00 0 
7f31c2ae3000-7f31c2afb000 r-xp 00000000 08:01 25952299                   /lib/x86_64-linux-gnu/libpthread-2.23.so
7f31c2afb000-7f31c2cfa000 ---p 00018000 08:01 25952299                   /lib/x86_64-linux-gnu/libpthread-2.23.so
7f31c2cfa000-7f31c2cfb000 r--p 00017000 08:01 25952299                   /lib/x86_64-linux-gnu/libpthread-2.23.so
7f31c2cfb000-7f31c2cfc000 rw-p 00018000 08:01 25952299                   /lib/x86_64-linux-gnu/libpthread-2.23.so
7f31c2cfc000-7f31c2d00000 rw-p 00000000 00:00 0 
7f31c2d00000-7f31c2d16000 r-xp 00000000 08:01 25952321                   /lib/x86_64-linux-gnu/libgcc_s.so.1
7f31c2d16000-7f31c2f15000 ---p 00016000 08:01 25952321                   /lib/x86_64-linux-gnu/libgcc_s.so.1
7f31c2f15000-7f31c2f16000 rw-p 00015000 08:01 25952321                   /lib/x86_64-linux-gnu/libgcc_s.so.1
7f31c2f16000-7f31c3088000 r-xp 00000000 08:01 41161291                   /usr/lib/x86_64-linux-gnu/libstdc++.so.6.0.21
7f31c3088000-7f31c3288000 ---p 00172000 08:01 41161291                   /usr/lib/x86_64-linux-gnu/libstdc++.so.6.0.21
7f31c3288000-7f31c3292000 r--p 00172000 08:01 41161291                   /usr/lib/x86_64-linux-gnu/libstdc++.so.6.0.21
7f31c3292000-7f31c3294000 rw-p 0017c000 08:01 41161291                   /usr/lib/x86_64-linux-gnu/libstdc++.so.6.0.21
7f31c3294000-7f31c3298000 rw-p 00000000 00:00 0 
7f31c3298000-7f31c32e0000 r-xp 00000000 08:01 657865                     /home/sebastian/raytracing/build/DocOpt/libdocopt.so
7f31c32e0000-7f31c34df000 ---p 00048000 08:01 657865                     /home/sebastian/raytracing/build/DocOpt/libdocopt.so
7f31c34df000-7f31c34e1000 r--p 00047000 08:01 657865                     /home/sebastian/raytracing/build/DocOpt/libdocopt.so
7f31c34e1000-7f31c34e2000 rw-p 00049000 08:01 657865                     /home/sebastian/raytracing/build/DocOpt/libdocopt.so
7f31c34e2000-7f31c3622000 r-xp 00000000 08:01 54001821                   /home/sebastian/raytracing/build/libmct.so
7f31c3622000-7f31c3821000 ---p 00140000 08:01 54001821                   /home/sebastian/raytracing/build/libmct.so
7f31c3821000-7f31c3824000 r--p 0013f000 08:01 54001821                   /home/sebastian/raytracing/build/libmct.so
7f31c3824000-7f31c3827000 rw-p 00142000 08:01 54001821                   /home/sebastian/raytracing/build/libmct.so
7f31c3827000-7f31c3837000 rw-p 00000000 00:00 0 
7f31c3837000-7f31c385d000 r-xp 00000000 08:01 25952296                   /lib/x86_64-linux-gnu/ld-2.23.so
7f31c39e7000-7f31c3a01000 rw-p 00000000 00:00 0 
7f31c3a01000-7f31c3a1f000 r-xp 00000000 08:01 25952370                   /lib/x86_64-linux-gnu/libudev.so.1.6.4
7f31c3a1f000-7f31c3a20000 r--p 0001d000 08:01 25952370                   /lib/x86_64-linux-gnu/libudev.so.1.6.4
7f31c3a20000-7f31c3a21000 rw-p 0001e000 08:01 25952370                   /lib/x86_64-linux-gnu/libudev.so.1.6.4
7f31c3a21000-7f31c3a4a000 rw-p 00000000 00:00 0 
7f31c3a58000-7f31c3a5c000 rw-p 00000000 00:00 0 
7f31c3a5c000-7f31c3a5d000 r--p 00025000 08:01 25952296                   /lib/x86_64-linux-gnu/ld-2.23.so
7f31c3a5d000-7f31c3a5e000 rw-p 00026000 08:01 25952296                   /lib/x86_64-linux-gnu/ld-2.23.so
7f31c3a5e000-7f31c3a5f000 rw-p 00000000 00:00 0 
7ffe9d7b6000-7ffe9d7f8000 rw-p 00000000 00:00 0                          [stack]
7ffe9d7f9000-7ffe9d7fb000 r--p 00000000 00:00 0                          [vvar]
7ffe9d7fb000-7ffe9d7fd000 r-xp 00000000 00:00 0                          [vdso]
ffffffffff600000-ffffffffff601000 r-xp 00000000 00:00 0                  [vsyscall]
