*** Error in `/home/sebastian/raytracing/build/mctPlenoscopePropagation': munmap_chunk(): invalid pointer: 0x000000000268d760 ***
======= Backtrace: =========
/lib/x86_64-linux-gnu/libc.so.6(+0x77725)[0x7fb8d8662725]
/lib/x86_64-linux-gnu/libc.so.6(cfree+0x1a8)[0x7fb8d866ec18]
/home/sebastian/raytracing/build/mctPlenoscopePropagation(main+0x39d8)[0x410e38]
/lib/x86_64-linux-gnu/libc.so.6(__libc_start_main+0xf0)[0x7fb8d860b830]
/home/sebastian/raytracing/build/mctPlenoscopePropagation(_start+0x29)[0x412369]
======= Memory map: ========
00400000-00432000 r-xp 00000000 00:2a 54001989                           /home/sebastian/raytracing/build/mctPlenoscopePropagation
00632000-00633000 r--p 00032000 00:2a 54001989                           /home/sebastian/raytracing/build/mctPlenoscopePropagation
00633000-00634000 rw-p 00033000 00:2a 54001989                           /home/sebastian/raytracing/build/mctPlenoscopePropagation
00634000-00635000 rw-p 00000000 00:00 0 
01c07000-031e1000 rw-p 00000000 00:00 0                                  [heap]
7fb8bfd08000-7fb8bfd09000 ---p 00000000 00:00 0 
7fb8bfd09000-7fb8c0509000 rw-p 00000000 00:00 0 
7fb8c0509000-7fb8c1dbf000 r-xp 00000000 08:01 15471497                   /usr/lib/x86_64-linux-gnu/libicudata.so.55.1
7fb8c1dbf000-7fb8c1fbe000 ---p 018b6000 08:01 15471497                   /usr/lib/x86_64-linux-gnu/libicudata.so.55.1
7fb8c1fbe000-7fb8c1fbf000 r--p 018b5000 08:01 15471497                   /usr/lib/x86_64-linux-gnu/libicudata.so.55.1
7fb8c1fbf000-7fb8c1fc0000 rw-p 018b6000 08:01 15471497                   /usr/lib/x86_64-linux-gnu/libicudata.so.55.1
7fb8c1fc0000-7fb8c1fc3000 r-xp 00000000 08:01 49287129                   /lib/x86_64-linux-gnu/libkeyutils.so.1.5
7fb8c1fc3000-7fb8c21c2000 ---p 00003000 08:01 49287129                   /lib/x86_64-linux-gnu/libkeyutils.so.1.5
7fb8c21c2000-7fb8c21c3000 r--p 00002000 08:01 49287129                   /lib/x86_64-linux-gnu/libkeyutils.so.1.5
7fb8c21c3000-7fb8c21c4000 rw-p 00003000 08:01 49287129                   /lib/x86_64-linux-gnu/libkeyutils.so.1.5
7fb8c21c4000-7fb8c21c8000 r-xp 00000000 08:01 49283695                   /lib/x86_64-linux-gnu/libuuid.so.1.3.0
7fb8c21c8000-7fb8c23c7000 ---p 00004000 08:01 49283695                   /lib/x86_64-linux-gnu/libuuid.so.1.3.0
7fb8c23c7000-7fb8c23c8000 r--p 00003000 08:01 49283695                   /lib/x86_64-linux-gnu/libuuid.so.1.3.0
7fb8c23c8000-7fb8c23c9000 rw-p 00004000 08:01 49283695                   /lib/x86_64-linux-gnu/libuuid.so.1.3.0
7fb8c23c9000-7fb8c2548000 r-xp 00000000 08:01 15471493                   /usr/lib/x86_64-linux-gnu/libicuuc.so.55.1
7fb8c2548000-7fb8c2748000 ---p 0017f000 08:01 15471493                   /usr/lib/x86_64-linux-gnu/libicuuc.so.55.1
7fb8c2748000-7fb8c2758000 r--p 0017f000 08:01 15471493                   /usr/lib/x86_64-linux-gnu/libicuuc.so.55.1
7fb8c2758000-7fb8c2759000 rw-p 0018f000 08:01 15471493                   /usr/lib/x86_64-linux-gnu/libicuuc.so.55.1
7fb8c2759000-7fb8c275d000 rw-p 00000000 00:00 0 
7fb8c275d000-7fb8c2767000 r-xp 00000000 08:01 15472158                   /usr/lib/x86_64-linux-gnu/libkrb5support.so.0.1
7fb8c2767000-7fb8c2966000 ---p 0000a000 08:01 15472158                   /usr/lib/x86_64-linux-gnu/libkrb5support.so.0.1
7fb8c2966000-7fb8c2967000 r--p 00009000 08:01 15472158                   /usr/lib/x86_64-linux-gnu/libkrb5support.so.0.1
7fb8c2967000-7fb8c2968000 rw-p 0000a000 08:01 15472158                   /usr/lib/x86_64-linux-gnu/libkrb5support.so.0.1
7fb8c2968000-7fb8c296b000 r-xp 00000000 08:01 49283583                   /lib/x86_64-linux-gnu/libcom_err.so.2.1
7fb8c296b000-7fb8c2b6a000 ---p 00003000 08:01 49283583                   /lib/x86_64-linux-gnu/libcom_err.so.2.1
7fb8c2b6a000-7fb8c2b6b000 r--p 00002000 08:01 49283583                   /lib/x86_64-linux-gnu/libcom_err.so.2.1
7fb8c2b6b000-7fb8c2b6c000 rw-p 00003000 08:01 49283583                   /lib/x86_64-linux-gnu/libcom_err.so.2.1
7fb8c2b6c000-7fb8c2b98000 r-xp 00000000 08:01 15472160                   /usr/lib/x86_64-linux-gnu/libk5crypto.so.3.1
7fb8c2b98000-7fb8c2d97000 ---p 0002c000 08:01 15472160                   /usr/lib/x86_64-linux-gnu/libk5crypto.so.3.1
7fb8c2d97000-7fb8c2d99000 r--p 0002b000 08:01 15472160                   /usr/lib/x86_64-linux-gnu/libk5crypto.so.3.1
7fb8c2d99000-7fb8c2d9a000 rw-p 0002d000 08:01 15472160                   /usr/lib/x86_64-linux-gnu/libk5crypto.so.3.1
7fb8c2d9a000-7fb8c2d9b000 rw-p 00000000 00:00 0 
7fb8c2d9b000-7fb8c2e5e000 r-xp 00000000 08:01 15472162                   /usr/lib/x86_64-linux-gnu/libkrb5.so.3.3
7fb8c2e5e000-7fb8c305e000 ---p 000c3000 08:01 15472162                   /usr/lib/x86_64-linux-gnu/libkrb5.so.3.3
7fb8c305e000-7fb8c306b000 r--p 000c3000 08:01 15472162                   /usr/lib/x86_64-linux-gnu/libkrb5.so.3.3
7fb8c306b000-7fb8c306d000 rw-p 000d0000 08:01 15472162                   /usr/lib/x86_64-linux-gnu/libkrb5.so.3.3
7fb8c306d000-7fb8c307f000 r-xp 00000000 08:01 49283606                   /lib/x86_64-linux-gnu/libgpg-error.so.0.17.0
7fb8c307f000-7fb8c327f000 ---p 00012000 08:01 49283606                   /lib/x86_64-linux-gnu/libgpg-error.so.0.17.0
7fb8c327f000-7fb8c3280000 r--p 00012000 08:01 49283606                   /lib/x86_64-linux-gnu/libgpg-error.so.0.17.0
7fb8c3280000-7fb8c3281000 rw-p 00013000 08:01 49283606                   /lib/x86_64-linux-gnu/libgpg-error.so.0.17.0
7fb8c3281000-7fb8c3297000 r-xp 00000000 08:01 15472868                   /usr/lib/x86_64-linux-gnu/libICE.so.6.3.0
7fb8c3297000-7fb8c3496000 ---p 00016000 08:01 15472868                   /usr/lib/x86_64-linux-gnu/libICE.so.6.3.0
7fb8c3496000-7fb8c3497000 r--p 00015000 08:01 15472868                   /usr/lib/x86_64-linux-gnu/libICE.so.6.3.0
7fb8c3497000-7fb8c3498000 rw-p 00016000 08:01 15472868                   /usr/lib/x86_64-linux-gnu/libICE.so.6.3.0
7fb8c3498000-7fb8c349b000 rw-p 00000000 00:00 0 
7fb8c349b000-7fb8c34a2000 r-xp 00000000 08:01 15472905                   /usr/lib/x86_64-linux-gnu/libSM.so.6.0.1
7fb8c34a2000-7fb8c36a1000 ---p 00007000 08:01 15472905                   /usr/lib/x86_64-linux-gnu/libSM.so.6.0.1
7fb8c36a1000-7fb8c36a2000 r--p 00006000 08:01 15472905                   /usr/lib/x86_64-linux-gnu/libSM.so.6.0.1
7fb8c36a2000-7fb8c36a3000 rw-p 00007000 08:01 15472905                   /usr/lib/x86_64-linux-gnu/libSM.so.6.0.1
7fb8c36a3000-7fb8c36a9000 r-xp 00000000 08:01 15472969                   /usr/lib/x86_64-linux-gnu/libdatrie.so.1.3.3
7fb8c36a9000-7fb8c38a9000 ---p 00006000 08:01 15472969                   /usr/lib/x86_64-linux-gnu/libdatrie.so.1.3.3
7fb8c38a9000-7fb8c38aa000 r--p 00006000 08:01 15472969                   /usr/lib/x86_64-linux-gnu/libdatrie.so.1.3.3
7fb8c38aa000-7fb8c38ab000 rw-p 00007000 08:01 15472969                   /usr/lib/x86_64-linux-gnu/libdatrie.so.1.3.3
7fb8c38ab000-7fb8c38ce000 r-xp 00000000 08:01 15473498                   /usr/lib/x86_64-linux-gnu/libgraphite2.so.3.0.1
7fb8c38ce000-7fb8c3acd000 ---p 00023000 08:01 15473498                   /usr/lib/x86_64-linux-gnu/libgraphite2.so.3.0.1
7fb8c3acd000-7fb8c3acf000 r--p 00022000 08:01 15473498                   /usr/lib/x86_64-linux-gnu/libgraphite2.so.3.0.1
7fb8c3acf000-7fb8c3ad0000 rw-p 00024000 08:01 15473498                   /usr/lib/x86_64-linux-gnu/libgraphite2.so.3.0.1
7fb8c3ad0000-7fb8c3ae1000 r-xp 00000000 08:01 15468880                   /usr/lib/x86_64-linux-gnu/libtasn1.so.6.5.1
7fb8c3ae1000-7fb8c3ce1000 ---p 00011000 08:01 15468880                   /usr/lib/x86_64-linux-gnu/libtasn1.so.6.5.1
7fb8c3ce1000-7fb8c3ce2000 r--p 00011000 08:01 15468880                   /usr/lib/x86_64-linux-gnu/libtasn1.so.6.5.1
7fb8c3ce2000-7fb8c3ce3000 rw-p 00012000 08:01 15468880                   /usr/lib/x86_64-linux-gnu/libtasn1.so.6.5.1
7fb8c3ce3000-7fb8c3d14000 r-xp 00000000 08:01 15468852                   /usr/lib/x86_64-linux-gnu/libidn.so.11.6.15
7fb8c3d14000-7fb8c3f14000 ---p 00031000 08:01 15468852                   /usr/lib/x86_64-linux-gnu/libidn.so.11.6.15
7fb8c3f14000-7fb8c3f15000 r--p 00031000 08:01 15468852                   /usr/lib/x86_64-linux-gnu/libidn.so.11.6.15
7fb8c3f15000-7fb8c3f16000 rw-p 00032000 08:01 15468852                   /usr/lib/x86_64-linux-gnu/libidn.so.11.6.15
7fb8c3f16000-7fb8c3f70000 r-xp 00000000 08:01 15468866                   /usr/lib/x86_64-linux-gnu/libp11-kit.so.0.1.0
7fb8c3f70000-7fb8c416f000 ---p 0005a000 08:01 15468866                   /usr/lib/x86_64-linux-gnu/libp11-kit.so.0.1.0
7fb8c416f000-7fb8c4179000 r--p 00059000 08:01 15468866                   /usr/lib/x86_64-linux-gnu/libp11-kit.so.0.1.0
7fb8c4179000-7fb8c417b000 rw-p 00063000 08:01 15468866                   /usr/lib/x86_64-linux-gnu/libp11-kit.so.0.1.0
7fb8c417b000-7fb8c432b000 r-xp 00000000 08:01 15471506                   /usr/lib/x86_64-linux-gnu/libxml2.so.2.9.3
7fb8c432b000-7fb8c452a000 ---p 001b0000 08:01 15471506                   /usr/lib/x86_64-linux-gnu/libxml2.so.2.9.3
7fb8c452a000-7fb8c4532000 r--p 001af000 08:01 15471506                   /usr/lib/x86_64-linux-gnu/libxml2.so.2.9.3
7fb8c4532000-7fb8c4534000 rw-p 001b7000 08:01 15471506                   /usr/lib/x86_64-linux-gnu/libxml2.so.2.9.3
7fb8c4534000-7fb8c4535000 rw-p 00000000 00:00 0 
7fb8c4535000-7fb8c45b4000 r-xp 00000000 08:01 15468844                   /usr/lib/x86_64-linux-gnu/libgmp.so.10.3.0
7fb8c45b4000-7fb8c47b3000 ---p 0007f000 08:01 15468844                   /usr/lib/x86_64-linux-gnu/libgmp.so.10.3.0
7fb8c47b3000-7fb8c47b4000 r--p 0007e000 08:01 15468844                   /usr/lib/x86_64-linux-gnu/libgmp.so.10.3.0
7fb8c47b4000-7fb8c47b5000 rw-p 0007f000 08:01 15468844                   /usr/lib/x86_64-linux-gnu/libgmp.so.10.3.0
7fb8c47b5000-7fb8c47e9000 r-xp 00000000 08:01 15468864                   /usr/lib/x86_64-linux-gnu/libnettle.so.6.2
7fb8c47e9000-7fb8c49e8000 ---p 00034000 08:01 15468864                   /usr/lib/x86_64-linux-gnu/libnettle.so.6.2
7fb8c49e8000-7fb8c49ea000 r--p 00033000 08:01 15468864                   /usr/lib/x86_64-linux-gnu/libnettle.so.6.2
7fb8c49ea000-7fb8c49eb000 rw-p 00035000 08:01 15468864                   /usr/lib/x86_64-linux-gnu/libnettle.so.6.2
7fb8c49eb000-7fb8c4a1d000 r-xp 00000000 08:01 15468850                   /usr/lib/x86_64-linux-gnu/libhogweed.so.4.2
7fb8c4a1d000-7fb8c4c1c000 ---p 00032000 08:01 15468850                   /usr/lib/x86_64-linux-gnu/libhogweed.so.4.2
7fb8c4c1c000-7fb8c4c1d000 r--p 00031000 08:01 15468850                   /usr/lib/x86_64-linux-gnu/libhogweed.so.4.2
7fb8c4c1d000-7fb8c4c1e000 rw-p 00032000 08:01 15468850                   /usr/lib/x86_64-linux-gnu/libhogweed.so.4.2
7fb8c4c1e000-7fb8c4c65000 r-xp 00000000 08:01 15472164                   /usr/lib/x86_64-linux-gnu/libgssapi_krb5.so.2.2
7fb8c4c65000-7fb8c4e64000 ---p 00047000 08:01 15472164                   /usr/lib/x86_64-linux-gnu/libgssapi_krb5.so.2.2
7fb8c4e64000-7fb8c4e66000 r--p 00046000 08:01 15472164                   /usr/lib/x86_64-linux-gnu/libgssapi_krb5.so.2.2
7fb8c4e66000-7fb8c4e68000 rw-p 00048000 08:01 15472164                   /usr/lib/x86_64-linux-gnu/libgssapi_krb5.so.2.2
7fb8c4e68000-7fb8c4f40000 r-xp 00000000 08:01 49283604                   /lib/x86_64-linux-gnu/libgcrypt.so.20.0.5
7fb8c4f40000-7fb8c513f000 ---p 000d8000 08:01 49283604                   /lib/x86_64-linux-gnu/libgcrypt.so.20.0.5
7fb8c513f000-7fb8c5140000 r--p 000d7000 08:01 49283604                   /lib/x86_64-linux-gnu/libgcrypt.so.20.0.5
7fb8c5140000-7fb8c5148000 rw-p 000d8000 08:01 49283604                   /lib/x86_64-linux-gnu/libgcrypt.so.20.0.5
7fb8c5148000-7fb8c5149000 rw-p 00000000 00:00 0 
7fb8c5149000-7fb8c51c4000 r-xp 00000000 08:01 15472899                   /usr/lib/x86_64-linux-gnu/liborc-0.4.so.0.25.0
7fb8c51c4000-7fb8c53c3000 ---p 0007b000 08:01 15472899                   /usr/lib/x86_64-linux-gnu/liborc-0.4.so.0.25.0
7fb8c53c3000-7fb8c53c5000 r--p 0007a000 08:01 15472899                   /usr/lib/x86_64-linux-gnu/liborc-0.4.so.0.25.0
7fb8c53c5000-7fb8c53c9000 rw-p 0007c000 08:01 15472899                   /usr/lib/x86_64-linux-gnu/liborc-0.4.so.0.25.0
7fb8c53c9000-7fb8c53d0000 r-xp 00000000 08:01 15472872                   /usr/lib/x86_64-linux-gnu/libogg.so.0.8.2
7fb8c53d0000-7fb8c55d0000 ---p 00007000 08:01 15472872                   /usr/lib/x86_64-linux-gnu/libogg.so.0.8.2
7fb8c55d0000-7fb8c55d1000 r--p 00007000 08:01 15472872                   /usr/lib/x86_64-linux-gnu/libogg.so.0.8.2
7fb8c55d1000-7fb8c55d2000 rw-p 00008000 08:01 15472872                   /usr/lib/x86_64-linux-gnu/libogg.so.0.8.2
7fb8c55d2000-7fb8c55dc000 r-xp 00000000 08:01 15472240                   /usr/lib/x86_64-linux-gnu/libnuma.so.1.0.0
7fb8c55dc000-7fb8c57db000 ---p 0000a000 08:01 15472240                   /usr/lib/x86_64-linux-gnu/libnuma.so.1.0.0
7fb8c57db000-7fb8c57dc000 r--p 00009000 08:01 15472240                   /usr/lib/x86_64-linux-gnu/libnuma.so.1.0.0
7fb8c57dc000-7fb8c57dd000 rw-p 0000a000 08:01 15472240                   /usr/lib/x86_64-linux-gnu/libnuma.so.1.0.0
7fb8c57dd000-7fb8c580b000 r-xp 00000000 08:01 15473601                   /usr/lib/x86_64-linux-gnu/libsoxr.so.0.1.1
7fb8c580b000-7fb8c5a0a000 ---p 0002e000 08:01 15473601                   /usr/lib/x86_64-linux-gnu/libsoxr.so.0.1.1
7fb8c5a0a000-7fb8c5a0c000 r--p 0002d000 08:01 15473601                   /usr/lib/x86_64-linux-gnu/libsoxr.so.0.1.1
7fb8c5a0c000-7fb8c5a0d000 rw-p 0002f000 08:01 15473601                   /usr/lib/x86_64-linux-gnu/libsoxr.so.0.1.1
7fb8c5a0d000-7fb8c5a42000 rw-p 00000000 00:00 0 
7fb8c5a42000-7fb8c5a67000 r-xp 00000000 08:01 15473789                   /usr/lib/x86_64-linux-gnu/libv4lconvert.so.0.0.0
7fb8c5a67000-7fb8c5c67000 ---p 00025000 08:01 15473789                   /usr/lib/x86_64-linux-gnu/libv4lconvert.so.0.0.0
7fb8c5c67000-7fb8c5c69000 r--p 00025000 08:01 15473789                   /usr/lib/x86_64-linux-gnu/libv4lconvert.so.0.0.0
7fb8c5c69000-7fb8c5c6a000 rw-p 00027000 08:01 15473789                   /usr/lib/x86_64-linux-gnu/libv4lconvert.so.0.0.0
7fb8c5c6a000-7fb8c5cbc000 rw-p 00000000 00:00 0 
7fb8c5cbc000-7fb8c5d1e000 r-xp 00000000 08:01 15473777                   /usr/lib/x86_64-linux-gnu/libXt.so.6.0.0
7fb8c5d1e000-7fb8c5f1e000 ---p 00062000 08:01 15473777                   /usr/lib/x86_64-linux-gnu/libXt.so.6.0.0
7fb8c5f1e000-7fb8c5f1f000 r--p 00062000 08:01 15473777                   /usr/lib/x86_64-linux-gnu/libXt.so.6.0.0
7fb8c5f1f000-7fb8c5f24000 rw-p 00063000 08:01 15473777                   /usr/lib/x86_64-linux-gnu/libXt.so.6.0.0
7fb8c5f24000-7fb8c5f25000 rw-p 00000000 00:00 0 
7fb8c5f25000-7fb8c5f2d000 r-xp 00000000 08:01 15472971                   /usr/lib/x86_64-linux-gnu/libthai.so.0.2.4
7fb8c5f2d000-7fb8c612c000 ---p 00008000 08:01 15472971                   /usr/lib/x86_64-linux-gnu/libthai.so.0.2.4
7fb8c612c000-7fb8c612d000 r--p 00007000 08:01 15472971                   /usr/lib/x86_64-linux-gnu/libthai.so.0.2.4
7fb8c612d000-7fb8c612e000 rw-p 00008000 08:01 15472971                   /usr/lib/x86_64-linux-gnu/libthai.so.0.2.4
7fb8c612e000-7fb8c618a000 r-xp 00000000 08:01 15473501                   /usr/lib/x86_64-linux-gnu/libharfbuzz.so.0.10000.1
7fb8c618a000-7fb8c638a000 ---p 0005c000 08:01 15473501                   /usr/lib/x86_64-linux-gnu/libharfbuzz.so.0.10000.1
7fb8c638a000-7fb8c638b000 r--p 0005c000 08:01 15473501                   /usr/lib/x86_64-linux-gnu/libharfbuzz.so.0.10000.1
7fb8c638b000-7fb8c638c000 rw-p 0005d000 08:01 15473501                   /usr/lib/x86_64-linux-gnu/libharfbuzz.so.0.10000.1
7fb8c638c000-7fb8c63a3000 r-xp 00000000 08:01 49283667                   /lib/x86_64-linux-gnu/libresolv-2.23.so
7fb8c63a3000-7fb8c65a3000 ---p 00017000 08:01 49283667                   /lib/x86_64-linux-gnu/libresolv-2.23.so
7fb8c65a3000-7fb8c65a4000 r--p 00017000 08:01 49283667                   /lib/x86_64-linux-gnu/libresolv-2.23.so
7fb8c65a4000-7fb8c65a5000 rw-p 00018000 08:01 49283667                   /lib/x86_64-linux-gnu/libresolv-2.23.so
7fb8c65a5000-7fb8c65a7000 rw-p 00000000 00:00 0 
7fb8c65a7000-7fb8c65c6000 r-xp 00000000 08:01 49283673                   /lib/x86_64-linux-gnu/libselinux.so.1
7fb8c65c6000-7fb8c67c5000 ---p 0001f000 08:01 49283673                   /lib/x86_64-linux-gnu/libselinux.so.1
7fb8c67c5000-7fb8c67c6000 r--p 0001e000 08:01 49283673                   /lib/x86_64-linux-gnu/libselinux.so.1
7fb8c67c6000-7fb8c67c7000 rw-p 0001f000 08:01 49283673                   /lib/x86_64-linux-gnu/libselinux.so.1
7fb8c67c7000-7fb8c67c9000 rw-p 00000000 00:00 0 
7fb8c67c9000-7fb8c67d1000 r-xp 00000000 08:01 15473492                   /usr/lib/x86_64-linux-gnu/libxcb-render.so.0.0.0
7fb8c67d1000-7fb8c69d1000 ---p 00008000 08:01 15473492                   /usr/lib/x86_64-linux-gnu/libxcb-render.so.0.0.0
7fb8c69d1000-7fb8c69d2000 r--p 00008000 08:01 15473492                   /usr/lib/x86_64-linux-gnu/libxcb-render.so.0.0.0
7fb8c69d2000-7fb8c69d3000 rw-p 00009000 08:01 15473492                   /usr/lib/x86_64-linux-gnu/libxcb-render.so.0.0.0
7fb8c69d3000-7fb8c69d5000 r-xp 00000000 08:01 15473494                   /usr/lib/x86_64-linux-gnu/libxcb-shm.so.0.0.0
7fb8c69d5000-7fb8c6bd5000 ---p 00002000 08:01 15473494                   /usr/lib/x86_64-linux-gnu/libxcb-shm.so.0.0.0
7fb8c6bd5000-7fb8c6bd6000 r--p 00002000 08:01 15473494                   /usr/lib/x86_64-linux-gnu/libxcb-shm.so.0.0.0
7fb8c6bd6000-7fb8c6bd7000 rw-p 00003000 08:01 15473494                   /usr/lib/x86_64-linux-gnu/libxcb-shm.so.0.0.0
7fb8c6bd7000-7fb8c6c76000 r-xp 00000000 08:01 15473490                   /usr/lib/x86_64-linux-gnu/libpixman-1.so.0.33.6
7fb8c6c76000-7fb8c6e76000 ---p 0009f000 08:01 15473490                   /usr/lib/x86_64-linux-gnu/libpixman-1.so.0.33.6
7fb8c6e76000-7fb8c6e7e000 r--p 0009f000 08:01 15473490                   /usr/lib/x86_64-linux-gnu/libpixman-1.so.0.33.6
7fb8c6e7e000-7fb8c6e7f000 rw-p 000a7000 08:01 15473490                   /usr/lib/x86_64-linux-gnu/libpixman-1.so.0.33.6
7fb8c6e7f000-7fb8c6f23000 r-xp 00000000 08:01 15471370                   /usr/lib/x86_64-linux-gnu/libfreetype.so.6.12.1
7fb8c6f23000-7fb8c7122000 ---p 000a4000 08:01 15471370                   /usr/lib/x86_64-linux-gnu/libfreetype.so.6.12.1
7fb8c7122000-7fb8c7128000 r--p 000a3000 08:01 15471370                   /usr/lib/x86_64-linux-gnu/libfreetype.so.6.12.1
7fb8c7128000-7fb8c7129000 rw-p 000a9000 08:01 15471370                   /usr/lib/x86_64-linux-gnu/libfreetype.so.6.12.1
7fb8c7129000-7fb8c712e000 r-xp 00000000 08:01 15472091                   /usr/lib/x86_64-linux-gnu/libXdmcp.so.6.0.0
7fb8c712e000-7fb8c732d000 ---p 00005000 08:01 15472091                   /usr/lib/x86_64-linux-gnu/libXdmcp.so.6.0.0
7fb8c732d000-7fb8c732e000 r--p 00004000 08:01 15472091                   /usr/lib/x86_64-linux-gnu/libXdmcp.so.6.0.0
7fb8c732e000-7fb8c732f000 rw-p 00005000 08:01 15472091                   /usr/lib/x86_64-linux-gnu/libXdmcp.so.6.0.0
7fb8c732f000-7fb8c7331000 r-xp 00000000 08:01 15472089                   /usr/lib/x86_64-linux-gnu/libXau.so.6.0.0
7fb8c7331000-7fb8c7531000 ---p 00002000 08:01 15472089                   /usr/lib/x86_64-linux-gnu/libXau.so.6.0.0
7fb8c7531000-7fb8c7532000 r--p 00002000 08:01 15472089                   /usr/lib/x86_64-linux-gnu/libXau.so.6.0.0
7fb8c7532000-7fb8c7533000 rw-p 00003000 08:01 15472089                   /usr/lib/x86_64-linux-gnu/libXau.so.6.0.0
7fb8c7533000-7fb8c7542000 r-xp 00000000 08:01 49283575                   /lib/x86_64-linux-gnu/libbz2.so.1.0.4
7fb8c7542000-7fb8c7741000 ---p 0000f000 08:01 49283575                   /lib/x86_64-linux-gnu/libbz2.so.1.0.4
7fb8c7741000-7fb8c7742000 r--p 0000e000 08:01 49283575                   /lib/x86_64-linux-gnu/libbz2.so.1.0.4
7fb8c7742000-7fb8c7743000 rw-p 0000f000 08:01 49283575                   /lib/x86_64-linux-gnu/libbz2.so.1.0.4
7fb8c7743000-7fb8c7867000 r-xp 00000000 08:01 15468848                   /usr/lib/x86_64-linux-gnu/libgnutls.so.30.6.2
7fb8c7867000-7fb8c7a66000 ---p 00124000 08:01 15468848                   /usr/lib/x86_64-linux-gnu/libgnutls.so.30.6.2
7fb8c7a66000-7fb8c7a71000 r--p 00123000 08:01 15468848                   /usr/lib/x86_64-linux-gnu/libgnutls.so.30.6.2
7fb8c7a71000-7fb8c7a73000 rw-p 0012e000 08:01 15468848                   /usr/lib/x86_64-linux-gnu/libgnutls.so.30.6.2
7fb8c7a73000-7fb8c7a74000 rw-p 00000000 00:00 0 
7fb8c7a74000-7fb8c7abb000 r-xp 00000000 08:01 15473648                   /usr/lib/x86_64-linux-gnu/libbluray.so.1.9.2
7fb8c7abb000-7fb8c7cba000 ---p 00047000 08:01 15473648                   /usr/lib/x86_64-linux-gnu/libbluray.so.1.9.2
7fb8c7cba000-7fb8c7cbc000 r--p 00046000 08:01 15473648                   /usr/lib/x86_64-linux-gnu/libbluray.so.1.9.2
7fb8c7cbc000-7fb8c7cbd000 rw-p 00048000 08:01 15473648                   /usr/lib/x86_64-linux-gnu/libbluray.so.1.9.2
7fb8c7cbd000-7fb8c7d07000 r-xp 00000000 08:01 15473650                   /usr/lib/x86_64-linux-gnu/libgme.so.0.6.0
7fb8c7d07000-7fb8c7f07000 ---p 0004a000 08:01 15473650                   /usr/lib/x86_64-linux-gnu/libgme.so.0.6.0
7fb8c7f07000-7fb8c7f0a000 r--p 0004a000 08:01 15473650                   /usr/lib/x86_64-linux-gnu/libgme.so.0.6.0
7fb8c7f0a000-7fb8c7f0b000 rw-p 0004d000 08:01 15473650                   /usr/lib/x86_64-linux-gnu/libgme.so.0.6.0
7fb8c7f0b000-7fb8c7f55000 r-xp 00000000 08:01 15473652                   /usr/lib/x86_64-linux-gnu/libmodplug.so.1.0.0
7fb8c7f55000-7fb8c8155000 ---p 0004a000 08:01 15473652                   /usr/lib/x86_64-linux-gnu/libmodplug.so.1.0.0
7fb8c8155000-7fb8c8156000 r--p 0004a000 08:01 15473652                   /usr/lib/x86_64-linux-gnu/libmodplug.so.1.0.0
7fb8c8156000-7fb8c8157000 rw-p 0004b000 08:01 15473652                   /usr/lib/x86_64-linux-gnu/libmodplug.so.1.0.0
7fb8c8157000-7fb8c8296000 rw-p 00000000 00:00 0 
7fb8c8296000-7fb8c82b1000 r-xp 00000000 08:01 15472191                   /usr/lib/x86_64-linux-gnu/librtmp.so.1
7fb8c82b1000-7fb8c84b0000 ---p 0001b000 08:01 15472191                   /usr/lib/x86_64-linux-gnu/librtmp.so.1
7fb8c84b0000-7fb8c84b1000 r--p 0001a000 08:01 15472191                   /usr/lib/x86_64-linux-gnu/librtmp.so.1
7fb8c84b1000-7fb8c84b2000 rw-p 0001b000 08:01 15472191                   /usr/lib/x86_64-linux-gnu/librtmp.so.1
7fb8c84b2000-7fb8c84fa000 r-xp 00000000 08:01 15473654                   /usr/lib/x86_64-linux-gnu/libssh-gcrypt.so.4.4.1
7fb8c84fa000-7fb8c86f9000 ---p 00048000 08:01 15473654                   /usr/lib/x86_64-linux-gnu/libssh-gcrypt.so.4.4.1
7fb8c86f9000-7fb8c86fa000 r--p 00047000 08:01 15473654                   /usr/lib/x86_64-linux-gnu/libssh-gcrypt.so.4.4.1
7fb8c86fa000-7fb8c86fb000 rw-p 00048000 08:01 15473654                   /usr/lib/x86_64-linux-gnu/libssh-gcrypt.so.4.4.1
7fb8c86fb000-7fb8c8715000 r-xp 00000000 08:01 15468877                   /usr/lib/x86_64-linux-gnu/libcrystalhd.so.3.6
7fb8c8715000-7fb8c8914000 ---p 0001a000 08:01 15468877                   /usr/lib/x86_64-linux-gnu/libcrystalhd.so.3.6
7fb8c8914000-7fb8c8915000 r--p 00019000 08:01 15468877                   /usr/lib/x86_64-linux-gnu/libcrystalhd.so.3.6
7fb8c8915000-7fb8c8916000 rw-p 0001a000 08:01 15468877                   /usr/lib/x86_64-linux-gnu/libcrystalhd.so.3.6
7fb8c8916000-7fb8c8923000 r-xp 00000000 08:01 15470633                   /usr/lib/x86_64-linux-gnu/libgsm.so.1.0.12
7fb8c8923000-7fb8c8b22000 ---p 0000d000 08:01 15470633                   /usr/lib/x86_64-linux-gnu/libgsm.so.1.0.12
7fb8c8b22000-7fb8c8b23000 r--p 0000c000 08:01 15470633                   /usr/lib/x86_64-linux-gnu/libgsm.so.1.0.12
7fb8c8b23000-7fb8c8b24000 rw-p 0000d000 08:01 15470633                   /usr/lib/x86_64-linux-gnu/libgsm.so.1.0.12
7fb8c8b24000-7fb8c8b69000 r-xp 00000000 08:01 15473587                   /usr/lib/x86_64-linux-gnu/libmp3lame.so.0.0.0
7fb8c8b69000-7fb8c8d69000 ---p 00045000 08:01 15473587                   /usr/lib/x86_64-linux-gnu/libmp3lame.so.0.0.0
7fb8c8d69000-7fb8c8d6a000 r--p 00045000 08:01 15473587                   /usr/lib/x86_64-linux-gnu/libmp3lame.so.0.0.0
7fb8c8d6a000-7fb8c8d6b000 rw-p 00046000 08:01 15473587                   /usr/lib/x86_64-linux-gnu/libmp3lame.so.0.0.0
7fb8c8d6b000-7fb8c8d99000 rw-p 00000000 00:00 0 
7fb8c8d99000-7fb8c8dbb000 r-xp 00000000 08:01 15473590                   /usr/lib/x86_64-linux-gnu/libopenjpeg.so.1.5.2
7fb8c8dbb000-7fb8c8fba000 ---p 00022000 08:01 15473590                   /usr/lib/x86_64-linux-gnu/libopenjpeg.so.1.5.2
7fb8c8fba000-7fb8c8fbb000 r--p 00021000 08:01 15473590                   /usr/lib/x86_64-linux-gnu/libopenjpeg.so.1.5.2
7fb8c8fbb000-7fb8c8fbc000 rw-p 00022000 08:01 15473590                   /usr/lib/x86_64-linux-gnu/libopenjpeg.so.1.5.2
7fb8c8fbc000-7fb8c9005000 r-xp 00000000 08:01 15473593                   /usr/lib/x86_64-linux-gnu/libopus.so.0.5.2
7fb8c9005000-7fb8c9204000 ---p 00049000 08:01 15473593                   /usr/lib/x86_64-linux-gnu/libopus.so.0.5.2
7fb8c9204000-7fb8c9205000 r--p 00048000 08:01 15473593                   /usr/lib/x86_64-linux-gnu/libopus.so.0.5.2
7fb8c9205000-7fb8c9206000 rw-p 00049000 08:01 15473593                   /usr/lib/x86_64-linux-gnu/libopus.so.0.5.2
7fb8c9206000-7fb8c92d7000 r-xp 00000000 08:01 15472903                   /usr/lib/x86_64-linux-gnu/libschroedinger-1.0.so.0.11.0
7fb8c92d7000-7fb8c94d7000 ---p 000d1000 08:01 15472903                   /usr/lib/x86_64-linux-gnu/libschroedinger-1.0.so.0.11.0
7fb8c94d7000-7fb8c94d9000 r--p 000d1000 08:01 15472903                   /usr/lib/x86_64-linux-gnu/libschroedinger-1.0.so.0.11.0
7fb8c94d9000-7fb8c94da000 rw-p 000d3000 08:01 15472903                   /usr/lib/x86_64-linux-gnu/libschroedinger-1.0.so.0.11.0
7fb8c94da000-7fb8c94db000 rw-p 00000000 00:00 0 
7fb8c94db000-7fb8c94e7000 r-xp 00000000 08:01 15473595                   /usr/lib/x86_64-linux-gnu/libshine.so.3.0.1
7fb8c94e7000-7fb8c96e6000 ---p 0000c000 08:01 15473595                   /usr/lib/x86_64-linux-gnu/libshine.so.3.0.1
7fb8c96e6000-7fb8c96e7000 r--p 0000b000 08:01 15473595                   /usr/lib/x86_64-linux-gnu/libshine.so.3.0.1
7fb8c96e7000-7fb8c96e8000 rw-p 0000c000 08:01 15473595                   /usr/lib/x86_64-linux-gnu/libshine.so.3.0.1
7fb8c96e8000-7fb8c96ef000 r-xp 00000000 08:01 15473597                   /usr/lib/x86_64-linux-gnu/libsnappy.so.1.3.0
7fb8c96ef000-7fb8c98ee000 ---p 00007000 08:01 15473597                   /usr/lib/x86_64-linux-gnu/libsnappy.so.1.3.0
7fb8c98ee000-7fb8c98ef000 r--p 00006000 08:01 15473597                   /usr/lib/x86_64-linux-gnu/libsnappy.so.1.3.0
7fb8c98ef000-7fb8c98f0000 rw-p 00007000 08:01 15473597                   /usr/lib/x86_64-linux-gnu/libsnappy.so.1.3.0
7fb8c98f0000-7fb8c9907000 r-xp 00000000 08:01 15473599                   /usr/lib/x86_64-linux-gnu/libspeex.so.1.5.0
7fb8c9907000-7fb8c9b07000 ---p 00017000 08:01 15473599                   /usr/lib/x86_64-linux-gnu/libspeex.so.1.5.0
7fb8c9b07000-7fb8c9b08000 r--p 00017000 08:01 15473599                   /usr/lib/x86_64-linux-gnu/libspeex.so.1.5.0
7fb8c9b08000-7fb8c9b09000 rw-p 00018000 08:01 15473599                   /usr/lib/x86_64-linux-gnu/libspeex.so.1.5.0
7fb8c9b09000-7fb8c9b22000 r-xp 00000000 08:01 15473607                   /usr/lib/x86_64-linux-gnu/libtheoradec.so.1.1.4
7fb8c9b22000-7fb8c9d21000 ---p 00019000 08:01 15473607                   /usr/lib/x86_64-linux-gnu/libtheoradec.so.1.1.4
7fb8c9d21000-7fb8c9d22000 r--p 00018000 08:01 15473607                   /usr/lib/x86_64-linux-gnu/libtheoradec.so.1.1.4
7fb8c9d22000-7fb8c9d23000 rw-p 00019000 08:01 15473607                   /usr/lib/x86_64-linux-gnu/libtheoradec.so.1.1.4
7fb8c9d23000-7fb8c9d61000 r-xp 00000000 08:01 15473605                   /usr/lib/x86_64-linux-gnu/libtheoraenc.so.1.1.2
7fb8c9d61000-7fb8c9f60000 ---p 0003e000 08:01 15473605                   /usr/lib/x86_64-linux-gnu/libtheoraenc.so.1.1.2
7fb8c9f60000-7fb8c9f61000 r--p 0003d000 08:01 15473605                   /usr/lib/x86_64-linux-gnu/libtheoraenc.so.1.1.2
7fb8c9f61000-7fb8c9f62000 rw-p 0003e000 08:01 15473605                   /usr/lib/x86_64-linux-gnu/libtheoraenc.so.1.1.2
7fb8c9f62000-7fb8c9f80000 r-xp 00000000 08:01 15473611                   /usr/lib/x86_64-linux-gnu/libtwolame.so.0.0.0
7fb8c9f80000-7fb8ca17f000 ---p 0001e000 08:01 15473611                   /usr/lib/x86_64-linux-gnu/libtwolame.so.0.0.0
7fb8ca17f000-7fb8ca180000 r--p 0001d000 08:01 15473611                   /usr/lib/x86_64-linux-gnu/libtwolame.so.0.0.0
7fb8ca180000-7fb8ca181000 rw-p 0001e000 08:01 15473611                   /usr/lib/x86_64-linux-gnu/libtwolame.so.0.0.0
7fb8ca181000-7fb8ca185000 rw-p 00000000 00:00 0 
7fb8ca185000-7fb8ca1af000 r-xp 00000000 08:01 15473615                   /usr/lib/x86_64-linux-gnu/libvorbis.so.0.4.8
7fb8ca1af000-7fb8ca3af000 ---p 0002a000 08:01 15473615                   /usr/lib/x86_64-linux-gnu/libvorbis.so.0.4.8
7fb8ca3af000-7fb8ca3b0000 r--p 0002a000 08:01 15473615                   /usr/lib/x86_64-linux-gnu/libvorbis.so.0.4.8
7fb8ca3b0000-7fb8ca3b1000 rw-p 0002b000 08:01 15473615                   /usr/lib/x86_64-linux-gnu/libvorbis.so.0.4.8
7fb8ca3b1000-7fb8ca43e000 r-xp 00000000 08:01 15473617                   /usr/lib/x86_64-linux-gnu/libvorbisenc.so.2.0.11
7fb8ca43e000-7fb8ca63d000 ---p 0008d000 08:01 15473617                   /usr/lib/x86_64-linux-gnu/libvorbisenc.so.2.0.11
7fb8ca63d000-7fb8ca659000 r--p 0008c000 08:01 15473617                   /usr/lib/x86_64-linux-gnu/libvorbisenc.so.2.0.11
7fb8ca659000-7fb8ca65a000 rw-p 000a8000 08:01 15473617                   /usr/lib/x86_64-linux-gnu/libvorbisenc.so.2.0.11
7fb8ca65a000-7fb8ca879000 r-xp 00000000 08:01 15473619                   /usr/lib/x86_64-linux-gnu/libvpx.so.3.0.0
7fb8ca879000-7fb8caa78000 ---p 0021f000 08:01 15473619                   /usr/lib/x86_64-linux-gnu/libvpx.so.3.0.0
7fb8caa78000-7fb8caa7a000 r--p 0021e000 08:01 15473619                   /usr/lib/x86_64-linux-gnu/libvpx.so.3.0.0
7fb8caa7a000-7fb8caa7b000 rw-p 00220000 08:01 15473619                   /usr/lib/x86_64-linux-gnu/libvpx.so.3.0.0
7fb8caa7b000-7fb8caa7e000 rw-p 00000000 00:00 0 
7fb8caa7e000-7fb8caaa6000 r-xp 00000000 08:01 15473622                   /usr/lib/x86_64-linux-gnu/libwavpack.so.1.1.7
7fb8caaa6000-7fb8caca5000 ---p 00028000 08:01 15473622                   /usr/lib/x86_64-linux-gnu/libwavpack.so.1.1.7
7fb8caca5000-7fb8caca6000 r--p 00027000 08:01 15473622                   /usr/lib/x86_64-linux-gnu/libwavpack.so.1.1.7
7fb8caca6000-7fb8caca7000 rw-p 00028000 08:01 15473622                   /usr/lib/x86_64-linux-gnu/libwavpack.so.1.1.7
7fb8caca7000-7fb8cad00000 r-xp 00000000 08:01 15473624                   /usr/lib/x86_64-linux-gnu/libwebp.so.5.0.4
7fb8cad00000-7fb8caf00000 ---p 00059000 08:01 15473624                   /usr/lib/x86_64-linux-gnu/libwebp.so.5.0.4
7fb8caf00000-7fb8caf01000 r--p 00059000 08:01 15473624                   /usr/lib/x86_64-linux-gnu/libwebp.so.5.0.4
7fb8caf01000-7fb8caf03000 rw-p 0005a000 08:01 15473624                   /usr/lib/x86_64-linux-gnu/libwebp.so.5.0.4
7fb8caf03000-7fb8cb02b000 r-xp 00000000 08:01 15473626                   /usr/lib/x86_64-linux-gnu/libx264.so.148
7fb8cb02b000-7fb8cb22a000 ---p 00128000 08:01 15473626                   /usr/lib/x86_64-linux-gnu/libx264.so.148
7fb8cb22a000-7fb8cb22b000 r--p 00127000 08:01 15473626                   /usr/lib/x86_64-linux-gnu/libx264.so.148
7fb8cb22b000-7fb8cb22c000 rw-p 00128000 08:01 15473626                   /usr/lib/x86_64-linux-gnu/libx264.so.148
7fb8cb22c000-7fb8cb2a7000 rw-p 00000000 00:00 0 
7fb8cb2a7000-7fb8cbcb4000 r-xp 00000000 08:01 15473627                   /usr/lib/x86_64-linux-gnu/libx265.so.79
7fb8cbcb4000-7fb8cbeb3000 ---p 00a0d000 08:01 15473627                   /usr/lib/x86_64-linux-gnu/libx265.so.79
7fb8cbeb3000-7fb8cbeb6000 r--p 00a0c000 08:01 15473627                   /usr/lib/x86_64-linux-gnu/libx265.so.79
7fb8cbeb6000-7fb8cbeb9000 rw-p 00a0f000 08:01 15473627                   /usr/lib/x86_64-linux-gnu/libx265.so.79
7fb8cbeb9000-7fb8cbec6000 rw-p 00000000 00:00 0 
7fb8cbec6000-7fb8cbf67000 r-xp 00000000 08:01 15473628                   /usr/lib/x86_64-linux-gnu/libxvidcore.so.4.3
7fb8cbf67000-7fb8cc166000 ---p 000a1000 08:01 15473628                   /usr/lib/x86_64-linux-gnu/libxvidcore.so.4.3
7fb8cc166000-7fb8cc167000 r--p 000a0000 08:01 15473628                   /usr/lib/x86_64-linux-gnu/libxvidcore.so.4.3
7fb8cc167000-7fb8cc171000 rw-p 000a1000 08:01 15473628                   /usr/lib/x86_64-linux-gnu/libxvidcore.so.4.3
7fb8cc171000-7fb8cc1da000 rw-p 00000000 00:00 0 
7fb8cc1da000-7fb8cc251000 r-xp 00000000 08:01 15473630                   /usr/lib/x86_64-linux-gnu/libzvbi.so.0.13.2
7fb8cc251000-7fb8cc450000 ---p 00077000 08:01 15473630                   /usr/lib/x86_64-linux-gnu/libzvbi.so.0.13.2
7fb8cc450000-7fb8cc459000 r--p 00076000 08:01 15473630                   /usr/lib/x86_64-linux-gnu/libzvbi.so.0.13.2
7fb8cc459000-7fb8cc465000 rw-p 0007f000 08:01 15473630                   /usr/lib/x86_64-linux-gnu/libzvbi.so.0.13.2
7fb8cc465000-7fb8cc480000 r-xp 00000000 08:01 15473613                   /usr/lib/x86_64-linux-gnu/libva.so.1.3900.0
7fb8cc480000-7fb8cc67f000 ---p 0001b000 08:01 15473613                   /usr/lib/x86_64-linux-gnu/libva.so.1.3900.0
7fb8cc67f000-7fb8cc680000 r--p 0001a000 08:01 15473613                   /usr/lib/x86_64-linux-gnu/libva.so.1.3900.0
7fb8cc680000-7fb8cc681000 rw-p 0001b000 08:01 15473613                   /usr/lib/x86_64-linux-gnu/libva.so.1.3900.0
7fb8cc681000-7fb8cc69b000 r-xp 00000000 08:01 15473603                   /usr/lib/x86_64-linux-gnu/libswresample-ffmpeg.so.1.2.101
7fb8cc69b000-7fb8cc89a000 ---p 0001a000 08:01 15473603                   /usr/lib/x86_64-linux-gnu/libswresample-ffmpeg.so.1.2.101
7fb8cc89a000-7fb8cc89c000 r--p 00019000 08:01 15473603                   /usr/lib/x86_64-linux-gnu/libswresample-ffmpeg.so.1.2.101
7fb8cc89c000-7fb8cc89d000 rw-p 0001b000 08:01 15473603                   /usr/lib/x86_64-linux-gnu/libswresample-ffmpeg.so.1.2.101
7fb8cc89d000-7fb8cc8a6000 r-xp 00000000 08:01 15473791                   /usr/lib/x86_64-linux-gnu/libv4l2.so.0.0.0
7fb8cc8a6000-7fb8ccaa5000 ---p 00009000 08:01 15473791                   /usr/lib/x86_64-linux-gnu/libv4l2.so.0.0.0
7fb8ccaa5000-7fb8ccaa6000 r--p 00008000 08:01 15473791                   /usr/lib/x86_64-linux-gnu/libv4l2.so.0.0.0
7fb8ccaa6000-7fb8ccaab000 rw-p 00009000 08:01 15473791                   /usr/lib/x86_64-linux-gnu/libv4l2.so.0.0.0
7fb8ccaab000-7fb8ccac2000 r-xp 00000000 08:01 49287106                   /lib/x86_64-linux-gnu/libusb-1.0.so.0.1.0
7fb8ccac2000-7fb8cccc1000 ---p 00017000 08:01 49287106                   /lib/x86_64-linux-gnu/libusb-1.0.so.0.1.0
7fb8cccc1000-7fb8cccc2000 r--p 00016000 08:01 49287106                   /lib/x86_64-linux-gnu/libusb-1.0.so.0.1.0
7fb8cccc2000-7fb8cccc3000 rw-p 00017000 08:01 49287106                   /lib/x86_64-linux-gnu/libusb-1.0.so.0.1.0
7fb8cccc3000-7fb8cccd0000 r-xp 00000000 08:01 15473771                   /usr/lib/x86_64-linux-gnu/libraw1394.so.11.1.0
7fb8cccd0000-7fb8cced0000 ---p 0000d000 08:01 15473771                   /usr/lib/x86_64-linux-gnu/libraw1394.so.11.1.0
7fb8cced0000-7fb8cced1000 r--p 0000d000 08:01 15473771                   /usr/lib/x86_64-linux-gnu/libraw1394.so.11.1.0
7fb8cced1000-7fb8cced2000 rw-p 0000e000 08:01 15473771                   /usr/lib/x86_64-linux-gnu/libraw1394.so.11.1.0
7fb8cced2000-7fb8ccef0000 r-xp 00000000 08:01 15472975                   /usr/lib/x86_64-linux-gnu/libpangox-1.0.so.0.0.0
7fb8ccef0000-7fb8cd0f0000 ---p 0001e000 08:01 15472975                   /usr/lib/x86_64-linux-gnu/libpangox-1.0.so.0.0.0
7fb8cd0f0000-7fb8cd0f1000 r--p 0001e000 08:01 15472975                   /usr/lib/x86_64-linux-gnu/libpangox-1.0.so.0.0.0
7fb8cd0f1000-7fb8cd0f2000 rw-p 0001f000 08:01 15472975                   /usr/lib/x86_64-linux-gnu/libpangox-1.0.so.0.0.0
7fb8cd0f2000-7fb8cd10a000 r-xp 00000000 08:01 15473779                   /usr/lib/x86_64-linux-gnu/libXmu.so.6.2.0
7fb8cd10a000-7fb8cd309000 ---p 00018000 08:01 15473779                   /usr/lib/x86_64-linux-gnu/libXmu.so.6.2.0
7fb8cd309000-7fb8cd30a000 r--p 00017000 08:01 15473779                   /usr/lib/x86_64-linux-gnu/libXmu.so.6.2.0
7fb8cd30a000-7fb8cd30b000 rw-p 00018000 08:01 15473779                   /usr/lib/x86_64-linux-gnu/libXmu.so.6.2.0
7fb8cd30b000-7fb8cd378000 r-xp 00000000 08:01 15473775                   /usr/lib/x86_64-linux-gnu/libGLU.so.1.3.1
7fb8cd378000-7fb8cd578000 ---p 0006d000 08:01 15473775                   /usr/lib/x86_64-linux-gnu/libGLU.so.1.3.1
7fb8cd578000-7fb8cd579000 r--p 0006d000 08:01 15473775                   /usr/lib/x86_64-linux-gnu/libGLU.so.1.3.1
7fb8cd579000-7fb8cd57a000 rw-p 0006e000 08:01 15473775                   /usr/lib/x86_64-linux-gnu/libGLU.so.1.3.1
7fb8cd57a000-7fb8cd5e8000 r-xp 00000000 08:01 49283656                   /lib/x86_64-linux-gnu/libpcre.so.3.13.2
7fb8cd5e8000-7fb8cd7e8000 ---p 0006e000 08:01 49283656                   /lib/x86_64-linux-gnu/libpcre.so.3.13.2
7fb8cd7e8000-7fb8cd7e9000 r--p 0006e000 08:01 49283656                   /lib/x86_64-linux-gnu/libpcre.so.3.13.2
7fb8cd7e9000-7fb8cd7ea000 rw-p 0006f000 08:01 49283656                   /lib/x86_64-linux-gnu/libpcre.so.3.13.2
7fb8cd7ea000-7fb8cd7f1000 r-xp 00000000 08:01 15468836                   /usr/lib/x86_64-linux-gnu/libffi.so.6.0.4
7fb8cd7f1000-7fb8cd9f0000 ---p 00007000 08:01 15468836                   /usr/lib/x86_64-linux-gnu/libffi.so.6.0.4
7fb8cd9f0000-7fb8cd9f1000 r--p 00006000 08:01 15468836                   /usr/lib/x86_64-linux-gnu/libffi.so.6.0.4
7fb8cd9f1000-7fb8cd9f2000 rw-p 00007000 08:01 15468836                   /usr/lib/x86_64-linux-gnu/libffi.so.6.0.4
7fb8cd9f2000-7fb8cd9f4000 r-xp 00000000 08:01 15472909                   /usr/lib/x86_64-linux-gnu/libXcomposite.so.1.0.0
7fb8cd9f4000-7fb8cdbf3000 ---p 00002000 08:01 15472909                   /usr/lib/x86_64-linux-gnu/libXcomposite.so.1.0.0
7fb8cdbf3000-7fb8cdbf4000 r--p 00001000 08:01 15472909                   /usr/lib/x86_64-linux-gnu/libXcomposite.so.1.0.0
7fb8cdbf4000-7fb8cdbf5000 rw-p 00002000 08:01 15472909                   /usr/lib/x86_64-linux-gnu/libXcomposite.so.1.0.0
7fb8cdbf5000-7fb8cdbfe000 r-xp 00000000 08:01 15472915                   /usr/lib/x86_64-linux-gnu/libXcursor.so.1.0.2
7fb8cdbfe000-7fb8cddfd000 ---p 00009000 08:01 15472915                   /usr/lib/x86_64-linux-gnu/libXcursor.so.1.0.2
7fb8cddfd000-7fb8cddfe000 r--p 00008000 08:01 15472915                   /usr/lib/x86_64-linux-gnu/libXcursor.so.1.0.2
7fb8cddfe000-7fb8cddff000 rw-p 00009000 08:01 15472915                   /usr/lib/x86_64-linux-gnu/libXcursor.so.1.0.2
7fb8cddff000-7fb8cde09000 r-xp 00000000 08:01 15473516                   /usr/lib/x86_64-linux-gnu/libXrandr.so.2.2.0
7fb8cde09000-7fb8ce008000 ---p 0000a000 08:01 15473516                   /usr/lib/x86_64-linux-gnu/libXrandr.so.2.2.0
7fb8ce008000-7fb8ce009000 r--p 00009000 08:01 15473516                   /usr/lib/x86_64-linux-gnu/libXrandr.so.2.2.0
7fb8ce009000-7fb8ce00a000 rw-p 0000a000 08:01 15473516                   /usr/lib/x86_64-linux-gnu/libXrandr.so.2.2.0
7fb8ce00a000-7fb8ce019000 r-xp 00000000 08:01 15473514                   /usr/lib/x86_64-linux-gnu/libXi.so.6.1.0
7fb8ce019000-7fb8ce218000 ---p 0000f000 08:01 15473514                   /usr/lib/x86_64-linux-gnu/libXi.so.6.1.0
7fb8ce218000-7fb8ce219000 r--p 0000e000 08:01 15473514                   /usr/lib/x86_64-linux-gnu/libXi.so.6.1.0
7fb8ce219000-7fb8ce21a000 rw-p 0000f000 08:01 15473514                   /usr/lib/x86_64-linux-gnu/libXi.so.6.1.0
7fb8ce21a000-7fb8ce21c000 r-xp 00000000 08:01 15472921                   /usr/lib/x86_64-linux-gnu/libXinerama.so.1.0.0
7fb8ce21c000-7fb8ce41b000 ---p 00002000 08:01 15472921                   /usr/lib/x86_64-linux-gnu/libXinerama.so.1.0.0
7fb8ce41b000-7fb8ce41c000 r--p 00001000 08:01 15472921                   /usr/lib/x86_64-linux-gnu/libXinerama.so.1.0.0
7fb8ce41c000-7fb8ce41d000 rw-p 00002000 08:01 15472921                   /usr/lib/x86_64-linux-gnu/libXinerama.so.1.0.0
7fb8ce41d000-7fb8ce426000 r-xp 00000000 08:01 15472913                   /usr/lib/x86_64-linux-gnu/libXrender.so.1.3.0
7fb8ce426000-7fb8ce625000 ---p 00009000 08:01 15472913                   /usr/lib/x86_64-linux-gnu/libXrender.so.1.3.0
7fb8ce625000-7fb8ce626000 r--p 00008000 08:01 15472913                   /usr/lib/x86_64-linux-gnu/libXrender.so.1.3.0
7fb8ce626000-7fb8ce627000 rw-p 00009000 08:01 15472913                   /usr/lib/x86_64-linux-gnu/libXrender.so.1.3.0
7fb8ce627000-7fb8ce664000 r-xp 00000000 08:01 15468833                   /usr/lib/x86_64-linux-gnu/libfontconfig.so.1.9.0
7fb8ce664000-7fb8ce863000 ---p 0003d000 08:01 15468833                   /usr/lib/x86_64-linux-gnu/libfontconfig.so.1.9.0
7fb8ce863000-7fb8ce865000 r--p 0003c000 08:01 15468833                   /usr/lib/x86_64-linux-gnu/libfontconfig.so.1.9.0
7fb8ce865000-7fb8ce86a000 rw-p 0003e000 08:01 15468833                   /usr/lib/x86_64-linux-gnu/libfontconfig.so.1.9.0
7fb8ce86a000-7fb8ce8b3000 r-xp 00000000 08:01 15472973                   /usr/lib/x86_64-linux-gnu/libpango-1.0.so.0.3800.1
7fb8ce8b3000-7fb8ceab3000 ---p 00049000 08:01 15472973                   /usr/lib/x86_64-linux-gnu/libpango-1.0.so.0.3800.1
7fb8ceab3000-7fb8ceab5000 r--p 00049000 08:01 15472973                   /usr/lib/x86_64-linux-gnu/libpango-1.0.so.0.3800.1
7fb8ceab5000-7fb8ceab6000 rw-p 0004b000 08:01 15472973                   /usr/lib/x86_64-linux-gnu/libpango-1.0.so.0.3800.1
7fb8ceab6000-7fb8ceaca000 r-xp 00000000 08:01 15473503                   /usr/lib/x86_64-linux-gnu/libpangoft2-1.0.so.0.3800.1
7fb8ceaca000-7fb8cecca000 ---p 00014000 08:01 15473503                   /usr/lib/x86_64-linux-gnu/libpangoft2-1.0.so.0.3800.1
7fb8cecca000-7fb8ceccb000 r--p 00014000 08:01 15473503                   /usr/lib/x86_64-linux-gnu/libpangoft2-1.0.so.0.3800.1
7fb8ceccb000-7fb8ceccc000 rw-p 00015000 08:01 15473503                   /usr/lib/x86_64-linux-gnu/libpangoft2-1.0.so.0.3800.1
7fb8ceccc000-7fb8cee4c000 r-xp 00000000 08:01 15471455                   /usr/lib/x86_64-linux-gnu/libgio-2.0.so.0.4800.0
7fb8cee4c000-7fb8cf04c000 ---p 00180000 08:01 15471455                   /usr/lib/x86_64-linux-gnu/libgio-2.0.so.0.4800.0
7fb8cf04c000-7fb8cf050000 r--p 00180000 08:01 15471455                   /usr/lib/x86_64-linux-gnu/libgio-2.0.so.0.4800.0
7fb8cf050000-7fb8cf052000 rw-p 00184000 08:01 15471455                   /usr/lib/x86_64-linux-gnu/libgio-2.0.so.0.4800.0
7fb8cf052000-7fb8cf054000 rw-p 00000000 00:00 0 
7fb8cf054000-7fb8cf075000 r-xp 00000000 08:01 15473487                   /usr/lib/x86_64-linux-gnu/libgdk_pixbuf-2.0.so.0.3200.2
7fb8cf075000-7fb8cf274000 ---p 00021000 08:01 15473487                   /usr/lib/x86_64-linux-gnu/libgdk_pixbuf-2.0.so.0.3200.2
7fb8cf274000-7fb8cf275000 r--p 00020000 08:01 15473487                   /usr/lib/x86_64-linux-gnu/libgdk_pixbuf-2.0.so.0.3200.2
7fb8cf275000-7fb8cf276000 rw-p 00021000 08:01 15473487                   /usr/lib/x86_64-linux-gnu/libgdk_pixbuf-2.0.so.0.3200.2
7fb8cf276000-7fb8cf384000 r-xp 00000000 08:01 15473496                   /usr/lib/x86_64-linux-gnu/libcairo.so.2.11400.6
7fb8cf384000-7fb8cf584000 ---p 0010e000 08:01 15473496                   /usr/lib/x86_64-linux-gnu/libcairo.so.2.11400.6
7fb8cf584000-7fb8cf587000 r--p 0010e000 08:01 15473496                   /usr/lib/x86_64-linux-gnu/libcairo.so.2.11400.6
7fb8cf587000-7fb8cf588000 rw-p 00111000 08:01 15473496                   /usr/lib/x86_64-linux-gnu/libcairo.so.2.11400.6
7fb8cf588000-7fb8cf58a000 rw-p 00000000 00:00 0 
7fb8cf58a000-7fb8cf5ac000 r-xp 00000000 08:01 15473482                   /usr/lib/x86_64-linux-gnu/libatk-1.0.so.0.21809.1
7fb8cf5ac000-7fb8cf7ab000 ---p 00022000 08:01 15473482                   /usr/lib/x86_64-linux-gnu/libatk-1.0.so.0.21809.1
7fb8cf7ab000-7fb8cf7ae000 r--p 00021000 08:01 15473482                   /usr/lib/x86_64-linux-gnu/libatk-1.0.so.0.21809.1
7fb8cf7ae000-7fb8cf7af000 rw-p 00024000 08:01 15473482                   /usr/lib/x86_64-linux-gnu/libatk-1.0.so.0.21809.1
7fb8cf7af000-7fb8cf7bb000 r-xp 00000000 08:01 15473505                   /usr/lib/x86_64-linux-gnu/libpangocairo-1.0.so.0.3800.1
7fb8cf7bb000-7fb8cf9ba000 ---p 0000c000 08:01 15473505                   /usr/lib/x86_64-linux-gnu/libpangocairo-1.0.so.0.3800.1
7fb8cf9ba000-7fb8cf9bb000 r--p 0000b000 08:01 15473505                   /usr/lib/x86_64-linux-gnu/libpangocairo-1.0.so.0.3800.1
7fb8cf9bb000-7fb8cf9bc000 rw-p 0000c000 08:01 15473505                   /usr/lib/x86_64-linux-gnu/libpangocairo-1.0.so.0.3800.1
7fb8cf9bc000-7fb8cf9bf000 r-xp 00000000 08:01 15471457                   /usr/lib/x86_64-linux-gnu/libgmodule-2.0.so.0.4800.0
7fb8cf9bf000-7fb8cfbbe000 ---p 00003000 08:01 15471457                   /usr/lib/x86_64-linux-gnu/libgmodule-2.0.so.0.4800.0
7fb8cfbbe000-7fb8cfbbf000 r--p 00002000 08:01 15471457                   /usr/lib/x86_64-linux-gnu/libgmodule-2.0.so.0.4800.0
7fb8cfbbf000-7fb8cfbc0000 rw-p 00003000 08:01 15471457                   /usr/lib/x86_64-linux-gnu/libgmodule-2.0.so.0.4800.0
7fb8cfbc0000-7fb8cfbc5000 r-xp 00000000 08:01 15472878                   /usr/lib/x86_64-linux-gnu/libIlmThread-2_2.so.12.0.0
7fb8cfbc5000-7fb8cfdc5000 ---p 00005000 08:01 15472878                   /usr/lib/x86_64-linux-gnu/libIlmThread-2_2.so.12.0.0
7fb8cfdc5000-7fb8cfdc6000 r--p 00005000 08:01 15472878                   /usr/lib/x86_64-linux-gnu/libIlmThread-2_2.so.12.0.0
7fb8cfdc6000-7fb8cfdc7000 rw-p 00006000 08:01 15472878                   /usr/lib/x86_64-linux-gnu/libIlmThread-2_2.so.12.0.0
7fb8cfdc7000-7fb8cfde2000 r-xp 00000000 08:01 15472877                   /usr/lib/x86_64-linux-gnu/libIex-2_2.so.12.0.0
7fb8cfde2000-7fb8cffe1000 ---p 0001b000 08:01 15472877                   /usr/lib/x86_64-linux-gnu/libIex-2_2.so.12.0.0
7fb8cffe1000-7fb8cffe4000 r--p 0001a000 08:01 15472877                   /usr/lib/x86_64-linux-gnu/libIex-2_2.so.12.0.0
7fb8cffe4000-7fb8cffe5000 rw-p 0001d000 08:01 15472877                   /usr/lib/x86_64-linux-gnu/libIex-2_2.so.12.0.0
7fb8cffe5000-7fb8cfff0000 r-xp 00000000 08:01 15472964                   /usr/lib/x86_64-linux-gnu/libjbig.so.0
7fb8cfff0000-7fb8d01ef000 ---p 0000b000 08:01 15472964                   /usr/lib/x86_64-linux-gnu/libjbig.so.0
7fb8d01ef000-7fb8d01f0000 r--p 0000a000 08:01 15472964                   /usr/lib/x86_64-linux-gnu/libjbig.so.0
7fb8d01f0000-7fb8d01f3000 rw-p 0000b000 08:01 15472964                   /usr/lib/x86_64-linux-gnu/libjbig.so.0
7fb8d01f3000-7fb8d0214000 r-xp 00000000 08:01 49283616                   /lib/x86_64-linux-gnu/liblzma.so.5.0.0
7fb8d0214000-7fb8d0413000 ---p 00021000 08:01 49283616                   /lib/x86_64-linux-gnu/liblzma.so.5.0.0
7fb8d0413000-7fb8d0414000 r--p 00020000 08:01 49283616                   /lib/x86_64-linux-gnu/liblzma.so.5.0.0
7fb8d0414000-7fb8d0415000 rw-p 00021000 08:01 49283616                   /lib/x86_64-linux-gnu/liblzma.so.5.0.0
7fb8d0415000-7fb8d0423000 r-xp 00000000 08:01 15472243                   /usr/lib/x86_64-linux-gnu/libdrm.so.2.4.0
7fb8d0423000-7fb8d0622000 ---p 0000e000 08:01 15472243                   /usr/lib/x86_64-linux-gnu/libdrm.so.2.4.0
7fb8d0622000-7fb8d0623000 r--p 0000d000 08:01 15472243                   /usr/lib/x86_64-linux-gnu/libdrm.so.2.4.0
7fb8d0623000-7fb8d0624000 rw-p 0000e000 08:01 15472243                   /usr/lib/x86_64-linux-gnu/libdrm.so.2.4.0
7fb8d0624000-7fb8d0629000 r-xp 00000000 08:01 15472925                   /usr/lib/x86_64-linux-gnu/libXxf86vm.so.1.0.0
7fb8d0629000-7fb8d0828000 ---p 00005000 08:01 15472925                   /usr/lib/x86_64-linux-gnu/libXxf86vm.so.1.0.0
7fb8d0828000-7fb8d0829000 r--p 00004000 08:01 15472925                   /usr/lib/x86_64-linux-gnu/libXxf86vm.so.1.0.0
7fb8d0829000-7fb8d082a000 rw-p 00005000 08:01 15472925                   /usr/lib/x86_64-linux-gnu/libXxf86vm.so.1.0.0
7fb8d082a000-7fb8d084b000 r-xp 00000000 08:01 15472093                   /usr/lib/x86_64-linux-gnu/libxcb.so.1.1.0
7fb8d084b000-7fb8d0a4a000 ---p 00021000 08:01 15472093                   /usr/lib/x86_64-linux-gnu/libxcb.so.1.1.0
7fb8d0a4a000-7fb8d0a4b000 r--p 00020000 08:01 15472093                   /usr/lib/x86_64-linux-gnu/libxcb.so.1.1.0
7fb8d0a4b000-7fb8d0a4c000 rw-p 00021000 08:01 15472093                   /usr/lib/x86_64-linux-gnu/libxcb.so.1.1.0
7fb8d0a4c000-7fb8d0a50000 r-xp 00000000 08:01 15473726                   /usr/lib/x86_64-linux-gnu/libxcb-dri2.so.0.0.0
7fb8d0a50000-7fb8d0c4f000 ---p 00004000 08:01 15473726                   /usr/lib/x86_64-linux-gnu/libxcb-dri2.so.0.0.0
7fb8d0c4f000-7fb8d0c50000 r--p 00003000 08:01 15473726                   /usr/lib/x86_64-linux-gnu/libxcb-dri2.so.0.0.0
7fb8d0c50000-7fb8d0c51000 rw-p 00004000 08:01 15473726                   /usr/lib/x86_64-linux-gnu/libxcb-dri2.so.0.0.0
7fb8d0c51000-7fb8d0c68000 r-xp 00000000 08:01 15473730                   /usr/lib/x86_64-linux-gnu/libxcb-glx.so.0.0.0
7fb8d0c68000-7fb8d0e67000 ---p 00017000 08:01 15473730                   /usr/lib/x86_64-linux-gnu/libxcb-glx.so.0.0.0
7fb8d0e67000-7fb8d0e69000 r--p 00016000 08:01 15473730                   /usr/lib/x86_64-linux-gnu/libxcb-glx.so.0.0.0
7fb8d0e69000-7fb8d0e6a000 rw-p 00018000 08:01 15473730                   /usr/lib/x86_64-linux-gnu/libxcb-glx.so.0.0.0
7fb8d0e6a000-7fb8d0f9f000 r-xp 00000000 08:01 15472096                   /usr/lib/x86_64-linux-gnu/libX11.so.6.3.0
7fb8d0f9f000-7fb8d119f000 ---p 00135000 08:01 15472096                   /usr/lib/x86_64-linux-gnu/libX11.so.6.3.0
7fb8d119f000-7fb8d11a0000 r--p 00135000 08:01 15472096                   /usr/lib/x86_64-linux-gnu/libX11.so.6.3.0
7fb8d11a0000-7fb8d11a4000 rw-p 00136000 08:01 15472096                   /usr/lib/x86_64-linux-gnu/libX11.so.6.3.0
7fb8d11a4000-7fb8d11a5000 r-xp 00000000 08:01 15473724                   /usr/lib/x86_64-linux-gnu/libX11-xcb.so.1.0.0
7fb8d11a5000-7fb8d13a4000 ---p 00001000 08:01 15473724                   /usr/lib/x86_64-linux-gnu/libX11-xcb.so.1.0.0
7fb8d13a4000-7fb8d13a5000 r--p 00000000 08:01 15473724                   /usr/lib/x86_64-linux-gnu/libX11-xcb.so.1.0.0
7fb8d13a5000-7fb8d13a6000 rw-p 00001000 08:01 15473724                   /usr/lib/x86_64-linux-gnu/libX11-xcb.so.1.0.0
7fb8d13a6000-7fb8d13ab000 r-xp 00000000 08:01 15472911                   /usr/lib/x86_64-linux-gnu/libXfixes.so.3.1.0
7fb8d13ab000-7fb8d15aa000 ---p 00005000 08:01 15472911                   /usr/lib/x86_64-linux-gnu/libXfixes.so.3.1.0
7fb8d15aa000-7fb8d15ab000 r--p 00004000 08:01 15472911                   /usr/lib/x86_64-linux-gnu/libXfixes.so.3.1.0
7fb8d15ab000-7fb8d15ac000 rw-p 00005000 08:01 15472911                   /usr/lib/x86_64-linux-gnu/libXfixes.so.3.1.0
7fb8d15ac000-7fb8d15ae000 r-xp 00000000 08:01 15472917                   /usr/lib/x86_64-linux-gnu/libXdamage.so.1.1.0
7fb8d15ae000-7fb8d17ad000 ---p 00002000 08:01 15472917                   /usr/lib/x86_64-linux-gnu/libXdamage.so.1.1.0
7fb8d17ad000-7fb8d17ae000 r--p 00001000 08:01 15472917                   /usr/lib/x86_64-linux-gnu/libXdamage.so.1.1.0
7fb8d17ae000-7fb8d17af000 rw-p 00002000 08:01 15472917                   /usr/lib/x86_64-linux-gnu/libXdamage.so.1.1.0
7fb8d17af000-7fb8d17c0000 r-xp 00000000 08:01 15472098                   /usr/lib/x86_64-linux-gnu/libXext.so.6.4.0
7fb8d17c0000-7fb8d19bf000 ---p 00011000 08:01 15472098                   /usr/lib/x86_64-linux-gnu/libXext.so.6.4.0
7fb8d19bf000-7fb8d19c0000 r--p 00010000 08:01 15472098                   /usr/lib/x86_64-linux-gnu/libXext.so.6.4.0
7fb8d19c0000-7fb8d19c1000 rw-p 00011000 08:01 15472098                   /usr/lib/x86_64-linux-gnu/libXext.so.6.4.0
7fb8d19c1000-7fb8d19ea000 r-xp 00000000 08:01 15473722                   /usr/lib/x86_64-linux-gnu/libglapi.so.0.0.0
7fb8d19ea000-7fb8d1be9000 ---p 00029000 08:01 15473722                   /usr/lib/x86_64-linux-gnu/libglapi.so.0.0.0
7fb8d1be9000-7fb8d1bed000 r--p 00028000 08:01 15473722                   /usr/lib/x86_64-linux-gnu/libglapi.so.0.0.0
7fb8d1bed000-7fb8d1bee000 rw-p 0002c000 08:01 15473722                   /usr/lib/x86_64-linux-gnu/libglapi.so.0.0.0
7fb8d1bee000-7fb8d1bef000 rw-p 00000000 00:00 0 
7fb8d1bef000-7fb8d1bf0000 r-xp 00000000 08:01 15472923                   /usr/lib/x86_64-linux-gnu/libxshmfence.so.1.0.0
7fb8d1bf0000-7fb8d1df0000 ---p 00001000 08:01 15472923                   /usr/lib/x86_64-linux-gnu/libxshmfence.so.1.0.0
7fb8d1df0000-7fb8d1df1000 r--p 00001000 08:01 15472923                   /usr/lib/x86_64-linux-gnu/libxshmfence.so.1.0.0
7fb8d1df1000-7fb8d1df2000 rw-p 00002000 08:01 15472923                   /usr/lib/x86_64-linux-gnu/libxshmfence.so.1.0.0
7fb8d1df2000-7fb8d1df7000 r-xp 00000000 08:01 15473734                   /usr/lib/x86_64-linux-gnu/libxcb-sync.so.1.0.0
7fb8d1df7000-7fb8d1ff7000 ---p 00005000 08:01 15473734                   /usr/lib/x86_64-linux-gnu/libxcb-sync.so.1.0.0
7fb8d1ff7000-7fb8d1ff8000 r--p 00005000 08:01 15473734                   /usr/lib/x86_64-linux-gnu/libxcb-sync.so.1.0.0
7fb8d1ff8000-7fb8d1ff9000 rw-p 00006000 08:01 15473734                   /usr/lib/x86_64-linux-gnu/libxcb-sync.so.1.0.0
7fb8d1ff9000-7fb8d1ffb000 r-xp 00000000 08:01 15473732                   /usr/lib/x86_64-linux-gnu/libxcb-present.so.0.0.0
7fb8d1ffb000-7fb8d21fa000 ---p 00002000 08:01 15473732                   /usr/lib/x86_64-linux-gnu/libxcb-present.so.0.0.0
7fb8d21fa000-7fb8d21fb000 r--p 00001000 08:01 15473732                   /usr/lib/x86_64-linux-gnu/libxcb-present.so.0.0.0
7fb8d21fb000-7fb8d21fc000 rw-p 00002000 08:01 15473732                   /usr/lib/x86_64-linux-gnu/libxcb-present.so.0.0.0
7fb8d21fc000-7fb8d21fe000 r-xp 00000000 08:01 15473728                   /usr/lib/x86_64-linux-gnu/libxcb-dri3.so.0.0.0
7fb8d21fe000-7fb8d23fd000 ---p 00002000 08:01 15473728                   /usr/lib/x86_64-linux-gnu/libxcb-dri3.so.0.0.0
7fb8d23fd000-7fb8d23fe000 r--p 00001000 08:01 15473728                   /usr/lib/x86_64-linux-gnu/libxcb-dri3.so.0.0.0
7fb8d23fe000-7fb8d23ff000 rw-p 00002000 08:01 15473728                   /usr/lib/x86_64-linux-gnu/libxcb-dri3.so.0.0.0
7fb8d23ff000-7fb8d2425000 r-xp 00000000 08:01 49287337                   /lib/x86_64-linux-gnu/libexpat.so.1.6.0
7fb8d2425000-7fb8d2625000 ---p 00026000 08:01 49287337                   /lib/x86_64-linux-gnu/libexpat.so.1.6.0
7fb8d2625000-7fb8d2627000 r--p 00026000 08:01 49287337                   /lib/x86_64-linux-gnu/libexpat.so.1.6.0
7fb8d2627000-7fb8d2628000 rw-p 00028000 08:01 49287337                   /lib/x86_64-linux-gnu/libexpat.so.1.6.0
7fb8d2628000-7fb8d262b000 r-xp 00000000 08:01 49283590                   /lib/x86_64-linux-gnu/libdl-2.23.so
7fb8d262b000-7fb8d282a000 ---p 00003000 08:01 49283590                   /lib/x86_64-linux-gnu/libdl-2.23.so
7fb8d282a000-7fb8d282b000 r--p 00002000 08:01 49283590                   /lib/x86_64-linux-gnu/libdl-2.23.so
7fb8d282b000-7fb8d282c000 rw-p 00003000 08:01 49283590                   /lib/x86_64-linux-gnu/libdl-2.23.so
7fb8d282c000-7fb8d2833000 r-xp 00000000 08:01 49283669                   /lib/x86_64-linux-gnu/librt-2.23.so
7fb8d2833000-7fb8d2a32000 ---p 00007000 08:01 49283669                   /lib/x86_64-linux-gnu/librt-2.23.so
7fb8d2a32000-7fb8d2a33000 r--p 00006000 08:01 49283669                   /lib/x86_64-linux-gnu/librt-2.23.so
7fb8d2a33000-7fb8d2a34000 rw-p 00007000 08:01 49283669                   /lib/x86_64-linux-gnu/librt-2.23.so
7fb8d2a34000-7fb8d2a4d000 r-xp 00000000 08:01 49283699                   /lib/x86_64-linux-gnu/libz.so.1.2.8
7fb8d2a4d000-7fb8d2c4c000 ---p 00019000 08:01 49283699                   /lib/x86_64-linux-gnu/libz.so.1.2.8
7fb8d2c4c000-7fb8d2c4d000 r--p 00018000 08:01 49283699                   /lib/x86_64-linux-gnu/libz.so.1.2.8
7fb8d2c4d000-7fb8d2c4e000 rw-p 00019000 08:01 49283699                   /lib/x86_64-linux-gnu/libz.so.1.2.8
7fb8d2c4e000-7fb8d2c85000 r-xp 00000000 08:01 15473750                   /usr/lib/x86_64-linux-gnu/libtbb.so.2
7fb8d2c85000-7fb8d2e85000 ---p 00037000 08:01 15473750                   /usr/lib/x86_64-linux-gnu/libtbb.so.2
7fb8d2e85000-7fb8d2e86000 r--p 00037000 08:01 15473750                   /usr/lib/x86_64-linux-gnu/libtbb.so.2
7fb8d2e86000-7fb8d2e88000 rw-p 00038000 08:01 15473750                   /usr/lib/x86_64-linux-gnu/libtbb.so.2
7fb8d2e88000-7fb8d2e8b000 rw-p 00000000 00:00 0 
7fb8d2e8b000-7fb8d2f10000 r-xp 00000000 08:01 15473787                   /usr/lib/x86_64-linux-gnu/libswscale-ffmpeg.so.3.1.101
7fb8d2f10000-7fb8d310f000 ---p 00085000 08:01 15473787                   /usr/lib/x86_64-linux-gnu/libswscale-ffmpeg.so.3.1.101
7fb8d310f000-7fb8d3111000 r--p 00084000 08:01 15473787                   /usr/lib/x86_64-linux-gnu/libswscale-ffmpeg.so.3.1.101
7fb8d3111000-7fb8d3112000 rw-p 00086000 08:01 15473787                   /usr/lib/x86_64-linux-gnu/libswscale-ffmpeg.so.3.1.101
7fb8d3112000-7fb8d311a000 rw-p 00000000 00:00 0 
7fb8d311a000-7fb8d316f000 r-xp 00000000 08:01 15473585                   /usr/lib/x86_64-linux-gnu/libavutil-ffmpeg.so.54.31.100
7fb8d316f000-7fb8d336f000 ---p 00055000 08:01 15473585                   /usr/lib/x86_64-linux-gnu/libavutil-ffmpeg.so.54.31.100
7fb8d336f000-7fb8d3375000 r--p 00055000 08:01 15473585                   /usr/lib/x86_64-linux-gnu/libavutil-ffmpeg.so.54.31.100
7fb8d3375000-7fb8d3376000 rw-p 0005b000 08:01 15473585                   /usr/lib/x86_64-linux-gnu/libavutil-ffmpeg.so.54.31.100
7fb8d3376000-7fb8d3389000 rw-p 00000000 00:00 0 
7fb8d3389000-7fb8d355d000 r-xp 00000000 08:01 15473658                   /usr/lib/x86_64-linux-gnu/libavformat-ffmpeg.so.56.40.101
7fb8d355d000-7fb8d375d000 ---p 001d4000 08:01 15473658                   /usr/lib/x86_64-linux-gnu/libavformat-ffmpeg.so.56.40.101
7fb8d375d000-7fb8d3771000 r--p 001d4000 08:01 15473658                   /usr/lib/x86_64-linux-gnu/libavformat-ffmpeg.so.56.40.101
7fb8d3771000-7fb8d3786000 rw-p 001e8000 08:01 15473658                   /usr/lib/x86_64-linux-gnu/libavformat-ffmpeg.so.56.40.101
7fb8d3786000-7fb8d42b0000 r-xp 00000000 08:01 15473634                   /usr/lib/x86_64-linux-gnu/libavcodec-ffmpeg.so.56.60.100
7fb8d42b0000-7fb8d44af000 ---p 00b2a000 08:01 15473634                   /usr/lib/x86_64-linux-gnu/libavcodec-ffmpeg.so.56.60.100
7fb8d44af000-7fb8d44da000 r--p 00b29000 08:01 15473634                   /usr/lib/x86_64-linux-gnu/libavcodec-ffmpeg.so.56.60.100
7fb8d44da000-7fb8d44fd000 rw-p 00b54000 08:01 15473634                   /usr/lib/x86_64-linux-gnu/libavcodec-ffmpeg.so.56.60.100
7fb8d44fd000-7fb8d4bb0000 rw-p 00000000 00:00 0 
7fb8d4bb0000-7fb8d4bb5000 r-xp 00000000 08:01 15473792                   /usr/lib/x86_64-linux-gnu/libv4l1.so.0.0.0
7fb8d4bb5000-7fb8d4db4000 ---p 00005000 08:01 15473792                   /usr/lib/x86_64-linux-gnu/libv4l1.so.0.0.0
7fb8d4db4000-7fb8d4db5000 r--p 00004000 08:01 15473792                   /usr/lib/x86_64-linux-gnu/libv4l1.so.0.0.0
7fb8d4db5000-7fb8d4db6000 rw-p 00005000 08:01 15473792                   /usr/lib/x86_64-linux-gnu/libv4l1.so.0.0.0
7fb8d4db6000-7fb8d4deb000 r-xp 00000000 08:01 15473773                   /usr/lib/x86_64-linux-gnu/libdc1394.so.22.1.11
7fb8d4deb000-7fb8d4fea000 ---p 00035000 08:01 15473773                   /usr/lib/x86_64-linux-gnu/libdc1394.so.22.1.11
7fb8d4fea000-7fb8d4feb000 r--p 00034000 08:01 15473773                   /usr/lib/x86_64-linux-gnu/libdc1394.so.22.1.11
7fb8d4feb000-7fb8d4fec000 rw-p 00035000 08:01 15473773                   /usr/lib/x86_64-linux-gnu/libdc1394.so.22.1.11
7fb8d4fec000-7fb8d502c000 rw-p 00000000 00:00 0 
7fb8d502c000-7fb8d5089000 r-xp 00000000 08:01 15473781                   /usr/lib/x86_64-linux-gnu/libgdkglext-x11-1.0.so.0.0.0
7fb8d5089000-7fb8d5288000 ---p 0005d000 08:01 15473781                   /usr/lib/x86_64-linux-gnu/libgdkglext-x11-1.0.so.0.0.0
7fb8d5288000-7fb8d528a000 r--p 0005c000 08:01 15473781                   /usr/lib/x86_64-linux-gnu/libgdkglext-x11-1.0.so.0.0.0
7fb8d528a000-7fb8d5290000 rw-p 0005e000 08:01 15473781                   /usr/lib/x86_64-linux-gnu/libgdkglext-x11-1.0.so.0.0.0
7fb8d5290000-7fb8d5293000 r-xp 00000000 08:01 15473782                   /usr/lib/x86_64-linux-gnu/libgtkglext-x11-1.0.so.0.0.0
7fb8d5293000-7fb8d5492000 ---p 00003000 08:01 15473782                   /usr/lib/x86_64-linux-gnu/libgtkglext-x11-1.0.so.0.0.0
7fb8d5492000-7fb8d5493000 r--p 00002000 08:01 15473782                   /usr/lib/x86_64-linux-gnu/libgtkglext-x11-1.0.so.0.0.0
7fb8d5493000-7fb8d5494000 rw-p 00003000 08:01 15473782                   /usr/lib/x86_64-linux-gnu/libgtkglext-x11-1.0.so.0.0.0
7fb8d5494000-7fb8d55a2000 r-xp 00000000 08:01 49287110                   /lib/x86_64-linux-gnu/libglib-2.0.so.0.4800.0
7fb8d55a2000-7fb8d57a2000 ---p 0010e000 08:01 49287110                   /lib/x86_64-linux-gnu/libglib-2.0.so.0.4800.0
7fb8d57a2000-7fb8d57a3000 r--p 0010e000 08:01 49287110                   /lib/x86_64-linux-gnu/libglib-2.0.so.0.4800.0
7fb8d57a3000-7fb8d57a4000 rw-p 0010f000 08:01 49287110                   /lib/x86_64-linux-gnu/libglib-2.0.so.0.4800.0
7fb8d57a4000-7fb8d57a5000 rw-p 00000000 00:00 0 
7fb8d57a5000-7fb8d57f7000 r-xp 00000000 08:01 15471454                   /usr/lib/x86_64-linux-gnu/libgobject-2.0.so.0.4800.0
7fb8d57f7000-7fb8d59f6000 ---p 00052000 08:01 15471454                   /usr/lib/x86_64-linux-gnu/libgobject-2.0.so.0.4800.0
7fb8d59f6000-7fb8d59f7000 r--p 00051000 08:01 15471454                   /usr/lib/x86_64-linux-gnu/libgobject-2.0.so.0.4800.0
7fb8d59f7000-7fb8d59f8000 rw-p 00052000 08:01 15471454                   /usr/lib/x86_64-linux-gnu/libgobject-2.0.so.0.4800.0
7fb8d59f8000-7fb8d5aa8000 r-xp 00000000 08:01 15473518                   /usr/lib/x86_64-linux-gnu/libgdk-x11-2.0.so.0.2400.30
7fb8d5aa8000-7fb8d5ca7000 ---p 000b0000 08:01 15473518                   /usr/lib/x86_64-linux-gnu/libgdk-x11-2.0.so.0.2400.30
7fb8d5ca7000-7fb8d5cab000 r--p 000af000 08:01 15473518                   /usr/lib/x86_64-linux-gnu/libgdk-x11-2.0.so.0.2400.30
7fb8d5cab000-7fb8d5cad000 rw-p 000b3000 08:01 15473518                   /usr/lib/x86_64-linux-gnu/libgdk-x11-2.0.so.0.2400.30
7fb8d5cad000-7fb8d60eb000 r-xp 00000000 08:01 15473519                   /usr/lib/x86_64-linux-gnu/libgtk-x11-2.0.so.0.2400.30
7fb8d60eb000-7fb8d62ea000 ---p 0043e000 08:01 15473519                   /usr/lib/x86_64-linux-gnu/libgtk-x11-2.0.so.0.2400.30
7fb8d62ea000-7fb8d62f1000 r--p 0043d000 08:01 15473519                   /usr/lib/x86_64-linux-gnu/libgtk-x11-2.0.so.0.2400.30
7fb8d62f1000-7fb8d62f5000 rw-p 00444000 08:01 15473519                   /usr/lib/x86_64-linux-gnu/libgtk-x11-2.0.so.0.2400.30
7fb8d62f5000-7fb8d62f8000 rw-p 00000000 00:00 0 
7fb8d62f8000-7fb8d633a000 r-xp 00000000 08:01 15472876                   /usr/lib/x86_64-linux-gnu/libHalf.so.12.0.0
7fb8d633a000-7fb8d6539000 ---p 00042000 08:01 15472876                   /usr/lib/x86_64-linux-gnu/libHalf.so.12.0.0
7fb8d6539000-7fb8d653a000 r--p 00041000 08:01 15472876                   /usr/lib/x86_64-linux-gnu/libHalf.so.12.0.0
7fb8d653a000-7fb8d653b000 rw-p 00042000 08:01 15472876                   /usr/lib/x86_64-linux-gnu/libHalf.so.12.0.0
7fb8d653b000-7fb8d6705000 r-xp 00000000 08:01 15472889                   /usr/lib/x86_64-linux-gnu/libIlmImf-2_2.so.22.0.0
7fb8d6705000-7fb8d6904000 ---p 001ca000 08:01 15472889                   /usr/lib/x86_64-linux-gnu/libIlmImf-2_2.so.22.0.0
7fb8d6904000-7fb8d6907000 r--p 001c9000 08:01 15472889                   /usr/lib/x86_64-linux-gnu/libIlmImf-2_2.so.22.0.0
7fb8d6907000-7fb8d6a08000 rw-p 001cc000 08:01 15472889                   /usr/lib/x86_64-linux-gnu/libIlmImf-2_2.so.22.0.0
7fb8d6a08000-7fb8d6a09000 rw-p 00000000 00:00 0 
7fb8d6a09000-7fb8d6a55000 r-xp 00000000 08:01 15473785                   /usr/lib/x86_64-linux-gnu/libjasper.so.1.0.0
7fb8d6a55000-7fb8d6c54000 ---p 0004c000 08:01 15473785                   /usr/lib/x86_64-linux-gnu/libjasper.so.1.0.0
7fb8d6c54000-7fb8d6c55000 r--p 0004b000 08:01 15473785                   /usr/lib/x86_64-linux-gnu/libjasper.so.1.0.0
7fb8d6c55000-7fb8d6c59000 rw-p 0004c000 08:01 15473785                   /usr/lib/x86_64-linux-gnu/libjasper.so.1.0.0
7fb8d6c59000-7fb8d6c60000 rw-p 00000000 00:00 0 
7fb8d6c60000-7fb8d6ccf000 r-xp 00000000 08:01 15473484                   /usr/lib/x86_64-linux-gnu/libtiff.so.5.2.4
7fb8d6ccf000-7fb8d6ecf000 ---p 0006f000 08:01 15473484                   /usr/lib/x86_64-linux-gnu/libtiff.so.5.2.4
7fb8d6ecf000-7fb8d6ed0000 r--p 0006f000 08:01 15473484                   /usr/lib/x86_64-linux-gnu/libtiff.so.5.2.4
7fb8d6ed0000-7fb8d6ed3000 rw-p 00070000 08:01 15473484                   /usr/lib/x86_64-linux-gnu/libtiff.so.5.2.4
7fb8d6ed3000-7fb8d6ef7000 r-xp 00000000 08:01 49283658                   /lib/x86_64-linux-gnu/libpng12.so.0.54.0
7fb8d6ef7000-7fb8d70f6000 ---p 00024000 08:01 49283658                   /lib/x86_64-linux-gnu/libpng12.so.0.54.0
7fb8d70f6000-7fb8d70f7000 r--p 00023000 08:01 49283658                   /lib/x86_64-linux-gnu/libpng12.so.0.54.0
7fb8d70f7000-7fb8d70f8000 rw-p 00024000 08:01 49283658                   /lib/x86_64-linux-gnu/libpng12.so.0.54.0
7fb8d70f8000-7fb8d714f000 r-xp 00000000 08:01 15472870                   /usr/lib/x86_64-linux-gnu/libjpeg.so.8.0.2
7fb8d714f000-7fb8d734f000 ---p 00057000 08:01 15472870                   /usr/lib/x86_64-linux-gnu/libjpeg.so.8.0.2
7fb8d734f000-7fb8d7350000 r--p 00057000 08:01 15472870                   /usr/lib/x86_64-linux-gnu/libjpeg.so.8.0.2
7fb8d7350000-7fb8d7351000 rw-p 00058000 08:01 15472870                   /usr/lib/x86_64-linux-gnu/libjpeg.so.8.0.2
7fb8d7351000-7fb8d73be000 r-xp 00000000 08:01 17564551                   /usr/lib/x86_64-linux-gnu/mesa/libGL.so.1.2.0
7fb8d73be000-7fb8d75bd000 ---p 0006d000 08:01 17564551                   /usr/lib/x86_64-linux-gnu/mesa/libGL.so.1.2.0
7fb8d75bd000-7fb8d75c0000 r--p 0006c000 08:01 17564551                   /usr/lib/x86_64-linux-gnu/mesa/libGL.so.1.2.0
7fb8d75c0000-7fb8d75c1000 rw-p 0006f000 08:01 17564551                   /usr/lib/x86_64-linux-gnu/mesa/libGL.so.1.2.0
7fb8d75c1000-7fb8d75c2000 rw-p 00000000 00:00 0 
7fb8d75c2000-7fb8d75e3000 r-xp 00000000 08:01 15473195                   /usr/lib/x86_64-linux-gnu/libgomp.so.1.0.0
7fb8d75e3000-7fb8d77e2000 ---p 00021000 08:01 15473195                   /usr/lib/x86_64-linux-gnu/libgomp.so.1.0.0
7fb8d77e2000-7fb8d77e3000 r--p 00020000 08:01 15473195                   /usr/lib/x86_64-linux-gnu/libgomp.so.1.0.0
7fb8d77e3000-7fb8d77e4000 rw-p 00021000 08:01 15473195                   /usr/lib/x86_64-linux-gnu/libgomp.so.1.0.0
7fb8d77e4000-7fb8d78ec000 r-xp 00000000 08:01 49283617                   /lib/x86_64-linux-gnu/libm-2.23.so
7fb8d78ec000-7fb8d7aeb000 ---p 00108000 08:01 49283617                   /lib/x86_64-linux-gnu/libm-2.23.so
7fb8d7aeb000-7fb8d7aec000 r--p 00107000 08:01 49283617                   /lib/x86_64-linux-gnu/libm-2.23.so
7fb8d7aec000-7fb8d7aed000 rw-p 00108000 08:01 49283617                   /lib/x86_64-linux-gnu/libm-2.23.so
7fb8d7aed000-7fb8d7d0a000 r-xp 00000000 08:01 15473751                   /usr/lib/x86_64-linux-gnu/libopencv_core.so.2.4.9
7fb8d7d0a000-7fb8d7f0a000 ---p 0021d000 08:01 15473751                   /usr/lib/x86_64-linux-gnu/libopencv_core.so.2.4.9
7fb8d7f0a000-7fb8d7f0e000 r--p 0021d000 08:01 15473751                   /usr/lib/x86_64-linux-gnu/libopencv_core.so.2.4.9
7fb8d7f0e000-7fb8d7f15000 rw-p 00221000 08:01 15473751                   /usr/lib/x86_64-linux-gnu/libopencv_core.so.2.4.9
7fb8d7f15000-7fb8d7f17000 rw-p 00000000 00:00 0 
7fb8d7f17000-7fb8d8107000 r-xp 00000000 08:01 15473755                   /usr/lib/x86_64-linux-gnu/libopencv_imgproc.so.2.4.9
7fb8d8107000-7fb8d8306000 ---p 001f0000 08:01 15473755                   /usr/lib/x86_64-linux-gnu/libopencv_imgproc.so.2.4.9
7fb8d8306000-7fb8d830c000 r--p 001ef000 08:01 15473755                   /usr/lib/x86_64-linux-gnu/libopencv_imgproc.so.2.4.9
7fb8d830c000-7fb8d830d000 rw-p 001f5000 08:01 15473755                   /usr/lib/x86_64-linux-gnu/libopencv_imgproc.so.2.4.9
7fb8d830d000-7fb8d83a2000 rw-p 00000000 00:00 0 
7fb8d83a2000-7fb8d83e8000 r-xp 00000000 08:01 15473795                   /usr/lib/x86_64-linux-gnu/libopencv_highgui.so.2.4.9
7fb8d83e8000-7fb8d85e7000 ---p 00046000 08:01 15473795                   /usr/lib/x86_64-linux-gnu/libopencv_highgui.so.2.4.9
7fb8d85e7000-7fb8d85ea000 r--p 00045000 08:01 15473795                   /usr/lib/x86_64-linux-gnu/libopencv_highgui.so.2.4.9
7fb8d85ea000-7fb8d85eb000 rw-p 00048000 08:01 15473795                   /usr/lib/x86_64-linux-gnu/libopencv_highgui.so.2.4.9
7fb8d85eb000-7fb8d87ab000 r-xp 00000000 08:01 49283576                   /lib/x86_64-linux-gnu/libc-2.23.so
7fb8d87ab000-7fb8d89aa000 ---p 001c0000 08:01 49283576                   /lib/x86_64-linux-gnu/libc-2.23.so
7fb8d89aa000-7fb8d89ae000 r--p 001bf000 08:01 49283576                   /lib/x86_64-linux-gnu/libc-2.23.so
7fb8d89ae000-7fb8d89b0000 rw-p 001c3000 08:01 49283576                   /lib/x86_64-linux-gnu/libc-2.23.so
7fb8d89b0000-7fb8d89b4000 rw-p 00000000 00:00 0 
7fb8d89b4000-7fb8d89cc000 r-xp 00000000 08:01 49283663                   /lib/x86_64-linux-gnu/libpthread-2.23.so
7fb8d89cc000-7fb8d8bcb000 ---p 00018000 08:01 49283663                   /lib/x86_64-linux-gnu/libpthread-2.23.so
7fb8d8bcb000-7fb8d8bcc000 r--p 00017000 08:01 49283663                   /lib/x86_64-linux-gnu/libpthread-2.23.so
7fb8d8bcc000-7fb8d8bcd000 rw-p 00018000 08:01 49283663                   /lib/x86_64-linux-gnu/libpthread-2.23.so
7fb8d8bcd000-7fb8d8bd1000 rw-p 00000000 00:00 0 
7fb8d8bd1000-7fb8d8be7000 r-xp 00000000 08:01 49283602                   /lib/x86_64-linux-gnu/libgcc_s.so.1
7fb8d8be7000-7fb8d8de6000 ---p 00016000 08:01 49283602                   /lib/x86_64-linux-gnu/libgcc_s.so.1
7fb8d8de6000-7fb8d8de7000 rw-p 00015000 08:01 49283602                   /lib/x86_64-linux-gnu/libgcc_s.so.1
7fb8d8de7000-7fb8d8f59000 r-xp 00000000 08:01 15470630                   /usr/lib/x86_64-linux-gnu/libstdc++.so.6.0.21
7fb8d8f59000-7fb8d9159000 ---p 00172000 08:01 15470630                   /usr/lib/x86_64-linux-gnu/libstdc++.so.6.0.21
7fb8d9159000-7fb8d9163000 r--p 00172000 08:01 15470630                   /usr/lib/x86_64-linux-gnu/libstdc++.so.6.0.21
7fb8d9163000-7fb8d9165000 rw-p 0017c000 08:01 15470630                   /usr/lib/x86_64-linux-gnu/libstdc++.so.6.0.21
7fb8d9165000-7fb8d9169000 rw-p 00000000 00:00 0 
7fb8d9169000-7fb8d91b1000 r-xp 00000000 00:2a 657865                     /home/sebastian/raytracing/build/DocOpt/libdocopt.so
7fb8d91b1000-7fb8d93b0000 ---p 00048000 00:2a 657865                     /home/sebastian/raytracing/build/DocOpt/libdocopt.so
7fb8d93b0000-7fb8d93b2000 r--p 00047000 00:2a 657865                     /home/sebastian/raytracing/build/DocOpt/libdocopt.so
7fb8d93b2000-7fb8d93b3000 rw-p 00049000 00:2a 657865                     /home/sebastian/raytracing/build/DocOpt/libdocopt.so
7fb8d93b3000-7fb8d94f3000 r-xp 00000000 00:2a 54001821                   /home/sebastian/raytracing/build/libmct.so
7fb8d94f3000-7fb8d96f2000 ---p 00140000 00:2a 54001821                   /home/sebastian/raytracing/build/libmct.so
7fb8d96f2000-7fb8d96f5000 r--p 0013f000 00:2a 54001821                   /home/sebastian/raytracing/build/libmct.so
7fb8d96f5000-7fb8d96f8000 rw-p 00142000 00:2a 54001821                   /home/sebastian/raytracing/build/libmct.so
7fb8d96f8000-7fb8d9708000 rw-p 00000000 00:00 0 
7fb8d9708000-7fb8d972e000 r-xp 00000000 08:01 49283552                   /lib/x86_64-linux-gnu/ld-2.23.so
7fb8d98bc000-7fb8d98d6000 rw-p 00000000 00:00 0 
7fb8d98d6000-7fb8d98f4000 r-xp 00000000 08:01 49283689                   /lib/x86_64-linux-gnu/libudev.so.1.6.4
7fb8d98f4000-7fb8d98f5000 r--p 0001d000 08:01 49283689                   /lib/x86_64-linux-gnu/libudev.so.1.6.4
7fb8d98f5000-7fb8d98f6000 rw-p 0001e000 08:01 49283689                   /lib/x86_64-linux-gnu/libudev.so.1.6.4
7fb8d98f6000-7fb8d991f000 rw-p 00000000 00:00 0 
7fb8d9929000-7fb8d992d000 rw-p 00000000 00:00 0 
7fb8d992d000-7fb8d992e000 r--p 00025000 08:01 49283552                   /lib/x86_64-linux-gnu/ld-2.23.so
7fb8d992e000-7fb8d992f000 rw-p 00026000 08:01 49283552                   /lib/x86_64-linux-gnu/ld-2.23.so
7fb8d992f000-7fb8d9930000 rw-p 00000000 00:00 0 
7ffec506c000-7ffec50ae000 rw-p 00000000 00:00 0                          [stack]
7ffec51ea000-7ffec51ec000 r--p 00000000 00:00 0                          [vvar]
7ffec51ec000-7ffec51ee000 r-xp 00000000 00:00 0                          [vdso]
ffffffffff600000-ffffffffff601000 r-xp 00000000 00:00 0                  [vsyscall]
