*** Error in `/home/sebastian/raytracing/build/mctPlenoscopePropagation': munmap_chunk(): invalid pointer: 0x0000000000d3ad80 ***
======= Backtrace: =========
/lib/x86_64-linux-gnu/libc.so.6(+0x77725)[0x7f4d0aa18725]
/lib/x86_64-linux-gnu/libc.so.6(cfree+0x1a8)[0x7f4d0aa24c18]
/home/sebastian/raytracing/build/libmct.so(_ZNSt6vectorIN12PhotonSensor11photon_infoESaIS1_EE19_M_emplace_back_auxIJRKS1_EEEvDpOT_+0xd6)[0x7f4d0b828a16]
/home/sebastian/raytracing/build/libmct.so(_ZN12PhotonSensor6Sensor28assign_photon_to_this_sensorEPK6Photon+0x1c9)[0x7f4d0b8284f9]
/home/sebastian/raytracing/build/libmct.so(_ZN13PhotonSensors7Sensors13assign_photonEPK6Photon+0x5a)[0x7f4d0b829b3a]
/home/sebastian/raytracing/build/libmct.so(_ZN13PhotonSensors7Sensors14assign_photonsEPKSt6vectorI6PhotonSaIS2_EE+0x27)[0x7f4d0b829b87]
/home/sebastian/raytracing/build/mctPlenoscopePropagation(main+0x1939)[0x40ed99]
/lib/x86_64-linux-gnu/libc.so.6(__libc_start_main+0xf0)[0x7f4d0a9c1830]
/home/sebastian/raytracing/build/mctPlenoscopePropagation(_start+0x29)[0x412369]
======= Memory map: ========
00400000-00432000 r-xp 00000000 00:2a 54001989                           /home/sebastian/raytracing/build/mctPlenoscopePropagation
00632000-00633000 r--p 00032000 00:2a 54001989                           /home/sebastian/raytracing/build/mctPlenoscopePropagation
00633000-00634000 rw-p 00033000 00:2a 54001989                           /home/sebastian/raytracing/build/mctPlenoscopePropagation
00634000-00635000 rw-p 00000000 00:00 0 
00858000-01ea7000 rw-p 00000000 00:00 0                                  [heap]
7f4cf193d000-7f4cf20be000 rw-p 00000000 00:00 0 
7f4cf20be000-7f4cf20bf000 ---p 00000000 00:00 0 
7f4cf20bf000-7f4cf28bf000 rw-p 00000000 00:00 0 
7f4cf28bf000-7f4cf4175000 r-xp 00000000 08:01 15471497                   /usr/lib/x86_64-linux-gnu/libicudata.so.55.1
7f4cf4175000-7f4cf4374000 ---p 018b6000 08:01 15471497                   /usr/lib/x86_64-linux-gnu/libicudata.so.55.1
7f4cf4374000-7f4cf4375000 r--p 018b5000 08:01 15471497                   /usr/lib/x86_64-linux-gnu/libicudata.so.55.1
7f4cf4375000-7f4cf4376000 rw-p 018b6000 08:01 15471497                   /usr/lib/x86_64-linux-gnu/libicudata.so.55.1
7f4cf4376000-7f4cf4379000 r-xp 00000000 08:01 49287129                   /lib/x86_64-linux-gnu/libkeyutils.so.1.5
7f4cf4379000-7f4cf4578000 ---p 00003000 08:01 49287129                   /lib/x86_64-linux-gnu/libkeyutils.so.1.5
7f4cf4578000-7f4cf4579000 r--p 00002000 08:01 49287129                   /lib/x86_64-linux-gnu/libkeyutils.so.1.5
7f4cf4579000-7f4cf457a000 rw-p 00003000 08:01 49287129                   /lib/x86_64-linux-gnu/libkeyutils.so.1.5
7f4cf457a000-7f4cf457e000 r-xp 00000000 08:01 49283695                   /lib/x86_64-linux-gnu/libuuid.so.1.3.0
7f4cf457e000-7f4cf477d000 ---p 00004000 08:01 49283695                   /lib/x86_64-linux-gnu/libuuid.so.1.3.0
7f4cf477d000-7f4cf477e000 r--p 00003000 08:01 49283695                   /lib/x86_64-linux-gnu/libuuid.so.1.3.0
7f4cf477e000-7f4cf477f000 rw-p 00004000 08:01 49283695                   /lib/x86_64-linux-gnu/libuuid.so.1.3.0
7f4cf477f000-7f4cf48fe000 r-xp 00000000 08:01 15471493                   /usr/lib/x86_64-linux-gnu/libicuuc.so.55.1
7f4cf48fe000-7f4cf4afe000 ---p 0017f000 08:01 15471493                   /usr/lib/x86_64-linux-gnu/libicuuc.so.55.1
7f4cf4afe000-7f4cf4b0e000 r--p 0017f000 08:01 15471493                   /usr/lib/x86_64-linux-gnu/libicuuc.so.55.1
7f4cf4b0e000-7f4cf4b0f000 rw-p 0018f000 08:01 15471493                   /usr/lib/x86_64-linux-gnu/libicuuc.so.55.1
7f4cf4b0f000-7f4cf4b13000 rw-p 00000000 00:00 0 
7f4cf4b13000-7f4cf4b1d000 r-xp 00000000 08:01 15472158                   /usr/lib/x86_64-linux-gnu/libkrb5support.so.0.1
7f4cf4b1d000-7f4cf4d1c000 ---p 0000a000 08:01 15472158                   /usr/lib/x86_64-linux-gnu/libkrb5support.so.0.1
7f4cf4d1c000-7f4cf4d1d000 r--p 00009000 08:01 15472158                   /usr/lib/x86_64-linux-gnu/libkrb5support.so.0.1
7f4cf4d1d000-7f4cf4d1e000 rw-p 0000a000 08:01 15472158                   /usr/lib/x86_64-linux-gnu/libkrb5support.so.0.1
7f4cf4d1e000-7f4cf4d21000 r-xp 00000000 08:01 49283583                   /lib/x86_64-linux-gnu/libcom_err.so.2.1
7f4cf4d21000-7f4cf4f20000 ---p 00003000 08:01 49283583                   /lib/x86_64-linux-gnu/libcom_err.so.2.1
7f4cf4f20000-7f4cf4f21000 r--p 00002000 08:01 49283583                   /lib/x86_64-linux-gnu/libcom_err.so.2.1
7f4cf4f21000-7f4cf4f22000 rw-p 00003000 08:01 49283583                   /lib/x86_64-linux-gnu/libcom_err.so.2.1
7f4cf4f22000-7f4cf4f4e000 r-xp 00000000 08:01 15472160                   /usr/lib/x86_64-linux-gnu/libk5crypto.so.3.1
7f4cf4f4e000-7f4cf514d000 ---p 0002c000 08:01 15472160                   /usr/lib/x86_64-linux-gnu/libk5crypto.so.3.1
7f4cf514d000-7f4cf514f000 r--p 0002b000 08:01 15472160                   /usr/lib/x86_64-linux-gnu/libk5crypto.so.3.1
7f4cf514f000-7f4cf5150000 rw-p 0002d000 08:01 15472160                   /usr/lib/x86_64-linux-gnu/libk5crypto.so.3.1
7f4cf5150000-7f4cf5151000 rw-p 00000000 00:00 0 
7f4cf5151000-7f4cf5214000 r-xp 00000000 08:01 15472162                   /usr/lib/x86_64-linux-gnu/libkrb5.so.3.3
7f4cf5214000-7f4cf5414000 ---p 000c3000 08:01 15472162                   /usr/lib/x86_64-linux-gnu/libkrb5.so.3.3
7f4cf5414000-7f4cf5421000 r--p 000c3000 08:01 15472162                   /usr/lib/x86_64-linux-gnu/libkrb5.so.3.3
7f4cf5421000-7f4cf5423000 rw-p 000d0000 08:01 15472162                   /usr/lib/x86_64-linux-gnu/libkrb5.so.3.3
7f4cf5423000-7f4cf5435000 r-xp 00000000 08:01 49283606                   /lib/x86_64-linux-gnu/libgpg-error.so.0.17.0
7f4cf5435000-7f4cf5635000 ---p 00012000 08:01 49283606                   /lib/x86_64-linux-gnu/libgpg-error.so.0.17.0
7f4cf5635000-7f4cf5636000 r--p 00012000 08:01 49283606                   /lib/x86_64-linux-gnu/libgpg-error.so.0.17.0
7f4cf5636000-7f4cf5637000 rw-p 00013000 08:01 49283606                   /lib/x86_64-linux-gnu/libgpg-error.so.0.17.0
7f4cf5637000-7f4cf564d000 r-xp 00000000 08:01 15472868                   /usr/lib/x86_64-linux-gnu/libICE.so.6.3.0
7f4cf564d000-7f4cf584c000 ---p 00016000 08:01 15472868                   /usr/lib/x86_64-linux-gnu/libICE.so.6.3.0
7f4cf584c000-7f4cf584d000 r--p 00015000 08:01 15472868                   /usr/lib/x86_64-linux-gnu/libICE.so.6.3.0
7f4cf584d000-7f4cf584e000 rw-p 00016000 08:01 15472868                   /usr/lib/x86_64-linux-gnu/libICE.so.6.3.0
7f4cf584e000-7f4cf5851000 rw-p 00000000 00:00 0 
7f4cf5851000-7f4cf5858000 r-xp 00000000 08:01 15472905                   /usr/lib/x86_64-linux-gnu/libSM.so.6.0.1
7f4cf5858000-7f4cf5a57000 ---p 00007000 08:01 15472905                   /usr/lib/x86_64-linux-gnu/libSM.so.6.0.1
7f4cf5a57000-7f4cf5a58000 r--p 00006000 08:01 15472905                   /usr/lib/x86_64-linux-gnu/libSM.so.6.0.1
7f4cf5a58000-7f4cf5a59000 rw-p 00007000 08:01 15472905                   /usr/lib/x86_64-linux-gnu/libSM.so.6.0.1
7f4cf5a59000-7f4cf5a5f000 r-xp 00000000 08:01 15472969                   /usr/lib/x86_64-linux-gnu/libdatrie.so.1.3.3
7f4cf5a5f000-7f4cf5c5f000 ---p 00006000 08:01 15472969                   /usr/lib/x86_64-linux-gnu/libdatrie.so.1.3.3
7f4cf5c5f000-7f4cf5c60000 r--p 00006000 08:01 15472969                   /usr/lib/x86_64-linux-gnu/libdatrie.so.1.3.3
7f4cf5c60000-7f4cf5c61000 rw-p 00007000 08:01 15472969                   /usr/lib/x86_64-linux-gnu/libdatrie.so.1.3.3
7f4cf5c61000-7f4cf5c84000 r-xp 00000000 08:01 15473498                   /usr/lib/x86_64-linux-gnu/libgraphite2.so.3.0.1
7f4cf5c84000-7f4cf5e83000 ---p 00023000 08:01 15473498                   /usr/lib/x86_64-linux-gnu/libgraphite2.so.3.0.1
7f4cf5e83000-7f4cf5e85000 r--p 00022000 08:01 15473498                   /usr/lib/x86_64-linux-gnu/libgraphite2.so.3.0.1
7f4cf5e85000-7f4cf5e86000 rw-p 00024000 08:01 15473498                   /usr/lib/x86_64-linux-gnu/libgraphite2.so.3.0.1
7f4cf5e86000-7f4cf5e97000 r-xp 00000000 08:01 15468880                   /usr/lib/x86_64-linux-gnu/libtasn1.so.6.5.1
7f4cf5e97000-7f4cf6097000 ---p 00011000 08:01 15468880                   /usr/lib/x86_64-linux-gnu/libtasn1.so.6.5.1
7f4cf6097000-7f4cf6098000 r--p 00011000 08:01 15468880                   /usr/lib/x86_64-linux-gnu/libtasn1.so.6.5.1
7f4cf6098000-7f4cf6099000 rw-p 00012000 08:01 15468880                   /usr/lib/x86_64-linux-gnu/libtasn1.so.6.5.1
7f4cf6099000-7f4cf60ca000 r-xp 00000000 08:01 15468852                   /usr/lib/x86_64-linux-gnu/libidn.so.11.6.15
7f4cf60ca000-7f4cf62ca000 ---p 00031000 08:01 15468852                   /usr/lib/x86_64-linux-gnu/libidn.so.11.6.15
7f4cf62ca000-7f4cf62cb000 r--p 00031000 08:01 15468852                   /usr/lib/x86_64-linux-gnu/libidn.so.11.6.15
7f4cf62cb000-7f4cf62cc000 rw-p 00032000 08:01 15468852                   /usr/lib/x86_64-linux-gnu/libidn.so.11.6.15
7f4cf62cc000-7f4cf6326000 r-xp 00000000 08:01 15468866                   /usr/lib/x86_64-linux-gnu/libp11-kit.so.0.1.0
7f4cf6326000-7f4cf6525000 ---p 0005a000 08:01 15468866                   /usr/lib/x86_64-linux-gnu/libp11-kit.so.0.1.0
7f4cf6525000-7f4cf652f000 r--p 00059000 08:01 15468866                   /usr/lib/x86_64-linux-gnu/libp11-kit.so.0.1.0
7f4cf652f000-7f4cf6531000 rw-p 00063000 08:01 15468866                   /usr/lib/x86_64-linux-gnu/libp11-kit.so.0.1.0
7f4cf6531000-7f4cf66e1000 r-xp 00000000 08:01 15471506                   /usr/lib/x86_64-linux-gnu/libxml2.so.2.9.3
7f4cf66e1000-7f4cf68e0000 ---p 001b0000 08:01 15471506                   /usr/lib/x86_64-linux-gnu/libxml2.so.2.9.3
7f4cf68e0000-7f4cf68e8000 r--p 001af000 08:01 15471506                   /usr/lib/x86_64-linux-gnu/libxml2.so.2.9.3
7f4cf68e8000-7f4cf68ea000 rw-p 001b7000 08:01 15471506                   /usr/lib/x86_64-linux-gnu/libxml2.so.2.9.3
7f4cf68ea000-7f4cf68eb000 rw-p 00000000 00:00 0 
7f4cf68eb000-7f4cf696a000 r-xp 00000000 08:01 15468844                   /usr/lib/x86_64-linux-gnu/libgmp.so.10.3.0
7f4cf696a000-7f4cf6b69000 ---p 0007f000 08:01 15468844                   /usr/lib/x86_64-linux-gnu/libgmp.so.10.3.0
7f4cf6b69000-7f4cf6b6a000 r--p 0007e000 08:01 15468844                   /usr/lib/x86_64-linux-gnu/libgmp.so.10.3.0
7f4cf6b6a000-7f4cf6b6b000 rw-p 0007f000 08:01 15468844                   /usr/lib/x86_64-linux-gnu/libgmp.so.10.3.0
7f4cf6b6b000-7f4cf6b9f000 r-xp 00000000 08:01 15468864                   /usr/lib/x86_64-linux-gnu/libnettle.so.6.2
7f4cf6b9f000-7f4cf6d9e000 ---p 00034000 08:01 15468864                   /usr/lib/x86_64-linux-gnu/libnettle.so.6.2
7f4cf6d9e000-7f4cf6da0000 r--p 00033000 08:01 15468864                   /usr/lib/x86_64-linux-gnu/libnettle.so.6.2
7f4cf6da0000-7f4cf6da1000 rw-p 00035000 08:01 15468864                   /usr/lib/x86_64-linux-gnu/libnettle.so.6.2
7f4cf6da1000-7f4cf6dd3000 r-xp 00000000 08:01 15468850                   /usr/lib/x86_64-linux-gnu/libhogweed.so.4.2
7f4cf6dd3000-7f4cf6fd2000 ---p 00032000 08:01 15468850                   /usr/lib/x86_64-linux-gnu/libhogweed.so.4.2
7f4cf6fd2000-7f4cf6fd3000 r--p 00031000 08:01 15468850                   /usr/lib/x86_64-linux-gnu/libhogweed.so.4.2
7f4cf6fd3000-7f4cf6fd4000 rw-p 00032000 08:01 15468850                   /usr/lib/x86_64-linux-gnu/libhogweed.so.4.2
7f4cf6fd4000-7f4cf701b000 r-xp 00000000 08:01 15472164                   /usr/lib/x86_64-linux-gnu/libgssapi_krb5.so.2.2
7f4cf701b000-7f4cf721a000 ---p 00047000 08:01 15472164                   /usr/lib/x86_64-linux-gnu/libgssapi_krb5.so.2.2
7f4cf721a000-7f4cf721c000 r--p 00046000 08:01 15472164                   /usr/lib/x86_64-linux-gnu/libgssapi_krb5.so.2.2
7f4cf721c000-7f4cf721e000 rw-p 00048000 08:01 15472164                   /usr/lib/x86_64-linux-gnu/libgssapi_krb5.so.2.2
7f4cf721e000-7f4cf72f6000 r-xp 00000000 08:01 49283604                   /lib/x86_64-linux-gnu/libgcrypt.so.20.0.5
7f4cf72f6000-7f4cf74f5000 ---p 000d8000 08:01 49283604                   /lib/x86_64-linux-gnu/libgcrypt.so.20.0.5
7f4cf74f5000-7f4cf74f6000 r--p 000d7000 08:01 49283604                   /lib/x86_64-linux-gnu/libgcrypt.so.20.0.5
7f4cf74f6000-7f4cf74fe000 rw-p 000d8000 08:01 49283604                   /lib/x86_64-linux-gnu/libgcrypt.so.20.0.5
7f4cf74fe000-7f4cf74ff000 rw-p 00000000 00:00 0 
7f4cf74ff000-7f4cf757a000 r-xp 00000000 08:01 15472899                   /usr/lib/x86_64-linux-gnu/liborc-0.4.so.0.25.0
7f4cf757a000-7f4cf7779000 ---p 0007b000 08:01 15472899                   /usr/lib/x86_64-linux-gnu/liborc-0.4.so.0.25.0
7f4cf7779000-7f4cf777b000 r--p 0007a000 08:01 15472899                   /usr/lib/x86_64-linux-gnu/liborc-0.4.so.0.25.0
7f4cf777b000-7f4cf777f000 rw-p 0007c000 08:01 15472899                   /usr/lib/x86_64-linux-gnu/liborc-0.4.so.0.25.0
7f4cf777f000-7f4cf7786000 r-xp 00000000 08:01 15472872                   /usr/lib/x86_64-linux-gnu/libogg.so.0.8.2
7f4cf7786000-7f4cf7986000 ---p 00007000 08:01 15472872                   /usr/lib/x86_64-linux-gnu/libogg.so.0.8.2
7f4cf7986000-7f4cf7987000 r--p 00007000 08:01 15472872                   /usr/lib/x86_64-linux-gnu/libogg.so.0.8.2
7f4cf7987000-7f4cf7988000 rw-p 00008000 08:01 15472872                   /usr/lib/x86_64-linux-gnu/libogg.so.0.8.2
7f4cf7988000-7f4cf7992000 r-xp 00000000 08:01 15472240                   /usr/lib/x86_64-linux-gnu/libnuma.so.1.0.0
7f4cf7992000-7f4cf7b91000 ---p 0000a000 08:01 15472240                   /usr/lib/x86_64-linux-gnu/libnuma.so.1.0.0
7f4cf7b91000-7f4cf7b92000 r--p 00009000 08:01 15472240                   /usr/lib/x86_64-linux-gnu/libnuma.so.1.0.0
7f4cf7b92000-7f4cf7b93000 rw-p 0000a000 08:01 15472240                   /usr/lib/x86_64-linux-gnu/libnuma.so.1.0.0
7f4cf7b93000-7f4cf7bc1000 r-xp 00000000 08:01 15473601                   /usr/lib/x86_64-linux-gnu/libsoxr.so.0.1.1
7f4cf7bc1000-7f4cf7dc0000 ---p 0002e000 08:01 15473601                   /usr/lib/x86_64-linux-gnu/libsoxr.so.0.1.1
7f4cf7dc0000-7f4cf7dc2000 r--p 0002d000 08:01 15473601                   /usr/lib/x86_64-linux-gnu/libsoxr.so.0.1.1
7f4cf7dc2000-7f4cf7dc3000 rw-p 0002f000 08:01 15473601                   /usr/lib/x86_64-linux-gnu/libsoxr.so.0.1.1
7f4cf7dc3000-7f4cf7df8000 rw-p 00000000 00:00 0 
7f4cf7df8000-7f4cf7e1d000 r-xp 00000000 08:01 15473789                   /usr/lib/x86_64-linux-gnu/libv4lconvert.so.0.0.0
7f4cf7e1d000-7f4cf801d000 ---p 00025000 08:01 15473789                   /usr/lib/x86_64-linux-gnu/libv4lconvert.so.0.0.0
7f4cf801d000-7f4cf801f000 r--p 00025000 08:01 15473789                   /usr/lib/x86_64-linux-gnu/libv4lconvert.so.0.0.0
7f4cf801f000-7f4cf8020000 rw-p 00027000 08:01 15473789                   /usr/lib/x86_64-linux-gnu/libv4lconvert.so.0.0.0
7f4cf8020000-7f4cf8072000 rw-p 00000000 00:00 0 
7f4cf8072000-7f4cf80d4000 r-xp 00000000 08:01 15473777                   /usr/lib/x86_64-linux-gnu/libXt.so.6.0.0
7f4cf80d4000-7f4cf82d4000 ---p 00062000 08:01 15473777                   /usr/lib/x86_64-linux-gnu/libXt.so.6.0.0
7f4cf82d4000-7f4cf82d5000 r--p 00062000 08:01 15473777                   /usr/lib/x86_64-linux-gnu/libXt.so.6.0.0
7f4cf82d5000-7f4cf82da000 rw-p 00063000 08:01 15473777                   /usr/lib/x86_64-linux-gnu/libXt.so.6.0.0
7f4cf82da000-7f4cf82db000 rw-p 00000000 00:00 0 
7f4cf82db000-7f4cf82e3000 r-xp 00000000 08:01 15472971                   /usr/lib/x86_64-linux-gnu/libthai.so.0.2.4
7f4cf82e3000-7f4cf84e2000 ---p 00008000 08:01 15472971                   /usr/lib/x86_64-linux-gnu/libthai.so.0.2.4
7f4cf84e2000-7f4cf84e3000 r--p 00007000 08:01 15472971                   /usr/lib/x86_64-linux-gnu/libthai.so.0.2.4
7f4cf84e3000-7f4cf84e4000 rw-p 00008000 08:01 15472971                   /usr/lib/x86_64-linux-gnu/libthai.so.0.2.4
7f4cf84e4000-7f4cf8540000 r-xp 00000000 08:01 15473501                   /usr/lib/x86_64-linux-gnu/libharfbuzz.so.0.10000.1
7f4cf8540000-7f4cf8740000 ---p 0005c000 08:01 15473501                   /usr/lib/x86_64-linux-gnu/libharfbuzz.so.0.10000.1
7f4cf8740000-7f4cf8741000 r--p 0005c000 08:01 15473501                   /usr/lib/x86_64-linux-gnu/libharfbuzz.so.0.10000.1
7f4cf8741000-7f4cf8742000 rw-p 0005d000 08:01 15473501                   /usr/lib/x86_64-linux-gnu/libharfbuzz.so.0.10000.1
7f4cf8742000-7f4cf8759000 r-xp 00000000 08:01 49283667                   /lib/x86_64-linux-gnu/libresolv-2.23.so
7f4cf8759000-7f4cf8959000 ---p 00017000 08:01 49283667                   /lib/x86_64-linux-gnu/libresolv-2.23.so
7f4cf8959000-7f4cf895a000 r--p 00017000 08:01 49283667                   /lib/x86_64-linux-gnu/libresolv-2.23.so
7f4cf895a000-7f4cf895b000 rw-p 00018000 08:01 49283667                   /lib/x86_64-linux-gnu/libresolv-2.23.so
7f4cf895b000-7f4cf895d000 rw-p 00000000 00:00 0 
7f4cf895d000-7f4cf897c000 r-xp 00000000 08:01 49283673                   /lib/x86_64-linux-gnu/libselinux.so.1
7f4cf897c000-7f4cf8b7b000 ---p 0001f000 08:01 49283673                   /lib/x86_64-linux-gnu/libselinux.so.1
7f4cf8b7b000-7f4cf8b7c000 r--p 0001e000 08:01 49283673                   /lib/x86_64-linux-gnu/libselinux.so.1
7f4cf8b7c000-7f4cf8b7d000 rw-p 0001f000 08:01 49283673                   /lib/x86_64-linux-gnu/libselinux.so.1
7f4cf8b7d000-7f4cf8b7f000 rw-p 00000000 00:00 0 
7f4cf8b7f000-7f4cf8b87000 r-xp 00000000 08:01 15473492                   /usr/lib/x86_64-linux-gnu/libxcb-render.so.0.0.0
7f4cf8b87000-7f4cf8d87000 ---p 00008000 08:01 15473492                   /usr/lib/x86_64-linux-gnu/libxcb-render.so.0.0.0
7f4cf8d87000-7f4cf8d88000 r--p 00008000 08:01 15473492                   /usr/lib/x86_64-linux-gnu/libxcb-render.so.0.0.0
7f4cf8d88000-7f4cf8d89000 rw-p 00009000 08:01 15473492                   /usr/lib/x86_64-linux-gnu/libxcb-render.so.0.0.0
7f4cf8d89000-7f4cf8d8b000 r-xp 00000000 08:01 15473494                   /usr/lib/x86_64-linux-gnu/libxcb-shm.so.0.0.0
7f4cf8d8b000-7f4cf8f8b000 ---p 00002000 08:01 15473494                   /usr/lib/x86_64-linux-gnu/libxcb-shm.so.0.0.0
7f4cf8f8b000-7f4cf8f8c000 r--p 00002000 08:01 15473494                   /usr/lib/x86_64-linux-gnu/libxcb-shm.so.0.0.0
7f4cf8f8c000-7f4cf8f8d000 rw-p 00003000 08:01 15473494                   /usr/lib/x86_64-linux-gnu/libxcb-shm.so.0.0.0
7f4cf8f8d000-7f4cf902c000 r-xp 00000000 08:01 15473490                   /usr/lib/x86_64-linux-gnu/libpixman-1.so.0.33.6
7f4cf902c000-7f4cf922c000 ---p 0009f000 08:01 15473490                   /usr/lib/x86_64-linux-gnu/libpixman-1.so.0.33.6
7f4cf922c000-7f4cf9234000 r--p 0009f000 08:01 15473490                   /usr/lib/x86_64-linux-gnu/libpixman-1.so.0.33.6
7f4cf9234000-7f4cf9235000 rw-p 000a7000 08:01 15473490                   /usr/lib/x86_64-linux-gnu/libpixman-1.so.0.33.6
7f4cf9235000-7f4cf92d9000 r-xp 00000000 08:01 15471370                   /usr/lib/x86_64-linux-gnu/libfreetype.so.6.12.1
7f4cf92d9000-7f4cf94d8000 ---p 000a4000 08:01 15471370                   /usr/lib/x86_64-linux-gnu/libfreetype.so.6.12.1
7f4cf94d8000-7f4cf94de000 r--p 000a3000 08:01 15471370                   /usr/lib/x86_64-linux-gnu/libfreetype.so.6.12.1
7f4cf94de000-7f4cf94df000 rw-p 000a9000 08:01 15471370                   /usr/lib/x86_64-linux-gnu/libfreetype.so.6.12.1
7f4cf94df000-7f4cf94e4000 r-xp 00000000 08:01 15472091                   /usr/lib/x86_64-linux-gnu/libXdmcp.so.6.0.0
7f4cf94e4000-7f4cf96e3000 ---p 00005000 08:01 15472091                   /usr/lib/x86_64-linux-gnu/libXdmcp.so.6.0.0
7f4cf96e3000-7f4cf96e4000 r--p 00004000 08:01 15472091                   /usr/lib/x86_64-linux-gnu/libXdmcp.so.6.0.0
7f4cf96e4000-7f4cf96e5000 rw-p 00005000 08:01 15472091                   /usr/lib/x86_64-linux-gnu/libXdmcp.so.6.0.0
7f4cf96e5000-7f4cf96e7000 r-xp 00000000 08:01 15472089                   /usr/lib/x86_64-linux-gnu/libXau.so.6.0.0
7f4cf96e7000-7f4cf98e7000 ---p 00002000 08:01 15472089                   /usr/lib/x86_64-linux-gnu/libXau.so.6.0.0
7f4cf98e7000-7f4cf98e8000 r--p 00002000 08:01 15472089                   /usr/lib/x86_64-linux-gnu/libXau.so.6.0.0
7f4cf98e8000-7f4cf98e9000 rw-p 00003000 08:01 15472089                   /usr/lib/x86_64-linux-gnu/libXau.so.6.0.0
7f4cf98e9000-7f4cf98f8000 r-xp 00000000 08:01 49283575                   /lib/x86_64-linux-gnu/libbz2.so.1.0.4
7f4cf98f8000-7f4cf9af7000 ---p 0000f000 08:01 49283575                   /lib/x86_64-linux-gnu/libbz2.so.1.0.4
7f4cf9af7000-7f4cf9af8000 r--p 0000e000 08:01 49283575                   /lib/x86_64-linux-gnu/libbz2.so.1.0.4
7f4cf9af8000-7f4cf9af9000 rw-p 0000f000 08:01 49283575                   /lib/x86_64-linux-gnu/libbz2.so.1.0.4
7f4cf9af9000-7f4cf9c1d000 r-xp 00000000 08:01 15468848                   /usr/lib/x86_64-linux-gnu/libgnutls.so.30.6.2
7f4cf9c1d000-7f4cf9e1c000 ---p 00124000 08:01 15468848                   /usr/lib/x86_64-linux-gnu/libgnutls.so.30.6.2
7f4cf9e1c000-7f4cf9e27000 r--p 00123000 08:01 15468848                   /usr/lib/x86_64-linux-gnu/libgnutls.so.30.6.2
7f4cf9e27000-7f4cf9e29000 rw-p 0012e000 08:01 15468848                   /usr/lib/x86_64-linux-gnu/libgnutls.so.30.6.2
7f4cf9e29000-7f4cf9e2a000 rw-p 00000000 00:00 0 
7f4cf9e2a000-7f4cf9e71000 r-xp 00000000 08:01 15473648                   /usr/lib/x86_64-linux-gnu/libbluray.so.1.9.2
7f4cf9e71000-7f4cfa070000 ---p 00047000 08:01 15473648                   /usr/lib/x86_64-linux-gnu/libbluray.so.1.9.2
7f4cfa070000-7f4cfa072000 r--p 00046000 08:01 15473648                   /usr/lib/x86_64-linux-gnu/libbluray.so.1.9.2
7f4cfa072000-7f4cfa073000 rw-p 00048000 08:01 15473648                   /usr/lib/x86_64-linux-gnu/libbluray.so.1.9.2
7f4cfa073000-7f4cfa0bd000 r-xp 00000000 08:01 15473650                   /usr/lib/x86_64-linux-gnu/libgme.so.0.6.0
7f4cfa0bd000-7f4cfa2bd000 ---p 0004a000 08:01 15473650                   /usr/lib/x86_64-linux-gnu/libgme.so.0.6.0
7f4cfa2bd000-7f4cfa2c0000 r--p 0004a000 08:01 15473650                   /usr/lib/x86_64-linux-gnu/libgme.so.0.6.0
7f4cfa2c0000-7f4cfa2c1000 rw-p 0004d000 08:01 15473650                   /usr/lib/x86_64-linux-gnu/libgme.so.0.6.0
7f4cfa2c1000-7f4cfa30b000 r-xp 00000000 08:01 15473652                   /usr/lib/x86_64-linux-gnu/libmodplug.so.1.0.0
7f4cfa30b000-7f4cfa50b000 ---p 0004a000 08:01 15473652                   /usr/lib/x86_64-linux-gnu/libmodplug.so.1.0.0
7f4cfa50b000-7f4cfa50c000 r--p 0004a000 08:01 15473652                   /usr/lib/x86_64-linux-gnu/libmodplug.so.1.0.0
7f4cfa50c000-7f4cfa50d000 rw-p 0004b000 08:01 15473652                   /usr/lib/x86_64-linux-gnu/libmodplug.so.1.0.0
7f4cfa50d000-7f4cfa64c000 rw-p 00000000 00:00 0 
7f4cfa64c000-7f4cfa667000 r-xp 00000000 08:01 15472191                   /usr/lib/x86_64-linux-gnu/librtmp.so.1
7f4cfa667000-7f4cfa866000 ---p 0001b000 08:01 15472191                   /usr/lib/x86_64-linux-gnu/librtmp.so.1
7f4cfa866000-7f4cfa867000 r--p 0001a000 08:01 15472191                   /usr/lib/x86_64-linux-gnu/librtmp.so.1
7f4cfa867000-7f4cfa868000 rw-p 0001b000 08:01 15472191                   /usr/lib/x86_64-linux-gnu/librtmp.so.1
7f4cfa868000-7f4cfa8b0000 r-xp 00000000 08:01 15473654                   /usr/lib/x86_64-linux-gnu/libssh-gcrypt.so.4.4.1
7f4cfa8b0000-7f4cfaaaf000 ---p 00048000 08:01 15473654                   /usr/lib/x86_64-linux-gnu/libssh-gcrypt.so.4.4.1
7f4cfaaaf000-7f4cfaab0000 r--p 00047000 08:01 15473654                   /usr/lib/x86_64-linux-gnu/libssh-gcrypt.so.4.4.1
7f4cfaab0000-7f4cfaab1000 rw-p 00048000 08:01 15473654                   /usr/lib/x86_64-linux-gnu/libssh-gcrypt.so.4.4.1
7f4cfaab1000-7f4cfaacb000 r-xp 00000000 08:01 15468877                   /usr/lib/x86_64-linux-gnu/libcrystalhd.so.3.6
7f4cfaacb000-7f4cfacca000 ---p 0001a000 08:01 15468877                   /usr/lib/x86_64-linux-gnu/libcrystalhd.so.3.6
7f4cfacca000-7f4cfaccb000 r--p 00019000 08:01 15468877                   /usr/lib/x86_64-linux-gnu/libcrystalhd.so.3.6
7f4cfaccb000-7f4cfaccc000 rw-p 0001a000 08:01 15468877                   /usr/lib/x86_64-linux-gnu/libcrystalhd.so.3.6
7f4cfaccc000-7f4cfacd9000 r-xp 00000000 08:01 15470633                   /usr/lib/x86_64-linux-gnu/libgsm.so.1.0.12
7f4cfacd9000-7f4cfaed8000 ---p 0000d000 08:01 15470633                   /usr/lib/x86_64-linux-gnu/libgsm.so.1.0.12
7f4cfaed8000-7f4cfaed9000 r--p 0000c000 08:01 15470633                   /usr/lib/x86_64-linux-gnu/libgsm.so.1.0.12
7f4cfaed9000-7f4cfaeda000 rw-p 0000d000 08:01 15470633                   /usr/lib/x86_64-linux-gnu/libgsm.so.1.0.12
7f4cfaeda000-7f4cfaf1f000 r-xp 00000000 08:01 15473587                   /usr/lib/x86_64-linux-gnu/libmp3lame.so.0.0.0
7f4cfaf1f000-7f4cfb11f000 ---p 00045000 08:01 15473587                   /usr/lib/x86_64-linux-gnu/libmp3lame.so.0.0.0
7f4cfb11f000-7f4cfb120000 r--p 00045000 08:01 15473587                   /usr/lib/x86_64-linux-gnu/libmp3lame.so.0.0.0
7f4cfb120000-7f4cfb121000 rw-p 00046000 08:01 15473587                   /usr/lib/x86_64-linux-gnu/libmp3lame.so.0.0.0
7f4cfb121000-7f4cfb14f000 rw-p 00000000 00:00 0 
7f4cfb14f000-7f4cfb171000 r-xp 00000000 08:01 15473590                   /usr/lib/x86_64-linux-gnu/libopenjpeg.so.1.5.2
7f4cfb171000-7f4cfb370000 ---p 00022000 08:01 15473590                   /usr/lib/x86_64-linux-gnu/libopenjpeg.so.1.5.2
7f4cfb370000-7f4cfb371000 r--p 00021000 08:01 15473590                   /usr/lib/x86_64-linux-gnu/libopenjpeg.so.1.5.2
7f4cfb371000-7f4cfb372000 rw-p 00022000 08:01 15473590                   /usr/lib/x86_64-linux-gnu/libopenjpeg.so.1.5.2
7f4cfb372000-7f4cfb3bb000 r-xp 00000000 08:01 15473593                   /usr/lib/x86_64-linux-gnu/libopus.so.0.5.2
7f4cfb3bb000-7f4cfb5ba000 ---p 00049000 08:01 15473593                   /usr/lib/x86_64-linux-gnu/libopus.so.0.5.2
7f4cfb5ba000-7f4cfb5bb000 r--p 00048000 08:01 15473593                   /usr/lib/x86_64-linux-gnu/libopus.so.0.5.2
7f4cfb5bb000-7f4cfb5bc000 rw-p 00049000 08:01 15473593                   /usr/lib/x86_64-linux-gnu/libopus.so.0.5.2
7f4cfb5bc000-7f4cfb68d000 r-xp 00000000 08:01 15472903                   /usr/lib/x86_64-linux-gnu/libschroedinger-1.0.so.0.11.0
7f4cfb68d000-7f4cfb88d000 ---p 000d1000 08:01 15472903                   /usr/lib/x86_64-linux-gnu/libschroedinger-1.0.so.0.11.0
7f4cfb88d000-7f4cfb88f000 r--p 000d1000 08:01 15472903                   /usr/lib/x86_64-linux-gnu/libschroedinger-1.0.so.0.11.0
7f4cfb88f000-7f4cfb890000 rw-p 000d3000 08:01 15472903                   /usr/lib/x86_64-linux-gnu/libschroedinger-1.0.so.0.11.0
7f4cfb890000-7f4cfb891000 rw-p 00000000 00:00 0 
7f4cfb891000-7f4cfb89d000 r-xp 00000000 08:01 15473595                   /usr/lib/x86_64-linux-gnu/libshine.so.3.0.1
7f4cfb89d000-7f4cfba9c000 ---p 0000c000 08:01 15473595                   /usr/lib/x86_64-linux-gnu/libshine.so.3.0.1
7f4cfba9c000-7f4cfba9d000 r--p 0000b000 08:01 15473595                   /usr/lib/x86_64-linux-gnu/libshine.so.3.0.1
7f4cfba9d000-7f4cfba9e000 rw-p 0000c000 08:01 15473595                   /usr/lib/x86_64-linux-gnu/libshine.so.3.0.1
7f4cfba9e000-7f4cfbaa5000 r-xp 00000000 08:01 15473597                   /usr/lib/x86_64-linux-gnu/libsnappy.so.1.3.0
7f4cfbaa5000-7f4cfbca4000 ---p 00007000 08:01 15473597                   /usr/lib/x86_64-linux-gnu/libsnappy.so.1.3.0
7f4cfbca4000-7f4cfbca5000 r--p 00006000 08:01 15473597                   /usr/lib/x86_64-linux-gnu/libsnappy.so.1.3.0
7f4cfbca5000-7f4cfbca6000 rw-p 00007000 08:01 15473597                   /usr/lib/x86_64-linux-gnu/libsnappy.so.1.3.0
7f4cfbca6000-7f4cfbcbd000 r-xp 00000000 08:01 15473599                   /usr/lib/x86_64-linux-gnu/libspeex.so.1.5.0
7f4cfbcbd000-7f4cfbebd000 ---p 00017000 08:01 15473599                   /usr/lib/x86_64-linux-gnu/libspeex.so.1.5.0
7f4cfbebd000-7f4cfbebe000 r--p 00017000 08:01 15473599                   /usr/lib/x86_64-linux-gnu/libspeex.so.1.5.0
7f4cfbebe000-7f4cfbebf000 rw-p 00018000 08:01 15473599                   /usr/lib/x86_64-linux-gnu/libspeex.so.1.5.0
7f4cfbebf000-7f4cfbed8000 r-xp 00000000 08:01 15473607                   /usr/lib/x86_64-linux-gnu/libtheoradec.so.1.1.4
7f4cfbed8000-7f4cfc0d7000 ---p 00019000 08:01 15473607                   /usr/lib/x86_64-linux-gnu/libtheoradec.so.1.1.4
7f4cfc0d7000-7f4cfc0d8000 r--p 00018000 08:01 15473607                   /usr/lib/x86_64-linux-gnu/libtheoradec.so.1.1.4
7f4cfc0d8000-7f4cfc0d9000 rw-p 00019000 08:01 15473607                   /usr/lib/x86_64-linux-gnu/libtheoradec.so.1.1.4
7f4cfc0d9000-7f4cfc117000 r-xp 00000000 08:01 15473605                   /usr/lib/x86_64-linux-gnu/libtheoraenc.so.1.1.2
7f4cfc117000-7f4cfc316000 ---p 0003e000 08:01 15473605                   /usr/lib/x86_64-linux-gnu/libtheoraenc.so.1.1.2
7f4cfc316000-7f4cfc317000 r--p 0003d000 08:01 15473605                   /usr/lib/x86_64-linux-gnu/libtheoraenc.so.1.1.2
7f4cfc317000-7f4cfc318000 rw-p 0003e000 08:01 15473605                   /usr/lib/x86_64-linux-gnu/libtheoraenc.so.1.1.2
7f4cfc318000-7f4cfc336000 r-xp 00000000 08:01 15473611                   /usr/lib/x86_64-linux-gnu/libtwolame.so.0.0.0
7f4cfc336000-7f4cfc535000 ---p 0001e000 08:01 15473611                   /usr/lib/x86_64-linux-gnu/libtwolame.so.0.0.0
7f4cfc535000-7f4cfc536000 r--p 0001d000 08:01 15473611                   /usr/lib/x86_64-linux-gnu/libtwolame.so.0.0.0
7f4cfc536000-7f4cfc537000 rw-p 0001e000 08:01 15473611                   /usr/lib/x86_64-linux-gnu/libtwolame.so.0.0.0
7f4cfc537000-7f4cfc53b000 rw-p 00000000 00:00 0 
7f4cfc53b000-7f4cfc565000 r-xp 00000000 08:01 15473615                   /usr/lib/x86_64-linux-gnu/libvorbis.so.0.4.8
7f4cfc565000-7f4cfc765000 ---p 0002a000 08:01 15473615                   /usr/lib/x86_64-linux-gnu/libvorbis.so.0.4.8
7f4cfc765000-7f4cfc766000 r--p 0002a000 08:01 15473615                   /usr/lib/x86_64-linux-gnu/libvorbis.so.0.4.8
7f4cfc766000-7f4cfc767000 rw-p 0002b000 08:01 15473615                   /usr/lib/x86_64-linux-gnu/libvorbis.so.0.4.8
7f4cfc767000-7f4cfc7f4000 r-xp 00000000 08:01 15473617                   /usr/lib/x86_64-linux-gnu/libvorbisenc.so.2.0.11
7f4cfc7f4000-7f4cfc9f3000 ---p 0008d000 08:01 15473617                   /usr/lib/x86_64-linux-gnu/libvorbisenc.so.2.0.11
7f4cfc9f3000-7f4cfca0f000 r--p 0008c000 08:01 15473617                   /usr/lib/x86_64-linux-gnu/libvorbisenc.so.2.0.11
7f4cfca0f000-7f4cfca10000 rw-p 000a8000 08:01 15473617                   /usr/lib/x86_64-linux-gnu/libvorbisenc.so.2.0.11
7f4cfca10000-7f4cfcc2f000 r-xp 00000000 08:01 15473619                   /usr/lib/x86_64-linux-gnu/libvpx.so.3.0.0
7f4cfcc2f000-7f4cfce2e000 ---p 0021f000 08:01 15473619                   /usr/lib/x86_64-linux-gnu/libvpx.so.3.0.0
7f4cfce2e000-7f4cfce30000 r--p 0021e000 08:01 15473619                   /usr/lib/x86_64-linux-gnu/libvpx.so.3.0.0
7f4cfce30000-7f4cfce31000 rw-p 00220000 08:01 15473619                   /usr/lib/x86_64-linux-gnu/libvpx.so.3.0.0
7f4cfce31000-7f4cfce34000 rw-p 00000000 00:00 0 
7f4cfce34000-7f4cfce5c000 r-xp 00000000 08:01 15473622                   /usr/lib/x86_64-linux-gnu/libwavpack.so.1.1.7
7f4cfce5c000-7f4cfd05b000 ---p 00028000 08:01 15473622                   /usr/lib/x86_64-linux-gnu/libwavpack.so.1.1.7
7f4cfd05b000-7f4cfd05c000 r--p 00027000 08:01 15473622                   /usr/lib/x86_64-linux-gnu/libwavpack.so.1.1.7
7f4cfd05c000-7f4cfd05d000 rw-p 00028000 08:01 15473622                   /usr/lib/x86_64-linux-gnu/libwavpack.so.1.1.7
7f4cfd05d000-7f4cfd0b6000 r-xp 00000000 08:01 15473624                   /usr/lib/x86_64-linux-gnu/libwebp.so.5.0.4
7f4cfd0b6000-7f4cfd2b6000 ---p 00059000 08:01 15473624                   /usr/lib/x86_64-linux-gnu/libwebp.so.5.0.4
7f4cfd2b6000-7f4cfd2b7000 r--p 00059000 08:01 15473624                   /usr/lib/x86_64-linux-gnu/libwebp.so.5.0.4
7f4cfd2b7000-7f4cfd2b9000 rw-p 0005a000 08:01 15473624                   /usr/lib/x86_64-linux-gnu/libwebp.so.5.0.4
7f4cfd2b9000-7f4cfd3e1000 r-xp 00000000 08:01 15473626                   /usr/lib/x86_64-linux-gnu/libx264.so.148
7f4cfd3e1000-7f4cfd5e0000 ---p 00128000 08:01 15473626                   /usr/lib/x86_64-linux-gnu/libx264.so.148
7f4cfd5e0000-7f4cfd5e1000 r--p 00127000 08:01 15473626                   /usr/lib/x86_64-linux-gnu/libx264.so.148
7f4cfd5e1000-7f4cfd5e2000 rw-p 00128000 08:01 15473626                   /usr/lib/x86_64-linux-gnu/libx264.so.148
7f4cfd5e2000-7f4cfd65d000 rw-p 00000000 00:00 0 
7f4cfd65d000-7f4cfe06a000 r-xp 00000000 08:01 15473627                   /usr/lib/x86_64-linux-gnu/libx265.so.79
7f4cfe06a000-7f4cfe269000 ---p 00a0d000 08:01 15473627                   /usr/lib/x86_64-linux-gnu/libx265.so.79
7f4cfe269000-7f4cfe26c000 r--p 00a0c000 08:01 15473627                   /usr/lib/x86_64-linux-gnu/libx265.so.79
7f4cfe26c000-7f4cfe26f000 rw-p 00a0f000 08:01 15473627                   /usr/lib/x86_64-linux-gnu/libx265.so.79
7f4cfe26f000-7f4cfe27c000 rw-p 00000000 00:00 0 
7f4cfe27c000-7f4cfe31d000 r-xp 00000000 08:01 15473628                   /usr/lib/x86_64-linux-gnu/libxvidcore.so.4.3
7f4cfe31d000-7f4cfe51c000 ---p 000a1000 08:01 15473628                   /usr/lib/x86_64-linux-gnu/libxvidcore.so.4.3
7f4cfe51c000-7f4cfe51d000 r--p 000a0000 08:01 15473628                   /usr/lib/x86_64-linux-gnu/libxvidcore.so.4.3
7f4cfe51d000-7f4cfe527000 rw-p 000a1000 08:01 15473628                   /usr/lib/x86_64-linux-gnu/libxvidcore.so.4.3
7f4cfe527000-7f4cfe590000 rw-p 00000000 00:00 0 
7f4cfe590000-7f4cfe607000 r-xp 00000000 08:01 15473630                   /usr/lib/x86_64-linux-gnu/libzvbi.so.0.13.2
7f4cfe607000-7f4cfe806000 ---p 00077000 08:01 15473630                   /usr/lib/x86_64-linux-gnu/libzvbi.so.0.13.2
7f4cfe806000-7f4cfe80f000 r--p 00076000 08:01 15473630                   /usr/lib/x86_64-linux-gnu/libzvbi.so.0.13.2
7f4cfe80f000-7f4cfe81b000 rw-p 0007f000 08:01 15473630                   /usr/lib/x86_64-linux-gnu/libzvbi.so.0.13.2
7f4cfe81b000-7f4cfe836000 r-xp 00000000 08:01 15473613                   /usr/lib/x86_64-linux-gnu/libva.so.1.3900.0
7f4cfe836000-7f4cfea35000 ---p 0001b000 08:01 15473613                   /usr/lib/x86_64-linux-gnu/libva.so.1.3900.0
7f4cfea35000-7f4cfea36000 r--p 0001a000 08:01 15473613                   /usr/lib/x86_64-linux-gnu/libva.so.1.3900.0
7f4cfea36000-7f4cfea37000 rw-p 0001b000 08:01 15473613                   /usr/lib/x86_64-linux-gnu/libva.so.1.3900.0
7f4cfea37000-7f4cfea51000 r-xp 00000000 08:01 15473603                   /usr/lib/x86_64-linux-gnu/libswresample-ffmpeg.so.1.2.101
7f4cfea51000-7f4cfec50000 ---p 0001a000 08:01 15473603                   /usr/lib/x86_64-linux-gnu/libswresample-ffmpeg.so.1.2.101
7f4cfec50000-7f4cfec52000 r--p 00019000 08:01 15473603                   /usr/lib/x86_64-linux-gnu/libswresample-ffmpeg.so.1.2.101
7f4cfec52000-7f4cfec53000 rw-p 0001b000 08:01 15473603                   /usr/lib/x86_64-linux-gnu/libswresample-ffmpeg.so.1.2.101
7f4cfec53000-7f4cfec5c000 r-xp 00000000 08:01 15473791                   /usr/lib/x86_64-linux-gnu/libv4l2.so.0.0.0
7f4cfec5c000-7f4cfee5b000 ---p 00009000 08:01 15473791                   /usr/lib/x86_64-linux-gnu/libv4l2.so.0.0.0
7f4cfee5b000-7f4cfee5c000 r--p 00008000 08:01 15473791                   /usr/lib/x86_64-linux-gnu/libv4l2.so.0.0.0
7f4cfee5c000-7f4cfee61000 rw-p 00009000 08:01 15473791                   /usr/lib/x86_64-linux-gnu/libv4l2.so.0.0.0
7f4cfee61000-7f4cfee78000 r-xp 00000000 08:01 49287106                   /lib/x86_64-linux-gnu/libusb-1.0.so.0.1.0
7f4cfee78000-7f4cff077000 ---p 00017000 08:01 49287106                   /lib/x86_64-linux-gnu/libusb-1.0.so.0.1.0
7f4cff077000-7f4cff078000 r--p 00016000 08:01 49287106                   /lib/x86_64-linux-gnu/libusb-1.0.so.0.1.0
7f4cff078000-7f4cff079000 rw-p 00017000 08:01 49287106                   /lib/x86_64-linux-gnu/libusb-1.0.so.0.1.0
7f4cff079000-7f4cff086000 r-xp 00000000 08:01 15473771                   /usr/lib/x86_64-linux-gnu/libraw1394.so.11.1.0
7f4cff086000-7f4cff286000 ---p 0000d000 08:01 15473771                   /usr/lib/x86_64-linux-gnu/libraw1394.so.11.1.0
7f4cff286000-7f4cff287000 r--p 0000d000 08:01 15473771                   /usr/lib/x86_64-linux-gnu/libraw1394.so.11.1.0
7f4cff287000-7f4cff288000 rw-p 0000e000 08:01 15473771                   /usr/lib/x86_64-linux-gnu/libraw1394.so.11.1.0
7f4cff288000-7f4cff2a6000 r-xp 00000000 08:01 15472975                   /usr/lib/x86_64-linux-gnu/libpangox-1.0.so.0.0.0
7f4cff2a6000-7f4cff4a6000 ---p 0001e000 08:01 15472975                   /usr/lib/x86_64-linux-gnu/libpangox-1.0.so.0.0.0
7f4cff4a6000-7f4cff4a7000 r--p 0001e000 08:01 15472975                   /usr/lib/x86_64-linux-gnu/libpangox-1.0.so.0.0.0
7f4cff4a7000-7f4cff4a8000 rw-p 0001f000 08:01 15472975                   /usr/lib/x86_64-linux-gnu/libpangox-1.0.so.0.0.0
7f4cff4a8000-7f4cff4c0000 r-xp 00000000 08:01 15473779                   /usr/lib/x86_64-linux-gnu/libXmu.so.6.2.0
7f4cff4c0000-7f4cff6bf000 ---p 00018000 08:01 15473779                   /usr/lib/x86_64-linux-gnu/libXmu.so.6.2.0
7f4cff6bf000-7f4cff6c0000 r--p 00017000 08:01 15473779                   /usr/lib/x86_64-linux-gnu/libXmu.so.6.2.0
7f4cff6c0000-7f4cff6c1000 rw-p 00018000 08:01 15473779                   /usr/lib/x86_64-linux-gnu/libXmu.so.6.2.0
7f4cff6c1000-7f4cff72e000 r-xp 00000000 08:01 15473775                   /usr/lib/x86_64-linux-gnu/libGLU.so.1.3.1
7f4cff72e000-7f4cff92e000 ---p 0006d000 08:01 15473775                   /usr/lib/x86_64-linux-gnu/libGLU.so.1.3.1
7f4cff92e000-7f4cff92f000 r--p 0006d000 08:01 15473775                   /usr/lib/x86_64-linux-gnu/libGLU.so.1.3.1
7f4cff92f000-7f4cff930000 rw-p 0006e000 08:01 15473775                   /usr/lib/x86_64-linux-gnu/libGLU.so.1.3.1
7f4cff930000-7f4cff99e000 r-xp 00000000 08:01 49283656                   /lib/x86_64-linux-gnu/libpcre.so.3.13.2
7f4cff99e000-7f4cffb9e000 ---p 0006e000 08:01 49283656                   /lib/x86_64-linux-gnu/libpcre.so.3.13.2
7f4cffb9e000-7f4cffb9f000 r--p 0006e000 08:01 49283656                   /lib/x86_64-linux-gnu/libpcre.so.3.13.2
7f4cffb9f000-7f4cffba0000 rw-p 0006f000 08:01 49283656                   /lib/x86_64-linux-gnu/libpcre.so.3.13.2
7f4cffba0000-7f4cffba7000 r-xp 00000000 08:01 15468836                   /usr/lib/x86_64-linux-gnu/libffi.so.6.0.4
7f4cffba7000-7f4cffda6000 ---p 00007000 08:01 15468836                   /usr/lib/x86_64-linux-gnu/libffi.so.6.0.4
7f4cffda6000-7f4cffda7000 r--p 00006000 08:01 15468836                   /usr/lib/x86_64-linux-gnu/libffi.so.6.0.4
7f4cffda7000-7f4cffda8000 rw-p 00007000 08:01 15468836                   /usr/lib/x86_64-linux-gnu/libffi.so.6.0.4
7f4cffda8000-7f4cffdaa000 r-xp 00000000 08:01 15472909                   /usr/lib/x86_64-linux-gnu/libXcomposite.so.1.0.0
7f4cffdaa000-7f4cfffa9000 ---p 00002000 08:01 15472909                   /usr/lib/x86_64-linux-gnu/libXcomposite.so.1.0.0
7f4cfffa9000-7f4cfffaa000 r--p 00001000 08:01 15472909                   /usr/lib/x86_64-linux-gnu/libXcomposite.so.1.0.0
7f4cfffaa000-7f4cfffab000 rw-p 00002000 08:01 15472909                   /usr/lib/x86_64-linux-gnu/libXcomposite.so.1.0.0
7f4cfffab000-7f4cfffb4000 r-xp 00000000 08:01 15472915                   /usr/lib/x86_64-linux-gnu/libXcursor.so.1.0.2
7f4cfffb4000-7f4d001b3000 ---p 00009000 08:01 15472915                   /usr/lib/x86_64-linux-gnu/libXcursor.so.1.0.2
7f4d001b3000-7f4d001b4000 r--p 00008000 08:01 15472915                   /usr/lib/x86_64-linux-gnu/libXcursor.so.1.0.2
7f4d001b4000-7f4d001b5000 rw-p 00009000 08:01 15472915                   /usr/lib/x86_64-linux-gnu/libXcursor.so.1.0.2
7f4d001b5000-7f4d001bf000 r-xp 00000000 08:01 15473516                   /usr/lib/x86_64-linux-gnu/libXrandr.so.2.2.0
7f4d001bf000-7f4d003be000 ---p 0000a000 08:01 15473516                   /usr/lib/x86_64-linux-gnu/libXrandr.so.2.2.0
7f4d003be000-7f4d003bf000 r--p 00009000 08:01 15473516                   /usr/lib/x86_64-linux-gnu/libXrandr.so.2.2.0
7f4d003bf000-7f4d003c0000 rw-p 0000a000 08:01 15473516                   /usr/lib/x86_64-linux-gnu/libXrandr.so.2.2.0
7f4d003c0000-7f4d003cf000 r-xp 00000000 08:01 15473514                   /usr/lib/x86_64-linux-gnu/libXi.so.6.1.0
7f4d003cf000-7f4d005ce000 ---p 0000f000 08:01 15473514                   /usr/lib/x86_64-linux-gnu/libXi.so.6.1.0
7f4d005ce000-7f4d005cf000 r--p 0000e000 08:01 15473514                   /usr/lib/x86_64-linux-gnu/libXi.so.6.1.0
7f4d005cf000-7f4d005d0000 rw-p 0000f000 08:01 15473514                   /usr/lib/x86_64-linux-gnu/libXi.so.6.1.0
7f4d005d0000-7f4d005d2000 r-xp 00000000 08:01 15472921                   /usr/lib/x86_64-linux-gnu/libXinerama.so.1.0.0
7f4d005d2000-7f4d007d1000 ---p 00002000 08:01 15472921                   /usr/lib/x86_64-linux-gnu/libXinerama.so.1.0.0
7f4d007d1000-7f4d007d2000 r--p 00001000 08:01 15472921                   /usr/lib/x86_64-linux-gnu/libXinerama.so.1.0.0
7f4d007d2000-7f4d007d3000 rw-p 00002000 08:01 15472921                   /usr/lib/x86_64-linux-gnu/libXinerama.so.1.0.0
7f4d007d3000-7f4d007dc000 r-xp 00000000 08:01 15472913                   /usr/lib/x86_64-linux-gnu/libXrender.so.1.3.0
7f4d007dc000-7f4d009db000 ---p 00009000 08:01 15472913                   /usr/lib/x86_64-linux-gnu/libXrender.so.1.3.0
7f4d009db000-7f4d009dc000 r--p 00008000 08:01 15472913                   /usr/lib/x86_64-linux-gnu/libXrender.so.1.3.0
7f4d009dc000-7f4d009dd000 rw-p 00009000 08:01 15472913                   /usr/lib/x86_64-linux-gnu/libXrender.so.1.3.0
7f4d009dd000-7f4d00a1a000 r-xp 00000000 08:01 15468833                   /usr/lib/x86_64-linux-gnu/libfontconfig.so.1.9.0
7f4d00a1a000-7f4d00c19000 ---p 0003d000 08:01 15468833                   /usr/lib/x86_64-linux-gnu/libfontconfig.so.1.9.0
7f4d00c19000-7f4d00c1b000 r--p 0003c000 08:01 15468833                   /usr/lib/x86_64-linux-gnu/libfontconfig.so.1.9.0
7f4d00c1b000-7f4d00c20000 rw-p 0003e000 08:01 15468833                   /usr/lib/x86_64-linux-gnu/libfontconfig.so.1.9.0
7f4d00c20000-7f4d00c69000 r-xp 00000000 08:01 15472973                   /usr/lib/x86_64-linux-gnu/libpango-1.0.so.0.3800.1
7f4d00c69000-7f4d00e69000 ---p 00049000 08:01 15472973                   /usr/lib/x86_64-linux-gnu/libpango-1.0.so.0.3800.1
7f4d00e69000-7f4d00e6b000 r--p 00049000 08:01 15472973                   /usr/lib/x86_64-linux-gnu/libpango-1.0.so.0.3800.1
7f4d00e6b000-7f4d00e6c000 rw-p 0004b000 08:01 15472973                   /usr/lib/x86_64-linux-gnu/libpango-1.0.so.0.3800.1
7f4d00e6c000-7f4d00e80000 r-xp 00000000 08:01 15473503                   /usr/lib/x86_64-linux-gnu/libpangoft2-1.0.so.0.3800.1
7f4d00e80000-7f4d01080000 ---p 00014000 08:01 15473503                   /usr/lib/x86_64-linux-gnu/libpangoft2-1.0.so.0.3800.1
7f4d01080000-7f4d01081000 r--p 00014000 08:01 15473503                   /usr/lib/x86_64-linux-gnu/libpangoft2-1.0.so.0.3800.1
7f4d01081000-7f4d01082000 rw-p 00015000 08:01 15473503                   /usr/lib/x86_64-linux-gnu/libpangoft2-1.0.so.0.3800.1
7f4d01082000-7f4d01202000 r-xp 00000000 08:01 15471455                   /usr/lib/x86_64-linux-gnu/libgio-2.0.so.0.4800.0
7f4d01202000-7f4d01402000 ---p 00180000 08:01 15471455                   /usr/lib/x86_64-linux-gnu/libgio-2.0.so.0.4800.0
7f4d01402000-7f4d01406000 r--p 00180000 08:01 15471455                   /usr/lib/x86_64-linux-gnu/libgio-2.0.so.0.4800.0
7f4d01406000-7f4d01408000 rw-p 00184000 08:01 15471455                   /usr/lib/x86_64-linux-gnu/libgio-2.0.so.0.4800.0
7f4d01408000-7f4d0140a000 rw-p 00000000 00:00 0 
7f4d0140a000-7f4d0142b000 r-xp 00000000 08:01 15473487                   /usr/lib/x86_64-linux-gnu/libgdk_pixbuf-2.0.so.0.3200.2
7f4d0142b000-7f4d0162a000 ---p 00021000 08:01 15473487                   /usr/lib/x86_64-linux-gnu/libgdk_pixbuf-2.0.so.0.3200.2
7f4d0162a000-7f4d0162b000 r--p 00020000 08:01 15473487                   /usr/lib/x86_64-linux-gnu/libgdk_pixbuf-2.0.so.0.3200.2
7f4d0162b000-7f4d0162c000 rw-p 00021000 08:01 15473487                   /usr/lib/x86_64-linux-gnu/libgdk_pixbuf-2.0.so.0.3200.2
7f4d0162c000-7f4d0173a000 r-xp 00000000 08:01 15473496                   /usr/lib/x86_64-linux-gnu/libcairo.so.2.11400.6
7f4d0173a000-7f4d0193a000 ---p 0010e000 08:01 15473496                   /usr/lib/x86_64-linux-gnu/libcairo.so.2.11400.6
7f4d0193a000-7f4d0193d000 r--p 0010e000 08:01 15473496                   /usr/lib/x86_64-linux-gnu/libcairo.so.2.11400.6
7f4d0193d000-7f4d0193e000 rw-p 00111000 08:01 15473496                   /usr/lib/x86_64-linux-gnu/libcairo.so.2.11400.6
7f4d0193e000-7f4d01940000 rw-p 00000000 00:00 0 
7f4d01940000-7f4d01962000 r-xp 00000000 08:01 15473482                   /usr/lib/x86_64-linux-gnu/libatk-1.0.so.0.21809.1
7f4d01962000-7f4d01b61000 ---p 00022000 08:01 15473482                   /usr/lib/x86_64-linux-gnu/libatk-1.0.so.0.21809.1
7f4d01b61000-7f4d01b64000 r--p 00021000 08:01 15473482                   /usr/lib/x86_64-linux-gnu/libatk-1.0.so.0.21809.1
7f4d01b64000-7f4d01b65000 rw-p 00024000 08:01 15473482                   /usr/lib/x86_64-linux-gnu/libatk-1.0.so.0.21809.1
7f4d01b65000-7f4d01b71000 r-xp 00000000 08:01 15473505                   /usr/lib/x86_64-linux-gnu/libpangocairo-1.0.so.0.3800.1
7f4d01b71000-7f4d01d70000 ---p 0000c000 08:01 15473505                   /usr/lib/x86_64-linux-gnu/libpangocairo-1.0.so.0.3800.1
7f4d01d70000-7f4d01d71000 r--p 0000b000 08:01 15473505                   /usr/lib/x86_64-linux-gnu/libpangocairo-1.0.so.0.3800.1
7f4d01d71000-7f4d01d72000 rw-p 0000c000 08:01 15473505                   /usr/lib/x86_64-linux-gnu/libpangocairo-1.0.so.0.3800.1
7f4d01d72000-7f4d01d75000 r-xp 00000000 08:01 15471457                   /usr/lib/x86_64-linux-gnu/libgmodule-2.0.so.0.4800.0
7f4d01d75000-7f4d01f74000 ---p 00003000 08:01 15471457                   /usr/lib/x86_64-linux-gnu/libgmodule-2.0.so.0.4800.0
7f4d01f74000-7f4d01f75000 r--p 00002000 08:01 15471457                   /usr/lib/x86_64-linux-gnu/libgmodule-2.0.so.0.4800.0
7f4d01f75000-7f4d01f76000 rw-p 00003000 08:01 15471457                   /usr/lib/x86_64-linux-gnu/libgmodule-2.0.so.0.4800.0
7f4d01f76000-7f4d01f7b000 r-xp 00000000 08:01 15472878                   /usr/lib/x86_64-linux-gnu/libIlmThread-2_2.so.12.0.0
7f4d01f7b000-7f4d0217b000 ---p 00005000 08:01 15472878                   /usr/lib/x86_64-linux-gnu/libIlmThread-2_2.so.12.0.0
7f4d0217b000-7f4d0217c000 r--p 00005000 08:01 15472878                   /usr/lib/x86_64-linux-gnu/libIlmThread-2_2.so.12.0.0
7f4d0217c000-7f4d0217d000 rw-p 00006000 08:01 15472878                   /usr/lib/x86_64-linux-gnu/libIlmThread-2_2.so.12.0.0
7f4d0217d000-7f4d02198000 r-xp 00000000 08:01 15472877                   /usr/lib/x86_64-linux-gnu/libIex-2_2.so.12.0.0
7f4d02198000-7f4d02397000 ---p 0001b000 08:01 15472877                   /usr/lib/x86_64-linux-gnu/libIex-2_2.so.12.0.0
7f4d02397000-7f4d0239a000 r--p 0001a000 08:01 15472877                   /usr/lib/x86_64-linux-gnu/libIex-2_2.so.12.0.0
7f4d0239a000-7f4d0239b000 rw-p 0001d000 08:01 15472877                   /usr/lib/x86_64-linux-gnu/libIex-2_2.so.12.0.0
7f4d0239b000-7f4d023a6000 r-xp 00000000 08:01 15472964                   /usr/lib/x86_64-linux-gnu/libjbig.so.0
7f4d023a6000-7f4d025a5000 ---p 0000b000 08:01 15472964                   /usr/lib/x86_64-linux-gnu/libjbig.so.0
7f4d025a5000-7f4d025a6000 r--p 0000a000 08:01 15472964                   /usr/lib/x86_64-linux-gnu/libjbig.so.0
7f4d025a6000-7f4d025a9000 rw-p 0000b000 08:01 15472964                   /usr/lib/x86_64-linux-gnu/libjbig.so.0
7f4d025a9000-7f4d025ca000 r-xp 00000000 08:01 49283616                   /lib/x86_64-linux-gnu/liblzma.so.5.0.0
7f4d025ca000-7f4d027c9000 ---p 00021000 08:01 49283616                   /lib/x86_64-linux-gnu/liblzma.so.5.0.0
7f4d027c9000-7f4d027ca000 r--p 00020000 08:01 49283616                   /lib/x86_64-linux-gnu/liblzma.so.5.0.0
7f4d027ca000-7f4d027cb000 rw-p 00021000 08:01 49283616                   /lib/x86_64-linux-gnu/liblzma.so.5.0.0
7f4d027cb000-7f4d027d9000 r-xp 00000000 08:01 15472243                   /usr/lib/x86_64-linux-gnu/libdrm.so.2.4.0
7f4d027d9000-7f4d029d8000 ---p 0000e000 08:01 15472243                   /usr/lib/x86_64-linux-gnu/libdrm.so.2.4.0
7f4d029d8000-7f4d029d9000 r--p 0000d000 08:01 15472243                   /usr/lib/x86_64-linux-gnu/libdrm.so.2.4.0
7f4d029d9000-7f4d029da000 rw-p 0000e000 08:01 15472243                   /usr/lib/x86_64-linux-gnu/libdrm.so.2.4.0
7f4d029da000-7f4d029df000 r-xp 00000000 08:01 15472925                   /usr/lib/x86_64-linux-gnu/libXxf86vm.so.1.0.0
7f4d029df000-7f4d02bde000 ---p 00005000 08:01 15472925                   /usr/lib/x86_64-linux-gnu/libXxf86vm.so.1.0.0
7f4d02bde000-7f4d02bdf000 r--p 00004000 08:01 15472925                   /usr/lib/x86_64-linux-gnu/libXxf86vm.so.1.0.0
7f4d02bdf000-7f4d02be0000 rw-p 00005000 08:01 15472925                   /usr/lib/x86_64-linux-gnu/libXxf86vm.so.1.0.0
7f4d02be0000-7f4d02c01000 r-xp 00000000 08:01 15472093                   /usr/lib/x86_64-linux-gnu/libxcb.so.1.1.0
7f4d02c01000-7f4d02e00000 ---p 00021000 08:01 15472093                   /usr/lib/x86_64-linux-gnu/libxcb.so.1.1.0
7f4d02e00000-7f4d02e01000 r--p 00020000 08:01 15472093                   /usr/lib/x86_64-linux-gnu/libxcb.so.1.1.0
7f4d02e01000-7f4d02e02000 rw-p 00021000 08:01 15472093                   /usr/lib/x86_64-linux-gnu/libxcb.so.1.1.0
7f4d02e02000-7f4d02e06000 r-xp 00000000 08:01 15473726                   /usr/lib/x86_64-linux-gnu/libxcb-dri2.so.0.0.0
7f4d02e06000-7f4d03005000 ---p 00004000 08:01 15473726                   /usr/lib/x86_64-linux-gnu/libxcb-dri2.so.0.0.0
7f4d03005000-7f4d03006000 r--p 00003000 08:01 15473726                   /usr/lib/x86_64-linux-gnu/libxcb-dri2.so.0.0.0
7f4d03006000-7f4d03007000 rw-p 00004000 08:01 15473726                   /usr/lib/x86_64-linux-gnu/libxcb-dri2.so.0.0.0
7f4d03007000-7f4d0301e000 r-xp 00000000 08:01 15473730                   /usr/lib/x86_64-linux-gnu/libxcb-glx.so.0.0.0
7f4d0301e000-7f4d0321d000 ---p 00017000 08:01 15473730                   /usr/lib/x86_64-linux-gnu/libxcb-glx.so.0.0.0
7f4d0321d000-7f4d0321f000 r--p 00016000 08:01 15473730                   /usr/lib/x86_64-linux-gnu/libxcb-glx.so.0.0.0
7f4d0321f000-7f4d03220000 rw-p 00018000 08:01 15473730                   /usr/lib/x86_64-linux-gnu/libxcb-glx.so.0.0.0
7f4d03220000-7f4d03355000 r-xp 00000000 08:01 15472096                   /usr/lib/x86_64-linux-gnu/libX11.so.6.3.0
7f4d03355000-7f4d03555000 ---p 00135000 08:01 15472096                   /usr/lib/x86_64-linux-gnu/libX11.so.6.3.0
7f4d03555000-7f4d03556000 r--p 00135000 08:01 15472096                   /usr/lib/x86_64-linux-gnu/libX11.so.6.3.0
7f4d03556000-7f4d0355a000 rw-p 00136000 08:01 15472096                   /usr/lib/x86_64-linux-gnu/libX11.so.6.3.0
7f4d0355a000-7f4d0355b000 r-xp 00000000 08:01 15473724                   /usr/lib/x86_64-linux-gnu/libX11-xcb.so.1.0.0
7f4d0355b000-7f4d0375a000 ---p 00001000 08:01 15473724                   /usr/lib/x86_64-linux-gnu/libX11-xcb.so.1.0.0
7f4d0375a000-7f4d0375b000 r--p 00000000 08:01 15473724                   /usr/lib/x86_64-linux-gnu/libX11-xcb.so.1.0.0
7f4d0375b000-7f4d0375c000 rw-p 00001000 08:01 15473724                   /usr/lib/x86_64-linux-gnu/libX11-xcb.so.1.0.0
7f4d0375c000-7f4d03761000 r-xp 00000000 08:01 15472911                   /usr/lib/x86_64-linux-gnu/libXfixes.so.3.1.0
7f4d03761000-7f4d03960000 ---p 00005000 08:01 15472911                   /usr/lib/x86_64-linux-gnu/libXfixes.so.3.1.0
7f4d03960000-7f4d03961000 r--p 00004000 08:01 15472911                   /usr/lib/x86_64-linux-gnu/libXfixes.so.3.1.0
7f4d03961000-7f4d03962000 rw-p 00005000 08:01 15472911                   /usr/lib/x86_64-linux-gnu/libXfixes.so.3.1.0
7f4d03962000-7f4d03964000 r-xp 00000000 08:01 15472917                   /usr/lib/x86_64-linux-gnu/libXdamage.so.1.1.0
7f4d03964000-7f4d03b63000 ---p 00002000 08:01 15472917                   /usr/lib/x86_64-linux-gnu/libXdamage.so.1.1.0
7f4d03b63000-7f4d03b64000 r--p 00001000 08:01 15472917                   /usr/lib/x86_64-linux-gnu/libXdamage.so.1.1.0
7f4d03b64000-7f4d03b65000 rw-p 00002000 08:01 15472917                   /usr/lib/x86_64-linux-gnu/libXdamage.so.1.1.0
7f4d03b65000-7f4d03b76000 r-xp 00000000 08:01 15472098                   /usr/lib/x86_64-linux-gnu/libXext.so.6.4.0
7f4d03b76000-7f4d03d75000 ---p 00011000 08:01 15472098                   /usr/lib/x86_64-linux-gnu/libXext.so.6.4.0
7f4d03d75000-7f4d03d76000 r--p 00010000 08:01 15472098                   /usr/lib/x86_64-linux-gnu/libXext.so.6.4.0
7f4d03d76000-7f4d03d77000 rw-p 00011000 08:01 15472098                   /usr/lib/x86_64-linux-gnu/libXext.so.6.4.0
7f4d03d77000-7f4d03da0000 r-xp 00000000 08:01 15473722                   /usr/lib/x86_64-linux-gnu/libglapi.so.0.0.0
7f4d03da0000-7f4d03f9f000 ---p 00029000 08:01 15473722                   /usr/lib/x86_64-linux-gnu/libglapi.so.0.0.0
7f4d03f9f000-7f4d03fa3000 r--p 00028000 08:01 15473722                   /usr/lib/x86_64-linux-gnu/libglapi.so.0.0.0
7f4d03fa3000-7f4d03fa4000 rw-p 0002c000 08:01 15473722                   /usr/lib/x86_64-linux-gnu/libglapi.so.0.0.0
7f4d03fa4000-7f4d03fa5000 rw-p 00000000 00:00 0 
7f4d03fa5000-7f4d03fa6000 r-xp 00000000 08:01 15472923                   /usr/lib/x86_64-linux-gnu/libxshmfence.so.1.0.0
7f4d03fa6000-7f4d041a6000 ---p 00001000 08:01 15472923                   /usr/lib/x86_64-linux-gnu/libxshmfence.so.1.0.0
7f4d041a6000-7f4d041a7000 r--p 00001000 08:01 15472923                   /usr/lib/x86_64-linux-gnu/libxshmfence.so.1.0.0
7f4d041a7000-7f4d041a8000 rw-p 00002000 08:01 15472923                   /usr/lib/x86_64-linux-gnu/libxshmfence.so.1.0.0
7f4d041a8000-7f4d041ad000 r-xp 00000000 08:01 15473734                   /usr/lib/x86_64-linux-gnu/libxcb-sync.so.1.0.0
7f4d041ad000-7f4d043ad000 ---p 00005000 08:01 15473734                   /usr/lib/x86_64-linux-gnu/libxcb-sync.so.1.0.0
7f4d043ad000-7f4d043ae000 r--p 00005000 08:01 15473734                   /usr/lib/x86_64-linux-gnu/libxcb-sync.so.1.0.0
7f4d043ae000-7f4d043af000 rw-p 00006000 08:01 15473734                   /usr/lib/x86_64-linux-gnu/libxcb-sync.so.1.0.0
7f4d043af000-7f4d043b1000 r-xp 00000000 08:01 15473732                   /usr/lib/x86_64-linux-gnu/libxcb-present.so.0.0.0
7f4d043b1000-7f4d045b0000 ---p 00002000 08:01 15473732                   /usr/lib/x86_64-linux-gnu/libxcb-present.so.0.0.0
7f4d045b0000-7f4d045b1000 r--p 00001000 08:01 15473732                   /usr/lib/x86_64-linux-gnu/libxcb-present.so.0.0.0
7f4d045b1000-7f4d045b2000 rw-p 00002000 08:01 15473732                   /usr/lib/x86_64-linux-gnu/libxcb-present.so.0.0.0
7f4d045b2000-7f4d045b4000 r-xp 00000000 08:01 15473728                   /usr/lib/x86_64-linux-gnu/libxcb-dri3.so.0.0.0
7f4d045b4000-7f4d047b3000 ---p 00002000 08:01 15473728                   /usr/lib/x86_64-linux-gnu/libxcb-dri3.so.0.0.0
7f4d047b3000-7f4d047b4000 r--p 00001000 08:01 15473728                   /usr/lib/x86_64-linux-gnu/libxcb-dri3.so.0.0.0
7f4d047b4000-7f4d047b5000 rw-p 00002000 08:01 15473728                   /usr/lib/x86_64-linux-gnu/libxcb-dri3.so.0.0.0
7f4d047b5000-7f4d047db000 r-xp 00000000 08:01 49287337                   /lib/x86_64-linux-gnu/libexpat.so.1.6.0
7f4d047db000-7f4d049db000 ---p 00026000 08:01 49287337                   /lib/x86_64-linux-gnu/libexpat.so.1.6.0
7f4d049db000-7f4d049dd000 r--p 00026000 08:01 49287337                   /lib/x86_64-linux-gnu/libexpat.so.1.6.0
7f4d049dd000-7f4d049de000 rw-p 00028000 08:01 49287337                   /lib/x86_64-linux-gnu/libexpat.so.1.6.0
7f4d049de000-7f4d049e1000 r-xp 00000000 08:01 49283590                   /lib/x86_64-linux-gnu/libdl-2.23.so
7f4d049e1000-7f4d04be0000 ---p 00003000 08:01 49283590                   /lib/x86_64-linux-gnu/libdl-2.23.so
7f4d04be0000-7f4d04be1000 r--p 00002000 08:01 49283590                   /lib/x86_64-linux-gnu/libdl-2.23.so
7f4d04be1000-7f4d04be2000 rw-p 00003000 08:01 49283590                   /lib/x86_64-linux-gnu/libdl-2.23.so
7f4d04be2000-7f4d04be9000 r-xp 00000000 08:01 49283669                   /lib/x86_64-linux-gnu/librt-2.23.so
7f4d04be9000-7f4d04de8000 ---p 00007000 08:01 49283669                   /lib/x86_64-linux-gnu/librt-2.23.so
7f4d04de8000-7f4d04de9000 r--p 00006000 08:01 49283669                   /lib/x86_64-linux-gnu/librt-2.23.so
7f4d04de9000-7f4d04dea000 rw-p 00007000 08:01 49283669                   /lib/x86_64-linux-gnu/librt-2.23.so
7f4d04dea000-7f4d04e03000 r-xp 00000000 08:01 49283699                   /lib/x86_64-linux-gnu/libz.so.1.2.8
7f4d04e03000-7f4d05002000 ---p 00019000 08:01 49283699                   /lib/x86_64-linux-gnu/libz.so.1.2.8
7f4d05002000-7f4d05003000 r--p 00018000 08:01 49283699                   /lib/x86_64-linux-gnu/libz.so.1.2.8
7f4d05003000-7f4d05004000 rw-p 00019000 08:01 49283699                   /lib/x86_64-linux-gnu/libz.so.1.2.8
7f4d05004000-7f4d0503b000 r-xp 00000000 08:01 15473750                   /usr/lib/x86_64-linux-gnu/libtbb.so.2
7f4d0503b000-7f4d0523b000 ---p 00037000 08:01 15473750                   /usr/lib/x86_64-linux-gnu/libtbb.so.2
7f4d0523b000-7f4d0523c000 r--p 00037000 08:01 15473750                   /usr/lib/x86_64-linux-gnu/libtbb.so.2
7f4d0523c000-7f4d0523e000 rw-p 00038000 08:01 15473750                   /usr/lib/x86_64-linux-gnu/libtbb.so.2
7f4d0523e000-7f4d05241000 rw-p 00000000 00:00 0 
7f4d05241000-7f4d052c6000 r-xp 00000000 08:01 15473787                   /usr/lib/x86_64-linux-gnu/libswscale-ffmpeg.so.3.1.101
7f4d052c6000-7f4d054c5000 ---p 00085000 08:01 15473787                   /usr/lib/x86_64-linux-gnu/libswscale-ffmpeg.so.3.1.101
7f4d054c5000-7f4d054c7000 r--p 00084000 08:01 15473787                   /usr/lib/x86_64-linux-gnu/libswscale-ffmpeg.so.3.1.101
7f4d054c7000-7f4d054c8000 rw-p 00086000 08:01 15473787                   /usr/lib/x86_64-linux-gnu/libswscale-ffmpeg.so.3.1.101
7f4d054c8000-7f4d054d0000 rw-p 00000000 00:00 0 
7f4d054d0000-7f4d05525000 r-xp 00000000 08:01 15473585                   /usr/lib/x86_64-linux-gnu/libavutil-ffmpeg.so.54.31.100
7f4d05525000-7f4d05725000 ---p 00055000 08:01 15473585                   /usr/lib/x86_64-linux-gnu/libavutil-ffmpeg.so.54.31.100
7f4d05725000-7f4d0572b000 r--p 00055000 08:01 15473585                   /usr/lib/x86_64-linux-gnu/libavutil-ffmpeg.so.54.31.100
7f4d0572b000-7f4d0572c000 rw-p 0005b000 08:01 15473585                   /usr/lib/x86_64-linux-gnu/libavutil-ffmpeg.so.54.31.100
7f4d0572c000-7f4d0573f000 rw-p 00000000 00:00 0 
7f4d0573f000-7f4d05913000 r-xp 00000000 08:01 15473658                   /usr/lib/x86_64-linux-gnu/libavformat-ffmpeg.so.56.40.101
7f4d05913000-7f4d05b13000 ---p 001d4000 08:01 15473658                   /usr/lib/x86_64-linux-gnu/libavformat-ffmpeg.so.56.40.101
7f4d05b13000-7f4d05b27000 r--p 001d4000 08:01 15473658                   /usr/lib/x86_64-linux-gnu/libavformat-ffmpeg.so.56.40.101
7f4d05b27000-7f4d05b3c000 rw-p 001e8000 08:01 15473658                   /usr/lib/x86_64-linux-gnu/libavformat-ffmpeg.so.56.40.101
7f4d05b3c000-7f4d06666000 r-xp 00000000 08:01 15473634                   /usr/lib/x86_64-linux-gnu/libavcodec-ffmpeg.so.56.60.100
7f4d06666000-7f4d06865000 ---p 00b2a000 08:01 15473634                   /usr/lib/x86_64-linux-gnu/libavcodec-ffmpeg.so.56.60.100
7f4d06865000-7f4d06890000 r--p 00b29000 08:01 15473634                   /usr/lib/x86_64-linux-gnu/libavcodec-ffmpeg.so.56.60.100
7f4d06890000-7f4d068b3000 rw-p 00b54000 08:01 15473634                   /usr/lib/x86_64-linux-gnu/libavcodec-ffmpeg.so.56.60.100
7f4d068b3000-7f4d06f66000 rw-p 00000000 00:00 0 
7f4d06f66000-7f4d06f6b000 r-xp 00000000 08:01 15473792                   /usr/lib/x86_64-linux-gnu/libv4l1.so.0.0.0
7f4d06f6b000-7f4d0716a000 ---p 00005000 08:01 15473792                   /usr/lib/x86_64-linux-gnu/libv4l1.so.0.0.0
7f4d0716a000-7f4d0716b000 r--p 00004000 08:01 15473792                   /usr/lib/x86_64-linux-gnu/libv4l1.so.0.0.0
7f4d0716b000-7f4d0716c000 rw-p 00005000 08:01 15473792                   /usr/lib/x86_64-linux-gnu/libv4l1.so.0.0.0
7f4d0716c000-7f4d071a1000 r-xp 00000000 08:01 15473773                   /usr/lib/x86_64-linux-gnu/libdc1394.so.22.1.11
7f4d071a1000-7f4d073a0000 ---p 00035000 08:01 15473773                   /usr/lib/x86_64-linux-gnu/libdc1394.so.22.1.11
7f4d073a0000-7f4d073a1000 r--p 00034000 08:01 15473773                   /usr/lib/x86_64-linux-gnu/libdc1394.so.22.1.11
7f4d073a1000-7f4d073a2000 rw-p 00035000 08:01 15473773                   /usr/lib/x86_64-linux-gnu/libdc1394.so.22.1.11
7f4d073a2000-7f4d073e2000 rw-p 00000000 00:00 0 
7f4d073e2000-7f4d0743f000 r-xp 00000000 08:01 15473781                   /usr/lib/x86_64-linux-gnu/libgdkglext-x11-1.0.so.0.0.0
7f4d0743f000-7f4d0763e000 ---p 0005d000 08:01 15473781                   /usr/lib/x86_64-linux-gnu/libgdkglext-x11-1.0.so.0.0.0
7f4d0763e000-7f4d07640000 r--p 0005c000 08:01 15473781                   /usr/lib/x86_64-linux-gnu/libgdkglext-x11-1.0.so.0.0.0
7f4d07640000-7f4d07646000 rw-p 0005e000 08:01 15473781                   /usr/lib/x86_64-linux-gnu/libgdkglext-x11-1.0.so.0.0.0
7f4d07646000-7f4d07649000 r-xp 00000000 08:01 15473782                   /usr/lib/x86_64-linux-gnu/libgtkglext-x11-1.0.so.0.0.0
7f4d07649000-7f4d07848000 ---p 00003000 08:01 15473782                   /usr/lib/x86_64-linux-gnu/libgtkglext-x11-1.0.so.0.0.0
7f4d07848000-7f4d07849000 r--p 00002000 08:01 15473782                   /usr/lib/x86_64-linux-gnu/libgtkglext-x11-1.0.so.0.0.0
7f4d07849000-7f4d0784a000 rw-p 00003000 08:01 15473782                   /usr/lib/x86_64-linux-gnu/libgtkglext-x11-1.0.so.0.0.0
7f4d0784a000-7f4d07958000 r-xp 00000000 08:01 49287110                   /lib/x86_64-linux-gnu/libglib-2.0.so.0.4800.0
7f4d07958000-7f4d07b58000 ---p 0010e000 08:01 49287110                   /lib/x86_64-linux-gnu/libglib-2.0.so.0.4800.0
7f4d07b58000-7f4d07b59000 r--p 0010e000 08:01 49287110                   /lib/x86_64-linux-gnu/libglib-2.0.so.0.4800.0
7f4d07b59000-7f4d07b5a000 rw-p 0010f000 08:01 49287110                   /lib/x86_64-linux-gnu/libglib-2.0.so.0.4800.0
7f4d07b5a000-7f4d07b5b000 rw-p 00000000 00:00 0 
7f4d07b5b000-7f4d07bad000 r-xp 00000000 08:01 15471454                   /usr/lib/x86_64-linux-gnu/libgobject-2.0.so.0.4800.0
7f4d07bad000-7f4d07dac000 ---p 00052000 08:01 15471454                   /usr/lib/x86_64-linux-gnu/libgobject-2.0.so.0.4800.0
7f4d07dac000-7f4d07dad000 r--p 00051000 08:01 15471454                   /usr/lib/x86_64-linux-gnu/libgobject-2.0.so.0.4800.0
7f4d07dad000-7f4d07dae000 rw-p 00052000 08:01 15471454                   /usr/lib/x86_64-linux-gnu/libgobject-2.0.so.0.4800.0
7f4d07dae000-7f4d07e5e000 r-xp 00000000 08:01 15473518                   /usr/lib/x86_64-linux-gnu/libgdk-x11-2.0.so.0.2400.30
7f4d07e5e000-7f4d0805d000 ---p 000b0000 08:01 15473518                   /usr/lib/x86_64-linux-gnu/libgdk-x11-2.0.so.0.2400.30
7f4d0805d000-7f4d08061000 r--p 000af000 08:01 15473518                   /usr/lib/x86_64-linux-gnu/libgdk-x11-2.0.so.0.2400.30
7f4d08061000-7f4d08063000 rw-p 000b3000 08:01 15473518                   /usr/lib/x86_64-linux-gnu/libgdk-x11-2.0.so.0.2400.30
7f4d08063000-7f4d084a1000 r-xp 00000000 08:01 15473519                   /usr/lib/x86_64-linux-gnu/libgtk-x11-2.0.so.0.2400.30
7f4d084a1000-7f4d086a0000 ---p 0043e000 08:01 15473519                   /usr/lib/x86_64-linux-gnu/libgtk-x11-2.0.so.0.2400.30
7f4d086a0000-7f4d086a7000 r--p 0043d000 08:01 15473519                   /usr/lib/x86_64-linux-gnu/libgtk-x11-2.0.so.0.2400.30
7f4d086a7000-7f4d086ab000 rw-p 00444000 08:01 15473519                   /usr/lib/x86_64-linux-gnu/libgtk-x11-2.0.so.0.2400.30
7f4d086ab000-7f4d086ae000 rw-p 00000000 00:00 0 
7f4d086ae000-7f4d086f0000 r-xp 00000000 08:01 15472876                   /usr/lib/x86_64-linux-gnu/libHalf.so.12.0.0
7f4d086f0000-7f4d088ef000 ---p 00042000 08:01 15472876                   /usr/lib/x86_64-linux-gnu/libHalf.so.12.0.0
7f4d088ef000-7f4d088f0000 r--p 00041000 08:01 15472876                   /usr/lib/x86_64-linux-gnu/libHalf.so.12.0.0
7f4d088f0000-7f4d088f1000 rw-p 00042000 08:01 15472876                   /usr/lib/x86_64-linux-gnu/libHalf.so.12.0.0
7f4d088f1000-7f4d08abb000 r-xp 00000000 08:01 15472889                   /usr/lib/x86_64-linux-gnu/libIlmImf-2_2.so.22.0.0
7f4d08abb000-7f4d08cba000 ---p 001ca000 08:01 15472889                   /usr/lib/x86_64-linux-gnu/libIlmImf-2_2.so.22.0.0
7f4d08cba000-7f4d08cbd000 r--p 001c9000 08:01 15472889                   /usr/lib/x86_64-linux-gnu/libIlmImf-2_2.so.22.0.0
7f4d08cbd000-7f4d08dbe000 rw-p 001cc000 08:01 15472889                   /usr/lib/x86_64-linux-gnu/libIlmImf-2_2.so.22.0.0
7f4d08dbe000-7f4d08dbf000 rw-p 00000000 00:00 0 
7f4d08dbf000-7f4d08e0b000 r-xp 00000000 08:01 15473785                   /usr/lib/x86_64-linux-gnu/libjasper.so.1.0.0
7f4d08e0b000-7f4d0900a000 ---p 0004c000 08:01 15473785                   /usr/lib/x86_64-linux-gnu/libjasper.so.1.0.0
7f4d0900a000-7f4d0900b000 r--p 0004b000 08:01 15473785                   /usr/lib/x86_64-linux-gnu/libjasper.so.1.0.0
7f4d0900b000-7f4d0900f000 rw-p 0004c000 08:01 15473785                   /usr/lib/x86_64-linux-gnu/libjasper.so.1.0.0
7f4d0900f000-7f4d09016000 rw-p 00000000 00:00 0 
7f4d09016000-7f4d09085000 r-xp 00000000 08:01 15473484                   /usr/lib/x86_64-linux-gnu/libtiff.so.5.2.4
7f4d09085000-7f4d09285000 ---p 0006f000 08:01 15473484                   /usr/lib/x86_64-linux-gnu/libtiff.so.5.2.4
7f4d09285000-7f4d09286000 r--p 0006f000 08:01 15473484                   /usr/lib/x86_64-linux-gnu/libtiff.so.5.2.4
7f4d09286000-7f4d09289000 rw-p 00070000 08:01 15473484                   /usr/lib/x86_64-linux-gnu/libtiff.so.5.2.4
7f4d09289000-7f4d092ad000 r-xp 00000000 08:01 49283658                   /lib/x86_64-linux-gnu/libpng12.so.0.54.0
7f4d092ad000-7f4d094ac000 ---p 00024000 08:01 49283658                   /lib/x86_64-linux-gnu/libpng12.so.0.54.0
7f4d094ac000-7f4d094ad000 r--p 00023000 08:01 49283658                   /lib/x86_64-linux-gnu/libpng12.so.0.54.0
7f4d094ad000-7f4d094ae000 rw-p 00024000 08:01 49283658                   /lib/x86_64-linux-gnu/libpng12.so.0.54.0
7f4d094ae000-7f4d09505000 r-xp 00000000 08:01 15472870                   /usr/lib/x86_64-linux-gnu/libjpeg.so.8.0.2
7f4d09505000-7f4d09705000 ---p 00057000 08:01 15472870                   /usr/lib/x86_64-linux-gnu/libjpeg.so.8.0.2
7f4d09705000-7f4d09706000 r--p 00057000 08:01 15472870                   /usr/lib/x86_64-linux-gnu/libjpeg.so.8.0.2
7f4d09706000-7f4d09707000 rw-p 00058000 08:01 15472870                   /usr/lib/x86_64-linux-gnu/libjpeg.so.8.0.2
7f4d09707000-7f4d09774000 r-xp 00000000 08:01 17564551                   /usr/lib/x86_64-linux-gnu/mesa/libGL.so.1.2.0
7f4d09774000-7f4d09973000 ---p 0006d000 08:01 17564551                   /usr/lib/x86_64-linux-gnu/mesa/libGL.so.1.2.0
7f4d09973000-7f4d09976000 r--p 0006c000 08:01 17564551                   /usr/lib/x86_64-linux-gnu/mesa/libGL.so.1.2.0
7f4d09976000-7f4d09977000 rw-p 0006f000 08:01 17564551                   /usr/lib/x86_64-linux-gnu/mesa/libGL.so.1.2.0
7f4d09977000-7f4d09978000 rw-p 00000000 00:00 0 
7f4d09978000-7f4d09999000 r-xp 00000000 08:01 15473195                   /usr/lib/x86_64-linux-gnu/libgomp.so.1.0.0
7f4d09999000-7f4d09b98000 ---p 00021000 08:01 15473195                   /usr/lib/x86_64-linux-gnu/libgomp.so.1.0.0
7f4d09b98000-7f4d09b99000 r--p 00020000 08:01 15473195                   /usr/lib/x86_64-linux-gnu/libgomp.so.1.0.0
7f4d09b99000-7f4d09b9a000 rw-p 00021000 08:01 15473195                   /usr/lib/x86_64-linux-gnu/libgomp.so.1.0.0
7f4d09b9a000-7f4d09ca2000 r-xp 00000000 08:01 49283617                   /lib/x86_64-linux-gnu/libm-2.23.so
7f4d09ca2000-7f4d09ea1000 ---p 00108000 08:01 49283617                   /lib/x86_64-linux-gnu/libm-2.23.so
7f4d09ea1000-7f4d09ea2000 r--p 00107000 08:01 49283617                   /lib/x86_64-linux-gnu/libm-2.23.so
7f4d09ea2000-7f4d09ea3000 rw-p 00108000 08:01 49283617                   /lib/x86_64-linux-gnu/libm-2.23.so
7f4d09ea3000-7f4d0a0c0000 r-xp 00000000 08:01 15473751                   /usr/lib/x86_64-linux-gnu/libopencv_core.so.2.4.9
7f4d0a0c0000-7f4d0a2c0000 ---p 0021d000 08:01 15473751                   /usr/lib/x86_64-linux-gnu/libopencv_core.so.2.4.9
7f4d0a2c0000-7f4d0a2c4000 r--p 0021d000 08:01 15473751                   /usr/lib/x86_64-linux-gnu/libopencv_core.so.2.4.9
7f4d0a2c4000-7f4d0a2cb000 rw-p 00221000 08:01 15473751                   /usr/lib/x86_64-linux-gnu/libopencv_core.so.2.4.9
7f4d0a2cb000-7f4d0a2cd000 rw-p 00000000 00:00 0 
7f4d0a2cd000-7f4d0a4bd000 r-xp 00000000 08:01 15473755                   /usr/lib/x86_64-linux-gnu/libopencv_imgproc.so.2.4.9
7f4d0a4bd000-7f4d0a6bc000 ---p 001f0000 08:01 15473755                   /usr/lib/x86_64-linux-gnu/libopencv_imgproc.so.2.4.9
7f4d0a6bc000-7f4d0a6c2000 r--p 001ef000 08:01 15473755                   /usr/lib/x86_64-linux-gnu/libopencv_imgproc.so.2.4.9
7f4d0a6c2000-7f4d0a6c3000 rw-p 001f5000 08:01 15473755                   /usr/lib/x86_64-linux-gnu/libopencv_imgproc.so.2.4.9
7f4d0a6c3000-7f4d0a758000 rw-p 00000000 00:00 0 
7f4d0a758000-7f4d0a79e000 r-xp 00000000 08:01 15473795                   /usr/lib/x86_64-linux-gnu/libopencv_highgui.so.2.4.9
7f4d0a79e000-7f4d0a99d000 ---p 00046000 08:01 15473795                   /usr/lib/x86_64-linux-gnu/libopencv_highgui.so.2.4.9
7f4d0a99d000-7f4d0a9a0000 r--p 00045000 08:01 15473795                   /usr/lib/x86_64-linux-gnu/libopencv_highgui.so.2.4.9
7f4d0a9a0000-7f4d0a9a1000 rw-p 00048000 08:01 15473795                   /usr/lib/x86_64-linux-gnu/libopencv_highgui.so.2.4.9
7f4d0a9a1000-7f4d0ab61000 r-xp 00000000 08:01 49283576                   /lib/x86_64-linux-gnu/libc-2.23.so
7f4d0ab61000-7f4d0ad60000 ---p 001c0000 08:01 49283576                   /lib/x86_64-linux-gnu/libc-2.23.so
7f4d0ad60000-7f4d0ad64000 r--p 001bf000 08:01 49283576                   /lib/x86_64-linux-gnu/libc-2.23.so
7f4d0ad64000-7f4d0ad66000 rw-p 001c3000 08:01 49283576                   /lib/x86_64-linux-gnu/libc-2.23.so
7f4d0ad66000-7f4d0ad6a000 rw-p 00000000 00:00 0 
7f4d0ad6a000-7f4d0ad82000 r-xp 00000000 08:01 49283663                   /lib/x86_64-linux-gnu/libpthread-2.23.so
7f4d0ad82000-7f4d0af81000 ---p 00018000 08:01 49283663                   /lib/x86_64-linux-gnu/libpthread-2.23.so
7f4d0af81000-7f4d0af82000 r--p 00017000 08:01 49283663                   /lib/x86_64-linux-gnu/libpthread-2.23.so
7f4d0af82000-7f4d0af83000 rw-p 00018000 08:01 49283663                   /lib/x86_64-linux-gnu/libpthread-2.23.so
7f4d0af83000-7f4d0af87000 rw-p 00000000 00:00 0 
7f4d0af87000-7f4d0af9d000 r-xp 00000000 08:01 49283602                   /lib/x86_64-linux-gnu/libgcc_s.so.1
7f4d0af9d000-7f4d0b19c000 ---p 00016000 08:01 49283602                   /lib/x86_64-linux-gnu/libgcc_s.so.1
7f4d0b19c000-7f4d0b19d000 rw-p 00015000 08:01 49283602                   /lib/x86_64-linux-gnu/libgcc_s.so.1
7f4d0b19d000-7f4d0b30f000 r-xp 00000000 08:01 15470630                   /usr/lib/x86_64-linux-gnu/libstdc++.so.6.0.21
7f4d0b30f000-7f4d0b50f000 ---p 00172000 08:01 15470630                   /usr/lib/x86_64-linux-gnu/libstdc++.so.6.0.21
7f4d0b50f000-7f4d0b519000 r--p 00172000 08:01 15470630                   /usr/lib/x86_64-linux-gnu/libstdc++.so.6.0.21
7f4d0b519000-7f4d0b51b000 rw-p 0017c000 08:01 15470630                   /usr/lib/x86_64-linux-gnu/libstdc++.so.6.0.21
7f4d0b51b000-7f4d0b51f000 rw-p 00000000 00:00 0 
7f4d0b51f000-7f4d0b567000 r-xp 00000000 00:2a 657865                     /home/sebastian/raytracing/build/DocOpt/libdocopt.so
7f4d0b567000-7f4d0b766000 ---p 00048000 00:2a 657865                     /home/sebastian/raytracing/build/DocOpt/libdocopt.so
7f4d0b766000-7f4d0b768000 r--p 00047000 00:2a 657865                     /home/sebastian/raytracing/build/DocOpt/libdocopt.so
7f4d0b768000-7f4d0b769000 rw-p 00049000 00:2a 657865                     /home/sebastian/raytracing/build/DocOpt/libdocopt.so
7f4d0b769000-7f4d0b8a9000 r-xp 00000000 00:2a 54001821                   /home/sebastian/raytracing/build/libmct.so
7f4d0b8a9000-7f4d0baa8000 ---p 00140000 00:2a 54001821                   /home/sebastian/raytracing/build/libmct.so
7f4d0baa8000-7f4d0baab000 r--p 0013f000 00:2a 54001821                   /home/sebastian/raytracing/build/libmct.so
7f4d0baab000-7f4d0baae000 rw-p 00142000 00:2a 54001821                   /home/sebastian/raytracing/build/libmct.so
7f4d0baae000-7f4d0babe000 rw-p 00000000 00:00 0 
7f4d0babe000-7f4d0bae4000 r-xp 00000000 08:01 49283552                   /lib/x86_64-linux-gnu/ld-2.23.so
7f4d0bc72000-7f4d0bc8c000 rw-p 00000000 00:00 0 
7f4d0bc8c000-7f4d0bcaa000 r-xp 00000000 08:01 49283689                   /lib/x86_64-linux-gnu/libudev.so.1.6.4
7f4d0bcaa000-7f4d0bcab000 r--p 0001d000 08:01 49283689                   /lib/x86_64-linux-gnu/libudev.so.1.6.4
7f4d0bcab000-7f4d0bcac000 rw-p 0001e000 08:01 49283689                   /lib/x86_64-linux-gnu/libudev.so.1.6.4
7f4d0bcac000-7f4d0bcd5000 rw-p 00000000 00:00 0 
7f4d0bcdf000-7f4d0bce3000 rw-p 00000000 00:00 0 
7f4d0bce3000-7f4d0bce4000 r--p 00025000 08:01 49283552                   /lib/x86_64-linux-gnu/ld-2.23.so
7f4d0bce4000-7f4d0bce5000 rw-p 00026000 08:01 49283552                   /lib/x86_64-linux-gnu/ld-2.23.so
7f4d0bce5000-7f4d0bce6000 rw-p 00000000 00:00 0 
7ffc753c8000-7ffc7540a000 rw-p 00000000 00:00 0                          [stack]
7ffc754f2000-7ffc754f4000 r--p 00000000 00:00 0                          [vvar]
7ffc754f4000-7ffc754f6000 r-xp 00000000 00:00 0                          [vdso]
ffffffffff600000-ffffffffff601000 r-xp 00000000 00:00 0                  [vsyscall]
