*** Error in `/home/sebastian/raytracing/build/mctPlenoscopePropagation': munmap_chunk(): invalid pointer: 0x00000000025c3e80 ***
======= Backtrace: =========
/lib/x86_64-linux-gnu/libc.so.6(+0x77725)[0x7fea9684e725]
/lib/x86_64-linux-gnu/libc.so.6(cfree+0x1a8)[0x7fea9685ac18]
/home/sebastian/raytracing/build/mctPlenoscopePropagation(_ZN8Function11LinInterpolD2Ev+0x19)[0x414ad9]
/home/sebastian/raytracing/build/mctPlenoscopePropagation(main+0x45da)[0x411a3a]
/lib/x86_64-linux-gnu/libc.so.6(__libc_start_main+0xf0)[0x7fea967f7830]
/home/sebastian/raytracing/build/mctPlenoscopePropagation(_start+0x29)[0x412369]
======= Memory map: ========
00400000-00432000 r-xp 00000000 00:2a 54001989                           /home/sebastian/raytracing/build/mctPlenoscopePropagation
00632000-00633000 r--p 00032000 00:2a 54001989                           /home/sebastian/raytracing/build/mctPlenoscopePropagation
00633000-00634000 rw-p 00033000 00:2a 54001989                           /home/sebastian/raytracing/build/mctPlenoscopePropagation
00634000-00635000 rw-p 00000000 00:00 0 
022a2000-05415000 rw-p 00000000 00:00 0                                  [heap]
7fea7def4000-7fea7def5000 ---p 00000000 00:00 0 
7fea7def5000-7fea7e6f5000 rw-p 00000000 00:00 0 
7fea7e6f5000-7fea7ffab000 r-xp 00000000 08:01 35132297                   /usr/lib/x86_64-linux-gnu/libicudata.so.55.1
7fea7ffab000-7fea801aa000 ---p 018b6000 08:01 35132297                   /usr/lib/x86_64-linux-gnu/libicudata.so.55.1
7fea801aa000-7fea801ab000 r--p 018b5000 08:01 35132297                   /usr/lib/x86_64-linux-gnu/libicudata.so.55.1
7fea801ab000-7fea801ac000 rw-p 018b6000 08:01 35132297                   /usr/lib/x86_64-linux-gnu/libicudata.so.55.1
7fea801ac000-7fea801af000 r-xp 00000000 08:01 3674071                    /lib/x86_64-linux-gnu/libkeyutils.so.1.5
7fea801af000-7fea803ae000 ---p 00003000 08:01 3674071                    /lib/x86_64-linux-gnu/libkeyutils.so.1.5
7fea803ae000-7fea803af000 r--p 00002000 08:01 3674071                    /lib/x86_64-linux-gnu/libkeyutils.so.1.5
7fea803af000-7fea803b0000 rw-p 00003000 08:01 3674071                    /lib/x86_64-linux-gnu/libkeyutils.so.1.5
7fea803b0000-7fea803b4000 r-xp 00000000 08:01 3670639                    /lib/x86_64-linux-gnu/libuuid.so.1.3.0
7fea803b4000-7fea805b3000 ---p 00004000 08:01 3670639                    /lib/x86_64-linux-gnu/libuuid.so.1.3.0
7fea805b3000-7fea805b4000 r--p 00003000 08:01 3670639                    /lib/x86_64-linux-gnu/libuuid.so.1.3.0
7fea805b4000-7fea805b5000 rw-p 00004000 08:01 3670639                    /lib/x86_64-linux-gnu/libuuid.so.1.3.0
7fea805b5000-7fea80734000 r-xp 00000000 08:01 35132293                   /usr/lib/x86_64-linux-gnu/libicuuc.so.55.1
7fea80734000-7fea80934000 ---p 0017f000 08:01 35132293                   /usr/lib/x86_64-linux-gnu/libicuuc.so.55.1
7fea80934000-7fea80944000 r--p 0017f000 08:01 35132293                   /usr/lib/x86_64-linux-gnu/libicuuc.so.55.1
7fea80944000-7fea80945000 rw-p 0018f000 08:01 35132293                   /usr/lib/x86_64-linux-gnu/libicuuc.so.55.1
7fea80945000-7fea80949000 rw-p 00000000 00:00 0 
7fea80949000-7fea80953000 r-xp 00000000 08:01 35132958                   /usr/lib/x86_64-linux-gnu/libkrb5support.so.0.1
7fea80953000-7fea80b52000 ---p 0000a000 08:01 35132958                   /usr/lib/x86_64-linux-gnu/libkrb5support.so.0.1
7fea80b52000-7fea80b53000 r--p 00009000 08:01 35132958                   /usr/lib/x86_64-linux-gnu/libkrb5support.so.0.1
7fea80b53000-7fea80b54000 rw-p 0000a000 08:01 35132958                   /usr/lib/x86_64-linux-gnu/libkrb5support.so.0.1
7fea80b54000-7fea80b57000 r-xp 00000000 08:01 3670527                    /lib/x86_64-linux-gnu/libcom_err.so.2.1
7fea80b57000-7fea80d56000 ---p 00003000 08:01 3670527                    /lib/x86_64-linux-gnu/libcom_err.so.2.1
7fea80d56000-7fea80d57000 r--p 00002000 08:01 3670527                    /lib/x86_64-linux-gnu/libcom_err.so.2.1
7fea80d57000-7fea80d58000 rw-p 00003000 08:01 3670527                    /lib/x86_64-linux-gnu/libcom_err.so.2.1
7fea80d58000-7fea80d84000 r-xp 00000000 08:01 35132960                   /usr/lib/x86_64-linux-gnu/libk5crypto.so.3.1
7fea80d84000-7fea80f83000 ---p 0002c000 08:01 35132960                   /usr/lib/x86_64-linux-gnu/libk5crypto.so.3.1
7fea80f83000-7fea80f85000 r--p 0002b000 08:01 35132960                   /usr/lib/x86_64-linux-gnu/libk5crypto.so.3.1
7fea80f85000-7fea80f86000 rw-p 0002d000 08:01 35132960                   /usr/lib/x86_64-linux-gnu/libk5crypto.so.3.1
7fea80f86000-7fea80f87000 rw-p 00000000 00:00 0 
7fea80f87000-7fea8104a000 r-xp 00000000 08:01 35132962                   /usr/lib/x86_64-linux-gnu/libkrb5.so.3.3
7fea8104a000-7fea8124a000 ---p 000c3000 08:01 35132962                   /usr/lib/x86_64-linux-gnu/libkrb5.so.3.3
7fea8124a000-7fea81257000 r--p 000c3000 08:01 35132962                   /usr/lib/x86_64-linux-gnu/libkrb5.so.3.3
7fea81257000-7fea81259000 rw-p 000d0000 08:01 35132962                   /usr/lib/x86_64-linux-gnu/libkrb5.so.3.3
7fea81259000-7fea8126b000 r-xp 00000000 08:01 3670550                    /lib/x86_64-linux-gnu/libgpg-error.so.0.17.0
7fea8126b000-7fea8146b000 ---p 00012000 08:01 3670550                    /lib/x86_64-linux-gnu/libgpg-error.so.0.17.0
7fea8146b000-7fea8146c000 r--p 00012000 08:01 3670550                    /lib/x86_64-linux-gnu/libgpg-error.so.0.17.0
7fea8146c000-7fea8146d000 rw-p 00013000 08:01 3670550                    /lib/x86_64-linux-gnu/libgpg-error.so.0.17.0
7fea8146d000-7fea81483000 r-xp 00000000 08:01 35133666                   /usr/lib/x86_64-linux-gnu/libICE.so.6.3.0
7fea81483000-7fea81682000 ---p 00016000 08:01 35133666                   /usr/lib/x86_64-linux-gnu/libICE.so.6.3.0
7fea81682000-7fea81683000 r--p 00015000 08:01 35133666                   /usr/lib/x86_64-linux-gnu/libICE.so.6.3.0
7fea81683000-7fea81684000 rw-p 00016000 08:01 35133666                   /usr/lib/x86_64-linux-gnu/libICE.so.6.3.0
7fea81684000-7fea81687000 rw-p 00000000 00:00 0 
7fea81687000-7fea8168e000 r-xp 00000000 08:01 35133703                   /usr/lib/x86_64-linux-gnu/libSM.so.6.0.1
7fea8168e000-7fea8188d000 ---p 00007000 08:01 35133703                   /usr/lib/x86_64-linux-gnu/libSM.so.6.0.1
7fea8188d000-7fea8188e000 r--p 00006000 08:01 35133703                   /usr/lib/x86_64-linux-gnu/libSM.so.6.0.1
7fea8188e000-7fea8188f000 rw-p 00007000 08:01 35133703                   /usr/lib/x86_64-linux-gnu/libSM.so.6.0.1
7fea8188f000-7fea81895000 r-xp 00000000 08:01 35133767                   /usr/lib/x86_64-linux-gnu/libdatrie.so.1.3.3
7fea81895000-7fea81a95000 ---p 00006000 08:01 35133767                   /usr/lib/x86_64-linux-gnu/libdatrie.so.1.3.3
7fea81a95000-7fea81a96000 r--p 00006000 08:01 35133767                   /usr/lib/x86_64-linux-gnu/libdatrie.so.1.3.3
7fea81a96000-7fea81a97000 rw-p 00007000 08:01 35133767                   /usr/lib/x86_64-linux-gnu/libdatrie.so.1.3.3
7fea81a97000-7fea81aba000 r-xp 00000000 08:01 35134296                   /usr/lib/x86_64-linux-gnu/libgraphite2.so.3.0.1
7fea81aba000-7fea81cb9000 ---p 00023000 08:01 35134296                   /usr/lib/x86_64-linux-gnu/libgraphite2.so.3.0.1
7fea81cb9000-7fea81cbb000 r--p 00022000 08:01 35134296                   /usr/lib/x86_64-linux-gnu/libgraphite2.so.3.0.1
7fea81cbb000-7fea81cbc000 rw-p 00024000 08:01 35134296                   /usr/lib/x86_64-linux-gnu/libgraphite2.so.3.0.1
7fea81cbc000-7fea81ccd000 r-xp 00000000 08:01 35129680                   /usr/lib/x86_64-linux-gnu/libtasn1.so.6.5.1
7fea81ccd000-7fea81ecd000 ---p 00011000 08:01 35129680                   /usr/lib/x86_64-linux-gnu/libtasn1.so.6.5.1
7fea81ecd000-7fea81ece000 r--p 00011000 08:01 35129680                   /usr/lib/x86_64-linux-gnu/libtasn1.so.6.5.1
7fea81ece000-7fea81ecf000 rw-p 00012000 08:01 35129680                   /usr/lib/x86_64-linux-gnu/libtasn1.so.6.5.1
7fea81ecf000-7fea81f00000 r-xp 00000000 08:01 35129652                   /usr/lib/x86_64-linux-gnu/libidn.so.11.6.15
7fea81f00000-7fea82100000 ---p 00031000 08:01 35129652                   /usr/lib/x86_64-linux-gnu/libidn.so.11.6.15
7fea82100000-7fea82101000 r--p 00031000 08:01 35129652                   /usr/lib/x86_64-linux-gnu/libidn.so.11.6.15
7fea82101000-7fea82102000 rw-p 00032000 08:01 35129652                   /usr/lib/x86_64-linux-gnu/libidn.so.11.6.15
7fea82102000-7fea8215c000 r-xp 00000000 08:01 35129666                   /usr/lib/x86_64-linux-gnu/libp11-kit.so.0.1.0
7fea8215c000-7fea8235b000 ---p 0005a000 08:01 35129666                   /usr/lib/x86_64-linux-gnu/libp11-kit.so.0.1.0
7fea8235b000-7fea82365000 r--p 00059000 08:01 35129666                   /usr/lib/x86_64-linux-gnu/libp11-kit.so.0.1.0
7fea82365000-7fea82367000 rw-p 00063000 08:01 35129666                   /usr/lib/x86_64-linux-gnu/libp11-kit.so.0.1.0
7fea82367000-7fea82517000 r-xp 00000000 08:01 35132306                   /usr/lib/x86_64-linux-gnu/libxml2.so.2.9.3
7fea82517000-7fea82716000 ---p 001b0000 08:01 35132306                   /usr/lib/x86_64-linux-gnu/libxml2.so.2.9.3
7fea82716000-7fea8271e000 r--p 001af000 08:01 35132306                   /usr/lib/x86_64-linux-gnu/libxml2.so.2.9.3
7fea8271e000-7fea82720000 rw-p 001b7000 08:01 35132306                   /usr/lib/x86_64-linux-gnu/libxml2.so.2.9.3
7fea82720000-7fea82721000 rw-p 00000000 00:00 0 
7fea82721000-7fea827a0000 r-xp 00000000 08:01 35129644                   /usr/lib/x86_64-linux-gnu/libgmp.so.10.3.0
7fea827a0000-7fea8299f000 ---p 0007f000 08:01 35129644                   /usr/lib/x86_64-linux-gnu/libgmp.so.10.3.0
7fea8299f000-7fea829a0000 r--p 0007e000 08:01 35129644                   /usr/lib/x86_64-linux-gnu/libgmp.so.10.3.0
7fea829a0000-7fea829a1000 rw-p 0007f000 08:01 35129644                   /usr/lib/x86_64-linux-gnu/libgmp.so.10.3.0
7fea829a1000-7fea829d5000 r-xp 00000000 08:01 35129664                   /usr/lib/x86_64-linux-gnu/libnettle.so.6.2
7fea829d5000-7fea82bd4000 ---p 00034000 08:01 35129664                   /usr/lib/x86_64-linux-gnu/libnettle.so.6.2
7fea82bd4000-7fea82bd6000 r--p 00033000 08:01 35129664                   /usr/lib/x86_64-linux-gnu/libnettle.so.6.2
7fea82bd6000-7fea82bd7000 rw-p 00035000 08:01 35129664                   /usr/lib/x86_64-linux-gnu/libnettle.so.6.2
7fea82bd7000-7fea82c09000 r-xp 00000000 08:01 35129650                   /usr/lib/x86_64-linux-gnu/libhogweed.so.4.2
7fea82c09000-7fea82e08000 ---p 00032000 08:01 35129650                   /usr/lib/x86_64-linux-gnu/libhogweed.so.4.2
7fea82e08000-7fea82e09000 r--p 00031000 08:01 35129650                   /usr/lib/x86_64-linux-gnu/libhogweed.so.4.2
7fea82e09000-7fea82e0a000 rw-p 00032000 08:01 35129650                   /usr/lib/x86_64-linux-gnu/libhogweed.so.4.2
7fea82e0a000-7fea82e51000 r-xp 00000000 08:01 35132964                   /usr/lib/x86_64-linux-gnu/libgssapi_krb5.so.2.2
7fea82e51000-7fea83050000 ---p 00047000 08:01 35132964                   /usr/lib/x86_64-linux-gnu/libgssapi_krb5.so.2.2
7fea83050000-7fea83052000 r--p 00046000 08:01 35132964                   /usr/lib/x86_64-linux-gnu/libgssapi_krb5.so.2.2
7fea83052000-7fea83054000 rw-p 00048000 08:01 35132964                   /usr/lib/x86_64-linux-gnu/libgssapi_krb5.so.2.2
7fea83054000-7fea8312c000 r-xp 00000000 08:01 3670548                    /lib/x86_64-linux-gnu/libgcrypt.so.20.0.5
7fea8312c000-7fea8332b000 ---p 000d8000 08:01 3670548                    /lib/x86_64-linux-gnu/libgcrypt.so.20.0.5
7fea8332b000-7fea8332c000 r--p 000d7000 08:01 3670548                    /lib/x86_64-linux-gnu/libgcrypt.so.20.0.5
7fea8332c000-7fea83334000 rw-p 000d8000 08:01 3670548                    /lib/x86_64-linux-gnu/libgcrypt.so.20.0.5
7fea83334000-7fea83335000 rw-p 00000000 00:00 0 
7fea83335000-7fea833b0000 r-xp 00000000 08:01 35133697                   /usr/lib/x86_64-linux-gnu/liborc-0.4.so.0.25.0
7fea833b0000-7fea835af000 ---p 0007b000 08:01 35133697                   /usr/lib/x86_64-linux-gnu/liborc-0.4.so.0.25.0
7fea835af000-7fea835b1000 r--p 0007a000 08:01 35133697                   /usr/lib/x86_64-linux-gnu/liborc-0.4.so.0.25.0
7fea835b1000-7fea835b5000 rw-p 0007c000 08:01 35133697                   /usr/lib/x86_64-linux-gnu/liborc-0.4.so.0.25.0
7fea835b5000-7fea835bc000 r-xp 00000000 08:01 35133670                   /usr/lib/x86_64-linux-gnu/libogg.so.0.8.2
7fea835bc000-7fea837bc000 ---p 00007000 08:01 35133670                   /usr/lib/x86_64-linux-gnu/libogg.so.0.8.2
7fea837bc000-7fea837bd000 r--p 00007000 08:01 35133670                   /usr/lib/x86_64-linux-gnu/libogg.so.0.8.2
7fea837bd000-7fea837be000 rw-p 00008000 08:01 35133670                   /usr/lib/x86_64-linux-gnu/libogg.so.0.8.2
7fea837be000-7fea837c8000 r-xp 00000000 08:01 35133040                   /usr/lib/x86_64-linux-gnu/libnuma.so.1.0.0
7fea837c8000-7fea839c7000 ---p 0000a000 08:01 35133040                   /usr/lib/x86_64-linux-gnu/libnuma.so.1.0.0
7fea839c7000-7fea839c8000 r--p 00009000 08:01 35133040                   /usr/lib/x86_64-linux-gnu/libnuma.so.1.0.0
7fea839c8000-7fea839c9000 rw-p 0000a000 08:01 35133040                   /usr/lib/x86_64-linux-gnu/libnuma.so.1.0.0
7fea839c9000-7fea839f7000 r-xp 00000000 08:01 35134399                   /usr/lib/x86_64-linux-gnu/libsoxr.so.0.1.1
7fea839f7000-7fea83bf6000 ---p 0002e000 08:01 35134399                   /usr/lib/x86_64-linux-gnu/libsoxr.so.0.1.1
7fea83bf6000-7fea83bf8000 r--p 0002d000 08:01 35134399                   /usr/lib/x86_64-linux-gnu/libsoxr.so.0.1.1
7fea83bf8000-7fea83bf9000 rw-p 0002f000 08:01 35134399                   /usr/lib/x86_64-linux-gnu/libsoxr.so.0.1.1
7fea83bf9000-7fea83c2e000 rw-p 00000000 00:00 0 
7fea83c2e000-7fea83c53000 r-xp 00000000 08:01 35134587                   /usr/lib/x86_64-linux-gnu/libv4lconvert.so.0.0.0
7fea83c53000-7fea83e53000 ---p 00025000 08:01 35134587                   /usr/lib/x86_64-linux-gnu/libv4lconvert.so.0.0.0
7fea83e53000-7fea83e55000 r--p 00025000 08:01 35134587                   /usr/lib/x86_64-linux-gnu/libv4lconvert.so.0.0.0
7fea83e55000-7fea83e56000 rw-p 00027000 08:01 35134587                   /usr/lib/x86_64-linux-gnu/libv4lconvert.so.0.0.0
7fea83e56000-7fea83ea8000 rw-p 00000000 00:00 0 
7fea83ea8000-7fea83f0a000 r-xp 00000000 08:01 35134575                   /usr/lib/x86_64-linux-gnu/libXt.so.6.0.0
7fea83f0a000-7fea8410a000 ---p 00062000 08:01 35134575                   /usr/lib/x86_64-linux-gnu/libXt.so.6.0.0
7fea8410a000-7fea8410b000 r--p 00062000 08:01 35134575                   /usr/lib/x86_64-linux-gnu/libXt.so.6.0.0
7fea8410b000-7fea84110000 rw-p 00063000 08:01 35134575                   /usr/lib/x86_64-linux-gnu/libXt.so.6.0.0
7fea84110000-7fea84111000 rw-p 00000000 00:00 0 
7fea84111000-7fea84119000 r-xp 00000000 08:01 35133769                   /usr/lib/x86_64-linux-gnu/libthai.so.0.2.4
7fea84119000-7fea84318000 ---p 00008000 08:01 35133769                   /usr/lib/x86_64-linux-gnu/libthai.so.0.2.4
7fea84318000-7fea84319000 r--p 00007000 08:01 35133769                   /usr/lib/x86_64-linux-gnu/libthai.so.0.2.4
7fea84319000-7fea8431a000 rw-p 00008000 08:01 35133769                   /usr/lib/x86_64-linux-gnu/libthai.so.0.2.4
7fea8431a000-7fea84376000 r-xp 00000000 08:01 35134299                   /usr/lib/x86_64-linux-gnu/libharfbuzz.so.0.10000.1
7fea84376000-7fea84576000 ---p 0005c000 08:01 35134299                   /usr/lib/x86_64-linux-gnu/libharfbuzz.so.0.10000.1
7fea84576000-7fea84577000 r--p 0005c000 08:01 35134299                   /usr/lib/x86_64-linux-gnu/libharfbuzz.so.0.10000.1
7fea84577000-7fea84578000 rw-p 0005d000 08:01 35134299                   /usr/lib/x86_64-linux-gnu/libharfbuzz.so.0.10000.1
7fea84578000-7fea8458f000 r-xp 00000000 08:01 3670611                    /lib/x86_64-linux-gnu/libresolv-2.23.so
7fea8458f000-7fea8478f000 ---p 00017000 08:01 3670611                    /lib/x86_64-linux-gnu/libresolv-2.23.so
7fea8478f000-7fea84790000 r--p 00017000 08:01 3670611                    /lib/x86_64-linux-gnu/libresolv-2.23.so
7fea84790000-7fea84791000 rw-p 00018000 08:01 3670611                    /lib/x86_64-linux-gnu/libresolv-2.23.so
7fea84791000-7fea84793000 rw-p 00000000 00:00 0 
7fea84793000-7fea847b2000 r-xp 00000000 08:01 3670617                    /lib/x86_64-linux-gnu/libselinux.so.1
7fea847b2000-7fea849b1000 ---p 0001f000 08:01 3670617                    /lib/x86_64-linux-gnu/libselinux.so.1
7fea849b1000-7fea849b2000 r--p 0001e000 08:01 3670617                    /lib/x86_64-linux-gnu/libselinux.so.1
7fea849b2000-7fea849b3000 rw-p 0001f000 08:01 3670617                    /lib/x86_64-linux-gnu/libselinux.so.1
7fea849b3000-7fea849b5000 rw-p 00000000 00:00 0 
7fea849b5000-7fea849bd000 r-xp 00000000 08:01 35134290                   /usr/lib/x86_64-linux-gnu/libxcb-render.so.0.0.0
7fea849bd000-7fea84bbd000 ---p 00008000 08:01 35134290                   /usr/lib/x86_64-linux-gnu/libxcb-render.so.0.0.0
7fea84bbd000-7fea84bbe000 r--p 00008000 08:01 35134290                   /usr/lib/x86_64-linux-gnu/libxcb-render.so.0.0.0
7fea84bbe000-7fea84bbf000 rw-p 00009000 08:01 35134290                   /usr/lib/x86_64-linux-gnu/libxcb-render.so.0.0.0
7fea84bbf000-7fea84bc1000 r-xp 00000000 08:01 35134292                   /usr/lib/x86_64-linux-gnu/libxcb-shm.so.0.0.0
7fea84bc1000-7fea84dc1000 ---p 00002000 08:01 35134292                   /usr/lib/x86_64-linux-gnu/libxcb-shm.so.0.0.0
7fea84dc1000-7fea84dc2000 r--p 00002000 08:01 35134292                   /usr/lib/x86_64-linux-gnu/libxcb-shm.so.0.0.0
7fea84dc2000-7fea84dc3000 rw-p 00003000 08:01 35134292                   /usr/lib/x86_64-linux-gnu/libxcb-shm.so.0.0.0
7fea84dc3000-7fea84e62000 r-xp 00000000 08:01 35134288                   /usr/lib/x86_64-linux-gnu/libpixman-1.so.0.33.6
7fea84e62000-7fea85062000 ---p 0009f000 08:01 35134288                   /usr/lib/x86_64-linux-gnu/libpixman-1.so.0.33.6
7fea85062000-7fea8506a000 r--p 0009f000 08:01 35134288                   /usr/lib/x86_64-linux-gnu/libpixman-1.so.0.33.6
7fea8506a000-7fea8506b000 rw-p 000a7000 08:01 35134288                   /usr/lib/x86_64-linux-gnu/libpixman-1.so.0.33.6
7fea8506b000-7fea8510f000 r-xp 00000000 08:01 35132170                   /usr/lib/x86_64-linux-gnu/libfreetype.so.6.12.1
7fea8510f000-7fea8530e000 ---p 000a4000 08:01 35132170                   /usr/lib/x86_64-linux-gnu/libfreetype.so.6.12.1
7fea8530e000-7fea85314000 r--p 000a3000 08:01 35132170                   /usr/lib/x86_64-linux-gnu/libfreetype.so.6.12.1
7fea85314000-7fea85315000 rw-p 000a9000 08:01 35132170                   /usr/lib/x86_64-linux-gnu/libfreetype.so.6.12.1
7fea85315000-7fea8531a000 r-xp 00000000 08:01 35132891                   /usr/lib/x86_64-linux-gnu/libXdmcp.so.6.0.0
7fea8531a000-7fea85519000 ---p 00005000 08:01 35132891                   /usr/lib/x86_64-linux-gnu/libXdmcp.so.6.0.0
7fea85519000-7fea8551a000 r--p 00004000 08:01 35132891                   /usr/lib/x86_64-linux-gnu/libXdmcp.so.6.0.0
7fea8551a000-7fea8551b000 rw-p 00005000 08:01 35132891                   /usr/lib/x86_64-linux-gnu/libXdmcp.so.6.0.0
7fea8551b000-7fea8551d000 r-xp 00000000 08:01 35132889                   /usr/lib/x86_64-linux-gnu/libXau.so.6.0.0
7fea8551d000-7fea8571d000 ---p 00002000 08:01 35132889                   /usr/lib/x86_64-linux-gnu/libXau.so.6.0.0
7fea8571d000-7fea8571e000 r--p 00002000 08:01 35132889                   /usr/lib/x86_64-linux-gnu/libXau.so.6.0.0
7fea8571e000-7fea8571f000 rw-p 00003000 08:01 35132889                   /usr/lib/x86_64-linux-gnu/libXau.so.6.0.0
7fea8571f000-7fea8572e000 r-xp 00000000 08:01 3670519                    /lib/x86_64-linux-gnu/libbz2.so.1.0.4
7fea8572e000-7fea8592d000 ---p 0000f000 08:01 3670519                    /lib/x86_64-linux-gnu/libbz2.so.1.0.4
7fea8592d000-7fea8592e000 r--p 0000e000 08:01 3670519                    /lib/x86_64-linux-gnu/libbz2.so.1.0.4
7fea8592e000-7fea8592f000 rw-p 0000f000 08:01 3670519                    /lib/x86_64-linux-gnu/libbz2.so.1.0.4
7fea8592f000-7fea85a53000 r-xp 00000000 08:01 35129648                   /usr/lib/x86_64-linux-gnu/libgnutls.so.30.6.2
7fea85a53000-7fea85c52000 ---p 00124000 08:01 35129648                   /usr/lib/x86_64-linux-gnu/libgnutls.so.30.6.2
7fea85c52000-7fea85c5d000 r--p 00123000 08:01 35129648                   /usr/lib/x86_64-linux-gnu/libgnutls.so.30.6.2
7fea85c5d000-7fea85c5f000 rw-p 0012e000 08:01 35129648                   /usr/lib/x86_64-linux-gnu/libgnutls.so.30.6.2
7fea85c5f000-7fea85c60000 rw-p 00000000 00:00 0 
7fea85c60000-7fea85ca7000 r-xp 00000000 08:01 35134446                   /usr/lib/x86_64-linux-gnu/libbluray.so.1.9.2
7fea85ca7000-7fea85ea6000 ---p 00047000 08:01 35134446                   /usr/lib/x86_64-linux-gnu/libbluray.so.1.9.2
7fea85ea6000-7fea85ea8000 r--p 00046000 08:01 35134446                   /usr/lib/x86_64-linux-gnu/libbluray.so.1.9.2
7fea85ea8000-7fea85ea9000 rw-p 00048000 08:01 35134446                   /usr/lib/x86_64-linux-gnu/libbluray.so.1.9.2
7fea85ea9000-7fea85ef3000 r-xp 00000000 08:01 35134448                   /usr/lib/x86_64-linux-gnu/libgme.so.0.6.0
7fea85ef3000-7fea860f3000 ---p 0004a000 08:01 35134448                   /usr/lib/x86_64-linux-gnu/libgme.so.0.6.0
7fea860f3000-7fea860f6000 r--p 0004a000 08:01 35134448                   /usr/lib/x86_64-linux-gnu/libgme.so.0.6.0
7fea860f6000-7fea860f7000 rw-p 0004d000 08:01 35134448                   /usr/lib/x86_64-linux-gnu/libgme.so.0.6.0
7fea860f7000-7fea86141000 r-xp 00000000 08:01 35134450                   /usr/lib/x86_64-linux-gnu/libmodplug.so.1.0.0
7fea86141000-7fea86341000 ---p 0004a000 08:01 35134450                   /usr/lib/x86_64-linux-gnu/libmodplug.so.1.0.0
7fea86341000-7fea86342000 r--p 0004a000 08:01 35134450                   /usr/lib/x86_64-linux-gnu/libmodplug.so.1.0.0
7fea86342000-7fea86343000 rw-p 0004b000 08:01 35134450                   /usr/lib/x86_64-linux-gnu/libmodplug.so.1.0.0
7fea86343000-7fea86482000 rw-p 00000000 00:00 0 
7fea86482000-7fea8649d000 r-xp 00000000 08:01 35132991                   /usr/lib/x86_64-linux-gnu/librtmp.so.1
7fea8649d000-7fea8669c000 ---p 0001b000 08:01 35132991                   /usr/lib/x86_64-linux-gnu/librtmp.so.1
7fea8669c000-7fea8669d000 r--p 0001a000 08:01 35132991                   /usr/lib/x86_64-linux-gnu/librtmp.so.1
7fea8669d000-7fea8669e000 rw-p 0001b000 08:01 35132991                   /usr/lib/x86_64-linux-gnu/librtmp.so.1
7fea8669e000-7fea866e6000 r-xp 00000000 08:01 35134452                   /usr/lib/x86_64-linux-gnu/libssh-gcrypt.so.4.4.1
7fea866e6000-7fea868e5000 ---p 00048000 08:01 35134452                   /usr/lib/x86_64-linux-gnu/libssh-gcrypt.so.4.4.1
7fea868e5000-7fea868e6000 r--p 00047000 08:01 35134452                   /usr/lib/x86_64-linux-gnu/libssh-gcrypt.so.4.4.1
7fea868e6000-7fea868e7000 rw-p 00048000 08:01 35134452                   /usr/lib/x86_64-linux-gnu/libssh-gcrypt.so.4.4.1
7fea868e7000-7fea86901000 r-xp 00000000 08:01 35129677                   /usr/lib/x86_64-linux-gnu/libcrystalhd.so.3.6
7fea86901000-7fea86b00000 ---p 0001a000 08:01 35129677                   /usr/lib/x86_64-linux-gnu/libcrystalhd.so.3.6
7fea86b00000-7fea86b01000 r--p 00019000 08:01 35129677                   /usr/lib/x86_64-linux-gnu/libcrystalhd.so.3.6
7fea86b01000-7fea86b02000 rw-p 0001a000 08:01 35129677                   /usr/lib/x86_64-linux-gnu/libcrystalhd.so.3.6
7fea86b02000-7fea86b0f000 r-xp 00000000 08:01 35131433                   /usr/lib/x86_64-linux-gnu/libgsm.so.1.0.12
7fea86b0f000-7fea86d0e000 ---p 0000d000 08:01 35131433                   /usr/lib/x86_64-linux-gnu/libgsm.so.1.0.12
7fea86d0e000-7fea86d0f000 r--p 0000c000 08:01 35131433                   /usr/lib/x86_64-linux-gnu/libgsm.so.1.0.12
7fea86d0f000-7fea86d10000 rw-p 0000d000 08:01 35131433                   /usr/lib/x86_64-linux-gnu/libgsm.so.1.0.12
7fea86d10000-7fea86d55000 r-xp 00000000 08:01 35134385                   /usr/lib/x86_64-linux-gnu/libmp3lame.so.0.0.0
7fea86d55000-7fea86f55000 ---p 00045000 08:01 35134385                   /usr/lib/x86_64-linux-gnu/libmp3lame.so.0.0.0
7fea86f55000-7fea86f56000 r--p 00045000 08:01 35134385                   /usr/lib/x86_64-linux-gnu/libmp3lame.so.0.0.0
7fea86f56000-7fea86f57000 rw-p 00046000 08:01 35134385                   /usr/lib/x86_64-linux-gnu/libmp3lame.so.0.0.0
7fea86f57000-7fea86f85000 rw-p 00000000 00:00 0 
7fea86f85000-7fea86fa7000 r-xp 00000000 08:01 35134388                   /usr/lib/x86_64-linux-gnu/libopenjpeg.so.1.5.2
7fea86fa7000-7fea871a6000 ---p 00022000 08:01 35134388                   /usr/lib/x86_64-linux-gnu/libopenjpeg.so.1.5.2
7fea871a6000-7fea871a7000 r--p 00021000 08:01 35134388                   /usr/lib/x86_64-linux-gnu/libopenjpeg.so.1.5.2
7fea871a7000-7fea871a8000 rw-p 00022000 08:01 35134388                   /usr/lib/x86_64-linux-gnu/libopenjpeg.so.1.5.2
7fea871a8000-7fea871f1000 r-xp 00000000 08:01 35134391                   /usr/lib/x86_64-linux-gnu/libopus.so.0.5.2
7fea871f1000-7fea873f0000 ---p 00049000 08:01 35134391                   /usr/lib/x86_64-linux-gnu/libopus.so.0.5.2
7fea873f0000-7fea873f1000 r--p 00048000 08:01 35134391                   /usr/lib/x86_64-linux-gnu/libopus.so.0.5.2
7fea873f1000-7fea873f2000 rw-p 00049000 08:01 35134391                   /usr/lib/x86_64-linux-gnu/libopus.so.0.5.2
7fea873f2000-7fea874c3000 r-xp 00000000 08:01 35133701                   /usr/lib/x86_64-linux-gnu/libschroedinger-1.0.so.0.11.0
7fea874c3000-7fea876c3000 ---p 000d1000 08:01 35133701                   /usr/lib/x86_64-linux-gnu/libschroedinger-1.0.so.0.11.0
7fea876c3000-7fea876c5000 r--p 000d1000 08:01 35133701                   /usr/lib/x86_64-linux-gnu/libschroedinger-1.0.so.0.11.0
7fea876c5000-7fea876c6000 rw-p 000d3000 08:01 35133701                   /usr/lib/x86_64-linux-gnu/libschroedinger-1.0.so.0.11.0
7fea876c6000-7fea876c7000 rw-p 00000000 00:00 0 
7fea876c7000-7fea876d3000 r-xp 00000000 08:01 35134393                   /usr/lib/x86_64-linux-gnu/libshine.so.3.0.1
7fea876d3000-7fea878d2000 ---p 0000c000 08:01 35134393                   /usr/lib/x86_64-linux-gnu/libshine.so.3.0.1
7fea878d2000-7fea878d3000 r--p 0000b000 08:01 35134393                   /usr/lib/x86_64-linux-gnu/libshine.so.3.0.1
7fea878d3000-7fea878d4000 rw-p 0000c000 08:01 35134393                   /usr/lib/x86_64-linux-gnu/libshine.so.3.0.1
7fea878d4000-7fea878db000 r-xp 00000000 08:01 35134395                   /usr/lib/x86_64-linux-gnu/libsnappy.so.1.3.0
7fea878db000-7fea87ada000 ---p 00007000 08:01 35134395                   /usr/lib/x86_64-linux-gnu/libsnappy.so.1.3.0
7fea87ada000-7fea87adb000 r--p 00006000 08:01 35134395                   /usr/lib/x86_64-linux-gnu/libsnappy.so.1.3.0
7fea87adb000-7fea87adc000 rw-p 00007000 08:01 35134395                   /usr/lib/x86_64-linux-gnu/libsnappy.so.1.3.0
7fea87adc000-7fea87af3000 r-xp 00000000 08:01 35134397                   /usr/lib/x86_64-linux-gnu/libspeex.so.1.5.0
7fea87af3000-7fea87cf3000 ---p 00017000 08:01 35134397                   /usr/lib/x86_64-linux-gnu/libspeex.so.1.5.0
7fea87cf3000-7fea87cf4000 r--p 00017000 08:01 35134397                   /usr/lib/x86_64-linux-gnu/libspeex.so.1.5.0
7fea87cf4000-7fea87cf5000 rw-p 00018000 08:01 35134397                   /usr/lib/x86_64-linux-gnu/libspeex.so.1.5.0
7fea87cf5000-7fea87d0e000 r-xp 00000000 08:01 35134405                   /usr/lib/x86_64-linux-gnu/libtheoradec.so.1.1.4
7fea87d0e000-7fea87f0d000 ---p 00019000 08:01 35134405                   /usr/lib/x86_64-linux-gnu/libtheoradec.so.1.1.4
7fea87f0d000-7fea87f0e000 r--p 00018000 08:01 35134405                   /usr/lib/x86_64-linux-gnu/libtheoradec.so.1.1.4
7fea87f0e000-7fea87f0f000 rw-p 00019000 08:01 35134405                   /usr/lib/x86_64-linux-gnu/libtheoradec.so.1.1.4
7fea87f0f000-7fea87f4d000 r-xp 00000000 08:01 35134403                   /usr/lib/x86_64-linux-gnu/libtheoraenc.so.1.1.2
7fea87f4d000-7fea8814c000 ---p 0003e000 08:01 35134403                   /usr/lib/x86_64-linux-gnu/libtheoraenc.so.1.1.2
7fea8814c000-7fea8814d000 r--p 0003d000 08:01 35134403                   /usr/lib/x86_64-linux-gnu/libtheoraenc.so.1.1.2
7fea8814d000-7fea8814e000 rw-p 0003e000 08:01 35134403                   /usr/lib/x86_64-linux-gnu/libtheoraenc.so.1.1.2
7fea8814e000-7fea8816c000 r-xp 00000000 08:01 35134409                   /usr/lib/x86_64-linux-gnu/libtwolame.so.0.0.0
7fea8816c000-7fea8836b000 ---p 0001e000 08:01 35134409                   /usr/lib/x86_64-linux-gnu/libtwolame.so.0.0.0
7fea8836b000-7fea8836c000 r--p 0001d000 08:01 35134409                   /usr/lib/x86_64-linux-gnu/libtwolame.so.0.0.0
7fea8836c000-7fea8836d000 rw-p 0001e000 08:01 35134409                   /usr/lib/x86_64-linux-gnu/libtwolame.so.0.0.0
7fea8836d000-7fea88371000 rw-p 00000000 00:00 0 
7fea88371000-7fea8839b000 r-xp 00000000 08:01 35134413                   /usr/lib/x86_64-linux-gnu/libvorbis.so.0.4.8
7fea8839b000-7fea8859b000 ---p 0002a000 08:01 35134413                   /usr/lib/x86_64-linux-gnu/libvorbis.so.0.4.8
7fea8859b000-7fea8859c000 r--p 0002a000 08:01 35134413                   /usr/lib/x86_64-linux-gnu/libvorbis.so.0.4.8
7fea8859c000-7fea8859d000 rw-p 0002b000 08:01 35134413                   /usr/lib/x86_64-linux-gnu/libvorbis.so.0.4.8
7fea8859d000-7fea8862a000 r-xp 00000000 08:01 35134415                   /usr/lib/x86_64-linux-gnu/libvorbisenc.so.2.0.11
7fea8862a000-7fea88829000 ---p 0008d000 08:01 35134415                   /usr/lib/x86_64-linux-gnu/libvorbisenc.so.2.0.11
7fea88829000-7fea88845000 r--p 0008c000 08:01 35134415                   /usr/lib/x86_64-linux-gnu/libvorbisenc.so.2.0.11
7fea88845000-7fea88846000 rw-p 000a8000 08:01 35134415                   /usr/lib/x86_64-linux-gnu/libvorbisenc.so.2.0.11
7fea88846000-7fea88a65000 r-xp 00000000 08:01 35134417                   /usr/lib/x86_64-linux-gnu/libvpx.so.3.0.0
7fea88a65000-7fea88c64000 ---p 0021f000 08:01 35134417                   /usr/lib/x86_64-linux-gnu/libvpx.so.3.0.0
7fea88c64000-7fea88c66000 r--p 0021e000 08:01 35134417                   /usr/lib/x86_64-linux-gnu/libvpx.so.3.0.0
7fea88c66000-7fea88c67000 rw-p 00220000 08:01 35134417                   /usr/lib/x86_64-linux-gnu/libvpx.so.3.0.0
7fea88c67000-7fea88c6a000 rw-p 00000000 00:00 0 
7fea88c6a000-7fea88c92000 r-xp 00000000 08:01 35134420                   /usr/lib/x86_64-linux-gnu/libwavpack.so.1.1.7
7fea88c92000-7fea88e91000 ---p 00028000 08:01 35134420                   /usr/lib/x86_64-linux-gnu/libwavpack.so.1.1.7
7fea88e91000-7fea88e92000 r--p 00027000 08:01 35134420                   /usr/lib/x86_64-linux-gnu/libwavpack.so.1.1.7
7fea88e92000-7fea88e93000 rw-p 00028000 08:01 35134420                   /usr/lib/x86_64-linux-gnu/libwavpack.so.1.1.7
7fea88e93000-7fea88eec000 r-xp 00000000 08:01 35134422                   /usr/lib/x86_64-linux-gnu/libwebp.so.5.0.4
7fea88eec000-7fea890ec000 ---p 00059000 08:01 35134422                   /usr/lib/x86_64-linux-gnu/libwebp.so.5.0.4
7fea890ec000-7fea890ed000 r--p 00059000 08:01 35134422                   /usr/lib/x86_64-linux-gnu/libwebp.so.5.0.4
7fea890ed000-7fea890ef000 rw-p 0005a000 08:01 35134422                   /usr/lib/x86_64-linux-gnu/libwebp.so.5.0.4
7fea890ef000-7fea89217000 r-xp 00000000 08:01 35134424                   /usr/lib/x86_64-linux-gnu/libx264.so.148
7fea89217000-7fea89416000 ---p 00128000 08:01 35134424                   /usr/lib/x86_64-linux-gnu/libx264.so.148
7fea89416000-7fea89417000 r--p 00127000 08:01 35134424                   /usr/lib/x86_64-linux-gnu/libx264.so.148
7fea89417000-7fea89418000 rw-p 00128000 08:01 35134424                   /usr/lib/x86_64-linux-gnu/libx264.so.148
7fea89418000-7fea89493000 rw-p 00000000 00:00 0 
7fea89493000-7fea89ea0000 r-xp 00000000 08:01 35134425                   /usr/lib/x86_64-linux-gnu/libx265.so.79
7fea89ea0000-7fea8a09f000 ---p 00a0d000 08:01 35134425                   /usr/lib/x86_64-linux-gnu/libx265.so.79
7fea8a09f000-7fea8a0a2000 r--p 00a0c000 08:01 35134425                   /usr/lib/x86_64-linux-gnu/libx265.so.79
7fea8a0a2000-7fea8a0a5000 rw-p 00a0f000 08:01 35134425                   /usr/lib/x86_64-linux-gnu/libx265.so.79
7fea8a0a5000-7fea8a0b2000 rw-p 00000000 00:00 0 
7fea8a0b2000-7fea8a153000 r-xp 00000000 08:01 35134426                   /usr/lib/x86_64-linux-gnu/libxvidcore.so.4.3
7fea8a153000-7fea8a352000 ---p 000a1000 08:01 35134426                   /usr/lib/x86_64-linux-gnu/libxvidcore.so.4.3
7fea8a352000-7fea8a353000 r--p 000a0000 08:01 35134426                   /usr/lib/x86_64-linux-gnu/libxvidcore.so.4.3
7fea8a353000-7fea8a35d000 rw-p 000a1000 08:01 35134426                   /usr/lib/x86_64-linux-gnu/libxvidcore.so.4.3
7fea8a35d000-7fea8a3c6000 rw-p 00000000 00:00 0 
7fea8a3c6000-7fea8a43d000 r-xp 00000000 08:01 35134428                   /usr/lib/x86_64-linux-gnu/libzvbi.so.0.13.2
7fea8a43d000-7fea8a63c000 ---p 00077000 08:01 35134428                   /usr/lib/x86_64-linux-gnu/libzvbi.so.0.13.2
7fea8a63c000-7fea8a645000 r--p 00076000 08:01 35134428                   /usr/lib/x86_64-linux-gnu/libzvbi.so.0.13.2
7fea8a645000-7fea8a651000 rw-p 0007f000 08:01 35134428                   /usr/lib/x86_64-linux-gnu/libzvbi.so.0.13.2
7fea8a651000-7fea8a66c000 r-xp 00000000 08:01 35134411                   /usr/lib/x86_64-linux-gnu/libva.so.1.3900.0
7fea8a66c000-7fea8a86b000 ---p 0001b000 08:01 35134411                   /usr/lib/x86_64-linux-gnu/libva.so.1.3900.0
7fea8a86b000-7fea8a86c000 r--p 0001a000 08:01 35134411                   /usr/lib/x86_64-linux-gnu/libva.so.1.3900.0
7fea8a86c000-7fea8a86d000 rw-p 0001b000 08:01 35134411                   /usr/lib/x86_64-linux-gnu/libva.so.1.3900.0
7fea8a86d000-7fea8a887000 r-xp 00000000 08:01 35134401                   /usr/lib/x86_64-linux-gnu/libswresample-ffmpeg.so.1.2.101
7fea8a887000-7fea8aa86000 ---p 0001a000 08:01 35134401                   /usr/lib/x86_64-linux-gnu/libswresample-ffmpeg.so.1.2.101
7fea8aa86000-7fea8aa88000 r--p 00019000 08:01 35134401                   /usr/lib/x86_64-linux-gnu/libswresample-ffmpeg.so.1.2.101
7fea8aa88000-7fea8aa89000 rw-p 0001b000 08:01 35134401                   /usr/lib/x86_64-linux-gnu/libswresample-ffmpeg.so.1.2.101
7fea8aa89000-7fea8aa92000 r-xp 00000000 08:01 35134589                   /usr/lib/x86_64-linux-gnu/libv4l2.so.0.0.0
7fea8aa92000-7fea8ac91000 ---p 00009000 08:01 35134589                   /usr/lib/x86_64-linux-gnu/libv4l2.so.0.0.0
7fea8ac91000-7fea8ac92000 r--p 00008000 08:01 35134589                   /usr/lib/x86_64-linux-gnu/libv4l2.so.0.0.0
7fea8ac92000-7fea8ac97000 rw-p 00009000 08:01 35134589                   /usr/lib/x86_64-linux-gnu/libv4l2.so.0.0.0
7fea8ac97000-7fea8acae000 r-xp 00000000 08:01 3674048                    /lib/x86_64-linux-gnu/libusb-1.0.so.0.1.0
7fea8acae000-7fea8aead000 ---p 00017000 08:01 3674048                    /lib/x86_64-linux-gnu/libusb-1.0.so.0.1.0
7fea8aead000-7fea8aeae000 r--p 00016000 08:01 3674048                    /lib/x86_64-linux-gnu/libusb-1.0.so.0.1.0
7fea8aeae000-7fea8aeaf000 rw-p 00017000 08:01 3674048                    /lib/x86_64-linux-gnu/libusb-1.0.so.0.1.0
7fea8aeaf000-7fea8aebc000 r-xp 00000000 08:01 35134569                   /usr/lib/x86_64-linux-gnu/libraw1394.so.11.1.0
7fea8aebc000-7fea8b0bc000 ---p 0000d000 08:01 35134569                   /usr/lib/x86_64-linux-gnu/libraw1394.so.11.1.0
7fea8b0bc000-7fea8b0bd000 r--p 0000d000 08:01 35134569                   /usr/lib/x86_64-linux-gnu/libraw1394.so.11.1.0
7fea8b0bd000-7fea8b0be000 rw-p 0000e000 08:01 35134569                   /usr/lib/x86_64-linux-gnu/libraw1394.so.11.1.0
7fea8b0be000-7fea8b0dc000 r-xp 00000000 08:01 35133773                   /usr/lib/x86_64-linux-gnu/libpangox-1.0.so.0.0.0
7fea8b0dc000-7fea8b2dc000 ---p 0001e000 08:01 35133773                   /usr/lib/x86_64-linux-gnu/libpangox-1.0.so.0.0.0
7fea8b2dc000-7fea8b2dd000 r--p 0001e000 08:01 35133773                   /usr/lib/x86_64-linux-gnu/libpangox-1.0.so.0.0.0
7fea8b2dd000-7fea8b2de000 rw-p 0001f000 08:01 35133773                   /usr/lib/x86_64-linux-gnu/libpangox-1.0.so.0.0.0
7fea8b2de000-7fea8b2f6000 r-xp 00000000 08:01 35134577                   /usr/lib/x86_64-linux-gnu/libXmu.so.6.2.0
7fea8b2f6000-7fea8b4f5000 ---p 00018000 08:01 35134577                   /usr/lib/x86_64-linux-gnu/libXmu.so.6.2.0
7fea8b4f5000-7fea8b4f6000 r--p 00017000 08:01 35134577                   /usr/lib/x86_64-linux-gnu/libXmu.so.6.2.0
7fea8b4f6000-7fea8b4f7000 rw-p 00018000 08:01 35134577                   /usr/lib/x86_64-linux-gnu/libXmu.so.6.2.0
7fea8b4f7000-7fea8b564000 r-xp 00000000 08:01 35134573                   /usr/lib/x86_64-linux-gnu/libGLU.so.1.3.1
7fea8b564000-7fea8b764000 ---p 0006d000 08:01 35134573                   /usr/lib/x86_64-linux-gnu/libGLU.so.1.3.1
7fea8b764000-7fea8b765000 r--p 0006d000 08:01 35134573                   /usr/lib/x86_64-linux-gnu/libGLU.so.1.3.1
7fea8b765000-7fea8b766000 rw-p 0006e000 08:01 35134573                   /usr/lib/x86_64-linux-gnu/libGLU.so.1.3.1
7fea8b766000-7fea8b7d4000 r-xp 00000000 08:01 3670600                    /lib/x86_64-linux-gnu/libpcre.so.3.13.2
7fea8b7d4000-7fea8b9d4000 ---p 0006e000 08:01 3670600                    /lib/x86_64-linux-gnu/libpcre.so.3.13.2
7fea8b9d4000-7fea8b9d5000 r--p 0006e000 08:01 3670600                    /lib/x86_64-linux-gnu/libpcre.so.3.13.2
7fea8b9d5000-7fea8b9d6000 rw-p 0006f000 08:01 3670600                    /lib/x86_64-linux-gnu/libpcre.so.3.13.2
7fea8b9d6000-7fea8b9dd000 r-xp 00000000 08:01 35129636                   /usr/lib/x86_64-linux-gnu/libffi.so.6.0.4
7fea8b9dd000-7fea8bbdc000 ---p 00007000 08:01 35129636                   /usr/lib/x86_64-linux-gnu/libffi.so.6.0.4
7fea8bbdc000-7fea8bbdd000 r--p 00006000 08:01 35129636                   /usr/lib/x86_64-linux-gnu/libffi.so.6.0.4
7fea8bbdd000-7fea8bbde000 rw-p 00007000 08:01 35129636                   /usr/lib/x86_64-linux-gnu/libffi.so.6.0.4
7fea8bbde000-7fea8bbe0000 r-xp 00000000 08:01 35133707                   /usr/lib/x86_64-linux-gnu/libXcomposite.so.1.0.0
7fea8bbe0000-7fea8bddf000 ---p 00002000 08:01 35133707                   /usr/lib/x86_64-linux-gnu/libXcomposite.so.1.0.0
7fea8bddf000-7fea8bde0000 r--p 00001000 08:01 35133707                   /usr/lib/x86_64-linux-gnu/libXcomposite.so.1.0.0
7fea8bde0000-7fea8bde1000 rw-p 00002000 08:01 35133707                   /usr/lib/x86_64-linux-gnu/libXcomposite.so.1.0.0
7fea8bde1000-7fea8bdea000 r-xp 00000000 08:01 35133713                   /usr/lib/x86_64-linux-gnu/libXcursor.so.1.0.2
7fea8bdea000-7fea8bfe9000 ---p 00009000 08:01 35133713                   /usr/lib/x86_64-linux-gnu/libXcursor.so.1.0.2
7fea8bfe9000-7fea8bfea000 r--p 00008000 08:01 35133713                   /usr/lib/x86_64-linux-gnu/libXcursor.so.1.0.2
7fea8bfea000-7fea8bfeb000 rw-p 00009000 08:01 35133713                   /usr/lib/x86_64-linux-gnu/libXcursor.so.1.0.2
7fea8bfeb000-7fea8bff5000 r-xp 00000000 08:01 35134314                   /usr/lib/x86_64-linux-gnu/libXrandr.so.2.2.0
7fea8bff5000-7fea8c1f4000 ---p 0000a000 08:01 35134314                   /usr/lib/x86_64-linux-gnu/libXrandr.so.2.2.0
7fea8c1f4000-7fea8c1f5000 r--p 00009000 08:01 35134314                   /usr/lib/x86_64-linux-gnu/libXrandr.so.2.2.0
7fea8c1f5000-7fea8c1f6000 rw-p 0000a000 08:01 35134314                   /usr/lib/x86_64-linux-gnu/libXrandr.so.2.2.0
7fea8c1f6000-7fea8c205000 r-xp 00000000 08:01 35134312                   /usr/lib/x86_64-linux-gnu/libXi.so.6.1.0
7fea8c205000-7fea8c404000 ---p 0000f000 08:01 35134312                   /usr/lib/x86_64-linux-gnu/libXi.so.6.1.0
7fea8c404000-7fea8c405000 r--p 0000e000 08:01 35134312                   /usr/lib/x86_64-linux-gnu/libXi.so.6.1.0
7fea8c405000-7fea8c406000 rw-p 0000f000 08:01 35134312                   /usr/lib/x86_64-linux-gnu/libXi.so.6.1.0
7fea8c406000-7fea8c408000 r-xp 00000000 08:01 35133719                   /usr/lib/x86_64-linux-gnu/libXinerama.so.1.0.0
7fea8c408000-7fea8c607000 ---p 00002000 08:01 35133719                   /usr/lib/x86_64-linux-gnu/libXinerama.so.1.0.0
7fea8c607000-7fea8c608000 r--p 00001000 08:01 35133719                   /usr/lib/x86_64-linux-gnu/libXinerama.so.1.0.0
7fea8c608000-7fea8c609000 rw-p 00002000 08:01 35133719                   /usr/lib/x86_64-linux-gnu/libXinerama.so.1.0.0
7fea8c609000-7fea8c612000 r-xp 00000000 08:01 35133711                   /usr/lib/x86_64-linux-gnu/libXrender.so.1.3.0
7fea8c612000-7fea8c811000 ---p 00009000 08:01 35133711                   /usr/lib/x86_64-linux-gnu/libXrender.so.1.3.0
7fea8c811000-7fea8c812000 r--p 00008000 08:01 35133711                   /usr/lib/x86_64-linux-gnu/libXrender.so.1.3.0
7fea8c812000-7fea8c813000 rw-p 00009000 08:01 35133711                   /usr/lib/x86_64-linux-gnu/libXrender.so.1.3.0
7fea8c813000-7fea8c850000 r-xp 00000000 08:01 35129633                   /usr/lib/x86_64-linux-gnu/libfontconfig.so.1.9.0
7fea8c850000-7fea8ca4f000 ---p 0003d000 08:01 35129633                   /usr/lib/x86_64-linux-gnu/libfontconfig.so.1.9.0
7fea8ca4f000-7fea8ca51000 r--p 0003c000 08:01 35129633                   /usr/lib/x86_64-linux-gnu/libfontconfig.so.1.9.0
7fea8ca51000-7fea8ca56000 rw-p 0003e000 08:01 35129633                   /usr/lib/x86_64-linux-gnu/libfontconfig.so.1.9.0
7fea8ca56000-7fea8ca9f000 r-xp 00000000 08:01 35133771                   /usr/lib/x86_64-linux-gnu/libpango-1.0.so.0.3800.1
7fea8ca9f000-7fea8cc9f000 ---p 00049000 08:01 35133771                   /usr/lib/x86_64-linux-gnu/libpango-1.0.so.0.3800.1
7fea8cc9f000-7fea8cca1000 r--p 00049000 08:01 35133771                   /usr/lib/x86_64-linux-gnu/libpango-1.0.so.0.3800.1
7fea8cca1000-7fea8cca2000 rw-p 0004b000 08:01 35133771                   /usr/lib/x86_64-linux-gnu/libpango-1.0.so.0.3800.1
7fea8cca2000-7fea8ccb6000 r-xp 00000000 08:01 35134301                   /usr/lib/x86_64-linux-gnu/libpangoft2-1.0.so.0.3800.1
7fea8ccb6000-7fea8ceb6000 ---p 00014000 08:01 35134301                   /usr/lib/x86_64-linux-gnu/libpangoft2-1.0.so.0.3800.1
7fea8ceb6000-7fea8ceb7000 r--p 00014000 08:01 35134301                   /usr/lib/x86_64-linux-gnu/libpangoft2-1.0.so.0.3800.1
7fea8ceb7000-7fea8ceb8000 rw-p 00015000 08:01 35134301                   /usr/lib/x86_64-linux-gnu/libpangoft2-1.0.so.0.3800.1
7fea8ceb8000-7fea8d038000 r-xp 00000000 08:01 35132255                   /usr/lib/x86_64-linux-gnu/libgio-2.0.so.0.4800.0
7fea8d038000-7fea8d238000 ---p 00180000 08:01 35132255                   /usr/lib/x86_64-linux-gnu/libgio-2.0.so.0.4800.0
7fea8d238000-7fea8d23c000 r--p 00180000 08:01 35132255                   /usr/lib/x86_64-linux-gnu/libgio-2.0.so.0.4800.0
7fea8d23c000-7fea8d23e000 rw-p 00184000 08:01 35132255                   /usr/lib/x86_64-linux-gnu/libgio-2.0.so.0.4800.0
7fea8d23e000-7fea8d240000 rw-p 00000000 00:00 0 
7fea8d240000-7fea8d261000 r-xp 00000000 08:01 35134285                   /usr/lib/x86_64-linux-gnu/libgdk_pixbuf-2.0.so.0.3200.2
7fea8d261000-7fea8d460000 ---p 00021000 08:01 35134285                   /usr/lib/x86_64-linux-gnu/libgdk_pixbuf-2.0.so.0.3200.2
7fea8d460000-7fea8d461000 r--p 00020000 08:01 35134285                   /usr/lib/x86_64-linux-gnu/libgdk_pixbuf-2.0.so.0.3200.2
7fea8d461000-7fea8d462000 rw-p 00021000 08:01 35134285                   /usr/lib/x86_64-linux-gnu/libgdk_pixbuf-2.0.so.0.3200.2
7fea8d462000-7fea8d570000 r-xp 00000000 08:01 35134294                   /usr/lib/x86_64-linux-gnu/libcairo.so.2.11400.6
7fea8d570000-7fea8d770000 ---p 0010e000 08:01 35134294                   /usr/lib/x86_64-linux-gnu/libcairo.so.2.11400.6
7fea8d770000-7fea8d773000 r--p 0010e000 08:01 35134294                   /usr/lib/x86_64-linux-gnu/libcairo.so.2.11400.6
7fea8d773000-7fea8d774000 rw-p 00111000 08:01 35134294                   /usr/lib/x86_64-linux-gnu/libcairo.so.2.11400.6
7fea8d774000-7fea8d776000 rw-p 00000000 00:00 0 
7fea8d776000-7fea8d798000 r-xp 00000000 08:01 35134280                   /usr/lib/x86_64-linux-gnu/libatk-1.0.so.0.21809.1
7fea8d798000-7fea8d997000 ---p 00022000 08:01 35134280                   /usr/lib/x86_64-linux-gnu/libatk-1.0.so.0.21809.1
7fea8d997000-7fea8d99a000 r--p 00021000 08:01 35134280                   /usr/lib/x86_64-linux-gnu/libatk-1.0.so.0.21809.1
7fea8d99a000-7fea8d99b000 rw-p 00024000 08:01 35134280                   /usr/lib/x86_64-linux-gnu/libatk-1.0.so.0.21809.1
7fea8d99b000-7fea8d9a7000 r-xp 00000000 08:01 35134303                   /usr/lib/x86_64-linux-gnu/libpangocairo-1.0.so.0.3800.1
7fea8d9a7000-7fea8dba6000 ---p 0000c000 08:01 35134303                   /usr/lib/x86_64-linux-gnu/libpangocairo-1.0.so.0.3800.1
7fea8dba6000-7fea8dba7000 r--p 0000b000 08:01 35134303                   /usr/lib/x86_64-linux-gnu/libpangocairo-1.0.so.0.3800.1
7fea8dba7000-7fea8dba8000 rw-p 0000c000 08:01 35134303                   /usr/lib/x86_64-linux-gnu/libpangocairo-1.0.so.0.3800.1
7fea8dba8000-7fea8dbab000 r-xp 00000000 08:01 35132257                   /usr/lib/x86_64-linux-gnu/libgmodule-2.0.so.0.4800.0
7fea8dbab000-7fea8ddaa000 ---p 00003000 08:01 35132257                   /usr/lib/x86_64-linux-gnu/libgmodule-2.0.so.0.4800.0
7fea8ddaa000-7fea8ddab000 r--p 00002000 08:01 35132257                   /usr/lib/x86_64-linux-gnu/libgmodule-2.0.so.0.4800.0
7fea8ddab000-7fea8ddac000 rw-p 00003000 08:01 35132257                   /usr/lib/x86_64-linux-gnu/libgmodule-2.0.so.0.4800.0
7fea8ddac000-7fea8ddb1000 r-xp 00000000 08:01 35133676                   /usr/lib/x86_64-linux-gnu/libIlmThread-2_2.so.12.0.0
7fea8ddb1000-7fea8dfb1000 ---p 00005000 08:01 35133676                   /usr/lib/x86_64-linux-gnu/libIlmThread-2_2.so.12.0.0
7fea8dfb1000-7fea8dfb2000 r--p 00005000 08:01 35133676                   /usr/lib/x86_64-linux-gnu/libIlmThread-2_2.so.12.0.0
7fea8dfb2000-7fea8dfb3000 rw-p 00006000 08:01 35133676                   /usr/lib/x86_64-linux-gnu/libIlmThread-2_2.so.12.0.0
7fea8dfb3000-7fea8dfce000 r-xp 00000000 08:01 35133675                   /usr/lib/x86_64-linux-gnu/libIex-2_2.so.12.0.0
7fea8dfce000-7fea8e1cd000 ---p 0001b000 08:01 35133675                   /usr/lib/x86_64-linux-gnu/libIex-2_2.so.12.0.0
7fea8e1cd000-7fea8e1d0000 r--p 0001a000 08:01 35133675                   /usr/lib/x86_64-linux-gnu/libIex-2_2.so.12.0.0
7fea8e1d0000-7fea8e1d1000 rw-p 0001d000 08:01 35133675                   /usr/lib/x86_64-linux-gnu/libIex-2_2.so.12.0.0
7fea8e1d1000-7fea8e1dc000 r-xp 00000000 08:01 35133762                   /usr/lib/x86_64-linux-gnu/libjbig.so.0
7fea8e1dc000-7fea8e3db000 ---p 0000b000 08:01 35133762                   /usr/lib/x86_64-linux-gnu/libjbig.so.0
7fea8e3db000-7fea8e3dc000 r--p 0000a000 08:01 35133762                   /usr/lib/x86_64-linux-gnu/libjbig.so.0
7fea8e3dc000-7fea8e3df000 rw-p 0000b000 08:01 35133762                   /usr/lib/x86_64-linux-gnu/libjbig.so.0
7fea8e3df000-7fea8e400000 r-xp 00000000 08:01 3670560                    /lib/x86_64-linux-gnu/liblzma.so.5.0.0
7fea8e400000-7fea8e5ff000 ---p 00021000 08:01 3670560                    /lib/x86_64-linux-gnu/liblzma.so.5.0.0
7fea8e5ff000-7fea8e600000 r--p 00020000 08:01 3670560                    /lib/x86_64-linux-gnu/liblzma.so.5.0.0
7fea8e600000-7fea8e601000 rw-p 00021000 08:01 3670560                    /lib/x86_64-linux-gnu/liblzma.so.5.0.0
7fea8e601000-7fea8e60f000 r-xp 00000000 08:01 35133043                   /usr/lib/x86_64-linux-gnu/libdrm.so.2.4.0
7fea8e60f000-7fea8e80e000 ---p 0000e000 08:01 35133043                   /usr/lib/x86_64-linux-gnu/libdrm.so.2.4.0
7fea8e80e000-7fea8e80f000 r--p 0000d000 08:01 35133043                   /usr/lib/x86_64-linux-gnu/libdrm.so.2.4.0
7fea8e80f000-7fea8e810000 rw-p 0000e000 08:01 35133043                   /usr/lib/x86_64-linux-gnu/libdrm.so.2.4.0
7fea8e810000-7fea8e815000 r-xp 00000000 08:01 35133723                   /usr/lib/x86_64-linux-gnu/libXxf86vm.so.1.0.0
7fea8e815000-7fea8ea14000 ---p 00005000 08:01 35133723                   /usr/lib/x86_64-linux-gnu/libXxf86vm.so.1.0.0
7fea8ea14000-7fea8ea15000 r--p 00004000 08:01 35133723                   /usr/lib/x86_64-linux-gnu/libXxf86vm.so.1.0.0
7fea8ea15000-7fea8ea16000 rw-p 00005000 08:01 35133723                   /usr/lib/x86_64-linux-gnu/libXxf86vm.so.1.0.0
7fea8ea16000-7fea8ea37000 r-xp 00000000 08:01 35132893                   /usr/lib/x86_64-linux-gnu/libxcb.so.1.1.0
7fea8ea37000-7fea8ec36000 ---p 00021000 08:01 35132893                   /usr/lib/x86_64-linux-gnu/libxcb.so.1.1.0
7fea8ec36000-7fea8ec37000 r--p 00020000 08:01 35132893                   /usr/lib/x86_64-linux-gnu/libxcb.so.1.1.0
7fea8ec37000-7fea8ec38000 rw-p 00021000 08:01 35132893                   /usr/lib/x86_64-linux-gnu/libxcb.so.1.1.0
7fea8ec38000-7fea8ec3c000 r-xp 00000000 08:01 35134524                   /usr/lib/x86_64-linux-gnu/libxcb-dri2.so.0.0.0
7fea8ec3c000-7fea8ee3b000 ---p 00004000 08:01 35134524                   /usr/lib/x86_64-linux-gnu/libxcb-dri2.so.0.0.0
7fea8ee3b000-7fea8ee3c000 r--p 00003000 08:01 35134524                   /usr/lib/x86_64-linux-gnu/libxcb-dri2.so.0.0.0
7fea8ee3c000-7fea8ee3d000 rw-p 00004000 08:01 35134524                   /usr/lib/x86_64-linux-gnu/libxcb-dri2.so.0.0.0
7fea8ee3d000-7fea8ee54000 r-xp 00000000 08:01 35134528                   /usr/lib/x86_64-linux-gnu/libxcb-glx.so.0.0.0
7fea8ee54000-7fea8f053000 ---p 00017000 08:01 35134528                   /usr/lib/x86_64-linux-gnu/libxcb-glx.so.0.0.0
7fea8f053000-7fea8f055000 r--p 00016000 08:01 35134528                   /usr/lib/x86_64-linux-gnu/libxcb-glx.so.0.0.0
7fea8f055000-7fea8f056000 rw-p 00018000 08:01 35134528                   /usr/lib/x86_64-linux-gnu/libxcb-glx.so.0.0.0
7fea8f056000-7fea8f18b000 r-xp 00000000 08:01 35132896                   /usr/lib/x86_64-linux-gnu/libX11.so.6.3.0
7fea8f18b000-7fea8f38b000 ---p 00135000 08:01 35132896                   /usr/lib/x86_64-linux-gnu/libX11.so.6.3.0
7fea8f38b000-7fea8f38c000 r--p 00135000 08:01 35132896                   /usr/lib/x86_64-linux-gnu/libX11.so.6.3.0
7fea8f38c000-7fea8f390000 rw-p 00136000 08:01 35132896                   /usr/lib/x86_64-linux-gnu/libX11.so.6.3.0
7fea8f390000-7fea8f391000 r-xp 00000000 08:01 35134522                   /usr/lib/x86_64-linux-gnu/libX11-xcb.so.1.0.0
7fea8f391000-7fea8f590000 ---p 00001000 08:01 35134522                   /usr/lib/x86_64-linux-gnu/libX11-xcb.so.1.0.0
7fea8f590000-7fea8f591000 r--p 00000000 08:01 35134522                   /usr/lib/x86_64-linux-gnu/libX11-xcb.so.1.0.0
7fea8f591000-7fea8f592000 rw-p 00001000 08:01 35134522                   /usr/lib/x86_64-linux-gnu/libX11-xcb.so.1.0.0
7fea8f592000-7fea8f597000 r-xp 00000000 08:01 35133709                   /usr/lib/x86_64-linux-gnu/libXfixes.so.3.1.0
7fea8f597000-7fea8f796000 ---p 00005000 08:01 35133709                   /usr/lib/x86_64-linux-gnu/libXfixes.so.3.1.0
7fea8f796000-7fea8f797000 r--p 00004000 08:01 35133709                   /usr/lib/x86_64-linux-gnu/libXfixes.so.3.1.0
7fea8f797000-7fea8f798000 rw-p 00005000 08:01 35133709                   /usr/lib/x86_64-linux-gnu/libXfixes.so.3.1.0
7fea8f798000-7fea8f79a000 r-xp 00000000 08:01 35133715                   /usr/lib/x86_64-linux-gnu/libXdamage.so.1.1.0
7fea8f79a000-7fea8f999000 ---p 00002000 08:01 35133715                   /usr/lib/x86_64-linux-gnu/libXdamage.so.1.1.0
7fea8f999000-7fea8f99a000 r--p 00001000 08:01 35133715                   /usr/lib/x86_64-linux-gnu/libXdamage.so.1.1.0
7fea8f99a000-7fea8f99b000 rw-p 00002000 08:01 35133715                   /usr/lib/x86_64-linux-gnu/libXdamage.so.1.1.0
7fea8f99b000-7fea8f9ac000 r-xp 00000000 08:01 35132898                   /usr/lib/x86_64-linux-gnu/libXext.so.6.4.0
7fea8f9ac000-7fea8fbab000 ---p 00011000 08:01 35132898                   /usr/lib/x86_64-linux-gnu/libXext.so.6.4.0
7fea8fbab000-7fea8fbac000 r--p 00010000 08:01 35132898                   /usr/lib/x86_64-linux-gnu/libXext.so.6.4.0
7fea8fbac000-7fea8fbad000 rw-p 00011000 08:01 35132898                   /usr/lib/x86_64-linux-gnu/libXext.so.6.4.0
7fea8fbad000-7fea8fbd6000 r-xp 00000000 08:01 35134520                   /usr/lib/x86_64-linux-gnu/libglapi.so.0.0.0
7fea8fbd6000-7fea8fdd5000 ---p 00029000 08:01 35134520                   /usr/lib/x86_64-linux-gnu/libglapi.so.0.0.0
7fea8fdd5000-7fea8fdd9000 r--p 00028000 08:01 35134520                   /usr/lib/x86_64-linux-gnu/libglapi.so.0.0.0
7fea8fdd9000-7fea8fdda000 rw-p 0002c000 08:01 35134520                   /usr/lib/x86_64-linux-gnu/libglapi.so.0.0.0
7fea8fdda000-7fea8fddb000 rw-p 00000000 00:00 0 
7fea8fddb000-7fea8fddc000 r-xp 00000000 08:01 35133721                   /usr/lib/x86_64-linux-gnu/libxshmfence.so.1.0.0
7fea8fddc000-7fea8ffdc000 ---p 00001000 08:01 35133721                   /usr/lib/x86_64-linux-gnu/libxshmfence.so.1.0.0
7fea8ffdc000-7fea8ffdd000 r--p 00001000 08:01 35133721                   /usr/lib/x86_64-linux-gnu/libxshmfence.so.1.0.0
7fea8ffdd000-7fea8ffde000 rw-p 00002000 08:01 35133721                   /usr/lib/x86_64-linux-gnu/libxshmfence.so.1.0.0
7fea8ffde000-7fea8ffe3000 r-xp 00000000 08:01 35134532                   /usr/lib/x86_64-linux-gnu/libxcb-sync.so.1.0.0
7fea8ffe3000-7fea901e3000 ---p 00005000 08:01 35134532                   /usr/lib/x86_64-linux-gnu/libxcb-sync.so.1.0.0
7fea901e3000-7fea901e4000 r--p 00005000 08:01 35134532                   /usr/lib/x86_64-linux-gnu/libxcb-sync.so.1.0.0
7fea901e4000-7fea901e5000 rw-p 00006000 08:01 35134532                   /usr/lib/x86_64-linux-gnu/libxcb-sync.so.1.0.0
7fea901e5000-7fea901e7000 r-xp 00000000 08:01 35134530                   /usr/lib/x86_64-linux-gnu/libxcb-present.so.0.0.0
7fea901e7000-7fea903e6000 ---p 00002000 08:01 35134530                   /usr/lib/x86_64-linux-gnu/libxcb-present.so.0.0.0
7fea903e6000-7fea903e7000 r--p 00001000 08:01 35134530                   /usr/lib/x86_64-linux-gnu/libxcb-present.so.0.0.0
7fea903e7000-7fea903e8000 rw-p 00002000 08:01 35134530                   /usr/lib/x86_64-linux-gnu/libxcb-present.so.0.0.0
7fea903e8000-7fea903ea000 r-xp 00000000 08:01 35134526                   /usr/lib/x86_64-linux-gnu/libxcb-dri3.so.0.0.0
7fea903ea000-7fea905e9000 ---p 00002000 08:01 35134526                   /usr/lib/x86_64-linux-gnu/libxcb-dri3.so.0.0.0
7fea905e9000-7fea905ea000 r--p 00001000 08:01 35134526                   /usr/lib/x86_64-linux-gnu/libxcb-dri3.so.0.0.0
7fea905ea000-7fea905eb000 rw-p 00002000 08:01 35134526                   /usr/lib/x86_64-linux-gnu/libxcb-dri3.so.0.0.0
7fea905eb000-7fea90611000 r-xp 00000000 08:01 3674279                    /lib/x86_64-linux-gnu/libexpat.so.1.6.0
7fea90611000-7fea90811000 ---p 00026000 08:01 3674279                    /lib/x86_64-linux-gnu/libexpat.so.1.6.0
7fea90811000-7fea90813000 r--p 00026000 08:01 3674279                    /lib/x86_64-linux-gnu/libexpat.so.1.6.0
7fea90813000-7fea90814000 rw-p 00028000 08:01 3674279                    /lib/x86_64-linux-gnu/libexpat.so.1.6.0
7fea90814000-7fea90817000 r-xp 00000000 08:01 3670534                    /lib/x86_64-linux-gnu/libdl-2.23.so
7fea90817000-7fea90a16000 ---p 00003000 08:01 3670534                    /lib/x86_64-linux-gnu/libdl-2.23.so
7fea90a16000-7fea90a17000 r--p 00002000 08:01 3670534                    /lib/x86_64-linux-gnu/libdl-2.23.so
7fea90a17000-7fea90a18000 rw-p 00003000 08:01 3670534                    /lib/x86_64-linux-gnu/libdl-2.23.so
7fea90a18000-7fea90a1f000 r-xp 00000000 08:01 3670613                    /lib/x86_64-linux-gnu/librt-2.23.so
7fea90a1f000-7fea90c1e000 ---p 00007000 08:01 3670613                    /lib/x86_64-linux-gnu/librt-2.23.so
7fea90c1e000-7fea90c1f000 r--p 00006000 08:01 3670613                    /lib/x86_64-linux-gnu/librt-2.23.so
7fea90c1f000-7fea90c20000 rw-p 00007000 08:01 3670613                    /lib/x86_64-linux-gnu/librt-2.23.so
7fea90c20000-7fea90c39000 r-xp 00000000 08:01 3670643                    /lib/x86_64-linux-gnu/libz.so.1.2.8
7fea90c39000-7fea90e38000 ---p 00019000 08:01 3670643                    /lib/x86_64-linux-gnu/libz.so.1.2.8
7fea90e38000-7fea90e39000 r--p 00018000 08:01 3670643                    /lib/x86_64-linux-gnu/libz.so.1.2.8
7fea90e39000-7fea90e3a000 rw-p 00019000 08:01 3670643                    /lib/x86_64-linux-gnu/libz.so.1.2.8
7fea90e3a000-7fea90e71000 r-xp 00000000 08:01 35134548                   /usr/lib/x86_64-linux-gnu/libtbb.so.2
7fea90e71000-7fea91071000 ---p 00037000 08:01 35134548                   /usr/lib/x86_64-linux-gnu/libtbb.so.2
7fea91071000-7fea91072000 r--p 00037000 08:01 35134548                   /usr/lib/x86_64-linux-gnu/libtbb.so.2
7fea91072000-7fea91074000 rw-p 00038000 08:01 35134548                   /usr/lib/x86_64-linux-gnu/libtbb.so.2
7fea91074000-7fea91077000 rw-p 00000000 00:00 0 
7fea91077000-7fea910fc000 r-xp 00000000 08:01 35134585                   /usr/lib/x86_64-linux-gnu/libswscale-ffmpeg.so.3.1.101
7fea910fc000-7fea912fb000 ---p 00085000 08:01 35134585                   /usr/lib/x86_64-linux-gnu/libswscale-ffmpeg.so.3.1.101
7fea912fb000-7fea912fd000 r--p 00084000 08:01 35134585                   /usr/lib/x86_64-linux-gnu/libswscale-ffmpeg.so.3.1.101
7fea912fd000-7fea912fe000 rw-p 00086000 08:01 35134585                   /usr/lib/x86_64-linux-gnu/libswscale-ffmpeg.so.3.1.101
7fea912fe000-7fea91306000 rw-p 00000000 00:00 0 
7fea91306000-7fea9135b000 r-xp 00000000 08:01 35134383                   /usr/lib/x86_64-linux-gnu/libavutil-ffmpeg.so.54.31.100
7fea9135b000-7fea9155b000 ---p 00055000 08:01 35134383                   /usr/lib/x86_64-linux-gnu/libavutil-ffmpeg.so.54.31.100
7fea9155b000-7fea91561000 r--p 00055000 08:01 35134383                   /usr/lib/x86_64-linux-gnu/libavutil-ffmpeg.so.54.31.100
7fea91561000-7fea91562000 rw-p 0005b000 08:01 35134383                   /usr/lib/x86_64-linux-gnu/libavutil-ffmpeg.so.54.31.100
7fea91562000-7fea91575000 rw-p 00000000 00:00 0 
7fea91575000-7fea91749000 r-xp 00000000 08:01 35134456                   /usr/lib/x86_64-linux-gnu/libavformat-ffmpeg.so.56.40.101
7fea91749000-7fea91949000 ---p 001d4000 08:01 35134456                   /usr/lib/x86_64-linux-gnu/libavformat-ffmpeg.so.56.40.101
7fea91949000-7fea9195d000 r--p 001d4000 08:01 35134456                   /usr/lib/x86_64-linux-gnu/libavformat-ffmpeg.so.56.40.101
7fea9195d000-7fea91972000 rw-p 001e8000 08:01 35134456                   /usr/lib/x86_64-linux-gnu/libavformat-ffmpeg.so.56.40.101
7fea91972000-7fea9249c000 r-xp 00000000 08:01 35134432                   /usr/lib/x86_64-linux-gnu/libavcodec-ffmpeg.so.56.60.100
7fea9249c000-7fea9269b000 ---p 00b2a000 08:01 35134432                   /usr/lib/x86_64-linux-gnu/libavcodec-ffmpeg.so.56.60.100
7fea9269b000-7fea926c6000 r--p 00b29000 08:01 35134432                   /usr/lib/x86_64-linux-gnu/libavcodec-ffmpeg.so.56.60.100
7fea926c6000-7fea926e9000 rw-p 00b54000 08:01 35134432                   /usr/lib/x86_64-linux-gnu/libavcodec-ffmpeg.so.56.60.100
7fea926e9000-7fea92d9c000 rw-p 00000000 00:00 0 
7fea92d9c000-7fea92da1000 r-xp 00000000 08:01 35134590                   /usr/lib/x86_64-linux-gnu/libv4l1.so.0.0.0
7fea92da1000-7fea92fa0000 ---p 00005000 08:01 35134590                   /usr/lib/x86_64-linux-gnu/libv4l1.so.0.0.0
7fea92fa0000-7fea92fa1000 r--p 00004000 08:01 35134590                   /usr/lib/x86_64-linux-gnu/libv4l1.so.0.0.0
7fea92fa1000-7fea92fa2000 rw-p 00005000 08:01 35134590                   /usr/lib/x86_64-linux-gnu/libv4l1.so.0.0.0
7fea92fa2000-7fea92fd7000 r-xp 00000000 08:01 35134571                   /usr/lib/x86_64-linux-gnu/libdc1394.so.22.1.11
7fea92fd7000-7fea931d6000 ---p 00035000 08:01 35134571                   /usr/lib/x86_64-linux-gnu/libdc1394.so.22.1.11
7fea931d6000-7fea931d7000 r--p 00034000 08:01 35134571                   /usr/lib/x86_64-linux-gnu/libdc1394.so.22.1.11
7fea931d7000-7fea931d8000 rw-p 00035000 08:01 35134571                   /usr/lib/x86_64-linux-gnu/libdc1394.so.22.1.11
7fea931d8000-7fea93218000 rw-p 00000000 00:00 0 
7fea93218000-7fea93275000 r-xp 00000000 08:01 35134579                   /usr/lib/x86_64-linux-gnu/libgdkglext-x11-1.0.so.0.0.0
7fea93275000-7fea93474000 ---p 0005d000 08:01 35134579                   /usr/lib/x86_64-linux-gnu/libgdkglext-x11-1.0.so.0.0.0
7fea93474000-7fea93476000 r--p 0005c000 08:01 35134579                   /usr/lib/x86_64-linux-gnu/libgdkglext-x11-1.0.so.0.0.0
7fea93476000-7fea9347c000 rw-p 0005e000 08:01 35134579                   /usr/lib/x86_64-linux-gnu/libgdkglext-x11-1.0.so.0.0.0
7fea9347c000-7fea9347f000 r-xp 00000000 08:01 35134580                   /usr/lib/x86_64-linux-gnu/libgtkglext-x11-1.0.so.0.0.0
7fea9347f000-7fea9367e000 ---p 00003000 08:01 35134580                   /usr/lib/x86_64-linux-gnu/libgtkglext-x11-1.0.so.0.0.0
7fea9367e000-7fea9367f000 r--p 00002000 08:01 35134580                   /usr/lib/x86_64-linux-gnu/libgtkglext-x11-1.0.so.0.0.0
7fea9367f000-7fea93680000 rw-p 00003000 08:01 35134580                   /usr/lib/x86_64-linux-gnu/libgtkglext-x11-1.0.so.0.0.0
7fea93680000-7fea9378e000 r-xp 00000000 08:01 3674052                    /lib/x86_64-linux-gnu/libglib-2.0.so.0.4800.0
7fea9378e000-7fea9398e000 ---p 0010e000 08:01 3674052                    /lib/x86_64-linux-gnu/libglib-2.0.so.0.4800.0
7fea9398e000-7fea9398f000 r--p 0010e000 08:01 3674052                    /lib/x86_64-linux-gnu/libglib-2.0.so.0.4800.0
7fea9398f000-7fea93990000 rw-p 0010f000 08:01 3674052                    /lib/x86_64-linux-gnu/libglib-2.0.so.0.4800.0
7fea93990000-7fea93991000 rw-p 00000000 00:00 0 
7fea93991000-7fea939e3000 r-xp 00000000 08:01 35132254                   /usr/lib/x86_64-linux-gnu/libgobject-2.0.so.0.4800.0
7fea939e3000-7fea93be2000 ---p 00052000 08:01 35132254                   /usr/lib/x86_64-linux-gnu/libgobject-2.0.so.0.4800.0
7fea93be2000-7fea93be3000 r--p 00051000 08:01 35132254                   /usr/lib/x86_64-linux-gnu/libgobject-2.0.so.0.4800.0
7fea93be3000-7fea93be4000 rw-p 00052000 08:01 35132254                   /usr/lib/x86_64-linux-gnu/libgobject-2.0.so.0.4800.0
7fea93be4000-7fea93c94000 r-xp 00000000 08:01 35134316                   /usr/lib/x86_64-linux-gnu/libgdk-x11-2.0.so.0.2400.30
7fea93c94000-7fea93e93000 ---p 000b0000 08:01 35134316                   /usr/lib/x86_64-linux-gnu/libgdk-x11-2.0.so.0.2400.30
7fea93e93000-7fea93e97000 r--p 000af000 08:01 35134316                   /usr/lib/x86_64-linux-gnu/libgdk-x11-2.0.so.0.2400.30
7fea93e97000-7fea93e99000 rw-p 000b3000 08:01 35134316                   /usr/lib/x86_64-linux-gnu/libgdk-x11-2.0.so.0.2400.30
7fea93e99000-7fea942d7000 r-xp 00000000 08:01 35134317                   /usr/lib/x86_64-linux-gnu/libgtk-x11-2.0.so.0.2400.30
7fea942d7000-7fea944d6000 ---p 0043e000 08:01 35134317                   /usr/lib/x86_64-linux-gnu/libgtk-x11-2.0.so.0.2400.30
7fea944d6000-7fea944dd000 r--p 0043d000 08:01 35134317                   /usr/lib/x86_64-linux-gnu/libgtk-x11-2.0.so.0.2400.30
7fea944dd000-7fea944e1000 rw-p 00444000 08:01 35134317                   /usr/lib/x86_64-linux-gnu/libgtk-x11-2.0.so.0.2400.30
7fea944e1000-7fea944e4000 rw-p 00000000 00:00 0 
7fea944e4000-7fea94526000 r-xp 00000000 08:01 35133674                   /usr/lib/x86_64-linux-gnu/libHalf.so.12.0.0
7fea94526000-7fea94725000 ---p 00042000 08:01 35133674                   /usr/lib/x86_64-linux-gnu/libHalf.so.12.0.0
7fea94725000-7fea94726000 r--p 00041000 08:01 35133674                   /usr/lib/x86_64-linux-gnu/libHalf.so.12.0.0
7fea94726000-7fea94727000 rw-p 00042000 08:01 35133674                   /usr/lib/x86_64-linux-gnu/libHalf.so.12.0.0
7fea94727000-7fea948f1000 r-xp 00000000 08:01 35133687                   /usr/lib/x86_64-linux-gnu/libIlmImf-2_2.so.22.0.0
7fea948f1000-7fea94af0000 ---p 001ca000 08:01 35133687                   /usr/lib/x86_64-linux-gnu/libIlmImf-2_2.so.22.0.0
7fea94af0000-7fea94af3000 r--p 001c9000 08:01 35133687                   /usr/lib/x86_64-linux-gnu/libIlmImf-2_2.so.22.0.0
7fea94af3000-7fea94bf4000 rw-p 001cc000 08:01 35133687                   /usr/lib/x86_64-linux-gnu/libIlmImf-2_2.so.22.0.0
7fea94bf4000-7fea94bf5000 rw-p 00000000 00:00 0 
7fea94bf5000-7fea94c41000 r-xp 00000000 08:01 35134583                   /usr/lib/x86_64-linux-gnu/libjasper.so.1.0.0
7fea94c41000-7fea94e40000 ---p 0004c000 08:01 35134583                   /usr/lib/x86_64-linux-gnu/libjasper.so.1.0.0
7fea94e40000-7fea94e41000 r--p 0004b000 08:01 35134583                   /usr/lib/x86_64-linux-gnu/libjasper.so.1.0.0
7fea94e41000-7fea94e45000 rw-p 0004c000 08:01 35134583                   /usr/lib/x86_64-linux-gnu/libjasper.so.1.0.0
7fea94e45000-7fea94e4c000 rw-p 00000000 00:00 0 
7fea94e4c000-7fea94ebb000 r-xp 00000000 08:01 35134282                   /usr/lib/x86_64-linux-gnu/libtiff.so.5.2.4
7fea94ebb000-7fea950bb000 ---p 0006f000 08:01 35134282                   /usr/lib/x86_64-linux-gnu/libtiff.so.5.2.4
7fea950bb000-7fea950bc000 r--p 0006f000 08:01 35134282                   /usr/lib/x86_64-linux-gnu/libtiff.so.5.2.4
7fea950bc000-7fea950bf000 rw-p 00070000 08:01 35134282                   /usr/lib/x86_64-linux-gnu/libtiff.so.5.2.4
7fea950bf000-7fea950e3000 r-xp 00000000 08:01 3670602                    /lib/x86_64-linux-gnu/libpng12.so.0.54.0
7fea950e3000-7fea952e2000 ---p 00024000 08:01 3670602                    /lib/x86_64-linux-gnu/libpng12.so.0.54.0
7fea952e2000-7fea952e3000 r--p 00023000 08:01 3670602                    /lib/x86_64-linux-gnu/libpng12.so.0.54.0
7fea952e3000-7fea952e4000 rw-p 00024000 08:01 3670602                    /lib/x86_64-linux-gnu/libpng12.so.0.54.0
7fea952e4000-7fea9533b000 r-xp 00000000 08:01 35133668                   /usr/lib/x86_64-linux-gnu/libjpeg.so.8.0.2
7fea9533b000-7fea9553b000 ---p 00057000 08:01 35133668                   /usr/lib/x86_64-linux-gnu/libjpeg.so.8.0.2
7fea9553b000-7fea9553c000 r--p 00057000 08:01 35133668                   /usr/lib/x86_64-linux-gnu/libjpeg.so.8.0.2
7fea9553c000-7fea9553d000 rw-p 00058000 08:01 35133668                   /usr/lib/x86_64-linux-gnu/libjpeg.so.8.0.2
7fea9553d000-7fea955aa000 r-xp 00000000 08:01 37225348                   /usr/lib/x86_64-linux-gnu/mesa/libGL.so.1.2.0
7fea955aa000-7fea957a9000 ---p 0006d000 08:01 37225348                   /usr/lib/x86_64-linux-gnu/mesa/libGL.so.1.2.0
7fea957a9000-7fea957ac000 r--p 0006c000 08:01 37225348                   /usr/lib/x86_64-linux-gnu/mesa/libGL.so.1.2.0
7fea957ac000-7fea957ad000 rw-p 0006f000 08:01 37225348                   /usr/lib/x86_64-linux-gnu/mesa/libGL.so.1.2.0
7fea957ad000-7fea957ae000 rw-p 00000000 00:00 0 
7fea957ae000-7fea957cf000 r-xp 00000000 08:01 35133993                   /usr/lib/x86_64-linux-gnu/libgomp.so.1.0.0
7fea957cf000-7fea959ce000 ---p 00021000 08:01 35133993                   /usr/lib/x86_64-linux-gnu/libgomp.so.1.0.0
7fea959ce000-7fea959cf000 r--p 00020000 08:01 35133993                   /usr/lib/x86_64-linux-gnu/libgomp.so.1.0.0
7fea959cf000-7fea959d0000 rw-p 00021000 08:01 35133993                   /usr/lib/x86_64-linux-gnu/libgomp.so.1.0.0
7fea959d0000-7fea95ad8000 r-xp 00000000 08:01 3670561                    /lib/x86_64-linux-gnu/libm-2.23.so
7fea95ad8000-7fea95cd7000 ---p 00108000 08:01 3670561                    /lib/x86_64-linux-gnu/libm-2.23.so
7fea95cd7000-7fea95cd8000 r--p 00107000 08:01 3670561                    /lib/x86_64-linux-gnu/libm-2.23.so
7fea95cd8000-7fea95cd9000 rw-p 00108000 08:01 3670561                    /lib/x86_64-linux-gnu/libm-2.23.so
7fea95cd9000-7fea95ef6000 r-xp 00000000 08:01 35134549                   /usr/lib/x86_64-linux-gnu/libopencv_core.so.2.4.9
7fea95ef6000-7fea960f6000 ---p 0021d000 08:01 35134549                   /usr/lib/x86_64-linux-gnu/libopencv_core.so.2.4.9
7fea960f6000-7fea960fa000 r--p 0021d000 08:01 35134549                   /usr/lib/x86_64-linux-gnu/libopencv_core.so.2.4.9
7fea960fa000-7fea96101000 rw-p 00221000 08:01 35134549                   /usr/lib/x86_64-linux-gnu/libopencv_core.so.2.4.9
7fea96101000-7fea96103000 rw-p 00000000 00:00 0 
7fea96103000-7fea962f3000 r-xp 00000000 08:01 35134553                   /usr/lib/x86_64-linux-gnu/libopencv_imgproc.so.2.4.9
7fea962f3000-7fea964f2000 ---p 001f0000 08:01 35134553                   /usr/lib/x86_64-linux-gnu/libopencv_imgproc.so.2.4.9
7fea964f2000-7fea964f8000 r--p 001ef000 08:01 35134553                   /usr/lib/x86_64-linux-gnu/libopencv_imgproc.so.2.4.9
7fea964f8000-7fea964f9000 rw-p 001f5000 08:01 35134553                   /usr/lib/x86_64-linux-gnu/libopencv_imgproc.so.2.4.9
7fea964f9000-7fea9658e000 rw-p 00000000 00:00 0 
7fea9658e000-7fea965d4000 r-xp 00000000 08:01 35134593                   /usr/lib/x86_64-linux-gnu/libopencv_highgui.so.2.4.9
7fea965d4000-7fea967d3000 ---p 00046000 08:01 35134593                   /usr/lib/x86_64-linux-gnu/libopencv_highgui.so.2.4.9
7fea967d3000-7fea967d6000 r--p 00045000 08:01 35134593                   /usr/lib/x86_64-linux-gnu/libopencv_highgui.so.2.4.9
7fea967d6000-7fea967d7000 rw-p 00048000 08:01 35134593                   /usr/lib/x86_64-linux-gnu/libopencv_highgui.so.2.4.9
7fea967d7000-7fea96997000 r-xp 00000000 08:01 3670520                    /lib/x86_64-linux-gnu/libc-2.23.so
7fea96997000-7fea96b96000 ---p 001c0000 08:01 3670520                    /lib/x86_64-linux-gnu/libc-2.23.so
7fea96b96000-7fea96b9a000 r--p 001bf000 08:01 3670520                    /lib/x86_64-linux-gnu/libc-2.23.so
7fea96b9a000-7fea96b9c000 rw-p 001c3000 08:01 3670520                    /lib/x86_64-linux-gnu/libc-2.23.so
7fea96b9c000-7fea96ba0000 rw-p 00000000 00:00 0 
7fea96ba0000-7fea96bb8000 r-xp 00000000 08:01 3670607                    /lib/x86_64-linux-gnu/libpthread-2.23.so
7fea96bb8000-7fea96db7000 ---p 00018000 08:01 3670607                    /lib/x86_64-linux-gnu/libpthread-2.23.so
7fea96db7000-7fea96db8000 r--p 00017000 08:01 3670607                    /lib/x86_64-linux-gnu/libpthread-2.23.so
7fea96db8000-7fea96db9000 rw-p 00018000 08:01 3670607                    /lib/x86_64-linux-gnu/libpthread-2.23.so
7fea96db9000-7fea96dbd000 rw-p 00000000 00:00 0 
7fea96dbd000-7fea96dd3000 r-xp 00000000 08:01 3670546                    /lib/x86_64-linux-gnu/libgcc_s.so.1
7fea96dd3000-7fea96fd2000 ---p 00016000 08:01 3670546                    /lib/x86_64-linux-gnu/libgcc_s.so.1
7fea96fd2000-7fea96fd3000 rw-p 00015000 08:01 3670546                    /lib/x86_64-linux-gnu/libgcc_s.so.1
7fea96fd3000-7fea97145000 r-xp 00000000 08:01 35131430                   /usr/lib/x86_64-linux-gnu/libstdc++.so.6.0.21
7fea97145000-7fea97345000 ---p 00172000 08:01 35131430                   /usr/lib/x86_64-linux-gnu/libstdc++.so.6.0.21
7fea97345000-7fea9734f000 r--p 00172000 08:01 35131430                   /usr/lib/x86_64-linux-gnu/libstdc++.so.6.0.21
7fea9734f000-7fea97351000 rw-p 0017c000 08:01 35131430                   /usr/lib/x86_64-linux-gnu/libstdc++.so.6.0.21
7fea97351000-7fea97355000 rw-p 00000000 00:00 0 
7fea97355000-7fea9739d000 r-xp 00000000 00:2a 657865                     /home/sebastian/raytracing/build/DocOpt/libdocopt.so
7fea9739d000-7fea9759c000 ---p 00048000 00:2a 657865                     /home/sebastian/raytracing/build/DocOpt/libdocopt.so
7fea9759c000-7fea9759e000 r--p 00047000 00:2a 657865                     /home/sebastian/raytracing/build/DocOpt/libdocopt.so
7fea9759e000-7fea9759f000 rw-p 00049000 00:2a 657865                     /home/sebastian/raytracing/build/DocOpt/libdocopt.so
7fea9759f000-7fea976df000 r-xp 00000000 00:2a 54001821                   /home/sebastian/raytracing/build/libmct.so
7fea976df000-7fea978de000 ---p 00140000 00:2a 54001821                   /home/sebastian/raytracing/build/libmct.so
7fea978de000-7fea978e1000 r--p 0013f000 00:2a 54001821                   /home/sebastian/raytracing/build/libmct.so
7fea978e1000-7fea978e4000 rw-p 00142000 00:2a 54001821                   /home/sebastian/raytracing/build/libmct.so
7fea978e4000-7fea978f4000 rw-p 00000000 00:00 0 
7fea978f4000-7fea9791a000 r-xp 00000000 08:01 3670496                    /lib/x86_64-linux-gnu/ld-2.23.so
7fea97aa8000-7fea97ac2000 rw-p 00000000 00:00 0 
7fea97ac2000-7fea97ae0000 r-xp 00000000 08:01 3670633                    /lib/x86_64-linux-gnu/libudev.so.1.6.4
7fea97ae0000-7fea97ae1000 r--p 0001d000 08:01 3670633                    /lib/x86_64-linux-gnu/libudev.so.1.6.4
7fea97ae1000-7fea97ae2000 rw-p 0001e000 08:01 3670633                    /lib/x86_64-linux-gnu/libudev.so.1.6.4
7fea97ae2000-7fea97b0b000 rw-p 00000000 00:00 0 
7fea97b15000-7fea97b19000 rw-p 00000000 00:00 0 
7fea97b19000-7fea97b1a000 r--p 00025000 08:01 3670496                    /lib/x86_64-linux-gnu/ld-2.23.so
7fea97b1a000-7fea97b1b000 rw-p 00026000 08:01 3670496                    /lib/x86_64-linux-gnu/ld-2.23.so
7fea97b1b000-7fea97b1c000 rw-p 00000000 00:00 0 
7ffc9005a000-7ffc9009c000 rw-p 00000000 00:00 0                          [stack]
7ffc901d0000-7ffc901d2000 r--p 00000000 00:00 0                          [vvar]
7ffc901d2000-7ffc901d4000 r-xp 00000000 00:00 0                          [vdso]
ffffffffff600000-ffffffffff601000 r-xp 00000000 00:00 0                  [vsyscall]
